<?xml version="1.0" encoding="utf-8"?>
<TestRun id="0f5720ed-ee90-48b8-a61d-2a06d18d336e" name="@fv-az2210-123 2025-06-06 19:28:30" xmlns="http://microsoft.com/schemas/VisualStudio/TeamTest/2010">
  <Times creation="2025-06-06T19:28:30.9493650+00:00" queuing="2025-06-06T19:28:30.9493652+00:00" start="2025-06-06T19:28:27.4707170+00:00" finish="2025-06-06T19:28:34.2805675+00:00" />
  <TestSettings name="default" id="af3830b7-5157-4d20-8e89-a237660d42fe">
    <Deployment runDeploymentRoot="_fv-az2210-123_2025-06-06_19_28_30" />
  </TestSettings>
  <Results>
    <UnitTestResult executionId="bb7c52f0-01f0-4310-9f02-7df24a0e8069" testId="149c5c6a-9213-d346-b063-4b02fde27136" testName="MSP430.Emulator.Tests.Instructions.Arithmetic.IncInstructionTests.ToString_VariousAddressingModes_FormatsCorrectly(register: CG1, mode: Indirect, expectedOperand: &quot;@R3&quot;)" computerName="fv-az2210-123" duration="00:00:00.0000090" startTime="2025-06-06T19:28:33.6482113+00:00" endTime="2025-06-06T19:28:33.6485319+00:00" testType="13cdc9d9-ddb5-4fa4-a97d-d965ccfc6d4b" outcome="Passed" testListId="8c84fa94-04c1-424b-9868-57a2d4851a1d" relativeResultsDirectory="bb7c52f0-01f0-4310-9f02-7df24a0e8069" />
    <UnitTestResult executionId="3ed5d64e-c296-4ead-a777-ca37f9512c06" testId="7c37e7de-36e3-f3fa-5f07-0a4e54040212" testName="MSP430.Emulator.Tests.Memory.MemoryAccessValidatorTests.IsAccessValid_VariousScenarios_ReturnsExpectedResult(address: 0, accessType: Read, expected: True)" computerName="fv-az2210-123" duration="00:00:00.0128661" startTime="2025-06-06T19:28:30.9801567+00:00" endTime="2025-06-06T19:28:30.9811096+00:00" testType="13cdc9d9-ddb5-4fa4-a97d-d965ccfc6d4b" outcome="Passed" testListId="8c84fa94-04c1-424b-9868-57a2d4851a1d" relativeResultsDirectory="3ed5d64e-c296-4ead-a777-ca37f9512c06" />
    <UnitTestResult executionId="f641127f-176c-4d02-a7bd-67bec0b78366" testId="e4e764ce-c8ce-ac4d-ee25-8bc9b0cf6ac1" testName="MSP430.Emulator.Tests.Memory.InformationMemoryTests.GetSegmentInfo_ReturnsCorrectSegmentInfo(segment: SegmentA, expectedStart: 6528, expectedEnd: 6655, expectedProtection: True)" computerName="fv-az2210-123" duration="00:00:00.0003314" startTime="2025-06-06T19:28:33.3558911+00:00" endTime="2025-06-06T19:28:33.3560109+00:00" testType="13cdc9d9-ddb5-4fa4-a97d-d965ccfc6d4b" outcome="Passed" testListId="8c84fa94-04c1-424b-9868-57a2d4851a1d" relativeResultsDirectory="f641127f-176c-4d02-a7bd-67bec0b78366" />
    <UnitTestResult executionId="e1f629db-d7c9-4071-8869-de4acad2dfac" testId="38f9220e-ae81-1077-e951-7be619639b9c" testName="MSP430.Emulator.Tests.Memory.FlashControllerTests.TryUnlock_ValidKey_ReturnsTrue(validKey: 42240)" computerName="fv-az2210-123" duration="00:00:00.0000134" startTime="2025-06-06T19:28:33.3229900+00:00" endTime="2025-06-06T19:28:33.3231062+00:00" testType="13cdc9d9-ddb5-4fa4-a97d-d965ccfc6d4b" outcome="Passed" testListId="8c84fa94-04c1-424b-9868-57a2d4851a1d" relativeResultsDirectory="e1f629db-d7c9-4071-8869-de4acad2dfac" />
    <UnitTestResult executionId="8ce1b91b-a022-4aef-9fd4-c2a2d3183926" testId="b40280a1-df30-03e9-f313-b1212196ef7e" testName="MSP430.Emulator.Tests.Memory.RandomAccessMemoryTests.IsRangeInBounds_VariousRanges_ReturnsExpectedResult(startAddress: 8191, length: 1, expected: False)" computerName="fv-az2210-123" duration="00:00:00.0003422" startTime="2025-06-06T19:28:33.8708857+00:00" endTime="2025-06-06T19:28:33.8709291+00:00" testType="13cdc9d9-ddb5-4fa4-a97d-d965ccfc6d4b" outcome="Passed" testListId="8c84fa94-04c1-424b-9868-57a2d4851a1d" relativeResultsDirectory="8ce1b91b-a022-4aef-9fd4-c2a2d3183926" />
    <UnitTestResult executionId="f8049bba-bba7-4bcf-a786-31ed9ef15136" testId="5989fd63-245c-ca66-b86d-2c2d3d7cec44" testName="MSP430.Emulator.Tests.Instructions.Arithmetic.CmpInstructionTests.AddressingModes_AllSupportedModes_ReturnCorrectValues(mode: Register)" computerName="fv-az2210-123" duration="00:00:00.0000100" startTime="2025-06-06T19:28:33.7665332+00:00" endTime="2025-06-06T19:28:33.7666042+00:00" testType="13cdc9d9-ddb5-4fa4-a97d-d965ccfc6d4b" outcome="Passed" testListId="8c84fa94-04c1-424b-9868-57a2d4851a1d" relativeResultsDirectory="f8049bba-bba7-4bcf-a786-31ed9ef15136" />
    <UnitTestResult executionId="68ed1dbb-5110-4ec0-a5db-ecc5e3dd0d4e" testId="0f5e4325-1a3c-63ce-399b-154cc1a01f77" testName="MSP430.Emulator.Tests.Instructions.InstructionDecoderTests.GetInstructionFormat_FormatIII_ReturnsFormatIII(instructionWord: 10240)" computerName="fv-az2210-123" duration="00:00:00.0000033" startTime="2025-06-06T19:28:33.8308312+00:00" endTime="2025-06-06T19:28:33.8309013+00:00" testType="13cdc9d9-ddb5-4fa4-a97d-d965ccfc6d4b" outcome="Passed" testListId="8c84fa94-04c1-424b-9868-57a2d4851a1d" relativeResultsDirectory="68ed1dbb-5110-4ec0-a5db-ecc5e3dd0d4e" />
    <UnitTestResult executionId="0ec6d000-1d22-4e1c-bed7-1158b80f20ea" testId="56b74728-a9bc-82cb-4c11-0d03fdf8721d" testName="MSP430.Emulator.Tests.Memory.MemoryControllerTests.ReadByte_InvalidAddress_ThrowsMemoryAccessException(address: 6656)" computerName="fv-az2210-123" duration="00:00:00.0054225" startTime="2025-06-06T19:28:33.9137506+00:00" endTime="2025-06-06T19:28:33.9137910+00:00" testType="13cdc9d9-ddb5-4fa4-a97d-d965ccfc6d4b" outcome="Passed" testListId="8c84fa94-04c1-424b-9868-57a2d4851a1d" relativeResultsDirectory="0ec6d000-1d22-4e1c-bed7-1158b80f20ea" />
    <UnitTestResult executionId="ae5590c0-aa0b-4871-bac9-635f493d60bc" testId="cffc429e-9850-1bfc-c4c4-de92739d089b" testName="MSP430.Emulator.Tests.Instructions.Arithmetic.AddInstructionTests.AddressingModes_AllSupportedModes_ReturnCorrectValues(mode: Absolute)" computerName="fv-az2210-123" duration="00:00:00.0000127" startTime="2025-06-06T19:28:33.8571582+00:00" endTime="2025-06-06T19:28:33.8572050+00:00" testType="13cdc9d9-ddb5-4fa4-a97d-d965ccfc6d4b" outcome="Passed" testListId="8c84fa94-04c1-424b-9868-57a2d4851a1d" relativeResultsDirectory="ae5590c0-aa0b-4871-bac9-635f493d60bc" />
    <UnitTestResult executionId="36d4e3c2-ba25-4a7f-9655-ab85d9ad6600" testId="7189ecde-4949-9670-72ae-b966596801fd" testName="MSP430.Emulator.Tests.Configuration.EmulatorConfigTests.SaveToFile_CreatesDirectoryIfNotExists" computerName="fv-az2210-123" duration="00:00:00.0054913" startTime="2025-06-06T19:28:33.5059341+00:00" endTime="2025-06-06T19:28:33.5290593+00:00" testType="13cdc9d9-ddb5-4fa4-a97d-d965ccfc6d4b" outcome="Passed" testListId="8c84fa94-04c1-424b-9868-57a2d4851a1d" relativeResultsDirectory="36d4e3c2-ba25-4a7f-9655-ab85d9ad6600" />
    <UnitTestResult executionId="87ce9fda-ee72-4268-a083-a8e77454d851" testId="7844863d-f4de-eb6c-7dbc-80d4d06cc436" testName="MSP430.Emulator.Tests.Memory.FlashMemoryTests.ReadWord_UnalignedAddress_ThrowsArgumentException(unalignedAddress: 32769)" computerName="fv-az2210-123" duration="00:00:00.0002993" startTime="2025-06-06T19:28:33.7884018+00:00" endTime="2025-06-06T19:28:33.7885245+00:00" testType="13cdc9d9-ddb5-4fa4-a97d-d965ccfc6d4b" outcome="Passed" testListId="8c84fa94-04c1-424b-9868-57a2d4851a1d" relativeResultsDirectory="87ce9fda-ee72-4268-a083-a8e77454d851" />
    <UnitTestResult executionId="520b280b-8b71-4ccc-a08f-5a308d116c4e" testId="f2a42d31-2d3c-6924-7fb3-ad9a300f0776" testName="MSP430.Emulator.Tests.Memory.MemoryControllerTests.IsAccessAllowed_ValidAccess_ReturnsTrue(address: 8192, accessType: Read)" computerName="fv-az2210-123" duration="00:00:00.0032736" startTime="2025-06-06T19:28:33.9086180+00:00" endTime="2025-06-06T19:28:33.9086578+00:00" testType="13cdc9d9-ddb5-4fa4-a97d-d965ccfc6d4b" outcome="Passed" testListId="8c84fa94-04c1-424b-9868-57a2d4851a1d" relativeResultsDirectory="520b280b-8b71-4ccc-a08f-5a308d116c4e" />
    <UnitTestResult executionId="94836ad1-ca1a-44fd-a13b-f4bbdb4a8d4b" testId="b2b7a26e-47bf-63f0-33b1-f14a15ff3eb2" testName="MSP430.Emulator.Tests.Memory.MemoryAccessValidatorTests.IsAccessValid_VariousScenarios_ReturnsExpectedResult(address: 0, accessType: Write, expected: True)" computerName="fv-az2210-123" duration="00:00:00.0062287" startTime="2025-06-06T19:28:30.9674498+00:00" endTime="2025-06-06T19:28:30.9692703+00:00" testType="13cdc9d9-ddb5-4fa4-a97d-d965ccfc6d4b" outcome="Passed" testListId="8c84fa94-04c1-424b-9868-57a2d4851a1d" relativeResultsDirectory="94836ad1-ca1a-44fd-a13b-f4bbdb4a8d4b" />
    <UnitTestResult executionId="0b6455de-e2d8-47a5-9343-402b53fa4af0" testId="2bae9fa0-bdb3-021d-8311-3279d349a6f0" testName="MSP430.Emulator.Tests.Instructions.Arithmetic.IncInstructionTests.Format_IsFormatI" computerName="fv-az2210-123" duration="00:00:00.0001353" startTime="2025-06-06T19:28:33.6551353+00:00" endTime="2025-06-06T19:28:33.6556455+00:00" testType="13cdc9d9-ddb5-4fa4-a97d-d965ccfc6d4b" outcome="Passed" testListId="8c84fa94-04c1-424b-9868-57a2d4851a1d" relativeResultsDirectory="0b6455de-e2d8-47a5-9343-402b53fa4af0" />
    <UnitTestResult executionId="5fa8e79b-f7dd-44e0-bd81-fc331f24dc9c" testId="da531414-7ff9-2ad6-049f-5890ddd7e8f3" testName="MSP430.Emulator.Tests.Memory.MemoryControllerTests.Constructor_NullMemoryMap_ThrowsArgumentNullException" computerName="fv-az2210-123" duration="00:00:00.0022005" startTime="2025-06-06T19:28:33.9250761+00:00" endTime="2025-06-06T19:28:33.9251177+00:00" testType="13cdc9d9-ddb5-4fa4-a97d-d965ccfc6d4b" outcome="Passed" testListId="8c84fa94-04c1-424b-9868-57a2d4851a1d" relativeResultsDirectory="5fa8e79b-f7dd-44e0-bd81-fc331f24dc9c" />
    <UnitTestResult executionId="a4ff8fdf-2f16-4148-a2e5-44b25f188e5e" testId="498d11f3-51c3-6c65-aeb8-10a4edf6d6be" testName="MSP430.Emulator.Tests.Instructions.Arithmetic.IncInstructionTests.AddressingModes_AllSupportedModes_ReturnCorrectValues(mode: Symbolic)" computerName="fv-az2210-123" duration="00:00:00.0000103" startTime="2025-06-06T19:28:33.6167377+00:00" endTime="2025-06-06T19:28:33.6169047+00:00" testType="13cdc9d9-ddb5-4fa4-a97d-d965ccfc6d4b" outcome="Passed" testListId="8c84fa94-04c1-424b-9868-57a2d4851a1d" relativeResultsDirectory="a4ff8fdf-2f16-4148-a2e5-44b25f188e5e" />
    <UnitTestResult executionId="038326ff-fb24-4dd6-8859-4d280b5010f7" testId="10c7b5f6-8cc3-2800-1401-8f614f0f9a65" testName="MSP430.Emulator.Tests.Instructions.Logic.BisInstructionTests.SourceRegister_AllRegisters_ReturnsCorrectRegister(register: R4)" computerName="fv-az2210-123" duration="00:00:00.0003758" startTime="2025-06-06T19:28:33.7086011+00:00" endTime="2025-06-06T19:28:33.7086732+00:00" testType="13cdc9d9-ddb5-4fa4-a97d-d965ccfc6d4b" outcome="Passed" testListId="8c84fa94-04c1-424b-9868-57a2d4851a1d" relativeResultsDirectory="038326ff-fb24-4dd6-8859-4d280b5010f7" />
    <UnitTestResult executionId="6f9c8d38-e143-4319-8524-8887abfeda2e" testId="c8c944b8-f0fd-2add-6fba-cb0d56ff4a9b" testName="MSP430.Emulator.Tests.Instructions.Arithmetic.AddInstructionTests.Properties_VariousRegisters_ReturnCorrectValues(source: CG1, dest: R4)" computerName="fv-az2210-123" duration="00:00:00.0006992" startTime="2025-06-06T19:28:33.8596211+00:00" endTime="2025-06-06T19:28:33.8597247+00:00" testType="13cdc9d9-ddb5-4fa4-a97d-d965ccfc6d4b" outcome="Passed" testListId="8c84fa94-04c1-424b-9868-57a2d4851a1d" relativeResultsDirectory="6f9c8d38-e143-4319-8524-8887abfeda2e" />
    <UnitTestResult executionId="1f1eb795-277c-405b-89fc-d2827751b46e" testId="0e8f36dd-db09-402c-8eeb-52d1b20015b5" testName="MSP430.Emulator.Tests.Cpu.RegisterFileTests.WriteRegisterHighByte_ValidRegister_UpdatesHighByteOnly" computerName="fv-az2210-123" duration="00:00:00.0004489" startTime="2025-06-06T19:28:33.5338044+00:00" endTime="2025-06-06T19:28:33.5339016+00:00" testType="13cdc9d9-ddb5-4fa4-a97d-d965ccfc6d4b" outcome="Passed" testListId="8c84fa94-04c1-424b-9868-57a2d4851a1d" relativeResultsDirectory="1f1eb795-277c-405b-89fc-d2827751b46e" />
    <UnitTestResult executionId="950ef165-e3aa-444e-a145-3ff7acf9008b" testId="5d945ef5-7dbc-508c-8c05-565e5f5b2b8f" testName="MSP430.Emulator.Tests.Instructions.InstructionDecoderTests.IsValidInstruction_VariousInstructions_ReturnsExpectedResult(instructionWord: 0)" computerName="fv-az2210-123" duration="00:00:00.0002439" startTime="2025-06-06T19:28:33.8391713+00:00" endTime="2025-06-06T19:28:33.8400230+00:00" testType="13cdc9d9-ddb5-4fa4-a97d-d965ccfc6d4b" outcome="Passed" testListId="8c84fa94-04c1-424b-9868-57a2d4851a1d" relativeResultsDirectory="950ef165-e3aa-444e-a145-3ff7acf9008b" />
    <UnitTestResult executionId="3e8f3284-e88a-4ac9-b331-9cb1dc7d0172" testId="97d8142f-5ada-9a1b-5d96-41d9c26d022c" testName="MSP430.Emulator.Tests.Memory.InformationMemoryTests.GetSegment_InvalidAddresses_ThrowsArgumentOutOfRangeException(invalidAddress: 0)" computerName="fv-az2210-123" duration="00:00:00.0003636" startTime="2025-06-06T19:28:33.2408436+00:00" endTime="2025-06-06T19:28:33.2410388+00:00" testType="13cdc9d9-ddb5-4fa4-a97d-d965ccfc6d4b" outcome="Passed" testListId="8c84fa94-04c1-424b-9868-57a2d4851a1d" relativeResultsDirectory="3e8f3284-e88a-4ac9-b331-9cb1dc7d0172" />
    <UnitTestResult executionId="2a9d041f-c2a0-45a5-8afd-b3ce704e4d21" testId="2af90832-0d0d-5710-9309-7d66fc7e2707" testName="MSP430.Emulator.Tests.Instructions.Logic.AndInstructionTests.SourceRegister_AllRegisters_ReturnsCorrectRegister(register: R15)" computerName="fv-az2210-123" duration="00:00:00.0001864" startTime="2025-06-06T19:28:33.6910714+00:00" endTime="2025-06-06T19:28:33.6911431+00:00" testType="13cdc9d9-ddb5-4fa4-a97d-d965ccfc6d4b" outcome="Passed" testListId="8c84fa94-04c1-424b-9868-57a2d4851a1d" relativeResultsDirectory="2a9d041f-c2a0-45a5-8afd-b3ce704e4d21" />
    <UnitTestResult executionId="b9733d3d-cf74-4705-bab9-5dd76d208179" testId="62b4522d-2752-6858-c27d-86d7f890ac8f" testName="MSP430.Emulator.Tests.Instructions.Arithmetic.SubInstructionTests.Properties_VariousRegisters_ReturnCorrectValues(source: R5, dest: R6)" computerName="fv-az2210-123" duration="00:00:00.0000095" startTime="2025-06-06T19:28:33.6330182+00:00" endTime="2025-06-06T19:28:33.6330920+00:00" testType="13cdc9d9-ddb5-4fa4-a97d-d965ccfc6d4b" outcome="Passed" testListId="8c84fa94-04c1-424b-9868-57a2d4851a1d" relativeResultsDirectory="b9733d3d-cf74-4705-bab9-5dd76d208179" />
    <UnitTestResult executionId="eb82f9ed-0183-4b34-a448-4bf612fa14e6" testId="b948fc82-e146-0bf2-c8d2-d385f8ac4b20" testName="MSP430.Emulator.Tests.Instructions.InstructionDecoderTests.Decode_FormatIII_NegativeOffset_HandlesSignExtension" computerName="fv-az2210-123" duration="00:00:00.0001149" startTime="2025-06-06T19:28:33.8456723+00:00" endTime="2025-06-06T19:28:33.8466681+00:00" testType="13cdc9d9-ddb5-4fa4-a97d-d965ccfc6d4b" outcome="Passed" testListId="8c84fa94-04c1-424b-9868-57a2d4851a1d" relativeResultsDirectory="eb82f9ed-0183-4b34-a448-4bf612fa14e6" />
    <UnitTestResult executionId="9f26116a-cbab-4840-9138-bf2efb18e63c" testId="ac0cfcd3-5423-e2f7-5b77-9137904bfbc5" testName="MSP430.Emulator.Tests.Instructions.Arithmetic.DecInstructionTests.AddressingModes_AllSupportedModes_ReturnCorrectValues(mode: Symbolic)" computerName="fv-az2210-123" duration="00:00:00.0002085" startTime="2025-06-06T19:28:33.7464243+00:00" endTime="2025-06-06T19:28:33.7464977+00:00" testType="13cdc9d9-ddb5-4fa4-a97d-d965ccfc6d4b" outcome="Passed" testListId="8c84fa94-04c1-424b-9868-57a2d4851a1d" relativeResultsDirectory="9f26116a-cbab-4840-9138-bf2efb18e63c" />
    <UnitTestResult executionId="3d3d00c9-6ebe-42fd-be92-351ee0880148" testId="d441887a-a815-8b57-edb9-47d1bafd2c86" testName="MSP430.Emulator.Tests.Core.ExecutionStateTests.IsValidTransition_ReturnsExpectedResult(from: Running, to: Stopped, expected: True)" computerName="fv-az2210-123" duration="00:00:00.0001033" startTime="2025-06-06T19:28:33.6958315+00:00" endTime="2025-06-06T19:28:33.6959240+00:00" testType="13cdc9d9-ddb5-4fa4-a97d-d965ccfc6d4b" outcome="Passed" testListId="8c84fa94-04c1-424b-9868-57a2d4851a1d" relativeResultsDirectory="3d3d00c9-6ebe-42fd-be92-351ee0880148" />
    <UnitTestResult executionId="5ef7306e-54da-48a2-a9df-745a6ae37954" testId="56b2542a-da59-7efa-ebe9-7998dce5a236" testName="MSP430.Emulator.Tests.Memory.FlashControllerTests.StartProgramming_WhenWriteProtected_ReturnsFalse" computerName="fv-az2210-123" duration="00:00:00.0018860" startTime="2025-06-06T19:28:33.2964401+00:00" endTime="2025-06-06T19:28:33.3062513+00:00" testType="13cdc9d9-ddb5-4fa4-a97d-d965ccfc6d4b" outcome="Passed" testListId="8c84fa94-04c1-424b-9868-57a2d4851a1d" relativeResultsDirectory="5ef7306e-54da-48a2-a9df-745a6ae37954" />
    <UnitTestResult executionId="6a2650bd-1308-43c6-8a26-4245ad5da266" testId="8350e988-d3d5-5aa7-02df-6dd55b6fdddc" testName="MSP430.Emulator.Tests.Memory.InformationMemoryTests.Clear_WithMixedProtection_ClearsOnlyUnprotectedSegments" computerName="fv-az2210-123" duration="00:00:00.0004881" startTime="2025-06-06T19:28:33.3988223+00:00" endTime="2025-06-06T19:28:33.4026347+00:00" testType="13cdc9d9-ddb5-4fa4-a97d-d965ccfc6d4b" outcome="Passed" testListId="8c84fa94-04c1-424b-9868-57a2d4851a1d" relativeResultsDirectory="6a2650bd-1308-43c6-8a26-4245ad5da266" />
    <UnitTestResult executionId="31538958-a291-431f-b5bd-ca6611409c72" testId="3d90c9ec-9286-68bc-8550-65a8604ea2d1" testName="MSP430.Emulator.Tests.Cpu.RegisterFileTests.ReadRegisterHighByte_ValidRegister_ReturnsCorrectByte(register: R0, fullValue: 4660, expectedHighByte: 18)" computerName="fv-az2210-123" duration="00:00:00.0005006" startTime="2025-06-06T19:28:33.5346535+00:00" endTime="2025-06-06T19:28:33.5367001+00:00" testType="13cdc9d9-ddb5-4fa4-a97d-d965ccfc6d4b" outcome="Passed" testListId="8c84fa94-04c1-424b-9868-57a2d4851a1d" relativeResultsDirectory="31538958-a291-431f-b5bd-ca6611409c72" />
    <UnitTestResult executionId="fcfd35eb-32bc-49ff-b50e-e9102ad4ae2d" testId="aee6f55d-55ec-39bd-0678-e30fa8e18688" testName="MSP430.Emulator.Tests.Memory.MemoryControllerTests.WriteWord_ValidAddress_WritesSuccessfully(address: 8192, value: 4660)" computerName="fv-az2210-123" duration="00:00:00.0050701" startTime="2025-06-06T19:28:33.9171355+00:00" endTime="2025-06-06T19:28:33.9171774+00:00" testType="13cdc9d9-ddb5-4fa4-a97d-d965ccfc6d4b" outcome="Passed" testListId="8c84fa94-04c1-424b-9868-57a2d4851a1d" relativeResultsDirectory="fcfd35eb-32bc-49ff-b50e-e9102ad4ae2d" />
    <UnitTestResult executionId="f5fbbcf4-2086-4da8-a55d-79320d6b4f25" testId="24ff86c8-ab12-a223-69fc-51fd07bf8451" testName="MSP430.Emulator.Tests.Instructions.Arithmetic.IncInstructionTests.ExtensionWordCount_VariousAddressingModes_ReturnsCorrectCount(destMode: Absolute, expectedCount: 1)" computerName="fv-az2210-123" duration="00:00:00.0000059" startTime="2025-06-06T19:28:33.6312128+00:00" endTime="2025-06-06T19:28:33.6313451+00:00" testType="13cdc9d9-ddb5-4fa4-a97d-d965ccfc6d4b" outcome="Passed" testListId="8c84fa94-04c1-424b-9868-57a2d4851a1d" relativeResultsDirectory="f5fbbcf4-2086-4da8-a55d-79320d6b4f25" />
    <UnitTestResult executionId="0dcaed21-606b-42e4-b8d9-a7a6fe3a3cdf" testId="66d48da9-a7d1-f093-df72-3076f9a578af" testName="MSP430.Emulator.Tests.Cpu.StatusRegisterTests.Overflow_SetFlag_UpdatesValue" computerName="fv-az2210-123" duration="00:00:00.0001453" startTime="2025-06-06T19:28:33.1298615+00:00" endTime="2025-06-06T19:28:33.1300233+00:00" testType="13cdc9d9-ddb5-4fa4-a97d-d965ccfc6d4b" outcome="Passed" testListId="8c84fa94-04c1-424b-9868-57a2d4851a1d" relativeResultsDirectory="0dcaed21-606b-42e4-b8d9-a7a6fe3a3cdf" />
    <UnitTestResult executionId="cc757180-d621-4d6a-8850-a2aa4ce4acb6" testId="5dc2d7f3-5b73-2f33-8701-0ccf9e60d5f7" testName="MSP430.Emulator.Tests.Cpu.RegisterFileTests.ReadRegister_ValidRegister_ReturnsZeroAfterReset(register: R2)" computerName="fv-az2210-123" duration="00:00:00.0000171" startTime="2025-06-06T19:28:33.4911643+00:00" endTime="2025-06-06T19:28:33.4912429+00:00" testType="13cdc9d9-ddb5-4fa4-a97d-d965ccfc6d4b" outcome="Passed" testListId="8c84fa94-04c1-424b-9868-57a2d4851a1d" relativeResultsDirectory="cc757180-d621-4d6a-8850-a2aa4ce4acb6" />
    <UnitTestResult executionId="46a567cd-4e1b-4afd-b332-380a5112fcfa" testId="5e7b1a8b-adda-cef1-1069-a8fe2240a7b9" testName="MSP430.Emulator.Tests.Instructions.Arithmetic.AddInstructionTests.ExtensionWordCount_VariousAddressingModes_ReturnsCorrectCount(sourceMode: Immediate, destMode: Absolute, expectedCount: 2)" computerName="fv-az2210-123" duration="00:00:00.0002583" startTime="2025-06-06T19:28:33.8449319+00:00" endTime="2025-06-06T19:28:33.8457250+00:00" testType="13cdc9d9-ddb5-4fa4-a97d-d965ccfc6d4b" outcome="Passed" testListId="8c84fa94-04c1-424b-9868-57a2d4851a1d" relativeResultsDirectory="46a567cd-4e1b-4afd-b332-380a5112fcfa" />
    <UnitTestResult executionId="b1bcdd95-5c6c-4d1b-8666-a9c7080fc408" testId="f4aaa3d3-88b1-9e8d-0f89-43a3ea2a5803" testName="MSP430.Emulator.Tests.Memory.FlashControllerTests.StartMassErase_WhenUnlocked_ReturnsTrue" computerName="fv-az2210-123" duration="00:00:00.0006163" startTime="2025-06-06T19:28:33.3329983+00:00" endTime="2025-06-06T19:28:33.3347481+00:00" testType="13cdc9d9-ddb5-4fa4-a97d-d965ccfc6d4b" outcome="Passed" testListId="8c84fa94-04c1-424b-9868-57a2d4851a1d" relativeResultsDirectory="b1bcdd95-5c6c-4d1b-8666-a9c7080fc408" />
    <UnitTestResult executionId="bd623d7a-637c-4a3e-b199-8fd156917263" testId="bdf1d0db-6604-5908-9337-856408a88d8b" testName="MSP430.Emulator.Tests.Instructions.Logic.BisInstructionTests.ExtensionWordCount_VariousAddressingModes_ReturnsCorrectCount(sourceMode: Register, destMode: Absolute, expectedCount: 1)" computerName="fv-az2210-123" duration="00:00:00.0000066" startTime="2025-06-06T19:28:33.7252572+00:00" endTime="2025-06-06T19:28:33.7257855+00:00" testType="13cdc9d9-ddb5-4fa4-a97d-d965ccfc6d4b" outcome="Passed" testListId="8c84fa94-04c1-424b-9868-57a2d4851a1d" relativeResultsDirectory="bd623d7a-637c-4a3e-b199-8fd156917263" />
    <UnitTestResult executionId="1aaf9086-89f4-4a4f-9967-3be571eb9688" testId="8895d785-1ec0-8741-7fbe-5ee303110668" testName="MSP430.Emulator.Tests.Instructions.Arithmetic.CmpInstructionTests.Constructor_ValidParameters_CreatesInstruction" computerName="fv-az2210-123" duration="00:00:00.0003143" startTime="2025-06-06T19:28:33.7788676+00:00" endTime="2025-06-06T19:28:33.7790057+00:00" testType="13cdc9d9-ddb5-4fa4-a97d-d965ccfc6d4b" outcome="Passed" testListId="8c84fa94-04c1-424b-9868-57a2d4851a1d" relativeResultsDirectory="1aaf9086-89f4-4a4f-9967-3be571eb9688" />
    <UnitTestResult executionId="3dda439e-e10e-4013-8f7e-392e102cfa64" testId="52510288-4892-07c8-2611-dfcdb5e509f1" testName="MSP430.Emulator.Tests.Memory.RandomAccessMemoryTests.GetWriteCycles_AllAddresses_ReturnsConstantCycles(address: 8192, isWordAccess: False, expectedCycles: 1)" computerName="fv-az2210-123" duration="00:00:00.0000113" startTime="2025-06-06T19:28:33.8888561+00:00" endTime="2025-06-06T19:28:33.8889259+00:00" testType="13cdc9d9-ddb5-4fa4-a97d-d965ccfc6d4b" outcome="Passed" testListId="8c84fa94-04c1-424b-9868-57a2d4851a1d" relativeResultsDirectory="3dda439e-e10e-4013-8f7e-392e102cfa64" />
    <UnitTestResult executionId="248a666a-eecb-4f72-a0f3-c37e7c8935a7" testId="c55b2839-d3a5-3d69-bdfb-260c12676294" testName="MSP430.Emulator.Tests.Instructions.Arithmetic.CmpInstructionTests.Properties_VariousRegisters_ReturnCorrectValues(source: R0, dest: R1)" computerName="fv-az2210-123" duration="00:00:00.0001633" startTime="2025-06-06T19:28:33.7805190+00:00" endTime="2025-06-06T19:28:33.7806419+00:00" testType="13cdc9d9-ddb5-4fa4-a97d-d965ccfc6d4b" outcome="Passed" testListId="8c84fa94-04c1-424b-9868-57a2d4851a1d" relativeResultsDirectory="248a666a-eecb-4f72-a0f3-c37e7c8935a7" />
    <UnitTestResult executionId="69536b4e-562f-4831-b315-158d33da08e3" testId="c1400077-d653-042c-6faa-4758a0372b59" testName="MSP430.Emulator.Tests.Instructions.AddressingModeDecoderTests.GetConstantGeneratorValue_ValidAsBits_ReturnsCorrectConstant(asBits: 2, expected: 2)" computerName="fv-az2210-123" duration="00:00:00.0073070" startTime="2025-06-06T19:28:33.4339565+00:00" endTime="2025-06-06T19:28:33.4479017+00:00" testType="13cdc9d9-ddb5-4fa4-a97d-d965ccfc6d4b" outcome="Passed" testListId="8c84fa94-04c1-424b-9868-57a2d4851a1d" relativeResultsDirectory="69536b4e-562f-4831-b315-158d33da08e3" />
    <UnitTestResult executionId="b0ce04fa-18cc-4124-974d-be154452717c" testId="0cd53cc2-db24-36cb-89a7-66f387d202ce" testName="MSP430.Emulator.Tests.Instructions.Logic.XorInstructionTests.AddressingModes_AllSupportedModes_ReturnCorrectValues(mode: Symbolic)" computerName="fv-az2210-123" duration="00:00:00.0000140" startTime="2025-06-06T19:28:33.1811678+00:00" endTime="2025-06-06T19:28:33.1812696+00:00" testType="13cdc9d9-ddb5-4fa4-a97d-d965ccfc6d4b" outcome="Passed" testListId="8c84fa94-04c1-424b-9868-57a2d4851a1d" relativeResultsDirectory="b0ce04fa-18cc-4124-974d-be154452717c" />
    <UnitTestResult executionId="0b3f3acf-eb4a-419e-ad3b-9b4d36c70a20" testId="adbffbc1-88a0-295a-95c9-6dce2fe14ba4" testName="MSP430.Emulator.Tests.Instructions.InstructionDecoderTests.ExtractOpcode_FormatII_ReturnsCorrectOpcode(format: FormatII, instructionWord: 4608, expected: 18)" computerName="fv-az2210-123" duration="00:00:00.0003085" startTime="2025-06-06T19:28:33.8129464+00:00" endTime="2025-06-06T19:28:33.8129987+00:00" testType="13cdc9d9-ddb5-4fa4-a97d-d965ccfc6d4b" outcome="Passed" testListId="8c84fa94-04c1-424b-9868-57a2d4851a1d" relativeResultsDirectory="0b3f3acf-eb4a-419e-ad3b-9b4d36c70a20" />
    <UnitTestResult executionId="07dc04cb-37a9-49b2-90f9-49c1f80a9f94" testId="af14e751-e764-6abd-0ac6-b5bf06aee32c" testName="MSP430.Emulator.Tests.Memory.RandomAccessMemoryTests.Initialize_WithPattern_SetsAllBytesToPattern(pattern: 85)" computerName="fv-az2210-123" duration="00:00:00.0005890" startTime="2025-06-06T19:28:33.8819107+00:00" endTime="2025-06-06T19:28:33.8819530+00:00" testType="13cdc9d9-ddb5-4fa4-a97d-d965ccfc6d4b" outcome="Passed" testListId="8c84fa94-04c1-424b-9868-57a2d4851a1d" relativeResultsDirectory="07dc04cb-37a9-49b2-90f9-49c1f80a9f94" />
    <UnitTestResult executionId="4d3e615a-21ae-4d8b-8eff-ff4c0e448d0a" testId="20e5c086-cc7d-1705-24f4-ef66981a1636" testName="MSP430.Emulator.Tests.Core.ExecutionStateTests.IsValidTransition_ReturnsExpectedResult(from: SingleStep, to: Running, expected: True)" computerName="fv-az2210-123" duration="00:00:00.0000044" startTime="2025-06-06T19:28:33.7042126+00:00" endTime="2025-06-06T19:28:33.7042841+00:00" testType="13cdc9d9-ddb5-4fa4-a97d-d965ccfc6d4b" outcome="Passed" testListId="8c84fa94-04c1-424b-9868-57a2d4851a1d" relativeResultsDirectory="4d3e615a-21ae-4d8b-8eff-ff4c0e448d0a" />
    <UnitTestResult executionId="323e7da1-2409-41ca-b8eb-d1ffb2cdd319" testId="70208d33-2f2b-bf53-62e3-af83c6ec6731" testName="MSP430.Emulator.Tests.Memory.RandomAccessMemoryTests.GetReadCycles_AllAddresses_ReturnsConstantCycles(address: 8192, isWordAccess: False, expectedCycles: 1)" computerName="fv-az2210-123" duration="00:00:00.0033621" startTime="2025-06-06T19:28:33.8781493+00:00" endTime="2025-06-06T19:28:33.8787346+00:00" testType="13cdc9d9-ddb5-4fa4-a97d-d965ccfc6d4b" outcome="Passed" testListId="8c84fa94-04c1-424b-9868-57a2d4851a1d" relativeResultsDirectory="323e7da1-2409-41ca-b8eb-d1ffb2cdd319" />
    <UnitTestResult executionId="be5f9d42-9a9c-40ba-bb22-690f8e03ba74" testId="f430249e-f44e-b040-e2ff-9f362d73f50d" testName="MSP430.Emulator.Tests.Instructions.Logic.XorInstructionTests.Constructor_ValidParameters_CreatesInstruction" computerName="fv-az2210-123" duration="00:00:00.0193529" startTime="2025-06-06T19:28:33.0396335+00:00" endTime="2025-06-06T19:28:33.1600384+00:00" testType="13cdc9d9-ddb5-4fa4-a97d-d965ccfc6d4b" outcome="Passed" testListId="8c84fa94-04c1-424b-9868-57a2d4851a1d" relativeResultsDirectory="be5f9d42-9a9c-40ba-bb22-690f8e03ba74" />
    <UnitTestResult executionId="bdb6f566-b080-4a32-9f59-e5d5e7bad224" testId="be2bc96c-c296-9288-82c6-da8ede6cfb41" testName="MSP430.Emulator.Tests.Instructions.Logic.XorInstructionTests.SourceRegister_AllRegisters_ReturnsCorrectRegister(register: R1)" computerName="fv-az2210-123" duration="00:00:00.0000116" startTime="2025-06-06T19:28:33.2138920+00:00" endTime="2025-06-06T19:28:33.2140547+00:00" testType="13cdc9d9-ddb5-4fa4-a97d-d965ccfc6d4b" outcome="Passed" testListId="8c84fa94-04c1-424b-9868-57a2d4851a1d" relativeResultsDirectory="bdb6f566-b080-4a32-9f59-e5d5e7bad224" />
    <UnitTestResult executionId="eb2a4c7e-4975-459d-a285-529ba9c8ee1e" testId="84dfb929-2dd0-014a-faca-0902c4a800d1" testName="MSP430.Emulator.Tests.Memory.MemoryControllerTests.GetPermissions_ValidAddress_ReturnsCorrectPermissions" computerName="fv-az2210-123" duration="00:00:00.0041171" startTime="2025-06-06T19:28:33.9303340+00:00" endTime="2025-06-06T19:28:33.9303747+00:00" testType="13cdc9d9-ddb5-4fa4-a97d-d965ccfc6d4b" outcome="Passed" testListId="8c84fa94-04c1-424b-9868-57a2d4851a1d" relativeResultsDirectory="eb2a4c7e-4975-459d-a285-529ba9c8ee1e" />
    <UnitTestResult executionId="964517bc-615e-45e7-a4b3-9205331e1a41" testId="bb86e872-bdf6-4134-199e-83150d2f31e9" testName="MSP430.Emulator.Tests.Memory.MemoryAccessValidatorTests.Constructor_WithoutLogger_CreatesValidator" computerName="fv-az2210-123" duration="00:00:00.0064602" startTime="2025-06-06T19:28:30.9879558+00:00" endTime="2025-06-06T19:28:30.9889936+00:00" testType="13cdc9d9-ddb5-4fa4-a97d-d965ccfc6d4b" outcome="Passed" testListId="8c84fa94-04c1-424b-9868-57a2d4851a1d" relativeResultsDirectory="964517bc-615e-45e7-a4b3-9205331e1a41" />
    <UnitTestResult executionId="fd368d24-da75-4e13-8a5f-ce98fa9f3cc3" testId="c4754b75-b631-e1ac-bfd7-246f126db84d" testName="MSP430.Emulator.Tests.Memory.InformationMemoryTests.Segments_ContainsAllFourSegments" computerName="fv-az2210-123" duration="00:00:00.0052886" startTime="2025-06-06T19:28:33.3803927+00:00" endTime="2025-06-06T19:28:33.3854436+00:00" testType="13cdc9d9-ddb5-4fa4-a97d-d965ccfc6d4b" outcome="Passed" testListId="8c84fa94-04c1-424b-9868-57a2d4851a1d" relativeResultsDirectory="fd368d24-da75-4e13-8a5f-ce98fa9f3cc3" />
    <UnitTestResult executionId="65017671-2f60-4bb9-b177-2c4b424383d2" testId="9faa4de2-e475-12dc-3b94-e5a58e38292d" testName="MSP430.Emulator.Tests.Memory.InformationMemoryTests.SetSegmentWriteProtection_ChangesProtectionState" computerName="fv-az2210-123" duration="00:00:00.0007614" startTime="2025-06-06T19:28:33.2679427+00:00" endTime="2025-06-06T19:28:33.2680560+00:00" testType="13cdc9d9-ddb5-4fa4-a97d-d965ccfc6d4b" outcome="Passed" testListId="8c84fa94-04c1-424b-9868-57a2d4851a1d" relativeResultsDirectory="65017671-2f60-4bb9-b177-2c4b424383d2" />
    <UnitTestResult executionId="ed64cdc4-ae00-4b8c-a049-f950cfc41fc2" testId="fb475ae9-ca8a-975f-1c36-f47726961866" testName="MSP430.Emulator.Tests.Instructions.AddressingModeDecoderTests.DecodeSourceAddressingMode_GeneralPurposeRegisters_ReturnsCorrectMode(register: R7, asBits: 3, expected: IndirectAutoIncrement)" computerName="fv-az2210-123" duration="00:00:00.0000082" startTime="2025-06-06T19:28:33.4315033+00:00" endTime="2025-06-06T19:28:33.4317497+00:00" testType="13cdc9d9-ddb5-4fa4-a97d-d965ccfc6d4b" outcome="Passed" testListId="8c84fa94-04c1-424b-9868-57a2d4851a1d" relativeResultsDirectory="ed64cdc4-ae00-4b8c-a049-f950cfc41fc2" />
    <UnitTestResult executionId="e7b89882-f683-44ec-84cb-ced05bba3733" testId="b735a3c8-e070-df0a-d650-d73c403d013f" testName="MSP430.Emulator.Tests.Instructions.Arithmetic.SubInstructionTests.ToString_VariousAddressingModes_FormatsCorrectly(register: R4, mode: IndirectAutoIncrement, expectedOperand: &quot;@R4+&quot;)" computerName="fv-az2210-123" duration="00:00:00.0000090" startTime="2025-06-06T19:28:33.6453715+00:00" endTime="2025-06-06T19:28:33.6454916+00:00" testType="13cdc9d9-ddb5-4fa4-a97d-d965ccfc6d4b" outcome="Passed" testListId="8c84fa94-04c1-424b-9868-57a2d4851a1d" relativeResultsDirectory="e7b89882-f683-44ec-84cb-ced05bba3733" />
    <UnitTestResult executionId="fe2f0e38-0001-4141-8218-50886c737e6a" testId="8fc92e51-8825-8e28-9cc4-2995580b095d" testName="MSP430.Emulator.Tests.Cpu.RegisterFileTests.WriteRegisterLowByte_ValidRegister_UpdatesLowByteOnly" computerName="fv-az2210-123" duration="00:00:00.0004618" startTime="2025-06-06T19:28:33.5312282+00:00" endTime="2025-06-06T19:28:33.5313090+00:00" testType="13cdc9d9-ddb5-4fa4-a97d-d965ccfc6d4b" outcome="Passed" testListId="8c84fa94-04c1-424b-9868-57a2d4851a1d" relativeResultsDirectory="fe2f0e38-0001-4141-8218-50886c737e6a" />
    <UnitTestResult executionId="86880c29-7fe0-4702-a01c-379d6184bd96" testId="b2b63530-2e71-d84f-06e9-aae804ce9da6" testName="MSP430.Emulator.Tests.Memory.RandomAccessMemoryTests.Clear_AllMemory_SetsAllBytesToZero" computerName="fv-az2210-123" duration="00:00:00.0003758" startTime="2025-06-06T19:28:33.8871603+00:00" endTime="2025-06-06T19:28:33.8872007+00:00" testType="13cdc9d9-ddb5-4fa4-a97d-d965ccfc6d4b" outcome="Passed" testListId="8c84fa94-04c1-424b-9868-57a2d4851a1d" relativeResultsDirectory="86880c29-7fe0-4702-a01c-379d6184bd96" />
    <UnitTestResult executionId="5e718b4a-d9dd-4efb-bbe9-af52cdd0e0f1" testId="e8c143e0-b65f-f14b-8f72-590eff595e85" testName="MSP430.Emulator.Tests.Instructions.Logic.BisInstructionTests.DestinationRegister_AllRegisters_ReturnsCorrectRegister(register: R0)" computerName="fv-az2210-123" duration="00:00:00.0000127" startTime="2025-06-06T19:28:33.7198400+00:00" endTime="2025-06-06T19:28:33.7199957+00:00" testType="13cdc9d9-ddb5-4fa4-a97d-d965ccfc6d4b" outcome="Passed" testListId="8c84fa94-04c1-424b-9868-57a2d4851a1d" relativeResultsDirectory="5e718b4a-d9dd-4efb-bbe9-af52cdd0e0f1" />
    <UnitTestResult executionId="c334a235-eed6-4561-8474-759f65b61ee7" testId="2d0e35b0-a1e6-60d0-f7da-c20d2516cf0a" testName="MSP430.Emulator.Tests.Instructions.AddressingModeDecoderTests.IsValidRegister_VariousValues_ReturnsCorrectResult(registerBits: 0, expected: True)" computerName="fv-az2210-123" duration="00:00:00.0000085" startTime="2025-06-06T19:28:33.4637317+00:00" endTime="2025-06-06T19:28:33.4638102+00:00" testType="13cdc9d9-ddb5-4fa4-a97d-d965ccfc6d4b" outcome="Passed" testListId="8c84fa94-04c1-424b-9868-57a2d4851a1d" relativeResultsDirectory="c334a235-eed6-4561-8474-759f65b61ee7" />
    <UnitTestResult executionId="41acde45-fce5-4e73-9271-ec50a9dab493" testId="c4a263cf-b124-4771-d1fe-5701f350bf9c" testName="MSP430.Emulator.Tests.Instructions.Logic.XorInstructionTests.ExtensionWordCount_VariousAddressingModes_ReturnsCorrectCount(sourceMode: Register, destMode: IndirectAutoIncrement, expectedCount: 0)" computerName="fv-az2210-123" duration="00:00:00.0000080" startTime="2025-06-06T19:28:33.1774198+00:00" endTime="2025-06-06T19:28:33.1775237+00:00" testType="13cdc9d9-ddb5-4fa4-a97d-d965ccfc6d4b" outcome="Passed" testListId="8c84fa94-04c1-424b-9868-57a2d4851a1d" relativeResultsDirectory="41acde45-fce5-4e73-9271-ec50a9dab493" />
    <UnitTestResult executionId="e2cedd80-4bdd-4d01-a689-b5e8c9786c6c" testId="81c808c0-d260-c564-3aaf-1fa6bbb1af48" testName="MSP430.Emulator.Tests.Core.EmulatorCoreTests.ClearBreakpoints_RemovesAllBreakpoints" computerName="fv-az2210-123" duration="00:00:00.0222282" startTime="2025-06-06T19:28:33.1791435+00:00" endTime="2025-06-06T19:28:33.2753928+00:00" testType="13cdc9d9-ddb5-4fa4-a97d-d965ccfc6d4b" outcome="Passed" testListId="8c84fa94-04c1-424b-9868-57a2d4851a1d" relativeResultsDirectory="e2cedd80-4bdd-4d01-a689-b5e8c9786c6c" />
    <UnitTestResult executionId="296f0941-e805-4285-9276-b5377c855383" testId="2760603d-9f01-518c-aef8-baae7ff58ef9" testName="MSP430.Emulator.Tests.Instructions.Arithmetic.IncInstructionTests.Properties_VariousRegisters_ReturnCorrectValues(dest: CG1)" computerName="fv-az2210-123" duration="00:00:00.0001894" startTime="2025-06-06T19:28:33.6408635+00:00" endTime="2025-06-06T19:28:33.6420396+00:00" testType="13cdc9d9-ddb5-4fa4-a97d-d965ccfc6d4b" outcome="Passed" testListId="8c84fa94-04c1-424b-9868-57a2d4851a1d" relativeResultsDirectory="296f0941-e805-4285-9276-b5377c855383" />
    <UnitTestResult executionId="8af2dfba-83e8-4123-89c6-0596f7e29c38" testId="306d6b98-820e-0bf3-5207-b7934b79c2e1" testName="MSP430.Emulator.Tests.Memory.RandomAccessMemoryTests.ReadWord_OddAddress_ThrowsArgumentException(oddAddress: 8195)" computerName="fv-az2210-123" duration="00:00:00.0003794" startTime="2025-06-06T19:28:33.8943525+00:00" endTime="2025-06-06T19:28:33.8944042+00:00" testType="13cdc9d9-ddb5-4fa4-a97d-d965ccfc6d4b" outcome="Passed" testListId="8c84fa94-04c1-424b-9868-57a2d4851a1d" relativeResultsDirectory="8af2dfba-83e8-4123-89c6-0596f7e29c38" />
    <UnitTestResult executionId="80962c69-2b5f-4d36-9514-241350050058" testId="4d04cf4f-b82f-73c5-9095-6b7f851a720a" testName="MSP430.Emulator.Tests.Memory.MemoryMapTests.DefaultMemoryLayout_RegionPermissions_AreCorrect" computerName="fv-az2210-123" duration="00:00:00.0069098" startTime="2025-06-06T19:28:30.9868671+00:00" endTime="2025-06-06T19:28:30.9880318+00:00" testType="13cdc9d9-ddb5-4fa4-a97d-d965ccfc6d4b" outcome="Passed" testListId="8c84fa94-04c1-424b-9868-57a2d4851a1d" relativeResultsDirectory="80962c69-2b5f-4d36-9514-241350050058" />
    <UnitTestResult executionId="02d7825b-5d93-43b1-98c3-df4da1429f62" testId="237e7a67-88cc-a465-b83c-025bfcf55d47" testName="MSP430.Emulator.Tests.Class1Tests.Test1" computerName="fv-az2210-123" duration="00:00:00.0000673" startTime="2025-06-06T19:28:33.5169472+00:00" endTime="2025-06-06T19:28:33.5170389+00:00" testType="13cdc9d9-ddb5-4fa4-a97d-d965ccfc6d4b" outcome="Passed" testListId="8c84fa94-04c1-424b-9868-57a2d4851a1d" relativeResultsDirectory="02d7825b-5d93-43b1-98c3-df4da1429f62" />
    <UnitTestResult executionId="05ac702c-6fbd-4360-9c0e-8d435787203d" testId="44f128f4-349f-a598-e3be-10c9f19a1070" testName="MSP430.Emulator.Tests.Instructions.InstructionDecoderTests.Decode_ValidFormatI_ByteOperation_ReturnsCorrectInstruction" computerName="fv-az2210-123" duration="00:00:00.0001348" startTime="2025-06-06T19:28:33.8476413+00:00" endTime="2025-06-06T19:28:33.8510943+00:00" testType="13cdc9d9-ddb5-4fa4-a97d-d965ccfc6d4b" outcome="Passed" testListId="8c84fa94-04c1-424b-9868-57a2d4851a1d" relativeResultsDirectory="05ac702c-6fbd-4360-9c0e-8d435787203d" />
    <UnitTestResult executionId="4cfb728a-b1ca-4ef7-b9b5-476123eab277" testId="abe1d757-947c-cab7-eed4-9c336d2d0aaf" testName="MSP430.Emulator.Tests.Logging.FileLoggerTests.Dispose_CanBeCalledMultipleTimes" computerName="fv-az2210-123" duration="00:00:00.0002997" startTime="2025-06-06T19:28:30.9539299+00:00" endTime="2025-06-06T19:28:30.9542226+00:00" testType="13cdc9d9-ddb5-4fa4-a97d-d965ccfc6d4b" outcome="Passed" testListId="8c84fa94-04c1-424b-9868-57a2d4851a1d" relativeResultsDirectory="4cfb728a-b1ca-4ef7-b9b5-476123eab277" />
    <UnitTestResult executionId="c57e3c69-5a57-400a-9496-8d9fcc201a69" testId="dad19298-1e88-d022-6fab-9b228dd0bad6" testName="MSP430.Emulator.Tests.Instructions.Arithmetic.DecInstructionTests.Execute_NegativeOverflow_SetsOverflowFlag" computerName="fv-az2210-123" duration="00:00:00.0002035" startTime="2025-06-06T19:28:33.7571432+00:00" endTime="2025-06-06T19:28:33.7572147+00:00" testType="13cdc9d9-ddb5-4fa4-a97d-d965ccfc6d4b" outcome="Passed" testListId="8c84fa94-04c1-424b-9868-57a2d4851a1d" relativeResultsDirectory="c57e3c69-5a57-400a-9496-8d9fcc201a69" />
    <UnitTestResult executionId="06af4b74-4713-456d-8698-c2111a4249ca" testId="a3c7397b-abff-ae25-a2a1-fa3ec3e83d40" testName="MSP430.Emulator.Tests.Instructions.Arithmetic.IncInstructionTests.Execute_AbsoluteMode_IncrementsMemoryValue" computerName="fv-az2210-123" duration="00:00:00.0046020" startTime="2025-06-06T19:28:33.6068461+00:00" endTime="2025-06-06T19:28:33.6121632+00:00" testType="13cdc9d9-ddb5-4fa4-a97d-d965ccfc6d4b" outcome="Passed" testListId="8c84fa94-04c1-424b-9868-57a2d4851a1d" relativeResultsDirectory="06af4b74-4713-456d-8698-c2111a4249ca" />
    <UnitTestResult executionId="3d896b92-329c-4bd3-8c68-983213a2283b" testId="d2d72b11-7c61-18ed-0e42-840cbceb56ce" testName="MSP430.Emulator.Tests.Instructions.Arithmetic.IncInstructionTests.ToString_ByteOperation_IncludesBSuffix" computerName="fv-az2210-123" duration="00:00:00.0003085" startTime="2025-06-06T19:28:33.6062332+00:00" endTime="2025-06-06T19:28:33.6063076+00:00" testType="13cdc9d9-ddb5-4fa4-a97d-d965ccfc6d4b" outcome="Passed" testListId="8c84fa94-04c1-424b-9868-57a2d4851a1d" relativeResultsDirectory="3d896b92-329c-4bd3-8c68-983213a2283b" />
    <UnitTestResult executionId="a3ba2e1f-2a82-445e-903f-d1a8911a32c8" testId="846317de-6b4d-1808-8f7a-9e6c4bb4da23" testName="MSP430.Emulator.Tests.Instructions.Logic.BisInstructionTests.AddressingModes_AllSupportedModes_ReturnCorrectValues(mode: Indirect)" computerName="fv-az2210-123" duration="00:00:00.0000146" startTime="2025-06-06T19:28:33.7312108+00:00" endTime="2025-06-06T19:28:33.7312979+00:00" testType="13cdc9d9-ddb5-4fa4-a97d-d965ccfc6d4b" outcome="Passed" testListId="8c84fa94-04c1-424b-9868-57a2d4851a1d" relativeResultsDirectory="a3ba2e1f-2a82-445e-903f-d1a8911a32c8" />
    <UnitTestResult executionId="a087bdbe-941c-4343-b8dd-66a50470d155" testId="85f99053-c0e9-1417-0d16-59364eb3317d" testName="MSP430.Emulator.Tests.Cpu.StatusRegisterTests.OscillatorOff_GetSet_WorksCorrectly(value: 0, expected: False)" computerName="fv-az2210-123" duration="00:00:00.0000083" startTime="2025-06-06T19:28:33.0216239+00:00" endTime="2025-06-06T19:28:33.0217641+00:00" testType="13cdc9d9-ddb5-4fa4-a97d-d965ccfc6d4b" outcome="Passed" testListId="8c84fa94-04c1-424b-9868-57a2d4851a1d" relativeResultsDirectory="a087bdbe-941c-4343-b8dd-66a50470d155" />
    <UnitTestResult executionId="e395d3a5-6457-4fb4-93d1-2cdbf85b90ab" testId="68fc4680-6542-954f-11ea-139f6bd2a817" testName="MSP430.Emulator.Tests.Memory.FlashControllerTests.GetProgramCycles_ReturnsExpectedCycles(isWordAccess: True)" computerName="fv-az2210-123" duration="00:00:00.0002780" startTime="2025-06-06T19:28:33.3280215+00:00" endTime="2025-06-06T19:28:33.3281652+00:00" testType="13cdc9d9-ddb5-4fa4-a97d-d965ccfc6d4b" outcome="Passed" testListId="8c84fa94-04c1-424b-9868-57a2d4851a1d" relativeResultsDirectory="e395d3a5-6457-4fb4-93d1-2cdbf85b90ab" />
    <UnitTestResult executionId="15f83ece-801c-47a3-8459-0349c5149c3c" testId="01c3d093-4e1f-c2bb-92fb-4999af8d46eb" testName="MSP430.Emulator.Tests.Memory.MemoryControllerTests.AccessViolation_Event_RaisedOnInvalidAccess" computerName="fv-az2210-123" duration="00:00:00.0027966" startTime="2025-06-06T19:28:33.9320384+00:00" endTime="2025-06-06T19:28:33.9320831+00:00" testType="13cdc9d9-ddb5-4fa4-a97d-d965ccfc6d4b" outcome="Passed" testListId="8c84fa94-04c1-424b-9868-57a2d4851a1d" relativeResultsDirectory="15f83ece-801c-47a3-8459-0349c5149c3c" />
    <UnitTestResult executionId="da177f56-630f-4f67-8f29-15da7b1768eb" testId="51be036e-b800-988f-20df-c9275715604b" testName="MSP430.Emulator.Tests.Instructions.Arithmetic.SubInstructionTests.ToString_ByteOperation_IncludesBSuffix" computerName="fv-az2210-123" duration="00:00:00.0001096" startTime="2025-06-06T19:28:33.6533180+00:00" endTime="2025-06-06T19:28:33.6537951+00:00" testType="13cdc9d9-ddb5-4fa4-a97d-d965ccfc6d4b" outcome="Passed" testListId="8c84fa94-04c1-424b-9868-57a2d4851a1d" relativeResultsDirectory="da177f56-630f-4f67-8f29-15da7b1768eb" />
    <UnitTestResult executionId="bf6ccfa4-f578-4fac-bfd3-b3352b0a862e" testId="a352b43a-c55b-dd26-93a9-1b2c62d9f61b" testName="MSP430.Emulator.Tests.Memory.RandomAccessMemoryTests.Constructor_NullLogger_CreatesMemory" computerName="fv-az2210-123" duration="00:00:00.0001664" startTime="2025-06-06T19:28:33.8924864+00:00" endTime="2025-06-06T19:28:33.8925270+00:00" testType="13cdc9d9-ddb5-4fa4-a97d-d965ccfc6d4b" outcome="Passed" testListId="8c84fa94-04c1-424b-9868-57a2d4851a1d" relativeResultsDirectory="bf6ccfa4-f578-4fac-bfd3-b3352b0a862e" />
    <UnitTestResult executionId="3f0aab91-c4f6-4c19-9164-a2ee8ce5e832" testId="a0050aed-5611-e96f-0d74-7e122040f096" testName="MSP430.Emulator.Tests.Instructions.Arithmetic.IncInstructionTests.AddressingModes_AllSupportedModes_ReturnCorrectValues(mode: Indirect)" computerName="fv-az2210-123" duration="00:00:00.0000085" startTime="2025-06-06T19:28:33.6178158+00:00" endTime="2025-06-06T19:28:33.6179053+00:00" testType="13cdc9d9-ddb5-4fa4-a97d-d965ccfc6d4b" outcome="Passed" testListId="8c84fa94-04c1-424b-9868-57a2d4851a1d" relativeResultsDirectory="3f0aab91-c4f6-4c19-9164-a2ee8ce5e832" />
    <UnitTestResult executionId="4926ff79-db97-4291-a1a4-051194e7cda3" testId="54346c79-adb2-6df0-ebc8-b225ac27c214" testName="MSP430.Emulator.Tests.Memory.FlashControllerTests.Update_WhenNoOperationInProgress_DoesNothing" computerName="fv-az2210-123" duration="00:00:00.0001305" startTime="2025-06-06T19:28:33.4044559+00:00" endTime="2025-06-06T19:28:33.4050986+00:00" testType="13cdc9d9-ddb5-4fa4-a97d-d965ccfc6d4b" outcome="Passed" testListId="8c84fa94-04c1-424b-9868-57a2d4851a1d" relativeResultsDirectory="4926ff79-db97-4291-a1a4-051194e7cda3" />
    <UnitTestResult executionId="1f0e6a19-9ff0-4045-9730-1443d96ac8c6" testId="5445a6db-668b-15b5-4a91-70d2e59ddfe6" testName="MSP430.Emulator.Tests.Memory.RandomAccessMemoryTests.Constructor_ValidSizes_CreatesMemory(validSize: 10240)" computerName="fv-az2210-123" duration="00:00:00.0007641" startTime="2025-06-06T19:28:33.8605905+00:00" endTime="2025-06-06T19:28:33.8651436+00:00" testType="13cdc9d9-ddb5-4fa4-a97d-d965ccfc6d4b" outcome="Passed" testListId="8c84fa94-04c1-424b-9868-57a2d4851a1d" relativeResultsDirectory="1f0e6a19-9ff0-4045-9730-1443d96ac8c6" />
    <UnitTestResult executionId="6fab1724-224c-46aa-92b6-bbaa00867d36" testId="0a294d3f-4008-faa8-b4fc-8414be36318b" testName="MSP430.Emulator.Tests.Core.ExecutionStateTests.TransitionTo_ValidTransition_ChangesState" computerName="fv-az2210-123" duration="00:00:00.0001101" startTime="2025-06-06T19:28:33.7218961+00:00" endTime="2025-06-06T19:28:33.7228456+00:00" testType="13cdc9d9-ddb5-4fa4-a97d-d965ccfc6d4b" outcome="Passed" testListId="8c84fa94-04c1-424b-9868-57a2d4851a1d" relativeResultsDirectory="6fab1724-224c-46aa-92b6-bbaa00867d36" />
    <UnitTestResult executionId="758a65f8-29e0-43f7-b1a2-3115b0c74a43" testId="4b496332-02f2-a673-11a4-851866474928" testName="MSP430.Emulator.Tests.Memory.MemoryControllerTests.ReadByte_ValidAddress_ReturnsValue(address: 16384)" computerName="fv-az2210-123" duration="00:00:00.0024233" startTime="2025-06-06T19:28:33.9038618+00:00" endTime="2025-06-06T19:28:33.9039266+00:00" testType="13cdc9d9-ddb5-4fa4-a97d-d965ccfc6d4b" outcome="Passed" testListId="8c84fa94-04c1-424b-9868-57a2d4851a1d" relativeResultsDirectory="758a65f8-29e0-43f7-b1a2-3115b0c74a43" />
    <UnitTestResult executionId="c0a903b2-26e9-4c0c-887d-f8438d1a74e8" testId="83ba5cb0-45be-21ae-d2fe-b9215b8d57d8" testName="MSP430.Emulator.Tests.Instructions.Arithmetic.AddInstructionTests.AddressingModes_AllSupportedModes_ReturnCorrectValues(mode: Symbolic)" computerName="fv-az2210-123" duration="00:00:00.0001873" startTime="2025-06-06T19:28:33.8520083+00:00" endTime="2025-06-06T19:28:33.8525934+00:00" testType="13cdc9d9-ddb5-4fa4-a97d-d965ccfc6d4b" outcome="Passed" testListId="8c84fa94-04c1-424b-9868-57a2d4851a1d" relativeResultsDirectory="c0a903b2-26e9-4c0c-887d-f8438d1a74e8" />
    <UnitTestResult executionId="ad936a6f-8459-4875-ba25-47c5c3538b9e" testId="ddbc0d2c-aeab-5a45-8601-209e7b4e2d3a" testName="MSP430.Emulator.Tests.Memory.MemoryMapTests.IsValidAddress_ValidAddresses_ReturnsTrue" computerName="fv-az2210-123" duration="00:00:00.0145079" startTime="2025-06-06T19:28:30.9793069+00:00" endTime="2025-06-06T19:28:30.9802273+00:00" testType="13cdc9d9-ddb5-4fa4-a97d-d965ccfc6d4b" outcome="Passed" testListId="8c84fa94-04c1-424b-9868-57a2d4851a1d" relativeResultsDirectory="ad936a6f-8459-4875-ba25-47c5c3538b9e" />
    <UnitTestResult executionId="b92c0c07-8508-4f81-8bca-12e584147fbd" testId="8db86b31-9350-d843-4bed-e55afaf2a18d" testName="MSP430.Emulator.Tests.Cpu.StatusRegisterTests.UpdateFlagsAfterAddition_WordOperation_SetsCorrectFlags(operand1: 65535, operand2: 1, result: 65536, isByteOp: False, expectedZero: True, expectedNegative: False, expectedCarry: True, expectedOverflow: False)" computerName="fv-az2210-123" duration="00:00:00.0002871" startTime="2025-06-06T19:28:33.0050555+00:00" endTime="2025-06-06T19:28:33.0052016+00:00" testType="13cdc9d9-ddb5-4fa4-a97d-d965ccfc6d4b" outcome="Passed" testListId="8c84fa94-04c1-424b-9868-57a2d4851a1d" relativeResultsDirectory="b92c0c07-8508-4f81-8bca-12e584147fbd" />
    <UnitTestResult executionId="c04c5340-e652-4ed0-92ec-18e30e5e7c2e" testId="30d41f5f-3db8-e610-99ec-b6f8d88e8f38" testName="MSP430.Emulator.Tests.Memory.MemoryControllerTests.IsValidAddress_InvalidAddresses_ReturnsFalse(address: 6656)" computerName="fv-az2210-123" duration="00:00:00.0031340" startTime="2025-06-06T19:28:33.9223613+00:00" endTime="2025-06-06T19:28:33.9224174+00:00" testType="13cdc9d9-ddb5-4fa4-a97d-d965ccfc6d4b" outcome="Passed" testListId="8c84fa94-04c1-424b-9868-57a2d4851a1d" relativeResultsDirectory="c04c5340-e652-4ed0-92ec-18e30e5e7c2e" />
    <UnitTestResult executionId="2ad6fd19-d78e-4242-9afd-769ef5238a89" testId="0bfdcb52-ca20-1793-ccc3-e01e3b42693e" testName="MSP430.Emulator.Tests.Memory.MemoryControllerTests.ReadWord_ValidAddress_ReturnsValue(address: 12286)" computerName="fv-az2210-123" duration="00:00:00.0029587" startTime="2025-06-06T19:28:33.8992713+00:00" endTime="2025-06-06T19:28:33.8995701+00:00" testType="13cdc9d9-ddb5-4fa4-a97d-d965ccfc6d4b" outcome="Passed" testListId="8c84fa94-04c1-424b-9868-57a2d4851a1d" relativeResultsDirectory="2ad6fd19-d78e-4242-9afd-769ef5238a89" />
    <UnitTestResult executionId="5a720761-13e8-4f50-97fe-26af1f01f6c5" testId="983af615-e52c-2fe6-20ba-77092b8f5056" testName="MSP430.Emulator.Tests.Instructions.InstructionDecoderTests.IsValidInstruction_ValidInstructions_ReturnsTrue(instructionWord: 4096)" computerName="fv-az2210-123" duration="00:00:00.0001085" startTime="2025-06-06T19:28:33.8227259+00:00" endTime="2025-06-06T19:28:33.8227765+00:00" testType="13cdc9d9-ddb5-4fa4-a97d-d965ccfc6d4b" outcome="Passed" testListId="8c84fa94-04c1-424b-9868-57a2d4851a1d" relativeResultsDirectory="5a720761-13e8-4f50-97fe-26af1f01f6c5" />
    <UnitTestResult executionId="055e9492-b64d-43df-b8d9-9290d7eb15ba" testId="a3060218-3e3a-6964-53ea-7da49c1cd78e" testName="MSP430.Emulator.Tests.Cpu.StatusRegisterTests.UpdateFlagsAfterSubtraction_WordOperation_SetsCorrectFlags(operand1: 4096, operand2: 8192, result: 65535, isByteOp: False, expectedZero: False, expectedNegative: True, expectedCarry: False, expectedOverflow: False)" computerName="fv-az2210-123" duration="00:00:00.0000098" startTime="2025-06-06T19:28:33.0709387+00:00" endTime="2025-06-06T19:28:33.0710949+00:00" testType="13cdc9d9-ddb5-4fa4-a97d-d965ccfc6d4b" outcome="Passed" testListId="8c84fa94-04c1-424b-9868-57a2d4851a1d" relativeResultsDirectory="055e9492-b64d-43df-b8d9-9290d7eb15ba" />
    <UnitTestResult executionId="b533b310-9514-40a3-ad8a-f6b1f6a4ec8b" testId="c57ab259-a8b3-c227-ad1d-15b3e5f63d1d" testName="MSP430.Emulator.Tests.Instructions.Logic.XorInstructionTests.ExtensionWordCount_VariousAddressingModes_ReturnsCorrectCount(sourceMode: Immediate, destMode: Register, expectedCount: 1)" computerName="fv-az2210-123" duration="00:00:00.0000056" startTime="2025-06-06T19:28:33.1700031+00:00" endTime="2025-06-06T19:28:33.1701119+00:00" testType="13cdc9d9-ddb5-4fa4-a97d-d965ccfc6d4b" outcome="Passed" testListId="8c84fa94-04c1-424b-9868-57a2d4851a1d" relativeResultsDirectory="b533b310-9514-40a3-ad8a-f6b1f6a4ec8b" />
    <UnitTestResult executionId="1aa2b68b-46f3-4b1b-b39a-771f7a873908" testId="3f4ed262-3d14-8f76-30fd-099f4f63ddf2" testName="MSP430.Emulator.Tests.Cpu.StatusRegisterTests.UpdateFlags_VariousScenarios_UpdatesCorrectly(result: 0, updateCarry: False, updateOverflow: True)" computerName="fv-az2210-123" duration="00:00:00.0003377" startTime="2025-06-06T19:28:33.1338218+00:00" endTime="2025-06-06T19:28:33.1339802+00:00" testType="13cdc9d9-ddb5-4fa4-a97d-d965ccfc6d4b" outcome="Passed" testListId="8c84fa94-04c1-424b-9868-57a2d4851a1d" relativeResultsDirectory="1aa2b68b-46f3-4b1b-b39a-771f7a873908" />
    <UnitTestResult executionId="a3a97d53-69f9-40d5-90f1-8bdcf4f7b32e" testId="af325f46-7eca-4576-e67a-4813b804af73" testName="MSP430.Emulator.Tests.Memory.MemoryMapTests.Constructor_OverlappingRegions_ThrowsArgumentException" computerName="fv-az2210-123" duration="00:00:00.0004589" startTime="2025-06-06T19:28:30.9888587+00:00" endTime="2025-06-06T19:28:30.9898468+00:00" testType="13cdc9d9-ddb5-4fa4-a97d-d965ccfc6d4b" outcome="Passed" testListId="8c84fa94-04c1-424b-9868-57a2d4851a1d" relativeResultsDirectory="a3a97d53-69f9-40d5-90f1-8bdcf4f7b32e" />
    <UnitTestResult executionId="7c9437b3-5d85-4632-b602-fceb509147fb" testId="94cc1943-f1a0-6a2e-34ad-1d527e66b56a" testName="MSP430.Emulator.Tests.Instructions.Logic.BitInstructionTests.AddressingModes_AllSupportedModes_ReturnCorrectValues(mode: Indexed)" computerName="fv-az2210-123" duration="00:00:00.0000146" startTime="2025-06-06T19:28:33.5723052+00:00" endTime="2025-06-06T19:28:33.5724668+00:00" testType="13cdc9d9-ddb5-4fa4-a97d-d965ccfc6d4b" outcome="Passed" testListId="8c84fa94-04c1-424b-9868-57a2d4851a1d" relativeResultsDirectory="7c9437b3-5d85-4632-b602-fceb509147fb" />
    <UnitTestResult executionId="27b485d8-7e7b-42f3-93d8-34a5852c0213" testId="0f1c4c58-1445-5e7d-6ace-32f1a5821d52" testName="MSP430.Emulator.Tests.Cpu.RegisterFileTests.ReadRegister_ValidRegister_ReturnsZeroAfterReset(register: R9)" computerName="fv-az2210-123" duration="00:00:00.0000118" startTime="2025-06-06T19:28:33.4950976+00:00" endTime="2025-06-06T19:28:33.4951739+00:00" testType="13cdc9d9-ddb5-4fa4-a97d-d965ccfc6d4b" outcome="Passed" testListId="8c84fa94-04c1-424b-9868-57a2d4851a1d" relativeResultsDirectory="27b485d8-7e7b-42f3-93d8-34a5852c0213" />
    <UnitTestResult executionId="4a797e8d-a26e-4a28-a459-04edcef8d444" testId="1d180078-119b-3c97-d2f9-8ed577be102b" testName="MSP430.Emulator.Tests.Memory.InformationMemoryTests.IsRangeInBounds_VariousRanges_ReturnsExpectedResult(startAddress: 6143, length: 1, expected: False)" computerName="fv-az2210-123" duration="00:00:00.0000373" startTime="2025-06-06T19:28:33.3012860+00:00" endTime="2025-06-06T19:28:33.3014101+00:00" testType="13cdc9d9-ddb5-4fa4-a97d-d965ccfc6d4b" outcome="Passed" testListId="8c84fa94-04c1-424b-9868-57a2d4851a1d" relativeResultsDirectory="4a797e8d-a26e-4a28-a459-04edcef8d444" />
    <UnitTestResult executionId="252a2502-00b8-48fc-9536-08ab8fe927f1" testId="c96aeffd-44a5-62b0-99f2-bc87572ffe76" testName="MSP430.Emulator.Tests.Cpu.StatusRegisterTests.Reset_ClearsAllFlags" computerName="fv-az2210-123" duration="00:00:00.0003315" startTime="2025-06-06T19:28:33.0868587+00:00" endTime="2025-06-06T19:28:33.0870422+00:00" testType="13cdc9d9-ddb5-4fa4-a97d-d965ccfc6d4b" outcome="Passed" testListId="8c84fa94-04c1-424b-9868-57a2d4851a1d" relativeResultsDirectory="252a2502-00b8-48fc-9536-08ab8fe927f1" />
    <UnitTestResult executionId="2a2a7e2a-c07b-4b2f-81e3-beca90c54463" testId="692b97a1-aac3-3aff-11df-312cdeb8a21c" testName="MSP430.Emulator.Tests.Core.ExecutionStateTests.IsValidTransition_ReturnsExpectedResult(from: Halted, to: Reset, expected: True)" computerName="fv-az2210-123" duration="00:00:00.0000039" startTime="2025-06-06T19:28:33.7046737+00:00" endTime="2025-06-06T19:28:33.7047424+00:00" testType="13cdc9d9-ddb5-4fa4-a97d-d965ccfc6d4b" outcome="Passed" testListId="8c84fa94-04c1-424b-9868-57a2d4851a1d" relativeResultsDirectory="2a2a7e2a-c07b-4b2f-81e3-beca90c54463" />
    <UnitTestResult executionId="b8fd1299-5106-4fc0-a91e-6c343c8a03d2" testId="9894def6-a8ad-9996-d85c-6e6834048cb8" testName="MSP430.Emulator.Tests.Instructions.Logic.AndInstructionTests.AddressingModes_AllSupportedModes_ReturnCorrectValues(mode: Indirect)" computerName="fv-az2210-123" duration="00:00:00.0000079" startTime="2025-06-06T19:28:33.6859057+00:00" endTime="2025-06-06T19:28:33.6859822+00:00" testType="13cdc9d9-ddb5-4fa4-a97d-d965ccfc6d4b" outcome="Passed" testListId="8c84fa94-04c1-424b-9868-57a2d4851a1d" relativeResultsDirectory="b8fd1299-5106-4fc0-a91e-6c343c8a03d2" />
    <UnitTestResult executionId="7d9530d5-d579-46bb-9b91-e349a88c192a" testId="f439d0fd-c4ca-253d-e7cc-4c6952db6dc0" testName="MSP430.Emulator.Tests.Instructions.Logic.BisInstructionTests.ToString_VariousAddressingModes_FormatsCorrectly(mode: IndirectAutoIncrement, expectedOperand: &quot;@R1+&quot;)" computerName="fv-az2210-123" duration="00:00:00.0000104" startTime="2025-06-06T19:28:33.7411468+00:00" endTime="2025-06-06T19:28:33.7416479+00:00" testType="13cdc9d9-ddb5-4fa4-a97d-d965ccfc6d4b" outcome="Passed" testListId="8c84fa94-04c1-424b-9868-57a2d4851a1d" relativeResultsDirectory="7d9530d5-d579-46bb-9b91-e349a88c192a" />
    <UnitTestResult executionId="33a8060e-9ffe-4569-981e-592646c3a51c" testId="f3e37b7c-45e3-6527-fca4-1152c1f74511" testName="MSP430.Emulator.Tests.Instructions.Arithmetic.IncInstructionTests.ExtensionWordCount_VariousAddressingModes_ReturnsCorrectCount(destMode: Indirect, expectedCount: 0)" computerName="fv-az2210-123" duration="00:00:00.0000087" startTime="2025-06-06T19:28:33.6287444+00:00" endTime="2025-06-06T19:28:33.6288182+00:00" testType="13cdc9d9-ddb5-4fa4-a97d-d965ccfc6d4b" outcome="Passed" testListId="8c84fa94-04c1-424b-9868-57a2d4851a1d" relativeResultsDirectory="33a8060e-9ffe-4569-981e-592646c3a51c" />
    <UnitTestResult executionId="7aee3185-8811-41d3-803e-1a6e22c34f90" testId="1fa9a8bc-fe28-81c4-cff4-8134118b4d34" testName="MSP430.Emulator.Tests.Memory.MemoryAccessValidatorTests.ValidateRead_ValidAddress_DoesNotThrow" computerName="fv-az2210-123" duration="00:00:00.0026815" startTime="2025-06-06T19:28:31.0026389+00:00" endTime="2025-06-06T19:28:31.0032835+00:00" testType="13cdc9d9-ddb5-4fa4-a97d-d965ccfc6d4b" outcome="Passed" testListId="8c84fa94-04c1-424b-9868-57a2d4851a1d" relativeResultsDirectory="7aee3185-8811-41d3-803e-1a6e22c34f90" />
    <UnitTestResult executionId="97bba388-1f89-4ef4-9b7d-67505df79007" testId="162865f6-e3bf-1e09-2e54-ced0a0a60162" testName="MSP430.Emulator.Tests.Instructions.InstructionDecoderTests.ExtractOpcode_FormatIII_ReturnsCorrectOpcode(format: FormatIII, instructionWord: 8192, expected: 0)" computerName="fv-az2210-123" duration="00:00:00.0000051" startTime="2025-06-06T19:28:33.8184434+00:00" endTime="2025-06-06T19:28:33.8184934+00:00" testType="13cdc9d9-ddb5-4fa4-a97d-d965ccfc6d4b" outcome="Passed" testListId="8c84fa94-04c1-424b-9868-57a2d4851a1d" relativeResultsDirectory="97bba388-1f89-4ef4-9b7d-67505df79007" />
    <UnitTestResult executionId="f6eb8b73-8fd6-4b1f-b343-d9f70b98cfb8" testId="52433816-2524-27c9-de05-f2a78cd789d4" testName="MSP430.Emulator.Tests.Instructions.InstructionDecoderTests.ExtractOpcode_FormatIII_ReturnsCorrectOpcode(format: FormatIII, instructionWord: 15360, expected: 7)" computerName="fv-az2210-123" duration="00:00:00.0000049" startTime="2025-06-06T19:28:33.8192955+00:00" endTime="2025-06-06T19:28:33.8193925+00:00" testType="13cdc9d9-ddb5-4fa4-a97d-d965ccfc6d4b" outcome="Passed" testListId="8c84fa94-04c1-424b-9868-57a2d4851a1d" relativeResultsDirectory="f6eb8b73-8fd6-4b1f-b343-d9f70b98cfb8" />
    <UnitTestResult executionId="65d13de3-0ccd-4b99-b28c-2be24a8f0f6d" testId="3a354a68-d9f3-b320-8ad3-8c454f72dcb0" testName="MSP430.Emulator.Tests.Instructions.Logic.BisInstructionTests.SourceRegister_AllRegisters_ReturnsCorrectRegister(register: R0)" computerName="fv-az2210-123" duration="00:00:00.0020056" startTime="2025-06-06T19:28:33.7037445+00:00" endTime="2025-06-06T19:28:33.7082314+00:00" testType="13cdc9d9-ddb5-4fa4-a97d-d965ccfc6d4b" outcome="Passed" testListId="8c84fa94-04c1-424b-9868-57a2d4851a1d" relativeResultsDirectory="65d13de3-0ccd-4b99-b28c-2be24a8f0f6d" />
    <UnitTestResult executionId="6b902b23-4b4c-4f6f-aa7b-44759485339c" testId="8a5ae180-771d-021f-7acf-cac6f054c51f" testName="MSP430.Emulator.Tests.Instructions.InstructionDecoderTests.GetInstructionFormat_FormatIII_ReturnsFormatIII(instructionWord: 15360)" computerName="fv-az2210-123" duration="00:00:00.0001808" startTime="2025-06-06T19:28:33.8288166+00:00" endTime="2025-06-06T19:28:33.8289355+00:00" testType="13cdc9d9-ddb5-4fa4-a97d-d965ccfc6d4b" outcome="Passed" testListId="8c84fa94-04c1-424b-9868-57a2d4851a1d" relativeResultsDirectory="6b902b23-4b4c-4f6f-aa7b-44759485339c" />
    <UnitTestResult executionId="06e2b050-bb5e-44f3-b10b-75a6c9d10702" testId="63fe4f90-5d02-9233-a9fe-a8351a0ebc88" testName="MSP430.Emulator.Tests.Cpu.RegisterFileTests.ReadRegister_ValidRegister_ReturnsZeroAfterReset(register: R5)" computerName="fv-az2210-123" duration="00:00:00.0001588" startTime="2025-06-06T19:28:33.4746720+00:00" endTime="2025-06-06T19:28:33.4764300+00:00" testType="13cdc9d9-ddb5-4fa4-a97d-d965ccfc6d4b" outcome="Passed" testListId="8c84fa94-04c1-424b-9868-57a2d4851a1d" relativeResultsDirectory="06e2b050-bb5e-44f3-b10b-75a6c9d10702" />
    <UnitTestResult executionId="14d47bf0-d36d-488a-bcc1-9cd367b9f4a5" testId="51f82a03-4a03-ad03-8b47-22d810dc0be8" testName="MSP430.Emulator.Tests.Memory.FlashControllerTests.OperationLifecycle_ProgrammingOperation_WorksCorrectly" computerName="fv-az2210-123" duration="00:00:00.0002509" startTime="2025-06-06T19:28:33.3384358+00:00" endTime="2025-06-06T19:28:33.3402037+00:00" testType="13cdc9d9-ddb5-4fa4-a97d-d965ccfc6d4b" outcome="Passed" testListId="8c84fa94-04c1-424b-9868-57a2d4851a1d" relativeResultsDirectory="14d47bf0-d36d-488a-bcc1-9cd367b9f4a5" />
    <UnitTestResult executionId="b05147d0-e0e7-41b5-b05c-da75c7eca378" testId="9f7efa2a-738e-f5d9-b264-0ee0ae53ef6f" testName="MSP430.Emulator.Tests.Core.ExecutionStateTests.IsValidTransition_ReturnsExpectedResult(from: Stopped, to: SingleStep, expected: True)" computerName="fv-az2210-123" duration="00:00:00.0000125" startTime="2025-06-06T19:28:33.7127801+00:00" endTime="2025-06-06T19:28:33.7128485+00:00" testType="13cdc9d9-ddb5-4fa4-a97d-d965ccfc6d4b" outcome="Passed" testListId="8c84fa94-04c1-424b-9868-57a2d4851a1d" relativeResultsDirectory="b05147d0-e0e7-41b5-b05c-da75c7eca378" />
    <UnitTestResult executionId="86144147-247d-4334-96b3-ee04fdd284ef" testId="face1e40-d11f-bd03-121f-62c695d5ceb3" testName="MSP430.Emulator.Tests.Memory.InformationMemoryTests.GetSegment_ValidAddresses_ReturnsCorrectSegment(address: 6271, expectedSegment: SegmentD)" computerName="fv-az2210-123" duration="00:00:00.0000163" startTime="2025-06-06T19:28:33.2792083+00:00" endTime="2025-06-06T19:28:33.2793455+00:00" testType="13cdc9d9-ddb5-4fa4-a97d-d965ccfc6d4b" outcome="Passed" testListId="8c84fa94-04c1-424b-9868-57a2d4851a1d" relativeResultsDirectory="86144147-247d-4334-96b3-ee04fdd284ef" />
    <UnitTestResult executionId="a01a072b-e325-4939-ad08-52a0898ffe20" testId="0e9262a6-cab6-57d3-cd99-ed3e3f004a59" testName="MSP430.Emulator.Tests.Cpu.RegisterFileTests.Reset_ClearsAllRegisters" computerName="fv-az2210-123" duration="00:00:00.0002086" startTime="2025-06-06T19:28:33.5707418+00:00" endTime="2025-06-06T19:28:33.5712372+00:00" testType="13cdc9d9-ddb5-4fa4-a97d-d965ccfc6d4b" outcome="Passed" testListId="8c84fa94-04c1-424b-9868-57a2d4851a1d" relativeResultsDirectory="a01a072b-e325-4939-ad08-52a0898ffe20" />
    <UnitTestResult executionId="4041893f-91c2-4269-8742-73111f6fd07f" testId="9afcf05e-818c-0d86-96cf-d807027daa76" testName="MSP430.Emulator.Tests.Memory.InformationMemoryTests.IsRangeInBounds_VariousRanges_ReturnsExpectedResult(startAddress: 6144, length: 0, expected: False)" computerName="fv-az2210-123" duration="00:00:00.0003781" startTime="2025-06-06T19:28:33.2940236+00:00" endTime="2025-06-06T19:28:33.2941400+00:00" testType="13cdc9d9-ddb5-4fa4-a97d-d965ccfc6d4b" outcome="Passed" testListId="8c84fa94-04c1-424b-9868-57a2d4851a1d" relativeResultsDirectory="4041893f-91c2-4269-8742-73111f6fd07f" />
    <UnitTestResult executionId="bf2dabf5-aee9-4558-bf3f-49789cc0d7e4" testId="a24b4784-b3de-211b-c252-ce57b6dcd259" testName="MSP430.Emulator.Tests.Core.ExecutionStateTests.CanExecute_ReturnsExpectedResult(state: Stopped, expected: False)" computerName="fv-az2210-123" duration="00:00:00.0002626" startTime="2025-06-06T19:28:33.6751755+00:00" endTime="2025-06-06T19:28:33.6759612+00:00" testType="13cdc9d9-ddb5-4fa4-a97d-d965ccfc6d4b" outcome="Passed" testListId="8c84fa94-04c1-424b-9868-57a2d4851a1d" relativeResultsDirectory="bf2dabf5-aee9-4558-bf3f-49789cc0d7e4" />
    <UnitTestResult executionId="431cdbfd-3460-4cd6-baa7-646a70c4677a" testId="6846ef6f-5ece-345e-de93-c0174ebff67b" testName="MSP430.Emulator.Tests.Instructions.InstructionDecoderTests.ExtractOpcode_FormatII_ReturnsCorrectOpcode(format: FormatII, instructionWord: 4224, expected: 16)" computerName="fv-az2210-123" duration="00:00:00.0000070" startTime="2025-06-06T19:28:33.8161911+00:00" endTime="2025-06-06T19:28:33.8162443+00:00" testType="13cdc9d9-ddb5-4fa4-a97d-d965ccfc6d4b" outcome="Passed" testListId="8c84fa94-04c1-424b-9868-57a2d4851a1d" relativeResultsDirectory="431cdbfd-3460-4cd6-baa7-646a70c4677a" />
    <UnitTestResult executionId="50a29a85-d828-48d6-ba04-e4990a7e4246" testId="9ba82bd1-a514-d17f-24f7-0b922a1cee67" testName="MSP430.Emulator.Tests.Instructions.Arithmetic.SubInstructionTests.AddressingModes_AllSupportedModes_ReturnCorrectValues(mode: Symbolic)" computerName="fv-az2210-123" duration="00:00:00.0000083" startTime="2025-06-06T19:28:33.6252301+00:00" endTime="2025-06-06T19:28:33.6253602+00:00" testType="13cdc9d9-ddb5-4fa4-a97d-d965ccfc6d4b" outcome="Passed" testListId="8c84fa94-04c1-424b-9868-57a2d4851a1d" relativeResultsDirectory="50a29a85-d828-48d6-ba04-e4990a7e4246" />
    <UnitTestResult executionId="3b6c3bfb-7556-40e1-843c-c0bbf903aa70" testId="82ce4c59-b1a4-0d8e-7fb5-38f0d4f5c5ab" testName="MSP430.Emulator.Tests.Memory.FlashControllerTests.SetProtectionLevel_WhenOperationInProgress_ReturnsFalse" computerName="fv-az2210-123" duration="00:00:00.0001308" startTime="2025-06-06T19:28:33.3961190+00:00" endTime="2025-06-06T19:28:33.3988904+00:00" testType="13cdc9d9-ddb5-4fa4-a97d-d965ccfc6d4b" outcome="Passed" testListId="8c84fa94-04c1-424b-9868-57a2d4851a1d" relativeResultsDirectory="3b6c3bfb-7556-40e1-843c-c0bbf903aa70" />
    <UnitTestResult executionId="fce41c40-1ea3-4bd2-aa14-93c8f10d59e4" testId="c1b3e275-7665-bcdb-3aac-20761ce1bc95" testName="MSP430.Emulator.Tests.Cpu.StatusRegisterTests.ToString_SomeFlagsSet_ShowsOnlySetFlags" computerName="fv-az2210-123" duration="00:00:00.0007766" startTime="2025-06-06T19:28:33.0855507+00:00" endTime="2025-06-06T19:28:33.0856681+00:00" testType="13cdc9d9-ddb5-4fa4-a97d-d965ccfc6d4b" outcome="Passed" testListId="8c84fa94-04c1-424b-9868-57a2d4851a1d" relativeResultsDirectory="fce41c40-1ea3-4bd2-aa14-93c8f10d59e4" />
    <UnitTestResult executionId="ba8d7f2b-7c30-48b5-8b8e-de7d00095cd3" testId="9c562ed8-679a-26f9-9020-b2c66b8da31b" testName="MSP430.Emulator.Tests.Memory.FlashControllerTests.StartSectorErase_WhenLocked_ReturnsFalse" computerName="fv-az2210-123" duration="00:00:00.0001157" startTime="2025-06-06T19:28:33.4000412+00:00" endTime="2025-06-06T19:28:33.4001554+00:00" testType="13cdc9d9-ddb5-4fa4-a97d-d965ccfc6d4b" outcome="Passed" testListId="8c84fa94-04c1-424b-9868-57a2d4851a1d" relativeResultsDirectory="ba8d7f2b-7c30-48b5-8b8e-de7d00095cd3" />
    <UnitTestResult executionId="95898a3b-a310-4f4c-8644-893f69ac8e49" testId="a1429ff3-4fe4-25fd-3da7-7a59640a720d" testName="MSP430.Emulator.Tests.Memory.InformationMemoryTests.GetSegment_ValidAddresses_ReturnsCorrectSegment(address: 6399, expectedSegment: SegmentC)" computerName="fv-az2210-123" duration="00:00:00.0000137" startTime="2025-06-06T19:28:33.2873244+00:00" endTime="2025-06-06T19:28:33.2874588+00:00" testType="13cdc9d9-ddb5-4fa4-a97d-d965ccfc6d4b" outcome="Passed" testListId="8c84fa94-04c1-424b-9868-57a2d4851a1d" relativeResultsDirectory="95898a3b-a310-4f4c-8644-893f69ac8e49" />
    <UnitTestResult executionId="254fa9d6-c33b-4977-a29c-d2a1ab0a468b" testId="68420912-6385-6f6d-272f-5bbdc5980d57" testName="MSP430.Emulator.Tests.Memory.RandomAccessMemoryTests.EndAddress_CalculatedCorrectly" computerName="fv-az2210-123" duration="00:00:00.0001196" startTime="2025-06-06T19:28:33.8978649+00:00" endTime="2025-06-06T19:28:33.8979456+00:00" testType="13cdc9d9-ddb5-4fa4-a97d-d965ccfc6d4b" outcome="Passed" testListId="8c84fa94-04c1-424b-9868-57a2d4851a1d" relativeResultsDirectory="254fa9d6-c33b-4977-a29c-d2a1ab0a468b" />
    <UnitTestResult executionId="f6b274a1-94d7-43ba-a3e8-d5e8dfaf54a9" testId="ab03c751-b163-db71-05e5-287be8a693d9" testName="MSP430.Emulator.Tests.Instructions.Arithmetic.DecInstructionTests.AddressingModes_AllSupportedModes_ReturnCorrectValues(mode: Indexed)" computerName="fv-az2210-123" duration="00:00:00.0001595" startTime="2025-06-06T19:28:33.7468589+00:00" endTime="2025-06-06T19:28:33.7469499+00:00" testType="13cdc9d9-ddb5-4fa4-a97d-d965ccfc6d4b" outcome="Passed" testListId="8c84fa94-04c1-424b-9868-57a2d4851a1d" relativeResultsDirectory="f6b274a1-94d7-43ba-a3e8-d5e8dfaf54a9" />
    <UnitTestResult executionId="61ea804d-6602-4686-af08-40352b20edc7" testId="42cfd495-c2a3-5936-b6ca-356a9012c28a" testName="MSP430.Emulator.Tests.Cpu.StatusRegisterTests.CpuOff_GetSet_WorksCorrectly(value: 65519, expected: False)" computerName="fv-az2210-123" duration="00:00:00.0003136" startTime="2025-06-06T19:28:33.0025117+00:00" endTime="2025-06-06T19:28:33.0026265+00:00" testType="13cdc9d9-ddb5-4fa4-a97d-d965ccfc6d4b" outcome="Passed" testListId="8c84fa94-04c1-424b-9868-57a2d4851a1d" relativeResultsDirectory="61ea804d-6602-4686-af08-40352b20edc7" />
    <UnitTestResult executionId="31df3fbd-5610-4b02-a57f-d8f57c96772e" testId="d000be2c-aec0-ad35-5ea1-43d17c66abf6" testName="MSP430.Emulator.Tests.Instructions.Logic.AndInstructionTests.ExtensionWordCount_VariousAddressingModes_ReturnsCorrectCount(sourceMode: Immediate, destMode: Register, expectedCount: 1)" computerName="fv-az2210-123" duration="00:00:00.0000050" startTime="2025-06-06T19:28:33.6705567+00:00" endTime="2025-06-06T19:28:33.6706659+00:00" testType="13cdc9d9-ddb5-4fa4-a97d-d965ccfc6d4b" outcome="Passed" testListId="8c84fa94-04c1-424b-9868-57a2d4851a1d" relativeResultsDirectory="31df3fbd-5610-4b02-a57f-d8f57c96772e" />
    <UnitTestResult executionId="c01d18f7-89da-4446-b83a-0d0171d8cd0a" testId="c95bdcdd-3f45-c86d-75af-c76e0900a6a5" testName="MSP430.Emulator.Tests.Cpu.RegisterFileTests.ReadRegister_ValidRegister_ReturnsZeroAfterReset(register: R13)" computerName="fv-az2210-123" duration="00:00:00.0000123" startTime="2025-06-06T19:28:33.4902139+00:00" endTime="2025-06-06T19:28:33.4903529+00:00" testType="13cdc9d9-ddb5-4fa4-a97d-d965ccfc6d4b" outcome="Passed" testListId="8c84fa94-04c1-424b-9868-57a2d4851a1d" relativeResultsDirectory="c01d18f7-89da-4446-b83a-0d0171d8cd0a" />
    <UnitTestResult executionId="5b431575-13cd-4264-8969-7b18a38e655f" testId="1da4e6ae-2e9e-536f-e08f-1bd8a9e5ee18" testName="MSP430.Emulator.Tests.Memory.MemoryControllerTests.WriteWord_WithContext_ValidContext_WritesValue" computerName="fv-az2210-123" duration="00:00:00.0051498" startTime="2025-06-06T19:28:33.9307797+00:00" endTime="2025-06-06T19:28:33.9308210+00:00" testType="13cdc9d9-ddb5-4fa4-a97d-d965ccfc6d4b" outcome="Passed" testListId="8c84fa94-04c1-424b-9868-57a2d4851a1d" relativeResultsDirectory="5b431575-13cd-4264-8969-7b18a38e655f" />
    <UnitTestResult executionId="88697c19-50ee-482b-9825-7f36a6321a6a" testId="d2c75bd9-d29a-3784-6614-273474618c80" testName="MSP430.Emulator.Tests.Instructions.Logic.BisInstructionTests.DestinationRegister_AllRegisters_ReturnsCorrectRegister(register: R2)" computerName="fv-az2210-123" duration="00:00:00.0000155" startTime="2025-06-06T19:28:33.7126654+00:00" endTime="2025-06-06T19:28:33.7127390+00:00" testType="13cdc9d9-ddb5-4fa4-a97d-d965ccfc6d4b" outcome="Passed" testListId="8c84fa94-04c1-424b-9868-57a2d4851a1d" relativeResultsDirectory="88697c19-50ee-482b-9825-7f36a6321a6a" />
    <UnitTestResult executionId="be7c3b0f-d4a3-4440-acd6-5e8890f8d740" testId="9f079369-02c2-c9bf-4861-704434e0ae8d" testName="MSP430.Emulator.Tests.Memory.FlashMemoryTests.ReadByte_InvalidAddress_ThrowsArgumentOutOfRangeException(invalidAddress: 36864)" computerName="fv-az2210-123" duration="00:00:00.0002716" startTime="2025-06-06T19:28:33.7862323+00:00" endTime="2025-06-06T19:28:33.7863011+00:00" testType="13cdc9d9-ddb5-4fa4-a97d-d965ccfc6d4b" outcome="Passed" testListId="8c84fa94-04c1-424b-9868-57a2d4851a1d" relativeResultsDirectory="be7c3b0f-d4a3-4440-acd6-5e8890f8d740" />
    <UnitTestResult executionId="f2a00b5b-7725-4527-971a-bb97f84af126" testId="a41fb43c-5222-766d-ffe6-c906063eeaba" testName="MSP430.Emulator.Tests.Instructions.Arithmetic.IncInstructionTests.Properties_VariousRegisters_ReturnCorrectValues(dest: R5)" computerName="fv-az2210-123" duration="00:00:00.0009002" startTime="2025-06-06T19:28:33.6351110+00:00" endTime="2025-06-06T19:28:33.6389310+00:00" testType="13cdc9d9-ddb5-4fa4-a97d-d965ccfc6d4b" outcome="Passed" testListId="8c84fa94-04c1-424b-9868-57a2d4851a1d" relativeResultsDirectory="f2a00b5b-7725-4527-971a-bb97f84af126" />
    <UnitTestResult executionId="f0b6fddf-fbb9-4f25-a9b2-0d0e1c71dc98" testId="4a0a4299-5f80-2206-b412-fb3ccf5b54b8" testName="MSP430.Emulator.Tests.Logging.FileLoggerTests.IsEnabled_ReturnsTrueForLevelAtOrAboveMinimum" computerName="fv-az2210-123" duration="00:00:00.0002915" startTime="2025-06-06T19:28:30.9416619+00:00" endTime="2025-06-06T19:28:30.9419483+00:00" testType="13cdc9d9-ddb5-4fa4-a97d-d965ccfc6d4b" outcome="Passed" testListId="8c84fa94-04c1-424b-9868-57a2d4851a1d" relativeResultsDirectory="f0b6fddf-fbb9-4f25-a9b2-0d0e1c71dc98" />
    <UnitTestResult executionId="f24a2e79-4268-4b66-8c47-8426b8224396" testId="214022f0-5361-8846-e60b-6abe1fd900a2" testName="MSP430.Emulator.Tests.Instructions.InstructionDecoderTests.Decode_ValidFormatII_ByteOperation_ReturnsCorrectInstruction" computerName="fv-az2210-123" duration="00:00:00.0004340" startTime="2025-06-06T19:28:33.8327209+00:00" endTime="2025-06-06T19:28:33.8327720+00:00" testType="13cdc9d9-ddb5-4fa4-a97d-d965ccfc6d4b" outcome="Passed" testListId="8c84fa94-04c1-424b-9868-57a2d4851a1d" relativeResultsDirectory="f24a2e79-4268-4b66-8c47-8426b8224396" />
    <UnitTestResult executionId="8e3af60c-4845-4514-902f-523507c01ba1" testId="59e33440-0bc9-2bcd-e63c-62eccb69ec7e" testName="MSP430.Emulator.Tests.Cpu.StatusRegisterTests.SystemClockGenerator0_GetSet_WorksCorrectly(value: 65471, expected: False)" computerName="fv-az2210-123" duration="00:00:00.0001070" startTime="2025-06-06T19:28:33.0526496+00:00" endTime="2025-06-06T19:28:33.0527876+00:00" testType="13cdc9d9-ddb5-4fa4-a97d-d965ccfc6d4b" outcome="Passed" testListId="8c84fa94-04c1-424b-9868-57a2d4851a1d" relativeResultsDirectory="8e3af60c-4845-4514-902f-523507c01ba1" />
    <UnitTestResult executionId="b4d6dbff-c1d5-4750-be84-643b0e333e25" testId="deb54237-ce43-c6c9-13a2-69f40f1f38c4" testName="MSP430.Emulator.Tests.Memory.FlashMemoryTests.IsRangeInBounds_InvalidRanges_ReturnsFalse" computerName="fv-az2210-123" duration="00:00:00.0001361" startTime="2025-06-06T19:28:33.8055263+00:00" endTime="2025-06-06T19:28:33.8056299+00:00" testType="13cdc9d9-ddb5-4fa4-a97d-d965ccfc6d4b" outcome="Passed" testListId="8c84fa94-04c1-424b-9868-57a2d4851a1d" relativeResultsDirectory="b4d6dbff-c1d5-4750-be84-643b0e333e25" />
    <UnitTestResult executionId="8827c9e1-5b21-4226-ad85-ab91a922f70c" testId="267772b2-f723-87d3-bead-7799fc81175f" testName="MSP430.Emulator.Tests.Instructions.AddressingModeDecoderTests.DecodeDestinationAddressingMode_R2_ReturnsCorrectMode(adBit: False, expected: Register)" computerName="fv-az2210-123" duration="00:00:00.0002949" startTime="2025-06-06T19:28:33.4926437+00:00" endTime="2025-06-06T19:28:33.4971603+00:00" testType="13cdc9d9-ddb5-4fa4-a97d-d965ccfc6d4b" outcome="Passed" testListId="8c84fa94-04c1-424b-9868-57a2d4851a1d" relativeResultsDirectory="8827c9e1-5b21-4226-ad85-ab91a922f70c" />
    <UnitTestResult executionId="2d277c03-2d6f-44b7-a7a2-69757ff4439a" testId="a9fb4518-03aa-2b36-c819-fa25ae7cab53" testName="MSP430.Emulator.Tests.Logging.ConsoleLoggerTests.Log_WithMessage_StoresMessage" computerName="fv-az2210-123" duration="00:00:00.0005088" startTime="2025-06-06T19:28:33.4099971+00:00" endTime="2025-06-06T19:28:33.4115558+00:00" testType="13cdc9d9-ddb5-4fa4-a97d-d965ccfc6d4b" outcome="Passed" testListId="8c84fa94-04c1-424b-9868-57a2d4851a1d" relativeResultsDirectory="2d277c03-2d6f-44b7-a7a2-69757ff4439a" />
    <UnitTestResult executionId="16d60244-d1a1-45b5-8daf-2a5ee8bbd535" testId="67869dfc-2d2e-0cf0-107d-f4280f3d8599" testName="MSP430.Emulator.Tests.Cpu.StatusRegisterTests.UpdateFlagsAfterSubtraction_WordOperation_SetsCorrectFlags(operand1: 0, operand2: 1, result: 65535, isByteOp: False, expectedZero: False, expectedNegative: True, expectedCarry: False, expectedOverflow: False)" computerName="fv-az2210-123" duration="00:00:00.0000131" startTime="2025-06-06T19:28:33.0649307+00:00" endTime="2025-06-06T19:28:33.0650851+00:00" testType="13cdc9d9-ddb5-4fa4-a97d-d965ccfc6d4b" outcome="Passed" testListId="8c84fa94-04c1-424b-9868-57a2d4851a1d" relativeResultsDirectory="16d60244-d1a1-45b5-8daf-2a5ee8bbd535" />
    <UnitTestResult executionId="59ada42a-0292-4bf5-8075-1f6b34f68c5a" testId="8a736130-930b-885a-c70b-4bb868f3b28e" testName="MSP430.Emulator.Tests.Diagnostics.DiagnosticLoggerTests.FormatRecentEntries_ShouldReturnFormattedString" computerName="fv-az2210-123" duration="00:00:00.0134287" startTime="2025-06-06T19:28:30.8565585+00:00" endTime="2025-06-06T19:28:30.8985393+00:00" testType="13cdc9d9-ddb5-4fa4-a97d-d965ccfc6d4b" outcome="Passed" testListId="8c84fa94-04c1-424b-9868-57a2d4851a1d" relativeResultsDirectory="59ada42a-0292-4bf5-8075-1f6b34f68c5a" />
    <UnitTestResult executionId="8627b9f0-5b4a-4262-bf1f-327f8681c46a" testId="38d265ea-ecc0-ac37-df26-e336b7e9a989" testName="MSP430.Emulator.Tests.Instructions.InstructionDecoderTests.Decode_ValidFormatII_ReturnsFormatIIInstruction" computerName="fv-az2210-123" duration="00:00:00.0002991" startTime="2025-06-06T19:28:33.8332295+00:00" endTime="2025-06-06T19:28:33.8332799+00:00" testType="13cdc9d9-ddb5-4fa4-a97d-d965ccfc6d4b" outcome="Passed" testListId="8c84fa94-04c1-424b-9868-57a2d4851a1d" relativeResultsDirectory="8627b9f0-5b4a-4262-bf1f-327f8681c46a" />
    <UnitTestResult executionId="642b80d3-86b3-413f-b90c-b4c857da81a4" testId="752c6974-867a-09bb-b784-4ca8c8e7895a" testName="MSP430.Emulator.Tests.Memory.InformationMemoryTests.IsRangeInBounds_VariousRanges_ReturnsExpectedResult(startAddress: 6655, length: 1, expected: True)" computerName="fv-az2210-123" duration="00:00:00.0000126" startTime="2025-06-06T19:28:33.3035994+00:00" endTime="2025-06-06T19:28:33.3037123+00:00" testType="13cdc9d9-ddb5-4fa4-a97d-d965ccfc6d4b" outcome="Passed" testListId="8c84fa94-04c1-424b-9868-57a2d4851a1d" relativeResultsDirectory="642b80d3-86b3-413f-b90c-b4c857da81a4" />
    <UnitTestResult executionId="e5fb56d7-29a3-4bc2-842c-75ea38c1886f" testId="382d44fa-af9a-68ee-f9c4-7ee74af78c36" testName="MSP430.Emulator.Tests.Memory.MemoryControllerTests.ValidateAccess_ValidContext_DoesNotThrow" computerName="fv-az2210-123" duration="00:00:00.0021191" startTime="2025-06-06T19:28:33.9298563+00:00" endTime="2025-06-06T19:28:33.9299185+00:00" testType="13cdc9d9-ddb5-4fa4-a97d-d965ccfc6d4b" outcome="Passed" testListId="8c84fa94-04c1-424b-9868-57a2d4851a1d" relativeResultsDirectory="e5fb56d7-29a3-4bc2-842c-75ea38c1886f" />
    <UnitTestResult executionId="e991a85d-76de-434c-95bc-3a755363ee30" testId="1403d926-bad0-d918-fac5-aa969df60265" testName="MSP430.Emulator.Tests.Memory.MemoryMapTests.IsValidAddress_InvalidAddresses_ReturnsFalse" computerName="fv-az2210-123" duration="00:00:00.0074898" startTime="2025-06-06T19:28:31.0001396+00:00" endTime="2025-06-06T19:28:31.0010743+00:00" testType="13cdc9d9-ddb5-4fa4-a97d-d965ccfc6d4b" outcome="Passed" testListId="8c84fa94-04c1-424b-9868-57a2d4851a1d" relativeResultsDirectory="e991a85d-76de-434c-95bc-3a755363ee30" />
    <UnitTestResult executionId="323ac257-a5b1-46a6-a22a-ebafb79a0bf0" testId="371c654c-a7e1-4caa-a84b-cb4e0f8ea168" testName="MSP430.Emulator.Tests.Memory.RandomAccessMemoryTests.ReadWord_OddAddress_ThrowsArgumentException(oddAddress: 8193)" computerName="fv-az2210-123" duration="00:00:00.0002929" startTime="2025-06-06T19:28:33.8947902+00:00" endTime="2025-06-06T19:28:33.8953569+00:00" testType="13cdc9d9-ddb5-4fa4-a97d-d965ccfc6d4b" outcome="Passed" testListId="8c84fa94-04c1-424b-9868-57a2d4851a1d" relativeResultsDirectory="323ac257-a5b1-46a6-a22a-ebafb79a0bf0" />
    <UnitTestResult executionId="d3455e43-c09d-4754-af4f-198d92974fa3" testId="c2c72a94-207c-c318-db63-f7149898fb84" testName="MSP430.Emulator.Tests.Memory.RandomAccessMemoryTests.IsAddressInBounds_VariousAddresses_ReturnsExpectedResult(address: 8192, expected: True)" computerName="fv-az2210-123" duration="00:00:00.0000119" startTime="2025-06-06T19:28:33.8682635+00:00" endTime="2025-06-06T19:28:33.8683034+00:00" testType="13cdc9d9-ddb5-4fa4-a97d-d965ccfc6d4b" outcome="Passed" testListId="8c84fa94-04c1-424b-9868-57a2d4851a1d" relativeResultsDirectory="d3455e43-c09d-4754-af4f-198d92974fa3" />
    <UnitTestResult executionId="37e9a772-0eec-431a-b82e-c3f56446426d" testId="d6f38fc3-2e0a-fe76-f35a-47bd6234a11d" testName="MSP430.Emulator.Tests.Instructions.Logic.BisInstructionTests.AddressingModes_AllSupportedModes_ReturnCorrectValues(mode: IndirectAutoIncrement)" computerName="fv-az2210-123" duration="00:00:00.0000115" startTime="2025-06-06T19:28:33.7325204+00:00" endTime="2025-06-06T19:28:33.7325912+00:00" testType="13cdc9d9-ddb5-4fa4-a97d-d965ccfc6d4b" outcome="Passed" testListId="8c84fa94-04c1-424b-9868-57a2d4851a1d" relativeResultsDirectory="37e9a772-0eec-431a-b82e-c3f56446426d" />
    <UnitTestResult executionId="116ee921-a871-4088-887e-2c695edc5ab7" testId="019ca72a-b3d0-b631-6d04-d41563a68254" testName="MSP430.Emulator.Tests.Memory.FlashControllerTests.StateTransitions_LogCorrectMessages" computerName="fv-az2210-123" duration="00:00:00.0021044" startTime="2025-06-06T19:28:33.3671703+00:00" endTime="2025-06-06T19:28:33.3672854+00:00" testType="13cdc9d9-ddb5-4fa4-a97d-d965ccfc6d4b" outcome="Passed" testListId="8c84fa94-04c1-424b-9868-57a2d4851a1d" relativeResultsDirectory="116ee921-a871-4088-887e-2c695edc5ab7" />
    <UnitTestResult executionId="3c4a3b5b-fbcb-47b9-b42d-ab2f739d3051" testId="5c28579b-a7ff-5ad5-7e11-82959ec85499" testName="MSP430.Emulator.Tests.Core.EmulatorCoreTests.AddBreakpoint_AddsBreakpointToCollection" computerName="fv-az2210-123" duration="00:00:00.0089088" startTime="2025-06-06T19:28:33.7404121+00:00" endTime="2025-06-06T19:28:33.7633339+00:00" testType="13cdc9d9-ddb5-4fa4-a97d-d965ccfc6d4b" outcome="Passed" testListId="8c84fa94-04c1-424b-9868-57a2d4851a1d" relativeResultsDirectory="3c4a3b5b-fbcb-47b9-b42d-ab2f739d3051" />
    <UnitTestResult executionId="78cd47f2-37b4-4c05-a24f-7bcd9498f57c" testId="32d9f990-f45d-59f4-0676-6632df00a639" testName="MSP430.Emulator.Tests.Memory.RandomAccessMemoryTests.Constructor_InvalidSize_ThrowsArgumentOutOfRangeException(invalidSize: 0)" computerName="fv-az2210-123" duration="00:00:00.0003479" startTime="2025-06-06T19:28:33.8735508+00:00" endTime="2025-06-06T19:28:33.8735931+00:00" testType="13cdc9d9-ddb5-4fa4-a97d-d965ccfc6d4b" outcome="Passed" testListId="8c84fa94-04c1-424b-9868-57a2d4851a1d" relativeResultsDirectory="78cd47f2-37b4-4c05-a24f-7bcd9498f57c" />
    <UnitTestResult executionId="0ce96ab6-2eb0-4599-83ba-8d9270d5fcc1" testId="a3239939-117a-8e93-3ae1-408a6c0f4115" testName="MSP430.Emulator.Tests.Instructions.InstructionDecoderTests.IsValidInstruction_VariousInstructions_ReturnsExpectedResult(instructionWord: 5120)" computerName="fv-az2210-123" duration="00:00:00.0001181" startTime="2025-06-06T19:28:33.8378517+00:00" endTime="2025-06-06T19:28:33.8383895+00:00" testType="13cdc9d9-ddb5-4fa4-a97d-d965ccfc6d4b" outcome="Passed" testListId="8c84fa94-04c1-424b-9868-57a2d4851a1d" relativeResultsDirectory="0ce96ab6-2eb0-4599-83ba-8d9270d5fcc1" />
    <UnitTestResult executionId="e199822a-53f0-4369-b381-97a5f5cc36d2" testId="1b8408af-2fbd-8782-3229-99f29bb7e3af" testName="MSP430.Emulator.Tests.Memory.MemorySystemIntegrationTests.MemorySystem_RegionDescriptions_AreCorrect(address: 9472, expectedDescription: &quot;SRAM&quot;)" computerName="fv-az2210-123" duration="00:00:00.0100211" startTime="2025-06-06T19:28:33.7842563+00:00" endTime="2025-06-06T19:28:33.7927676+00:00" testType="13cdc9d9-ddb5-4fa4-a97d-d965ccfc6d4b" outcome="Passed" testListId="8c84fa94-04c1-424b-9868-57a2d4851a1d" relativeResultsDirectory="e199822a-53f0-4369-b381-97a5f5cc36d2" />
    <UnitTestResult executionId="897d5354-10ec-4fb1-b276-ea81c8edc05c" testId="f0a25839-5603-cf87-2fb5-90723ef67ea5" testName="MSP430.Emulator.Tests.Instructions.Arithmetic.AddInstructionTests.Constructor_ByteOperation_SetsByteFlag" computerName="fv-az2210-123" duration="00:00:00.0001102" startTime="2025-06-06T19:28:33.8648052+00:00" endTime="2025-06-06T19:28:33.8648564+00:00" testType="13cdc9d9-ddb5-4fa4-a97d-d965ccfc6d4b" outcome="Passed" testListId="8c84fa94-04c1-424b-9868-57a2d4851a1d" relativeResultsDirectory="897d5354-10ec-4fb1-b276-ea81c8edc05c" />
    <UnitTestResult executionId="9aff67a0-9d87-42bb-b3ca-d2e83aa65823" testId="02e83787-3267-7f23-8296-ec94abd6c33c" testName="MSP430.Emulator.Tests.Instructions.Logic.AndInstructionTests.AddressingModes_AllSupportedModes_ReturnCorrectValues(mode: Absolute)" computerName="fv-az2210-123" duration="00:00:00.0000128" startTime="2025-06-06T19:28:33.6822810+00:00" endTime="2025-06-06T19:28:33.6823993+00:00" testType="13cdc9d9-ddb5-4fa4-a97d-d965ccfc6d4b" outcome="Passed" testListId="8c84fa94-04c1-424b-9868-57a2d4851a1d" relativeResultsDirectory="9aff67a0-9d87-42bb-b3ca-d2e83aa65823" />
    <UnitTestResult executionId="7a8f8193-ca2d-49fb-a616-c7471eaf1a38" testId="eeebf003-38fe-bd05-cedd-ace91419d4e9" testName="MSP430.Emulator.Tests.Memory.InformationMemoryTests.ReadByte_ValidAddress_ReturnsErasedValue" computerName="fv-az2210-123" duration="00:00:00.0001360" startTime="2025-06-06T19:28:33.2503134+00:00" endTime="2025-06-06T19:28:33.2504665+00:00" testType="13cdc9d9-ddb5-4fa4-a97d-d965ccfc6d4b" outcome="Passed" testListId="8c84fa94-04c1-424b-9868-57a2d4851a1d" relativeResultsDirectory="7a8f8193-ca2d-49fb-a616-c7471eaf1a38" />
    <UnitTestResult executionId="3b23b233-190c-45a3-81d0-f360843bfb95" testId="7b0c6625-9b86-ddbc-ed31-22e14b101f52" testName="MSP430.Emulator.Tests.Memory.MemoryControllerTests.IsOperationInProgress_DelegatesCorrectly" computerName="fv-az2210-123" duration="00:00:00.0034967" startTime="2025-06-06T19:28:33.9180455+00:00" endTime="2025-06-06T19:28:33.9180867+00:00" testType="13cdc9d9-ddb5-4fa4-a97d-d965ccfc6d4b" outcome="Passed" testListId="8c84fa94-04c1-424b-9868-57a2d4851a1d" relativeResultsDirectory="3b23b233-190c-45a3-81d0-f360843bfb95" />
    <UnitTestResult executionId="461c779b-4401-46b9-be3c-7bc9446ce2d9" testId="6c992aa2-7f9c-139d-7ecd-5cf57f1bd318" testName="MSP430.Emulator.Tests.Cpu.RegisterFileTests.ReadRegister_InvalidRegister_ThrowsArgumentException" computerName="fv-az2210-123" duration="00:00:00.0025461" startTime="2025-06-06T19:28:33.4531990+00:00" endTime="2025-06-06T19:28:33.4734991+00:00" testType="13cdc9d9-ddb5-4fa4-a97d-d965ccfc6d4b" outcome="Passed" testListId="8c84fa94-04c1-424b-9868-57a2d4851a1d" relativeResultsDirectory="461c779b-4401-46b9-be3c-7bc9446ce2d9" />
    <UnitTestResult executionId="43847988-9846-4737-bbf6-c11c4d30d4e1" testId="4cc2dd9f-4a69-831b-8c2d-4475ce22e206" testName="MSP430.Emulator.Tests.Instructions.Arithmetic.DecInstructionTests.ToString_VariousAddressingModes_FormatsCorrectly(register: R4, mode: IndirectAutoIncrement, expectedOperand: &quot;@R4+&quot;)" computerName="fv-az2210-123" duration="00:00:00.0000040" startTime="2025-06-06T19:28:33.7449167+00:00" endTime="2025-06-06T19:28:33.7450379+00:00" testType="13cdc9d9-ddb5-4fa4-a97d-d965ccfc6d4b" outcome="Passed" testListId="8c84fa94-04c1-424b-9868-57a2d4851a1d" relativeResultsDirectory="43847988-9846-4737-bbf6-c11c4d30d4e1" />
    <UnitTestResult executionId="334c3a5c-76eb-43f0-b9dd-bb366dcb538b" testId="1a4c7ecc-8fec-0fd3-f459-afeb7ee6c1f2" testName="MSP430.Emulator.Tests.Memory.FlashMemoryTests.MassErase_WhenUnlocked_ReturnsTrue" computerName="fv-az2210-123" duration="00:00:00.0003482" startTime="2025-06-06T19:28:33.7850787+00:00" endTime="2025-06-06T19:28:33.7852018+00:00" testType="13cdc9d9-ddb5-4fa4-a97d-d965ccfc6d4b" outcome="Passed" testListId="8c84fa94-04c1-424b-9868-57a2d4851a1d" relativeResultsDirectory="334c3a5c-76eb-43f0-b9dd-bb366dcb538b" />
    <UnitTestResult executionId="960c7cc1-eee6-4c8f-8023-33939f47fab0" testId="515b3b90-5341-42b3-6468-dece5ef35c39" testName="MSP430.Emulator.Tests.Instructions.AddressingModeDecoderTests.DecodeSourceAddressingMode_R2_ReturnsCorrectMode(asBits: 1, expected: Absolute)" computerName="fv-az2210-123" duration="00:00:00.0002387" startTime="2025-06-06T19:28:33.5134329+00:00" endTime="2025-06-06T19:28:33.5135742+00:00" testType="13cdc9d9-ddb5-4fa4-a97d-d965ccfc6d4b" outcome="Passed" testListId="8c84fa94-04c1-424b-9868-57a2d4851a1d" relativeResultsDirectory="960c7cc1-eee6-4c8f-8023-33939f47fab0" />
    <UnitTestResult executionId="f69b32e8-3b80-4fc0-a183-564dbc5aeef3" testId="90eb5bae-9c9e-7234-9dbc-4ea8bfe0f324" testName="MSP430.Emulator.Tests.Instructions.Arithmetic.SubInstructionTests.ToString_VariousAddressingModes_FormatsCorrectly(register: R5, mode: Indexed, expectedOperand: &quot;X(R5)&quot;)" computerName="fv-az2210-123" duration="00:00:00.0000086" startTime="2025-06-06T19:28:33.6481322+00:00" endTime="2025-06-06T19:28:33.6482813+00:00" testType="13cdc9d9-ddb5-4fa4-a97d-d965ccfc6d4b" outcome="Passed" testListId="8c84fa94-04c1-424b-9868-57a2d4851a1d" relativeResultsDirectory="f69b32e8-3b80-4fc0-a183-564dbc5aeef3" />
    <UnitTestResult executionId="b9850ced-eb6c-4d47-87bc-f8c65c58faa7" testId="80adbbd3-1ef7-456b-2934-d9d959da1338" testName="MSP430.Emulator.Tests.Memory.InformationMemoryTests.IsAddressInBounds_VariousAddresses_ReturnsExpectedResult(address: 65535, expected: False)" computerName="fv-az2210-123" duration="00:00:00.0000067" startTime="2025-06-06T19:28:33.2666381+00:00" endTime="2025-06-06T19:28:33.2667873+00:00" testType="13cdc9d9-ddb5-4fa4-a97d-d965ccfc6d4b" outcome="Passed" testListId="8c84fa94-04c1-424b-9868-57a2d4851a1d" relativeResultsDirectory="b9850ced-eb6c-4d47-87bc-f8c65c58faa7" />
    <UnitTestResult executionId="1344e096-897c-4ae6-9796-e7495e909f4b" testId="1620c13a-f658-5759-4c79-7edb4aa200b6" testName="MSP430.Emulator.Tests.Instructions.Arithmetic.IncInstructionTests.ToString_VariousAddressingModes_FormatsCorrectly(register: R5, mode: Indexed, expectedOperand: &quot;X(R5)&quot;)" computerName="fv-az2210-123" duration="00:00:00.0000070" startTime="2025-06-06T19:28:33.6512633+00:00" endTime="2025-06-06T19:28:33.6513913+00:00" testType="13cdc9d9-ddb5-4fa4-a97d-d965ccfc6d4b" outcome="Passed" testListId="8c84fa94-04c1-424b-9868-57a2d4851a1d" relativeResultsDirectory="1344e096-897c-4ae6-9796-e7495e909f4b" />
    <UnitTestResult executionId="b2f3712e-d923-4d9a-ba97-923366cdac64" testId="af79cf4b-643f-4d7f-7b4c-8d05add6d49d" testName="MSP430.Emulator.Tests.Instructions.Arithmetic.SubInstructionTests.ExtensionWordCount_VariousAddressingModes_ReturnsCorrectCount(sourceMode: Immediate, destMode: Absolute, expectedCount: 2)" computerName="fv-az2210-123" duration="00:00:00.0000059" startTime="2025-06-06T19:28:33.6366961+00:00" endTime="2025-06-06T19:28:33.6368270+00:00" testType="13cdc9d9-ddb5-4fa4-a97d-d965ccfc6d4b" outcome="Passed" testListId="8c84fa94-04c1-424b-9868-57a2d4851a1d" relativeResultsDirectory="b2f3712e-d923-4d9a-ba97-923366cdac64" />
    <UnitTestResult executionId="03a995e6-7083-4b94-9eba-38c153e1be31" testId="2792f283-1b4d-a9e3-5e7f-e7ae713eb89d" testName="MSP430.Emulator.Tests.Memory.FlashMemoryTests.Constructor_MemoryOverflow_ThrowsArgumentException" computerName="fv-az2210-123" duration="00:00:00.0002142" startTime="2025-06-06T19:28:33.8087626+00:00" endTime="2025-06-06T19:28:33.8088145+00:00" testType="13cdc9d9-ddb5-4fa4-a97d-d965ccfc6d4b" outcome="Passed" testListId="8c84fa94-04c1-424b-9868-57a2d4851a1d" relativeResultsDirectory="03a995e6-7083-4b94-9eba-38c153e1be31" />
    <UnitTestResult executionId="088b438d-c2b2-476a-9504-57ef6c4203d7" testId="027d4506-025f-e862-2462-d3426e60331b" testName="MSP430.Emulator.Tests.Memory.MemoryControllerTests.IsAccessAllowed_ValidAccess_ReturnsTrue(address: 16384, accessType: Execute)" computerName="fv-az2210-123" duration="00:00:00.0029920" startTime="2025-06-06T19:28:33.9094996+00:00" endTime="2025-06-06T19:28:33.9095398+00:00" testType="13cdc9d9-ddb5-4fa4-a97d-d965ccfc6d4b" outcome="Passed" testListId="8c84fa94-04c1-424b-9868-57a2d4851a1d" relativeResultsDirectory="088b438d-c2b2-476a-9504-57ef6c4203d7" />
    <UnitTestResult executionId="7782e904-aad8-4102-8428-3be8b08c4fac" testId="5bfe9baf-8978-2151-fd54-6dc0e4537e3f" testName="MSP430.Emulator.Tests.Cpu.RegisterFileTests.WriteRegister_StatusRegister_UpdatesStatusRegisterObject" computerName="fv-az2210-123" duration="00:00:00.0002336" startTime="2025-06-06T19:28:33.5723911+00:00" endTime="2025-06-06T19:28:33.5789960+00:00" testType="13cdc9d9-ddb5-4fa4-a97d-d965ccfc6d4b" outcome="Passed" testListId="8c84fa94-04c1-424b-9868-57a2d4851a1d" relativeResultsDirectory="7782e904-aad8-4102-8428-3be8b08c4fac" />
    <UnitTestResult executionId="4f4eb53d-d9b6-4706-a57d-c12c9e196f2d" testId="4bfa4658-0913-8bfa-f8a6-d95ac97ab5b1" testName="MSP430.Emulator.Tests.Instructions.InstructionDecoderTests.Decode_ValidFormatI_WithIndexedAddressing_ReturnsCorrectInstruction" computerName="fv-az2210-123" duration="00:00:00.0003974" startTime="2025-06-06T19:28:33.8525456+00:00" endTime="2025-06-06T19:28:33.8556089+00:00" testType="13cdc9d9-ddb5-4fa4-a97d-d965ccfc6d4b" outcome="Passed" testListId="8c84fa94-04c1-424b-9868-57a2d4851a1d" relativeResultsDirectory="4f4eb53d-d9b6-4706-a57d-c12c9e196f2d" />
    <UnitTestResult executionId="50c72787-ead3-4c82-a712-d8682339fcb3" testId="4c658dc7-4337-dec9-1a79-8caae76d631e" testName="MSP430.Emulator.Tests.Memory.FlashControllerTests.Constructor_InitializesInLockedState" computerName="fv-az2210-123" duration="00:00:00.0048494" startTime="2025-06-06T19:28:33.4114387+00:00" endTime="2025-06-06T19:28:33.4139615+00:00" testType="13cdc9d9-ddb5-4fa4-a97d-d965ccfc6d4b" outcome="Passed" testListId="8c84fa94-04c1-424b-9868-57a2d4851a1d" relativeResultsDirectory="50c72787-ead3-4c82-a712-d8682339fcb3" />
    <UnitTestResult executionId="f01f4e4b-a620-4d9d-b36b-2c01942bc317" testId="700e5948-9fd9-9bc5-f89a-b9ee32f51d14" testName="MSP430.Emulator.Tests.Memory.FlashControllerTests.TryUnlock_WhenProtected_ReturnsFalse(protectionLevel: SecurityLocked)" computerName="fv-az2210-123" duration="00:00:00.0012456" startTime="2025-06-06T19:28:33.3546991+00:00" endTime="2025-06-06T19:28:33.3605253+00:00" testType="13cdc9d9-ddb5-4fa4-a97d-d965ccfc6d4b" outcome="Passed" testListId="8c84fa94-04c1-424b-9868-57a2d4851a1d" relativeResultsDirectory="f01f4e4b-a620-4d9d-b36b-2c01942bc317" />
    <UnitTestResult executionId="b97ccb90-9c3d-4dd7-8e58-1738c0842913" testId="e6f32f6e-a681-243e-e5ff-df99c1eaa68f" testName="MSP430.Emulator.Tests.Memory.InformationMemoryTests.IsRangeInBounds_VariousRanges_ReturnsExpectedResult(startAddress: 6655, length: 2, expected: False)" computerName="fv-az2210-123" duration="00:00:00.0000362" startTime="2025-06-06T19:28:33.3001031+00:00" endTime="2025-06-06T19:28:33.3002185+00:00" testType="13cdc9d9-ddb5-4fa4-a97d-d965ccfc6d4b" outcome="Passed" testListId="8c84fa94-04c1-424b-9868-57a2d4851a1d" relativeResultsDirectory="b97ccb90-9c3d-4dd7-8e58-1738c0842913" />
    <UnitTestResult executionId="c1636c2f-e4e9-46b1-a405-5ce61f85a121" testId="c0075609-517c-0b59-3e2a-37b6732c97f5" testName="MSP430.Emulator.Tests.Instructions.Logic.BisInstructionTests.SourceRegister_AllRegisters_ReturnsCorrectRegister(register: R15)" computerName="fv-az2210-123" duration="00:00:00.0000194" startTime="2025-06-06T19:28:33.7094791+00:00" endTime="2025-06-06T19:28:33.7095510+00:00" testType="13cdc9d9-ddb5-4fa4-a97d-d965ccfc6d4b" outcome="Passed" testListId="8c84fa94-04c1-424b-9868-57a2d4851a1d" relativeResultsDirectory="c1636c2f-e4e9-46b1-a405-5ce61f85a121" />
    <UnitTestResult executionId="9ad2a05b-4084-440e-8fa9-0434cc557973" testId="6b7d5255-6107-e63b-0450-e60cb096a3a4" testName="MSP430.Emulator.Tests.Instructions.AddressingModeDecoderTests.DecodeSourceAddressingMode_GeneralPurposeRegisters_ReturnsCorrectMode(register: R6, asBits: 2, expected: Indirect)" computerName="fv-az2210-123" duration="00:00:00.0000069" startTime="2025-06-06T19:28:33.4325578+00:00" endTime="2025-06-06T19:28:33.4326366+00:00" testType="13cdc9d9-ddb5-4fa4-a97d-d965ccfc6d4b" outcome="Passed" testListId="8c84fa94-04c1-424b-9868-57a2d4851a1d" relativeResultsDirectory="9ad2a05b-4084-440e-8fa9-0434cc557973" />
    <UnitTestResult executionId="db29ad9c-6a51-4198-90e1-3dc77fd4ebc2" testId="dda43f32-a338-66ef-acab-b20d62ab7a28" testName="MSP430.Emulator.Tests.Memory.FlashMemoryTests.Constructor_InvalidSize_ThrowsArgumentOutOfRangeException(invalidSize: 512)" computerName="fv-az2210-123" duration="00:00:00.0003530" startTime="2025-06-06T19:28:33.8023093+00:00" endTime="2025-06-06T19:28:33.8023693+00:00" testType="13cdc9d9-ddb5-4fa4-a97d-d965ccfc6d4b" outcome="Passed" testListId="8c84fa94-04c1-424b-9868-57a2d4851a1d" relativeResultsDirectory="db29ad9c-6a51-4198-90e1-3dc77fd4ebc2" />
    <UnitTestResult executionId="01640ea6-8709-4d83-b34c-4dfeaee169d4" testId="638ac55a-9704-b386-47f3-8de64bec21a4" testName="MSP430.Emulator.Tests.Instructions.Arithmetic.DecInstructionTests.ExtensionWordCount_VariousAddressingModes_ReturnsCorrectCount(destMode: Indirect, expectedCount: 0)" computerName="fv-az2210-123" duration="00:00:00.0000068" startTime="2025-06-06T19:28:33.7348563+00:00" endTime="2025-06-06T19:28:33.7350271+00:00" testType="13cdc9d9-ddb5-4fa4-a97d-d965ccfc6d4b" outcome="Passed" testListId="8c84fa94-04c1-424b-9868-57a2d4851a1d" relativeResultsDirectory="01640ea6-8709-4d83-b34c-4dfeaee169d4" />
    <UnitTestResult executionId="47ef1a47-de69-4df4-8068-56dd75a54f8b" testId="32b7f0b3-4e90-9893-5d66-3acd7bd7b164" testName="MSP430.Emulator.Tests.Memory.FlashMemoryTests.GetReadCycles_ReturnsDefaultCycles" computerName="fv-az2210-123" duration="00:00:00.0001809" startTime="2025-06-06T19:28:33.7988613+00:00" endTime="2025-06-06T19:28:33.7989469+00:00" testType="13cdc9d9-ddb5-4fa4-a97d-d965ccfc6d4b" outcome="Passed" testListId="8c84fa94-04c1-424b-9868-57a2d4851a1d" relativeResultsDirectory="47ef1a47-de69-4df4-8068-56dd75a54f8b" />
    <UnitTestResult executionId="0b2758ff-4c76-4f8c-8a78-c907908b8579" testId="ddef43bf-2428-c409-c8d0-d745716efc8f" testName="MSP430.Emulator.Tests.Instructions.InstructionDecoderTests.GetInstructionFormat_FormatII_ReturnsFormatII(instructionWord: 4096)" computerName="fv-az2210-123" duration="00:00:00.0001143" startTime="2025-06-06T19:28:33.8232412+00:00" endTime="2025-06-06T19:28:33.8242576+00:00" testType="13cdc9d9-ddb5-4fa4-a97d-d965ccfc6d4b" outcome="Passed" testListId="8c84fa94-04c1-424b-9868-57a2d4851a1d" relativeResultsDirectory="0b2758ff-4c76-4f8c-8a78-c907908b8579" />
    <UnitTestResult executionId="3d6fa104-f309-4997-a20f-626494f7fdd1" testId="5ed4c406-ba5e-828a-6548-da1cac0d6744" testName="MSP430.Emulator.Tests.Core.ExecutionStateTests.MultipleTransitions_FollowValidPath" computerName="fv-az2210-123" duration="00:00:00.0002035" startTime="2025-06-06T19:28:33.6580432+00:00" endTime="2025-06-06T19:28:33.6583561+00:00" testType="13cdc9d9-ddb5-4fa4-a97d-d965ccfc6d4b" outcome="Passed" testListId="8c84fa94-04c1-424b-9868-57a2d4851a1d" relativeResultsDirectory="3d6fa104-f309-4997-a20f-626494f7fdd1" />
    <UnitTestResult executionId="f6ed676b-f306-4624-bbba-b7284904009a" testId="94c23d6a-18b2-30e3-f0e0-7dde101a1b8d" testName="MSP430.Emulator.Tests.Memory.InformationMemoryTests.GetSegment_ValidAddresses_ReturnsCorrectSegment(address: 6655, expectedSegment: SegmentA)" computerName="fv-az2210-123" duration="00:00:00.0000147" startTime="2025-06-06T19:28:33.2850552+00:00" endTime="2025-06-06T19:28:33.2851705+00:00" testType="13cdc9d9-ddb5-4fa4-a97d-d965ccfc6d4b" outcome="Passed" testListId="8c84fa94-04c1-424b-9868-57a2d4851a1d" relativeResultsDirectory="f6ed676b-f306-4624-bbba-b7284904009a" />
    <UnitTestResult executionId="19379955-7774-48aa-bb85-daed8304c65c" testId="951e81a1-8d42-de02-6f7a-4dfb3d5a213f" testName="MSP430.Emulator.Tests.Instructions.Arithmetic.CmpInstructionTests.ToString_VariousAddressingModes_FormatsCorrectly(register: R0, mode: Immediate, expectedOperand: &quot;#N&quot;)" computerName="fv-az2210-123" duration="00:00:00.0000049" startTime="2025-06-06T19:28:33.7710145+00:00" endTime="2025-06-06T19:28:33.7710836+00:00" testType="13cdc9d9-ddb5-4fa4-a97d-d965ccfc6d4b" outcome="Passed" testListId="8c84fa94-04c1-424b-9868-57a2d4851a1d" relativeResultsDirectory="19379955-7774-48aa-bb85-daed8304c65c" />
    <UnitTestResult executionId="0199d377-9186-4c36-8b18-8f6ce140b92c" testId="c5845a37-0be3-b33b-c7ee-de0980026dc2" testName="MSP430.Emulator.Tests.Instructions.Arithmetic.AddInstructionTests.ToString_VariousAddressingModes_FormatsCorrectly(register: R5, mode: Indexed, expectedOperand: &quot;X(R5)&quot;)" computerName="fv-az2210-123" duration="00:00:00.0000056" startTime="2025-06-06T19:28:33.8427109+00:00" endTime="2025-06-06T19:28:33.8427717+00:00" testType="13cdc9d9-ddb5-4fa4-a97d-d965ccfc6d4b" outcome="Passed" testListId="8c84fa94-04c1-424b-9868-57a2d4851a1d" relativeResultsDirectory="0199d377-9186-4c36-8b18-8f6ce140b92c" />
    <UnitTestResult executionId="9242bf30-552d-4f38-8945-01b3a5d2b6da" testId="50a3aeff-8aec-4135-5830-218762a87bf3" testName="MSP430.Emulator.Tests.Instructions.AddressingModeDecoderTests.DecodeSourceAddressingMode_R0_ReturnsCorrectMode(asBits: 3, expected: Immediate)" computerName="fv-az2210-123" duration="00:00:00.0000077" startTime="2025-06-06T19:28:33.4560368+00:00" endTime="2025-06-06T19:28:33.4561150+00:00" testType="13cdc9d9-ddb5-4fa4-a97d-d965ccfc6d4b" outcome="Passed" testListId="8c84fa94-04c1-424b-9868-57a2d4851a1d" relativeResultsDirectory="9242bf30-552d-4f38-8945-01b3a5d2b6da" />
    <UnitTestResult executionId="262f2535-715b-4f91-9955-87a5a1348c73" testId="ec2207d2-a9a8-fe88-d748-886b5e215daa" testName="MSP430.Emulator.Tests.Instructions.Arithmetic.CmpInstructionTests.ExtensionWordCount_VariousAddressingModes_ReturnsCorrectCount(sourceMode: Immediate, destMode: Absolute, expectedCount: 2)" computerName="fv-az2210-123" duration="00:00:00.0002451" startTime="2025-06-06T19:28:33.7731960+00:00" endTime="2025-06-06T19:28:33.7732650+00:00" testType="13cdc9d9-ddb5-4fa4-a97d-d965ccfc6d4b" outcome="Passed" testListId="8c84fa94-04c1-424b-9868-57a2d4851a1d" relativeResultsDirectory="262f2535-715b-4f91-9955-87a5a1348c73" />
    <UnitTestResult executionId="523f47b5-a58a-4ea2-8c1c-2872d30c6b6d" testId="c56fefa1-1039-9dd9-43da-8348ef001adf" testName="MSP430.Emulator.Tests.Cpu.StatusRegisterTests.Value_SetDirectly_UpdatesAllFlags" computerName="fv-az2210-123" duration="00:00:00.0029144" startTime="2025-06-06T19:28:33.0283323+00:00" endTime="2025-06-06T19:28:33.0398595+00:00" testType="13cdc9d9-ddb5-4fa4-a97d-d965ccfc6d4b" outcome="Passed" testListId="8c84fa94-04c1-424b-9868-57a2d4851a1d" relativeResultsDirectory="523f47b5-a58a-4ea2-8c1c-2872d30c6b6d" />
    <UnitTestResult executionId="33218eec-ebc1-4a30-a5cb-82a687b85997" testId="4925e861-668d-0776-992b-a30cf05df577" testName="MSP430.Emulator.Tests.Memory.FlashControllerTests.Update_ExcessCycles_CompletesOperation" computerName="fv-az2210-123" duration="00:00:00.0001611" startTime="2025-06-06T19:28:33.3919322+00:00" endTime="2025-06-06T19:28:33.3947034+00:00" testType="13cdc9d9-ddb5-4fa4-a97d-d965ccfc6d4b" outcome="Passed" testListId="8c84fa94-04c1-424b-9868-57a2d4851a1d" relativeResultsDirectory="33218eec-ebc1-4a30-a5cb-82a687b85997" />
    <UnitTestResult executionId="33cde339-8ef2-49e2-8a44-c5d6f7e94fa4" testId="6769ada2-43c6-2528-c1bd-5c3ad995533f" testName="MSP430.Emulator.Tests.Instructions.Arithmetic.AddInstructionTests.ToString_VariousAddressingModes_FormatsCorrectly(register: R0, mode: Register, expectedOperand: &quot;R0&quot;)" computerName="fv-az2210-123" duration="00:00:00.0000048" startTime="2025-06-06T19:28:33.8419782+00:00" endTime="2025-06-06T19:28:33.8422325+00:00" testType="13cdc9d9-ddb5-4fa4-a97d-d965ccfc6d4b" outcome="Passed" testListId="8c84fa94-04c1-424b-9868-57a2d4851a1d" relativeResultsDirectory="33cde339-8ef2-49e2-8a44-c5d6f7e94fa4" />
    <UnitTestResult executionId="a44cb60b-c5a7-476c-972c-2dbf88de4dc0" testId="d313729c-a12f-afbb-eaa0-23613ea1cc8a" testName="MSP430.Emulator.Tests.Instructions.Logic.BisInstructionTests.ToString_ByteOperation_IncludesByteModifier" computerName="fv-az2210-123" duration="00:00:00.0001223" startTime="2025-06-06T19:28:33.7514382+00:00" endTime="2025-06-06T19:28:33.7519535+00:00" testType="13cdc9d9-ddb5-4fa4-a97d-d965ccfc6d4b" outcome="Passed" testListId="8c84fa94-04c1-424b-9868-57a2d4851a1d" relativeResultsDirectory="a44cb60b-c5a7-476c-972c-2dbf88de4dc0" />
    <UnitTestResult executionId="4a274a7c-17f6-483b-ac86-530a53e482af" testId="ec746fa2-14da-ea9b-2c88-f4e35b8dc66f" testName="MSP430.Emulator.Tests.Instructions.Arithmetic.AddInstructionTests.ExtensionWordCount_VariousAddressingModes_ReturnsCorrectCount(sourceMode: Symbolic, destMode: Indexed, expectedCount: 2)" computerName="fv-az2210-123" duration="00:00:00.0000043" startTime="2025-06-06T19:28:33.8475896+00:00" endTime="2025-06-06T19:28:33.8476577+00:00" testType="13cdc9d9-ddb5-4fa4-a97d-d965ccfc6d4b" outcome="Passed" testListId="8c84fa94-04c1-424b-9868-57a2d4851a1d" relativeResultsDirectory="4a274a7c-17f6-483b-ac86-530a53e482af" />
    <UnitTestResult executionId="ae91cd83-fb8f-4c66-85c8-de7ef957305e" testId="608499c7-d2f1-832e-31d3-2f7890511b62" testName="MSP430.Emulator.Tests.Core.ExecutionStateTests.IsValidTransition_ReturnsExpectedResult(from: SingleStep, to: Stopped, expected: True)" computerName="fv-az2210-123" duration="00:00:00.0000038" startTime="2025-06-06T19:28:33.7051197+00:00" endTime="2025-06-06T19:28:33.7051912+00:00" testType="13cdc9d9-ddb5-4fa4-a97d-d965ccfc6d4b" outcome="Passed" testListId="8c84fa94-04c1-424b-9868-57a2d4851a1d" relativeResultsDirectory="ae91cd83-fb8f-4c66-85c8-de7ef957305e" />
    <UnitTestResult executionId="cec0e519-30c8-4071-b3b3-7f8acb2ec6ed" testId="0f5f76d9-a522-c23a-6d59-d5caefba2e61" testName="MSP430.Emulator.Tests.Memory.MemoryControllerTests.Constructor_ValidParameters_InitializesCorrectly" computerName="fv-az2210-123" duration="00:00:00.0032271" startTime="2025-06-06T19:28:33.9184924+00:00" endTime="2025-06-06T19:28:33.9185322+00:00" testType="13cdc9d9-ddb5-4fa4-a97d-d965ccfc6d4b" outcome="Passed" testListId="8c84fa94-04c1-424b-9868-57a2d4851a1d" relativeResultsDirectory="cec0e519-30c8-4071-b3b3-7f8acb2ec6ed" />
    <UnitTestResult executionId="f46ac424-6189-40ec-923f-56c37b6f2422" testId="8d52503b-489c-3b66-83ee-625b840a668f" testName="MSP430.Emulator.Tests.Cpu.StatusRegisterTests.UpdateFlagsAfterAddition_WordOperation_SetsCorrectFlags(operand1: 32768, operand2: 32768, result: 65536, isByteOp: False, expectedZero: True, expectedNegative: False, expectedCarry: True, expectedOverflow: True)" computerName="fv-az2210-123" duration="00:00:00.0000096" startTime="2025-06-06T19:28:33.0076548+00:00" endTime="2025-06-06T19:28:33.0077844+00:00" testType="13cdc9d9-ddb5-4fa4-a97d-d965ccfc6d4b" outcome="Passed" testListId="8c84fa94-04c1-424b-9868-57a2d4851a1d" relativeResultsDirectory="f46ac424-6189-40ec-923f-56c37b6f2422" />
    <UnitTestResult executionId="535112b8-d184-46ef-a837-2f4858438887" testId="84173824-84cf-5c05-90c1-de1092ac7b2b" testName="MSP430.Emulator.Tests.Cpu.StatusRegisterTests.GeneralInterruptEnable_GetSet_WorksCorrectly(value: 0, expected: False)" computerName="fv-az2210-123" duration="00:00:00.0003265" startTime="2025-06-06T19:28:33.1077356+00:00" endTime="2025-06-06T19:28:33.1079056+00:00" testType="13cdc9d9-ddb5-4fa4-a97d-d965ccfc6d4b" outcome="Passed" testListId="8c84fa94-04c1-424b-9868-57a2d4851a1d" relativeResultsDirectory="535112b8-d184-46ef-a837-2f4858438887" />
    <UnitTestResult executionId="9bb6099a-b00c-4d83-8468-d36472c0292f" testId="51acf133-f748-a6cd-d085-894102e286a3" testName="MSP430.Emulator.Tests.Cpu.StatusRegisterTests.UpdateFlagsAfterSubtraction_ByteOperation_SetsCorrectFlags(operand1: 16, operand2: 32, result: 240, isByteOp: True, expectedZero: False, expectedNegative: True, expectedCarry: False, expectedOverflow: False)" computerName="fv-az2210-123" duration="00:00:00.0000123" startTime="2025-06-06T19:28:33.1010044+00:00" endTime="2025-06-06T19:28:33.1011214+00:00" testType="13cdc9d9-ddb5-4fa4-a97d-d965ccfc6d4b" outcome="Passed" testListId="8c84fa94-04c1-424b-9868-57a2d4851a1d" relativeResultsDirectory="9bb6099a-b00c-4d83-8468-d36472c0292f" />
    <UnitTestResult executionId="88acb2c8-d7a2-415e-b1a0-d49ccc64852b" testId="bd073554-3a47-6f08-0e56-35b530a9e94a" testName="MSP430.Emulator.Tests.Memory.FlashMemoryTests.EraseSector_WhenUnlocked_ReturnsTrue" computerName="fv-az2210-123" duration="00:00:00.0002219" startTime="2025-06-06T19:28:33.7997605+00:00" endTime="2025-06-06T19:28:33.7998259+00:00" testType="13cdc9d9-ddb5-4fa4-a97d-d965ccfc6d4b" outcome="Passed" testListId="8c84fa94-04c1-424b-9868-57a2d4851a1d" relativeResultsDirectory="88acb2c8-d7a2-415e-b1a0-d49ccc64852b" />
    <UnitTestResult executionId="52da7860-07c4-4ddf-97b0-6fab6c47230f" testId="eb6aad54-6ce8-493c-7500-eac222b23956" testName="MSP430.Emulator.Tests.Instructions.Arithmetic.SubInstructionTests.AddressingModes_AllSupportedModes_ReturnCorrectValues(mode: Immediate)" computerName="fv-az2210-123" duration="00:00:00.0008631" startTime="2025-06-06T19:28:33.6220868+00:00" endTime="2025-06-06T19:28:33.6226780+00:00" testType="13cdc9d9-ddb5-4fa4-a97d-d965ccfc6d4b" outcome="Passed" testListId="8c84fa94-04c1-424b-9868-57a2d4851a1d" relativeResultsDirectory="52da7860-07c4-4ddf-97b0-6fab6c47230f" />
    <UnitTestResult executionId="3f3f8300-f854-40d1-8e89-49dfee7c94c8" testId="fa81e5f2-5c04-b3e2-0e45-41b8d6695d86" testName="MSP430.Emulator.Tests.Instructions.Logic.BitInstructionTests.ExtensionWordCount_VariousAddressingModes_ReturnsCorrectCount(sourceMode: Register, destMode: Indexed, expectedCount: 1)" computerName="fv-az2210-123" duration="00:00:00.0000096" startTime="2025-06-06T19:28:33.5469315+00:00" endTime="2025-06-06T19:28:33.5470165+00:00" testType="13cdc9d9-ddb5-4fa4-a97d-d965ccfc6d4b" outcome="Passed" testListId="8c84fa94-04c1-424b-9868-57a2d4851a1d" relativeResultsDirectory="3f3f8300-f854-40d1-8e89-49dfee7c94c8" />
    <UnitTestResult executionId="3d68a765-4a8b-450e-b696-79b6b0f53a19" testId="43a24cea-a08e-89d6-ce78-72ae6a84a85f" testName="MSP430.Emulator.Tests.Memory.FlashMemoryTests.GetSectorBaseAddress_ValidAddress_ReturnsCorrectBase" computerName="fv-az2210-123" duration="00:00:00.0004211" startTime="2025-06-06T19:28:33.7912778+00:00" endTime="2025-06-06T19:28:33.7913476+00:00" testType="13cdc9d9-ddb5-4fa4-a97d-d965ccfc6d4b" outcome="Passed" testListId="8c84fa94-04c1-424b-9868-57a2d4851a1d" relativeResultsDirectory="3d68a765-4a8b-450e-b696-79b6b0f53a19" />
    <UnitTestResult executionId="152980b1-5e5b-484a-bfd5-e4b5cce7430b" testId="d52b8b59-a017-5837-d8f2-a31d344834c0" testName="MSP430.Emulator.Tests.Memory.InformationMemoryTests.WriteWord_SpanningSegments_ChecksBothSegments" computerName="fv-az2210-123" duration="00:00:00.0001375" startTime="2025-06-06T19:28:33.3705500+00:00" endTime="2025-06-06T19:28:33.3706701+00:00" testType="13cdc9d9-ddb5-4fa4-a97d-d965ccfc6d4b" outcome="Passed" testListId="8c84fa94-04c1-424b-9868-57a2d4851a1d" relativeResultsDirectory="152980b1-5e5b-484a-bfd5-e4b5cce7430b" />
    <UnitTestResult executionId="8185d9aa-4ae4-4613-9daa-36dbd7e32150" testId="db6eddad-41f0-c143-cd53-bc13756c3eec" testName="MSP430.Emulator.Tests.Instructions.Arithmetic.CmpInstructionTests.Properties_VariousRegisters_ReturnCorrectValues(source: R15, dest: R2)" computerName="fv-az2210-123" duration="00:00:00.0000080" startTime="2025-06-06T19:28:33.7819634+00:00" endTime="2025-06-06T19:28:33.7820326+00:00" testType="13cdc9d9-ddb5-4fa4-a97d-d965ccfc6d4b" outcome="Passed" testListId="8c84fa94-04c1-424b-9868-57a2d4851a1d" relativeResultsDirectory="8185d9aa-4ae4-4613-9daa-36dbd7e32150" />
    <UnitTestResult executionId="06ec0fe8-e609-40fd-82ce-992ca6621218" testId="818a8e2a-495e-d834-7890-5a4270f4f740" testName="MSP430.Emulator.Tests.Cpu.RegisterFileTests.GetProgramCounter_ReturnsR0Value" computerName="fv-az2210-123" duration="00:00:00.0001299" startTime="2025-06-06T19:28:33.5508663+00:00" endTime="2025-06-06T19:28:33.5529711+00:00" testType="13cdc9d9-ddb5-4fa4-a97d-d965ccfc6d4b" outcome="Passed" testListId="8c84fa94-04c1-424b-9868-57a2d4851a1d" relativeResultsDirectory="06ec0fe8-e609-40fd-82ce-992ca6621218" />
    <UnitTestResult executionId="65bb2487-5453-476b-8f67-12d48a58bd08" testId="3a4af97a-627c-e13e-81ff-a2a903e34e82" testName="MSP430.Emulator.Tests.Cpu.StatusRegisterTests.SystemClockGenerator0_SetFlag_UpdatesValue" computerName="fv-az2210-123" duration="00:00:00.0002257" startTime="2025-06-06T19:28:33.0841661+00:00" endTime="2025-06-06T19:28:33.0843089+00:00" testType="13cdc9d9-ddb5-4fa4-a97d-d965ccfc6d4b" outcome="Passed" testListId="8c84fa94-04c1-424b-9868-57a2d4851a1d" relativeResultsDirectory="65bb2487-5453-476b-8f67-12d48a58bd08" />
    <UnitTestResult executionId="70b2f216-589d-439a-90c0-abf53a15ef0e" testId="3f40fe5a-386f-bce5-1b6c-5341e66c975a" testName="MSP430.Emulator.Tests.Memory.FlashMemoryTests.IsRangeInBounds_ValidRanges_ReturnsTrue" computerName="fv-az2210-123" duration="00:00:00.0002451" startTime="2025-06-06T19:28:33.7922439+00:00" endTime="2025-06-06T19:28:33.7923122+00:00" testType="13cdc9d9-ddb5-4fa4-a97d-d965ccfc6d4b" outcome="Passed" testListId="8c84fa94-04c1-424b-9868-57a2d4851a1d" relativeResultsDirectory="70b2f216-589d-439a-90c0-abf53a15ef0e" />
    <UnitTestResult executionId="c94898cf-cd04-4e6a-9e1f-b0ea12cd8af3" testId="a02aa644-c698-eef3-3e45-7b180e05e84d" testName="MSP430.Emulator.Tests.Instructions.Logic.BitInstructionTests.DestinationRegister_AllRegisters_ReturnsCorrectRegister(register: R1)" computerName="fv-az2210-123" duration="00:00:00.0000131" startTime="2025-06-06T19:28:33.5561592+00:00" endTime="2025-06-06T19:28:33.5562398+00:00" testType="13cdc9d9-ddb5-4fa4-a97d-d965ccfc6d4b" outcome="Passed" testListId="8c84fa94-04c1-424b-9868-57a2d4851a1d" relativeResultsDirectory="c94898cf-cd04-4e6a-9e1f-b0ea12cd8af3" />
    <UnitTestResult executionId="026cfaaf-3f89-4aa5-8e71-44e1f20b360b" testId="adce2150-f353-a2bd-a4ff-54eb8e340120" testName="MSP430.Emulator.Tests.Memory.FlashControllerTests.Lock_FromUnlockedState_ChangesToLocked" computerName="fv-az2210-123" duration="00:00:00.0001329" startTime="2025-06-06T19:28:33.4025210+00:00" endTime="2025-06-06T19:28:33.4032837+00:00" testType="13cdc9d9-ddb5-4fa4-a97d-d965ccfc6d4b" outcome="Passed" testListId="8c84fa94-04c1-424b-9868-57a2d4851a1d" relativeResultsDirectory="026cfaaf-3f89-4aa5-8e71-44e1f20b360b" />
    <UnitTestResult executionId="4c671b2c-b338-46ef-a072-0d53da46c8e9" testId="ed9d0905-2e6b-0dca-5376-b5f67aa714a6" testName="MSP430.Emulator.Tests.Instructions.Logic.BitInstructionTests.SourceRegister_AllRegisters_ReturnsCorrectRegister(register: R2)" computerName="fv-az2210-123" duration="00:00:00.0000073" startTime="2025-06-06T19:28:33.5626071+00:00" endTime="2025-06-06T19:28:33.5626909+00:00" testType="13cdc9d9-ddb5-4fa4-a97d-d965ccfc6d4b" outcome="Passed" testListId="8c84fa94-04c1-424b-9868-57a2d4851a1d" relativeResultsDirectory="4c671b2c-b338-46ef-a072-0d53da46c8e9" />
    <UnitTestResult executionId="ee33d837-6715-467d-aafd-32811c997597" testId="8d7b87ea-388d-5076-c59f-bb3a50b0147a" testName="MSP430.Emulator.Tests.Instructions.Arithmetic.DecInstructionTests.ExtensionWordCount_VariousAddressingModes_ReturnsCorrectCount(destMode: Indexed, expectedCount: 1)" computerName="fv-az2210-123" duration="00:00:00.0000043" startTime="2025-06-06T19:28:33.7376301+00:00" endTime="2025-06-06T19:28:33.7377074+00:00" testType="13cdc9d9-ddb5-4fa4-a97d-d965ccfc6d4b" outcome="Passed" testListId="8c84fa94-04c1-424b-9868-57a2d4851a1d" relativeResultsDirectory="ee33d837-6715-467d-aafd-32811c997597" />
    <UnitTestResult executionId="d93ccdcb-0b11-46ec-94cc-ed680bf3525b" testId="f62559f3-3c83-290d-0bfd-21bf477290a4" testName="MSP430.Emulator.Tests.Memory.InformationMemoryTests.ReadWord_UnalignedAddress_ThrowsArgumentException(unalignedAddress: 6145)" computerName="fv-az2210-123" duration="00:00:00.0026159" startTime="2025-06-06T19:28:33.3217557+00:00" endTime="2025-06-06T19:28:33.3331157+00:00" testType="13cdc9d9-ddb5-4fa4-a97d-d965ccfc6d4b" outcome="Passed" testListId="8c84fa94-04c1-424b-9868-57a2d4851a1d" relativeResultsDirectory="d93ccdcb-0b11-46ec-94cc-ed680bf3525b" />
    <UnitTestResult executionId="b80bd5d4-e48f-41f7-b4e0-9ca8ec21585f" testId="4e057b33-79cc-f0a8-785e-c4e76a864058" testName="MSP430.Emulator.Tests.Memory.InformationMemoryTests.Constructor_WithoutLogger_CreatesInformationMemory" computerName="fv-az2210-123" duration="00:00:00.0001314" startTime="2025-06-06T19:28:33.3905797+00:00" endTime="2025-06-06T19:28:33.3920745+00:00" testType="13cdc9d9-ddb5-4fa4-a97d-d965ccfc6d4b" outcome="Passed" testListId="8c84fa94-04c1-424b-9868-57a2d4851a1d" relativeResultsDirectory="b80bd5d4-e48f-41f7-b4e0-9ca8ec21585f" />
    <UnitTestResult executionId="9b131ccf-afa4-49e3-88d1-b8dfbf45c145" testId="0673d42d-08b4-1d86-436b-25bcdc91f72b" testName="MSP430.Emulator.Tests.Cpu.StatusRegisterTests.Carry_GetSet_WorksCorrectly(value: 65534, expectedCarry: False)" computerName="fv-az2210-123" duration="00:00:00.0001243" startTime="2025-06-06T19:28:33.0483333+00:00" endTime="2025-06-06T19:28:33.0484811+00:00" testType="13cdc9d9-ddb5-4fa4-a97d-d965ccfc6d4b" outcome="Passed" testListId="8c84fa94-04c1-424b-9868-57a2d4851a1d" relativeResultsDirectory="9b131ccf-afa4-49e3-88d1-b8dfbf45c145" />
    <UnitTestResult executionId="b3e8e20a-8a43-4dc1-a106-409f497fc9cc" testId="5f15f42d-5d6b-9613-39b6-8ebe8c278e86" testName="MSP430.Emulator.Tests.Instructions.Arithmetic.IncInstructionTests.Properties_VariousRegisters_ReturnCorrectValues(dest: R0)" computerName="fv-az2210-123" duration="00:00:00.0000095" startTime="2025-06-06T19:28:33.6430602+00:00" endTime="2025-06-06T19:28:33.6431354+00:00" testType="13cdc9d9-ddb5-4fa4-a97d-d965ccfc6d4b" outcome="Passed" testListId="8c84fa94-04c1-424b-9868-57a2d4851a1d" relativeResultsDirectory="b3e8e20a-8a43-4dc1-a106-409f497fc9cc" />
    <UnitTestResult executionId="23e3df0d-1fa1-4f44-846d-a3bf0835dd12" testId="41a400e9-0a95-e903-5e55-fe1497febc44" testName="MSP430.Emulator.Tests.Instructions.Arithmetic.AddInstructionTests.ExtensionWordCount_VariousAddressingModes_ReturnsCorrectCount(sourceMode: Absolute, destMode: Register, expectedCount: 1)" computerName="fv-az2210-123" duration="00:00:00.0000039" startTime="2025-06-06T19:28:33.8497771+00:00" endTime="2025-06-06T19:28:33.8498984+00:00" testType="13cdc9d9-ddb5-4fa4-a97d-d965ccfc6d4b" outcome="Passed" testListId="8c84fa94-04c1-424b-9868-57a2d4851a1d" relativeResultsDirectory="23e3df0d-1fa1-4f44-846d-a3bf0835dd12" />
    <UnitTestResult executionId="4c2a8dcb-7a09-475d-8bd2-2b79f1c64b73" testId="01be70f8-b6a2-c58c-2818-ec2a7f66b934" testName="MSP430.Emulator.Tests.Logging.ConsoleLoggerTests.Warning_CallsLogWithWarningLevel" computerName="fv-az2210-123" duration="00:00:00.0002465" startTime="2025-06-06T19:28:33.4316529+00:00" endTime="2025-06-06T19:28:33.4340382+00:00" testType="13cdc9d9-ddb5-4fa4-a97d-d965ccfc6d4b" outcome="Passed" testListId="8c84fa94-04c1-424b-9868-57a2d4851a1d" relativeResultsDirectory="4c2a8dcb-7a09-475d-8bd2-2b79f1c64b73" />
    <UnitTestResult executionId="39fe2429-6241-421d-a4af-5fb2abee5400" testId="539fe347-bd88-219a-5d15-3fdc1569f5a1" testName="MSP430.Emulator.Tests.Cpu.StatusRegisterTests.Overflow_GetSet_WorksCorrectly(value: 256, expected: True)" computerName="fv-az2210-123" duration="00:00:00.0001079" startTime="2025-06-06T19:28:33.0425693+00:00" endTime="2025-06-06T19:28:33.0427284+00:00" testType="13cdc9d9-ddb5-4fa4-a97d-d965ccfc6d4b" outcome="Passed" testListId="8c84fa94-04c1-424b-9868-57a2d4851a1d" relativeResultsDirectory="39fe2429-6241-421d-a4af-5fb2abee5400" />
    <UnitTestResult executionId="c6afd79b-e377-45d8-a80b-31025d871875" testId="02092aac-4beb-833e-6bdf-361aa4291d1a" testName="MSP430.Emulator.Tests.Memory.InformationMemoryTests.InformationSegmentInfo_Contains_WorksCorrectly" computerName="fv-az2210-123" duration="00:00:00.0001719" startTime="2025-06-06T19:28:33.3945797+00:00" endTime="2025-06-06T19:28:33.3962345+00:00" testType="13cdc9d9-ddb5-4fa4-a97d-d965ccfc6d4b" outcome="Passed" testListId="8c84fa94-04c1-424b-9868-57a2d4851a1d" relativeResultsDirectory="c6afd79b-e377-45d8-a80b-31025d871875" />
    <UnitTestResult executionId="b0680b1f-074e-44e2-bf74-0a1c76fee812" testId="248baad8-226b-bfb3-1530-9d4951e67b14" testName="MSP430.Emulator.Tests.Instructions.InstructionDecoderTests.Decode_ValidFormatIII_ReturnsFormatIIIInstruction" computerName="fv-az2210-123" duration="00:00:00.0004193" startTime="2025-06-06T19:28:33.8426639+00:00" endTime="2025-06-06T19:28:33.8450257+00:00" testType="13cdc9d9-ddb5-4fa4-a97d-d965ccfc6d4b" outcome="Passed" testListId="8c84fa94-04c1-424b-9868-57a2d4851a1d" relativeResultsDirectory="b0680b1f-074e-44e2-bf74-0a1c76fee812" />
    <UnitTestResult executionId="648a9ab3-fa9d-4748-888a-8a83a890dfaa" testId="1db0efe3-a817-5674-daf9-a803ff1278f2" testName="MSP430.Emulator.Tests.Memory.MemorySystemIntegrationTests.MemorySystem_RegionDescriptions_AreCorrect(address: 0, expectedDescription: &quot;Special Function Registers&quot;)" computerName="fv-az2210-123" duration="00:00:00.0110160" startTime="2025-06-06T19:28:33.6637537+00:00" endTime="2025-06-06T19:28:33.7177368+00:00" testType="13cdc9d9-ddb5-4fa4-a97d-d965ccfc6d4b" outcome="Passed" testListId="8c84fa94-04c1-424b-9868-57a2d4851a1d" relativeResultsDirectory="648a9ab3-fa9d-4748-888a-8a83a890dfaa" />
    <UnitTestResult executionId="a115cf3d-056e-4a37-a93a-081de8f618e1" testId="0b6e2456-15b8-7ab4-7e5f-959d43c3d981" testName="MSP430.Emulator.Tests.Instructions.Logic.AndInstructionTests.ExtensionWordCount_VariousAddressingModes_ReturnsCorrectCount(sourceMode: Indexed, destMode: Register, expectedCount: 1)" computerName="fv-az2210-123" duration="00:00:00.0000054" startTime="2025-06-06T19:28:33.6669822+00:00" endTime="2025-06-06T19:28:33.6671408+00:00" testType="13cdc9d9-ddb5-4fa4-a97d-d965ccfc6d4b" outcome="Passed" testListId="8c84fa94-04c1-424b-9868-57a2d4851a1d" relativeResultsDirectory="a115cf3d-056e-4a37-a93a-081de8f618e1" />
    <UnitTestResult executionId="bd5b52c4-0472-4858-97d7-0d78f2fd96a3" testId="c3f98565-0694-4442-b72d-a7e828693ace" testName="MSP430.Emulator.Tests.Instructions.Logic.XorInstructionTests.ToString_VariousAddressingModes_FormatsCorrectly(mode: Register, expectedOperand: &quot;R1&quot;)" computerName="fv-az2210-123" duration="00:00:00.0000098" startTime="2025-06-06T19:28:33.0353658+00:00" endTime="2025-06-06T19:28:33.0355013+00:00" testType="13cdc9d9-ddb5-4fa4-a97d-d965ccfc6d4b" outcome="Passed" testListId="8c84fa94-04c1-424b-9868-57a2d4851a1d" relativeResultsDirectory="bd5b52c4-0472-4858-97d7-0d78f2fd96a3" />
    <UnitTestResult executionId="e122509a-9149-427a-9fbf-3c9d0883c1ae" testId="25894c41-8e1c-566d-4d05-a55867ba612e" testName="MSP430.Emulator.Tests.Instructions.Arithmetic.AddInstructionTests.Properties_VariousRegisters_ReturnCorrectValues(source: R15, dest: R2)" computerName="fv-az2210-123" duration="00:00:00.0000130" startTime="2025-06-06T19:28:33.8615585+00:00" endTime="2025-06-06T19:28:33.8616101+00:00" testType="13cdc9d9-ddb5-4fa4-a97d-d965ccfc6d4b" outcome="Passed" testListId="8c84fa94-04c1-424b-9868-57a2d4851a1d" relativeResultsDirectory="e122509a-9149-427a-9fbf-3c9d0883c1ae" />
    <UnitTestResult executionId="b3466659-f693-41fc-9945-ee80eae985d4" testId="59e05570-0b78-6c5b-dbc3-5f48ee79147a" testName="MSP430.Emulator.Tests.Cpu.RegisterFileTests.WriteRegister_StackPointer_WordAligns" computerName="fv-az2210-123" duration="00:00:00.0001228" startTime="2025-06-06T19:28:33.6005190+00:00" endTime="2025-06-06T19:28:33.6005925+00:00" testType="13cdc9d9-ddb5-4fa4-a97d-d965ccfc6d4b" outcome="Passed" testListId="8c84fa94-04c1-424b-9868-57a2d4851a1d" relativeResultsDirectory="b3466659-f693-41fc-9945-ee80eae985d4" />
    <UnitTestResult executionId="7a54bc07-e050-4f68-8fd6-83fc1d7ee093" testId="d7748f9d-51b4-ec5f-f702-a60d693b9c23" testName="MSP430.Emulator.Tests.Memory.MemoryMapTests.DefaultMemoryLayout_RegionBoundaries_AreCorrect(region: Peripherals8Bit, expectedStart: 256, expectedEnd: 511)" computerName="fv-az2210-123" duration="00:00:00.0050954" startTime="2025-06-06T19:28:30.9014271+00:00" endTime="2025-06-06T19:28:30.9047110+00:00" testType="13cdc9d9-ddb5-4fa4-a97d-d965ccfc6d4b" outcome="Passed" testListId="8c84fa94-04c1-424b-9868-57a2d4851a1d" relativeResultsDirectory="7a54bc07-e050-4f68-8fd6-83fc1d7ee093" />
    <UnitTestResult executionId="c0ccfa72-d153-45d4-8129-10b23e385884" testId="488a266d-b481-eda0-c984-c601c45ed5d2" testName="MSP430.Emulator.Tests.Memory.FlashControllerTests.StartSectorErase_WhenUnlocked_ReturnsTrue" computerName="fv-az2210-123" duration="00:00:00.0001821" startTime="2025-06-06T19:28:33.3893942+00:00" endTime="2025-06-06T19:28:33.3906918+00:00" testType="13cdc9d9-ddb5-4fa4-a97d-d965ccfc6d4b" outcome="Passed" testListId="8c84fa94-04c1-424b-9868-57a2d4851a1d" relativeResultsDirectory="c0ccfa72-d153-45d4-8129-10b23e385884" />
    <UnitTestResult executionId="2bb98916-e1df-4a8c-90dc-74dc35f069df" testId="6c515a75-0790-ce0c-5268-9e33e2ca6fbc" testName="MSP430.Emulator.Tests.Cpu.StatusRegisterTests.UpdateFlags_VariousScenarios_UpdatesCorrectly(result: 0, updateCarry: False, updateOverflow: False)" computerName="fv-az2210-123" duration="00:00:00.0000077" startTime="2025-06-06T19:28:33.1362058+00:00" endTime="2025-06-06T19:28:33.1363107+00:00" testType="13cdc9d9-ddb5-4fa4-a97d-d965ccfc6d4b" outcome="Passed" testListId="8c84fa94-04c1-424b-9868-57a2d4851a1d" relativeResultsDirectory="2bb98916-e1df-4a8c-90dc-74dc35f069df" />
    <UnitTestResult executionId="1cf3ac8f-953d-4244-96f6-9709c984b960" testId="a77dd034-3274-0135-455e-ac302fab9adf" testName="MSP430.Emulator.Tests.Memory.MemoryControllerTests.FetchInstruction_WithContext_NullContext_ThrowsArgumentNullException" computerName="fv-az2210-123" duration="00:00:00.0033563" startTime="2025-06-06T19:28:33.9132981+00:00" endTime="2025-06-06T19:28:33.9133387+00:00" testType="13cdc9d9-ddb5-4fa4-a97d-d965ccfc6d4b" outcome="Passed" testListId="8c84fa94-04c1-424b-9868-57a2d4851a1d" relativeResultsDirectory="1cf3ac8f-953d-4244-96f6-9709c984b960" />
    <UnitTestResult executionId="7e679de6-f530-4677-90cd-8b8fe22945f8" testId="813975ae-f387-e307-0541-b41e637bf6c0" testName="MSP430.Emulator.Tests.Cpu.StatusRegisterTests.SystemClockGenerator1_GetSet_WorksCorrectly(value: 0, expected: False)" computerName="fv-az2210-123" duration="00:00:00.0000079" startTime="2025-06-06T19:28:33.1201755+00:00" endTime="2025-06-06T19:28:33.1217821+00:00" testType="13cdc9d9-ddb5-4fa4-a97d-d965ccfc6d4b" outcome="Passed" testListId="8c84fa94-04c1-424b-9868-57a2d4851a1d" relativeResultsDirectory="7e679de6-f530-4677-90cd-8b8fe22945f8" />
    <UnitTestResult executionId="46858128-4819-44cf-ade4-9cdf7d2d60c3" testId="9e22019c-cdf2-41c4-d634-6f66aa92479b" testName="MSP430.Emulator.Tests.Instructions.Arithmetic.IncInstructionTests.Properties_DifferentRegisters_ReturnCorrectDestination(expected: R4, other: R5)" computerName="fv-az2210-123" duration="00:00:00.0000134" startTime="2025-06-06T19:28:33.6050329+00:00" endTime="2025-06-06T19:28:33.6051078+00:00" testType="13cdc9d9-ddb5-4fa4-a97d-d965ccfc6d4b" outcome="Passed" testListId="8c84fa94-04c1-424b-9868-57a2d4851a1d" relativeResultsDirectory="46858128-4819-44cf-ade4-9cdf7d2d60c3" />
    <UnitTestResult executionId="7cc8ce63-34d0-43d6-8df9-e821f1ecfb6f" testId="b2943faa-d80f-857d-5b48-7c56b90a95cb" testName="MSP430.Emulator.Tests.Instructions.Logic.BisInstructionTests.AddressingModes_AllSupportedModes_ReturnCorrectValues(mode: Register)" computerName="fv-az2210-123" duration="00:00:00.0000113" startTime="2025-06-06T19:28:33.7320968+00:00" endTime="2025-06-06T19:28:33.7321668+00:00" testType="13cdc9d9-ddb5-4fa4-a97d-d965ccfc6d4b" outcome="Passed" testListId="8c84fa94-04c1-424b-9868-57a2d4851a1d" relativeResultsDirectory="7cc8ce63-34d0-43d6-8df9-e821f1ecfb6f" />
    <UnitTestResult executionId="83ff1f16-7651-4bf2-a438-b29c5d3485ef" testId="cb1a1dd9-9a34-dcbb-34c0-a9c5b2aae13a" testName="MSP430.Emulator.Tests.Memory.RandomAccessMemoryTests.WriteWord_OddAddress_ThrowsArgumentException(oddAddress: 8193)" computerName="fv-az2210-123" duration="00:00:00.0002598" startTime="2025-06-06T19:28:33.8866848+00:00" endTime="2025-06-06T19:28:33.8867239+00:00" testType="13cdc9d9-ddb5-4fa4-a97d-d965ccfc6d4b" outcome="Passed" testListId="8c84fa94-04c1-424b-9868-57a2d4851a1d" relativeResultsDirectory="83ff1f16-7651-4bf2-a438-b29c5d3485ef" />
    <UnitTestResult executionId="813c029c-c499-4005-848a-0807259e7354" testId="4e0bbfbe-fa52-a8b5-45a2-0c2e5206224b" testName="MSP430.Emulator.Tests.Instructions.Logic.XorInstructionTests.SourceRegister_AllRegisters_ReturnsCorrectRegister(register: R2)" computerName="fv-az2210-123" duration="00:00:00.0001519" startTime="2025-06-06T19:28:33.2076595+00:00" endTime="2025-06-06T19:28:33.2078068+00:00" testType="13cdc9d9-ddb5-4fa4-a97d-d965ccfc6d4b" outcome="Passed" testListId="8c84fa94-04c1-424b-9868-57a2d4851a1d" relativeResultsDirectory="813c029c-c499-4005-848a-0807259e7354" />
    <UnitTestResult executionId="15826072-9e20-4eaf-8674-2dec633e84c8" testId="31083629-f468-2fd7-d87c-288285c14c5a" testName="MSP430.Emulator.Tests.Instructions.Logic.AndInstructionTests.DestinationRegister_AllRegisters_ReturnsCorrectRegister(register: R4)" computerName="fv-az2210-123" duration="00:00:00.0000053" startTime="2025-06-06T19:28:33.6797254+00:00" endTime="2025-06-06T19:28:33.6798446+00:00" testType="13cdc9d9-ddb5-4fa4-a97d-d965ccfc6d4b" outcome="Passed" testListId="8c84fa94-04c1-424b-9868-57a2d4851a1d" relativeResultsDirectory="15826072-9e20-4eaf-8674-2dec633e84c8" />
    <UnitTestResult executionId="7fcce632-4a1b-4ed8-9695-d89b4c566750" testId="4e41581b-cc15-32c9-70d7-732a09f42f83" testName="MSP430.Emulator.Tests.Instructions.Arithmetic.DecInstructionTests.Execute_AbsoluteMode_DecrementsMemoryValue" computerName="fv-az2210-123" duration="00:00:00.0005736" startTime="2025-06-06T19:28:33.7508577+00:00" endTime="2025-06-06T19:28:33.7515093+00:00" testType="13cdc9d9-ddb5-4fa4-a97d-d965ccfc6d4b" outcome="Passed" testListId="8c84fa94-04c1-424b-9868-57a2d4851a1d" relativeResultsDirectory="7fcce632-4a1b-4ed8-9695-d89b4c566750" />
    <UnitTestResult executionId="e32787ab-5cb2-4802-95bb-49fe5397757f" testId="3aa55886-7875-e27b-c080-e13f7f3e46de" testName="MSP430.Emulator.Tests.Instructions.Arithmetic.IncInstructionTests.AddressingModes_AllSupportedModes_ReturnCorrectValues(mode: Indexed)" computerName="fv-az2210-123" duration="00:00:00.0000113" startTime="2025-06-06T19:28:33.6155283+00:00" endTime="2025-06-06T19:28:33.6157423+00:00" testType="13cdc9d9-ddb5-4fa4-a97d-d965ccfc6d4b" outcome="Passed" testListId="8c84fa94-04c1-424b-9868-57a2d4851a1d" relativeResultsDirectory="e32787ab-5cb2-4802-95bb-49fe5397757f" />
    <UnitTestResult executionId="0b7dfa4f-98bc-425a-a7d9-78f0b499d452" testId="19ac9f4c-8af6-3a0e-db79-8be9b96bba98" testName="MSP430.Emulator.Tests.Instructions.Arithmetic.DecInstructionTests.Properties_VariousRegisters_ReturnCorrectValues(dest: R7)" computerName="fv-az2210-123" duration="00:00:00.0000078" startTime="2025-06-06T19:28:33.7548631+00:00" endTime="2025-06-06T19:28:33.7550114+00:00" testType="13cdc9d9-ddb5-4fa4-a97d-d965ccfc6d4b" outcome="Passed" testListId="8c84fa94-04c1-424b-9868-57a2d4851a1d" relativeResultsDirectory="0b7dfa4f-98bc-425a-a7d9-78f0b499d452" />
    <UnitTestResult executionId="760c66bd-83c8-46ab-b72f-02ac828fdc10" testId="9fc71459-ff6c-230d-f104-8fa027c70965" testName="MSP430.Emulator.Tests.Memory.MemoryControllerTests.ReadByte_ValidAddress_ReturnsValue(address: 6144)" computerName="fv-az2210-123" duration="00:00:00.0038146" startTime="2025-06-06T19:28:33.9055134+00:00" endTime="2025-06-06T19:28:33.9055570+00:00" testType="13cdc9d9-ddb5-4fa4-a97d-d965ccfc6d4b" outcome="Passed" testListId="8c84fa94-04c1-424b-9868-57a2d4851a1d" relativeResultsDirectory="760c66bd-83c8-46ab-b72f-02ac828fdc10" />
    <UnitTestResult executionId="444d19db-df24-4a92-b75f-5dd64549e912" testId="9c9bfb81-61dd-8027-8003-da5c3ab70f36" testName="MSP430.Emulator.Tests.Memory.MemoryMapTests.DefaultMemoryLayout_RegionBoundaries_AreCorrect(region: Ram, expectedStart: 8192, expectedEnd: 12287)" computerName="fv-az2210-123" duration="00:00:00.0025808" startTime="2025-06-06T19:28:30.9125856+00:00" endTime="2025-06-06T19:28:30.9151556+00:00" testType="13cdc9d9-ddb5-4fa4-a97d-d965ccfc6d4b" outcome="Passed" testListId="8c84fa94-04c1-424b-9868-57a2d4851a1d" relativeResultsDirectory="444d19db-df24-4a92-b75f-5dd64549e912" />
    <UnitTestResult executionId="89d057ff-2c47-451d-aaa8-e7a450002729" testId="25580e15-b924-732f-3f13-f58467648423" testName="MSP430.Emulator.Tests.Instructions.Logic.BisInstructionTests.ToString_VariousAddressingModes_FormatsCorrectly(mode: Indexed, expectedOperand: &quot;X(R1)&quot;)" computerName="fv-az2210-123" duration="00:00:00.0000078" startTime="2025-06-06T19:28:33.7427973+00:00" endTime="2025-06-06T19:28:33.7428676+00:00" testType="13cdc9d9-ddb5-4fa4-a97d-d965ccfc6d4b" outcome="Passed" testListId="8c84fa94-04c1-424b-9868-57a2d4851a1d" relativeResultsDirectory="89d057ff-2c47-451d-aaa8-e7a450002729" />
    <UnitTestResult executionId="517f248d-248d-4d31-96dc-0fa1b52402cd" testId="6f921026-c890-13dd-9851-504921f19cdb" testName="MSP430.Emulator.Tests.Memory.InformationMemoryTests.IsAddressInBounds_VariousAddresses_ReturnsExpectedResult(address: 0, expected: False)" computerName="fv-az2210-123" duration="00:00:00.0000086" startTime="2025-06-06T19:28:33.2654964+00:00" endTime="2025-06-06T19:28:33.2656126+00:00" testType="13cdc9d9-ddb5-4fa4-a97d-d965ccfc6d4b" outcome="Passed" testListId="8c84fa94-04c1-424b-9868-57a2d4851a1d" relativeResultsDirectory="517f248d-248d-4d31-96dc-0fa1b52402cd" />
    <UnitTestResult executionId="ff178cec-3c5d-4673-8b7b-cb9a41cd84e1" testId="c43f9f68-fcb7-d363-c91d-7421ba7fac01" testName="MSP430.Emulator.Tests.Memory.RandomAccessMemoryTests.ReadWord_LastValidEvenAddressOutOfBounds_ThrowsArgumentOutOfRangeException" computerName="fv-az2210-123" duration="00:00:00.0003311" startTime="2025-06-06T19:28:33.8898194+00:00" endTime="2025-06-06T19:28:33.8898613+00:00" testType="13cdc9d9-ddb5-4fa4-a97d-d965ccfc6d4b" outcome="Passed" testListId="8c84fa94-04c1-424b-9868-57a2d4851a1d" relativeResultsDirectory="ff178cec-3c5d-4673-8b7b-cb9a41cd84e1" />
    <UnitTestResult executionId="1cd67c02-8798-4b53-a6ff-0db3bf851b4e" testId="50ef64ee-5fa9-c9f5-8d62-5f8b0aee0a1a" testName="MSP430.Emulator.Tests.Memory.MemoryControllerTests.PeripheralAccess_ReturnsDefaultValues(address: 0)" computerName="fv-az2210-123" duration="00:00:00.0035687" startTime="2025-06-06T19:28:33.9150233+00:00" endTime="2025-06-06T19:28:33.9150775+00:00" testType="13cdc9d9-ddb5-4fa4-a97d-d965ccfc6d4b" outcome="Passed" testListId="8c84fa94-04c1-424b-9868-57a2d4851a1d" relativeResultsDirectory="1cd67c02-8798-4b53-a6ff-0db3bf851b4e" />
    <UnitTestResult executionId="366a021c-c666-4021-a772-38a157b67272" testId="7ddc33a0-5a13-a452-eec7-6a9bc96cfdca" testName="MSP430.Emulator.Tests.Instructions.Logic.AndInstructionTests.Constructor_ValidParameters_CreatesInstruction" computerName="fv-az2210-123" duration="00:00:00.0003824" startTime="2025-06-06T19:28:33.6944092+00:00" endTime="2025-06-06T19:28:33.6961100+00:00" testType="13cdc9d9-ddb5-4fa4-a97d-d965ccfc6d4b" outcome="Passed" testListId="8c84fa94-04c1-424b-9868-57a2d4851a1d" relativeResultsDirectory="366a021c-c666-4021-a772-38a157b67272" />
    <UnitTestResult executionId="b0493552-581c-46ec-93e2-2f9500cb4210" testId="1c0b6b3a-0d55-0c9a-bbf6-96eb416209bc" testName="MSP430.Emulator.Tests.Cpu.StatusRegisterTests.UpdateFlagsAfterSubtraction_WordOperation_SetsCorrectFlags(operand1: 32767, operand2: 32768, result: 65535, isByteOp: False, expectedZero: False, expectedNegative: True, expectedCarry: False, expectedOverflow: True)" computerName="fv-az2210-123" duration="00:00:00.0000102" startTime="2025-06-06T19:28:33.0634594+00:00" endTime="2025-06-06T19:28:33.0636080+00:00" testType="13cdc9d9-ddb5-4fa4-a97d-d965ccfc6d4b" outcome="Passed" testListId="8c84fa94-04c1-424b-9868-57a2d4851a1d" relativeResultsDirectory="b0493552-581c-46ec-93e2-2f9500cb4210" />
    <UnitTestResult executionId="b3acc5f6-5793-4887-9767-68d4aeb86454" testId="cfcf6037-41aa-cfeb-1c2f-d83ad046845a" testName="MSP430.Emulator.Tests.Memory.InformationMemoryTests.WriteWord_ToUnprotectedSegment_Succeeds" computerName="fv-az2210-123" duration="00:00:00.0091162" startTime="2025-06-06T19:28:33.1598304+00:00" endTime="2025-06-06T19:28:33.2294828+00:00" testType="13cdc9d9-ddb5-4fa4-a97d-d965ccfc6d4b" outcome="Passed" testListId="8c84fa94-04c1-424b-9868-57a2d4851a1d" relativeResultsDirectory="b3acc5f6-5793-4887-9767-68d4aeb86454" />
    <UnitTestResult executionId="43fd0c01-5a4e-449c-a350-ff4229693e65" testId="48fe80b8-92f1-0dda-79b9-37527dd2897d" testName="MSP430.Emulator.Tests.Instructions.Logic.XorInstructionTests.ExtensionWordCount_VariousAddressingModes_ReturnsCorrectCount(sourceMode: Indexed, destMode: Register, expectedCount: 1)" computerName="fv-az2210-123" duration="00:00:00.0000085" startTime="2025-06-06T19:28:33.1662294+00:00" endTime="2025-06-06T19:28:33.1663686+00:00" testType="13cdc9d9-ddb5-4fa4-a97d-d965ccfc6d4b" outcome="Passed" testListId="8c84fa94-04c1-424b-9868-57a2d4851a1d" relativeResultsDirectory="43fd0c01-5a4e-449c-a350-ff4229693e65" />
    <UnitTestResult executionId="74d484fc-b224-4da4-bbbe-ef6f05f750df" testId="10d68b1e-18d2-a4d3-593a-43d0394a432c" testName="MSP430.Emulator.Tests.Memory.RandomAccessMemoryTests.WriteWord_ValidEvenAddress_StoresLittleEndianValue" computerName="fv-az2210-123" duration="00:00:00.0001607" startTime="2025-06-06T19:28:33.8903019+00:00" endTime="2025-06-06T19:28:33.8903428+00:00" testType="13cdc9d9-ddb5-4fa4-a97d-d965ccfc6d4b" outcome="Passed" testListId="8c84fa94-04c1-424b-9868-57a2d4851a1d" relativeResultsDirectory="74d484fc-b224-4da4-bbbe-ef6f05f750df" />
    <UnitTestResult executionId="31b8d685-3726-4a67-8c30-8f289d966df1" testId="20dc53e9-ed46-1695-ce95-552d5af99dd3" testName="MSP430.Emulator.Tests.Instructions.Logic.XorInstructionTests.DestinationRegister_AllRegisters_ReturnsCorrectRegister(register: R2)" computerName="fv-az2210-123" duration="00:00:00.0000099" startTime="2025-06-06T19:28:33.1924522+00:00" endTime="2025-06-06T19:28:33.1925755+00:00" testType="13cdc9d9-ddb5-4fa4-a97d-d965ccfc6d4b" outcome="Passed" testListId="8c84fa94-04c1-424b-9868-57a2d4851a1d" relativeResultsDirectory="31b8d685-3726-4a67-8c30-8f289d966df1" />
    <UnitTestResult executionId="1d7bc4a0-0bdb-428e-ad52-b67e08f864ba" testId="e108ba58-bf5b-e663-6e8e-77a8b7c3cbe3" testName="MSP430.Emulator.Tests.Instructions.Logic.BitInstructionTests.DestinationRegister_AllRegisters_ReturnsCorrectRegister(register: R0)" computerName="fv-az2210-123" duration="00:00:00.0000059" startTime="2025-06-06T19:28:33.5577208+00:00" endTime="2025-06-06T19:28:33.5578007+00:00" testType="13cdc9d9-ddb5-4fa4-a97d-d965ccfc6d4b" outcome="Passed" testListId="8c84fa94-04c1-424b-9868-57a2d4851a1d" relativeResultsDirectory="1d7bc4a0-0bdb-428e-ad52-b67e08f864ba" />
    <UnitTestResult executionId="06058dfb-3db2-457b-becf-cbfb9813a9e9" testId="0a25b2c8-4518-dbb9-85a1-adac0d711ad3" testName="MSP430.Emulator.Tests.Instructions.Arithmetic.SubInstructionTests.AddressingModes_AllSupportedModes_ReturnCorrectValues(mode: Indexed)" computerName="fv-az2210-123" duration="00:00:00.0000108" startTime="2025-06-06T19:28:33.6235686+00:00" endTime="2025-06-06T19:28:33.6236415+00:00" testType="13cdc9d9-ddb5-4fa4-a97d-d965ccfc6d4b" outcome="Passed" testListId="8c84fa94-04c1-424b-9868-57a2d4851a1d" relativeResultsDirectory="06058dfb-3db2-457b-becf-cbfb9813a9e9" />
    <UnitTestResult executionId="7a1deea3-86e4-4606-a8da-a191ad289a95" testId="e8d39b89-8a4e-7238-0afc-9fed0eeb9518" testName="MSP430.Emulator.Tests.Cpu.StatusRegisterTests.UpdateFlagsAfterAddition_ByteOperation_SetsCorrectFlags(operand1: 16, operand2: 32, result: 48, isByteOp: True, expectedZero: False, expectedNegative: False, expectedCarry: False, expectedOverflow: False)" computerName="fv-az2210-123" duration="00:00:00.0000081" startTime="2025-06-06T19:28:32.9962429+00:00" endTime="2025-06-06T19:28:32.9963260+00:00" testType="13cdc9d9-ddb5-4fa4-a97d-d965ccfc6d4b" outcome="Passed" testListId="8c84fa94-04c1-424b-9868-57a2d4851a1d" relativeResultsDirectory="7a1deea3-86e4-4606-a8da-a191ad289a95" />
    <UnitTestResult executionId="faaf221c-d816-4b00-8118-9316132d3b94" testId="10ec0486-b95d-2653-9621-371053f5dee1" testName="MSP430.Emulator.Tests.Core.EmulatorCoreTests.StateChanged_Event_RaisedOnStateTransitions" computerName="fv-az2210-123" duration="00:00:00.0165607" startTime="2025-06-06T19:28:33.7876551+00:00" endTime="2025-06-06T19:28:33.8027876+00:00" testType="13cdc9d9-ddb5-4fa4-a97d-d965ccfc6d4b" outcome="Passed" testListId="8c84fa94-04c1-424b-9868-57a2d4851a1d" relativeResultsDirectory="faaf221c-d816-4b00-8118-9316132d3b94" />
    <UnitTestResult executionId="58b739cb-d28a-4d83-8f94-915929621c4c" testId="82fadbdf-9f87-9140-cc13-a763cfbfb9ae" testName="MSP430.Emulator.Tests.Memory.MemoryMapTests.DefaultMemoryLayout_RegionBoundaries_AreCorrect(region: Flash, expectedStart: 16384, expectedEnd: 49151)" computerName="fv-az2210-123" duration="00:00:00.0074590" startTime="2025-06-06T19:28:30.9160011+00:00" endTime="2025-06-06T19:28:30.9171824+00:00" testType="13cdc9d9-ddb5-4fa4-a97d-d965ccfc6d4b" outcome="Passed" testListId="8c84fa94-04c1-424b-9868-57a2d4851a1d" relativeResultsDirectory="58b739cb-d28a-4d83-8f94-915929621c4c" />
    <UnitTestResult executionId="9ea7f174-0205-4653-ae09-67797c46ef17" testId="8455556e-f740-3c21-0500-a7b27b75db73" testName="MSP430.Emulator.Tests.Logging.ConsoleLoggerTests.Log_WithLevelBelowMinimum_DoesNotLog" computerName="fv-az2210-123" duration="00:00:00.0001577" startTime="2025-06-06T19:28:33.4348476+00:00" endTime="2025-06-06T19:28:33.4349595+00:00" testType="13cdc9d9-ddb5-4fa4-a97d-d965ccfc6d4b" outcome="Passed" testListId="8c84fa94-04c1-424b-9868-57a2d4851a1d" relativeResultsDirectory="9ea7f174-0205-4653-ae09-67797c46ef17" />
    <UnitTestResult executionId="6f9e35a1-9356-48c1-b386-68e02e1f507a" testId="98074fba-987d-b289-0372-ae62d039fb12" testName="MSP430.Emulator.Tests.Instructions.Arithmetic.SubInstructionTests.ToString_VariousAddressingModes_FormatsCorrectly(register: R0, mode: Register, expectedOperand: &quot;R0&quot;)" computerName="fv-az2210-123" duration="00:00:00.0000053" startTime="2025-06-06T19:28:33.6461488+00:00" endTime="2025-06-06T19:28:33.6462804+00:00" testType="13cdc9d9-ddb5-4fa4-a97d-d965ccfc6d4b" outcome="Passed" testListId="8c84fa94-04c1-424b-9868-57a2d4851a1d" relativeResultsDirectory="6f9e35a1-9356-48c1-b386-68e02e1f507a" />
    <UnitTestResult executionId="0263ea1e-2a20-4f74-9491-911fd3aade0a" testId="e5dcdb6e-e4b2-02e7-7721-28d672581074" testName="MSP430.Emulator.Tests.Memory.MemoryControllerTests.PeripheralAccess_ReturnsDefaultValues(address: 256)" computerName="fv-az2210-123" duration="00:00:00.0033275" startTime="2025-06-06T19:28:33.9155116+00:00" endTime="2025-06-06T19:28:33.9155524+00:00" testType="13cdc9d9-ddb5-4fa4-a97d-d965ccfc6d4b" outcome="Passed" testListId="8c84fa94-04c1-424b-9868-57a2d4851a1d" relativeResultsDirectory="0263ea1e-2a20-4f74-9491-911fd3aade0a" />
    <UnitTestResult executionId="5193dcc0-5e9b-401b-aeeb-08c1168a41db" testId="204a95ae-1f36-a871-6615-1b4adb91795c" testName="MSP430.Emulator.Tests.Memory.MemoryControllerTests.ReadWord_UnalignedAddress_ThrowsArgumentException(address: 6145)" computerName="fv-az2210-123" duration="00:00:00.0031625" startTime="2025-06-06T19:28:33.9076580+00:00" endTime="2025-06-06T19:28:33.9077020+00:00" testType="13cdc9d9-ddb5-4fa4-a97d-d965ccfc6d4b" outcome="Passed" testListId="8c84fa94-04c1-424b-9868-57a2d4851a1d" relativeResultsDirectory="5193dcc0-5e9b-401b-aeeb-08c1168a41db" />
    <UnitTestResult executionId="66c89ac1-b885-4476-8969-5c43fa2395dd" testId="d4db4806-1170-2bc0-c2f7-39087cdac432" testName="MSP430.Emulator.Tests.Instructions.Arithmetic.CmpInstructionTests.ExtensionWordCount_VariousAddressingModes_ReturnsCorrectCount(sourceMode: Symbolic, destMode: Register, expectedCount: 1)" computerName="fv-az2210-123" duration="00:00:00.0000036" startTime="2025-06-06T19:28:33.7758973+00:00" endTime="2025-06-06T19:28:33.7759721+00:00" testType="13cdc9d9-ddb5-4fa4-a97d-d965ccfc6d4b" outcome="Passed" testListId="8c84fa94-04c1-424b-9868-57a2d4851a1d" relativeResultsDirectory="66c89ac1-b885-4476-8969-5c43fa2395dd" />
    <UnitTestResult executionId="d95264e2-2cc5-4ae1-8fd9-c64830c7ecef" testId="1a223bfc-e466-8e7a-6a0d-9cc7072e8c12" testName="MSP430.Emulator.Tests.Instructions.Logic.AndInstructionTests.SourceRegister_AllRegisters_ReturnsCorrectRegister(register: R4)" computerName="fv-az2210-123" duration="00:00:00.0000083" startTime="2025-06-06T19:28:33.6939194+00:00" endTime="2025-06-06T19:28:33.6940029+00:00" testType="13cdc9d9-ddb5-4fa4-a97d-d965ccfc6d4b" outcome="Passed" testListId="8c84fa94-04c1-424b-9868-57a2d4851a1d" relativeResultsDirectory="d95264e2-2cc5-4ae1-8fd9-c64830c7ecef" />
    <UnitTestResult executionId="bd48eb7d-cb39-4c7f-b769-5060184080b7" testId="fb5b1b41-5654-f2be-cf22-ff2c92224914" testName="MSP430.Emulator.Tests.Memory.FlashMemoryTests.Constructor_ValidParameters_CreatesFlashMemory" computerName="fv-az2210-123" duration="00:00:00.0002522" startTime="2025-06-06T19:28:33.7917368+00:00" endTime="2025-06-06T19:28:33.7918059+00:00" testType="13cdc9d9-ddb5-4fa4-a97d-d965ccfc6d4b" outcome="Passed" testListId="8c84fa94-04c1-424b-9868-57a2d4851a1d" relativeResultsDirectory="bd48eb7d-cb39-4c7f-b769-5060184080b7" />
    <UnitTestResult executionId="416fc03b-90c4-4491-9b76-a1f527b620a9" testId="c2fa84b1-cbbf-97ac-dbf9-63b32f3cb649" testName="MSP430.Emulator.Tests.Instructions.Logic.AndInstructionTests.ExtensionWordCount_VariousAddressingModes_ReturnsCorrectCount(sourceMode: Symbolic, destMode: Indexed, expectedCount: 2)" computerName="fv-az2210-123" duration="00:00:00.0000056" startTime="2025-06-06T19:28:33.6715555+00:00" endTime="2025-06-06T19:28:33.6716637+00:00" testType="13cdc9d9-ddb5-4fa4-a97d-d965ccfc6d4b" outcome="Passed" testListId="8c84fa94-04c1-424b-9868-57a2d4851a1d" relativeResultsDirectory="416fc03b-90c4-4491-9b76-a1f527b620a9" />
    <UnitTestResult executionId="0aec2946-e8df-4c82-989a-7fa00e7cd647" testId="07b5fb97-6e7d-f37f-ef1b-a8f5fef5df2f" testName="MSP430.Emulator.Tests.Memory.InformationMemoryTests.GetSegment_ValidAddresses_ReturnsCorrectSegment(address: 6528, expectedSegment: SegmentA)" computerName="fv-az2210-123" duration="00:00:00.0000122" startTime="2025-06-06T19:28:33.2830718+00:00" endTime="2025-06-06T19:28:33.2831994+00:00" testType="13cdc9d9-ddb5-4fa4-a97d-d965ccfc6d4b" outcome="Passed" testListId="8c84fa94-04c1-424b-9868-57a2d4851a1d" relativeResultsDirectory="0aec2946-e8df-4c82-989a-7fa00e7cd647" />
    <UnitTestResult executionId="8bdc9a1e-fcd9-45c0-98e8-ffef90aea64a" testId="74597c58-283d-9020-4577-6fbcb9e9607e" testName="MSP430.Emulator.Tests.Instructions.Logic.BisInstructionTests.ExtensionWordCount_VariousAddressingModes_ReturnsCorrectCount(sourceMode: Register, destMode: Register, expectedCount: 0)" computerName="fv-az2210-123" duration="00:00:00.0001481" startTime="2025-06-06T19:28:33.7206839+00:00" endTime="2025-06-06T19:28:33.7208093+00:00" testType="13cdc9d9-ddb5-4fa4-a97d-d965ccfc6d4b" outcome="Passed" testListId="8c84fa94-04c1-424b-9868-57a2d4851a1d" relativeResultsDirectory="8bdc9a1e-fcd9-45c0-98e8-ffef90aea64a" />
    <UnitTestResult executionId="94023ef2-7a3f-4f42-8ead-9fa4bc42c78f" testId="cf161ccb-c64f-a843-7ad2-97e18fc85032" testName="MSP430.Emulator.Tests.Instructions.Arithmetic.DecInstructionTests.Properties_DifferentRegisters_ReturnCorrectDestination(expected: R6, other: R7)" computerName="fv-az2210-123" duration="00:00:00.0000086" startTime="2025-06-06T19:28:33.7613366+00:00" endTime="2025-06-06T19:28:33.7614065+00:00" testType="13cdc9d9-ddb5-4fa4-a97d-d965ccfc6d4b" outcome="Passed" testListId="8c84fa94-04c1-424b-9868-57a2d4851a1d" relativeResultsDirectory="94023ef2-7a3f-4f42-8ead-9fa4bc42c78f" />
    <UnitTestResult executionId="f9fbf4f9-6c87-4c47-95c9-9b11d25bd011" testId="699fa069-55e6-4f23-53e3-19f8493fc1b9" testName="MSP430.Emulator.Tests.Memory.MemoryAccessValidatorTests.Constructor_NullMemoryMap_ThrowsArgumentNullException" computerName="fv-az2210-123" duration="00:00:00.0021711" startTime="2025-06-06T19:28:31.0050107+00:00" endTime="2025-06-06T19:28:31.0051685+00:00" testType="13cdc9d9-ddb5-4fa4-a97d-d965ccfc6d4b" outcome="Passed" testListId="8c84fa94-04c1-424b-9868-57a2d4851a1d" relativeResultsDirectory="f9fbf4f9-6c87-4c47-95c9-9b11d25bd011" />
    <UnitTestResult executionId="91d81e49-6f81-4160-bee8-19e718f5c823" testId="4d5109b3-3a3a-c52d-b85b-1ab0eaee68c1" testName="MSP430.Emulator.Tests.Instructions.Arithmetic.IncInstructionTests.ExtensionWordCount_VariousAddressingModes_ReturnsCorrectCount(destMode: IndirectAutoIncrement, expectedCount: 0)" computerName="fv-az2210-123" duration="00:00:00.0000070" startTime="2025-06-06T19:28:33.6296237+00:00" endTime="2025-06-06T19:28:33.6297449+00:00" testType="13cdc9d9-ddb5-4fa4-a97d-d965ccfc6d4b" outcome="Passed" testListId="8c84fa94-04c1-424b-9868-57a2d4851a1d" relativeResultsDirectory="91d81e49-6f81-4160-bee8-19e718f5c823" />
    <UnitTestResult executionId="0984f87a-2bac-48a4-8519-c4308908afc1" testId="310f1b82-e808-34b8-798b-1f21d0f43a58" testName="MSP430.Emulator.Tests.Memory.MemoryAccessValidatorTests.ValidateRead_LogsWarningOnViolation" computerName="fv-az2210-123" duration="00:00:00.0070824" startTime="2025-06-06T19:28:30.9653175+00:00" endTime="2025-06-06T19:28:30.9666708+00:00" testType="13cdc9d9-ddb5-4fa4-a97d-d965ccfc6d4b" outcome="Passed" testListId="8c84fa94-04c1-424b-9868-57a2d4851a1d" relativeResultsDirectory="0984f87a-2bac-48a4-8519-c4308908afc1" />
    <UnitTestResult executionId="40b60839-7497-4c78-87c5-18d2b6045bc6" testId="838758fc-3e6c-5210-56b9-5d8200bf8dc2" testName="MSP430.Emulator.Tests.Memory.MemorySystemIntegrationTests.MemorySystem_DefaultRegions_CoverExpectedAddressSpace" computerName="fv-az2210-123" duration="00:00:00.0182003" startTime="2025-06-06T19:28:33.8547507+00:00" endTime="2025-06-06T19:28:33.8805243+00:00" testType="13cdc9d9-ddb5-4fa4-a97d-d965ccfc6d4b" outcome="Passed" testListId="8c84fa94-04c1-424b-9868-57a2d4851a1d" relativeResultsDirectory="40b60839-7497-4c78-87c5-18d2b6045bc6" />
    <UnitTestResult executionId="3be288cd-fb1e-4f85-8d51-c487f0c5ae05" testId="d3d19fb7-0b4a-2992-ef7a-b02c9a4663c7" testName="MSP430.Emulator.Tests.Logging.ConsoleLoggerTests.Debug_CallsLogWithDebugLevel" computerName="fv-az2210-123" duration="00:00:00.0002315" startTime="2025-06-06T19:28:33.4452610+00:00" endTime="2025-06-06T19:28:33.4453404+00:00" testType="13cdc9d9-ddb5-4fa4-a97d-d965ccfc6d4b" outcome="Passed" testListId="8c84fa94-04c1-424b-9868-57a2d4851a1d" relativeResultsDirectory="3be288cd-fb1e-4f85-8d51-c487f0c5ae05" />
    <UnitTestResult executionId="67d14143-e91c-44d7-815d-a4a3e8de396c" testId="46a89c91-1a55-70a6-7ca6-a00d13447672" testName="MSP430.Emulator.Tests.Cpu.StatusRegisterTests.Overflow_GetSet_WorksCorrectly(value: 0, expected: False)" computerName="fv-az2210-123" duration="00:00:00.0000069" startTime="2025-06-06T19:28:33.0468388+00:00" endTime="2025-06-06T19:28:33.0470085+00:00" testType="13cdc9d9-ddb5-4fa4-a97d-d965ccfc6d4b" outcome="Passed" testListId="8c84fa94-04c1-424b-9868-57a2d4851a1d" relativeResultsDirectory="67d14143-e91c-44d7-815d-a4a3e8de396c" />
    <UnitTestResult executionId="88dc942d-1aca-43af-9d26-0b03a008246d" testId="36c9e676-b15b-20b0-f074-526c04566c1f" testName="MSP430.Emulator.Tests.Instructions.Arithmetic.DecInstructionTests.Execute_DecrementZero_ClearsCarryFlag" computerName="fv-az2210-123" duration="00:00:00.0001895" startTime="2025-06-06T19:28:33.7576122+00:00" endTime="2025-06-06T19:28:33.7576836+00:00" testType="13cdc9d9-ddb5-4fa4-a97d-d965ccfc6d4b" outcome="Passed" testListId="8c84fa94-04c1-424b-9868-57a2d4851a1d" relativeResultsDirectory="88dc942d-1aca-43af-9d26-0b03a008246d" />
    <UnitTestResult executionId="e39623d9-7347-4e7c-9169-0d363ddb65f1" testId="3817654d-4a80-1e41-2232-e4b820a0f16b" testName="MSP430.Emulator.Tests.Core.ExecutionStateTests.IsValidTransition_ReturnsExpectedResult(from: SingleStep, to: Halted, expected: True)" computerName="fv-az2210-123" duration="00:00:00.0000047" startTime="2025-06-06T19:28:33.7067581+00:00" endTime="2025-06-06T19:28:33.7069027+00:00" testType="13cdc9d9-ddb5-4fa4-a97d-d965ccfc6d4b" outcome="Passed" testListId="8c84fa94-04c1-424b-9868-57a2d4851a1d" relativeResultsDirectory="e39623d9-7347-4e7c-9169-0d363ddb65f1" />
    <UnitTestResult executionId="1f4fff5e-7051-4177-8af8-8acffe87dd84" testId="36c3a6c2-951e-34e9-2bee-0fd468028d15" testName="MSP430.Emulator.Tests.Instructions.AddressingModeDecoderTests.GetConstantGeneratorValue_ValidAsBits_ReturnsCorrectConstant(asBits: 1, expected: 1)" computerName="fv-az2210-123" duration="00:00:00.0003627" startTime="2025-06-06T19:28:33.4495711+00:00" endTime="2025-06-06T19:28:33.4501610+00:00" testType="13cdc9d9-ddb5-4fa4-a97d-d965ccfc6d4b" outcome="Passed" testListId="8c84fa94-04c1-424b-9868-57a2d4851a1d" relativeResultsDirectory="1f4fff5e-7051-4177-8af8-8acffe87dd84" />
    <UnitTestResult executionId="e09855f7-a0f4-4e1d-a160-c23eebf04d1f" testId="c1f777f6-eceb-f0f7-914e-4f1b4aca736f" testName="MSP430.Emulator.Tests.Cpu.RegisterFileTests.IsValidRegister_VariousInputs_ReturnsExpectedResult(register: 255, expected: False)" computerName="fv-az2210-123" duration="00:00:00.0001306" startTime="2025-06-06T19:28:33.5537356+00:00" endTime="2025-06-06T19:28:33.5546473+00:00" testType="13cdc9d9-ddb5-4fa4-a97d-d965ccfc6d4b" outcome="Passed" testListId="8c84fa94-04c1-424b-9868-57a2d4851a1d" relativeResultsDirectory="e09855f7-a0f4-4e1d-a160-c23eebf04d1f" />
    <UnitTestResult executionId="db5ac870-98ed-443a-a7d0-aa3c0a741f9e" testId="abb49da3-3aab-6c2e-80f9-82d24ce6ee73" testName="MSP430.Emulator.Tests.Instructions.Logic.XorInstructionTests.ExtensionWordCount_VariousAddressingModes_ReturnsCorrectCount(sourceMode: Symbolic, destMode: Indexed, expectedCount: 2)" computerName="fv-az2210-123" duration="00:00:00.0004138" startTime="2025-06-06T19:28:33.1614268+00:00" endTime="2025-06-06T19:28:33.1642139+00:00" testType="13cdc9d9-ddb5-4fa4-a97d-d965ccfc6d4b" outcome="Passed" testListId="8c84fa94-04c1-424b-9868-57a2d4851a1d" relativeResultsDirectory="db5ac870-98ed-443a-a7d0-aa3c0a741f9e" />
    <UnitTestResult executionId="f2cba808-c12b-44d6-bbe8-2fae45fee044" testId="f73174a7-1b51-6efa-bbfa-cb28d891bfa1" testName="MSP430.Emulator.Tests.Cpu.StatusRegisterTests.Zero_SetFlag_UpdatesValue" computerName="fv-az2210-123" duration="00:00:00.0001922" startTime="2025-06-06T19:28:33.0411426+00:00" endTime="2025-06-06T19:28:33.0412980+00:00" testType="13cdc9d9-ddb5-4fa4-a97d-d965ccfc6d4b" outcome="Passed" testListId="8c84fa94-04c1-424b-9868-57a2d4851a1d" relativeResultsDirectory="f2cba808-c12b-44d6-bbe8-2fae45fee044" />
    <UnitTestResult executionId="38b99c64-f50b-49a3-a3c7-3eb02f2358f3" testId="d2688dfa-40b6-aac7-fcc4-8f62d1f85af0" testName="MSP430.Emulator.Tests.Memory.InformationMemoryTests.WriteWord_ToProtectedSegment_Fails" computerName="fv-az2210-123" duration="00:00:00.0003642" startTime="2025-06-06T19:28:33.2518614+00:00" endTime="2025-06-06T19:28:33.2520541+00:00" testType="13cdc9d9-ddb5-4fa4-a97d-d965ccfc6d4b" outcome="Passed" testListId="8c84fa94-04c1-424b-9868-57a2d4851a1d" relativeResultsDirectory="38b99c64-f50b-49a3-a3c7-3eb02f2358f3" />
    <UnitTestResult executionId="674555a9-4ee1-4ff3-89ab-15feac2743a6" testId="db22fac5-2940-f0bb-dd31-f5075bc8ebe1" testName="MSP430.Emulator.Tests.Instructions.Logic.XorInstructionTests.DestinationRegister_AllRegisters_ReturnsCorrectRegister(register: R4)" computerName="fv-az2210-123" duration="00:00:00.0000066" startTime="2025-06-06T19:28:33.2035996+00:00" endTime="2025-06-06T19:28:33.2037511+00:00" testType="13cdc9d9-ddb5-4fa4-a97d-d965ccfc6d4b" outcome="Passed" testListId="8c84fa94-04c1-424b-9868-57a2d4851a1d" relativeResultsDirectory="674555a9-4ee1-4ff3-89ab-15feac2743a6" />
    <UnitTestResult executionId="4a47a1c9-1e9b-47da-a66f-13f72d8ad7b8" testId="e717c27a-40ea-04a3-34a6-7878470e0ef0" testName="MSP430.Emulator.Tests.Instructions.Arithmetic.SubInstructionTests.Constructor_ValidParameters_CreatesInstruction" computerName="fv-az2210-123" duration="00:00:00.0003588" startTime="2025-06-06T19:28:33.6543015+00:00" endTime="2025-06-06T19:28:33.6552541+00:00" testType="13cdc9d9-ddb5-4fa4-a97d-d965ccfc6d4b" outcome="Passed" testListId="8c84fa94-04c1-424b-9868-57a2d4851a1d" relativeResultsDirectory="4a47a1c9-1e9b-47da-a66f-13f72d8ad7b8" />
    <UnitTestResult executionId="ff9a3573-9303-495f-bcd3-e8b24e49d22a" testId="c94bfdd6-ccee-489f-c9f8-b0ee6ce801b7" testName="MSP430.Emulator.Tests.Instructions.AddressingModeDecoderTests.DecodeDestinationAddressingMode_GeneralPurposeRegisters_ReturnsCorrectMode(register: R5, adBit: True, expected: Indexed)" computerName="fv-az2210-123" duration="00:00:00.0001071" startTime="2025-06-06T19:28:33.4992602+00:00" endTime="2025-06-06T19:28:33.5010201+00:00" testType="13cdc9d9-ddb5-4fa4-a97d-d965ccfc6d4b" outcome="Passed" testListId="8c84fa94-04c1-424b-9868-57a2d4851a1d" relativeResultsDirectory="ff9a3573-9303-495f-bcd3-e8b24e49d22a" />
    <UnitTestResult executionId="4b00a482-9777-40ca-99b2-56ef980d033c" testId="3e7a5de6-34c0-1126-bda4-dcc407c4586d" testName="MSP430.Emulator.Tests.Instructions.InstructionDecoderTests.ExtractOpcode_FormatII_ReturnsCorrectOpcode(format: FormatII, instructionWord: 4352, expected: 17)" computerName="fv-az2210-123" duration="00:00:00.0002589" startTime="2025-06-06T19:28:33.8124675+00:00" endTime="2025-06-06T19:28:33.8125264+00:00" testType="13cdc9d9-ddb5-4fa4-a97d-d965ccfc6d4b" outcome="Passed" testListId="8c84fa94-04c1-424b-9868-57a2d4851a1d" relativeResultsDirectory="4b00a482-9777-40ca-99b2-56ef980d033c" />
    <UnitTestResult executionId="82d6009e-79c8-4012-8976-d920e9e81bda" testId="db241090-e1f1-6e5d-7e6e-bf9204b84895" testName="MSP430.Emulator.Tests.Cpu.StatusRegisterTests.Constructor_WithInitialValue_SetsValue" computerName="fv-az2210-123" duration="00:00:00.0001254" startTime="2025-06-06T19:28:33.1456228+00:00" endTime="2025-06-06T19:28:33.1457775+00:00" testType="13cdc9d9-ddb5-4fa4-a97d-d965ccfc6d4b" outcome="Passed" testListId="8c84fa94-04c1-424b-9868-57a2d4851a1d" relativeResultsDirectory="82d6009e-79c8-4012-8976-d920e9e81bda" />
    <UnitTestResult executionId="77fd6a41-b799-4444-82ce-767cb6d32a2b" testId="21420c31-9b89-2d79-27c1-b92552629b55" testName="MSP430.Emulator.Tests.Instructions.Logic.BitInstructionTests.ToString_VariousAddressingModes_FormatsCorrectly(mode: Register, expectedOperand: &quot;R1&quot;)" computerName="fv-az2210-123" duration="00:00:00.0003567" startTime="2025-06-06T19:28:33.5187084+00:00" endTime="2025-06-06T19:28:33.5221429+00:00" testType="13cdc9d9-ddb5-4fa4-a97d-d965ccfc6d4b" outcome="Passed" testListId="8c84fa94-04c1-424b-9868-57a2d4851a1d" relativeResultsDirectory="77fd6a41-b799-4444-82ce-767cb6d32a2b" />
    <UnitTestResult executionId="ae6cde71-dcb2-4c68-8527-1a143bfe196a" testId="0709bacc-2118-5887-5724-c05a7f2a0cd3" testName="MSP430.Emulator.Tests.Cpu.RegisterFileTests.IsValidRegister_VariousInputs_ReturnsExpectedResult(register: R15, expected: True)" computerName="fv-az2210-123" duration="00:00:00.0000074" startTime="2025-06-06T19:28:33.5697871+00:00" endTime="2025-06-06T19:28:33.5699600+00:00" testType="13cdc9d9-ddb5-4fa4-a97d-d965ccfc6d4b" outcome="Passed" testListId="8c84fa94-04c1-424b-9868-57a2d4851a1d" relativeResultsDirectory="ae6cde71-dcb2-4c68-8527-1a143bfe196a" />
    <UnitTestResult executionId="890c9f0f-e715-4a4a-b8da-cda54f6b87cd" testId="0b54990f-08bb-79c5-e040-0acc4eda7748" testName="MSP430.Emulator.Tests.Memory.InformationMemoryTests.GetSegment_InvalidAddresses_ThrowsArgumentOutOfRangeException(invalidAddress: 6656)" computerName="fv-az2210-123" duration="00:00:00.0000517" startTime="2025-06-06T19:28:33.2436715+00:00" endTime="2025-06-06T19:28:33.2438126+00:00" testType="13cdc9d9-ddb5-4fa4-a97d-d965ccfc6d4b" outcome="Passed" testListId="8c84fa94-04c1-424b-9868-57a2d4851a1d" relativeResultsDirectory="890c9f0f-e715-4a4a-b8da-cda54f6b87cd" />
    <UnitTestResult executionId="92860f16-0b45-417b-8e0f-c8686a468c3f" testId="659731e7-daa0-2b8e-3a2e-dd665b7d51e6" testName="MSP430.Emulator.Tests.Memory.FlashControllerTests.SetProtectionLevel_WhenPermanentlyLocked_ReturnsFalse" computerName="fv-az2210-123" duration="00:00:00.0097174" startTime="2025-06-06T19:28:33.3689669+00:00" endTime="2025-06-06T19:28:33.3818146+00:00" testType="13cdc9d9-ddb5-4fa4-a97d-d965ccfc6d4b" outcome="Passed" testListId="8c84fa94-04c1-424b-9868-57a2d4851a1d" relativeResultsDirectory="92860f16-0b45-417b-8e0f-c8686a468c3f" />
    <UnitTestResult executionId="eda47b7b-b568-4bf8-91b2-eabaa4b051c7" testId="0737d46b-ce46-45a9-29c3-b0c62982056a" testName="MSP430.Emulator.Tests.Instructions.InstructionDecoderTests.ExtractOpcode_FormatII_ReturnsCorrectOpcode(format: FormatII, instructionWord: 4864, expected: 19)" computerName="fv-az2210-123" duration="00:00:00.0000087" startTime="2025-06-06T19:28:33.8134037+00:00" endTime="2025-06-06T19:28:33.8134540+00:00" testType="13cdc9d9-ddb5-4fa4-a97d-d965ccfc6d4b" outcome="Passed" testListId="8c84fa94-04c1-424b-9868-57a2d4851a1d" relativeResultsDirectory="eda47b7b-b568-4bf8-91b2-eabaa4b051c7" />
    <UnitTestResult executionId="865135bd-c760-4a06-bc4a-8677906aace9" testId="15488c5c-7db4-b2e2-19b0-c9ac2915f366" testName="MSP430.Emulator.Tests.Instructions.Logic.BitInstructionTests.AddressingModes_AllSupportedModes_ReturnCorrectValues(mode: Immediate)" computerName="fv-az2210-123" duration="00:00:00.0000118" startTime="2025-06-06T19:28:33.5759226+00:00" endTime="2025-06-06T19:28:33.5760701+00:00" testType="13cdc9d9-ddb5-4fa4-a97d-d965ccfc6d4b" outcome="Passed" testListId="8c84fa94-04c1-424b-9868-57a2d4851a1d" relativeResultsDirectory="865135bd-c760-4a06-bc4a-8677906aace9" />
    <UnitTestResult executionId="b1633a1e-88c0-4b4a-868b-6142b94653e9" testId="e6d28f64-0ac6-eab5-5c27-78557468d515" testName="MSP430.Emulator.Tests.Instructions.AddressingModeDecoderTests.DecodeDestinationAddressingMode_R0_ReturnsCorrectMode(adBit: True, expected: Symbolic)" computerName="fv-az2210-123" duration="00:00:00.0003045" startTime="2025-06-06T19:28:33.4670303+00:00" endTime="2025-06-06T19:28:33.4671087+00:00" testType="13cdc9d9-ddb5-4fa4-a97d-d965ccfc6d4b" outcome="Passed" testListId="8c84fa94-04c1-424b-9868-57a2d4851a1d" relativeResultsDirectory="b1633a1e-88c0-4b4a-868b-6142b94653e9" />
    <UnitTestResult executionId="d540e5b6-e00c-485f-8901-4f69b56fa2e3" testId="cfbe43f7-926c-e449-46a2-14f3eed03351" testName="MSP430.Emulator.Tests.Instructions.Arithmetic.AddInstructionTests.ExtensionWordCount_VariousAddressingModes_ReturnsCorrectCount(sourceMode: Register, destMode: Absolute, expectedCount: 1)" computerName="fv-az2210-123" duration="00:00:00.0000043" startTime="2025-06-06T19:28:33.8481336+00:00" endTime="2025-06-06T19:28:33.8481792+00:00" testType="13cdc9d9-ddb5-4fa4-a97d-d965ccfc6d4b" outcome="Passed" testListId="8c84fa94-04c1-424b-9868-57a2d4851a1d" relativeResultsDirectory="d540e5b6-e00c-485f-8901-4f69b56fa2e3" />
    <UnitTestResult executionId="0b5bf1eb-632a-4f44-a105-92ce137a405f" testId="397cca61-be84-95bb-1b0e-a7f329258a0b" testName="MSP430.Emulator.Tests.Instructions.Logic.XorInstructionTests.ToString_VariousAddressingModes_FormatsCorrectly(mode: Symbolic, expectedOperand: &quot;ADDR&quot;)" computerName="fv-az2210-123" duration="00:00:00.0000098" startTime="2025-06-06T19:28:33.0367270+00:00" endTime="2025-06-06T19:28:33.0368941+00:00" testType="13cdc9d9-ddb5-4fa4-a97d-d965ccfc6d4b" outcome="Passed" testListId="8c84fa94-04c1-424b-9868-57a2d4851a1d" relativeResultsDirectory="0b5bf1eb-632a-4f44-a105-92ce137a405f" />
    <UnitTestResult executionId="9d2d5009-e86a-46b3-bcd0-85bf3b34b19d" testId="499d9c73-61ef-5c97-fc1c-df4d78b7f560" testName="MSP430.Emulator.Tests.Instructions.Logic.XorInstructionTests.ExtensionWordCount_VariousAddressingModes_ReturnsCorrectCount(sourceMode: Register, destMode: Indexed, expectedCount: 1)" computerName="fv-az2210-123" duration="00:00:00.0000073" startTime="2025-06-06T19:28:33.1675825+00:00" endTime="2025-06-06T19:28:33.1677264+00:00" testType="13cdc9d9-ddb5-4fa4-a97d-d965ccfc6d4b" outcome="Passed" testListId="8c84fa94-04c1-424b-9868-57a2d4851a1d" relativeResultsDirectory="9d2d5009-e86a-46b3-bcd0-85bf3b34b19d" />
    <UnitTestResult executionId="45671a8c-2cc2-4058-a488-60d769f5ecd4" testId="d881250f-e7da-2d96-783f-a495c3a40f4f" testName="MSP430.Emulator.Tests.Instructions.Logic.AndInstructionTests.ExtensionWordCount_VariousAddressingModes_ReturnsCorrectCount(sourceMode: Immediate, destMode: Absolute, expectedCount: 2)" computerName="fv-az2210-123" duration="00:00:00.0000051" startTime="2025-06-06T19:28:33.6661970+00:00" endTime="2025-06-06T19:28:33.6663253+00:00" testType="13cdc9d9-ddb5-4fa4-a97d-d965ccfc6d4b" outcome="Passed" testListId="8c84fa94-04c1-424b-9868-57a2d4851a1d" relativeResultsDirectory="45671a8c-2cc2-4058-a488-60d769f5ecd4" />
    <UnitTestResult executionId="31c8691b-846c-4fca-b9aa-7c8739f77ddb" testId="8e369838-a1e3-035c-8dcc-bf7e5a701305" testName="MSP430.Emulator.Tests.Cpu.StatusRegisterTests.UpdateFlagsAfterAddition_WordOperation_SetsCorrectFlags(operand1: 0, operand2: 0, result: 0, isByteOp: False, expectedZero: True, expectedNegative: False, expectedCarry: False, expectedOverflow: False)" computerName="fv-az2210-123" duration="00:00:00.0000075" startTime="2025-06-06T19:28:33.0102487+00:00" endTime="2025-06-06T19:28:33.0103949+00:00" testType="13cdc9d9-ddb5-4fa4-a97d-d965ccfc6d4b" outcome="Passed" testListId="8c84fa94-04c1-424b-9868-57a2d4851a1d" relativeResultsDirectory="31c8691b-846c-4fca-b9aa-7c8739f77ddb" />
    <UnitTestResult executionId="def9cbff-a9b7-47c4-8a24-17ba29144c84" testId="9c582103-5543-2348-ad0b-74f855d59b64" testName="MSP430.Emulator.Tests.Instructions.AddressingModeDecoderTests.DecodeSourceAddressingMode_R3_ReturnsCorrectMode(asBits: 1, expected: Immediate)" computerName="fv-az2210-123" duration="00:00:00.0000072" startTime="2025-06-06T19:28:33.4844508+00:00" endTime="2025-06-06T19:28:33.4852532+00:00" testType="13cdc9d9-ddb5-4fa4-a97d-d965ccfc6d4b" outcome="Passed" testListId="8c84fa94-04c1-424b-9868-57a2d4851a1d" relativeResultsDirectory="def9cbff-a9b7-47c4-8a24-17ba29144c84" />
    <UnitTestResult executionId="ed510efe-1648-402d-aab1-d293cbd0b3c8" testId="debc0dd4-3380-bf4f-35af-4fef01174d54" testName="MSP430.Emulator.Tests.Memory.MemoryAccessValidatorTests.ValidateWrite_ValidAddress_DoesNotThrow" computerName="fv-az2210-123" duration="00:00:00.0068181" startTime="2025-06-06T19:28:30.9992993+00:00" endTime="2025-06-06T19:28:31.0002489+00:00" testType="13cdc9d9-ddb5-4fa4-a97d-d965ccfc6d4b" outcome="Passed" testListId="8c84fa94-04c1-424b-9868-57a2d4851a1d" relativeResultsDirectory="ed510efe-1648-402d-aab1-d293cbd0b3c8" />
    <UnitTestResult executionId="d9d997bc-6128-465e-8a2b-1e0d04e4ae3d" testId="074087ce-1d5c-73ec-3e99-7fe88cb438b0" testName="MSP430.Emulator.Tests.Instructions.Logic.BitInstructionTests.ExtensionWordCount_VariousAddressingModes_ReturnsCorrectCount(sourceMode: Register, destMode: Register, expectedCount: 0)" computerName="fv-az2210-123" duration="00:00:00.0000072" startTime="2025-06-06T19:28:33.5446568+00:00" endTime="2025-06-06T19:28:33.5448046+00:00" testType="13cdc9d9-ddb5-4fa4-a97d-d965ccfc6d4b" outcome="Passed" testListId="8c84fa94-04c1-424b-9868-57a2d4851a1d" relativeResultsDirectory="d9d997bc-6128-465e-8a2b-1e0d04e4ae3d" />
    <UnitTestResult executionId="f6a291bc-0758-4d65-af6b-6491bd226539" testId="03b6bde9-2e13-28ab-7358-9ef08a96cd9a" testName="MSP430.Emulator.Tests.Instructions.Logic.BisInstructionTests.SourceRegister_AllRegisters_ReturnsCorrectRegister(register: R2)" computerName="fv-az2210-123" duration="00:00:00.0000132" startTime="2025-06-06T19:28:33.7103549+00:00" endTime="2025-06-06T19:28:33.7104291+00:00" testType="13cdc9d9-ddb5-4fa4-a97d-d965ccfc6d4b" outcome="Passed" testListId="8c84fa94-04c1-424b-9868-57a2d4851a1d" relativeResultsDirectory="f6a291bc-0758-4d65-af6b-6491bd226539" />
    <UnitTestResult executionId="5a6a8ac2-3561-4712-9181-dbd170b12196" testId="c45f1015-f58a-dd97-659b-8fc6645f9f3a" testName="MSP430.Emulator.Tests.Instructions.AddressingModeDecoderTests.DecodeDestinationAddressingMode_R0_ReturnsCorrectMode(adBit: False, expected: Register)" computerName="fv-az2210-123" duration="00:00:00.0002977" startTime="2025-06-06T19:28:33.4661754+00:00" endTime="2025-06-06T19:28:33.4662697+00:00" testType="13cdc9d9-ddb5-4fa4-a97d-d965ccfc6d4b" outcome="Passed" testListId="8c84fa94-04c1-424b-9868-57a2d4851a1d" relativeResultsDirectory="5a6a8ac2-3561-4712-9181-dbd170b12196" />
    <UnitTestResult executionId="44568b30-d02e-4c72-b6ee-ce3fed23d6fe" testId="69255d92-dbc7-1ee6-1c13-10cbcbc7b510" testName="MSP430.Emulator.Tests.Instructions.Arithmetic.IncInstructionTests.Execute_RegisterMode_IncrementsValueAndUpdatesFlags" computerName="fv-az2210-123" duration="00:00:00.0002543" startTime="2025-06-06T19:28:33.6589442+00:00" endTime="2025-06-06T19:28:33.6590965+00:00" testType="13cdc9d9-ddb5-4fa4-a97d-d965ccfc6d4b" outcome="Passed" testListId="8c84fa94-04c1-424b-9868-57a2d4851a1d" relativeResultsDirectory="44568b30-d02e-4c72-b6ee-ce3fed23d6fe" />
    <UnitTestResult executionId="c3c49453-9461-4ba2-82fd-2772f9ebb400" testId="2425c75d-0131-a731-cc01-19589d4e4cc2" testName="MSP430.Emulator.Tests.Memory.MemoryAccessValidatorTests.IsAccessValid_InvalidAccess_ReturnsFalse" computerName="fv-az2210-123" duration="00:00:00.0052856" startTime="2025-06-06T19:28:30.9401680+00:00" endTime="2025-06-06T19:28:30.9585385+00:00" testType="13cdc9d9-ddb5-4fa4-a97d-d965ccfc6d4b" outcome="Passed" testListId="8c84fa94-04c1-424b-9868-57a2d4851a1d" relativeResultsDirectory="c3c49453-9461-4ba2-82fd-2772f9ebb400" />
    <UnitTestResult executionId="8ba60da3-3160-47b5-a821-c07a6e6593e9" testId="38b90395-ff2b-bd8a-24f2-06f234f68e40" testName="MSP430.Emulator.Tests.Memory.MemoryMapTests.Constructor_NullCustomRegions_ThrowsArgumentNullException" computerName="fv-az2210-123" duration="00:00:00.0002857" startTime="2025-06-06T19:28:30.9922236+00:00" endTime="2025-06-06T19:28:30.9923125+00:00" testType="13cdc9d9-ddb5-4fa4-a97d-d965ccfc6d4b" outcome="Passed" testListId="8c84fa94-04c1-424b-9868-57a2d4851a1d" relativeResultsDirectory="8ba60da3-3160-47b5-a821-c07a6e6593e9" />
    <UnitTestResult executionId="2f0709f2-79b6-4b42-841a-9f7620ffc308" testId="d82e119e-5431-7bd3-75b9-cdd93a6a82ac" testName="MSP430.Emulator.Tests.Logging.FileLoggerTests.Info_WritesToFile" computerName="fv-az2210-123" duration="00:00:00.0003550" startTime="2025-06-06T19:28:30.9461786+00:00" endTime="2025-06-06T19:28:30.9464372+00:00" testType="13cdc9d9-ddb5-4fa4-a97d-d965ccfc6d4b" outcome="Passed" testListId="8c84fa94-04c1-424b-9868-57a2d4851a1d" relativeResultsDirectory="2f0709f2-79b6-4b42-841a-9f7620ffc308" />
    <UnitTestResult executionId="74fffdae-6064-4259-abcb-203b4a046fac" testId="7662abce-af3e-1971-8ef3-1f9a1d008f06" testName="MSP430.Emulator.Tests.Instructions.Logic.AndInstructionTests.ExtensionWordCount_VariousAddressingModes_ReturnsCorrectCount(sourceMode: Register, destMode: Indirect, expectedCount: 0)" computerName="fv-az2210-123" duration="00:00:00.0000038" startTime="2025-06-06T19:28:33.6728414+00:00" endTime="2025-06-06T19:28:33.6729723+00:00" testType="13cdc9d9-ddb5-4fa4-a97d-d965ccfc6d4b" outcome="Passed" testListId="8c84fa94-04c1-424b-9868-57a2d4851a1d" relativeResultsDirectory="74fffdae-6064-4259-abcb-203b4a046fac" />
    <UnitTestResult executionId="0f6537ae-baa3-43b1-8f9f-e271cd914448" testId="18471cdb-f69b-4f0a-da96-1c1b4654730d" testName="MSP430.Emulator.Tests.Instructions.Arithmetic.CmpInstructionTests.AddressingModes_AllSupportedModes_ReturnCorrectValues(mode: IndirectAutoIncrement)" computerName="fv-az2210-123" duration="00:00:00.0000070" startTime="2025-06-06T19:28:33.7673999+00:00" endTime="2025-06-06T19:28:33.7674687+00:00" testType="13cdc9d9-ddb5-4fa4-a97d-d965ccfc6d4b" outcome="Passed" testListId="8c84fa94-04c1-424b-9868-57a2d4851a1d" relativeResultsDirectory="0f6537ae-baa3-43b1-8f9f-e271cd914448" />
    <UnitTestResult executionId="fe7b680a-d028-4187-aa63-da64a866bd40" testId="9dc3904d-4fb2-aa36-f29f-78b9a92cd4d6" testName="MSP430.Emulator.Tests.Instructions.AddressingModeDecoderTests.DecodeSourceAddressingMode_R2_ReturnsCorrectMode(asBits: 2, expected: Indirect)" computerName="fv-az2210-123" duration="00:00:00.0000078" startTime="2025-06-06T19:28:33.5151395+00:00" endTime="2025-06-06T19:28:33.5152182+00:00" testType="13cdc9d9-ddb5-4fa4-a97d-d965ccfc6d4b" outcome="Passed" testListId="8c84fa94-04c1-424b-9868-57a2d4851a1d" relativeResultsDirectory="fe7b680a-d028-4187-aa63-da64a866bd40" />
    <UnitTestResult executionId="35af625b-ccb0-4a93-9373-9d7aa6894bf9" testId="609b3366-701c-5a44-5ea9-f495e9d3ffff" testName="MSP430.Emulator.Tests.Memory.InformationMemoryTests.StoreCalibrationData_SegmentAProtected_Fails" computerName="fv-az2210-123" duration="00:00:00.0001622" startTime="2025-06-06T19:28:33.3791939+00:00" endTime="2025-06-06T19:28:33.3793066+00:00" testType="13cdc9d9-ddb5-4fa4-a97d-d965ccfc6d4b" outcome="Passed" testListId="8c84fa94-04c1-424b-9868-57a2d4851a1d" relativeResultsDirectory="35af625b-ccb0-4a93-9373-9d7aa6894bf9" />
    <UnitTestResult executionId="ef3f1cfb-23cc-49bb-8834-4bc5b543193b" testId="5bb2a894-8efc-6ff2-0b03-f5c5e6c4a063" testName="MSP430.Emulator.Tests.Logging.ConsoleLoggerTests.Warning_WithContext_CallsLogWithWarningLevelAndContext" computerName="fv-az2210-123" duration="00:00:00.0004665" startTime="2025-06-06T19:28:33.4357569+00:00" endTime="2025-06-06T19:28:33.4358941+00:00" testType="13cdc9d9-ddb5-4fa4-a97d-d965ccfc6d4b" outcome="Passed" testListId="8c84fa94-04c1-424b-9868-57a2d4851a1d" relativeResultsDirectory="ef3f1cfb-23cc-49bb-8834-4bc5b543193b" />
    <UnitTestResult executionId="598c47a6-e080-40f1-97cd-b82bfaa4395f" testId="28bef1cf-ccdf-a932-ea19-7ae1e760bd81" testName="MSP430.Emulator.Tests.Instructions.InstructionDecoderTests.GetInstructionFormat_FormatIII_ReturnsFormatIII(instructionWord: 11264)" computerName="fv-az2210-123" duration="00:00:00.0000035" startTime="2025-06-06T19:28:33.8303658+00:00" endTime="2025-06-06T19:28:33.8304192+00:00" testType="13cdc9d9-ddb5-4fa4-a97d-d965ccfc6d4b" outcome="Passed" testListId="8c84fa94-04c1-424b-9868-57a2d4851a1d" relativeResultsDirectory="598c47a6-e080-40f1-97cd-b82bfaa4395f" />
    <UnitTestResult executionId="5f992645-3168-47b6-ba0f-a21d0a071951" testId="a1da73f8-c5e5-3f5c-ed60-7f4ab750dd15" testName="MSP430.Emulator.Tests.Cpu.RegisterFileTests.ProgramCounterIncrement_WithDebugLogging_LogsOperation" computerName="fv-az2210-123" duration="00:00:00.0006849" startTime="2025-06-06T19:28:33.5404314+00:00" endTime="2025-06-06T19:28:33.5493237+00:00" testType="13cdc9d9-ddb5-4fa4-a97d-d965ccfc6d4b" outcome="Passed" testListId="8c84fa94-04c1-424b-9868-57a2d4851a1d" relativeResultsDirectory="5f992645-3168-47b6-ba0f-a21d0a071951" />
    <UnitTestResult executionId="b10f8088-a6f2-4788-85f2-1909c755fa17" testId="46cd091c-7ad2-d90a-ec35-65df50e99251" testName="MSP430.Emulator.Tests.Instructions.Logic.AndInstructionTests.AddressingModes_AllSupportedModes_ReturnCorrectValues(mode: Indexed)" computerName="fv-az2210-123" duration="00:00:00.0000100" startTime="2025-06-06T19:28:33.6852922+00:00" endTime="2025-06-06T19:28:33.6854192+00:00" testType="13cdc9d9-ddb5-4fa4-a97d-d965ccfc6d4b" outcome="Passed" testListId="8c84fa94-04c1-424b-9868-57a2d4851a1d" relativeResultsDirectory="b10f8088-a6f2-4788-85f2-1909c755fa17" />
    <UnitTestResult executionId="2fb9dc4f-b270-4fc5-9b86-a8df7629f2a9" testId="76ed0af1-1d0b-91d9-ff7b-f4956332a149" testName="MSP430.Emulator.Tests.Memory.MemoryControllerTests.ReadWord_ValidAddress_ReturnsValue(address: 8192)" computerName="fv-az2210-123" duration="00:00:00.0061092" startTime="2025-06-06T19:28:33.8857843+00:00" endTime="2025-06-06T19:28:33.8948307+00:00" testType="13cdc9d9-ddb5-4fa4-a97d-d965ccfc6d4b" outcome="Passed" testListId="8c84fa94-04c1-424b-9868-57a2d4851a1d" relativeResultsDirectory="2fb9dc4f-b270-4fc5-9b86-a8df7629f2a9" />
    <UnitTestResult executionId="77981ca4-038f-4f03-93a6-f88885be2caa" testId="723c8056-9ccc-307f-b566-9b3365850c13" testName="MSP430.Emulator.Tests.Memory.MemoryControllerTests.MemoryAccessed_Event_RaisedOnMemoryOperation" computerName="fv-az2210-123" duration="00:00:00.0060612" startTime="2025-06-06T19:28:33.9081624+00:00" endTime="2025-06-06T19:28:33.9082045+00:00" testType="13cdc9d9-ddb5-4fa4-a97d-d965ccfc6d4b" outcome="Passed" testListId="8c84fa94-04c1-424b-9868-57a2d4851a1d" relativeResultsDirectory="77981ca4-038f-4f03-93a6-f88885be2caa" />
    <UnitTestResult executionId="29522352-a302-4110-80f1-5bbb2355a842" testId="110b11d3-4e5f-cd47-d2fe-c53d37e19fd4" testName="MSP430.Emulator.Tests.Instructions.Logic.BisInstructionTests.ExtensionWordCount_VariousAddressingModes_ReturnsCorrectCount(sourceMode: Immediate, destMode: Register, expectedCount: 1)" computerName="fv-az2210-123" duration="00:00:00.0000087" startTime="2025-06-06T19:28:33.7236004+00:00" endTime="2025-06-06T19:28:33.7237414+00:00" testType="13cdc9d9-ddb5-4fa4-a97d-d965ccfc6d4b" outcome="Passed" testListId="8c84fa94-04c1-424b-9868-57a2d4851a1d" relativeResultsDirectory="29522352-a302-4110-80f1-5bbb2355a842" />
    <UnitTestResult executionId="ca63cd6a-c96c-449b-8892-165a1943b78a" testId="6b3f04a6-5c77-3a38-0e52-dd6d5799fc31" testName="MSP430.Emulator.Tests.Configuration.EmulatorConfigTests.DefaultMemoryConfig_HasExpectedValues" computerName="fv-az2210-123" duration="00:00:00.0001262" startTime="2025-06-06T19:28:33.6193925+00:00" endTime="2025-06-06T19:28:33.6195934+00:00" testType="13cdc9d9-ddb5-4fa4-a97d-d965ccfc6d4b" outcome="Passed" testListId="8c84fa94-04c1-424b-9868-57a2d4851a1d" relativeResultsDirectory="ca63cd6a-c96c-449b-8892-165a1943b78a" />
    <UnitTestResult executionId="ce03df79-427e-44f2-b08c-d8be76583e8c" testId="6b3101df-2146-9af8-b356-06af5eff56c4" testName="MSP430.Emulator.Tests.Cpu.StatusRegisterTests.UpdateFlagsAfterAddition_WordOperation_SetsCorrectFlags(operand1: 32767, operand2: 1, result: 32768, isByteOp: False, expectedZero: False, expectedNegative: True, expectedCarry: False, expectedOverflow: True)" computerName="fv-az2210-123" duration="00:00:00.0000122" startTime="2025-06-06T19:28:33.0089381+00:00" endTime="2025-06-06T19:28:33.0090819+00:00" testType="13cdc9d9-ddb5-4fa4-a97d-d965ccfc6d4b" outcome="Passed" testListId="8c84fa94-04c1-424b-9868-57a2d4851a1d" relativeResultsDirectory="ce03df79-427e-44f2-b08c-d8be76583e8c" />
    <UnitTestResult executionId="e2434b01-80c8-44c7-a405-9691abe1fe4f" testId="7dceba34-ea26-ea2f-6496-f5a3f4cf3473" testName="MSP430.Emulator.Tests.Memory.InformationMemoryTests.GetSegment_ValidAddresses_ReturnsCorrectSegment(address: 6527, expectedSegment: SegmentB)" computerName="fv-az2210-123" duration="00:00:00.0000134" startTime="2025-06-06T19:28:33.2805151+00:00" endTime="2025-06-06T19:28:33.2806343+00:00" testType="13cdc9d9-ddb5-4fa4-a97d-d965ccfc6d4b" outcome="Passed" testListId="8c84fa94-04c1-424b-9868-57a2d4851a1d" relativeResultsDirectory="e2434b01-80c8-44c7-a405-9691abe1fe4f" />
    <UnitTestResult executionId="a174e438-32f0-4028-93ea-88378ff06e9f" testId="f400b034-6d32-6f18-7e11-a578bb72ec9e" testName="MSP430.Emulator.Tests.Instructions.Logic.XorInstructionTests.DestinationRegister_AllRegisters_ReturnsCorrectRegister(register: R0)" computerName="fv-az2210-123" duration="00:00:00.0000079" startTime="2025-06-06T19:28:33.1989986+00:00" endTime="2025-06-06T19:28:33.1991415+00:00" testType="13cdc9d9-ddb5-4fa4-a97d-d965ccfc6d4b" outcome="Passed" testListId="8c84fa94-04c1-424b-9868-57a2d4851a1d" relativeResultsDirectory="a174e438-32f0-4028-93ea-88378ff06e9f" />
    <UnitTestResult executionId="3745e129-e220-4717-b1ef-e968d59b6171" testId="af922e3b-6d75-ab4e-acec-b9fd2112e784" testName="MSP430.Emulator.Tests.Core.ExecutionStateTests.CanResume_ReturnsExpectedResult(state: Reset, expected: False)" computerName="fv-az2210-123" duration="00:00:00.0002200" startTime="2025-06-06T19:28:33.7141547+00:00" endTime="2025-06-06T19:28:33.7142256+00:00" testType="13cdc9d9-ddb5-4fa4-a97d-d965ccfc6d4b" outcome="Passed" testListId="8c84fa94-04c1-424b-9868-57a2d4851a1d" relativeResultsDirectory="3745e129-e220-4717-b1ef-e968d59b6171" />
    <UnitTestResult executionId="e3a183b3-a102-4a9b-bf27-090b9422768e" testId="f4813ebe-f74f-a87c-33f4-157c1ecd9627" testName="MSP430.Emulator.Tests.Instructions.InstructionDecoderTests.Decode_InvalidInstruction_ThrowsInvalidInstructionException(instructionWord: 5120)" computerName="fv-az2210-123" duration="00:00:00.0002014" startTime="2025-06-06T19:28:33.8363016+00:00" endTime="2025-06-06T19:28:33.8363532+00:00" testType="13cdc9d9-ddb5-4fa4-a97d-d965ccfc6d4b" outcome="Passed" testListId="8c84fa94-04c1-424b-9868-57a2d4851a1d" relativeResultsDirectory="e3a183b3-a102-4a9b-bf27-090b9422768e" />
    <UnitTestResult executionId="71dc25d6-e77b-4162-9caa-124f21c7c7c7" testId="b46b94f6-bd6f-b2e7-f10a-c7fbd1402b0b" testName="MSP430.Emulator.Tests.Memory.InformationMemoryTests.GetSegment_ValidAddresses_ReturnsCorrectSegment(address: 6400, expectedSegment: SegmentB)" computerName="fv-az2210-123" duration="00:00:00.0000108" startTime="2025-06-06T19:28:33.2861913+00:00" endTime="2025-06-06T19:28:33.2863069+00:00" testType="13cdc9d9-ddb5-4fa4-a97d-d965ccfc6d4b" outcome="Passed" testListId="8c84fa94-04c1-424b-9868-57a2d4851a1d" relativeResultsDirectory="71dc25d6-e77b-4162-9caa-124f21c7c7c7" />
    <UnitTestResult executionId="8da1a9b3-7a95-445a-ba77-d48ea5dfca66" testId="5d87f513-ed3a-2346-e8f9-bc9d848b2e37" testName="MSP430.Emulator.Tests.Cpu.StatusRegisterTests.SystemClockGenerator0_GetSet_WorksCorrectly(value: 64, expected: True)" computerName="fv-az2210-123" duration="00:00:00.0000079" startTime="2025-06-06T19:28:33.0553828+00:00" endTime="2025-06-06T19:28:33.0555372+00:00" testType="13cdc9d9-ddb5-4fa4-a97d-d965ccfc6d4b" outcome="Passed" testListId="8c84fa94-04c1-424b-9868-57a2d4851a1d" relativeResultsDirectory="8da1a9b3-7a95-445a-ba77-d48ea5dfca66" />
    <UnitTestResult executionId="696af4ba-65ae-4998-874e-03d93abb5807" testId="e1594206-eeb2-94b0-c4f6-dea4a8889f02" testName="MSP430.Emulator.Tests.Memory.RandomAccessMemoryTests.Constructor_InvalidSize_ThrowsArgumentOutOfRangeException(invalidSize: 511)" computerName="fv-az2210-123" duration="00:00:00.0000477" startTime="2025-06-06T19:28:33.8753477+00:00" endTime="2025-06-06T19:28:33.8753910+00:00" testType="13cdc9d9-ddb5-4fa4-a97d-d965ccfc6d4b" outcome="Passed" testListId="8c84fa94-04c1-424b-9868-57a2d4851a1d" relativeResultsDirectory="696af4ba-65ae-4998-874e-03d93abb5807" />
    <UnitTestResult executionId="04f6ba7b-fc19-413e-8809-552257f3ff3b" testId="39103e49-ddb0-cf86-c33e-a001715810f1" testName="MSP430.Emulator.Tests.Instructions.Arithmetic.DecInstructionTests.AddressingModes_AllSupportedModes_ReturnCorrectValues(mode: IndirectAutoIncrement)" computerName="fv-az2210-123" duration="00:00:00.0000106" startTime="2025-06-06T19:28:33.7477253+00:00" endTime="2025-06-06T19:28:33.7477957+00:00" testType="13cdc9d9-ddb5-4fa4-a97d-d965ccfc6d4b" outcome="Passed" testListId="8c84fa94-04c1-424b-9868-57a2d4851a1d" relativeResultsDirectory="04f6ba7b-fc19-413e-8809-552257f3ff3b" />
    <UnitTestResult executionId="26161523-fb4b-4323-93cd-d04894cc9168" testId="18c2293e-3354-2575-d377-955917aed648" testName="MSP430.Emulator.Tests.Instructions.Arithmetic.IncInstructionTests.ExtensionWordCount_VariousAddressingModes_ReturnsCorrectCount(destMode: Indexed, expectedCount: 1)" computerName="fv-az2210-123" duration="00:00:00.0002686" startTime="2025-06-06T19:28:33.6277963+00:00" endTime="2025-06-06T19:28:33.6283638+00:00" testType="13cdc9d9-ddb5-4fa4-a97d-d965ccfc6d4b" outcome="Passed" testListId="8c84fa94-04c1-424b-9868-57a2d4851a1d" relativeResultsDirectory="26161523-fb4b-4323-93cd-d04894cc9168" />
    <UnitTestResult executionId="4da0c398-15b8-430f-8630-be29d3965b83" testId="0aaf9671-3977-38e2-ae13-419d03324b73" testName="MSP430.Emulator.Tests.Configuration.EmulatorConfigTests.LoadFromFile_WithValidFile_ReturnsCorrectConfig" computerName="fv-az2210-123" duration="00:00:00.0039650" startTime="2025-06-06T19:28:33.6120887+00:00" endTime="2025-06-06T19:28:33.6138624+00:00" testType="13cdc9d9-ddb5-4fa4-a97d-d965ccfc6d4b" outcome="Passed" testListId="8c84fa94-04c1-424b-9868-57a2d4851a1d" relativeResultsDirectory="4da0c398-15b8-430f-8630-be29d3965b83" />
    <UnitTestResult executionId="6de6d625-7d71-4ead-90b2-8af73b30a7c4" testId="76ce9d6e-a9c7-f2fb-ff13-4a2740356772" testName="MSP430.Emulator.Tests.Memory.RandomAccessMemoryTests.Constructor_InvalidSize_ThrowsArgumentOutOfRangeException(invalidSize: 10241)" computerName="fv-az2210-123" duration="00:00:00.0002917" startTime="2025-06-06T19:28:33.8740107+00:00" endTime="2025-06-06T19:28:33.8748417+00:00" testType="13cdc9d9-ddb5-4fa4-a97d-d965ccfc6d4b" outcome="Passed" testListId="8c84fa94-04c1-424b-9868-57a2d4851a1d" relativeResultsDirectory="6de6d625-7d71-4ead-90b2-8af73b30a7c4" />
    <UnitTestResult executionId="fe9b5694-ee54-4bea-90d1-8f8f843df268" testId="f5413268-f5f6-5a57-b382-f32490d4a535" testName="MSP430.Emulator.Tests.Memory.RandomAccessMemoryTests.Initialize_WithPattern_SetsAllBytesToPattern(pattern: 170)" computerName="fv-az2210-123" duration="00:00:00.0000162" startTime="2025-06-06T19:28:33.8834887+00:00" endTime="2025-06-06T19:28:33.8835303+00:00" testType="13cdc9d9-ddb5-4fa4-a97d-d965ccfc6d4b" outcome="Passed" testListId="8c84fa94-04c1-424b-9868-57a2d4851a1d" relativeResultsDirectory="fe9b5694-ee54-4bea-90d1-8f8f843df268" />
    <UnitTestResult executionId="1847df77-7b18-4eee-9f34-0b21e260098d" testId="35dda1de-86da-4a13-6591-2546d2f5ffc1" testName="MSP430.Emulator.Tests.Memory.MemorySystemIntegrationTests.MemorySystem_AddressBoundaries_AreEnforcedCorrectly" computerName="fv-az2210-123" duration="00:00:00.0117526" startTime="2025-06-06T19:28:33.8912404+00:00" endTime="2025-06-06T19:28:33.8993011+00:00" testType="13cdc9d9-ddb5-4fa4-a97d-d965ccfc6d4b" outcome="Passed" testListId="8c84fa94-04c1-424b-9868-57a2d4851a1d" relativeResultsDirectory="1847df77-7b18-4eee-9f34-0b21e260098d" />
    <UnitTestResult executionId="223bfede-2376-4143-beaa-50090eabbbd7" testId="d54450f8-2900-1656-e7c7-6b86060d8b73" testName="MSP430.Emulator.Tests.Logging.FileLoggerTests.Log_IncludesTimestamp" computerName="fv-az2210-123" duration="00:00:00.0135337" startTime="2025-06-06T19:28:30.9331260+00:00" endTime="2025-06-06T19:28:30.9403859+00:00" testType="13cdc9d9-ddb5-4fa4-a97d-d965ccfc6d4b" outcome="Passed" testListId="8c84fa94-04c1-424b-9868-57a2d4851a1d" relativeResultsDirectory="223bfede-2376-4143-beaa-50090eabbbd7" />
    <UnitTestResult executionId="63260d8c-65dc-4a01-8037-38c6566fd495" testId="0b2748f9-f873-1c64-463f-75a7682de10c" testName="MSP430.Emulator.Tests.Memory.InformationMemoryTests.IsAddressInBounds_VariousAddresses_ReturnsExpectedResult(address: 6400, expected: True)" computerName="fv-az2210-123" duration="00:00:00.0001364" startTime="2025-06-06T19:28:33.2550614+00:00" endTime="2025-06-06T19:28:33.2552029+00:00" testType="13cdc9d9-ddb5-4fa4-a97d-d965ccfc6d4b" outcome="Passed" testListId="8c84fa94-04c1-424b-9868-57a2d4851a1d" relativeResultsDirectory="63260d8c-65dc-4a01-8037-38c6566fd495" />
    <UnitTestResult executionId="6145b658-2fba-450a-abf2-34991ae1ac2f" testId="2dc3b92a-7f93-e8d4-c326-68d8f836700b" testName="MSP430.Emulator.Tests.Diagnostics.DiagnosticReportGeneratorTests.GenerateReport_ShouldReturnValidReport" computerName="fv-az2210-123" duration="00:00:00.0019294" startTime="2025-06-06T19:28:33.1911696+00:00" endTime="2025-06-06T19:28:33.2231325+00:00" testType="13cdc9d9-ddb5-4fa4-a97d-d965ccfc6d4b" outcome="Passed" testListId="8c84fa94-04c1-424b-9868-57a2d4851a1d" relativeResultsDirectory="6145b658-2fba-450a-abf2-34991ae1ac2f" />
    <UnitTestResult executionId="1ec52703-21ab-4361-b5e8-8411e3e3a87c" testId="a9b2cfdf-0888-bc25-ff29-4218fd32dc42" testName="MSP430.Emulator.Tests.Instructions.InstructionDecoderTests.GetInstructionFormat_FormatII_ReturnsFormatII(instructionWord: 4352)" computerName="fv-az2210-123" duration="00:00:00.0001994" startTime="2025-06-06T19:28:33.8249581+00:00" endTime="2025-06-06T19:28:33.8250521+00:00" testType="13cdc9d9-ddb5-4fa4-a97d-d965ccfc6d4b" outcome="Passed" testListId="8c84fa94-04c1-424b-9868-57a2d4851a1d" relativeResultsDirectory="1ec52703-21ab-4361-b5e8-8411e3e3a87c" />
    <UnitTestResult executionId="b554cf21-fef3-4a24-86e0-32f33bf6ae4e" testId="20d6a6cd-33be-4764-a1fc-50dd911b9b0a" testName="MSP430.Emulator.Tests.Memory.MemoryAccessValidatorTests.ValidateRead_InvalidAddress_ThrowsMemoryAccessException" computerName="fv-az2210-123" duration="00:00:00.0061621" startTime="2025-06-06T19:28:30.9952669+00:00" endTime="2025-06-06T19:28:30.9968017+00:00" testType="13cdc9d9-ddb5-4fa4-a97d-d965ccfc6d4b" outcome="Passed" testListId="8c84fa94-04c1-424b-9868-57a2d4851a1d" relativeResultsDirectory="b554cf21-fef3-4a24-86e0-32f33bf6ae4e" />
    <UnitTestResult executionId="5e45a64f-54d3-4881-88d2-89463fba4740" testId="3ad70cc5-7afb-dd1e-8fe1-1dd931217342" testName="MSP430.Emulator.Tests.Instructions.Logic.XorInstructionTests.DestinationRegister_AllRegisters_ReturnsCorrectRegister(register: R1)" computerName="fv-az2210-123" duration="00:00:00.0000073" startTime="2025-06-06T19:28:33.2004638+00:00" endTime="2025-06-06T19:28:33.2006046+00:00" testType="13cdc9d9-ddb5-4fa4-a97d-d965ccfc6d4b" outcome="Passed" testListId="8c84fa94-04c1-424b-9868-57a2d4851a1d" relativeResultsDirectory="5e45a64f-54d3-4881-88d2-89463fba4740" />
    <UnitTestResult executionId="d0437998-20e8-4ca2-bb72-cbf723d38438" testId="5dd0dda3-b7ec-c002-e97e-0dfa26ea2a09" testName="MSP430.Emulator.Tests.Diagnostics.DiagnosticLoggerTests.MinimumLevel_ShouldReflectInnerLogger" computerName="fv-az2210-123" duration="00:00:00.0003763" startTime="2025-06-06T19:28:30.9110117+00:00" endTime="2025-06-06T19:28:30.9111195+00:00" testType="13cdc9d9-ddb5-4fa4-a97d-d965ccfc6d4b" outcome="Passed" testListId="8c84fa94-04c1-424b-9868-57a2d4851a1d" relativeResultsDirectory="d0437998-20e8-4ca2-bb72-cbf723d38438" />
    <UnitTestResult executionId="98aa187b-1e87-4b0b-9c75-779423b3926a" testId="bcc52594-6d27-6ccd-9b09-c9f751bc0107" testName="MSP430.Emulator.Tests.Cpu.StatusRegisterTests.UpdateFlagsAfterSubtraction_ByteOperation_SetsCorrectFlags(operand1: 16, operand2: 16, result: 0, isByteOp: True, expectedZero: True, expectedNegative: False, expectedCarry: True, expectedOverflow: False)" computerName="fv-az2210-123" duration="00:00:00.0000113" startTime="2025-06-06T19:28:33.0972757+00:00" endTime="2025-06-06T19:28:33.0973948+00:00" testType="13cdc9d9-ddb5-4fa4-a97d-d965ccfc6d4b" outcome="Passed" testListId="8c84fa94-04c1-424b-9868-57a2d4851a1d" relativeResultsDirectory="98aa187b-1e87-4b0b-9c75-779423b3926a" />
    <UnitTestResult executionId="f740b9dd-b252-4dd7-ad6d-4774332ee53e" testId="7531286f-129c-c19f-a70d-68382f85e779" testName="MSP430.Emulator.Tests.Instructions.Arithmetic.DecInstructionTests.Properties_VariousRegisters_ReturnCorrectValues(dest: CG1)" computerName="fv-az2210-123" duration="00:00:00.0002556" startTime="2025-06-06T19:28:33.7519244+00:00" endTime="2025-06-06T19:28:33.7527386+00:00" testType="13cdc9d9-ddb5-4fa4-a97d-d965ccfc6d4b" outcome="Passed" testListId="8c84fa94-04c1-424b-9868-57a2d4851a1d" relativeResultsDirectory="f740b9dd-b252-4dd7-ad6d-4774332ee53e" />
    <UnitTestResult executionId="41b6f22e-5d65-4456-9847-3542aa80c1c8" testId="c6bf1c0b-00d8-5f9b-0be4-210ce2ba8218" testName="MSP430.Emulator.Tests.Instructions.Arithmetic.DecInstructionTests.ExtensionWordCount_VariousAddressingModes_ReturnsCorrectCount(destMode: Symbolic, expectedCount: 1)" computerName="fv-az2210-123" duration="00:00:00.0000076" startTime="2025-06-06T19:28:33.7385644+00:00" endTime="2025-06-06T19:28:33.7386351+00:00" testType="13cdc9d9-ddb5-4fa4-a97d-d965ccfc6d4b" outcome="Passed" testListId="8c84fa94-04c1-424b-9868-57a2d4851a1d" relativeResultsDirectory="41b6f22e-5d65-4456-9847-3542aa80c1c8" />
    <UnitTestResult executionId="6d808991-9d61-4c97-86c1-9635a27eb21f" testId="31f8205f-ac7c-7aa6-264c-1c0f3caccaba" testName="MSP430.Emulator.Tests.Logging.ConsoleLoggerTests.Info_WithContext_CallsLogWithInfoLevelAndContext" computerName="fv-az2210-123" duration="00:00:00.0002584" startTime="2025-06-06T19:28:33.4412502+00:00" endTime="2025-06-06T19:28:33.4413326+00:00" testType="13cdc9d9-ddb5-4fa4-a97d-d965ccfc6d4b" outcome="Passed" testListId="8c84fa94-04c1-424b-9868-57a2d4851a1d" relativeResultsDirectory="6d808991-9d61-4c97-86c1-9635a27eb21f" />
    <UnitTestResult executionId="0d84ff99-a023-4533-9299-bbf0087646f9" testId="0ada133f-a3b8-e396-2514-106cec540a8e" testName="MSP430.Emulator.Tests.Instructions.InstructionDecoderTests.ExtractOpcode_FormatII_ReturnsCorrectOpcode(format: FormatII, instructionWord: 4160, expected: 16)" computerName="fv-az2210-123" duration="00:00:00.0000052" startTime="2025-06-06T19:28:33.8157029+00:00" endTime="2025-06-06T19:28:33.8157566+00:00" testType="13cdc9d9-ddb5-4fa4-a97d-d965ccfc6d4b" outcome="Passed" testListId="8c84fa94-04c1-424b-9868-57a2d4851a1d" relativeResultsDirectory="0d84ff99-a023-4533-9299-bbf0087646f9" />
    <UnitTestResult executionId="56d6fe3e-23c4-4ce6-8119-6763916f79d7" testId="edae02d8-089b-0619-98bb-2e75bad26c4f" testName="MSP430.Emulator.Tests.Memory.InformationMemoryTests.ReadCalibrationData_ReturnsStoredData" computerName="fv-az2210-123" duration="00:00:00.0005953" startTime="2025-06-06T19:28:33.3766361+00:00" endTime="2025-06-06T19:28:33.3767492+00:00" testType="13cdc9d9-ddb5-4fa4-a97d-d965ccfc6d4b" outcome="Passed" testListId="8c84fa94-04c1-424b-9868-57a2d4851a1d" relativeResultsDirectory="56d6fe3e-23c4-4ce6-8119-6763916f79d7" />
    <UnitTestResult executionId="78986f56-7420-4fb3-8bb9-d4921bcf1089" testId="902cb0e6-2f81-4d85-bd9f-d1901e3967f4" testName="MSP430.Emulator.Tests.Memory.InformationMemoryTests.IsAddressInBounds_VariousAddresses_ReturnsExpectedResult(address: 6143, expected: False)" computerName="fv-az2210-123" duration="00:00:00.0000126" startTime="2025-06-06T19:28:33.2577808+00:00" endTime="2025-06-06T19:28:33.2579640+00:00" testType="13cdc9d9-ddb5-4fa4-a97d-d965ccfc6d4b" outcome="Passed" testListId="8c84fa94-04c1-424b-9868-57a2d4851a1d" relativeResultsDirectory="78986f56-7420-4fb3-8bb9-d4921bcf1089" />
    <UnitTestResult executionId="dd28f1b6-9677-40bc-b01a-cbacfc281577" testId="f03186f9-d45c-46f8-b6a7-f7e9c7623d58" testName="MSP430.Emulator.Tests.Memory.FlashControllerTests.TryUnlock_InvalidKey_ReturnsFalse(invalidKey: 0)" computerName="fv-az2210-123" duration="00:00:00.0000124" startTime="2025-06-06T19:28:33.3173933+00:00" endTime="2025-06-06T19:28:33.3181561+00:00" testType="13cdc9d9-ddb5-4fa4-a97d-d965ccfc6d4b" outcome="Passed" testListId="8c84fa94-04c1-424b-9868-57a2d4851a1d" relativeResultsDirectory="dd28f1b6-9677-40bc-b01a-cbacfc281577" />
    <UnitTestResult executionId="0527cbf0-37dd-4175-b9cf-b5267ef289f0" testId="fe2b5973-8e91-4622-273f-d84e931b62c6" testName="MSP430.Emulator.Tests.Memory.MemoryControllerTests.ReadWord_UnalignedAddress_ThrowsArgumentException(address: 8193)" computerName="fv-az2210-123" duration="00:00:00.0050379" startTime="2025-06-06T19:28:33.9065157+00:00" endTime="2025-06-06T19:28:33.9065566+00:00" testType="13cdc9d9-ddb5-4fa4-a97d-d965ccfc6d4b" outcome="Passed" testListId="8c84fa94-04c1-424b-9868-57a2d4851a1d" relativeResultsDirectory="0527cbf0-37dd-4175-b9cf-b5267ef289f0" />
    <UnitTestResult executionId="0587903f-9b87-43ce-9859-4cd7cfce92e7" testId="7a0b89d9-b831-b204-a233-98f0efea8677" testName="MSP430.Emulator.Tests.Instructions.AddressingModeDecoderTests.RequiresExtensionWord_VariousModes_ReturnsCorrectResult(mode: IndirectAutoIncrement, expected: False)" computerName="fv-az2210-123" duration="00:00:00.0000055" startTime="2025-06-06T19:28:33.4745889+00:00" endTime="2025-06-06T19:28:33.4747002+00:00" testType="13cdc9d9-ddb5-4fa4-a97d-d965ccfc6d4b" outcome="Passed" testListId="8c84fa94-04c1-424b-9868-57a2d4851a1d" relativeResultsDirectory="0587903f-9b87-43ce-9859-4cd7cfce92e7" />
    <UnitTestResult executionId="9c8090e1-6339-4fa3-8ef0-fbc188d2c959" testId="c01ce285-f019-7751-5731-68333c83165a" testName="MSP430.Emulator.Tests.Diagnostics.DiagnosticLoggerTests.Log_WithContext_ShouldStoreContextInBuffer" computerName="fv-az2210-123" duration="00:00:00.0081790" startTime="2025-06-06T19:28:30.8522894+00:00" endTime="2025-06-06T19:28:30.8524281+00:00" testType="13cdc9d9-ddb5-4fa4-a97d-d965ccfc6d4b" outcome="Passed" testListId="8c84fa94-04c1-424b-9868-57a2d4851a1d" relativeResultsDirectory="9c8090e1-6339-4fa3-8ef0-fbc188d2c959" />
    <UnitTestResult executionId="800d49cf-8f72-4f5e-b9c5-185754256519" testId="5e18e15c-9529-a0ca-a240-4cfce69b4c43" testName="MSP430.Emulator.Tests.Memory.FlashMemoryTests.ReadWord_UnalignedAddress_ThrowsArgumentException(unalignedAddress: 32771)" computerName="fv-az2210-123" duration="00:00:00.0037881" startTime="2025-06-06T19:28:33.7871752+00:00" endTime="2025-06-06T19:28:33.7877027+00:00" testType="13cdc9d9-ddb5-4fa4-a97d-d965ccfc6d4b" outcome="Passed" testListId="8c84fa94-04c1-424b-9868-57a2d4851a1d" relativeResultsDirectory="800d49cf-8f72-4f5e-b9c5-185754256519" />
    <UnitTestResult executionId="ded3a60e-16cd-49af-a00c-f58ffb5799c8" testId="e2ba4fcf-7bae-caaa-f957-4a1be482baa5" testName="MSP430.Emulator.Tests.Core.EmulatorCoreTests.Run_WithDuration_StartsExecution" computerName="fv-az2210-123" duration="00:00:00.0069594" startTime="2025-06-06T19:28:33.5045032+00:00" endTime="2025-06-06T19:28:33.5321567+00:00" testType="13cdc9d9-ddb5-4fa4-a97d-d965ccfc6d4b" outcome="Passed" testListId="8c84fa94-04c1-424b-9868-57a2d4851a1d" relativeResultsDirectory="ded3a60e-16cd-49af-a00c-f58ffb5799c8" />
    <UnitTestResult executionId="a770a924-0417-4d72-951c-712305bfb003" testId="31d3eb29-2a6a-fbd1-da55-2ded04e3bfaf" testName="MSP430.Emulator.Tests.Memory.RandomAccessMemoryTests.ReadByte_InvalidAddress_ThrowsArgumentOutOfRangeException(invalidAddress: 9216)" computerName="fv-az2210-123" duration="00:00:00.0003298" startTime="2025-06-06T19:28:33.8929775+00:00" endTime="2025-06-06T19:28:33.8930198+00:00" testType="13cdc9d9-ddb5-4fa4-a97d-d965ccfc6d4b" outcome="Passed" testListId="8c84fa94-04c1-424b-9868-57a2d4851a1d" relativeResultsDirectory="a770a924-0417-4d72-951c-712305bfb003" />
    <UnitTestResult executionId="86f94d4c-7b2c-45ae-a006-9a0ccd5652c7" testId="525048df-355c-4802-685e-dfdd30d8f912" testName="MSP430.Emulator.Tests.Instructions.Arithmetic.DecInstructionTests.ExtensionWordCount_VariousAddressingModes_ReturnsCorrectCount(destMode: Absolute, expectedCount: 1)" computerName="fv-az2210-123" duration="00:00:00.0000043" startTime="2025-06-06T19:28:33.7381140+00:00" endTime="2025-06-06T19:28:33.7381874+00:00" testType="13cdc9d9-ddb5-4fa4-a97d-d965ccfc6d4b" outcome="Passed" testListId="8c84fa94-04c1-424b-9868-57a2d4851a1d" relativeResultsDirectory="86f94d4c-7b2c-45ae-a006-9a0ccd5652c7" />
    <UnitTestResult executionId="dc753fc6-914e-4f32-a74f-c137a655b601" testId="15858d0d-a778-3d45-3a6b-85fa3d52007a" testName="MSP430.Emulator.Tests.Instructions.Logic.BitInstructionTests.ExtensionWordCount_VariousAddressingModes_ReturnsCorrectCount(sourceMode: Indexed, destMode: Register, expectedCount: 1)" computerName="fv-az2210-123" duration="00:00:00.0000071" startTime="2025-06-06T19:28:33.5428263+00:00" endTime="2025-06-06T19:28:33.5429239+00:00" testType="13cdc9d9-ddb5-4fa4-a97d-d965ccfc6d4b" outcome="Passed" testListId="8c84fa94-04c1-424b-9868-57a2d4851a1d" relativeResultsDirectory="dc753fc6-914e-4f32-a74f-c137a655b601" />
    <UnitTestResult executionId="44b4d241-0ee6-4951-ad05-7e64847634c3" testId="705ccf2d-2dcf-05d2-e131-2839d393609e" testName="MSP430.Emulator.Tests.Instructions.Arithmetic.DecInstructionTests.ToString_ByteOperation_IncludesBSuffix" computerName="fv-az2210-123" duration="00:00:00.0001090" startTime="2025-06-06T19:28:33.7566085+00:00" endTime="2025-06-06T19:28:33.7566803+00:00" testType="13cdc9d9-ddb5-4fa4-a97d-d965ccfc6d4b" outcome="Passed" testListId="8c84fa94-04c1-424b-9868-57a2d4851a1d" relativeResultsDirectory="44b4d241-0ee6-4951-ad05-7e64847634c3" />
    <UnitTestResult executionId="eed1334e-c23a-4cc5-b13b-e23b3c098b0d" testId="620ef137-abe1-3fbf-eeaf-b81fe77692fc" testName="MSP430.Emulator.Tests.Memory.MemoryMapTests.GetRegionInfo_ValidRegion_ReturnsCorrectInfo" computerName="fv-az2210-123" duration="00:00:00.0029367" startTime="2025-06-06T19:28:30.9683324+00:00" endTime="2025-06-06T19:28:30.9684171+00:00" testType="13cdc9d9-ddb5-4fa4-a97d-d965ccfc6d4b" outcome="Passed" testListId="8c84fa94-04c1-424b-9868-57a2d4851a1d" relativeResultsDirectory="eed1334e-c23a-4cc5-b13b-e23b3c098b0d" />
    <UnitTestResult executionId="35770258-bc9f-4251-a244-229ef55ca499" testId="833195a6-0ab7-f91f-a4fd-b3d73360dded" testName="MSP430.Emulator.Tests.Memory.RandomAccessMemoryTests.GetReadCycles_AllAddresses_ReturnsConstantCycles(address: 8448, isWordAccess: True, expectedCycles: 1)" computerName="fv-az2210-123" duration="00:00:00.0000110" startTime="2025-06-06T19:28:33.8795024+00:00" endTime="2025-06-06T19:28:33.8795458+00:00" testType="13cdc9d9-ddb5-4fa4-a97d-d965ccfc6d4b" outcome="Passed" testListId="8c84fa94-04c1-424b-9868-57a2d4851a1d" relativeResultsDirectory="35770258-bc9f-4251-a244-229ef55ca499" />
    <UnitTestResult executionId="8b17feb6-73f1-43b1-9a8c-35ed7cd3da9f" testId="165d49e3-0a76-db8e-c400-5df4227a1fe9" testName="MSP430.Emulator.Tests.Instructions.InstructionDecoderTests.GetInstructionFormat_FormatI_ReturnsFormatI(instructionWord: 61440)" computerName="fv-az2210-123" duration="00:00:00.0002006" startTime="2025-06-06T19:28:33.8110261+00:00" endTime="2025-06-06T19:28:33.8110813+00:00" testType="13cdc9d9-ddb5-4fa4-a97d-d965ccfc6d4b" outcome="Passed" testListId="8c84fa94-04c1-424b-9868-57a2d4851a1d" relativeResultsDirectory="8b17feb6-73f1-43b1-9a8c-35ed7cd3da9f" />
    <UnitTestResult executionId="499337d9-e889-4a5e-8be4-76c2e9445034" testId="7bcb1577-0b1d-f529-40d1-89fb7c9c7ccb" testName="MSP430.Emulator.Tests.Instructions.AddressingModeDecoderTests.RequiresExtensionWord_VariousModes_ReturnsCorrectResult(mode: Indirect, expected: False)" computerName="fv-az2210-123" duration="00:00:00.0000083" startTime="2025-06-06T19:28:33.4711463+00:00" endTime="2025-06-06T19:28:33.4712858+00:00" testType="13cdc9d9-ddb5-4fa4-a97d-d965ccfc6d4b" outcome="Passed" testListId="8c84fa94-04c1-424b-9868-57a2d4851a1d" relativeResultsDirectory="499337d9-e889-4a5e-8be4-76c2e9445034" />
    <UnitTestResult executionId="f0019280-0b3a-4bd6-8cd4-b47413ff720b" testId="6eb23d06-5d15-f840-7536-82fd5828275f" testName="MSP430.Emulator.Tests.Memory.RandomAccessMemoryTests.BoundaryTesting_LastValidAddresses_WorksCorrectly" computerName="fv-az2210-123" duration="00:00:00.0001689" startTime="2025-06-06T19:28:33.8852711+00:00" endTime="2025-06-06T19:28:33.8858134+00:00" testType="13cdc9d9-ddb5-4fa4-a97d-d965ccfc6d4b" outcome="Passed" testListId="8c84fa94-04c1-424b-9868-57a2d4851a1d" relativeResultsDirectory="f0019280-0b3a-4bd6-8cd4-b47413ff720b" />
    <UnitTestResult executionId="09661e98-9324-4c5f-8959-7fd15413e201" testId="b2845bde-23ff-e6e0-f289-0f76c8c632a3" testName="MSP430.Emulator.Tests.Configuration.EmulatorConfigTests.SaveToFile_CreatesFile" computerName="fv-az2210-123" duration="00:00:00.0014304" startTime="2025-06-06T19:28:33.5744616+00:00" endTime="2025-06-06T19:28:33.5906787+00:00" testType="13cdc9d9-ddb5-4fa4-a97d-d965ccfc6d4b" outcome="Passed" testListId="8c84fa94-04c1-424b-9868-57a2d4851a1d" relativeResultsDirectory="09661e98-9324-4c5f-8959-7fd15413e201" />
    <UnitTestResult executionId="76366d87-df7f-4536-a127-1964790d93d1" testId="04a6cb0d-68a2-15c9-1c79-f0789a3bc92b" testName="MSP430.Emulator.Tests.Cpu.StatusRegisterTests.CpuOff_GetSet_WorksCorrectly(value: 0, expected: False)" computerName="fv-az2210-123" duration="00:00:00.0002275" startTime="2025-06-06T19:28:32.9998654+00:00" endTime="2025-06-06T19:28:33.0000442+00:00" testType="13cdc9d9-ddb5-4fa4-a97d-d965ccfc6d4b" outcome="Passed" testListId="8c84fa94-04c1-424b-9868-57a2d4851a1d" relativeResultsDirectory="76366d87-df7f-4536-a127-1964790d93d1" />
    <UnitTestResult executionId="807d58a3-0ba3-4a1a-98f0-e142743e3d91" testId="c47e11bb-6df4-cd24-094a-de6564385295" testName="MSP430.Emulator.Tests.Memory.MemoryControllerTests.FlashProgramming_ReflectsInOperationStatus" computerName="fv-az2210-123" duration="00:00:00.0031781" startTime="2025-06-06T19:28:33.9240362+00:00" endTime="2025-06-06T19:28:33.9240931+00:00" testType="13cdc9d9-ddb5-4fa4-a97d-d965ccfc6d4b" outcome="Passed" testListId="8c84fa94-04c1-424b-9868-57a2d4851a1d" relativeResultsDirectory="807d58a3-0ba3-4a1a-98f0-e142743e3d91" />
    <UnitTestResult executionId="c8cd5a44-41aa-40a1-8581-c186a9d63b34" testId="75168d96-c83b-a276-ddb6-866f71418c19" testName="MSP430.Emulator.Tests.Cpu.StatusRegisterTests.GeneralInterruptEnable_SetFlag_UpdatesValue" computerName="fv-az2210-123" duration="00:00:00.0003886" startTime="2025-06-06T19:28:33.0910143+00:00" endTime="2025-06-06T19:28:33.0911336+00:00" testType="13cdc9d9-ddb5-4fa4-a97d-d965ccfc6d4b" outcome="Passed" testListId="8c84fa94-04c1-424b-9868-57a2d4851a1d" relativeResultsDirectory="c8cd5a44-41aa-40a1-8581-c186a9d63b34" />
    <UnitTestResult executionId="b654eb82-6822-4dba-bbb2-55beae0cac41" testId="7f6c32e5-fb11-1ddb-5b56-c71cf4cfae02" testName="MSP430.Emulator.Tests.Memory.MemoryControllerTests.GetAccessCycles_NullContext_ThrowsArgumentNullException" computerName="fv-az2210-123" duration="00:00:00.0022277" startTime="2025-06-06T19:28:33.9245669+00:00" endTime="2025-06-06T19:28:33.9246112+00:00" testType="13cdc9d9-ddb5-4fa4-a97d-d965ccfc6d4b" outcome="Passed" testListId="8c84fa94-04c1-424b-9868-57a2d4851a1d" relativeResultsDirectory="b654eb82-6822-4dba-bbb2-55beae0cac41" />
    <UnitTestResult executionId="0cd13cfb-ce08-48a6-9858-a67596612afc" testId="e06e84bf-7e0d-2716-11ec-7504bf4b0073" testName="MSP430.Emulator.Tests.Memory.MemoryAccessValidatorTests.ValidateRead_LogsDebugOnSuccess" computerName="fv-az2210-123" duration="00:00:00.0021925" startTime="2025-06-06T19:28:31.0064742+00:00" endTime="2025-06-06T19:28:31.0066364+00:00" testType="13cdc9d9-ddb5-4fa4-a97d-d965ccfc6d4b" outcome="Passed" testListId="8c84fa94-04c1-424b-9868-57a2d4851a1d" relativeResultsDirectory="0cd13cfb-ce08-48a6-9858-a67596612afc" />
    <UnitTestResult executionId="c71397e5-704c-4af7-8e3e-d6698a14b4b3" testId="a4e6edc0-44c2-d7ea-fa4a-f3fb8623e768" testName="MSP430.Emulator.Tests.Cpu.RegisterFileTests.ReadRegister_ValidRegister_ReturnsZeroAfterReset(register: CG1)" computerName="fv-az2210-123" duration="00:00:00.0000116" startTime="2025-06-06T19:28:33.4806067+00:00" endTime="2025-06-06T19:28:33.4806865+00:00" testType="13cdc9d9-ddb5-4fa4-a97d-d965ccfc6d4b" outcome="Passed" testListId="8c84fa94-04c1-424b-9868-57a2d4851a1d" relativeResultsDirectory="c71397e5-704c-4af7-8e3e-d6698a14b4b3" />
    <UnitTestResult executionId="8ab9c880-1f5e-426d-ba05-f334b31aab42" testId="57b747e8-0dab-f454-1435-099ee29cd2e0" testName="MSP430.Emulator.Tests.Core.ExecutionStateTests.CanResume_ReturnsExpectedResult(state: SingleStep, expected: True)" computerName="fv-az2210-123" duration="00:00:00.0000056" startTime="2025-06-06T19:28:33.7157710+00:00" endTime="2025-06-06T19:28:33.7159098+00:00" testType="13cdc9d9-ddb5-4fa4-a97d-d965ccfc6d4b" outcome="Passed" testListId="8c84fa94-04c1-424b-9868-57a2d4851a1d" relativeResultsDirectory="8ab9c880-1f5e-426d-ba05-f334b31aab42" />
    <UnitTestResult executionId="0fbdb6b8-a5f2-4fd2-81c9-239b041370d1" testId="8c9da644-c9ea-8da9-a511-6674e4728765" testName="MSP430.Emulator.Tests.Memory.FlashMemoryTests.Unlock_InvalidKey_ReturnsFalse(invalidKey: 0)" computerName="fv-az2210-123" duration="00:00:00.0000163" startTime="2025-06-06T19:28:33.7907956+00:00" endTime="2025-06-06T19:28:33.7908643+00:00" testType="13cdc9d9-ddb5-4fa4-a97d-d965ccfc6d4b" outcome="Passed" testListId="8c84fa94-04c1-424b-9868-57a2d4851a1d" relativeResultsDirectory="0fbdb6b8-a5f2-4fd2-81c9-239b041370d1" />
    <UnitTestResult executionId="a72ea06e-b660-4e32-a327-70396e0c7f5d" testId="ec8a6e2d-d389-1c10-2b5c-44a34ff69b1a" testName="MSP430.Emulator.Tests.Instructions.Arithmetic.CmpInstructionTests.ToString_VariousAddressingModes_FormatsCorrectly(register: R5, mode: Indexed, expectedOperand: &quot;X(R5)&quot;)" computerName="fv-az2210-123" duration="00:00:00.0001673" startTime="2025-06-06T19:28:33.7690724+00:00" endTime="2025-06-06T19:28:33.7691924+00:00" testType="13cdc9d9-ddb5-4fa4-a97d-d965ccfc6d4b" outcome="Passed" testListId="8c84fa94-04c1-424b-9868-57a2d4851a1d" relativeResultsDirectory="a72ea06e-b660-4e32-a327-70396e0c7f5d" />
    <UnitTestResult executionId="674a1703-b0be-4611-8e77-fc29d07de599" testId="d05d1cac-e4fd-0f55-fd0f-4e5baa2cc7e3" testName="MSP430.Emulator.Tests.Memory.FlashControllerTests.TryUnlock_InvalidKey_ReturnsFalse(invalidKey: 65535)" computerName="fv-az2210-123" duration="00:00:00.0001446" startTime="2025-06-06T19:28:33.3073534+00:00" endTime="2025-06-06T19:28:33.3074704+00:00" testType="13cdc9d9-ddb5-4fa4-a97d-d965ccfc6d4b" outcome="Passed" testListId="8c84fa94-04c1-424b-9868-57a2d4851a1d" relativeResultsDirectory="674a1703-b0be-4611-8e77-fc29d07de599" />
    <UnitTestResult executionId="100dbe03-abd1-4282-b14e-276923115823" testId="4f76d140-50cf-3158-8b15-3fa5fb4528bb" testName="MSP430.Emulator.Tests.Memory.InformationMemoryTests.GetSegmentInfo_ReturnsCorrectSegmentInfo(segment: SegmentB, expectedStart: 6400, expectedEnd: 6527, expectedProtection: False)" computerName="fv-az2210-123" duration="00:00:00.0004019" startTime="2025-06-06T19:28:33.3590871+00:00" endTime="2025-06-06T19:28:33.3592037+00:00" testType="13cdc9d9-ddb5-4fa4-a97d-d965ccfc6d4b" outcome="Passed" testListId="8c84fa94-04c1-424b-9868-57a2d4851a1d" relativeResultsDirectory="100dbe03-abd1-4282-b14e-276923115823" />
    <UnitTestResult executionId="4426ac00-0267-4bc3-a75b-524bacf8bcca" testId="53b984ec-bb6f-c6f1-4116-e5f9f793377a" testName="MSP430.Emulator.Tests.Instructions.Logic.BitInstructionTests.AddressingModes_AllSupportedModes_ReturnCorrectValues(mode: Register)" computerName="fv-az2210-123" duration="00:00:00.0000116" startTime="2025-06-06T19:28:33.5773057+00:00" endTime="2025-06-06T19:28:33.5774101+00:00" testType="13cdc9d9-ddb5-4fa4-a97d-d965ccfc6d4b" outcome="Passed" testListId="8c84fa94-04c1-424b-9868-57a2d4851a1d" relativeResultsDirectory="4426ac00-0267-4bc3-a75b-524bacf8bcca" />
    <UnitTestResult executionId="99d41f08-dbc4-4729-a415-6b955856b1a3" testId="7c00b444-5b1d-398c-fc75-891fb5971b64" testName="MSP430.Emulator.Tests.Memory.FlashMemoryTests.Lock_ChangesToLockedState" computerName="fv-az2210-123" duration="00:00:00.0013568" startTime="2025-06-06T19:28:33.7824906+00:00" endTime="2025-06-06T19:28:33.7825648+00:00" testType="13cdc9d9-ddb5-4fa4-a97d-d965ccfc6d4b" outcome="Passed" testListId="8c84fa94-04c1-424b-9868-57a2d4851a1d" relativeResultsDirectory="99d41f08-dbc4-4729-a415-6b955856b1a3" />
    <UnitTestResult executionId="83e8ccbd-1e78-4c73-90c4-461c9a751acb" testId="b5ae03df-7724-0d73-cbfe-77a64f2176cc" testName="MSP430.Emulator.Tests.Memory.MemoryControllerTests.Constructor_NullRam_ThrowsArgumentNullException" computerName="fv-az2210-123" duration="00:00:00.0022348" startTime="2025-06-06T19:28:33.9312504+00:00" endTime="2025-06-06T19:28:33.9312908+00:00" testType="13cdc9d9-ddb5-4fa4-a97d-d965ccfc6d4b" outcome="Passed" testListId="8c84fa94-04c1-424b-9868-57a2d4851a1d" relativeResultsDirectory="83e8ccbd-1e78-4c73-90c4-461c9a751acb" />
    <UnitTestResult executionId="e08304ab-2560-42f4-9d92-03ed0e5cd915" testId="e5634bdb-ccc0-5a83-58ab-b71242cb3398" testName="MSP430.Emulator.Tests.Memory.InformationMemoryTests.GetSegmentInfo_ReturnsCorrectSegmentInfo(segment: SegmentC, expectedStart: 6272, expectedEnd: 6399, expectedProtection: False)" computerName="fv-az2210-123" duration="00:00:00.0000269" startTime="2025-06-06T19:28:33.3611133+00:00" endTime="2025-06-06T19:28:33.3632213+00:00" testType="13cdc9d9-ddb5-4fa4-a97d-d965ccfc6d4b" outcome="Passed" testListId="8c84fa94-04c1-424b-9868-57a2d4851a1d" relativeResultsDirectory="e08304ab-2560-42f4-9d92-03ed0e5cd915" />
    <UnitTestResult executionId="ac630789-3a99-43cb-8b42-7ffd15dfca46" testId="15a73c11-ff50-aec5-9763-d47df6b4fe48" testName="MSP430.Emulator.Tests.Instructions.InstructionDecoderTests.ExtractOpcode_FormatII_ReturnsCorrectOpcode(format: FormatII, instructionWord: 4096, expected: 16)" computerName="fv-az2210-123" duration="00:00:00.0000055" startTime="2025-06-06T19:28:33.8142351+00:00" endTime="2025-06-06T19:28:33.8143318+00:00" testType="13cdc9d9-ddb5-4fa4-a97d-d965ccfc6d4b" outcome="Passed" testListId="8c84fa94-04c1-424b-9868-57a2d4851a1d" relativeResultsDirectory="ac630789-3a99-43cb-8b42-7ffd15dfca46" />
    <UnitTestResult executionId="1f9be8cd-6c93-4582-a253-10737f59ea54" testId="550e8ce5-9774-5289-2e7c-43b2604985bd" testName="MSP430.Emulator.Tests.Instructions.Arithmetic.SubInstructionTests.ToString_VariousAddressingModes_FormatsCorrectly(register: R2, mode: Absolute, expectedOperand: &quot;&amp;ADDR&quot;)" computerName="fv-az2210-123" duration="00:00:00.0000063" startTime="2025-06-06T19:28:33.6469512+00:00" endTime="2025-06-06T19:28:33.6472002+00:00" testType="13cdc9d9-ddb5-4fa4-a97d-d965ccfc6d4b" outcome="Passed" testListId="8c84fa94-04c1-424b-9868-57a2d4851a1d" relativeResultsDirectory="1f9be8cd-6c93-4582-a253-10737f59ea54" />
    <UnitTestResult executionId="604e0f76-e5a0-44ee-8cbf-a4bca783d340" testId="c55fbe05-3c03-c460-bb91-22c0953b3163" testName="MSP430.Emulator.Tests.Memory.MemoryAccessValidatorTests.GetValidationInfo_ValidAddress_ReturnsCorrectInfo" computerName="fv-az2210-123" duration="00:00:00.0216672" startTime="2025-06-06T19:28:30.9150742+00:00" endTime="2025-06-06T19:28:30.9377094+00:00" testType="13cdc9d9-ddb5-4fa4-a97d-d965ccfc6d4b" outcome="Passed" testListId="8c84fa94-04c1-424b-9868-57a2d4851a1d" relativeResultsDirectory="604e0f76-e5a0-44ee-8cbf-a4bca783d340" />
    <UnitTestResult executionId="5d2f0fba-ea0c-433b-b70f-4abbb99cf5c0" testId="fdf7bfb7-fa30-3ba6-1f09-1d953020ec53" testName="MSP430.Emulator.Tests.Instructions.Arithmetic.IncInstructionTests.Opcode_IsCorrectValue" computerName="fv-az2210-123" duration="00:00:00.0001132" startTime="2025-06-06T19:28:33.6595071+00:00" endTime="2025-06-06T19:28:33.6595795+00:00" testType="13cdc9d9-ddb5-4fa4-a97d-d965ccfc6d4b" outcome="Passed" testListId="8c84fa94-04c1-424b-9868-57a2d4851a1d" relativeResultsDirectory="5d2f0fba-ea0c-433b-b70f-4abbb99cf5c0" />
    <UnitTestResult executionId="9cf873b2-80d0-44a9-b333-07eb1f2331a5" testId="ba806218-4e57-1774-82fa-2a3ba3ace0e3" testName="MSP430.Emulator.Tests.Memory.MemoryMapTests.GetRegion_InvalidAddress_ThrowsArgumentException" computerName="fv-az2210-123" duration="00:00:00.0065205" startTime="2025-06-06T19:28:30.9691847+00:00" endTime="2025-06-06T19:28:30.9722892+00:00" testType="13cdc9d9-ddb5-4fa4-a97d-d965ccfc6d4b" outcome="Passed" testListId="8c84fa94-04c1-424b-9868-57a2d4851a1d" relativeResultsDirectory="9cf873b2-80d0-44a9-b333-07eb1f2331a5" />
    <UnitTestResult executionId="f2dd5a6a-648d-45f1-bb20-c82453d939ce" testId="cb4dfd42-55c4-7100-f427-bbcf30bea36a" testName="MSP430.Emulator.Tests.Instructions.Logic.BisInstructionTests.AddressingModes_AllSupportedModes_ReturnCorrectValues(mode: Immediate)" computerName="fv-az2210-123" duration="00:00:00.0002377" startTime="2025-06-06T19:28:33.7299926+00:00" endTime="2025-06-06T19:28:33.7304491+00:00" testType="13cdc9d9-ddb5-4fa4-a97d-d965ccfc6d4b" outcome="Passed" testListId="8c84fa94-04c1-424b-9868-57a2d4851a1d" relativeResultsDirectory="f2dd5a6a-648d-45f1-bb20-c82453d939ce" />
    <UnitTestResult executionId="fb90bed2-8625-4080-b3d2-4c8ee399809c" testId="a7c13a8e-35e8-18e1-817c-7fe8f3eacfba" testName="MSP430.Emulator.Tests.Instructions.Logic.XorInstructionTests.SourceRegister_AllRegisters_ReturnsCorrectRegister(register: CG1)" computerName="fv-az2210-123" duration="00:00:00.0000101" startTime="2025-06-06T19:28:33.2204717+00:00" endTime="2025-06-06T19:28:33.2205715+00:00" testType="13cdc9d9-ddb5-4fa4-a97d-d965ccfc6d4b" outcome="Passed" testListId="8c84fa94-04c1-424b-9868-57a2d4851a1d" relativeResultsDirectory="fb90bed2-8625-4080-b3d2-4c8ee399809c" />
    <UnitTestResult executionId="0f35cb56-1ddc-4dec-b93d-275a7765a389" testId="3ec56898-8361-b4f7-f967-685465fb5ff1" testName="MSP430.Emulator.Tests.Configuration.EmulatorConfigTests.CreateDefault_ReturnsConfigWithDefaultValues" computerName="fv-az2210-123" duration="00:00:00.0001317" startTime="2025-06-06T19:28:33.6146837+00:00" endTime="2025-06-06T19:28:33.6158052+00:00" testType="13cdc9d9-ddb5-4fa4-a97d-d965ccfc6d4b" outcome="Passed" testListId="8c84fa94-04c1-424b-9868-57a2d4851a1d" relativeResultsDirectory="0f35cb56-1ddc-4dec-b93d-275a7765a389" />
    <UnitTestResult executionId="397c66fa-6bac-4316-bafb-a5e2f3d4aab3" testId="ff76722a-52d0-6845-fc50-8d8b32256e09" testName="MSP430.Emulator.Tests.Instructions.Arithmetic.SubInstructionTests.ExtensionWordCount_VariousAddressingModes_ReturnsCorrectCount(sourceMode: Immediate, destMode: Register, expectedCount: 1)" computerName="fv-az2210-123" duration="00:00:00.0000041" startTime="2025-06-06T19:28:33.6378536+00:00" endTime="2025-06-06T19:28:33.6379689+00:00" testType="13cdc9d9-ddb5-4fa4-a97d-d965ccfc6d4b" outcome="Passed" testListId="8c84fa94-04c1-424b-9868-57a2d4851a1d" relativeResultsDirectory="397c66fa-6bac-4316-bafb-a5e2f3d4aab3" />
    <UnitTestResult executionId="77e049fc-14a5-4d09-a894-a9029d7a42ec" testId="35c17ea2-0e9d-ddb4-1d89-0c62b0cac112" testName="MSP430.Emulator.Tests.Instructions.Logic.BisInstructionTests.ExtensionWordCount_VariousAddressingModes_ReturnsCorrectCount(sourceMode: Symbolic, destMode: Indexed, expectedCount: 2)" computerName="fv-az2210-123" duration="00:00:00.0000079" startTime="2025-06-06T19:28:33.7267431+00:00" endTime="2025-06-06T19:28:33.7268127+00:00" testType="13cdc9d9-ddb5-4fa4-a97d-d965ccfc6d4b" outcome="Passed" testListId="8c84fa94-04c1-424b-9868-57a2d4851a1d" relativeResultsDirectory="77e049fc-14a5-4d09-a894-a9029d7a42ec" />
    <UnitTestResult executionId="7f30a166-a9e7-42e4-8b68-c18c762b7d24" testId="31ca2c40-fb86-17a8-8f46-a88f1c00fe12" testName="MSP430.Emulator.Tests.Configuration.EmulatorConfigTests.LoadFromFile_WithNonExistentFile_ThrowsFileNotFoundException" computerName="fv-az2210-123" duration="00:00:00.0003654" startTime="2025-06-06T19:28:33.6108289+00:00" endTime="2025-06-06T19:28:33.6109715+00:00" testType="13cdc9d9-ddb5-4fa4-a97d-d965ccfc6d4b" outcome="Passed" testListId="8c84fa94-04c1-424b-9868-57a2d4851a1d" relativeResultsDirectory="7f30a166-a9e7-42e4-8b68-c18c762b7d24" />
    <UnitTestResult executionId="54768904-29da-4be7-8103-978ad0592ff9" testId="461ec9c1-9c98-b4f4-fc85-b27f2ca43dd7" testName="MSP430.Emulator.Tests.Instructions.Arithmetic.AddInstructionTests.ExtensionWordCount_VariousAddressingModes_ReturnsCorrectCount(sourceMode: Immediate, destMode: Register, expectedCount: 1)" computerName="fv-az2210-123" duration="00:00:00.0000041" startTime="2025-06-06T19:28:33.8466491+00:00" endTime="2025-06-06T19:28:33.8469741+00:00" testType="13cdc9d9-ddb5-4fa4-a97d-d965ccfc6d4b" outcome="Passed" testListId="8c84fa94-04c1-424b-9868-57a2d4851a1d" relativeResultsDirectory="54768904-29da-4be7-8103-978ad0592ff9" />
    <UnitTestResult executionId="06aa0862-c4e0-4bea-ae3b-0278576fe0b2" testId="accb7c1a-2f65-c8b2-5d7e-8779ee4a6ec9" testName="MSP430.Emulator.Tests.Cpu.StatusRegisterTests.UpdateFlagsAfterSubtraction_WordOperation_SetsCorrectFlags(operand1: 12288, operand2: 4096, result: 8192, isByteOp: False, expectedZero: False, expectedNegative: False, expectedCarry: True, expectedOverflow: False)" computerName="fv-az2210-123" duration="00:00:00.0018549" startTime="2025-06-06T19:28:33.0567873+00:00" endTime="2025-06-06T19:28:33.0569403+00:00" testType="13cdc9d9-ddb5-4fa4-a97d-d965ccfc6d4b" outcome="Passed" testListId="8c84fa94-04c1-424b-9868-57a2d4851a1d" relativeResultsDirectory="06aa0862-c4e0-4bea-ae3b-0278576fe0b2" />
    <UnitTestResult executionId="956ad260-46d8-44f5-b174-3e6d5160423a" testId="531d384e-74e9-ffb9-4a14-ff8595dd6883" testName="MSP430.Emulator.Tests.Cpu.StatusRegisterTests.GeneralInterruptEnable_GetSet_WorksCorrectly(value: 8, expected: True)" computerName="fv-az2210-123" duration="00:00:00.0000081" startTime="2025-06-06T19:28:33.1089130+00:00" endTime="2025-06-06T19:28:33.1090293+00:00" testType="13cdc9d9-ddb5-4fa4-a97d-d965ccfc6d4b" outcome="Passed" testListId="8c84fa94-04c1-424b-9868-57a2d4851a1d" relativeResultsDirectory="956ad260-46d8-44f5-b174-3e6d5160423a" />
    <UnitTestResult executionId="158ab674-2b1f-487c-887c-75dc3346853f" testId="9fe09d88-1894-5580-0b15-ba73782495ea" testName="MSP430.Emulator.Tests.Core.EmulatorCoreTests.Step_FromResetState_ChangesToSingleStepState" computerName="fv-az2210-123" duration="00:00:00.0115955" startTime="2025-06-06T19:28:33.5962952+00:00" endTime="2025-06-06T19:28:33.6031783+00:00" testType="13cdc9d9-ddb5-4fa4-a97d-d965ccfc6d4b" outcome="Passed" testListId="8c84fa94-04c1-424b-9868-57a2d4851a1d" relativeResultsDirectory="158ab674-2b1f-487c-887c-75dc3346853f" />
    <UnitTestResult executionId="970d8bcc-ba5d-4a27-b69c-dc14ac4de1e3" testId="73f4e54a-4965-f695-e1fd-cd1fd3336e02" testName="MSP430.Emulator.Tests.Cpu.StatusRegisterTests.UpdateFlagsAfterSubtraction_WordOperation_SetsCorrectFlags(operand1: 4096, operand2: 4096, result: 0, isByteOp: False, expectedZero: True, expectedNegative: False, expectedCarry: True, expectedOverflow: False)" computerName="fv-az2210-123" duration="00:00:00.0000123" startTime="2025-06-06T19:28:33.0697074+00:00" endTime="2025-06-06T19:28:33.0698311+00:00" testType="13cdc9d9-ddb5-4fa4-a97d-d965ccfc6d4b" outcome="Passed" testListId="8c84fa94-04c1-424b-9868-57a2d4851a1d" relativeResultsDirectory="970d8bcc-ba5d-4a27-b69c-dc14ac4de1e3" />
    <UnitTestResult executionId="35688544-f47f-430a-8ee0-b50cc2609d2f" testId="c2a4e4db-681e-a542-f7de-05e6fe711833" testName="MSP430.Emulator.Tests.Instructions.AddressingModeDecoderTests.IsValidRegister_VariousValues_ReturnsCorrectResult(registerBits: 16, expected: False)" computerName="fv-az2210-123" duration="00:00:00.0001317" startTime="2025-06-06T19:28:33.4580733+00:00" endTime="2025-06-06T19:28:33.4595111+00:00" testType="13cdc9d9-ddb5-4fa4-a97d-d965ccfc6d4b" outcome="Passed" testListId="8c84fa94-04c1-424b-9868-57a2d4851a1d" relativeResultsDirectory="35688544-f47f-430a-8ee0-b50cc2609d2f" />
    <UnitTestResult executionId="7b06478d-1c80-4020-b783-ca8a2d308f1a" testId="ad161c1a-0700-6a03-e4ba-2e42857b665e" testName="MSP430.Emulator.Tests.Memory.MemoryMapTests.Constructor_CustomRegions_CreatesMemoryMapWithCustomRegions" computerName="fv-az2210-123" duration="00:00:00.0192810" startTime="2025-06-06T19:28:30.9375533+00:00" endTime="2025-06-06T19:28:30.9675383+00:00" testType="13cdc9d9-ddb5-4fa4-a97d-d965ccfc6d4b" outcome="Passed" testListId="8c84fa94-04c1-424b-9868-57a2d4851a1d" relativeResultsDirectory="7b06478d-1c80-4020-b783-ca8a2d308f1a" />
    <UnitTestResult executionId="68acaa30-fdd2-46ad-9632-2a20158b53e9" testId="a8873b2d-5792-32d9-3bb3-03f064553346" testName="MSP430.Emulator.Tests.Memory.MemoryAccessValidatorTests.IsAccessValid_ValidAccess_ReturnsTrue" computerName="fv-az2210-123" duration="00:00:00.0019853" startTime="2025-06-06T19:28:31.0098487+00:00" endTime="2025-06-06T19:28:31.0099570+00:00" testType="13cdc9d9-ddb5-4fa4-a97d-d965ccfc6d4b" outcome="Passed" testListId="8c84fa94-04c1-424b-9868-57a2d4851a1d" relativeResultsDirectory="68acaa30-fdd2-46ad-9632-2a20158b53e9" />
    <UnitTestResult executionId="ec7e04a3-ee49-4bfd-8181-c45f88d80355" testId="8f80544d-9b1f-d98e-1b8c-830f52990f59" testName="MSP430.Emulator.Tests.Memory.InformationMemoryTests.GetSegment_ValidAddresses_ReturnsCorrectSegment(address: 6272, expectedSegment: SegmentC)" computerName="fv-az2210-123" duration="00:00:00.0039741" startTime="2025-06-06T19:28:33.2752765+00:00" endTime="2025-06-06T19:28:33.2765830+00:00" testType="13cdc9d9-ddb5-4fa4-a97d-d965ccfc6d4b" outcome="Passed" testListId="8c84fa94-04c1-424b-9868-57a2d4851a1d" relativeResultsDirectory="ec7e04a3-ee49-4bfd-8181-c45f88d80355" />
    <UnitTestResult executionId="3e00f241-5afe-495a-ab82-0daadb566371" testId="2ce835b5-cd9e-36a1-eabb-cc0758b1b407" testName="MSP430.Emulator.Tests.Memory.MemoryAccessValidatorTests.GetValidationInfo_InvalidAddress_ReturnsInvalidInfo" computerName="fv-az2210-123" duration="00:00:00.0060000" startTime="2025-06-06T19:28:30.9897696+00:00" endTime="2025-06-06T19:28:30.9935341+00:00" testType="13cdc9d9-ddb5-4fa4-a97d-d965ccfc6d4b" outcome="Passed" testListId="8c84fa94-04c1-424b-9868-57a2d4851a1d" relativeResultsDirectory="3e00f241-5afe-495a-ab82-0daadb566371" />
    <UnitTestResult executionId="6107ca95-4934-4495-85c8-6b0a425bc7b9" testId="2873efd0-8a42-edc2-c3d3-342f92ca1880" testName="MSP430.Emulator.Tests.Diagnostics.DiagnosticLoggerTests.Dispose_ShouldDisposeInnerLoggerIfDisposable" computerName="fv-az2210-123" duration="00:00:00.0019816" startTime="2025-06-06T19:28:30.9099834+00:00" endTime="2025-06-06T19:28:30.9100980+00:00" testType="13cdc9d9-ddb5-4fa4-a97d-d965ccfc6d4b" outcome="Passed" testListId="8c84fa94-04c1-424b-9868-57a2d4851a1d" relativeResultsDirectory="6107ca95-4934-4495-85c8-6b0a425bc7b9" />
    <UnitTestResult executionId="edfc57bb-3714-4222-b4b1-e1d4b0e2964a" testId="79831611-aa00-c9d3-4044-35eae79c7956" testName="MSP430.Emulator.Tests.Instructions.Logic.BitInstructionTests.ToString_VariousAddressingModes_FormatsCorrectly(mode: Indirect, expectedOperand: &quot;@R1&quot;)" computerName="fv-az2210-123" duration="00:00:00.0000174" startTime="2025-06-06T19:28:33.5268878+00:00" endTime="2025-06-06T19:28:33.5269697+00:00" testType="13cdc9d9-ddb5-4fa4-a97d-d965ccfc6d4b" outcome="Passed" testListId="8c84fa94-04c1-424b-9868-57a2d4851a1d" relativeResultsDirectory="edfc57bb-3714-4222-b4b1-e1d4b0e2964a" />
    <UnitTestResult executionId="2e30cd9e-81a0-440d-8345-dd63da32b5e7" testId="a88b2bef-9140-d769-fc8f-fb363a8c676c" testName="MSP430.Emulator.Tests.Instructions.AddressingModeDecoderTests.DecodeSourceAddressingMode_R0_ReturnsCorrectMode(asBits: 2, expected: Indirect)" computerName="fv-az2210-123" duration="00:00:00.0002696" startTime="2025-06-06T19:28:33.4543985+00:00" endTime="2025-06-06T19:28:33.4544766+00:00" testType="13cdc9d9-ddb5-4fa4-a97d-d965ccfc6d4b" outcome="Passed" testListId="8c84fa94-04c1-424b-9868-57a2d4851a1d" relativeResultsDirectory="2e30cd9e-81a0-440d-8345-dd63da32b5e7" />
    <UnitTestResult executionId="2b36f231-e65a-4f4b-bd73-184b2ab1e037" testId="8ec9a0b0-9418-221f-99b9-da93455990b7" testName="MSP430.Emulator.Tests.Instructions.AddressingModeDecoderTests.DecodeSourceAddressingMode_R3_ReturnsCorrectMode(asBits: 2, expected: Immediate)" computerName="fv-az2210-123" duration="00:00:00.0000056" startTime="2025-06-06T19:28:33.4859939+00:00" endTime="2025-06-06T19:28:33.4861456+00:00" testType="13cdc9d9-ddb5-4fa4-a97d-d965ccfc6d4b" outcome="Passed" testListId="8c84fa94-04c1-424b-9868-57a2d4851a1d" relativeResultsDirectory="2b36f231-e65a-4f4b-bd73-184b2ab1e037" />
    <UnitTestResult executionId="0064faa0-2eed-4c69-b9a4-d32c14511755" testId="365b2847-44e3-971c-623c-7a696f85728b" testName="MSP430.Emulator.Tests.Cpu.StatusRegisterTests.Negative_GetSet_WorksCorrectly(value: 4, expectedNegative: True)" computerName="fv-az2210-123" duration="00:00:00.0001189" startTime="2025-06-06T19:28:33.0243204+00:00" endTime="2025-06-06T19:28:33.0244706+00:00" testType="13cdc9d9-ddb5-4fa4-a97d-d965ccfc6d4b" outcome="Passed" testListId="8c84fa94-04c1-424b-9868-57a2d4851a1d" relativeResultsDirectory="0064faa0-2eed-4c69-b9a4-d32c14511755" />
    <UnitTestResult executionId="0a845b3e-412d-41c6-9f44-91fbe2926b10" testId="faad222d-e9cd-a639-105b-214de2ef4d0e" testName="MSP430.Emulator.Tests.Instructions.AddressingModeDecoderTests.DecodeDestinationAddressingMode_GeneralPurposeRegisters_ReturnsCorrectMode(register: R5, adBit: False, expected: Register)" computerName="fv-az2210-123" duration="00:00:00.0000092" startTime="2025-06-06T19:28:33.5094132+00:00" endTime="2025-06-06T19:28:33.5094906+00:00" testType="13cdc9d9-ddb5-4fa4-a97d-d965ccfc6d4b" outcome="Passed" testListId="8c84fa94-04c1-424b-9868-57a2d4851a1d" relativeResultsDirectory="0a845b3e-412d-41c6-9f44-91fbe2926b10" />
    <UnitTestResult executionId="a8dd244d-b11f-4d3c-9011-5ab1fc122024" testId="644e6b11-bbf0-0b71-1bec-5f6af6355462" testName="MSP430.Emulator.Tests.Instructions.Arithmetic.IncInstructionTests.Properties_DifferentRegisters_ReturnCorrectDestination(expected: R4, other: R2)" computerName="fv-az2210-123" duration="00:00:00.0000129" startTime="2025-06-06T19:28:33.6056033+00:00" endTime="2025-06-06T19:28:33.6056761+00:00" testType="13cdc9d9-ddb5-4fa4-a97d-d965ccfc6d4b" outcome="Passed" testListId="8c84fa94-04c1-424b-9868-57a2d4851a1d" relativeResultsDirectory="a8dd244d-b11f-4d3c-9011-5ab1fc122024" />
    <UnitTestResult executionId="0e55344f-a85f-4de0-adf8-fa349734de8d" testId="983d4ba9-419b-4abb-0b9c-61022c7c1bd7" testName="MSP430.Emulator.Tests.Memory.RandomAccessMemoryTests.IsAddressInBounds_VariousAddresses_ReturnsExpectedResult(address: 8191, expected: False)" computerName="fv-az2210-123" duration="00:00:00.0002879" startTime="2025-06-06T19:28:33.8678034+00:00" endTime="2025-06-06T19:28:33.8678435+00:00" testType="13cdc9d9-ddb5-4fa4-a97d-d965ccfc6d4b" outcome="Passed" testListId="8c84fa94-04c1-424b-9868-57a2d4851a1d" relativeResultsDirectory="0e55344f-a85f-4de0-adf8-fa349734de8d" />
    <UnitTestResult executionId="22c2d721-bb0a-43db-850b-d8bc45f58787" testId="ecc00837-20e3-7322-f518-9a993d6e193f" testName="MSP430.Emulator.Tests.Cpu.RegisterFileTests.IncrementProgramCounter_CustomIncrement_IncrementsCorrectly" computerName="fv-az2210-123" duration="00:00:00.0005115" startTime="2025-06-06T19:28:33.5026029+00:00" endTime="2025-06-06T19:28:33.5060754+00:00" testType="13cdc9d9-ddb5-4fa4-a97d-d965ccfc6d4b" outcome="Passed" testListId="8c84fa94-04c1-424b-9868-57a2d4851a1d" relativeResultsDirectory="22c2d721-bb0a-43db-850b-d8bc45f58787" />
    <UnitTestResult executionId="0e8fc46e-b149-4647-9c44-c2bd43c75ba7" testId="57c9d269-0f1b-344a-0705-b8b2ac76bad8" testName="MSP430.Emulator.Tests.Instructions.Logic.AndInstructionTests.DestinationRegister_AllRegisters_ReturnsCorrectRegister(register: R2)" computerName="fv-az2210-123" duration="00:00:00.0000064" startTime="2025-06-06T19:28:33.6783235+00:00" endTime="2025-06-06T19:28:33.6784352+00:00" testType="13cdc9d9-ddb5-4fa4-a97d-d965ccfc6d4b" outcome="Passed" testListId="8c84fa94-04c1-424b-9868-57a2d4851a1d" relativeResultsDirectory="0e8fc46e-b149-4647-9c44-c2bd43c75ba7" />
    <UnitTestResult executionId="2f42ec9d-0bf5-4f19-8f74-c01ac95335be" testId="e55f8d8b-800c-fc76-f6f5-3347d6a3be7d" testName="MSP430.Emulator.Tests.Instructions.Arithmetic.SubInstructionTests.Properties_VariousRegisters_ReturnCorrectValues(source: R15, dest: R2)" computerName="fv-az2210-123" duration="00:00:00.0004451" startTime="2025-06-06T19:28:33.6272915+00:00" endTime="2025-06-06T19:28:33.6278897+00:00" testType="13cdc9d9-ddb5-4fa4-a97d-d965ccfc6d4b" outcome="Passed" testListId="8c84fa94-04c1-424b-9868-57a2d4851a1d" relativeResultsDirectory="2f42ec9d-0bf5-4f19-8f74-c01ac95335be" />
    <UnitTestResult executionId="9f13ec10-4875-4a8f-8645-73250404d881" testId="f732ba44-88e7-bc07-413f-df6e2c40f727" testName="MSP430.Emulator.Tests.Cpu.StatusRegisterTests.UpdateFlagsAfterSubtraction_ByteOperation_SetsCorrectFlags(operand1: 127, operand2: 128, result: 255, isByteOp: True, expectedZero: False, expectedNegative: True, expectedCarry: False, expectedOverflow: True)" computerName="fv-az2210-123" duration="00:00:00.0000152" startTime="2025-06-06T19:28:33.0959888+00:00" endTime="2025-06-06T19:28:33.0961196+00:00" testType="13cdc9d9-ddb5-4fa4-a97d-d965ccfc6d4b" outcome="Passed" testListId="8c84fa94-04c1-424b-9868-57a2d4851a1d" relativeResultsDirectory="9f13ec10-4875-4a8f-8645-73250404d881" />
    <UnitTestResult executionId="9f8bfa6f-a380-4aef-9066-26584b89f090" testId="5ababf2d-3d63-d621-46b5-ac71b8ab8459" testName="MSP430.Emulator.Tests.Cpu.StatusRegisterTests.Negative_SetFlag_UpdatesValue" computerName="fv-az2210-123" duration="00:00:00.0005605" startTime="2025-06-06T19:28:33.1021991+00:00" endTime="2025-06-06T19:28:33.1023161+00:00" testType="13cdc9d9-ddb5-4fa4-a97d-d965ccfc6d4b" outcome="Passed" testListId="8c84fa94-04c1-424b-9868-57a2d4851a1d" relativeResultsDirectory="9f8bfa6f-a380-4aef-9066-26584b89f090" />
    <UnitTestResult executionId="32654c5b-be48-4640-9ea4-83c4d8254ba8" testId="64677cbc-1773-2d7e-64d8-13367944a85e" testName="MSP430.Emulator.Tests.Instructions.Arithmetic.SubInstructionTests.ToString_VariousAddressingModes_FormatsCorrectly(register: CG1, mode: Indirect, expectedOperand: &quot;@R3&quot;)" computerName="fv-az2210-123" duration="00:00:00.0003705" startTime="2025-06-06T19:28:33.6418992+00:00" endTime="2025-06-06T19:28:33.6436456+00:00" testType="13cdc9d9-ddb5-4fa4-a97d-d965ccfc6d4b" outcome="Passed" testListId="8c84fa94-04c1-424b-9868-57a2d4851a1d" relativeResultsDirectory="32654c5b-be48-4640-9ea4-83c4d8254ba8" />
    <UnitTestResult executionId="7d9e1224-514f-43e1-a9b1-f08db7c28301" testId="2621b2a7-b173-4957-8087-97f597036416" testName="MSP430.Emulator.Tests.Memory.MemoryAccessValidatorTests.IsAccessValid_VariousScenarios_ReturnsExpectedResult(address: 16384, accessType: Write, expected: True)" computerName="fv-az2210-123" duration="00:00:00.0112106" startTime="2025-06-06T19:28:30.9774973+00:00" endTime="2025-06-06T19:28:30.9775823+00:00" testType="13cdc9d9-ddb5-4fa4-a97d-d965ccfc6d4b" outcome="Passed" testListId="8c84fa94-04c1-424b-9868-57a2d4851a1d" relativeResultsDirectory="7d9e1224-514f-43e1-a9b1-f08db7c28301" />
    <UnitTestResult executionId="52633613-fe3a-460b-b00c-1cfcd9895ce5" testId="2fcee1a5-8da1-8ba2-dfc5-0c16f9f813c3" testName="MSP430.Emulator.Tests.Instructions.Logic.BisInstructionTests.ExtensionWordCount_VariousAddressingModes_ReturnsCorrectCount(sourceMode: Register, destMode: Indirect, expectedCount: 0)" computerName="fv-az2210-123" duration="00:00:00.0000088" startTime="2025-06-06T19:28:33.7223289+00:00" endTime="2025-06-06T19:28:33.7224019+00:00" testType="13cdc9d9-ddb5-4fa4-a97d-d965ccfc6d4b" outcome="Passed" testListId="8c84fa94-04c1-424b-9868-57a2d4851a1d" relativeResultsDirectory="52633613-fe3a-460b-b00c-1cfcd9895ce5" />
    <UnitTestResult executionId="49703428-7087-4c84-a3db-02c46a3512be" testId="7264e0e0-42bc-4cd0-7793-7bb3fb5c83b1" testName="MSP430.Emulator.Tests.Instructions.Logic.BitInstructionTests.ExtensionWordCount_VariousAddressingModes_ReturnsCorrectCount(sourceMode: Register, destMode: IndirectAutoIncrement, expectedCount: 0)" computerName="fv-az2210-123" duration="00:00:00.0035828" startTime="2025-06-06T19:28:33.5287896+00:00" endTime="2025-06-06T19:28:33.5380771+00:00" testType="13cdc9d9-ddb5-4fa4-a97d-d965ccfc6d4b" outcome="Passed" testListId="8c84fa94-04c1-424b-9868-57a2d4851a1d" relativeResultsDirectory="49703428-7087-4c84-a3db-02c46a3512be" />
    <UnitTestResult executionId="84afdf4b-3797-4cbd-a852-246d5c2508fa" testId="aacfe452-541e-1490-2fd3-446ddd87dc63" testName="MSP430.Emulator.Tests.Cpu.StatusRegisterTests.ToString_NoFlagsSet_ReturnsCorrectFormat" computerName="fv-az2210-123" duration="00:00:00.0001189" startTime="2025-06-06T19:28:33.1051177+00:00" endTime="2025-06-06T19:28:33.1052486+00:00" testType="13cdc9d9-ddb5-4fa4-a97d-d965ccfc6d4b" outcome="Passed" testListId="8c84fa94-04c1-424b-9868-57a2d4851a1d" relativeResultsDirectory="84afdf4b-3797-4cbd-a852-246d5c2508fa" />
    <UnitTestResult executionId="4e533dd2-d9f7-4b50-a029-c747a37fff67" testId="95e97e91-cf6c-0da7-c7cd-621356825e4d" testName="MSP430.Emulator.Tests.Instructions.Logic.BisInstructionTests.AddressingModes_AllSupportedModes_ReturnCorrectValues(mode: Absolute)" computerName="fv-az2210-123" duration="00:00:00.0000121" startTime="2025-06-06T19:28:33.7316532+00:00" endTime="2025-06-06T19:28:33.7317235+00:00" testType="13cdc9d9-ddb5-4fa4-a97d-d965ccfc6d4b" outcome="Passed" testListId="8c84fa94-04c1-424b-9868-57a2d4851a1d" relativeResultsDirectory="4e533dd2-d9f7-4b50-a029-c747a37fff67" />
    <UnitTestResult executionId="a1204a7a-a549-4162-8e09-0681ed150f42" testId="fb2713f6-e1ba-f481-a252-af09cea54e97" testName="MSP430.Emulator.Tests.Configuration.EmulatorConfigTests.LoadFromJson_WithInvalidJson_ThrowsJsonException" computerName="fv-az2210-123" duration="00:00:00.0021148" startTime="2025-06-06T19:28:33.6093742+00:00" endTime="2025-06-06T19:28:33.6103022+00:00" testType="13cdc9d9-ddb5-4fa4-a97d-d965ccfc6d4b" outcome="Passed" testListId="8c84fa94-04c1-424b-9868-57a2d4851a1d" relativeResultsDirectory="a1204a7a-a549-4162-8e09-0681ed150f42" />
    <UnitTestResult executionId="5d9f368d-7f32-43be-b87a-419a326d3bbc" testId="9e60a3f1-eb11-f266-7f71-ba3ed69aded9" testName="MSP430.Emulator.Tests.Cpu.StatusRegisterTests.UpdateFlagsAfterAddition_EdgeCases_HandlesCorrectly" computerName="fv-az2210-123" duration="00:00:00.0002051" startTime="2025-06-06T19:28:33.1425867+00:00" endTime="2025-06-06T19:28:33.1426688+00:00" testType="13cdc9d9-ddb5-4fa4-a97d-d965ccfc6d4b" outcome="Passed" testListId="8c84fa94-04c1-424b-9868-57a2d4851a1d" relativeResultsDirectory="5d9f368d-7f32-43be-b87a-419a326d3bbc" />
    <UnitTestResult executionId="8f52ae68-b2ce-45e9-a050-78c179952998" testId="8b67f172-0a3e-614d-aaf8-f8e48a88165f" testName="MSP430.Emulator.Tests.Instructions.Arithmetic.IncInstructionTests.Execute_ByteOverflow_SetsCarryFlag" computerName="fv-az2210-123" duration="00:00:00.0004581" startTime="2025-06-06T19:28:33.6320469+00:00" endTime="2025-06-06T19:28:33.6341667+00:00" testType="13cdc9d9-ddb5-4fa4-a97d-d965ccfc6d4b" outcome="Passed" testListId="8c84fa94-04c1-424b-9868-57a2d4851a1d" relativeResultsDirectory="8f52ae68-b2ce-45e9-a050-78c179952998" />
    <UnitTestResult executionId="4656b5b4-9e17-4aa9-b3c7-d9330e13c3ff" testId="085670ca-344e-6381-cb6f-6d84db197b02" testName="MSP430.Emulator.Tests.Instructions.Logic.AndInstructionTests.SourceRegister_AllRegisters_ReturnsCorrectRegister(register: R0)" computerName="fv-az2210-123" duration="00:00:00.0000135" startTime="2025-06-06T19:28:33.6918658+00:00" endTime="2025-06-06T19:28:33.6920093+00:00" testType="13cdc9d9-ddb5-4fa4-a97d-d965ccfc6d4b" outcome="Passed" testListId="8c84fa94-04c1-424b-9868-57a2d4851a1d" relativeResultsDirectory="4656b5b4-9e17-4aa9-b3c7-d9330e13c3ff" />
    <UnitTestResult executionId="53079b40-e206-4e1e-8ba3-b4a897689589" testId="3f4164af-3ca3-17b1-d716-9571aa792019" testName="MSP430.Emulator.Tests.Memory.FlashControllerTests.StartProgramming_WhenLocked_ReturnsFalse" computerName="fv-az2210-123" duration="00:00:00.0001298" startTime="2025-06-06T19:28:33.4062421+00:00" endTime="2025-06-06T19:28:33.4074944+00:00" testType="13cdc9d9-ddb5-4fa4-a97d-d965ccfc6d4b" outcome="Passed" testListId="8c84fa94-04c1-424b-9868-57a2d4851a1d" relativeResultsDirectory="53079b40-e206-4e1e-8ba3-b4a897689589" />
    <UnitTestResult executionId="8992780d-e376-479e-ae18-ec61c87087bb" testId="b4f87ef8-bc9f-4c70-6b2a-58af3bb26e40" testName="MSP430.Emulator.Tests.Memory.MemoryControllerTests.FetchInstruction_ValidAddress_ReturnsInstruction(address: 16384)" computerName="fv-az2210-123" duration="00:00:00.0282693" startTime="2025-06-06T19:28:33.8105955+00:00" endTime="2025-06-06T19:28:33.8689840+00:00" testType="13cdc9d9-ddb5-4fa4-a97d-d965ccfc6d4b" outcome="Passed" testListId="8c84fa94-04c1-424b-9868-57a2d4851a1d" relativeResultsDirectory="8992780d-e376-479e-ae18-ec61c87087bb" />
    <UnitTestResult executionId="f8200041-6816-4c0d-82f1-1d3a326974b6" testId="34fd4b6a-69a1-8ad3-077e-ed10f7c1d67f" testName="MSP430.Emulator.Tests.Instructions.Logic.XorInstructionTests.ExtensionWordCount_VariousAddressingModes_ReturnsCorrectCount(sourceMode: Register, destMode: Register, expectedCount: 0)" computerName="fv-az2210-123" duration="00:00:00.0000077" startTime="2025-06-06T19:28:33.1689159+00:00" endTime="2025-06-06T19:28:33.1690267+00:00" testType="13cdc9d9-ddb5-4fa4-a97d-d965ccfc6d4b" outcome="Passed" testListId="8c84fa94-04c1-424b-9868-57a2d4851a1d" relativeResultsDirectory="f8200041-6816-4c0d-82f1-1d3a326974b6" />
    <UnitTestResult executionId="66219b78-5739-4079-a768-982d5fe0e4a9" testId="314f0ec8-6c38-3ec2-e7a2-1b106673ebd8" testName="MSP430.Emulator.Tests.Instructions.Arithmetic.CmpInstructionTests.AddressingModes_AllSupportedModes_ReturnCorrectValues(mode: Symbolic)" computerName="fv-az2210-123" duration="00:00:00.0000089" startTime="2025-06-06T19:28:33.7678120+00:00" endTime="2025-06-06T19:28:33.7678982+00:00" testType="13cdc9d9-ddb5-4fa4-a97d-d965ccfc6d4b" outcome="Passed" testListId="8c84fa94-04c1-424b-9868-57a2d4851a1d" relativeResultsDirectory="66219b78-5739-4079-a768-982d5fe0e4a9" />
    <UnitTestResult executionId="de50953f-365d-4e89-8cbd-c83b24dd683b" testId="5155445a-1aa9-10c6-b351-25838e197ea8" testName="MSP430.Emulator.Tests.Cpu.RegisterFileTests.GetStackPointer_ReturnsR1Value" computerName="fv-az2210-123" duration="00:00:00.0011596" startTime="2025-06-06T19:28:33.5320727+00:00" endTime="2025-06-06T19:28:33.5329816+00:00" testType="13cdc9d9-ddb5-4fa4-a97d-d965ccfc6d4b" outcome="Passed" testListId="8c84fa94-04c1-424b-9868-57a2d4851a1d" relativeResultsDirectory="de50953f-365d-4e89-8cbd-c83b24dd683b" />
    <UnitTestResult executionId="d7e67a94-0fc7-410e-81d0-101ad3ab7ea3" testId="ab52dc2e-233c-9eb6-cd96-0c2298dc3739" testName="MSP430.Emulator.Tests.Memory.FlashMemoryTests.Initialize_SetsAllBytesToPattern" computerName="fv-az2210-123" duration="00:00:00.0001537" startTime="2025-06-06T19:28:33.8071090+00:00" endTime="2025-06-06T19:28:33.8071625+00:00" testType="13cdc9d9-ddb5-4fa4-a97d-d965ccfc6d4b" outcome="Passed" testListId="8c84fa94-04c1-424b-9868-57a2d4851a1d" relativeResultsDirectory="d7e67a94-0fc7-410e-81d0-101ad3ab7ea3" />
    <UnitTestResult executionId="80d651eb-d716-4436-8d64-1bf26e9187a7" testId="4bfaa286-a752-addf-f883-badb72ca1482" testName="MSP430.Emulator.Tests.Memory.MemoryControllerTests.GetAccessCycles_FlashAccess_ReturnsExpectedCycles" computerName="fv-az2210-123" duration="00:00:00.0022112" startTime="2025-06-06T19:28:33.9325110+00:00" endTime="2025-06-06T19:28:33.9325514+00:00" testType="13cdc9d9-ddb5-4fa4-a97d-d965ccfc6d4b" outcome="Passed" testListId="8c84fa94-04c1-424b-9868-57a2d4851a1d" relativeResultsDirectory="80d651eb-d716-4436-8d64-1bf26e9187a7" />
    <UnitTestResult executionId="5ce0b70a-510c-410d-aa65-3961c7b3a43f" testId="013c7d52-ea2b-327d-2fe9-f04167647620" testName="MSP430.Emulator.Tests.Cpu.StatusRegisterTests.UpdateFlagsAfterAddition_ByteOperation_SetsCorrectFlags(operand1: 255, operand2: 1, result: 256, isByteOp: True, expectedZero: True, expectedNegative: False, expectedCarry: True, expectedOverflow: False)" computerName="fv-az2210-123" duration="00:00:00.0005268" startTime="2025-06-06T19:28:32.9940795+00:00" endTime="2025-06-06T19:28:32.9942029+00:00" testType="13cdc9d9-ddb5-4fa4-a97d-d965ccfc6d4b" outcome="Passed" testListId="8c84fa94-04c1-424b-9868-57a2d4851a1d" relativeResultsDirectory="5ce0b70a-510c-410d-aa65-3961c7b3a43f" />
    <UnitTestResult executionId="b68947bc-0276-41b9-8ff5-aff056145c4e" testId="3008b8dd-bddc-8e17-f953-13f3210d179b" testName="MSP430.Emulator.Tests.Memory.MemoryControllerTests.ReadByte_ValidAddress_ReturnsValue(address: 12287)" computerName="fv-az2210-123" duration="00:00:00.0030546" startTime="2025-06-06T19:28:33.9043160+00:00" endTime="2025-06-06T19:28:33.9043565+00:00" testType="13cdc9d9-ddb5-4fa4-a97d-d965ccfc6d4b" outcome="Passed" testListId="8c84fa94-04c1-424b-9868-57a2d4851a1d" relativeResultsDirectory="b68947bc-0276-41b9-8ff5-aff056145c4e" />
    <UnitTestResult executionId="d3ffc290-dac8-4a5f-a595-0ebc6ceedbdf" testId="3c9d4bce-4bca-a909-bf44-9f78c7aac87b" testName="MSP430.Emulator.Tests.Core.ExecutionStateTests.IsValidTransition_ReturnsExpectedResult(from: Halted, to: Running, expected: False)" computerName="fv-az2210-123" duration="00:00:00.0000243" startTime="2025-06-06T19:28:33.7027686+00:00" endTime="2025-06-06T19:28:33.7029198+00:00" testType="13cdc9d9-ddb5-4fa4-a97d-d965ccfc6d4b" outcome="Passed" testListId="8c84fa94-04c1-424b-9868-57a2d4851a1d" relativeResultsDirectory="d3ffc290-dac8-4a5f-a595-0ebc6ceedbdf" />
    <UnitTestResult executionId="d28d7bd8-a355-41cb-98b9-76a4abfc2148" testId="91f9e891-aa93-4a29-2ec8-17fe97ed3e7e" testName="MSP430.Emulator.Tests.Logging.ConsoleLoggerTests.Info_CallsLogWithInfoLevel" computerName="fv-az2210-123" duration="00:00:00.0001742" startTime="2025-06-06T19:28:33.4271741+00:00" endTime="2025-06-06T19:28:33.4281255+00:00" testType="13cdc9d9-ddb5-4fa4-a97d-d965ccfc6d4b" outcome="Passed" testListId="8c84fa94-04c1-424b-9868-57a2d4851a1d" relativeResultsDirectory="d28d7bd8-a355-41cb-98b9-76a4abfc2148" />
    <UnitTestResult executionId="69f7469b-9c6b-413d-9c78-83ce4578d6c5" testId="4704915c-7207-b2df-2190-4e483ae14059" testName="MSP430.Emulator.Tests.Diagnostics.DiagnosticReportGeneratorTests.GenerateReport_ShouldIncludeRuntimeInfo" computerName="fv-az2210-123" duration="00:00:00.0016063" startTime="2025-06-06T19:28:33.1587916+00:00" endTime="2025-06-06T19:28:33.1615732+00:00" testType="13cdc9d9-ddb5-4fa4-a97d-d965ccfc6d4b" outcome="Passed" testListId="8c84fa94-04c1-424b-9868-57a2d4851a1d" relativeResultsDirectory="69f7469b-9c6b-413d-9c78-83ce4578d6c5" />
    <UnitTestResult executionId="66a36aad-1bdd-4121-a29a-7496c50ab2de" testId="de6dafe4-5652-4f60-ea24-2f346066a7d1" testName="MSP430.Emulator.Tests.Logging.FileLoggerTests.Constructor_WithValidPath_CreatesFile" computerName="fv-az2210-123" duration="00:00:00.0003167" startTime="2025-06-06T19:28:30.9230872+00:00" endTime="2025-06-06T19:28:30.9235913+00:00" testType="13cdc9d9-ddb5-4fa4-a97d-d965ccfc6d4b" outcome="Passed" testListId="8c84fa94-04c1-424b-9868-57a2d4851a1d" relativeResultsDirectory="66a36aad-1bdd-4121-a29a-7496c50ab2de" />
    <UnitTestResult executionId="580a29a0-819d-4796-9e4b-3ab577cb0751" testId="9c07246d-16c3-629f-cba6-6611f6ebac3c" testName="MSP430.Emulator.Tests.Instructions.Arithmetic.SubInstructionTests.ToString_VariousAddressingModes_FormatsCorrectly(register: R0, mode: Immediate, expectedOperand: &quot;#N&quot;)" computerName="fv-az2210-123" duration="00:00:00.0000163" startTime="2025-06-06T19:28:33.6491327+00:00" endTime="2025-06-06T19:28:33.6495866+00:00" testType="13cdc9d9-ddb5-4fa4-a97d-d965ccfc6d4b" outcome="Passed" testListId="8c84fa94-04c1-424b-9868-57a2d4851a1d" relativeResultsDirectory="580a29a0-819d-4796-9e4b-3ab577cb0751" />
    <UnitTestResult executionId="7909c3cb-be86-4e35-bea7-26c4ff8572dd" testId="447fdc33-3e1e-1bd2-7396-470ea5462dbd" testName="MSP430.Emulator.Tests.Instructions.InstructionDecoderTests.Decode_InvalidInstruction_ThrowsInvalidInstructionException(instructionWord: 0)" computerName="fv-az2210-123" duration="00:00:00.0003399" startTime="2025-06-06T19:28:33.8358068+00:00" endTime="2025-06-06T19:28:33.8358604+00:00" testType="13cdc9d9-ddb5-4fa4-a97d-d965ccfc6d4b" outcome="Passed" testListId="8c84fa94-04c1-424b-9868-57a2d4851a1d" relativeResultsDirectory="7909c3cb-be86-4e35-bea7-26c4ff8572dd" />
    <UnitTestResult executionId="b8b29d4e-dcb0-45a7-82d0-34f3e8034c11" testId="6d0722cc-7946-2df6-477c-3f384ded3570" testName="MSP430.Emulator.Tests.Core.EmulatorCoreTests.Statistics_InitiallyZero" computerName="fv-az2210-123" duration="00:00:00.0044289" startTime="2025-06-06T19:28:33.6226264+00:00" endTime="2025-06-06T19:28:33.6522420+00:00" testType="13cdc9d9-ddb5-4fa4-a97d-d965ccfc6d4b" outcome="Passed" testListId="8c84fa94-04c1-424b-9868-57a2d4851a1d" relativeResultsDirectory="b8b29d4e-dcb0-45a7-82d0-34f3e8034c11" />
    <UnitTestResult executionId="1dd7725c-4aa6-49fe-91ce-e4256d751a87" testId="23650f06-c617-4e38-541c-6f7a0d859e26" testName="MSP430.Emulator.Tests.Core.EmulatorCoreTests.Constructor_WithNullInstructionDecoder_ThrowsArgumentNullException" computerName="fv-az2210-123" duration="00:00:00.0042166" startTime="2025-06-06T19:28:33.3817301+00:00" endTime="2025-06-06T19:28:33.4128034+00:00" testType="13cdc9d9-ddb5-4fa4-a97d-d965ccfc6d4b" outcome="Passed" testListId="8c84fa94-04c1-424b-9868-57a2d4851a1d" relativeResultsDirectory="1dd7725c-4aa6-49fe-91ce-e4256d751a87" />
    <UnitTestResult executionId="e9ba3dec-3085-4965-a243-eb0bc3472928" testId="e6c26042-ef11-00a8-b61a-55a9d44eeee7" testName="MSP430.Emulator.Tests.Instructions.Arithmetic.CmpInstructionTests.ToString_VariousAddressingModes_FormatsCorrectly(register: R0, mode: Symbolic, expectedOperand: &quot;ADDR&quot;)" computerName="fv-az2210-123" duration="00:00:00.0000045" startTime="2025-06-06T19:28:33.7723001+00:00" endTime="2025-06-06T19:28:33.7723682+00:00" testType="13cdc9d9-ddb5-4fa4-a97d-d965ccfc6d4b" outcome="Passed" testListId="8c84fa94-04c1-424b-9868-57a2d4851a1d" relativeResultsDirectory="e9ba3dec-3085-4965-a243-eb0bc3472928" />
    <UnitTestResult executionId="59e0a4bb-8244-4334-9b95-56e71c0afd35" testId="aa66ec51-5f25-2290-e2a9-8db9950af24d" testName="MSP430.Emulator.Tests.Instructions.Logic.XorInstructionTests.AddressingModes_AllSupportedModes_ReturnCorrectValues(mode: IndirectAutoIncrement)" computerName="fv-az2210-123" duration="00:00:00.0000121" startTime="2025-06-06T19:28:33.1832981+00:00" endTime="2025-06-06T19:28:33.1834016+00:00" testType="13cdc9d9-ddb5-4fa4-a97d-d965ccfc6d4b" outcome="Passed" testListId="8c84fa94-04c1-424b-9868-57a2d4851a1d" relativeResultsDirectory="59e0a4bb-8244-4334-9b95-56e71c0afd35" />
    <UnitTestResult executionId="cb56aebd-6704-4526-8b4a-6d433ddb2f33" testId="37ddda02-2cc9-b0ff-0e84-c98226f6df9a" testName="MSP430.Emulator.Tests.Instructions.Arithmetic.DecInstructionTests.Execute_DecrementOne_SetsZeroFlag" computerName="fv-az2210-123" duration="00:00:00.0002659" startTime="2025-06-06T19:28:33.7648343+00:00" endTime="2025-06-06T19:28:33.7649794+00:00" testType="13cdc9d9-ddb5-4fa4-a97d-d965ccfc6d4b" outcome="Passed" testListId="8c84fa94-04c1-424b-9868-57a2d4851a1d" relativeResultsDirectory="cb56aebd-6704-4526-8b4a-6d433ddb2f33" />
    <UnitTestResult executionId="55c0c589-ff48-4f44-a5e4-4efdacf0c9cd" testId="675726c2-d0dd-e7d5-cf10-a0c76e491cdb" testName="MSP430.Emulator.Tests.Core.ExecutionStateTests.CanExecute_ReturnsExpectedResult(state: Running, expected: True)" computerName="fv-az2210-123" duration="00:00:00.0042010" startTime="2025-06-06T19:28:33.6590269+00:00" endTime="2025-06-06T19:28:33.6742295+00:00" testType="13cdc9d9-ddb5-4fa4-a97d-d965ccfc6d4b" outcome="Passed" testListId="8c84fa94-04c1-424b-9868-57a2d4851a1d" relativeResultsDirectory="55c0c589-ff48-4f44-a5e4-4efdacf0c9cd" />
    <UnitTestResult executionId="91d89200-eabf-4175-90aa-48c1ad0e5b8f" testId="49f60880-78ec-2020-7e37-763402100b77" testName="MSP430.Emulator.Tests.Memory.MemoryControllerTests.GetRegion_ValidAddress_ReturnsCorrectRegion" computerName="fv-az2210-123" duration="00:00:00.0042652" startTime="2025-06-06T19:28:33.9060511+00:00" endTime="2025-06-06T19:28:33.9060931+00:00" testType="13cdc9d9-ddb5-4fa4-a97d-d965ccfc6d4b" outcome="Passed" testListId="8c84fa94-04c1-424b-9868-57a2d4851a1d" relativeResultsDirectory="91d89200-eabf-4175-90aa-48c1ad0e5b8f" />
    <UnitTestResult executionId="688e5ea1-6388-4b76-b467-780eec3bc1b3" testId="9f392501-bf43-aaf0-470e-3b3be38fb71a" testName="MSP430.Emulator.Tests.Instructions.Logic.AndInstructionTests.ToString_VariousAddressingModes_FormatsCorrectly(mode: Indirect, expectedOperand: &quot;@R1&quot;)" computerName="fv-az2210-123" duration="00:00:00.0000080" startTime="2025-06-06T19:28:33.6882563+00:00" endTime="2025-06-06T19:28:33.6883339+00:00" testType="13cdc9d9-ddb5-4fa4-a97d-d965ccfc6d4b" outcome="Passed" testListId="8c84fa94-04c1-424b-9868-57a2d4851a1d" relativeResultsDirectory="688e5ea1-6388-4b76-b467-780eec3bc1b3" />
    <UnitTestResult executionId="d2ed9866-f98c-483e-affc-4bf4a97eac66" testId="f3869eac-892c-c33e-398c-6003aac6c835" testName="MSP430.Emulator.Tests.Memory.InformationMemoryTests.IsSegmentWriteProtected_DefaultState_ReturnsExpectedValue(segment: SegmentB, expectedProtection: False)" computerName="fv-az2210-123" duration="00:00:00.0003426" startTime="2025-06-06T19:28:33.2717517+00:00" endTime="2025-06-06T19:28:33.2718889+00:00" testType="13cdc9d9-ddb5-4fa4-a97d-d965ccfc6d4b" outcome="Passed" testListId="8c84fa94-04c1-424b-9868-57a2d4851a1d" relativeResultsDirectory="d2ed9866-f98c-483e-affc-4bf4a97eac66" />
    <UnitTestResult executionId="2215d897-51a1-410d-97dc-46b80bfdf2e5" testId="9f8a01d7-3391-9082-5b1d-7f9cb11c7519" testName="MSP430.Emulator.Tests.Memory.RandomAccessMemoryTests.IsAddressInBounds_VariousAddresses_ReturnsExpectedResult(address: 9216, expected: False)" computerName="fv-az2210-123" duration="00:00:00.0000147" startTime="2025-06-06T19:28:33.8695809+00:00" endTime="2025-06-06T19:28:33.8696201+00:00" testType="13cdc9d9-ddb5-4fa4-a97d-d965ccfc6d4b" outcome="Passed" testListId="8c84fa94-04c1-424b-9868-57a2d4851a1d" relativeResultsDirectory="2215d897-51a1-410d-97dc-46b80bfdf2e5" />
    <UnitTestResult executionId="590bd33b-c93e-404a-98d3-17c55f07d073" testId="3a3616fd-8c23-316a-e505-422269841f6d" testName="MSP430.Emulator.Tests.Instructions.Arithmetic.CmpInstructionTests.ExtensionWordCount_VariousAddressingModes_ReturnsCorrectCount(sourceMode: Register, destMode: Absolute, expectedCount: 1)" computerName="fv-az2210-123" duration="00:00:00.0000036" startTime="2025-06-06T19:28:33.7775845+00:00" endTime="2025-06-06T19:28:33.7776530+00:00" testType="13cdc9d9-ddb5-4fa4-a97d-d965ccfc6d4b" outcome="Passed" testListId="8c84fa94-04c1-424b-9868-57a2d4851a1d" relativeResultsDirectory="590bd33b-c93e-404a-98d3-17c55f07d073" />
    <UnitTestResult executionId="be663a92-12a6-4073-bb9b-b6a9a0d228f8" testId="f0dc2aa3-bc27-cf35-18df-30836cb6eedf" testName="MSP430.Emulator.Tests.Cpu.StatusRegisterTests.UpdateFlagsAfterSubtraction_ByteOperation_SetsCorrectFlags(operand1: 128, operand2: 1, result: 127, isByteOp: True, expectedZero: False, expectedNegative: False, expectedCarry: True, expectedOverflow: True)" computerName="fv-az2210-123" duration="00:00:00.0000111" startTime="2025-06-06T19:28:33.0997997+00:00" endTime="2025-06-06T19:28:33.0999470+00:00" testType="13cdc9d9-ddb5-4fa4-a97d-d965ccfc6d4b" outcome="Passed" testListId="8c84fa94-04c1-424b-9868-57a2d4851a1d" relativeResultsDirectory="be663a92-12a6-4073-bb9b-b6a9a0d228f8" />
    <UnitTestResult executionId="9a193fed-fb25-4f53-89ad-6a6586b98f81" testId="ffb922fa-3b03-5dbf-25f9-991bd470dcde" testName="MSP430.Emulator.Tests.Core.ExecutionStateTests.IsValidTransition_ReturnsExpectedResult(from: SingleStep, to: Error, expected: True)" computerName="fv-az2210-123" duration="00:00:00.0000045" startTime="2025-06-06T19:28:33.7055438+00:00" endTime="2025-06-06T19:28:33.7056136+00:00" testType="13cdc9d9-ddb5-4fa4-a97d-d965ccfc6d4b" outcome="Passed" testListId="8c84fa94-04c1-424b-9868-57a2d4851a1d" relativeResultsDirectory="9a193fed-fb25-4f53-89ad-6a6586b98f81" />
    <UnitTestResult executionId="90e65498-ceff-4a3f-930f-b59cbeed1e8f" testId="d0909e01-093e-913f-8859-e08fa7a6c452" testName="MSP430.Emulator.Tests.Logging.ConsoleLoggerTests.IsEnabled_ReturnsTrueForLevelAtOrAboveMinimum" computerName="fv-az2210-123" duration="00:00:00.0000899" startTime="2025-06-06T19:28:33.4443946+00:00" endTime="2025-06-06T19:28:33.4444740+00:00" testType="13cdc9d9-ddb5-4fa4-a97d-d965ccfc6d4b" outcome="Passed" testListId="8c84fa94-04c1-424b-9868-57a2d4851a1d" relativeResultsDirectory="90e65498-ceff-4a3f-930f-b59cbeed1e8f" />
    <UnitTestResult executionId="07366698-e1d9-4dc5-967a-85c9c6c57b53" testId="8b92101e-4952-2435-3771-234f0c9e71a1" testName="MSP430.Emulator.Tests.Instructions.InstructionDecoderTests.ExtractOpcode_FormatI_ReturnsCorrectOpcode(format: FormatI, instructionWord: 19132, expected: 4)" computerName="fv-az2210-123" duration="00:00:00.0000947" startTime="2025-06-06T19:28:33.8342821+00:00" endTime="2025-06-06T19:28:33.8343790+00:00" testType="13cdc9d9-ddb5-4fa4-a97d-d965ccfc6d4b" outcome="Passed" testListId="8c84fa94-04c1-424b-9868-57a2d4851a1d" relativeResultsDirectory="07366698-e1d9-4dc5-967a-85c9c6c57b53" />
    <UnitTestResult executionId="d68182db-612d-46fa-8f35-96d410fa106b" testId="864c5d30-7933-f40b-b405-04c5c38b9684" testName="MSP430.Emulator.Tests.Logging.ConsoleLoggerTests.Fatal_WithContext_CallsLogWithFatalLevelAndContext" computerName="fv-az2210-123" duration="00:00:00.0039633" startTime="2025-06-06T19:28:33.4231855+00:00" endTime="2025-06-06T19:28:33.4263776+00:00" testType="13cdc9d9-ddb5-4fa4-a97d-d965ccfc6d4b" outcome="Passed" testListId="8c84fa94-04c1-424b-9868-57a2d4851a1d" relativeResultsDirectory="d68182db-612d-46fa-8f35-96d410fa106b" />
    <UnitTestResult executionId="e4433fb8-cad9-431c-afa4-3cf560f58ab3" testId="93e5d6bc-cd00-5e61-fd79-fcd80488dbb6" testName="MSP430.Emulator.Tests.Cpu.StatusRegisterTests.OscillatorOff_SetFlag_UpdatesValue" computerName="fv-az2210-123" duration="00:00:00.0003093" startTime="2025-06-06T19:28:33.1470977+00:00" endTime="2025-06-06T19:28:33.1472341+00:00" testType="13cdc9d9-ddb5-4fa4-a97d-d965ccfc6d4b" outcome="Passed" testListId="8c84fa94-04c1-424b-9868-57a2d4851a1d" relativeResultsDirectory="e4433fb8-cad9-431c-afa4-3cf560f58ab3" />
    <UnitTestResult executionId="98af7e0c-5a23-485a-bf06-63cc48c24c41" testId="e7c42ee8-214c-0f20-0e16-432df73db6d1" testName="MSP430.Emulator.Tests.Instructions.Logic.BitInstructionTests.ExtensionWordCount_VariousAddressingModes_ReturnsCorrectCount(sourceMode: Register, destMode: Indirect, expectedCount: 0)" computerName="fv-az2210-123" duration="00:00:00.0002529" startTime="2025-06-06T19:28:33.5395393+00:00" endTime="2025-06-06T19:28:33.5405138+00:00" testType="13cdc9d9-ddb5-4fa4-a97d-d965ccfc6d4b" outcome="Passed" testListId="8c84fa94-04c1-424b-9868-57a2d4851a1d" relativeResultsDirectory="98af7e0c-5a23-485a-bf06-63cc48c24c41" />
    <UnitTestResult executionId="1faaf871-35be-4881-aff9-505bfd29f46f" testId="3350bb67-b976-1d1d-910e-520a09b6e7d2" testName="MSP430.Emulator.Tests.Memory.MemoryAccessValidatorTests.ValidateWrite_ReadOnlyRegion_ThrowsMemoryAccessException" computerName="fv-az2210-123" duration="00:00:00.0032946" startTime="2025-06-06T19:28:31.0079426+00:00" endTime="2025-06-06T19:28:31.0081183+00:00" testType="13cdc9d9-ddb5-4fa4-a97d-d965ccfc6d4b" outcome="Passed" testListId="8c84fa94-04c1-424b-9868-57a2d4851a1d" relativeResultsDirectory="1faaf871-35be-4881-aff9-505bfd29f46f" />
    <UnitTestResult executionId="3ac975c1-1fa1-4c7c-9172-bf82851efac2" testId="a41ffce7-0c5c-3d66-1e6e-2d31e001ca86" testName="MSP430.Emulator.Tests.Memory.MemoryControllerTests.ReadByte_WithContext_ValidContext_ReturnsValue" computerName="fv-az2210-123" duration="00:00:00.0033798" startTime="2025-06-06T19:28:33.9112569+00:00" endTime="2025-06-06T19:28:33.9112983+00:00" testType="13cdc9d9-ddb5-4fa4-a97d-d965ccfc6d4b" outcome="Passed" testListId="8c84fa94-04c1-424b-9868-57a2d4851a1d" relativeResultsDirectory="3ac975c1-1fa1-4c7c-9172-bf82851efac2" />
    <UnitTestResult executionId="4a318eb9-c666-4092-aa14-cb59736fc0d7" testId="adaabc1b-7eef-31f2-fc73-837b0ae276a8" testName="MSP430.Emulator.Tests.Instructions.Arithmetic.CmpInstructionTests.ExtensionWordCount_VariousAddressingModes_ReturnsCorrectCount(sourceMode: Indexed, destMode: Register, expectedCount: 1)" computerName="fv-az2210-123" duration="00:00:00.0000036" startTime="2025-06-06T19:28:33.7767445+00:00" endTime="2025-06-06T19:28:33.7768124+00:00" testType="13cdc9d9-ddb5-4fa4-a97d-d965ccfc6d4b" outcome="Passed" testListId="8c84fa94-04c1-424b-9868-57a2d4851a1d" relativeResultsDirectory="4a318eb9-c666-4092-aa14-cb59736fc0d7" />
    <UnitTestResult executionId="62feb1fb-8946-4e3d-aa76-19efeba64071" testId="6514bb7a-5b73-43cc-31f7-b9e5cb2966b0" testName="MSP430.Emulator.Tests.Cpu.StatusRegisterTests.UpdateFlagsAfterAddition_ByteOperation_SetsCorrectFlags(operand1: 128, operand2: 16, result: 144, isByteOp: True, expectedZero: False, expectedNegative: True, expectedCarry: False, expectedOverflow: False)" computerName="fv-az2210-123" duration="00:00:00.0000115" startTime="2025-06-06T19:28:32.9985548+00:00" endTime="2025-06-06T19:28:32.9986815+00:00" testType="13cdc9d9-ddb5-4fa4-a97d-d965ccfc6d4b" outcome="Passed" testListId="8c84fa94-04c1-424b-9868-57a2d4851a1d" relativeResultsDirectory="62feb1fb-8946-4e3d-aa76-19efeba64071" />
    <UnitTestResult executionId="4a332941-0a8b-4e1a-98ef-a2bb584fe0cb" testId="61c7153a-bc88-cc5c-1c73-49166b663be3" testName="MSP430.Emulator.Tests.Memory.MemoryControllerTests.ReadByte_ValidAddress_ReturnsValue(address: 6655)" computerName="fv-az2210-123" duration="00:00:00.0040969" startTime="2025-06-06T19:28:33.9034314+00:00" endTime="2025-06-06T19:28:33.9034721+00:00" testType="13cdc9d9-ddb5-4fa4-a97d-d965ccfc6d4b" outcome="Passed" testListId="8c84fa94-04c1-424b-9868-57a2d4851a1d" relativeResultsDirectory="4a332941-0a8b-4e1a-98ef-a2bb584fe0cb" />
    <UnitTestResult executionId="f122cc7e-8b62-4d59-9a41-fd42cb334006" testId="29d6ab71-d2a8-6808-ac57-6ee36eed4448" testName="MSP430.Emulator.Tests.Logging.ConsoleLoggerTests.Fatal_CallsLogWithFatalLevel" computerName="fv-az2210-123" duration="00:00:00.0082692" startTime="2025-06-06T19:28:33.4164040+00:00" endTime="2025-06-06T19:28:33.4191387+00:00" testType="13cdc9d9-ddb5-4fa4-a97d-d965ccfc6d4b" outcome="Passed" testListId="8c84fa94-04c1-424b-9868-57a2d4851a1d" relativeResultsDirectory="f122cc7e-8b62-4d59-9a41-fd42cb334006" />
    <UnitTestResult executionId="878c1260-c3c2-43e1-b5c1-75c14237b1d8" testId="90eaf774-127e-c2ab-5af1-02cb0e8fceb8" testName="MSP430.Emulator.Tests.Instructions.Arithmetic.DecInstructionTests.Execute_IndirectMode_DecrementsMemoryValueAtRegisterAddress" computerName="fv-az2210-123" duration="00:00:00.0003077" startTime="2025-06-06T19:28:33.7561407+00:00" endTime="2025-06-06T19:28:33.7562115+00:00" testType="13cdc9d9-ddb5-4fa4-a97d-d965ccfc6d4b" outcome="Passed" testListId="8c84fa94-04c1-424b-9868-57a2d4851a1d" relativeResultsDirectory="878c1260-c3c2-43e1-b5c1-75c14237b1d8" />
    <UnitTestResult executionId="1ffb7c7e-3145-414b-b7ca-181811a2a70e" testId="5a554c99-70b7-e9b0-667b-dd10e150eac4" testName="MSP430.Emulator.Tests.Instructions.Arithmetic.AddInstructionTests.ExtensionWordCount_VariousAddressingModes_ReturnsCorrectCount(sourceMode: Indexed, destMode: Register, expectedCount: 1)" computerName="fv-az2210-123" duration="00:00:00.0000071" startTime="2025-06-06T19:28:33.8461780+00:00" endTime="2025-06-06T19:28:33.8462275+00:00" testType="13cdc9d9-ddb5-4fa4-a97d-d965ccfc6d4b" outcome="Passed" testListId="8c84fa94-04c1-424b-9868-57a2d4851a1d" relativeResultsDirectory="1ffb7c7e-3145-414b-b7ca-181811a2a70e" />
    <UnitTestResult executionId="5e7b956f-9f73-41e5-9f2b-979163c4b0b6" testId="e2e71f97-dec0-c2f0-66f6-252c76282c41" testName="MSP430.Emulator.Tests.Memory.FlashControllerTests.OperationLifecycle_EraseOperation_WorksCorrectly" computerName="fv-az2210-123" duration="00:00:00.0004006" startTime="2025-06-06T19:28:33.3436978+00:00" endTime="2025-06-06T19:28:33.3461279+00:00" testType="13cdc9d9-ddb5-4fa4-a97d-d965ccfc6d4b" outcome="Passed" testListId="8c84fa94-04c1-424b-9868-57a2d4851a1d" relativeResultsDirectory="5e7b956f-9f73-41e5-9f2b-979163c4b0b6" />
    <UnitTestResult executionId="dd61ea26-df99-4e0f-bf4d-29c62ea85e71" testId="a41c5833-e758-6b24-c644-828b8d1ce21c" testName="MSP430.Emulator.Tests.Memory.FlashMemoryTests.Operations_LogCorrectMessages" computerName="fv-az2210-123" duration="00:00:00.0025787" startTime="2025-06-06T19:28:33.7926987+00:00" endTime="2025-06-06T19:28:33.7936386+00:00" testType="13cdc9d9-ddb5-4fa4-a97d-d965ccfc6d4b" outcome="Passed" testListId="8c84fa94-04c1-424b-9868-57a2d4851a1d" relativeResultsDirectory="dd61ea26-df99-4e0f-bf4d-29c62ea85e71" />
    <UnitTestResult executionId="f5f9a858-14e2-4310-b769-0426818b6566" testId="11e3ef63-a612-9d7b-6154-67af0a584178" testName="MSP430.Emulator.Tests.Memory.FlashControllerTests.Lock_WhenOperationInProgress_DoesNotLock" computerName="fv-az2210-123" duration="00:00:00.0004054" startTime="2025-06-06T19:28:33.3255034+00:00" endTime="2025-06-06T19:28:33.3256388+00:00" testType="13cdc9d9-ddb5-4fa4-a97d-d965ccfc6d4b" outcome="Passed" testListId="8c84fa94-04c1-424b-9868-57a2d4851a1d" relativeResultsDirectory="f5f9a858-14e2-4310-b769-0426818b6566" />
    <UnitTestResult executionId="debc8fd6-d986-48b3-8166-2ad2b050949f" testId="4d2ce924-bf1c-ec33-fa07-08f9879f88e8" testName="MSP430.Emulator.Tests.Memory.MemoryControllerTests.WriteWord_UnalignedAddress_ThrowsArgumentException(address: 8193)" computerName="fv-az2210-123" duration="00:00:00.0034224" startTime="2025-06-06T19:28:33.9197080+00:00" endTime="2025-06-06T19:28:33.9197784+00:00" testType="13cdc9d9-ddb5-4fa4-a97d-d965ccfc6d4b" outcome="Passed" testListId="8c84fa94-04c1-424b-9868-57a2d4851a1d" relativeResultsDirectory="debc8fd6-d986-48b3-8166-2ad2b050949f" />
    <UnitTestResult executionId="7f1c2cce-b521-4d1e-ae35-f0b012b19b80" testId="3b1ab515-dfcc-bc0c-517e-186bd4c63be4" testName="MSP430.Emulator.Tests.Instructions.Logic.XorInstructionTests.ExtensionWordCount_VariousAddressingModes_ReturnsCorrectCount(sourceMode: Register, destMode: Indirect, expectedCount: 0)" computerName="fv-az2210-123" duration="00:00:00.0000074" startTime="2025-06-06T19:28:33.1753533+00:00" endTime="2025-06-06T19:28:33.1754598+00:00" testType="13cdc9d9-ddb5-4fa4-a97d-d965ccfc6d4b" outcome="Passed" testListId="8c84fa94-04c1-424b-9868-57a2d4851a1d" relativeResultsDirectory="7f1c2cce-b521-4d1e-ae35-f0b012b19b80" />
    <UnitTestResult executionId="a6f6fcce-2719-4ea7-b410-98fcf49ab138" testId="12628858-b70a-ad5d-1d7d-fb682b2b793d" testName="MSP430.Emulator.Tests.Configuration.EmulatorConfigTests.SaveToFile_CreatesValidJson" computerName="fv-az2210-123" duration="00:00:00.0766720" startTime="2025-06-06T19:28:33.2293746+00:00" endTime="2025-06-06T19:28:33.5046464+00:00" testType="13cdc9d9-ddb5-4fa4-a97d-d965ccfc6d4b" outcome="Passed" testListId="8c84fa94-04c1-424b-9868-57a2d4851a1d" relativeResultsDirectory="a6f6fcce-2719-4ea7-b410-98fcf49ab138" />
    <UnitTestResult executionId="30aac7dd-ebd3-4963-9dcd-f3fdd145a0d3" testId="47098a2a-6cac-07b6-1214-4456296b16ea" testName="MSP430.Emulator.Tests.Cpu.StatusRegisterTests.FlagOperations_PreserveOtherBits(initialValue: 255)" computerName="fv-az2210-123" duration="00:00:00.0000089" startTime="2025-06-06T19:28:33.0790031+00:00" endTime="2025-06-06T19:28:33.0790819+00:00" testType="13cdc9d9-ddb5-4fa4-a97d-d965ccfc6d4b" outcome="Passed" testListId="8c84fa94-04c1-424b-9868-57a2d4851a1d" relativeResultsDirectory="30aac7dd-ebd3-4963-9dcd-f3fdd145a0d3" />
    <UnitTestResult executionId="a3c86835-9d75-41cf-a0d5-6a7b4b21dec3" testId="022834fd-94c0-ebd8-4042-e0d99cc1e8f8" testName="MSP430.Emulator.Tests.Instructions.Arithmetic.IncInstructionTests.ToString_VariousAddressingModes_FormatsCorrectly(register: R4, mode: IndirectAutoIncrement, expectedOperand: &quot;@R4+&quot;)" computerName="fv-az2210-123" duration="00:00:00.0001487" startTime="2025-06-06T19:28:33.6435719+00:00" endTime="2025-06-06T19:28:33.6441382+00:00" testType="13cdc9d9-ddb5-4fa4-a97d-d965ccfc6d4b" outcome="Passed" testListId="8c84fa94-04c1-424b-9868-57a2d4851a1d" relativeResultsDirectory="a3c86835-9d75-41cf-a0d5-6a7b4b21dec3" />
    <UnitTestResult executionId="04aaed1c-666d-466e-8c6b-c14b9267c2b0" testId="57d7b5af-40c8-e6b5-087e-38994ab1613b" testName="MSP430.Emulator.Tests.Instructions.Arithmetic.CmpInstructionTests.ExtensionWordCount_VariousAddressingModes_ReturnsCorrectCount(sourceMode: Absolute, destMode: Register, expectedCount: 1)" computerName="fv-az2210-123" duration="00:00:00.0000037" startTime="2025-06-06T19:28:33.7763303+00:00" endTime="2025-06-06T19:28:33.7763996+00:00" testType="13cdc9d9-ddb5-4fa4-a97d-d965ccfc6d4b" outcome="Passed" testListId="8c84fa94-04c1-424b-9868-57a2d4851a1d" relativeResultsDirectory="04aaed1c-666d-466e-8c6b-c14b9267c2b0" />
    <UnitTestResult executionId="aa1241b9-7701-414b-aca4-3761c4e9ed4b" testId="9ee25258-df5d-b1f5-0fab-9630bfc9c277" testName="MSP430.Emulator.Tests.Instructions.Arithmetic.IncInstructionTests.Constructor_ByteOperation_SetsByteFlag" computerName="fv-az2210-123" duration="00:00:00.0001893" startTime="2025-06-06T19:28:33.6564680+00:00" endTime="2025-06-06T19:28:33.6570320+00:00" testType="13cdc9d9-ddb5-4fa4-a97d-d965ccfc6d4b" outcome="Passed" testListId="8c84fa94-04c1-424b-9868-57a2d4851a1d" relativeResultsDirectory="aa1241b9-7701-414b-aca4-3761c4e9ed4b" />
    <UnitTestResult executionId="e1402517-9018-4ee2-a86f-d843705b8f92" testId="c4c9f4e1-4f7e-bde8-f69b-3e1372a58fa6" testName="MSP430.Emulator.Tests.Memory.MemoryMapTests.GetRegionInfo_UndefinedRegion_ThrowsArgumentException" computerName="fv-az2210-123" duration="00:00:00.0264231" startTime="2025-06-06T19:28:30.8084833+00:00" endTime="2025-06-06T19:28:30.8567215+00:00" testType="13cdc9d9-ddb5-4fa4-a97d-d965ccfc6d4b" outcome="Passed" testListId="8c84fa94-04c1-424b-9868-57a2d4851a1d" relativeResultsDirectory="e1402517-9018-4ee2-a86f-d843705b8f92" />
    <UnitTestResult executionId="f179037b-4375-473b-9e8b-da04b0689131" testId="f8f2751c-62d2-a1b1-93ee-0d7f26d53c17" testName="MSP430.Emulator.Tests.Instructions.Logic.XorInstructionTests.AddressingModes_AllSupportedModes_ReturnCorrectValues(mode: Absolute)" computerName="fv-az2210-123" duration="00:00:00.0002431" startTime="2025-06-06T19:28:33.1785289+00:00" endTime="2025-06-06T19:28:33.1792148+00:00" testType="13cdc9d9-ddb5-4fa4-a97d-d965ccfc6d4b" outcome="Passed" testListId="8c84fa94-04c1-424b-9868-57a2d4851a1d" relativeResultsDirectory="f179037b-4375-473b-9e8b-da04b0689131" />
    <UnitTestResult executionId="e9edb514-e1c2-44e9-aa73-fa7b64988d52" testId="0b20621a-6c39-2212-cb16-bbe8e297003d" testName="MSP430.Emulator.Tests.Logging.ConsoleLoggerTests.IsEnabled_ReturnsFalseForLevelBelowMinimum" computerName="fv-az2210-123" duration="00:00:00.0000894" startTime="2025-06-06T19:28:33.4435068+00:00" endTime="2025-06-06T19:28:33.4435937+00:00" testType="13cdc9d9-ddb5-4fa4-a97d-d965ccfc6d4b" outcome="Passed" testListId="8c84fa94-04c1-424b-9868-57a2d4851a1d" relativeResultsDirectory="e9edb514-e1c2-44e9-aa73-fa7b64988d52" />
    <UnitTestResult executionId="20c49491-f800-4994-9407-ea4b8543240f" testId="5b7f1b40-e34c-10a4-3d6e-7ea84c76d959" testName="MSP430.Emulator.Tests.Instructions.Arithmetic.IncInstructionTests.AddressingModes_AllSupportedModes_ReturnCorrectValues(mode: IndirectAutoIncrement)" computerName="fv-az2210-123" duration="00:00:00.0000085" startTime="2025-06-06T19:28:33.6173286+00:00" endTime="2025-06-06T19:28:33.6174027+00:00" testType="13cdc9d9-ddb5-4fa4-a97d-d965ccfc6d4b" outcome="Passed" testListId="8c84fa94-04c1-424b-9868-57a2d4851a1d" relativeResultsDirectory="20c49491-f800-4994-9407-ea4b8543240f" />
    <UnitTestResult executionId="3448db5d-2755-4c65-bd7a-89ce83662fd4" testId="92038e51-fb59-f0b4-2ea1-3f17d47e363e" testName="MSP430.Emulator.Tests.Cpu.StatusRegisterTests.UpdateFlagsAfterSubtraction_WordOperation_SetsCorrectFlags(operand1: 32768, operand2: 1, result: 32767, isByteOp: False, expectedZero: False, expectedNegative: False, expectedCarry: True, expectedOverflow: True)" computerName="fv-az2210-123" duration="00:00:00.0005153" startTime="2025-06-06T19:28:33.0581238+00:00" endTime="2025-06-06T19:28:33.0582505+00:00" testType="13cdc9d9-ddb5-4fa4-a97d-d965ccfc6d4b" outcome="Passed" testListId="8c84fa94-04c1-424b-9868-57a2d4851a1d" relativeResultsDirectory="3448db5d-2755-4c65-bd7a-89ce83662fd4" />
    <UnitTestResult executionId="53fdda50-45ce-4630-ba07-95b637d5e55f" testId="254915f7-135d-5777-20a6-9d5e2288a6cd" testName="MSP430.Emulator.Tests.Memory.MemoryControllerTests.IsValidAddress_ValidAddresses_ReturnsTrue(address: 8192)" computerName="fv-az2210-123" duration="00:00:00.0030182" startTime="2025-06-06T19:28:33.9013270+00:00" endTime="2025-06-06T19:28:33.9013680+00:00" testType="13cdc9d9-ddb5-4fa4-a97d-d965ccfc6d4b" outcome="Passed" testListId="8c84fa94-04c1-424b-9868-57a2d4851a1d" relativeResultsDirectory="53fdda50-45ce-4630-ba07-95b637d5e55f" />
    <UnitTestResult executionId="2f2701dc-0938-47d1-aba4-76cba2e8dfb6" testId="b0f590bc-8ffd-a606-2551-615a1be6d336" testName="MSP430.Emulator.Tests.Instructions.Arithmetic.IncInstructionTests.Execute_RegisterMode_ByteOperation_IncrementsLowByteOnly" computerName="fv-az2210-123" duration="00:00:00.0002360" startTime="2025-06-06T19:28:33.6521059+00:00" endTime="2025-06-06T19:28:33.6533935+00:00" testType="13cdc9d9-ddb5-4fa4-a97d-d965ccfc6d4b" outcome="Passed" testListId="8c84fa94-04c1-424b-9868-57a2d4851a1d" relativeResultsDirectory="2f2701dc-0938-47d1-aba4-76cba2e8dfb6" />
    <UnitTestResult executionId="fd930374-e423-4f77-b86a-a74e910c31b3" testId="af9c744b-baaa-985c-bda7-62bea585e7bd" testName="MSP430.Emulator.Tests.Memory.InformationMemoryTests.GetSegmentInfo_ReturnsCorrectSegmentInfo(segment: SegmentD, expectedStart: 6144, expectedEnd: 6271, expectedProtection: False)" computerName="fv-az2210-123" duration="00:00:00.0000198" startTime="2025-06-06T19:28:33.3642329+00:00" endTime="2025-06-06T19:28:33.3643458+00:00" testType="13cdc9d9-ddb5-4fa4-a97d-d965ccfc6d4b" outcome="Passed" testListId="8c84fa94-04c1-424b-9868-57a2d4851a1d" relativeResultsDirectory="fd930374-e423-4f77-b86a-a74e910c31b3" />
    <UnitTestResult executionId="3d75e23a-2023-45d6-8fe0-eeb842e37d6b" testId="7d27587c-d8bd-68c7-89b9-013c4def9091" testName="MSP430.Emulator.Tests.Memory.InformationMemoryTests.IsSegmentWriteProtected_DefaultState_ReturnsExpectedValue(segment: SegmentA, expectedProtection: True)" computerName="fv-az2210-123" duration="00:00:00.0001466" startTime="2025-06-06T19:28:33.2691247+00:00" endTime="2025-06-06T19:28:33.2692381+00:00" testType="13cdc9d9-ddb5-4fa4-a97d-d965ccfc6d4b" outcome="Passed" testListId="8c84fa94-04c1-424b-9868-57a2d4851a1d" relativeResultsDirectory="3d75e23a-2023-45d6-8fe0-eeb842e37d6b" />
    <UnitTestResult executionId="0a4e3d42-41e9-4b90-ac68-2a9a87c1d460" testId="de5d44b7-3271-78ba-a6b9-61a948ec8a1b" testName="MSP430.Emulator.Tests.Instructions.Logic.AndInstructionTests.ExtensionWordCount_VariousAddressingModes_ReturnsCorrectCount(sourceMode: Register, destMode: IndirectAutoIncrement, expectedCount: 0)" computerName="fv-az2210-123" duration="00:00:00.0000048" startTime="2025-06-06T19:28:33.6721897+00:00" endTime="2025-06-06T19:28:33.6723029+00:00" testType="13cdc9d9-ddb5-4fa4-a97d-d965ccfc6d4b" outcome="Passed" testListId="8c84fa94-04c1-424b-9868-57a2d4851a1d" relativeResultsDirectory="0a4e3d42-41e9-4b90-ac68-2a9a87c1d460" />
    <UnitTestResult executionId="e9c7100e-9f64-4029-91c9-d2bfb72eafd1" testId="c40a3854-205d-0565-bfec-bd54daf08085" testName="MSP430.Emulator.Tests.Memory.MemoryMapTests.DefaultMemoryLayout_RegionBoundaries_AreCorrect(region: InformationMemory, expectedStart: 6144, expectedEnd: 6655)" computerName="fv-az2210-123" duration="00:00:00.0034465" startTime="2025-06-06T19:28:30.9347443+00:00" endTime="2025-06-06T19:28:30.9349362+00:00" testType="13cdc9d9-ddb5-4fa4-a97d-d965ccfc6d4b" outcome="Passed" testListId="8c84fa94-04c1-424b-9868-57a2d4851a1d" relativeResultsDirectory="e9c7100e-9f64-4029-91c9-d2bfb72eafd1" />
    <UnitTestResult executionId="dc39ca7d-117c-4505-bb60-867bff640fc4" testId="50c75b1d-b65a-8c18-b40f-90cc29d23564" testName="MSP430.Emulator.Tests.Memory.MemoryControllerTests.ReadByte_ValidAddress_ReturnsValue(address: 49151)" computerName="fv-az2210-123" duration="00:00:00.0030208" startTime="2025-06-06T19:28:33.9047371+00:00" endTime="2025-06-06T19:28:33.9047773+00:00" testType="13cdc9d9-ddb5-4fa4-a97d-d965ccfc6d4b" outcome="Passed" testListId="8c84fa94-04c1-424b-9868-57a2d4851a1d" relativeResultsDirectory="dc39ca7d-117c-4505-bb60-867bff640fc4" />
    <UnitTestResult executionId="71371680-4d72-438c-9163-f3f9c3c4317b" testId="6559b674-6310-509d-5396-faa4f5837925" testName="MSP430.Emulator.Tests.Instructions.Arithmetic.SubInstructionTests.AddressingModes_AllSupportedModes_ReturnCorrectValues(mode: IndirectAutoIncrement)" computerName="fv-az2210-123" duration="00:00:00.0000078" startTime="2025-06-06T19:28:33.6244494+00:00" endTime="2025-06-06T19:28:33.6245672+00:00" testType="13cdc9d9-ddb5-4fa4-a97d-d965ccfc6d4b" outcome="Passed" testListId="8c84fa94-04c1-424b-9868-57a2d4851a1d" relativeResultsDirectory="71371680-4d72-438c-9163-f3f9c3c4317b" />
    <UnitTestResult executionId="00e81667-39f4-46a6-933d-f9802cb37c35" testId="0e3ca54d-681c-c8db-fd12-c5c5a0f0facf" testName="MSP430.Emulator.Tests.Memory.InformationMemoryTests.WriteByte_ToUnprotectedSegment_Succeeds" computerName="fv-az2210-123" duration="00:00:00.0001479" startTime="2025-06-06T19:28:33.3780044+00:00" endTime="2025-06-06T19:28:33.3781216+00:00" testType="13cdc9d9-ddb5-4fa4-a97d-d965ccfc6d4b" outcome="Passed" testListId="8c84fa94-04c1-424b-9868-57a2d4851a1d" relativeResultsDirectory="00e81667-39f4-46a6-933d-f9802cb37c35" />
    <UnitTestResult executionId="6300d4e3-ea01-4d8b-a78c-714e5ff53234" testId="c8142eb8-62d4-d612-1763-fa80f443980a" testName="MSP430.Emulator.Tests.Cpu.StatusRegisterTests.Negative_GetSet_WorksCorrectly(value: 65531, expectedNegative: False)" computerName="fv-az2210-123" duration="00:00:00.0000073" startTime="2025-06-06T19:28:33.0269683+00:00" endTime="2025-06-06T19:28:33.0271082+00:00" testType="13cdc9d9-ddb5-4fa4-a97d-d965ccfc6d4b" outcome="Passed" testListId="8c84fa94-04c1-424b-9868-57a2d4851a1d" relativeResultsDirectory="6300d4e3-ea01-4d8b-a78c-714e5ff53234" />
    <UnitTestResult executionId="88869952-3362-4be8-a18f-aa8a61c23297" testId="0aa606e4-a7ed-6c49-cfa8-8437c81e5c74" testName="MSP430.Emulator.Tests.Memory.RandomAccessMemoryTests.IsAddressInBounds_VariousAddresses_ReturnsExpectedResult(address: 8448, expected: True)" computerName="fv-az2210-123" duration="00:00:00.0003791" startTime="2025-06-06T19:28:33.8673322+00:00" endTime="2025-06-06T19:28:33.8673736+00:00" testType="13cdc9d9-ddb5-4fa4-a97d-d965ccfc6d4b" outcome="Passed" testListId="8c84fa94-04c1-424b-9868-57a2d4851a1d" relativeResultsDirectory="88869952-3362-4be8-a18f-aa8a61c23297" />
    <UnitTestResult executionId="f261b542-72f9-4276-b329-26c36f96a469" testId="2218f2ea-c7aa-5f76-a172-379722815453" testName="MSP430.Emulator.Tests.Memory.MemoryControllerTests.WriteWord_ValidAddress_WritesSuccessfully(address: 6144, value: 22136)" computerName="fv-az2210-123" duration="00:00:00.0035664" startTime="2025-06-06T19:28:33.9175726+00:00" endTime="2025-06-06T19:28:33.9176124+00:00" testType="13cdc9d9-ddb5-4fa4-a97d-d965ccfc6d4b" outcome="Passed" testListId="8c84fa94-04c1-424b-9868-57a2d4851a1d" relativeResultsDirectory="f261b542-72f9-4276-b329-26c36f96a469" />
    <UnitTestResult executionId="542db6c9-bf2d-42cc-873d-be70f925a252" testId="daf7a81f-f603-ff1a-2e55-78318a416b2c" testName="MSP430.Emulator.Tests.Memory.InformationMemoryTests.IsAddressInBounds_VariousAddresses_ReturnsExpectedResult(address: 6144, expected: True)" computerName="fv-az2210-123" duration="00:00:00.0000098" startTime="2025-06-06T19:28:33.2604677+00:00" endTime="2025-06-06T19:28:33.2605953+00:00" testType="13cdc9d9-ddb5-4fa4-a97d-d965ccfc6d4b" outcome="Passed" testListId="8c84fa94-04c1-424b-9868-57a2d4851a1d" relativeResultsDirectory="542db6c9-bf2d-42cc-873d-be70f925a252" />
    <UnitTestResult executionId="76e7efdf-133b-4fee-a5bf-9e197c46f15d" testId="9b3376f9-28b8-0dd1-e9a8-fd83f3d9d144" testName="MSP430.Emulator.Tests.Instructions.Logic.BisInstructionTests.ExtensionWordCount_VariousAddressingModes_ReturnsCorrectCount(sourceMode: Register, destMode: Indexed, expectedCount: 1)" computerName="fv-az2210-123" duration="00:00:00.0000076" startTime="2025-06-06T19:28:33.7227744+00:00" endTime="2025-06-06T19:28:33.7229004+00:00" testType="13cdc9d9-ddb5-4fa4-a97d-d965ccfc6d4b" outcome="Passed" testListId="8c84fa94-04c1-424b-9868-57a2d4851a1d" relativeResultsDirectory="76e7efdf-133b-4fee-a5bf-9e197c46f15d" />
    <UnitTestResult executionId="6e927256-c64e-4edc-a1a6-b73f0297a48b" testId="8bb2d048-661c-e4c0-3b95-9025a4972a44" testName="MSP430.Emulator.Tests.Memory.FlashMemoryTests.ReadWord_ValidAddress_ReturnsErasedValue" computerName="fv-az2210-123" duration="00:00:00.0001652" startTime="2025-06-06T19:28:33.7892306+00:00" endTime="2025-06-06T19:28:33.7893542+00:00" testType="13cdc9d9-ddb5-4fa4-a97d-d965ccfc6d4b" outcome="Passed" testListId="8c84fa94-04c1-424b-9868-57a2d4851a1d" relativeResultsDirectory="6e927256-c64e-4edc-a1a6-b73f0297a48b" />
    <UnitTestResult executionId="4129605b-f6b5-4f74-a9ec-292e36b09fd2" testId="faf2d7c3-e973-897a-c016-940ffd490f63" testName="MSP430.Emulator.Tests.Diagnostics.DiagnosticLoggerTests.FormatRecentEntries_WithNoEntries_ShouldReturnNoEntriesMessage" computerName="fv-az2210-123" duration="00:00:00.0006523" startTime="2025-06-06T19:28:30.8510241+00:00" endTime="2025-06-06T19:28:30.8512171+00:00" testType="13cdc9d9-ddb5-4fa4-a97d-d965ccfc6d4b" outcome="Passed" testListId="8c84fa94-04c1-424b-9868-57a2d4851a1d" relativeResultsDirectory="4129605b-f6b5-4f74-a9ec-292e36b09fd2" />
    <UnitTestResult executionId="eae4ac95-d12d-47b0-926d-952f6b23a54b" testId="29a37f46-b652-2684-af2d-7bfba0ce4ff9" testName="MSP430.Emulator.Tests.Instructions.Arithmetic.CmpInstructionTests.ToString_VariousAddressingModes_FormatsCorrectly(register: R2, mode: Absolute, expectedOperand: &quot;&amp;ADDR&quot;)" computerName="fv-az2210-123" duration="00:00:00.0000041" startTime="2025-06-06T19:28:33.7718554+00:00" endTime="2025-06-06T19:28:33.7719449+00:00" testType="13cdc9d9-ddb5-4fa4-a97d-d965ccfc6d4b" outcome="Passed" testListId="8c84fa94-04c1-424b-9868-57a2d4851a1d" relativeResultsDirectory="eae4ac95-d12d-47b0-926d-952f6b23a54b" />
    <UnitTestResult executionId="80289ed6-50e2-4c3d-8b11-3bd9cd74aafc" testId="176c6c48-4a5a-0a45-1e6c-a7218b3827b4" testName="MSP430.Emulator.Tests.Memory.RandomAccessMemoryTests.GetWriteCycles_AllAddresses_ReturnsConstantCycles(address: 8448, isWordAccess: False, expectedCycles: 1)" computerName="fv-az2210-123" duration="00:00:00.0000077" startTime="2025-06-06T19:28:33.8893354+00:00" endTime="2025-06-06T19:28:33.8893749+00:00" testType="13cdc9d9-ddb5-4fa4-a97d-d965ccfc6d4b" outcome="Passed" testListId="8c84fa94-04c1-424b-9868-57a2d4851a1d" relativeResultsDirectory="80289ed6-50e2-4c3d-8b11-3bd9cd74aafc" />
    <UnitTestResult executionId="d0806c05-7ac6-49e5-b718-9461d0846cef" testId="1afbb431-cce5-8a83-0b4d-5e3ac57c08dc" testName="MSP430.Emulator.Tests.Memory.RandomAccessMemoryTests.Constructor_ValidParameters_CreatesMemory" computerName="fv-az2210-123" duration="00:00:00.0002052" startTime="2025-06-06T19:28:33.8846464+00:00" endTime="2025-06-06T19:28:33.8847009+00:00" testType="13cdc9d9-ddb5-4fa4-a97d-d965ccfc6d4b" outcome="Passed" testListId="8c84fa94-04c1-424b-9868-57a2d4851a1d" relativeResultsDirectory="d0806c05-7ac6-49e5-b718-9461d0846cef" />
    <UnitTestResult executionId="668d0f42-260e-4849-b652-f4ddb727e0c4" testId="5aedb398-2652-0db1-9bf3-995d09c47bc1" testName="MSP430.Emulator.Tests.Memory.FlashMemoryTests.Constructor_InvalidSize_ThrowsArgumentOutOfRangeException(invalidSize: 300000)" computerName="fv-az2210-123" duration="00:00:00.0003700" startTime="2025-06-06T19:28:33.8015879+00:00" endTime="2025-06-06T19:28:33.8017308+00:00" testType="13cdc9d9-ddb5-4fa4-a97d-d965ccfc6d4b" outcome="Passed" testListId="8c84fa94-04c1-424b-9868-57a2d4851a1d" relativeResultsDirectory="668d0f42-260e-4849-b652-f4ddb727e0c4" />
    <UnitTestResult executionId="2437fe14-fd6e-40f5-9833-01bf342efcf3" testId="cb67d998-3243-cf75-67d0-d162ef709f8b" testName="MSP430.Emulator.Tests.Memory.InformationMemoryTests.GetSegment_ValidAddresses_ReturnsCorrectSegment(address: 6144, expectedSegment: SegmentD)" computerName="fv-az2210-123" duration="00:00:00.0004266" startTime="2025-06-06T19:28:33.2778020+00:00" endTime="2025-06-06T19:28:33.2779882+00:00" testType="13cdc9d9-ddb5-4fa4-a97d-d965ccfc6d4b" outcome="Passed" testListId="8c84fa94-04c1-424b-9868-57a2d4851a1d" relativeResultsDirectory="2437fe14-fd6e-40f5-9833-01bf342efcf3" />
    <UnitTestResult executionId="d1bacda3-38fd-49e2-98ce-ca6075cd5001" testId="d2ba05d7-c81a-fe85-fe34-d0cbeb84cbf7" testName="MSP430.Emulator.Tests.Memory.RandomAccessMemoryTests.Operations_LogCorrectMessages" computerName="fv-az2210-123" duration="00:00:00.0020087" startTime="2025-06-06T19:28:33.8967215+00:00" endTime="2025-06-06T19:28:33.8967962+00:00" testType="13cdc9d9-ddb5-4fa4-a97d-d965ccfc6d4b" outcome="Passed" testListId="8c84fa94-04c1-424b-9868-57a2d4851a1d" relativeResultsDirectory="d1bacda3-38fd-49e2-98ce-ca6075cd5001" />
    <UnitTestResult executionId="e1e6f4c1-537e-4056-a1a9-04ad1fd1b70b" testId="80254100-7526-84d7-949e-d9072d7d0963" testName="MSP430.Emulator.Tests.Memory.MemoryControllerTests.PeripheralAccess_ReturnsDefaultValues(address: 512)" computerName="fv-az2210-123" duration="00:00:00.0030855" startTime="2025-06-06T19:28:33.9160257+00:00" endTime="2025-06-06T19:28:33.9161042+00:00" testType="13cdc9d9-ddb5-4fa4-a97d-d965ccfc6d4b" outcome="Passed" testListId="8c84fa94-04c1-424b-9868-57a2d4851a1d" relativeResultsDirectory="e1e6f4c1-537e-4056-a1a9-04ad1fd1b70b" />
    <UnitTestResult executionId="fa644f59-5f22-4a5c-a30a-e477c93b810f" testId="2dcc8fd3-551f-f681-889f-e0a340c778b6" testName="MSP430.Emulator.Tests.Logging.FileLoggerTests.IsEnabled_ReturnsFalseForLevelBelowMinimum" computerName="fv-az2210-123" duration="00:00:00.0002340" startTime="2025-06-06T19:28:30.9476955+00:00" endTime="2025-06-06T19:28:30.9479776+00:00" testType="13cdc9d9-ddb5-4fa4-a97d-d965ccfc6d4b" outcome="Passed" testListId="8c84fa94-04c1-424b-9868-57a2d4851a1d" relativeResultsDirectory="fa644f59-5f22-4a5c-a30a-e477c93b810f" />
    <UnitTestResult executionId="677afc4b-123a-4c29-bf35-fda0ae24a3cb" testId="1b1811b0-430e-c2dd-cd4d-9a8dfb19ab2f" testName="MSP430.Emulator.Tests.Instructions.Arithmetic.IncInstructionTests.ToString_VariousAddressingModes_FormatsCorrectly(register: R2, mode: Absolute, expectedOperand: &quot;&amp;ADDR&quot;)" computerName="fv-az2210-123" duration="00:00:00.0000061" startTime="2025-06-06T19:28:33.6498550+00:00" endTime="2025-06-06T19:28:33.6504884+00:00" testType="13cdc9d9-ddb5-4fa4-a97d-d965ccfc6d4b" outcome="Passed" testListId="8c84fa94-04c1-424b-9868-57a2d4851a1d" relativeResultsDirectory="677afc4b-123a-4c29-bf35-fda0ae24a3cb" />
    <UnitTestResult executionId="aae19a13-641e-4ef9-8565-2ee9f9880b6c" testId="001f3064-523e-b5e4-1a32-0c0dfc76e7c0" testName="MSP430.Emulator.Tests.Instructions.Arithmetic.DecInstructionTests.Format_IsFormatI" computerName="fv-az2210-123" duration="00:00:00.0001032" startTime="2025-06-06T19:28:33.7580971+00:00" endTime="2025-06-06T19:28:33.7581678+00:00" testType="13cdc9d9-ddb5-4fa4-a97d-d965ccfc6d4b" outcome="Passed" testListId="8c84fa94-04c1-424b-9868-57a2d4851a1d" relativeResultsDirectory="aae19a13-641e-4ef9-8565-2ee9f9880b6c" />
    <UnitTestResult executionId="bf2dcbc3-4270-46ff-98a9-2a8ab61be82e" testId="7446691d-2493-9ea9-e7ac-67efd3870e45" testName="MSP430.Emulator.Tests.Memory.InformationMemoryTests.Constructor_WithLogger_CreatesInformationMemory" computerName="fv-az2210-123" duration="00:00:00.0003275" startTime="2025-06-06T19:28:33.3864984+00:00" endTime="2025-06-06T19:28:33.3895089+00:00" testType="13cdc9d9-ddb5-4fa4-a97d-d965ccfc6d4b" outcome="Passed" testListId="8c84fa94-04c1-424b-9868-57a2d4851a1d" relativeResultsDirectory="bf2dcbc3-4270-46ff-98a9-2a8ab61be82e" />
    <UnitTestResult executionId="aac1f9c4-7b87-4712-ac3e-92f7ce485f83" testId="ef09be7b-daa8-ee5d-e3b6-8953e0178a1f" testName="MSP430.Emulator.Tests.Cpu.RegisterFileTests.ReadRegisterLowByte_ValidRegister_ReturnsCorrectByte(register: R4, fullValue: 43981, expectedLowByte: 205)" computerName="fv-az2210-123" duration="00:00:00.0004186" startTime="2025-06-06T19:28:33.5078219+00:00" endTime="2025-06-06T19:28:33.5079198+00:00" testType="13cdc9d9-ddb5-4fa4-a97d-d965ccfc6d4b" outcome="Passed" testListId="8c84fa94-04c1-424b-9868-57a2d4851a1d" relativeResultsDirectory="aac1f9c4-7b87-4712-ac3e-92f7ce485f83" />
    <UnitTestResult executionId="8f6b57cd-ea4f-41b1-a759-d624c33c13a7" testId="bfd33dc5-4766-e21e-0d3d-f963c4637e6a" testName="MSP430.Emulator.Tests.Core.ExecutionStateTests.CanExecute_ReturnsExpectedResult(state: Halted, expected: False)" computerName="fv-az2210-123" duration="00:00:00.0000043" startTime="2025-06-06T19:28:33.6953543+00:00" endTime="2025-06-06T19:28:33.6954257+00:00" testType="13cdc9d9-ddb5-4fa4-a97d-d965ccfc6d4b" outcome="Passed" testListId="8c84fa94-04c1-424b-9868-57a2d4851a1d" relativeResultsDirectory="8f6b57cd-ea4f-41b1-a759-d624c33c13a7" />
    <UnitTestResult executionId="d675cef1-7691-4161-8e17-95d9e9e66cb7" testId="30bf2cd5-b9b6-0453-7b76-810d9243a7c4" testName="MSP430.Emulator.Tests.Core.ExecutionStateTests.CanResume_ReturnsExpectedResult(state: Running, expected: False)" computerName="fv-az2210-123" duration="00:00:00.0002891" startTime="2025-06-06T19:28:33.7145716+00:00" endTime="2025-06-06T19:28:33.7146412+00:00" testType="13cdc9d9-ddb5-4fa4-a97d-d965ccfc6d4b" outcome="Passed" testListId="8c84fa94-04c1-424b-9868-57a2d4851a1d" relativeResultsDirectory="d675cef1-7691-4161-8e17-95d9e9e66cb7" />
    <UnitTestResult executionId="02a13fba-f2c1-486e-a1cd-945d888dbc2d" testId="11e72a26-1963-f858-d8f1-5601fd12ef16" testName="MSP430.Emulator.Tests.Instructions.AddressingModeDecoderTests.DecodeSourceAddressingMode_R3_ReturnsCorrectMode(asBits: 0, expected: Register)" computerName="fv-az2210-123" duration="00:00:00.0003185" startTime="2025-06-06T19:28:33.4795558+00:00" endTime="2025-06-06T19:28:33.4833457+00:00" testType="13cdc9d9-ddb5-4fa4-a97d-d965ccfc6d4b" outcome="Passed" testListId="8c84fa94-04c1-424b-9868-57a2d4851a1d" relativeResultsDirectory="02a13fba-f2c1-486e-a1cd-945d888dbc2d" />
    <UnitTestResult executionId="83f8b8dd-34be-45d3-a968-326cec09bf19" testId="ea257ee4-e06f-eb27-4db1-883fcc3808f3" testName="MSP430.Emulator.Tests.Cpu.StatusRegisterTests.ToString_AllFlagsSet_ShowsAllFlags" computerName="fv-az2210-123" duration="00:00:00.0003322" startTime="2025-06-06T19:28:33.1522799+00:00" endTime="2025-06-06T19:28:33.1524790+00:00" testType="13cdc9d9-ddb5-4fa4-a97d-d965ccfc6d4b" outcome="Passed" testListId="8c84fa94-04c1-424b-9868-57a2d4851a1d" relativeResultsDirectory="83f8b8dd-34be-45d3-a968-326cec09bf19" />
    <UnitTestResult executionId="d48ef4fd-dd0f-4aae-b431-2f366bd64efd" testId="b16c9e8d-b84b-0d8b-cc5f-33477d530fbe" testName="MSP430.Emulator.Tests.Memory.FlashControllerTests.GetEraseCycles_ValidOperation_ReturnsExpectedCycles(operation: MassErase)" computerName="fv-az2210-123" duration="00:00:00.0002441" startTime="2025-06-06T19:28:33.3511225+00:00" endTime="2025-06-06T19:28:33.3512395+00:00" testType="13cdc9d9-ddb5-4fa4-a97d-d965ccfc6d4b" outcome="Passed" testListId="8c84fa94-04c1-424b-9868-57a2d4851a1d" relativeResultsDirectory="d48ef4fd-dd0f-4aae-b431-2f366bd64efd" />
    <UnitTestResult executionId="00028c2c-3d6a-46f5-8ff9-936dd1e95718" testId="2cd99075-e14a-23ae-ddac-844c50349843" testName="MSP430.Emulator.Tests.Instructions.Logic.XorInstructionTests.DestinationRegister_AllRegisters_ReturnsCorrectRegister(register: R15)" computerName="fv-az2210-123" duration="00:00:00.0002461" startTime="2025-06-06T19:28:33.1896917+00:00" endTime="2025-06-06T19:28:33.1910867+00:00" testType="13cdc9d9-ddb5-4fa4-a97d-d965ccfc6d4b" outcome="Passed" testListId="8c84fa94-04c1-424b-9868-57a2d4851a1d" relativeResultsDirectory="00028c2c-3d6a-46f5-8ff9-936dd1e95718" />
    <UnitTestResult executionId="2190541c-e599-407c-b5a4-88dcd34cf9a4" testId="e69fed6c-e92f-af7b-95c4-b250af62c93d" testName="MSP430.Emulator.Tests.Memory.FlashMemoryTests.SetProtectionLevel_WriteProtected_BlocksOperations" computerName="fv-az2210-123" duration="00:00:00.0002428" startTime="2025-06-06T19:28:33.7943302+00:00" endTime="2025-06-06T19:28:33.7944458+00:00" testType="13cdc9d9-ddb5-4fa4-a97d-d965ccfc6d4b" outcome="Passed" testListId="8c84fa94-04c1-424b-9868-57a2d4851a1d" relativeResultsDirectory="2190541c-e599-407c-b5a4-88dcd34cf9a4" />
    <UnitTestResult executionId="5cbb9bfa-ea17-4840-80b3-52e486cb05e4" testId="eb125f2e-622b-bb5f-01c7-b07c1b606ff6" testName="MSP430.Emulator.Tests.Memory.MemoryAccessValidatorTests.ValidateExecute_NonExecutableRegion_ThrowsMemoryAccessException" computerName="fv-az2210-123" duration="00:00:00.0046407" startTime="2025-06-06T19:28:31.0090506+00:00" endTime="2025-06-06T19:28:31.0091348+00:00" testType="13cdc9d9-ddb5-4fa4-a97d-d965ccfc6d4b" outcome="Passed" testListId="8c84fa94-04c1-424b-9868-57a2d4851a1d" relativeResultsDirectory="5cbb9bfa-ea17-4840-80b3-52e486cb05e4" />
    <UnitTestResult executionId="15062b5c-cfdd-4a3d-9607-64b8110d1fc5" testId="42d99965-7121-5f40-4654-5db3e8dc9b86" testName="MSP430.Emulator.Tests.Instructions.Arithmetic.SubInstructionTests.ExtensionWordCount_VariousAddressingModes_ReturnsCorrectCount(sourceMode: Register, destMode: Absolute, expectedCount: 1)" computerName="fv-az2210-123" duration="00:00:00.0000040" startTime="2025-06-06T19:28:33.6410251+00:00" endTime="2025-06-06T19:28:33.6411513+00:00" testType="13cdc9d9-ddb5-4fa4-a97d-d965ccfc6d4b" outcome="Passed" testListId="8c84fa94-04c1-424b-9868-57a2d4851a1d" relativeResultsDirectory="15062b5c-cfdd-4a3d-9607-64b8110d1fc5" />
    <UnitTestResult executionId="e55834aa-aac8-4284-ab62-ea97d226fe1d" testId="4f65b281-42db-2fc9-f996-9954c9059327" testName="MSP430.Emulator.Tests.Cpu.StatusRegisterTests.MultipleFlags_SetSimultaneously_WorkCorrectly" computerName="fv-az2210-123" duration="00:00:00.0001487" startTime="2025-06-06T19:28:33.1387069+00:00" endTime="2025-06-06T19:28:33.1401257+00:00" testType="13cdc9d9-ddb5-4fa4-a97d-d965ccfc6d4b" outcome="Passed" testListId="8c84fa94-04c1-424b-9868-57a2d4851a1d" relativeResultsDirectory="e55834aa-aac8-4284-ab62-ea97d226fe1d" />
    <UnitTestResult executionId="e08f9b4e-04b8-4d72-9319-8f1511ad6af0" testId="964e5ecb-3690-6e1c-91aa-12ce2d03ddf7" testName="MSP430.Emulator.Tests.Instructions.InstructionDecoderTests.GetInstructionFormat_FormatII_ReturnsFormatII(instructionWord: 4224)" computerName="fv-az2210-123" duration="00:00:00.0000056" startTime="2025-06-06T19:28:33.8274936+00:00" endTime="2025-06-06T19:28:33.8275441+00:00" testType="13cdc9d9-ddb5-4fa4-a97d-d965ccfc6d4b" outcome="Passed" testListId="8c84fa94-04c1-424b-9868-57a2d4851a1d" relativeResultsDirectory="e08f9b4e-04b8-4d72-9319-8f1511ad6af0" />
    <UnitTestResult executionId="82c3cee5-2c0a-462d-b867-adf65b922008" testId="4a5b0827-968e-54f5-bf33-05b9a540291d" testName="MSP430.Emulator.Tests.Cpu.RegisterFileTests.WriteRegister_ValidRegister_StoresValue(register: R0, value: 4660)" computerName="fv-az2210-123" duration="00:00:00.0002921" startTime="2025-06-06T19:28:33.5806428+00:00" endTime="2025-06-06T19:28:33.5815710+00:00" testType="13cdc9d9-ddb5-4fa4-a97d-d965ccfc6d4b" outcome="Passed" testListId="8c84fa94-04c1-424b-9868-57a2d4851a1d" relativeResultsDirectory="82c3cee5-2c0a-462d-b867-adf65b922008" />
    <UnitTestResult executionId="9000ca4b-0215-4d2f-a0fb-22f21011dc6e" testId="ed0de4cf-4376-daf9-e8fd-e70f93726a90" testName="MSP430.Emulator.Tests.Instructions.InstructionDecoderTests.ExtractOpcode_FormatIII_ReturnsCorrectOpcode(format: FormatIII, instructionWord: 11264, expected: 3)" computerName="fv-az2210-123" duration="00:00:00.0000061" startTime="2025-06-06T19:28:33.8207830+00:00" endTime="2025-06-06T19:28:33.8208542+00:00" testType="13cdc9d9-ddb5-4fa4-a97d-d965ccfc6d4b" outcome="Passed" testListId="8c84fa94-04c1-424b-9868-57a2d4851a1d" relativeResultsDirectory="9000ca4b-0215-4d2f-a0fb-22f21011dc6e" />
    <UnitTestResult executionId="24c40d2b-8805-4d1a-ad3c-aa50dd7a0b2e" testId="1761fcac-cd98-1f9b-4b97-633d1f0c5b2f" testName="MSP430.Emulator.Tests.Instructions.Logic.BisInstructionTests.DestinationRegister_AllRegisters_ReturnsCorrectRegister(register: R4)" computerName="fv-az2210-123" duration="00:00:00.0000133" startTime="2025-06-06T19:28:33.7190551+00:00" endTime="2025-06-06T19:28:33.7191256+00:00" testType="13cdc9d9-ddb5-4fa4-a97d-d965ccfc6d4b" outcome="Passed" testListId="8c84fa94-04c1-424b-9868-57a2d4851a1d" relativeResultsDirectory="24c40d2b-8805-4d1a-ad3c-aa50dd7a0b2e" />
    <UnitTestResult executionId="ebdf32ba-f1a3-44ca-83d2-6ed9200f7b7a" testId="0dcedd68-b7ef-c65b-a6df-33d70a5fce0a" testName="MSP430.Emulator.Tests.Cpu.RegisterFileTests.ReadRegisterHighByte_ValidRegister_ReturnsCorrectByte(register: R15, fullValue: 65518, expectedHighByte: 255)" computerName="fv-az2210-123" duration="00:00:00.0000109" startTime="2025-06-06T19:28:33.5395014+00:00" endTime="2025-06-06T19:28:33.5396609+00:00" testType="13cdc9d9-ddb5-4fa4-a97d-d965ccfc6d4b" outcome="Passed" testListId="8c84fa94-04c1-424b-9868-57a2d4851a1d" relativeResultsDirectory="ebdf32ba-f1a3-44ca-83d2-6ed9200f7b7a" />
    <UnitTestResult executionId="7670bf98-a8a9-4881-8e91-4b6388bc9175" testId="8b135951-302b-966a-db2c-b2f0c28e665e" testName="MSP430.Emulator.Tests.Instructions.Logic.XorInstructionTests.ExtensionWordCount_VariousAddressingModes_ReturnsCorrectCount(sourceMode: Symbolic, destMode: Register, expectedCount: 1)" computerName="fv-az2210-123" duration="00:00:00.0003259" startTime="2025-06-06T19:28:33.1651368+00:00" endTime="2025-06-06T19:28:33.1652394+00:00" testType="13cdc9d9-ddb5-4fa4-a97d-d965ccfc6d4b" outcome="Passed" testListId="8c84fa94-04c1-424b-9868-57a2d4851a1d" relativeResultsDirectory="7670bf98-a8a9-4881-8e91-4b6388bc9175" />
    <UnitTestResult executionId="fdc90b00-d201-4a52-a2f3-85417e4ebb75" testId="8102a895-5ca9-ef73-b234-795724cb452a" testName="MSP430.Emulator.Tests.Memory.FlashMemoryTests.ProgramWord_WhenUnlocked_ReturnsTrue" computerName="fv-az2210-123" duration="00:00:00.0006514" startTime="2025-06-06T19:28:33.8007844+00:00" endTime="2025-06-06T19:28:33.8009070+00:00" testType="13cdc9d9-ddb5-4fa4-a97d-d965ccfc6d4b" outcome="Passed" testListId="8c84fa94-04c1-424b-9868-57a2d4851a1d" relativeResultsDirectory="fdc90b00-d201-4a52-a2f3-85417e4ebb75" />
    <UnitTestResult executionId="58b19d81-fb54-4cad-9e66-69b35034c9ef" testId="a2ba5975-03d4-675e-de3c-7b380fe728ee" testName="MSP430.Emulator.Tests.Core.EmulatorCoreTests.RemoveBreakpoint_NonExistentBreakpoint_ReturnsFalse" computerName="fv-az2210-123" duration="00:00:00.0031774" startTime="2025-06-06T19:28:33.4661376+00:00" endTime="2025-06-06T19:28:33.5027220+00:00" testType="13cdc9d9-ddb5-4fa4-a97d-d965ccfc6d4b" outcome="Passed" testListId="8c84fa94-04c1-424b-9868-57a2d4851a1d" relativeResultsDirectory="58b19d81-fb54-4cad-9e66-69b35034c9ef" />
    <UnitTestResult executionId="2b760371-9fdd-43b6-ae9d-a2e47c41a27b" testId="b054ac42-fcdd-58e5-5ec8-d833be7eba1d" testName="MSP430.Emulator.Tests.Instructions.Arithmetic.DecInstructionTests.Properties_DifferentRegisters_ReturnCorrectDestination(expected: R4, other: R5)" computerName="fv-az2210-123" duration="00:00:00.0002004" startTime="2025-06-06T19:28:33.7593900+00:00" endTime="2025-06-06T19:28:33.7595143+00:00" testType="13cdc9d9-ddb5-4fa4-a97d-d965ccfc6d4b" outcome="Passed" testListId="8c84fa94-04c1-424b-9868-57a2d4851a1d" relativeResultsDirectory="2b760371-9fdd-43b6-ae9d-a2e47c41a27b" />
    <UnitTestResult executionId="ebe7d7aa-60e7-4049-a6f2-3dfadf866506" testId="abfc896c-50c5-6500-7b26-f407dcb24ba3" testName="MSP430.Emulator.Tests.Instructions.Logic.XorInstructionTests.ToString_VariousAddressingModes_FormatsCorrectly(mode: Indexed, expectedOperand: &quot;X(R1)&quot;)" computerName="fv-az2210-123" duration="00:00:00.0000104" startTime="2025-06-06T19:28:33.0340221+00:00" endTime="2025-06-06T19:28:33.0341462+00:00" testType="13cdc9d9-ddb5-4fa4-a97d-d965ccfc6d4b" outcome="Passed" testListId="8c84fa94-04c1-424b-9868-57a2d4851a1d" relativeResultsDirectory="ebe7d7aa-60e7-4049-a6f2-3dfadf866506" />
    <UnitTestResult executionId="99f5e45b-c77d-43f2-866a-ecf4fa4eaccd" testId="0dcd4ea4-4190-8b12-fcbf-6c6b82066b4b" testName="MSP430.Emulator.Tests.Instructions.Logic.BisInstructionTests.DestinationRegister_AllRegisters_ReturnsCorrectRegister(register: CG1)" computerName="fv-az2210-123" duration="00:00:00.0002552" startTime="2025-06-06T19:28:33.7119459+00:00" endTime="2025-06-06T19:28:33.7120718+00:00" testType="13cdc9d9-ddb5-4fa4-a97d-d965ccfc6d4b" outcome="Passed" testListId="8c84fa94-04c1-424b-9868-57a2d4851a1d" relativeResultsDirectory="99f5e45b-c77d-43f2-866a-ecf4fa4eaccd" />
    <UnitTestResult executionId="f49d6a7a-aeb3-4e21-b49e-21734f828bb7" testId="f4430526-c08b-0b2d-b1e9-a617ea14f41a" testName="MSP430.Emulator.Tests.Memory.InformationMemoryTests.WriteByte_InvalidAddress_ThrowsArgumentOutOfRangeException(invalidAddress: 6656)" computerName="fv-az2210-123" duration="00:00:00.0009363" startTime="2025-06-06T19:28:33.3346334+00:00" endTime="2025-06-06T19:28:33.3391635+00:00" testType="13cdc9d9-ddb5-4fa4-a97d-d965ccfc6d4b" outcome="Passed" testListId="8c84fa94-04c1-424b-9868-57a2d4851a1d" relativeResultsDirectory="f49d6a7a-aeb3-4e21-b49e-21734f828bb7" />
    <UnitTestResult executionId="a1af95c0-4d81-4140-bcfc-32627c3fde2b" testId="31903402-7b68-145e-1d35-fe78463c3b60" testName="MSP430.Emulator.Tests.Cpu.StatusRegisterTests.Zero_GetSet_WorksCorrectly(value: 0, expectedZero: False)" computerName="fv-az2210-123" duration="00:00:00.0002335" startTime="2025-06-06T19:28:33.1274341+00:00" endTime="2025-06-06T19:28:33.1275528+00:00" testType="13cdc9d9-ddb5-4fa4-a97d-d965ccfc6d4b" outcome="Passed" testListId="8c84fa94-04c1-424b-9868-57a2d4851a1d" relativeResultsDirectory="a1af95c0-4d81-4140-bcfc-32627c3fde2b" />
    <UnitTestResult executionId="4d94db2a-f964-47ae-9e75-fb5342391ad9" testId="ab96ae41-4937-3699-4e83-8f9a1896e41c" testName="MSP430.Emulator.Tests.Core.ExecutionStateTests.IsValidTransition_ReturnsExpectedResult(from: Reset, to: Running, expected: True)" computerName="fv-az2210-123" duration="00:00:00.0000051" startTime="2025-06-06T19:28:33.7036883+00:00" endTime="2025-06-06T19:28:33.7038130+00:00" testType="13cdc9d9-ddb5-4fa4-a97d-d965ccfc6d4b" outcome="Passed" testListId="8c84fa94-04c1-424b-9868-57a2d4851a1d" relativeResultsDirectory="4d94db2a-f964-47ae-9e75-fb5342391ad9" />
    <UnitTestResult executionId="3170d618-413e-478c-9ed5-df68640ed8a5" testId="9c3a6376-6efc-2744-cf86-abae4838f817" testName="MSP430.Emulator.Tests.Configuration.EmulatorConfigTests.LoadFromJson_WithValidJson_ReturnsCorrectConfig" computerName="fv-az2210-123" duration="00:00:00.0153541" startTime="2025-06-06T19:28:33.5924077+00:00" endTime="2025-06-06T19:28:33.6069874+00:00" testType="13cdc9d9-ddb5-4fa4-a97d-d965ccfc6d4b" outcome="Passed" testListId="8c84fa94-04c1-424b-9868-57a2d4851a1d" relativeResultsDirectory="3170d618-413e-478c-9ed5-df68640ed8a5" />
    <UnitTestResult executionId="e51404fe-d3d3-4c5e-a6cc-ed1088783db7" testId="c3ce32f5-900d-d6e7-ad54-f22a57be1996" testName="MSP430.Emulator.Tests.Core.ExecutionStateTests.TransitionTo_InvalidTransition_ThrowsException" computerName="fv-az2210-123" duration="00:00:00.0014179" startTime="2025-06-06T19:28:33.7177780+00:00" endTime="2025-06-06T19:28:33.7214656+00:00" testType="13cdc9d9-ddb5-4fa4-a97d-d965ccfc6d4b" outcome="Passed" testListId="8c84fa94-04c1-424b-9868-57a2d4851a1d" relativeResultsDirectory="e51404fe-d3d3-4c5e-a6cc-ed1088783db7" />
    <UnitTestResult executionId="7e13aaca-9cbc-4237-91c8-dc050a11dab6" testId="2cb4197b-a284-6738-f516-058c18ca2182" testName="MSP430.Emulator.Tests.Core.EmulatorCoreTests.AddBreakpoint_DuplicateAddress_ReturnsFalse" computerName="fv-az2210-123" duration="00:00:00.0089962" startTime="2025-06-06T19:28:33.5329245+00:00" endTime="2025-06-06T19:28:33.5924993+00:00" testType="13cdc9d9-ddb5-4fa4-a97d-d965ccfc6d4b" outcome="Passed" testListId="8c84fa94-04c1-424b-9868-57a2d4851a1d" relativeResultsDirectory="7e13aaca-9cbc-4237-91c8-dc050a11dab6" />
    <UnitTestResult executionId="cdfc18ac-ee52-4db3-a0de-75f7242eea41" testId="065c3829-0f64-0b0f-ca02-a98a5b6cfe9f" testName="MSP430.Emulator.Tests.Instructions.Logic.XorInstructionTests.ToString_ByteOperation_IncludesByteModifier" computerName="fv-az2210-123" duration="00:00:00.0020900" startTime="2025-06-06T19:28:33.2229765+00:00" endTime="2025-06-06T19:28:33.2282571+00:00" testType="13cdc9d9-ddb5-4fa4-a97d-d965ccfc6d4b" outcome="Passed" testListId="8c84fa94-04c1-424b-9868-57a2d4851a1d" relativeResultsDirectory="cdfc18ac-ee52-4db3-a0de-75f7242eea41" />
    <UnitTestResult executionId="0e653559-cba3-4290-953b-17ed1052f8b9" testId="349d84ca-0d7f-bba7-bc86-9523483e87bc" testName="MSP430.Emulator.Tests.Core.EmulatorCoreTests.Reset_ResetsRegisterFileAndState" computerName="fv-az2210-123" duration="00:00:00.0110916" startTime="2025-06-06T19:28:33.4263208+00:00" endTime="2025-06-06T19:28:33.4645673+00:00" testType="13cdc9d9-ddb5-4fa4-a97d-d965ccfc6d4b" outcome="Passed" testListId="8c84fa94-04c1-424b-9868-57a2d4851a1d" relativeResultsDirectory="0e653559-cba3-4290-953b-17ed1052f8b9" />
    <UnitTestResult executionId="253027b1-06cf-48c3-bb84-30e887480236" testId="8ed4d15c-0b34-f5a0-ab46-84fa1cc96124" testName="MSP430.Emulator.Tests.Instructions.Arithmetic.IncInstructionTests.ToString_VariousAddressingModes_FormatsCorrectly(register: R0, mode: Symbolic, expectedOperand: &quot;ADDR&quot;)" computerName="fv-az2210-123" duration="00:00:00.0002861" startTime="2025-06-06T19:28:33.6445203+00:00" endTime="2025-06-06T19:28:33.6471242+00:00" testType="13cdc9d9-ddb5-4fa4-a97d-d965ccfc6d4b" outcome="Passed" testListId="8c84fa94-04c1-424b-9868-57a2d4851a1d" relativeResultsDirectory="253027b1-06cf-48c3-bb84-30e887480236" />
    <UnitTestResult executionId="20542830-d1f6-45be-a62c-18236f0dc3cf" testId="fc78fd1d-9057-a030-a62a-7523ad1f1938" testName="MSP430.Emulator.Tests.Core.EmulatorCoreTests.Run_WithNegativeDuration_ThrowsArgumentOutOfRangeException" computerName="fv-az2210-123" duration="00:00:00.0049534" startTime="2025-06-06T19:28:33.4190594+00:00" endTime="2025-06-06T19:28:33.4254310+00:00" testType="13cdc9d9-ddb5-4fa4-a97d-d965ccfc6d4b" outcome="Passed" testListId="8c84fa94-04c1-424b-9868-57a2d4851a1d" relativeResultsDirectory="20542830-d1f6-45be-a62c-18236f0dc3cf" />
    <UnitTestResult executionId="195fb209-da02-4209-a1a3-0f699042775b" testId="4021d893-cacb-1fd1-6b22-4eb0de26d6ef" testName="MSP430.Emulator.Tests.Instructions.Arithmetic.IncInstructionTests.ExtensionWordCount_VariousAddressingModes_ReturnsCorrectCount(destMode: Symbolic, expectedCount: 1)" computerName="fv-az2210-123" duration="00:00:00.0001386" startTime="2025-06-06T19:28:33.6183624+00:00" endTime="2025-06-06T19:28:33.6274096+00:00" testType="13cdc9d9-ddb5-4fa4-a97d-d965ccfc6d4b" outcome="Passed" testListId="8c84fa94-04c1-424b-9868-57a2d4851a1d" relativeResultsDirectory="195fb209-da02-4209-a1a3-0f699042775b" />
    <UnitTestResult executionId="d44659c8-611e-4782-ae6a-89bf870c8c84" testId="dcfd955b-f69a-5c4c-16a5-d910e3efab4e" testName="MSP430.Emulator.Tests.Memory.RandomAccessMemoryTests.IsRangeInBounds_VariousRanges_ReturnsExpectedResult(startAddress: 8192, length: -1, expected: False)" computerName="fv-az2210-123" duration="00:00:00.0003289" startTime="2025-06-06T19:28:33.8703835+00:00" endTime="2025-06-06T19:28:33.8704425+00:00" testType="13cdc9d9-ddb5-4fa4-a97d-d965ccfc6d4b" outcome="Passed" testListId="8c84fa94-04c1-424b-9868-57a2d4851a1d" relativeResultsDirectory="d44659c8-611e-4782-ae6a-89bf870c8c84" />
    <UnitTestResult executionId="b8a5d5ce-5739-4ce1-ba0a-65188f531c85" testId="7edfedc7-4744-1d6d-02ef-0447323d8d22" testName="MSP430.Emulator.Tests.Memory.FlashControllerTests.Update_PartialCycles_ReducesCyclesRemaining" computerName="fv-az2210-123" duration="00:00:00.0001797" startTime="2025-06-06T19:28:33.3372489+00:00" endTime="2025-06-06T19:28:33.3373657+00:00" testType="13cdc9d9-ddb5-4fa4-a97d-d965ccfc6d4b" outcome="Passed" testListId="8c84fa94-04c1-424b-9868-57a2d4851a1d" relativeResultsDirectory="b8a5d5ce-5739-4ce1-ba0a-65188f531c85" />
    <UnitTestResult executionId="92d1d2bd-0390-4f39-adf7-fdd47ca20256" testId="6dd2c670-6f41-0ae6-ffa6-d6c99fe9b924" testName="MSP430.Emulator.Tests.Cpu.StatusRegisterTests.UpdateFlags_VariousScenarios_UpdatesCorrectly(result: 32768, updateCarry: False, updateOverflow: False)" computerName="fv-az2210-123" duration="00:00:00.0000089" startTime="2025-06-06T19:28:33.1351453+00:00" endTime="2025-06-06T19:28:33.1352552+00:00" testType="13cdc9d9-ddb5-4fa4-a97d-d965ccfc6d4b" outcome="Passed" testListId="8c84fa94-04c1-424b-9868-57a2d4851a1d" relativeResultsDirectory="92d1d2bd-0390-4f39-adf7-fdd47ca20256" />
    <UnitTestResult executionId="a247a7e0-ec48-4a13-acc6-4057d117f0df" testId="6576ef23-512b-bc65-6683-a49c70d0c462" testName="MSP430.Emulator.Tests.Instructions.Logic.BitInstructionTests.SourceRegister_AllRegisters_ReturnsCorrectRegister(register: R4)" computerName="fv-az2210-123" duration="00:00:00.0000043" startTime="2025-06-06T19:28:33.5649970+00:00" endTime="2025-06-06T19:28:33.5650774+00:00" testType="13cdc9d9-ddb5-4fa4-a97d-d965ccfc6d4b" outcome="Passed" testListId="8c84fa94-04c1-424b-9868-57a2d4851a1d" relativeResultsDirectory="a247a7e0-ec48-4a13-acc6-4057d117f0df" />
    <UnitTestResult executionId="a43e0a50-47a5-4661-b077-e834eae9cdae" testId="9b4841fc-9b14-e15f-a8fe-4777e30fa42b" testName="MSP430.Emulator.Tests.Diagnostics.DiagnosticLoggerTests.GetRecentEntries_WithMaxEntries_ShouldLimitResults" computerName="fv-az2210-123" duration="00:00:00.0012179" startTime="2025-06-06T19:28:30.9024723+00:00" endTime="2025-06-06T19:28:30.9025864+00:00" testType="13cdc9d9-ddb5-4fa4-a97d-d965ccfc6d4b" outcome="Passed" testListId="8c84fa94-04c1-424b-9868-57a2d4851a1d" relativeResultsDirectory="a43e0a50-47a5-4661-b077-e834eae9cdae" />
    <UnitTestResult executionId="352079f0-ef2d-450e-b069-98be273f2c18" testId="1ff5affc-d717-0b51-6b8e-4d040da48673" testName="MSP430.Emulator.Tests.Instructions.AddressingModeDecoderTests.DecodeSourceAddressingMode_InvalidAsBits_ReturnsInvalid" computerName="fv-az2210-123" duration="00:00:00.0085973" startTime="2025-06-06T19:28:33.4170364+00:00" endTime="2025-06-06T19:28:33.4233295+00:00" testType="13cdc9d9-ddb5-4fa4-a97d-d965ccfc6d4b" outcome="Passed" testListId="8c84fa94-04c1-424b-9868-57a2d4851a1d" relativeResultsDirectory="352079f0-ef2d-450e-b069-98be273f2c18" />
    <UnitTestResult executionId="3286535a-babf-412a-847f-f523d2319285" testId="ee83a0ce-8d37-419e-40b8-865961c6bc03" testName="MSP430.Emulator.Tests.Cpu.RegisterFileTests.WriteRegister_ProgramCounter_WordAligns" computerName="fv-az2210-123" duration="00:00:00.0001209" startTime="2025-06-06T19:28:33.5843586+00:00" endTime="2025-06-06T19:28:33.5860417+00:00" testType="13cdc9d9-ddb5-4fa4-a97d-d965ccfc6d4b" outcome="Passed" testListId="8c84fa94-04c1-424b-9868-57a2d4851a1d" relativeResultsDirectory="3286535a-babf-412a-847f-f523d2319285" />
    <UnitTestResult executionId="edc787fe-85eb-49d5-bca9-fab19b211c3e" testId="8789f952-9156-c7c1-201c-9c27d03c836b" testName="MSP430.Emulator.Tests.Cpu.RegisterFileTests.ReadRegister_ValidRegister_ReturnsZeroAfterReset(register: R10)" computerName="fv-az2210-123" duration="00:00:00.0000096" startTime="2025-06-06T19:28:33.5009639+00:00" endTime="2025-06-06T19:28:33.5017387+00:00" testType="13cdc9d9-ddb5-4fa4-a97d-d965ccfc6d4b" outcome="Passed" testListId="8c84fa94-04c1-424b-9868-57a2d4851a1d" relativeResultsDirectory="edc787fe-85eb-49d5-bca9-fab19b211c3e" />
    <UnitTestResult executionId="02502904-ea9e-42e0-920c-50bf5593485b" testId="9f2c44e6-ab5a-6654-6620-e15ae9d52fc0" testName="MSP430.Emulator.Tests.Instructions.Logic.BisInstructionTests.ExtensionWordCount_VariousAddressingModes_ReturnsCorrectCount(sourceMode: Absolute, destMode: Register, expectedCount: 1)" computerName="fv-az2210-123" duration="00:00:00.0000076" startTime="2025-06-06T19:28:33.7276844+00:00" endTime="2025-06-06T19:28:33.7277560+00:00" testType="13cdc9d9-ddb5-4fa4-a97d-d965ccfc6d4b" outcome="Passed" testListId="8c84fa94-04c1-424b-9868-57a2d4851a1d" relativeResultsDirectory="02502904-ea9e-42e0-920c-50bf5593485b" />
    <UnitTestResult executionId="d05181bf-cd60-415d-8fb7-88caf3fe0498" testId="c540d988-04bd-8f70-1ac3-1051d6077610" testName="MSP430.Emulator.Tests.Memory.RandomAccessMemoryTests.Initialize_WithPattern_SetsAllBytesToPattern(pattern: 0)" computerName="fv-az2210-123" duration="00:00:00.0003102" startTime="2025-06-06T19:28:33.8823492+00:00" endTime="2025-06-06T19:28:33.8823886+00:00" testType="13cdc9d9-ddb5-4fa4-a97d-d965ccfc6d4b" outcome="Passed" testListId="8c84fa94-04c1-424b-9868-57a2d4851a1d" relativeResultsDirectory="d05181bf-cd60-415d-8fb7-88caf3fe0498" />
    <UnitTestResult executionId="3f30736f-eb97-492c-9a35-31bf2e6e107e" testId="f4c7431e-a558-3c29-2d79-074972396e2f" testName="MSP430.Emulator.Tests.Instructions.Arithmetic.IncInstructionTests.Execute_ZeroValue_SetsZeroFlag" computerName="fv-az2210-123" duration="00:00:00.0002078" startTime="2025-06-06T19:28:33.6540358+00:00" endTime="2025-06-06T19:28:33.6543724+00:00" testType="13cdc9d9-ddb5-4fa4-a97d-d965ccfc6d4b" outcome="Passed" testListId="8c84fa94-04c1-424b-9868-57a2d4851a1d" relativeResultsDirectory="3f30736f-eb97-492c-9a35-31bf2e6e107e" />
    <UnitTestResult executionId="aaf7bc07-444b-47f3-9959-6bb170041049" testId="49e2083d-231d-156f-83cf-54c5c35a4668" testName="MSP430.Emulator.Tests.Core.ExecutionStateTests.CanExecute_ReturnsExpectedResult(state: Error, expected: False)" computerName="fv-az2210-123" duration="00:00:00.0000076" startTime="2025-06-06T19:28:33.6764944+00:00" endTime="2025-06-06T19:28:33.6766085+00:00" testType="13cdc9d9-ddb5-4fa4-a97d-d965ccfc6d4b" outcome="Passed" testListId="8c84fa94-04c1-424b-9868-57a2d4851a1d" relativeResultsDirectory="aaf7bc07-444b-47f3-9959-6bb170041049" />
    <UnitTestResult executionId="e8274d46-edbc-4508-8c3f-d6cd1d33ddd9" testId="6e797d03-9910-84d6-18b8-751731f13a15" testName="MSP430.Emulator.Tests.Instructions.Arithmetic.AddInstructionTests.ExtensionWordCount_VariousAddressingModes_ReturnsCorrectCount(sourceMode: Register, destMode: Register, expectedCount: 0)" computerName="fv-az2210-123" duration="00:00:00.0000040" startTime="2025-06-06T19:28:33.8505254+00:00" endTime="2025-06-06T19:28:33.8505738+00:00" testType="13cdc9d9-ddb5-4fa4-a97d-d965ccfc6d4b" outcome="Passed" testListId="8c84fa94-04c1-424b-9868-57a2d4851a1d" relativeResultsDirectory="e8274d46-edbc-4508-8c3f-d6cd1d33ddd9" />
    <UnitTestResult executionId="9d597dd1-3334-439c-9ea0-8a258e4744eb" testId="9799bee2-19f7-d8d3-144d-ac47f5b0cac1" testName="MSP430.Emulator.Tests.Core.ExecutionStateTests.CanResume_ReturnsExpectedResult(state: Stopped, expected: True)" computerName="fv-az2210-123" duration="00:00:00.0000101" startTime="2025-06-06T19:28:33.7150135+00:00" endTime="2025-06-06T19:28:33.7150817+00:00" testType="13cdc9d9-ddb5-4fa4-a97d-d965ccfc6d4b" outcome="Passed" testListId="8c84fa94-04c1-424b-9868-57a2d4851a1d" relativeResultsDirectory="9d597dd1-3334-439c-9ea0-8a258e4744eb" />
    <UnitTestResult executionId="ea638fbd-fff3-4536-9231-7a52eef0901e" testId="7fba25fb-4df4-d68d-b617-8d5270e84cff" testName="MSP430.Emulator.Tests.Instructions.Arithmetic.AddInstructionTests.Constructor_ValidParameters_CreatesInstruction" computerName="fv-az2210-123" duration="00:00:00.0003352" startTime="2025-06-06T19:28:33.8587751+00:00" endTime="2025-06-06T19:28:33.8588586+00:00" testType="13cdc9d9-ddb5-4fa4-a97d-d965ccfc6d4b" outcome="Passed" testListId="8c84fa94-04c1-424b-9868-57a2d4851a1d" relativeResultsDirectory="ea638fbd-fff3-4536-9231-7a52eef0901e" />
    <UnitTestResult executionId="73f49c1f-c85e-45bb-ac14-aa60a982b5c1" testId="52bf4655-94ea-36c5-8382-4b32e5553602" testName="MSP430.Emulator.Tests.Instructions.Logic.BisInstructionTests.DestinationRegister_AllRegisters_ReturnsCorrectRegister(register: R1)" computerName="fv-az2210-123" duration="00:00:00.0000166" startTime="2025-06-06T19:28:33.7185991+00:00" endTime="2025-06-06T19:28:33.7186689+00:00" testType="13cdc9d9-ddb5-4fa4-a97d-d965ccfc6d4b" outcome="Passed" testListId="8c84fa94-04c1-424b-9868-57a2d4851a1d" relativeResultsDirectory="73f49c1f-c85e-45bb-ac14-aa60a982b5c1" />
    <UnitTestResult executionId="2069373e-bbed-4f26-b8b2-b942e891d490" testId="e32a8d39-efd8-6a02-f1ab-41d0e213d90a" testName="MSP430.Emulator.Tests.Instructions.Logic.BitInstructionTests.ToString_VariousAddressingModes_FormatsCorrectly(mode: Absolute, expectedOperand: &quot;&amp;ADDR&quot;)" computerName="fv-az2210-123" duration="00:00:00.0000108" startTime="2025-06-06T19:28:33.5236853+00:00" endTime="2025-06-06T19:28:33.5237663+00:00" testType="13cdc9d9-ddb5-4fa4-a97d-d965ccfc6d4b" outcome="Passed" testListId="8c84fa94-04c1-424b-9868-57a2d4851a1d" relativeResultsDirectory="2069373e-bbed-4f26-b8b2-b942e891d490" />
    <UnitTestResult executionId="e4f560a1-5600-4c31-b9ce-91f207b7a190" testId="e2c16f8a-b898-187c-9fb5-a87f8b3e751f" testName="MSP430.Emulator.Tests.Instructions.Logic.XorInstructionTests.SourceRegister_AllRegisters_ReturnsCorrectRegister(register: R0)" computerName="fv-az2210-123" duration="00:00:00.0000105" startTime="2025-06-06T19:28:33.2194637+00:00" endTime="2025-06-06T19:28:33.2195669+00:00" testType="13cdc9d9-ddb5-4fa4-a97d-d965ccfc6d4b" outcome="Passed" testListId="8c84fa94-04c1-424b-9868-57a2d4851a1d" relativeResultsDirectory="e4f560a1-5600-4c31-b9ce-91f207b7a190" />
    <UnitTestResult executionId="2b4ac525-d81c-40c3-8f3e-a25bc1b0a7ae" testId="0166fd06-6f6e-8e31-11eb-f5bce7c0c724" testName="MSP430.Emulator.Tests.Instructions.Arithmetic.SubInstructionTests.AddressingModes_AllSupportedModes_ReturnCorrectValues(mode: Register)" computerName="fv-az2210-123" duration="00:00:00.0000274" startTime="2025-06-06T19:28:33.6260276+00:00" endTime="2025-06-06T19:28:33.6261592+00:00" testType="13cdc9d9-ddb5-4fa4-a97d-d965ccfc6d4b" outcome="Passed" testListId="8c84fa94-04c1-424b-9868-57a2d4851a1d" relativeResultsDirectory="2b4ac525-d81c-40c3-8f3e-a25bc1b0a7ae" />
    <UnitTestResult executionId="70490bcc-7b13-4c3b-b67e-1596a8b0c4fb" testId="7e1db0b9-b84e-6486-c88c-faebb87a8b1b" testName="MSP430.Emulator.Tests.Cpu.StatusRegisterTests.Carry_GetSet_WorksCorrectly(value: 0, expectedCarry: False)" computerName="fv-az2210-123" duration="00:00:00.0000096" startTime="2025-06-06T19:28:33.0511699+00:00" endTime="2025-06-06T19:28:33.0513203+00:00" testType="13cdc9d9-ddb5-4fa4-a97d-d965ccfc6d4b" outcome="Passed" testListId="8c84fa94-04c1-424b-9868-57a2d4851a1d" relativeResultsDirectory="70490bcc-7b13-4c3b-b67e-1596a8b0c4fb" />
    <UnitTestResult executionId="3d25e941-86d7-4200-95de-26bf92a2402e" testId="18fc4f74-de19-7941-0a90-78da678f54ee" testName="MSP430.Emulator.Tests.Instructions.Arithmetic.DecInstructionTests.Properties_VariousRegisters_ReturnCorrectValues(dest: R0)" computerName="fv-az2210-123" duration="00:00:00.0002335" startTime="2025-06-06T19:28:33.7531207+00:00" endTime="2025-06-06T19:28:33.7532124+00:00" testType="13cdc9d9-ddb5-4fa4-a97d-d965ccfc6d4b" outcome="Passed" testListId="8c84fa94-04c1-424b-9868-57a2d4851a1d" relativeResultsDirectory="3d25e941-86d7-4200-95de-26bf92a2402e" />
    <UnitTestResult executionId="155d7ff5-bbd3-42e9-8e74-59dffc3b08b3" testId="c0487e94-4d19-611f-c761-eda66c92ed76" testName="MSP430.Emulator.Tests.Instructions.Arithmetic.AddInstructionTests.ExtensionWordCount_VariousAddressingModes_ReturnsCorrectCount(sourceMode: Symbolic, destMode: Register, expectedCount: 1)" computerName="fv-az2210-123" duration="00:00:00.0001293" startTime="2025-06-06T19:28:33.8441135+00:00" endTime="2025-06-06T19:28:33.8442093+00:00" testType="13cdc9d9-ddb5-4fa4-a97d-d965ccfc6d4b" outcome="Passed" testListId="8c84fa94-04c1-424b-9868-57a2d4851a1d" relativeResultsDirectory="155d7ff5-bbd3-42e9-8e74-59dffc3b08b3" />
    <UnitTestResult executionId="94ed0356-31d1-4d8a-8a04-0f4021596e57" testId="8b919def-4497-0049-ff96-1fff641cf68f" testName="MSP430.Emulator.Tests.Memory.MemoryControllerTests.Constructor_NullInformationMemory_ThrowsArgumentNullException" computerName="fv-az2210-123" duration="00:00:00.0034926" startTime="2025-06-06T19:28:33.9023337+00:00" endTime="2025-06-06T19:28:33.9024124+00:00" testType="13cdc9d9-ddb5-4fa4-a97d-d965ccfc6d4b" outcome="Passed" testListId="8c84fa94-04c1-424b-9868-57a2d4851a1d" relativeResultsDirectory="94ed0356-31d1-4d8a-8a04-0f4021596e57" />
    <UnitTestResult executionId="a22b19d8-332c-47cc-bdfa-60d50f69adbf" testId="722280ab-5fa7-43a4-e3b2-cdab43e15412" testName="MSP430.Emulator.Tests.Instructions.Arithmetic.SubInstructionTests.ExtensionWordCount_VariousAddressingModes_ReturnsCorrectCount(sourceMode: Register, destMode: Register, expectedCount: 0)" computerName="fv-az2210-123" duration="00:00:00.0000043" startTime="2025-06-06T19:28:33.6373796+00:00" endTime="2025-06-06T19:28:33.6374552+00:00" testType="13cdc9d9-ddb5-4fa4-a97d-d965ccfc6d4b" outcome="Passed" testListId="8c84fa94-04c1-424b-9868-57a2d4851a1d" relativeResultsDirectory="a22b19d8-332c-47cc-bdfa-60d50f69adbf" />
    <UnitTestResult executionId="c1c069c4-71ef-4ba1-9fe1-27ad4d6175c3" testId="62d642e4-544a-9a1d-6ec8-753b88ee1266" testName="MSP430.Emulator.Tests.Instructions.Logic.BitInstructionTests.DestinationRegister_AllRegisters_ReturnsCorrectRegister(register: CG1)" computerName="fv-az2210-123" duration="00:00:00.0000058" startTime="2025-06-06T19:28:33.5585137+00:00" endTime="2025-06-06T19:28:33.5585934+00:00" testType="13cdc9d9-ddb5-4fa4-a97d-d965ccfc6d4b" outcome="Passed" testListId="8c84fa94-04c1-424b-9868-57a2d4851a1d" relativeResultsDirectory="c1c069c4-71ef-4ba1-9fe1-27ad4d6175c3" />
    <UnitTestResult executionId="686ada56-0a55-4cb7-a097-c80d5eaf47d7" testId="6e715196-0e1f-eb7a-c480-77e6456d262a" testName="MSP430.Emulator.Tests.Instructions.AddressingModeDecoderTests.DecodeSourceAddressingMode_R0_ReturnsCorrectMode(asBits: 1, expected: Symbolic)" computerName="fv-az2210-123" duration="00:00:00.0001287" startTime="2025-06-06T19:28:33.4527541+00:00" endTime="2025-06-06T19:28:33.4532553+00:00" testType="13cdc9d9-ddb5-4fa4-a97d-d965ccfc6d4b" outcome="Passed" testListId="8c84fa94-04c1-424b-9868-57a2d4851a1d" relativeResultsDirectory="686ada56-0a55-4cb7-a097-c80d5eaf47d7" />
    <UnitTestResult executionId="6234ede7-090d-4d72-8d27-1edb285792ce" testId="7cf6cec2-50a8-db4c-03c3-c720a1fcb7fe" testName="MSP430.Emulator.Tests.Cpu.RegisterFileTests.Constructor_WithLogger_CreatesRegisterFile" computerName="fv-az2210-123" duration="00:00:00.0000944" startTime="2025-06-06T19:28:33.5971563+00:00" endTime="2025-06-06T19:28:33.5972331+00:00" testType="13cdc9d9-ddb5-4fa4-a97d-d965ccfc6d4b" outcome="Passed" testListId="8c84fa94-04c1-424b-9868-57a2d4851a1d" relativeResultsDirectory="6234ede7-090d-4d72-8d27-1edb285792ce" />
    <UnitTestResult executionId="fa80d030-2f29-4780-a9f2-3b9b65ee268c" testId="57b386ac-30ef-f5b7-42e3-23179c49f448" testName="MSP430.Emulator.Tests.Memory.RandomAccessMemoryTests.Constructor_ValidSizes_CreatesMemory(validSize: 4096)" computerName="fv-az2210-123" duration="00:00:00.0000127" startTime="2025-06-06T19:28:33.8663432+00:00" endTime="2025-06-06T19:28:33.8664022+00:00" testType="13cdc9d9-ddb5-4fa4-a97d-d965ccfc6d4b" outcome="Passed" testListId="8c84fa94-04c1-424b-9868-57a2d4851a1d" relativeResultsDirectory="fa80d030-2f29-4780-a9f2-3b9b65ee268c" />
    <UnitTestResult executionId="6f554525-ab79-498b-8249-7945fdbd6d57" testId="7261ad86-c25c-bd4b-4c2d-84d96372c84b" testName="MSP430.Emulator.Tests.Instructions.AddressingModeDecoderTests.DecodeSourceAddressingMode_R2_ReturnsCorrectMode(asBits: 3, expected: IndirectAutoIncrement)" computerName="fv-az2210-123" duration="00:00:00.0000088" startTime="2025-06-06T19:28:33.5143408+00:00" endTime="2025-06-06T19:28:33.5144200+00:00" testType="13cdc9d9-ddb5-4fa4-a97d-d965ccfc6d4b" outcome="Passed" testListId="8c84fa94-04c1-424b-9868-57a2d4851a1d" relativeResultsDirectory="6f554525-ab79-498b-8249-7945fdbd6d57" />
    <UnitTestResult executionId="2948fe66-1de8-492e-95e3-e69668b49c4f" testId="b44f00f6-0e25-1216-db6a-b609068cc23c" testName="MSP430.Emulator.Tests.Memory.MemoryControllerTests.Reset_ClearsAllMemoryAndStatistics" computerName="fv-az2210-123" duration="00:00:00.0065713" startTime="2025-06-06T19:28:33.9017864+00:00" endTime="2025-06-06T19:28:33.9018273+00:00" testType="13cdc9d9-ddb5-4fa4-a97d-d965ccfc6d4b" outcome="Passed" testListId="8c84fa94-04c1-424b-9868-57a2d4851a1d" relativeResultsDirectory="2948fe66-1de8-492e-95e3-e69668b49c4f" />
    <UnitTestResult executionId="2f40d8dc-0013-4b49-8c5b-37957b48fb81" testId="59be2a3b-59e6-11d5-d751-9dc580897ea4" testName="MSP430.Emulator.Tests.Instructions.Logic.AndInstructionTests.ToString_VariousAddressingModes_FormatsCorrectly(mode: Indexed, expectedOperand: &quot;X(R1)&quot;)" computerName="fv-az2210-123" duration="00:00:00.0000077" startTime="2025-06-06T19:28:33.6891873+00:00" endTime="2025-06-06T19:28:33.6892597+00:00" testType="13cdc9d9-ddb5-4fa4-a97d-d965ccfc6d4b" outcome="Passed" testListId="8c84fa94-04c1-424b-9868-57a2d4851a1d" relativeResultsDirectory="2f40d8dc-0013-4b49-8c5b-37957b48fb81" />
    <UnitTestResult executionId="7f631bc1-342e-4ab2-a8c9-b9528f751991" testId="631bcc84-2bb9-69fc-ad45-186941febddb" testName="MSP430.Emulator.Tests.Cpu.StatusRegisterTests.FlagOperations_PreserveOtherBits(initialValue: 7)" computerName="fv-az2210-123" duration="00:00:00.0001876" startTime="2025-06-06T19:28:33.0760333+00:00" endTime="2025-06-06T19:28:33.0766315+00:00" testType="13cdc9d9-ddb5-4fa4-a97d-d965ccfc6d4b" outcome="Passed" testListId="8c84fa94-04c1-424b-9868-57a2d4851a1d" relativeResultsDirectory="7f631bc1-342e-4ab2-a8c9-b9528f751991" />
    <UnitTestResult executionId="dbce2d86-4cf3-41b8-96df-337978a67b60" testId="cc56e3a8-639c-1ff4-d5e6-c9b835827e26" testName="MSP430.Emulator.Tests.Memory.MemorySystemIntegrationTests.MemorySystem_RegionDescriptions_AreCorrect(address: 6224, expectedDescription: &quot;Information Memory FRAM&quot;)" computerName="fv-az2210-123" duration="00:00:00.0164324" startTime="2025-06-06T19:28:33.5998172+00:00" endTime="2025-06-06T19:28:33.6211749+00:00" testType="13cdc9d9-ddb5-4fa4-a97d-d965ccfc6d4b" outcome="Passed" testListId="8c84fa94-04c1-424b-9868-57a2d4851a1d" relativeResultsDirectory="dbce2d86-4cf3-41b8-96df-337978a67b60" />
    <UnitTestResult executionId="b2a58473-b808-4547-8976-174950d5dd1b" testId="3a2e278d-56f8-cb50-f95e-7534589df995" testName="MSP430.Emulator.Tests.Cpu.StatusRegisterTests.SystemClockGenerator0_GetSet_WorksCorrectly(value: 0, expected: False)" computerName="fv-az2210-123" duration="00:00:00.0002929" startTime="2025-06-06T19:28:33.0540181+00:00" endTime="2025-06-06T19:28:33.0541696+00:00" testType="13cdc9d9-ddb5-4fa4-a97d-d965ccfc6d4b" outcome="Passed" testListId="8c84fa94-04c1-424b-9868-57a2d4851a1d" relativeResultsDirectory="b2a58473-b808-4547-8976-174950d5dd1b" />
    <UnitTestResult executionId="ae30bad6-c144-4c74-a873-721ebf3f9214" testId="24e9343d-63cb-b719-3e41-936205ab37d4" testName="MSP430.Emulator.Tests.Instructions.InstructionDecoderTests.ExtractOpcode_FormatIII_ReturnsCorrectOpcode(format: FormatIII, instructionWord: 9216, expected: 1)" computerName="fv-az2210-123" duration="00:00:00.0000050" startTime="2025-06-06T19:28:33.8200748+00:00" endTime="2025-06-06T19:28:33.8201672+00:00" testType="13cdc9d9-ddb5-4fa4-a97d-d965ccfc6d4b" outcome="Passed" testListId="8c84fa94-04c1-424b-9868-57a2d4851a1d" relativeResultsDirectory="ae30bad6-c144-4c74-a873-721ebf3f9214" />
    <UnitTestResult executionId="bf57dced-bb80-4b88-8bb4-811b9e01591f" testId="74360b7c-7696-5c84-b47b-bc86d49726f7" testName="MSP430.Emulator.Tests.Instructions.AddressingModeDecoderTests.DecodeSourceAddressingMode_R2_ReturnsCorrectMode(asBits: 0, expected: Register)" computerName="fv-az2210-123" duration="00:00:00.0001372" startTime="2025-06-06T19:28:33.5121036+00:00" endTime="2025-06-06T19:28:33.5122460+00:00" testType="13cdc9d9-ddb5-4fa4-a97d-d965ccfc6d4b" outcome="Passed" testListId="8c84fa94-04c1-424b-9868-57a2d4851a1d" relativeResultsDirectory="bf57dced-bb80-4b88-8bb4-811b9e01591f" />
    <UnitTestResult executionId="86c9b4ba-d161-42a5-a2dd-c190238d34a3" testId="14a86b78-05b4-6488-0499-2a3ee46090ea" testName="MSP430.Emulator.Tests.Memory.MemoryControllerTests.WriteWord_UnalignedAddress_ThrowsArgumentException(address: 6145)" computerName="fv-az2210-123" duration="00:00:00.0034520" startTime="2025-06-06T19:28:33.9189587+00:00" endTime="2025-06-06T19:28:33.9189999+00:00" testType="13cdc9d9-ddb5-4fa4-a97d-d965ccfc6d4b" outcome="Passed" testListId="8c84fa94-04c1-424b-9868-57a2d4851a1d" relativeResultsDirectory="86c9b4ba-d161-42a5-a2dd-c190238d34a3" />
    <UnitTestResult executionId="04c8beca-cad1-41b0-99ea-67893fe827cf" testId="ad9377ae-71cf-430b-93ce-a64d686291b6" testName="MSP430.Emulator.Tests.Instructions.Arithmetic.DecInstructionTests.Constructor_ValidParameters_CreatesInstruction" computerName="fv-az2210-123" duration="00:00:00.0003232" startTime="2025-06-06T19:28:33.7618018+00:00" endTime="2025-06-06T19:28:33.7618917+00:00" testType="13cdc9d9-ddb5-4fa4-a97d-d965ccfc6d4b" outcome="Passed" testListId="8c84fa94-04c1-424b-9868-57a2d4851a1d" relativeResultsDirectory="04c8beca-cad1-41b0-99ea-67893fe827cf" />
    <UnitTestResult executionId="dc772081-823f-479e-ac51-02165c96e203" testId="c40a38ee-0007-95a5-dd95-e0d23a630e5f" testName="MSP430.Emulator.Tests.Memory.InformationMemoryTests.IsRangeInBounds_VariousRanges_ReturnsExpectedResult(startAddress: 6144, length: 1, expected: True)" computerName="fv-az2210-123" duration="00:00:00.0005657" startTime="2025-06-06T19:28:33.2952313+00:00" endTime="2025-06-06T19:28:33.2965559+00:00" testType="13cdc9d9-ddb5-4fa4-a97d-d965ccfc6d4b" outcome="Passed" testListId="8c84fa94-04c1-424b-9868-57a2d4851a1d" relativeResultsDirectory="dc772081-823f-479e-ac51-02165c96e203" />
    <UnitTestResult executionId="1b0aa7e9-b43b-4e2a-9d6d-7a7fde6f5486" testId="ed75c0c1-4448-7c51-36f2-1ea6dca14d28" testName="MSP430.Emulator.Tests.Cpu.StatusRegisterTests.UpdateFlagsAfterAddition_WordOperation_SetsCorrectFlags(operand1: 32768, operand2: 4096, result: 36864, isByteOp: False, expectedZero: False, expectedNegative: True, expectedCarry: False, expectedOverflow: False)" computerName="fv-az2210-123" duration="00:00:00.0000067" startTime="2025-06-06T19:28:33.0118131+00:00" endTime="2025-06-06T19:28:33.0119332+00:00" testType="13cdc9d9-ddb5-4fa4-a97d-d965ccfc6d4b" outcome="Passed" testListId="8c84fa94-04c1-424b-9868-57a2d4851a1d" relativeResultsDirectory="1b0aa7e9-b43b-4e2a-9d6d-7a7fde6f5486" />
    <UnitTestResult executionId="3ab21da0-6c87-4b26-9b2c-07f7d232668d" testId="ef66eac2-f765-d5f4-9898-9f25322b82ca" testName="MSP430.Emulator.Tests.Memory.InformationMemoryTests.IsRangeInBounds_VariousRanges_ReturnsExpectedResult(startAddress: 6144, length: -1, expected: False)" computerName="fv-az2210-123" duration="00:00:00.0000144" startTime="2025-06-06T19:28:33.2989875+00:00" endTime="2025-06-06T19:28:33.2991044+00:00" testType="13cdc9d9-ddb5-4fa4-a97d-d965ccfc6d4b" outcome="Passed" testListId="8c84fa94-04c1-424b-9868-57a2d4851a1d" relativeResultsDirectory="3ab21da0-6c87-4b26-9b2c-07f7d232668d" />
    <UnitTestResult executionId="93f2821d-f26f-4350-a2c0-659a3ee2c48a" testId="c930a0f7-0878-16d5-a278-2dab6901ef5f" testName="MSP430.Emulator.Tests.Memory.RandomAccessMemoryTests.Initialize_WithPattern_SetsAllBytesToPattern(pattern: 255)" computerName="fv-az2210-123" duration="00:00:00.0000183" startTime="2025-06-06T19:28:33.8827744+00:00" endTime="2025-06-06T19:28:33.8828158+00:00" testType="13cdc9d9-ddb5-4fa4-a97d-d965ccfc6d4b" outcome="Passed" testListId="8c84fa94-04c1-424b-9868-57a2d4851a1d" relativeResultsDirectory="93f2821d-f26f-4350-a2c0-659a3ee2c48a" />
    <UnitTestResult executionId="818c3af5-9dde-4429-9bf2-625419fe95fc" testId="1a01c10f-02a3-74c1-1b25-3181beacdc26" testName="MSP430.Emulator.Tests.Core.EmulatorCoreTests.Run_WithZeroInstructions_ThrowsArgumentOutOfRangeException" computerName="fv-az2210-123" duration="00:00:00.0103714" startTime="2025-06-06T19:28:33.4138593+00:00" endTime="2025-06-06T19:28:33.4171817+00:00" testType="13cdc9d9-ddb5-4fa4-a97d-d965ccfc6d4b" outcome="Passed" testListId="8c84fa94-04c1-424b-9868-57a2d4851a1d" relativeResultsDirectory="818c3af5-9dde-4429-9bf2-625419fe95fc" />
    <UnitTestResult executionId="9d9674d2-8402-4efd-9e3c-4e8fb5986660" testId="3a8b0b8d-5d4e-24cf-2fad-c53611271c65" testName="MSP430.Emulator.Tests.Memory.RandomAccessMemoryTests.WriteWord_LastValidEvenAddressOutOfBounds_ThrowsArgumentOutOfRangeException" computerName="fv-az2210-123" duration="00:00:00.0010228" startTime="2025-06-06T19:28:33.8770560+00:00" endTime="2025-06-06T19:28:33.8771074+00:00" testType="13cdc9d9-ddb5-4fa4-a97d-d965ccfc6d4b" outcome="Passed" testListId="8c84fa94-04c1-424b-9868-57a2d4851a1d" relativeResultsDirectory="9d9674d2-8402-4efd-9e3c-4e8fb5986660" />
    <UnitTestResult executionId="7f6bd275-f661-405b-8c83-a3be88d124db" testId="414cd0ec-033c-a02e-1355-67f96caf8f3b" testName="MSP430.Emulator.Tests.Instructions.Logic.BisInstructionTests.ExtensionWordCount_VariousAddressingModes_ReturnsCorrectCount(sourceMode: Register, destMode: Symbolic, expectedCount: 1)" computerName="fv-az2210-123" duration="00:00:00.0003033" startTime="2025-06-06T19:28:33.7213919+00:00" endTime="2025-06-06T19:28:33.7219697+00:00" testType="13cdc9d9-ddb5-4fa4-a97d-d965ccfc6d4b" outcome="Passed" testListId="8c84fa94-04c1-424b-9868-57a2d4851a1d" relativeResultsDirectory="7f6bd275-f661-405b-8c83-a3be88d124db" />
    <UnitTestResult executionId="e39e7527-7e1e-41cb-9f11-1263940363d0" testId="6a116eea-426d-cfc8-92c2-67b7824f7f05" testName="MSP430.Emulator.Tests.Instructions.Arithmetic.SubInstructionTests.ExtensionWordCount_VariousAddressingModes_ReturnsCorrectCount(sourceMode: Register, destMode: Indexed, expectedCount: 1)" computerName="fv-az2210-123" duration="00:00:00.0002958" startTime="2025-06-06T19:28:33.6336797+00:00" endTime="2025-06-06T19:28:33.6337549+00:00" testType="13cdc9d9-ddb5-4fa4-a97d-d965ccfc6d4b" outcome="Passed" testListId="8c84fa94-04c1-424b-9868-57a2d4851a1d" relativeResultsDirectory="e39e7527-7e1e-41cb-9f11-1263940363d0" />
    <UnitTestResult executionId="c2ca8025-12c0-4366-a17e-e38e6da42194" testId="a2870c33-e2cb-a259-0150-3e6a3a224844" testName="MSP430.Emulator.Tests.Diagnostics.DiagnosticReportGeneratorTests.GenerateReport_WithStandardLogger_ShouldIndicateNoRecentEntries" computerName="fv-az2210-123" duration="00:00:00.0015548" startTime="2025-06-06T19:28:33.2345900+00:00" endTime="2025-06-06T19:28:33.2362870+00:00" testType="13cdc9d9-ddb5-4fa4-a97d-d965ccfc6d4b" outcome="Passed" testListId="8c84fa94-04c1-424b-9868-57a2d4851a1d" relativeResultsDirectory="c2ca8025-12c0-4366-a17e-e38e6da42194" />
    <UnitTestResult executionId="8d4de439-9479-42e2-a542-7eee767aaf90" testId="ae22db98-44b4-356c-4850-232f7ee02572" testName="MSP430.Emulator.Tests.Cpu.StatusRegisterTests.Overflow_GetSet_WorksCorrectly(value: 65279, expected: False)" computerName="fv-az2210-123" duration="00:00:00.0002730" startTime="2025-06-06T19:28:33.0439773+00:00" endTime="2025-06-06T19:28:33.0441200+00:00" testType="13cdc9d9-ddb5-4fa4-a97d-d965ccfc6d4b" outcome="Passed" testListId="8c84fa94-04c1-424b-9868-57a2d4851a1d" relativeResultsDirectory="8d4de439-9479-42e2-a542-7eee767aaf90" />
    <UnitTestResult executionId="3577db45-9ea6-489e-aba8-fca62e05e7ac" testId="7aba5e12-9323-4b6d-f724-c6a818623a77" testName="MSP430.Emulator.Tests.Instructions.AddressingModeDecoderTests.GetConstantGeneratorValue_ValidAsBits_ReturnsCorrectConstant(asBits: 0, expected: 0)" computerName="fv-az2210-123" duration="00:00:00.0000106" startTime="2025-06-06T19:28:33.4508640+00:00" endTime="2025-06-06T19:28:33.4509605+00:00" testType="13cdc9d9-ddb5-4fa4-a97d-d965ccfc6d4b" outcome="Passed" testListId="8c84fa94-04c1-424b-9868-57a2d4851a1d" relativeResultsDirectory="3577db45-9ea6-489e-aba8-fca62e05e7ac" />
    <UnitTestResult executionId="f8907d3a-8eca-4fee-a18b-3f76ef25005a" testId="bd6e075d-ca95-445b-ea36-70953da14887" testName="MSP430.Emulator.Tests.Instructions.Arithmetic.DecInstructionTests.Opcode_IsCorrectValue" computerName="fv-az2210-123" duration="00:00:00.0001114" startTime="2025-06-06T19:28:33.7556305+00:00" endTime="2025-06-06T19:28:33.7557033+00:00" testType="13cdc9d9-ddb5-4fa4-a97d-d965ccfc6d4b" outcome="Passed" testListId="8c84fa94-04c1-424b-9868-57a2d4851a1d" relativeResultsDirectory="f8907d3a-8eca-4fee-a18b-3f76ef25005a" />
    <UnitTestResult executionId="6fd8cb09-a1c0-4148-a6c7-4801dc26091a" testId="35bc929d-39dc-9f08-0368-785fa42a098a" testName="MSP430.Emulator.Tests.Cpu.StatusRegisterTests.CpuOff_GetSet_WorksCorrectly(value: 16, expected: True)" computerName="fv-az2210-123" duration="00:00:00.0000076" startTime="2025-06-06T19:28:33.0037128+00:00" endTime="2025-06-06T19:28:33.0038183+00:00" testType="13cdc9d9-ddb5-4fa4-a97d-d965ccfc6d4b" outcome="Passed" testListId="8c84fa94-04c1-424b-9868-57a2d4851a1d" relativeResultsDirectory="6fd8cb09-a1c0-4148-a6c7-4801dc26091a" />
    <UnitTestResult executionId="b661d397-66f3-4cb8-8ee2-3e21597fb211" testId="f5615b4f-f009-4d00-0794-35ffeb2c9114" testName="MSP430.Emulator.Tests.Memory.MemoryControllerTests.ReadWord_ValidAddress_ReturnsValue(address: 49150)" computerName="fv-az2210-123" duration="00:00:00.0031340" startTime="2025-06-06T19:28:33.8953039+00:00" endTime="2025-06-06T19:28:33.8982225+00:00" testType="13cdc9d9-ddb5-4fa4-a97d-d965ccfc6d4b" outcome="Passed" testListId="8c84fa94-04c1-424b-9868-57a2d4851a1d" relativeResultsDirectory="b661d397-66f3-4cb8-8ee2-3e21597fb211" />
    <UnitTestResult executionId="59fa4945-db7d-4c6d-b5a6-085e29deea4b" testId="d9174497-80cd-e579-f920-bef8181473a8" testName="MSP430.Emulator.Tests.Diagnostics.DiagnosticLoggerTests.Constructor_WithValidLogger_ShouldSucceed" computerName="fv-az2210-123" duration="00:00:00.0004233" startTime="2025-06-06T19:28:30.9045973+00:00" endTime="2025-06-06T19:28:30.9056648+00:00" testType="13cdc9d9-ddb5-4fa4-a97d-d965ccfc6d4b" outcome="Passed" testListId="8c84fa94-04c1-424b-9868-57a2d4851a1d" relativeResultsDirectory="59fa4945-db7d-4c6d-b5a6-085e29deea4b" />
    <UnitTestResult executionId="a2a6d2f2-cbb2-411a-bd07-6c9892905f70" testId="5e4d681c-3df7-8787-25e8-b72f91af1be8" testName="MSP430.Emulator.Tests.Memory.FlashMemoryTests.ProgramByte_WhenLocked_ReturnsFalse" computerName="fv-az2210-123" duration="00:00:00.0001420" startTime="2025-06-06T19:28:33.7959605+00:00" endTime="2025-06-06T19:28:33.7960262+00:00" testType="13cdc9d9-ddb5-4fa4-a97d-d965ccfc6d4b" outcome="Passed" testListId="8c84fa94-04c1-424b-9868-57a2d4851a1d" relativeResultsDirectory="a2a6d2f2-cbb2-411a-bd07-6c9892905f70" />
    <UnitTestResult executionId="dab23b47-a9f3-4848-b980-b7dd46ba050c" testId="b24b9941-0b5e-2631-98bf-98af1eae1bd5" testName="MSP430.Emulator.Tests.Instructions.Arithmetic.AddInstructionTests.AddressingModes_AllSupportedModes_ReturnCorrectValues(mode: Immediate)" computerName="fv-az2210-123" duration="00:00:00.0000111" startTime="2025-06-06T19:28:33.8559097+00:00" endTime="2025-06-06T19:28:33.8561482+00:00" testType="13cdc9d9-ddb5-4fa4-a97d-d965ccfc6d4b" outcome="Passed" testListId="8c84fa94-04c1-424b-9868-57a2d4851a1d" relativeResultsDirectory="dab23b47-a9f3-4848-b980-b7dd46ba050c" />
    <UnitTestResult executionId="d0fe308e-d715-4bdc-a7a1-db8d453f7a93" testId="c9197688-8869-27cc-8359-52e0ecbd9881" testName="MSP430.Emulator.Tests.Cpu.StatusRegisterTests.UpdateFlagsAfterSubtraction_EdgeCases_HandlesCorrectly" computerName="fv-az2210-123" duration="00:00:00.0000907" startTime="2025-06-06T19:28:33.1411792+00:00" endTime="2025-06-06T19:28:33.1413318+00:00" testType="13cdc9d9-ddb5-4fa4-a97d-d965ccfc6d4b" outcome="Passed" testListId="8c84fa94-04c1-424b-9868-57a2d4851a1d" relativeResultsDirectory="d0fe308e-d715-4bdc-a7a1-db8d453f7a93" />
    <UnitTestResult executionId="0daf505f-e15b-41b6-92fc-9ce6a70bfb8c" testId="d33065b8-20da-ca6c-5cc2-b35e4592961f" testName="MSP430.Emulator.Tests.Instructions.Logic.XorInstructionTests.ExtensionWordCount_VariousAddressingModes_ReturnsCorrectCount(sourceMode: Register, destMode: Symbolic, expectedCount: 1)" computerName="fv-az2210-123" duration="00:00:00.0000076" startTime="2025-06-06T19:28:33.1721767+00:00" endTime="2025-06-06T19:28:33.1722762+00:00" testType="13cdc9d9-ddb5-4fa4-a97d-d965ccfc6d4b" outcome="Passed" testListId="8c84fa94-04c1-424b-9868-57a2d4851a1d" relativeResultsDirectory="0daf505f-e15b-41b6-92fc-9ce6a70bfb8c" />
    <UnitTestResult executionId="87184884-7ba6-4973-a649-3f17170dab5e" testId="ca9197c5-f27b-1d58-c7a7-73d1cbaf0e6d" testName="MSP430.Emulator.Tests.Memory.MemorySystemIntegrationTests.MemorySystem_RegionDescriptions_AreCorrect(address: 24576, expectedDescription: &quot;FRAM&quot;)" computerName="fv-az2210-123" duration="00:00:00.0093455" startTime="2025-06-06T19:28:33.5915422+00:00" endTime="2025-06-06T19:28:33.5992785+00:00" testType="13cdc9d9-ddb5-4fa4-a97d-d965ccfc6d4b" outcome="Passed" testListId="8c84fa94-04c1-424b-9868-57a2d4851a1d" relativeResultsDirectory="87184884-7ba6-4973-a649-3f17170dab5e" />
    <UnitTestResult executionId="88f5868b-e220-4f0c-a71a-b4708ec6abf1" testId="6b7bc494-ac6d-d947-99df-63ba0e9b019a" testName="MSP430.Emulator.Tests.Memory.FlashControllerTests.SetProtectionLevel_ValidLevel_ReturnsTrue(level: WriteProtected)" computerName="fv-az2210-123" duration="00:00:00.0000088" startTime="2025-06-06T19:28:33.3881748+00:00" endTime="2025-06-06T19:28:33.3882926+00:00" testType="13cdc9d9-ddb5-4fa4-a97d-d965ccfc6d4b" outcome="Passed" testListId="8c84fa94-04c1-424b-9868-57a2d4851a1d" relativeResultsDirectory="88f5868b-e220-4f0c-a71a-b4708ec6abf1" />
    <UnitTestResult executionId="97b962d0-ae2f-4be6-88a9-3133e89b2a01" testId="0c25e5c8-0e93-59b6-ea1e-251712ef4c9f" testName="MSP430.Emulator.Tests.Core.EmulatorCoreTests.Reset_RaisesStateChangedEvent" computerName="fv-az2210-123" duration="00:00:00.0047211" startTime="2025-06-06T19:28:33.6038527+00:00" endTime="2025-06-06T19:28:33.6095445+00:00" testType="13cdc9d9-ddb5-4fa4-a97d-d965ccfc6d4b" outcome="Passed" testListId="8c84fa94-04c1-424b-9868-57a2d4851a1d" relativeResultsDirectory="97b962d0-ae2f-4be6-88a9-3133e89b2a01" />
    <UnitTestResult executionId="ce344f6f-2ea7-4f63-af47-1093f20bb133" testId="fce5456e-204a-9ccd-f1c2-d4a8baa65971" testName="MSP430.Emulator.Tests.Instructions.InstructionDecoderTests.GetInstructionFormat_FormatII_ReturnsFormatII(instructionWord: 4736)" computerName="fv-az2210-123" duration="00:00:00.0000074" startTime="2025-06-06T19:28:33.8260943+00:00" endTime="2025-06-06T19:28:33.8261451+00:00" testType="13cdc9d9-ddb5-4fa4-a97d-d965ccfc6d4b" outcome="Passed" testListId="8c84fa94-04c1-424b-9868-57a2d4851a1d" relativeResultsDirectory="ce344f6f-2ea7-4f63-af47-1093f20bb133" />
    <UnitTestResult executionId="c8da2148-5ddc-45b5-8714-0d5bf7834c3f" testId="56c2c6cb-1268-bc6b-7b11-d2eb61161e29" testName="MSP430.Emulator.Tests.Memory.InformationMemoryTests.GetSegment_InvalidAddresses_ThrowsArgumentOutOfRangeException(invalidAddress: 6143)" computerName="fv-az2210-123" duration="00:00:00.0000583" startTime="2025-06-06T19:28:33.2450743+00:00" endTime="2025-06-06T19:28:33.2452410+00:00" testType="13cdc9d9-ddb5-4fa4-a97d-d965ccfc6d4b" outcome="Passed" testListId="8c84fa94-04c1-424b-9868-57a2d4851a1d" relativeResultsDirectory="c8da2148-5ddc-45b5-8714-0d5bf7834c3f" />
    <UnitTestResult executionId="45d2d322-036a-4cb9-9609-ac1b7dfb4cfa" testId="b608698e-8be0-6b8b-2826-48b8c3ec11f8" testName="MSP430.Emulator.Tests.Memory.RandomAccessMemoryTests.IsRangeInBounds_VariousRanges_ReturnsExpectedResult(startAddress: 8192, length: 1024, expected: True)" computerName="fv-az2210-123" duration="00:00:00.0000141" startTime="2025-06-06T19:28:33.8726464+00:00" endTime="2025-06-06T19:28:33.8726862+00:00" testType="13cdc9d9-ddb5-4fa4-a97d-d965ccfc6d4b" outcome="Passed" testListId="8c84fa94-04c1-424b-9868-57a2d4851a1d" relativeResultsDirectory="45d2d322-036a-4cb9-9609-ac1b7dfb4cfa" />
    <UnitTestResult executionId="117ab09c-f913-4d28-801e-67157d614828" testId="3b81f290-875b-04ce-76bc-4d5b1b255173" testName="MSP430.Emulator.Tests.Instructions.Arithmetic.DecInstructionTests.ExtensionWordCount_VariousAddressingModes_ReturnsCorrectCount(destMode: Register, expectedCount: 0)" computerName="fv-az2210-123" duration="00:00:00.0003945" startTime="2025-06-06T19:28:33.7292517+00:00" endTime="2025-06-06T19:28:33.7301281+00:00" testType="13cdc9d9-ddb5-4fa4-a97d-d965ccfc6d4b" outcome="Passed" testListId="8c84fa94-04c1-424b-9868-57a2d4851a1d" relativeResultsDirectory="117ab09c-f913-4d28-801e-67157d614828" />
    <UnitTestResult executionId="f114ce1b-8416-4214-9126-c8d3d01fdffa" testId="c883bfb2-7997-027f-c92d-209e9949f855" testName="MSP430.Emulator.Tests.Instructions.Arithmetic.CmpInstructionTests.Constructor_ByteOperation_SetsByteFlag" computerName="fv-az2210-123" duration="00:00:00.0001061" startTime="2025-06-06T19:28:33.7780635+00:00" endTime="2025-06-06T19:28:33.7781343+00:00" testType="13cdc9d9-ddb5-4fa4-a97d-d965ccfc6d4b" outcome="Passed" testListId="8c84fa94-04c1-424b-9868-57a2d4851a1d" relativeResultsDirectory="f114ce1b-8416-4214-9126-c8d3d01fdffa" />
    <UnitTestResult executionId="c10312f0-eac6-489d-8474-20de34e28450" testId="986b6f85-b81b-48e8-a13f-d49b69ea4910" testName="MSP430.Emulator.Tests.Cpu.RegisterFileTests.ReadRegister_ValidRegister_ReturnsZeroAfterReset(register: R15)" computerName="fv-az2210-123" duration="00:00:00.0000105" startTime="2025-06-06T19:28:33.4843641+00:00" endTime="2025-06-06T19:28:33.4845241+00:00" testType="13cdc9d9-ddb5-4fa4-a97d-d965ccfc6d4b" outcome="Passed" testListId="8c84fa94-04c1-424b-9868-57a2d4851a1d" relativeResultsDirectory="c10312f0-eac6-489d-8474-20de34e28450" />
    <UnitTestResult executionId="76e066af-ee0d-4079-8d2e-6e01eeb660f2" testId="373c09b7-0d9b-4f5b-a262-75ac2e929850" testName="MSP430.Emulator.Tests.Cpu.RegisterFileTests.ReadRegister_ValidRegister_ReturnsZeroAfterReset(register: R8)" computerName="fv-az2210-123" duration="00:00:00.0000109" startTime="2025-06-06T19:28:33.4935135+00:00" endTime="2025-06-06T19:28:33.4935906+00:00" testType="13cdc9d9-ddb5-4fa4-a97d-d965ccfc6d4b" outcome="Passed" testListId="8c84fa94-04c1-424b-9868-57a2d4851a1d" relativeResultsDirectory="76e066af-ee0d-4079-8d2e-6e01eeb660f2" />
    <UnitTestResult executionId="e9c3de17-2add-4b78-86de-49830a613efb" testId="c28854d4-7b51-be0a-1096-a12a91c9e038" testName="MSP430.Emulator.Tests.Instructions.Arithmetic.IncInstructionTests.Execute_BytePositiveOverflow_SetsOverflowFlag" computerName="fv-az2210-123" duration="00:00:00.0002605" startTime="2025-06-06T19:28:33.6575218+00:00" endTime="2025-06-06T19:28:33.6581168+00:00" testType="13cdc9d9-ddb5-4fa4-a97d-d965ccfc6d4b" outcome="Passed" testListId="8c84fa94-04c1-424b-9868-57a2d4851a1d" relativeResultsDirectory="e9c3de17-2add-4b78-86de-49830a613efb" />
    <UnitTestResult executionId="98c05865-c06e-47d6-b6fa-773a74bd5d6f" testId="a1e019af-289b-1256-8206-5849172bdbe4" testName="MSP430.Emulator.Tests.Cpu.StatusRegisterTests.UpdateFlags_VariousScenarios_UpdatesCorrectly(result: 0, updateCarry: True, updateOverflow: False)" computerName="fv-az2210-123" duration="00:00:00.0002509" startTime="2025-06-06T19:28:33.1311840+00:00" endTime="2025-06-06T19:28:33.1313150+00:00" testType="13cdc9d9-ddb5-4fa4-a97d-d965ccfc6d4b" outcome="Passed" testListId="8c84fa94-04c1-424b-9868-57a2d4851a1d" relativeResultsDirectory="98c05865-c06e-47d6-b6fa-773a74bd5d6f" />
    <UnitTestResult executionId="e6f4b139-0bf0-471d-a193-8e22266c995f" testId="d40002f3-e0d4-0be0-43ef-f4caeda9ed84" testName="MSP430.Emulator.Tests.Cpu.StatusRegisterTests.Zero_GetSet_WorksCorrectly(value: 65533, expectedZero: False)" computerName="fv-az2210-123" duration="00:00:00.0001083" startTime="2025-06-06T19:28:33.1262554+00:00" endTime="2025-06-06T19:28:33.1263794+00:00" testType="13cdc9d9-ddb5-4fa4-a97d-d965ccfc6d4b" outcome="Passed" testListId="8c84fa94-04c1-424b-9868-57a2d4851a1d" relativeResultsDirectory="e6f4b139-0bf0-471d-a193-8e22266c995f" />
    <UnitTestResult executionId="0ad7c6a2-988b-4ee1-ba4e-b06026a774e2" testId="a09229d6-4466-084e-1634-f70aed16e278" testName="MSP430.Emulator.Tests.Class1Tests.Class1_GetMessage_ReturnsExpectedMessage" computerName="fv-az2210-123" duration="00:00:00.0002945" startTime="2025-06-06T19:28:33.5160966+00:00" endTime="2025-06-06T19:28:33.5161788+00:00" testType="13cdc9d9-ddb5-4fa4-a97d-d965ccfc6d4b" outcome="Passed" testListId="8c84fa94-04c1-424b-9868-57a2d4851a1d" relativeResultsDirectory="0ad7c6a2-988b-4ee1-ba4e-b06026a774e2" />
    <UnitTestResult executionId="bd21c52e-317b-48f7-9598-33aa9cecfd07" testId="a2601679-2377-488d-7238-241ce4b4f031" testName="MSP430.Emulator.Tests.Cpu.RegisterFileTests.SetProgramCounter_UpdatesR0" computerName="fv-az2210-123" duration="00:00:00.0001117" startTime="2025-06-06T19:28:33.6018153+00:00" endTime="2025-06-06T19:28:33.6019659+00:00" testType="13cdc9d9-ddb5-4fa4-a97d-d965ccfc6d4b" outcome="Passed" testListId="8c84fa94-04c1-424b-9868-57a2d4851a1d" relativeResultsDirectory="bd21c52e-317b-48f7-9598-33aa9cecfd07" />
    <UnitTestResult executionId="ba47e875-899c-480f-ad1c-e43244248fd5" testId="14e8075d-7806-f58a-5e5e-e6f908242526" testName="MSP430.Emulator.Tests.Memory.FlashMemoryTests.EraseSector_WhenLocked_ReturnsFalse" computerName="fv-az2210-123" duration="00:00:00.0009285" startTime="2025-06-06T19:28:33.7829771+00:00" endTime="2025-06-06T19:28:33.7830452+00:00" testType="13cdc9d9-ddb5-4fa4-a97d-d965ccfc6d4b" outcome="Passed" testListId="8c84fa94-04c1-424b-9868-57a2d4851a1d" relativeResultsDirectory="ba47e875-899c-480f-ad1c-e43244248fd5" />
    <UnitTestResult executionId="d5d2b640-6569-4211-95f8-ca79a18c69bf" testId="3f582a48-5528-c3d5-a618-af75c291a393" testName="MSP430.Emulator.Tests.Instructions.Logic.BisInstructionTests.ToString_VariousAddressingModes_FormatsCorrectly(mode: Register, expectedOperand: &quot;R1&quot;)" computerName="fv-az2210-123" duration="00:00:00.0002119" startTime="2025-06-06T19:28:33.7395345+00:00" endTime="2025-06-06T19:28:33.7404992+00:00" testType="13cdc9d9-ddb5-4fa4-a97d-d965ccfc6d4b" outcome="Passed" testListId="8c84fa94-04c1-424b-9868-57a2d4851a1d" relativeResultsDirectory="d5d2b640-6569-4211-95f8-ca79a18c69bf" />
    <UnitTestResult executionId="37ac4a93-bcbc-475b-8852-68cfd2a411a5" testId="12f7f8a7-bc6f-a0f0-53f0-3962e43de5b8" testName="MSP430.Emulator.Tests.Instructions.Logic.AndInstructionTests.ExtensionWordCount_VariousAddressingModes_ReturnsCorrectCount(sourceMode: Register, destMode: Indexed, expectedCount: 1)" computerName="fv-az2210-123" duration="00:00:00.0000086" startTime="2025-06-06T19:28:33.6642241+00:00" endTime="2025-06-06T19:28:33.6642960+00:00" testType="13cdc9d9-ddb5-4fa4-a97d-d965ccfc6d4b" outcome="Passed" testListId="8c84fa94-04c1-424b-9868-57a2d4851a1d" relativeResultsDirectory="37ac4a93-bcbc-475b-8852-68cfd2a411a5" />
    <UnitTestResult executionId="be3024b1-6620-4869-aa39-f48b067a887e" testId="4d5a532b-bd6f-b51a-5948-d505588dadd1" testName="MSP430.Emulator.Tests.Memory.RandomAccessMemoryTests.IsRangeInBounds_VariousRanges_ReturnsExpectedResult(startAddress: 8192, length: 1, expected: True)" computerName="fv-az2210-123" duration="00:00:00.0000101" startTime="2025-06-06T19:28:33.8717537+00:00" endTime="2025-06-06T19:28:33.8718032+00:00" testType="13cdc9d9-ddb5-4fa4-a97d-d965ccfc6d4b" outcome="Passed" testListId="8c84fa94-04c1-424b-9868-57a2d4851a1d" relativeResultsDirectory="be3024b1-6620-4869-aa39-f48b067a887e" />
    <UnitTestResult executionId="9a5ef646-1fff-43b7-a460-2a5f34ec3c06" testId="37f7f6d7-a080-b80f-3294-8f3994deed3c" testName="MSP430.Emulator.Tests.Memory.MemorySystemIntegrationTests.MemorySystem_ValidationInfo_ProvidesComprehensiveDetails" computerName="fv-az2210-123" duration="00:00:00.0092783" startTime="2025-06-06T19:28:33.8241629+00:00" endTime="2025-06-06T19:28:33.8530908+00:00" testType="13cdc9d9-ddb5-4fa4-a97d-d965ccfc6d4b" outcome="Passed" testListId="8c84fa94-04c1-424b-9868-57a2d4851a1d" relativeResultsDirectory="9a5ef646-1fff-43b7-a460-2a5f34ec3c06" />
    <UnitTestResult executionId="b287653c-4f15-4abe-9fa9-b62093c0dab7" testId="4f713291-e8ab-be76-70bf-ced7b1cf88eb" testName="MSP430.Emulator.Tests.Core.EmulatorCoreTests.Stop_ChangesToStoppedState" computerName="fv-az2210-123" duration="00:00:00.0075849" startTime="2025-06-06T19:28:33.6102034+00:00" endTime="2025-06-06T19:28:33.6221843+00:00" testType="13cdc9d9-ddb5-4fa4-a97d-d965ccfc6d4b" outcome="Passed" testListId="8c84fa94-04c1-424b-9868-57a2d4851a1d" relativeResultsDirectory="b287653c-4f15-4abe-9fa9-b62093c0dab7" />
    <UnitTestResult executionId="b9307733-22b0-4924-96d8-7384c4e0f89d" testId="f440de21-edd7-c5e2-bca5-125570d4a062" testName="MSP430.Emulator.Tests.Instructions.Arithmetic.CmpInstructionTests.ToString_VariousAddressingModes_FormatsCorrectly(register: R0, mode: Register, expectedOperand: &quot;R0&quot;)" computerName="fv-az2210-123" duration="00:00:00.0002132" startTime="2025-06-06T19:28:33.7697970+00:00" endTime="2025-06-06T19:28:33.7699491+00:00" testType="13cdc9d9-ddb5-4fa4-a97d-d965ccfc6d4b" outcome="Passed" testListId="8c84fa94-04c1-424b-9868-57a2d4851a1d" relativeResultsDirectory="b9307733-22b0-4924-96d8-7384c4e0f89d" />
    <UnitTestResult executionId="04f82669-e64f-48d2-a72f-0dc192f354ad" testId="fa2b13f3-d0d1-946e-b761-55f57c5d4b88" testName="MSP430.Emulator.Tests.Instructions.Arithmetic.IncInstructionTests.Constructor_ValidParameters_CreatesInstruction" computerName="fv-az2210-123" duration="00:00:00.0003730" startTime="2025-06-06T19:28:33.6620656+00:00" endTime="2025-06-06T19:28:33.6621934+00:00" testType="13cdc9d9-ddb5-4fa4-a97d-d965ccfc6d4b" outcome="Passed" testListId="8c84fa94-04c1-424b-9868-57a2d4851a1d" relativeResultsDirectory="04f82669-e64f-48d2-a72f-0dc192f354ad" />
    <UnitTestResult executionId="3cc92d13-3d34-492a-98d9-b2260c75bbe7" testId="c86099b6-18ca-62df-73c2-424e032edffe" testName="MSP430.Emulator.Tests.Core.ExecutionStateTests.IsValidTransition_ReturnsExpectedResult(from: Error, to: Running, expected: False)" computerName="fv-az2210-123" duration="00:00:00.0000050" startTime="2025-06-06T19:28:33.6998323+00:00" endTime="2025-06-06T19:28:33.6999216+00:00" testType="13cdc9d9-ddb5-4fa4-a97d-d965ccfc6d4b" outcome="Passed" testListId="8c84fa94-04c1-424b-9868-57a2d4851a1d" relativeResultsDirectory="3cc92d13-3d34-492a-98d9-b2260c75bbe7" />
    <UnitTestResult executionId="4fa61012-0938-41e0-8059-30a597b64593" testId="8c7c9b16-6fb8-e4fb-f033-fdc19a5ba90e" testName="MSP430.Emulator.Tests.Instructions.AddressingModeDecoderTests.DecodeDestinationAddressingMode_GeneralPurposeRegisters_ReturnsCorrectMode(register: R4, adBit: True, expected: Indexed)" computerName="fv-az2210-123" duration="00:00:00.0026657" startTime="2025-06-06T19:28:33.5025184+00:00" endTime="2025-06-06T19:28:33.5086943+00:00" testType="13cdc9d9-ddb5-4fa4-a97d-d965ccfc6d4b" outcome="Passed" testListId="8c84fa94-04c1-424b-9868-57a2d4851a1d" relativeResultsDirectory="4fa61012-0938-41e0-8059-30a597b64593" />
    <UnitTestResult executionId="afb9e586-9506-4a03-8702-560714f19562" testId="a2fba8b3-6be9-5bce-ff17-1402b6f14ed3" testName="MSP430.Emulator.Tests.Memory.RandomAccessMemoryTests.ReadByte_InvalidAddress_ThrowsArgumentOutOfRangeException(invalidAddress: 8191)" computerName="fv-az2210-123" duration="00:00:00.0002939" startTime="2025-06-06T19:28:33.8934110+00:00" endTime="2025-06-06T19:28:33.8934512+00:00" testType="13cdc9d9-ddb5-4fa4-a97d-d965ccfc6d4b" outcome="Passed" testListId="8c84fa94-04c1-424b-9868-57a2d4851a1d" relativeResultsDirectory="afb9e586-9506-4a03-8702-560714f19562" />
    <UnitTestResult executionId="a078d20d-8991-4298-a822-38768cce2c40" testId="7800e03e-f5bc-4ed9-5d88-1062c5f35b4a" testName="MSP430.Emulator.Tests.Configuration.EmulatorConfigTests.DefaultCpuConfig_HasExpectedValues" computerName="fv-az2210-123" duration="00:00:00.0014831" startTime="2025-06-06T19:28:33.5914492+00:00" endTime="2025-06-06T19:28:33.5916838+00:00" testType="13cdc9d9-ddb5-4fa4-a97d-d965ccfc6d4b" outcome="Passed" testListId="8c84fa94-04c1-424b-9868-57a2d4851a1d" relativeResultsDirectory="a078d20d-8991-4298-a822-38768cce2c40" />
    <UnitTestResult executionId="424943c2-a125-4633-a396-e299bdcf004d" testId="7dd3e3a7-9415-a630-c1f0-cb2f7c5f6098" testName="MSP430.Emulator.Tests.Instructions.Logic.AndInstructionTests.ExtensionWordCount_VariousAddressingModes_ReturnsCorrectCount(sourceMode: Register, destMode: Symbolic, expectedCount: 1)" computerName="fv-az2210-123" duration="00:00:00.0000038" startTime="2025-06-06T19:28:33.6734598+00:00" endTime="2025-06-06T19:28:33.6735598+00:00" testType="13cdc9d9-ddb5-4fa4-a97d-d965ccfc6d4b" outcome="Passed" testListId="8c84fa94-04c1-424b-9868-57a2d4851a1d" relativeResultsDirectory="424943c2-a125-4633-a396-e299bdcf004d" />
    <UnitTestResult executionId="40227f2e-5825-4644-8343-298378bfdb2c" testId="91cc9ca1-c00d-b9a8-24d8-590ac8228d74" testName="MSP430.Emulator.Tests.Memory.MemoryControllerTests.Statistics_TrackMultipleOperations" computerName="fv-az2210-123" duration="00:00:00.0029937" startTime="2025-06-06T19:28:33.9293755+00:00" endTime="2025-06-06T19:28:33.9294191+00:00" testType="13cdc9d9-ddb5-4fa4-a97d-d965ccfc6d4b" outcome="Passed" testListId="8c84fa94-04c1-424b-9868-57a2d4851a1d" relativeResultsDirectory="40227f2e-5825-4644-8343-298378bfdb2c" />
    <UnitTestResult executionId="3e9f5344-301f-4699-9727-5c598ff2ac83" testId="61569c58-1b2a-52bc-cbf0-a15b57db5508" testName="MSP430.Emulator.Tests.Instructions.Arithmetic.SubInstructionTests.ToString_VariousAddressingModes_FormatsCorrectly(register: R0, mode: Symbolic, expectedOperand: &quot;ADDR&quot;)" computerName="fv-az2210-123" duration="00:00:00.0002275" startTime="2025-06-06T19:28:33.6440639+00:00" endTime="2025-06-06T19:28:33.6445934+00:00" testType="13cdc9d9-ddb5-4fa4-a97d-d965ccfc6d4b" outcome="Passed" testListId="8c84fa94-04c1-424b-9868-57a2d4851a1d" relativeResultsDirectory="3e9f5344-301f-4699-9727-5c598ff2ac83" />
    <UnitTestResult executionId="cffc92c8-2ae2-465f-9233-803eb1f094e8" testId="002aed19-05c9-99a5-d669-71f5f0a1a07e" testName="MSP430.Emulator.Tests.Instructions.InstructionDecoderTests.ExtensionWordCount_FormatI_MultipleExtensionWords_ReturnsCorrectCount" computerName="fv-az2210-123" duration="00:00:00.0001236" startTime="2025-06-06T19:28:33.8565676+00:00" endTime="2025-06-06T19:28:33.8579164+00:00" testType="13cdc9d9-ddb5-4fa4-a97d-d965ccfc6d4b" outcome="Passed" testListId="8c84fa94-04c1-424b-9868-57a2d4851a1d" relativeResultsDirectory="cffc92c8-2ae2-465f-9233-803eb1f094e8" />
    <UnitTestResult executionId="d8847592-c850-4275-a836-d955e38379b6" testId="70ebe375-1069-0b64-5204-8d585ec86064" testName="MSP430.Emulator.Tests.Instructions.Logic.BisInstructionTests.ExtensionWordCount_VariousAddressingModes_ReturnsCorrectCount(sourceMode: Indexed, destMode: Register, expectedCount: 1)" computerName="fv-az2210-123" duration="00:00:00.0000075" startTime="2025-06-06T19:28:33.7272178+00:00" endTime="2025-06-06T19:28:33.7272863+00:00" testType="13cdc9d9-ddb5-4fa4-a97d-d965ccfc6d4b" outcome="Passed" testListId="8c84fa94-04c1-424b-9868-57a2d4851a1d" relativeResultsDirectory="d8847592-c850-4275-a836-d955e38379b6" />
    <UnitTestResult executionId="bc565944-3849-4ab7-87f7-c0bdbf6a8756" testId="cf73d591-e858-3769-653a-0ea0f6c7d43c" testName="MSP430.Emulator.Tests.Core.EmulatorCoreTests.Constructor_WithValidParameters_InitializesSuccessfully" computerName="fv-az2210-123" duration="00:00:00.0135333" startTime="2025-06-06T19:28:33.8031908+00:00" endTime="2025-06-06T19:28:33.8217802+00:00" testType="13cdc9d9-ddb5-4fa4-a97d-d965ccfc6d4b" outcome="Passed" testListId="8c84fa94-04c1-424b-9868-57a2d4851a1d" relativeResultsDirectory="bc565944-3849-4ab7-87f7-c0bdbf6a8756" />
    <UnitTestResult executionId="911622dc-bf3d-459a-807c-ecb1fd584009" testId="d0645cce-a119-c46a-cbcd-7437ceeb2c04" testName="MSP430.Emulator.Tests.Memory.InformationMemoryTests.ReadByte_InvalidAddress_ThrowsArgumentOutOfRangeException(invalidAddress: 6656)" computerName="fv-az2210-123" duration="00:00:00.0003072" startTime="2025-06-06T19:28:33.2480001+00:00" endTime="2025-06-06T19:28:33.2481560+00:00" testType="13cdc9d9-ddb5-4fa4-a97d-d965ccfc6d4b" outcome="Passed" testListId="8c84fa94-04c1-424b-9868-57a2d4851a1d" relativeResultsDirectory="911622dc-bf3d-459a-807c-ecb1fd584009" />
    <UnitTestResult executionId="4d152e3a-c691-4e43-a6ad-1bfdbb5b5557" testId="6ba11388-c9b0-855b-a673-3160cd8e3cc8" testName="MSP430.Emulator.Tests.Logging.ConsoleLoggerTests.Error_WithContext_CallsLogWithErrorLevelAndContext" computerName="fv-az2210-123" duration="00:00:00.0021451" startTime="2025-06-06T19:28:33.4477976+00:00" endTime="2025-06-06T19:28:33.4496520+00:00" testType="13cdc9d9-ddb5-4fa4-a97d-d965ccfc6d4b" outcome="Passed" testListId="8c84fa94-04c1-424b-9868-57a2d4851a1d" relativeResultsDirectory="4d152e3a-c691-4e43-a6ad-1bfdbb5b5557" />
    <UnitTestResult executionId="5e65f3b2-cc04-45fc-b164-e4da207d7cd7" testId="dd0f00fe-bb72-106d-07c2-a4a78cc076a6" testName="MSP430.Emulator.Tests.Memory.RandomAccessMemoryTests.GetWriteCycles_AllAddresses_ReturnsConstantCycles(address: 8448, isWordAccess: True, expectedCycles: 1)" computerName="fv-az2210-123" duration="00:00:00.0002106" startTime="2025-06-06T19:28:33.8879502+00:00" endTime="2025-06-06T19:28:33.8880160+00:00" testType="13cdc9d9-ddb5-4fa4-a97d-d965ccfc6d4b" outcome="Passed" testListId="8c84fa94-04c1-424b-9868-57a2d4851a1d" relativeResultsDirectory="5e65f3b2-cc04-45fc-b164-e4da207d7cd7" />
    <UnitTestResult executionId="a7b25bfa-1825-4d6d-9573-408b14c6afc6" testId="ebf93edc-2a38-ba77-68af-209045d7a724" testName="MSP430.Emulator.Tests.Configuration.EmulatorConfigTests.CpuConfig_PropertiesCanBeSet" computerName="fv-az2210-123" duration="00:00:00.0002683" startTime="2025-06-06T19:28:33.6167953+00:00" endTime="2025-06-06T19:28:33.6184424+00:00" testType="13cdc9d9-ddb5-4fa4-a97d-d965ccfc6d4b" outcome="Passed" testListId="8c84fa94-04c1-424b-9868-57a2d4851a1d" relativeResultsDirectory="a7b25bfa-1825-4d6d-9573-408b14c6afc6" />
    <UnitTestResult executionId="0e9d1b66-b9ee-4082-9d12-76b404fbbd0b" testId="97ae2dd3-2d5f-72f0-6058-61620ed05da2" testName="MSP430.Emulator.Tests.Instructions.Logic.AndInstructionTests.AddressingModes_AllSupportedModes_ReturnCorrectValues(mode: Symbolic)" computerName="fv-az2210-123" duration="00:00:00.0000124" startTime="2025-06-06T19:28:33.6845392+00:00" endTime="2025-06-06T19:28:33.6846650+00:00" testType="13cdc9d9-ddb5-4fa4-a97d-d965ccfc6d4b" outcome="Passed" testListId="8c84fa94-04c1-424b-9868-57a2d4851a1d" relativeResultsDirectory="0e9d1b66-b9ee-4082-9d12-76b404fbbd0b" />
    <UnitTestResult executionId="bdc6f0b2-3ab2-47bb-afeb-f21600d9df57" testId="927e5f2c-636d-2441-3415-f59c33a0a72c" testName="MSP430.Emulator.Tests.Cpu.StatusRegisterTests.FlagOperations_PreserveOtherBits(initialValue: 1)" computerName="fv-az2210-123" duration="00:00:00.0000104" startTime="2025-06-06T19:28:33.0781965+00:00" endTime="2025-06-06T19:28:33.0782770+00:00" testType="13cdc9d9-ddb5-4fa4-a97d-d965ccfc6d4b" outcome="Passed" testListId="8c84fa94-04c1-424b-9868-57a2d4851a1d" relativeResultsDirectory="bdc6f0b2-3ab2-47bb-afeb-f21600d9df57" />
    <UnitTestResult executionId="3b6d1b3c-201a-4cdd-8776-885874f88fdb" testId="33bdb52e-de35-ca45-bd8a-d99a461717b7" testName="MSP430.Emulator.Tests.Instructions.Logic.BisInstructionTests.ToString_VariousAddressingModes_FormatsCorrectly(mode: Absolute, expectedOperand: &quot;&amp;ADDR&quot;)" computerName="fv-az2210-123" duration="00:00:00.0000071" startTime="2025-06-06T19:28:33.7422972+00:00" endTime="2025-06-06T19:28:33.7424397+00:00" testType="13cdc9d9-ddb5-4fa4-a97d-d965ccfc6d4b" outcome="Passed" testListId="8c84fa94-04c1-424b-9868-57a2d4851a1d" relativeResultsDirectory="3b6d1b3c-201a-4cdd-8776-885874f88fdb" />
    <UnitTestResult executionId="894f2430-a1b3-4925-bcaa-29ba93094fd4" testId="e773a5e7-248f-d645-d3ce-7da70cc05e7e" testName="MSP430.Emulator.Tests.Memory.MemoryMapTests.GetPermissions_InvalidAddress_ThrowsArgumentException" computerName="fv-az2210-123" duration="00:00:00.0070797" startTime="2025-06-06T19:28:30.8578290+00:00" endTime="2025-06-06T19:28:30.8579824+00:00" testType="13cdc9d9-ddb5-4fa4-a97d-d965ccfc6d4b" outcome="Passed" testListId="8c84fa94-04c1-424b-9868-57a2d4851a1d" relativeResultsDirectory="894f2430-a1b3-4925-bcaa-29ba93094fd4" />
    <UnitTestResult executionId="087c698b-ae53-411d-8341-f1ffc8ceced2" testId="cd7eca07-8700-a4fd-6923-730b89a1b3c6" testName="MSP430.Emulator.Tests.Memory.RandomAccessMemoryTests.GetReadCycles_AllAddresses_ReturnsConstantCycles(address: 8448, isWordAccess: False, expectedCycles: 1)" computerName="fv-az2210-123" duration="00:00:00.0001976" startTime="2025-06-06T19:28:33.8776036+00:00" endTime="2025-06-06T19:28:33.8776487+00:00" testType="13cdc9d9-ddb5-4fa4-a97d-d965ccfc6d4b" outcome="Passed" testListId="8c84fa94-04c1-424b-9868-57a2d4851a1d" relativeResultsDirectory="087c698b-ae53-411d-8341-f1ffc8ceced2" />
    <UnitTestResult executionId="4426282a-5c51-45db-a270-6a2b1b05f216" testId="a3f8f95a-c69f-3cf6-2c85-0788db1607ea" testName="MSP430.Emulator.Tests.Instructions.Arithmetic.DecInstructionTests.Properties_DifferentRegisters_ReturnCorrectDestination(expected: R7, other: CG1)" computerName="fv-az2210-123" duration="00:00:00.0000130" startTime="2025-06-06T19:28:33.7608895+00:00" endTime="2025-06-06T19:28:33.7609681+00:00" testType="13cdc9d9-ddb5-4fa4-a97d-d965ccfc6d4b" outcome="Passed" testListId="8c84fa94-04c1-424b-9868-57a2d4851a1d" relativeResultsDirectory="4426282a-5c51-45db-a270-6a2b1b05f216" />
    <UnitTestResult executionId="75bf3cae-47d3-468c-8a76-ed843251c6e4" testId="70ab132b-df50-f444-719d-84c4d5440c17" testName="MSP430.Emulator.Tests.Memory.InformationMemoryTests.ReadWord_InvalidAddress_ThrowsArgumentOutOfRangeException(invalidAddress: 6143)" computerName="fv-az2210-123" duration="00:00:00.0003317" startTime="2025-06-06T19:28:33.3728620+00:00" endTime="2025-06-06T19:28:33.3755649+00:00" testType="13cdc9d9-ddb5-4fa4-a97d-d965ccfc6d4b" outcome="Passed" testListId="8c84fa94-04c1-424b-9868-57a2d4851a1d" relativeResultsDirectory="75bf3cae-47d3-468c-8a76-ed843251c6e4" />
    <UnitTestResult executionId="7c86f8d4-0065-4454-80b3-1a4d7c6ffce8" testId="8600f5d0-e4c6-089d-b705-ff5cdf6f1f62" testName="MSP430.Emulator.Tests.Cpu.StatusRegisterTests.SystemClockGenerator1_SetFlag_UpdatesValue" computerName="fv-az2210-123" duration="00:00:00.0004306" startTime="2025-06-06T19:28:33.1037517+00:00" endTime="2025-06-06T19:28:33.1038969+00:00" testType="13cdc9d9-ddb5-4fa4-a97d-d965ccfc6d4b" outcome="Passed" testListId="8c84fa94-04c1-424b-9868-57a2d4851a1d" relativeResultsDirectory="7c86f8d4-0065-4454-80b3-1a4d7c6ffce8" />
    <UnitTestResult executionId="6b141994-4e5d-4105-a1f1-810ee9adb3a8" testId="57b51577-8575-0c09-a383-4e3d0c56a654" testName="MSP430.Emulator.Tests.Instructions.Arithmetic.AddInstructionTests.ToString_VariousAddressingModes_FormatsCorrectly(register: R0, mode: Immediate, expectedOperand: &quot;#N&quot;)" computerName="fv-az2210-123" duration="00:00:00.0002875" startTime="2025-06-06T19:28:33.8383397+00:00" endTime="2025-06-06T19:28:33.8392745+00:00" testType="13cdc9d9-ddb5-4fa4-a97d-d965ccfc6d4b" outcome="Passed" testListId="8c84fa94-04c1-424b-9868-57a2d4851a1d" relativeResultsDirectory="6b141994-4e5d-4105-a1f1-810ee9adb3a8" />
    <UnitTestResult executionId="7ddc7b95-0e05-413e-9ced-b9f997f5e40f" testId="bade349f-107c-c92e-59bc-50e943325015" testName="MSP430.Emulator.Tests.Logging.ConsoleLoggerTests.SuppressOutput_CanBeSet" computerName="fv-az2210-123" duration="00:00:00.0001693" startTime="2025-06-06T19:28:33.4461439+00:00" endTime="2025-06-06T19:28:33.4462230+00:00" testType="13cdc9d9-ddb5-4fa4-a97d-d965ccfc6d4b" outcome="Passed" testListId="8c84fa94-04c1-424b-9868-57a2d4851a1d" relativeResultsDirectory="7ddc7b95-0e05-413e-9ced-b9f997f5e40f" />
    <UnitTestResult executionId="5565bed9-9892-4c22-a10d-ac5af5f2bf7e" testId="f107d231-5248-54ca-382a-53da464c3109" testName="MSP430.Emulator.Tests.Logging.ConsoleLoggerTests.MinimumLevel_CanBeSet" computerName="fv-az2210-123" duration="00:00:00.0001131" startTime="2025-06-06T19:28:33.4388099+00:00" endTime="2025-06-06T19:28:33.4389190+00:00" testType="13cdc9d9-ddb5-4fa4-a97d-d965ccfc6d4b" outcome="Passed" testListId="8c84fa94-04c1-424b-9868-57a2d4851a1d" relativeResultsDirectory="5565bed9-9892-4c22-a10d-ac5af5f2bf7e" />
    <UnitTestResult executionId="d41d9ded-9616-4aed-a256-7d8126aa19bb" testId="bf3b5b8a-2cfd-a5a1-5684-aaf7d8512034" testName="MSP430.Emulator.Tests.Memory.RandomAccessMemoryTests.Constructor_InvalidSize_ThrowsArgumentOutOfRangeException(invalidSize: -1)" computerName="fv-az2210-123" duration="00:00:00.0000505" startTime="2025-06-06T19:28:33.8758957+00:00" endTime="2025-06-06T19:28:33.8759546+00:00" testType="13cdc9d9-ddb5-4fa4-a97d-d965ccfc6d4b" outcome="Passed" testListId="8c84fa94-04c1-424b-9868-57a2d4851a1d" relativeResultsDirectory="d41d9ded-9616-4aed-a256-7d8126aa19bb" />
    <UnitTestResult executionId="086009dd-04f2-4766-98c8-f25599a24199" testId="cbcde9c9-c49a-b1b9-3ced-d6daa8122d14" testName="MSP430.Emulator.Tests.Instructions.Arithmetic.CmpInstructionTests.Properties_VariousRegisters_ReturnCorrectValues(source: R5, dest: R6)" computerName="fv-az2210-123" duration="00:00:00.0002464" startTime="2025-06-06T19:28:33.7811026+00:00" endTime="2025-06-06T19:28:33.7811724+00:00" testType="13cdc9d9-ddb5-4fa4-a97d-d965ccfc6d4b" outcome="Passed" testListId="8c84fa94-04c1-424b-9868-57a2d4851a1d" relativeResultsDirectory="086009dd-04f2-4766-98c8-f25599a24199" />
    <UnitTestResult executionId="3f7c48f7-b2af-4db2-a428-3fa752b0defa" testId="d89d3283-980e-ca87-60a1-7a677e2f0988" testName="MSP430.Emulator.Tests.Instructions.Arithmetic.SubInstructionTests.ExtensionWordCount_VariousAddressingModes_ReturnsCorrectCount(sourceMode: Absolute, destMode: Register, expectedCount: 1)" computerName="fv-az2210-123" duration="00:00:00.0000073" startTime="2025-06-06T19:28:33.6358999+00:00" endTime="2025-06-06T19:28:33.6360339+00:00" testType="13cdc9d9-ddb5-4fa4-a97d-d965ccfc6d4b" outcome="Passed" testListId="8c84fa94-04c1-424b-9868-57a2d4851a1d" relativeResultsDirectory="3f7c48f7-b2af-4db2-a428-3fa752b0defa" />
    <UnitTestResult executionId="775d4452-02f1-45a3-9c4d-a1890789d74f" testId="6e3cf6d7-20ef-1781-f768-1e79afdf2116" testName="MSP430.Emulator.Tests.Memory.MemoryControllerTests.ReadByte_WithContext_NullContext_ThrowsArgumentNullException" computerName="fv-az2210-123" duration="00:00:00.0023903" startTime="2025-06-06T19:28:33.9331620+00:00" endTime="2025-06-06T19:28:33.9332046+00:00" testType="13cdc9d9-ddb5-4fa4-a97d-d965ccfc6d4b" outcome="Passed" testListId="8c84fa94-04c1-424b-9868-57a2d4851a1d" relativeResultsDirectory="775d4452-02f1-45a3-9c4d-a1890789d74f" />
    <UnitTestResult executionId="a42b839c-4223-4a98-b4f0-f779667bba8c" testId="78601f0c-184a-8db2-80af-08c7a3980ec2" testName="MSP430.Emulator.Tests.Core.ExecutionStateTests.IsValidTransition_ReturnsExpectedResult(from: Running, to: Reset, expected: True)" computerName="fv-az2210-123" duration="00:00:00.0000068" startTime="2025-06-06T19:28:33.7075066+00:00" endTime="2025-06-06T19:28:33.7076320+00:00" testType="13cdc9d9-ddb5-4fa4-a97d-d965ccfc6d4b" outcome="Passed" testListId="8c84fa94-04c1-424b-9868-57a2d4851a1d" relativeResultsDirectory="a42b839c-4223-4a98-b4f0-f779667bba8c" />
    <UnitTestResult executionId="fe5e24cf-26de-4660-bfed-e3cd97d2f1a7" testId="9433fcbc-4e13-f2ad-3a70-ef0f92b529cf" testName="MSP430.Emulator.Tests.Instructions.AddressingModeDecoderTests.DecodeSourceAddressingMode_GeneralPurposeRegisters_ReturnsCorrectMode(register: R4, asBits: 0, expected: Register)" computerName="fv-az2210-123" duration="00:00:00.0033254" startTime="2025-06-06T19:28:33.4253137+00:00" endTime="2025-06-06T19:28:33.4272549+00:00" testType="13cdc9d9-ddb5-4fa4-a97d-d965ccfc6d4b" outcome="Passed" testListId="8c84fa94-04c1-424b-9868-57a2d4851a1d" relativeResultsDirectory="fe5e24cf-26de-4660-bfed-e3cd97d2f1a7" />
    <UnitTestResult executionId="39e0272b-c727-4004-a17e-18e6d4bd5c37" testId="8a178fe1-cbfb-9121-9522-da99de07831c" testName="MSP430.Emulator.Tests.Instructions.Logic.XorInstructionTests.SourceRegister_AllRegisters_ReturnsCorrectRegister(register: R4)" computerName="fv-az2210-123" duration="00:00:00.0000097" startTime="2025-06-06T19:28:33.2180426+00:00" endTime="2025-06-06T19:28:33.2181943+00:00" testType="13cdc9d9-ddb5-4fa4-a97d-d965ccfc6d4b" outcome="Passed" testListId="8c84fa94-04c1-424b-9868-57a2d4851a1d" relativeResultsDirectory="39e0272b-c727-4004-a17e-18e6d4bd5c37" />
    <UnitTestResult executionId="8c0c7b27-5439-4daa-a4bb-a39b05924251" testId="efb32807-36c9-7253-e822-c233e242906c" testName="MSP430.Emulator.Tests.Diagnostics.DiagnosticReportGeneratorTests.Constructor_WithNullLogger_ShouldThrowArgumentNullException" computerName="fv-az2210-123" duration="00:00:00.0003568" startTime="2025-06-06T19:28:33.2266487+00:00" endTime="2025-06-06T19:28:33.2268100+00:00" testType="13cdc9d9-ddb5-4fa4-a97d-d965ccfc6d4b" outcome="Passed" testListId="8c84fa94-04c1-424b-9868-57a2d4851a1d" relativeResultsDirectory="8c0c7b27-5439-4daa-a4bb-a39b05924251" />
    <UnitTestResult executionId="e403a921-0e7d-4b32-b20d-2fb998403901" testId="4305d442-c5d9-b973-9e85-52f99b57e93d" testName="MSP430.Emulator.Tests.Memory.MemoryControllerTests.ReadWord_UnalignedAddress_ThrowsArgumentException(address: 16385)" computerName="fv-az2210-123" duration="00:00:00.0042901" startTime="2025-06-06T19:28:33.9069898+00:00" endTime="2025-06-06T19:28:33.9070409+00:00" testType="13cdc9d9-ddb5-4fa4-a97d-d965ccfc6d4b" outcome="Passed" testListId="8c84fa94-04c1-424b-9868-57a2d4851a1d" relativeResultsDirectory="e403a921-0e7d-4b32-b20d-2fb998403901" />
    <UnitTestResult executionId="743c3640-229c-424b-af69-65bdf5d21854" testId="341370cb-d35a-069d-a26e-9531ec2fb15f" testName="MSP430.Emulator.Tests.Instructions.Arithmetic.CmpInstructionTests.ToString_ByteOperation_IncludesBSuffix" computerName="fv-az2210-123" duration="00:00:00.0001324" startTime="2025-06-06T19:28:33.7796953+00:00" endTime="2025-06-06T19:28:33.7798210+00:00" testType="13cdc9d9-ddb5-4fa4-a97d-d965ccfc6d4b" outcome="Passed" testListId="8c84fa94-04c1-424b-9868-57a2d4851a1d" relativeResultsDirectory="743c3640-229c-424b-af69-65bdf5d21854" />
    <UnitTestResult executionId="768096bd-51f3-4668-b846-d8bbe6e72296" testId="216abf83-a3e3-7f3e-f479-2a4b302c74ee" testName="MSP430.Emulator.Tests.Instructions.Arithmetic.IncInstructionTests.Execute_IndirectMode_IncrementsMemoryValueAtRegisterAddress" computerName="fv-az2210-123" duration="00:00:00.0002856" startTime="2025-06-06T19:28:33.6603801+00:00" endTime="2025-06-06T19:28:33.6605024+00:00" testType="13cdc9d9-ddb5-4fa4-a97d-d965ccfc6d4b" outcome="Passed" testListId="8c84fa94-04c1-424b-9868-57a2d4851a1d" relativeResultsDirectory="768096bd-51f3-4668-b846-d8bbe6e72296" />
    <UnitTestResult executionId="058c66b2-b126-448f-a518-6b578e0df8a7" testId="75a17fa0-c951-8567-2d46-60ab8ef93cfa" testName="MSP430.Emulator.Tests.Logging.FileLoggerTests.Constructor_WithNullPath_ThrowsArgumentNullException" computerName="fv-az2210-123" duration="00:00:00.0004699" startTime="2025-06-06T19:28:30.9507678+00:00" endTime="2025-06-06T19:28:30.9510483+00:00" testType="13cdc9d9-ddb5-4fa4-a97d-d965ccfc6d4b" outcome="Passed" testListId="8c84fa94-04c1-424b-9868-57a2d4851a1d" relativeResultsDirectory="058c66b2-b126-448f-a518-6b578e0df8a7" />
    <UnitTestResult executionId="316b48ea-7705-46de-a4fa-af66f7c62a88" testId="4b351958-f57b-63cb-9801-c25b5db19908" testName="MSP430.Emulator.Tests.Cpu.RegisterFileTests.IsValidRegister_VariousInputs_ReturnsExpectedResult(register: 16, expected: False)" computerName="fv-az2210-123" duration="00:00:00.0000101" startTime="2025-06-06T19:28:33.5666069+00:00" endTime="2025-06-06T19:28:33.5684321+00:00" testType="13cdc9d9-ddb5-4fa4-a97d-d965ccfc6d4b" outcome="Passed" testListId="8c84fa94-04c1-424b-9868-57a2d4851a1d" relativeResultsDirectory="316b48ea-7705-46de-a4fa-af66f7c62a88" />
    <UnitTestResult executionId="888ca095-e1af-42a0-ac3d-f121c5581f27" testId="23f05e8d-6c50-35c3-6984-8b050072c11c" testName="MSP430.Emulator.Tests.Instructions.Logic.BisInstructionTests.ExtensionWordCount_VariousAddressingModes_ReturnsCorrectCount(sourceMode: Immediate, destMode: Absolute, expectedCount: 2)" computerName="fv-az2210-123" duration="00:00:00.0000061" startTime="2025-06-06T19:28:33.7281376+00:00" endTime="2025-06-06T19:28:33.7282082+00:00" testType="13cdc9d9-ddb5-4fa4-a97d-d965ccfc6d4b" outcome="Passed" testListId="8c84fa94-04c1-424b-9868-57a2d4851a1d" relativeResultsDirectory="888ca095-e1af-42a0-ac3d-f121c5581f27" />
    <UnitTestResult executionId="b6db37e4-19af-4f2f-bd55-eddab3ef7572" testId="5318d3be-60af-d3b0-2886-ba84733d09f9" testName="MSP430.Emulator.Tests.Memory.FlashControllerTests.Constructor_NullLogger_InitializesSuccessfully" computerName="fv-az2210-123" duration="00:00:00.0001025" startTime="2025-06-06T19:28:33.3413953+00:00" endTime="2025-06-06T19:28:33.3415090+00:00" testType="13cdc9d9-ddb5-4fa4-a97d-d965ccfc6d4b" outcome="Passed" testListId="8c84fa94-04c1-424b-9868-57a2d4851a1d" relativeResultsDirectory="b6db37e4-19af-4f2f-bd55-eddab3ef7572" />
    <UnitTestResult executionId="a267022c-13de-4419-833b-77d40b0d4466" testId="91ff0906-23f7-4fcd-47e5-3f1ee4cfd59d" testName="MSP430.Emulator.Tests.Cpu.RegisterFileTests.ReadRegister_ValidRegister_ReturnsZeroAfterReset(register: R7)" computerName="fv-az2210-123" duration="00:00:00.0000117" startTime="2025-06-06T19:28:33.5001399+00:00" endTime="2025-06-06T19:28:33.5002174+00:00" testType="13cdc9d9-ddb5-4fa4-a97d-d965ccfc6d4b" outcome="Passed" testListId="8c84fa94-04c1-424b-9868-57a2d4851a1d" relativeResultsDirectory="a267022c-13de-4419-833b-77d40b0d4466" />
    <UnitTestResult executionId="f1a6fa62-9210-409a-872d-c1339068b52f" testId="d67679b5-eb54-e82e-8448-d8ad825684e8" testName="MSP430.Emulator.Tests.Memory.MemoryControllerTests.GetAccessCycles_RamAccess_ReturnsExpectedCycles" computerName="fv-az2210-123" duration="00:00:00.0031904" startTime="2025-06-06T19:28:33.9117648+00:00" endTime="2025-06-06T19:28:33.9118445+00:00" testType="13cdc9d9-ddb5-4fa4-a97d-d965ccfc6d4b" outcome="Passed" testListId="8c84fa94-04c1-424b-9868-57a2d4851a1d" relativeResultsDirectory="f1a6fa62-9210-409a-872d-c1339068b52f" />
    <UnitTestResult executionId="3002aa4f-83fc-4680-92a4-9669c404480d" testId="8ed5ee95-c525-cc9b-f8f6-835b2af6d722" testName="MSP430.Emulator.Tests.Cpu.StatusRegisterTests.CpuOff_SetFlag_UpdatesValue" computerName="fv-az2210-123" duration="00:00:00.0001410" startTime="2025-06-06T19:28:33.1538353+00:00" endTime="2025-06-06T19:28:33.1540332+00:00" testType="13cdc9d9-ddb5-4fa4-a97d-d965ccfc6d4b" outcome="Passed" testListId="8c84fa94-04c1-424b-9868-57a2d4851a1d" relativeResultsDirectory="3002aa4f-83fc-4680-92a4-9669c404480d" />
    <UnitTestResult executionId="13a407cd-5978-4af7-81cb-28b8b711a57b" testId="aebc12dd-17e6-ec82-86a7-94d9f1c9227d" testName="MSP430.Emulator.Tests.Instructions.Arithmetic.AddInstructionTests.Properties_VariousRegisters_ReturnCorrectValues(source: R5, dest: R6)" computerName="fv-az2210-123" duration="00:00:00.0003741" startTime="2025-06-06T19:28:33.8603225+00:00" endTime="2025-06-06T19:28:33.8606226+00:00" testType="13cdc9d9-ddb5-4fa4-a97d-d965ccfc6d4b" outcome="Passed" testListId="8c84fa94-04c1-424b-9868-57a2d4851a1d" relativeResultsDirectory="13a407cd-5978-4af7-81cb-28b8b711a57b" />
    <UnitTestResult executionId="b591843b-ea90-444b-a73f-6953caeca311" testId="9aceb9fe-61b0-fc88-9b41-391a8ce5a16f" testName="MSP430.Emulator.Tests.Instructions.Arithmetic.SubInstructionTests.Properties_VariousRegisters_ReturnCorrectValues(source: R0, dest: R1)" computerName="fv-az2210-123" duration="00:00:00.0000113" startTime="2025-06-06T19:28:33.6325206+00:00" endTime="2025-06-06T19:28:33.6325943+00:00" testType="13cdc9d9-ddb5-4fa4-a97d-d965ccfc6d4b" outcome="Passed" testListId="8c84fa94-04c1-424b-9868-57a2d4851a1d" relativeResultsDirectory="b591843b-ea90-444b-a73f-6953caeca311" />
    <UnitTestResult executionId="47257ea5-870d-4bc7-af4c-70aaec083d4f" testId="a5938af0-402b-0268-7d39-d9cf1e717234" testName="MSP430.Emulator.Tests.Cpu.RegisterFileTests.SetStackPointer_UpdatesR1" computerName="fv-az2210-123" duration="00:00:00.0001773" startTime="2025-06-06T19:28:33.5868327+00:00" endTime="2025-06-06T19:28:33.5894282+00:00" testType="13cdc9d9-ddb5-4fa4-a97d-d965ccfc6d4b" outcome="Passed" testListId="8c84fa94-04c1-424b-9868-57a2d4851a1d" relativeResultsDirectory="47257ea5-870d-4bc7-af4c-70aaec083d4f" />
    <UnitTestResult executionId="26280339-c44d-49d4-9873-193a39803611" testId="59d3411c-7771-9fae-b355-5e5c21eaff1c" testName="MSP430.Emulator.Tests.Instructions.Arithmetic.AddInstructionTests.AddressingModes_AllSupportedModes_ReturnCorrectValues(mode: Indexed)" computerName="fv-az2210-123" duration="00:00:00.0000113" startTime="2025-06-06T19:28:33.8576199+00:00" endTime="2025-06-06T19:28:33.8576645+00:00" testType="13cdc9d9-ddb5-4fa4-a97d-d965ccfc6d4b" outcome="Passed" testListId="8c84fa94-04c1-424b-9868-57a2d4851a1d" relativeResultsDirectory="26280339-c44d-49d4-9873-193a39803611" />
    <UnitTestResult executionId="c12891e6-d834-4d50-8b9e-7dd33ae7bf8e" testId="def47830-107b-1ad7-02ec-3cd44fc2ab99" testName="MSP430.Emulator.Tests.Cpu.RegisterFileTests.ReadRegister_ValidRegister_ReturnsZeroAfterReset(register: R6)" computerName="fv-az2210-123" duration="00:00:00.0000083" startTime="2025-06-06T19:28:33.4887657+00:00" endTime="2025-06-06T19:28:33.4890103+00:00" testType="13cdc9d9-ddb5-4fa4-a97d-d965ccfc6d4b" outcome="Passed" testListId="8c84fa94-04c1-424b-9868-57a2d4851a1d" relativeResultsDirectory="c12891e6-d834-4d50-8b9e-7dd33ae7bf8e" />
    <UnitTestResult executionId="ffe9212a-ba13-4f7f-9b56-bd5250d61c9e" testId="17c1611e-4551-c413-ec83-938bd5745827" testName="MSP430.Emulator.Tests.Instructions.InstructionDecoderTests.IsValidInstruction_ValidInstructions_ReturnsTrue(instructionWord: 16384)" computerName="fv-az2210-123" duration="00:00:00.0001282" startTime="2025-06-06T19:28:33.8213455+00:00" endTime="2025-06-06T19:28:33.8213970+00:00" testType="13cdc9d9-ddb5-4fa4-a97d-d965ccfc6d4b" outcome="Passed" testListId="8c84fa94-04c1-424b-9868-57a2d4851a1d" relativeResultsDirectory="ffe9212a-ba13-4f7f-9b56-bd5250d61c9e" />
    <UnitTestResult executionId="7a5d6ce2-1085-4496-8144-a7a9c241fa44" testId="cfc21e52-0246-9054-1b29-0462d5756f10" testName="MSP430.Emulator.Tests.Instructions.Logic.AndInstructionTests.ExtensionWordCount_VariousAddressingModes_ReturnsCorrectCount(sourceMode: Register, destMode: Register, expectedCount: 0)" computerName="fv-az2210-123" duration="00:00:00.0000054" startTime="2025-06-06T19:28:33.6646509+00:00" endTime="2025-06-06T19:28:33.6647217+00:00" testType="13cdc9d9-ddb5-4fa4-a97d-d965ccfc6d4b" outcome="Passed" testListId="8c84fa94-04c1-424b-9868-57a2d4851a1d" relativeResultsDirectory="7a5d6ce2-1085-4496-8144-a7a9c241fa44" />
    <UnitTestResult executionId="940910ac-b13a-451a-8545-84b190679d56" testId="8f5bd068-c551-d736-578c-9c810ee080e4" testName="MSP430.Emulator.Tests.Instructions.Arithmetic.DecInstructionTests.ExtensionWordCount_VariousAddressingModes_ReturnsCorrectCount(destMode: IndirectAutoIncrement, expectedCount: 0)" computerName="fv-az2210-123" duration="00:00:00.0002514" startTime="2025-06-06T19:28:33.7311563+00:00" endTime="2025-06-06T19:28:33.7340391+00:00" testType="13cdc9d9-ddb5-4fa4-a97d-d965ccfc6d4b" outcome="Passed" testListId="8c84fa94-04c1-424b-9868-57a2d4851a1d" relativeResultsDirectory="940910ac-b13a-451a-8545-84b190679d56" />
    <UnitTestResult executionId="df8f5d93-1e90-4487-815f-16375ffcb0e3" testId="b8f112a9-492e-8bed-56fb-3a5aaa914ad2" testName="MSP430.Emulator.Tests.Memory.MemorySystemIntegrationTests.MemorySystem_RegionDescriptions_AreCorrect(address: 336, expectedDescription: &quot;8-bit Peripherals&quot;)" computerName="fv-az2210-123" duration="00:00:00.0222486" startTime="2025-06-06T19:28:33.7182119+00:00" endTime="2025-06-06T19:28:33.7835109+00:00" testType="13cdc9d9-ddb5-4fa4-a97d-d965ccfc6d4b" outcome="Passed" testListId="8c84fa94-04c1-424b-9868-57a2d4851a1d" relativeResultsDirectory="df8f5d93-1e90-4487-815f-16375ffcb0e3" />
    <UnitTestResult executionId="2ec8f465-1baf-4ee8-bfcd-c9174c21211e" testId="d2a619b1-1f9e-a908-ecd4-617a163d6ef3" testName="MSP430.Emulator.Tests.Instructions.Arithmetic.IncInstructionTests.ExtensionWordCount_VariousAddressingModes_ReturnsCorrectCount(destMode: Register, expectedCount: 0)" computerName="fv-az2210-123" duration="00:00:00.0000058" startTime="2025-06-06T19:28:33.6304114+00:00" endTime="2025-06-06T19:28:33.6305418+00:00" testType="13cdc9d9-ddb5-4fa4-a97d-d965ccfc6d4b" outcome="Passed" testListId="8c84fa94-04c1-424b-9868-57a2d4851a1d" relativeResultsDirectory="2ec8f465-1baf-4ee8-bfcd-c9174c21211e" />
    <UnitTestResult executionId="d167f136-c6a6-4642-804f-18509abdf5cc" testId="17d05585-13ba-545f-359e-5699e0208459" testName="MSP430.Emulator.Tests.Instructions.Logic.BitInstructionTests.ExtensionWordCount_VariousAddressingModes_ReturnsCorrectCount(sourceMode: Immediate, destMode: Register, expectedCount: 1)" computerName="fv-az2210-123" duration="00:00:00.0000071" startTime="2025-06-06T19:28:33.5509466+00:00" endTime="2025-06-06T19:28:33.5510445+00:00" testType="13cdc9d9-ddb5-4fa4-a97d-d965ccfc6d4b" outcome="Passed" testListId="8c84fa94-04c1-424b-9868-57a2d4851a1d" relativeResultsDirectory="d167f136-c6a6-4642-804f-18509abdf5cc" />
    <UnitTestResult executionId="d044ad6d-3524-4ba3-8357-2a77770ce4b7" testId="bbafe806-4284-f303-aebf-282adca3ee94" testName="MSP430.Emulator.Tests.Memory.MemoryAccessValidatorTests.IsAccessValid_VariousScenarios_ReturnsExpectedResult(address: 8192, accessType: All, expected: True)" computerName="fv-az2210-123" duration="00:00:00.0076791" startTime="2025-06-06T19:28:30.9721753+00:00" endTime="2025-06-06T19:28:30.9767431+00:00" testType="13cdc9d9-ddb5-4fa4-a97d-d965ccfc6d4b" outcome="Passed" testListId="8c84fa94-04c1-424b-9868-57a2d4851a1d" relativeResultsDirectory="d044ad6d-3524-4ba3-8357-2a77770ce4b7" />
    <UnitTestResult executionId="1be13a40-f1c7-41b1-a8a0-7678b841b68b" testId="156afefe-16b6-cb59-5b44-77ea39445961" testName="MSP430.Emulator.Tests.Instructions.Logic.BitInstructionTests.DestinationRegister_AllRegisters_ReturnsCorrectRegister(register: R15)" computerName="fv-az2210-123" duration="00:00:00.0000097" startTime="2025-06-06T19:28:33.5569478+00:00" endTime="2025-06-06T19:28:33.5570321+00:00" testType="13cdc9d9-ddb5-4fa4-a97d-d965ccfc6d4b" outcome="Passed" testListId="8c84fa94-04c1-424b-9868-57a2d4851a1d" relativeResultsDirectory="1be13a40-f1c7-41b1-a8a0-7678b841b68b" />
    <UnitTestResult executionId="d5ed7bea-422b-4d32-ba3e-cc20641da687" testId="c2c7c174-59f4-86b2-34d8-d6353192b788" testName="MSP430.Emulator.Tests.Instructions.Logic.BitInstructionTests.SourceRegister_AllRegisters_ReturnsCorrectRegister(register: R1)" computerName="fv-az2210-123" duration="00:00:00.0001828" startTime="2025-06-06T19:28:33.5617008+00:00" endTime="2025-06-06T19:28:33.5618460+00:00" testType="13cdc9d9-ddb5-4fa4-a97d-d965ccfc6d4b" outcome="Passed" testListId="8c84fa94-04c1-424b-9868-57a2d4851a1d" relativeResultsDirectory="d5ed7bea-422b-4d32-ba3e-cc20641da687" />
    <UnitTestResult executionId="7914f31a-92b2-437c-8c86-5f1e5d6ef641" testId="f3d6ccb9-4bde-9e3a-fde1-860d31f8aad2" testName="MSP430.Emulator.Tests.Instructions.Arithmetic.AddInstructionTests.AddressingModes_AllSupportedModes_ReturnCorrectValues(mode: Register)" computerName="fv-az2210-123" duration="00:00:00.0000143" startTime="2025-06-06T19:28:33.8547095+00:00" endTime="2025-06-06T19:28:33.8549119+00:00" testType="13cdc9d9-ddb5-4fa4-a97d-d965ccfc6d4b" outcome="Passed" testListId="8c84fa94-04c1-424b-9868-57a2d4851a1d" relativeResultsDirectory="7914f31a-92b2-437c-8c86-5f1e5d6ef641" />
    <UnitTestResult executionId="65d561a9-9962-41ab-86a7-e2d20ecfbbea" testId="98c2e076-d38d-2f78-abb9-c117bc488b2e" testName="MSP430.Emulator.Tests.Instructions.Arithmetic.CmpInstructionTests.ExtensionWordCount_VariousAddressingModes_ReturnsCorrectCount(sourceMode: Register, destMode: Symbolic, expectedCount: 1)" computerName="fv-az2210-123" duration="00:00:00.0000037" startTime="2025-06-06T19:28:33.7754373+00:00" endTime="2025-06-06T19:28:33.7755095+00:00" testType="13cdc9d9-ddb5-4fa4-a97d-d965ccfc6d4b" outcome="Passed" testListId="8c84fa94-04c1-424b-9868-57a2d4851a1d" relativeResultsDirectory="65d561a9-9962-41ab-86a7-e2d20ecfbbea" />
    <UnitTestResult executionId="87e13b22-1866-4d34-90a5-984951008f05" testId="78ccd46b-0ebb-ffb6-e20b-376be5b8bfea" testName="MSP430.Emulator.Tests.Cpu.RegisterFileTests.ReadRegister_ValidRegister_ReturnsZeroAfterReset(register: R1)" computerName="fv-az2210-123" duration="00:00:00.0000118" startTime="2025-06-06T19:28:33.4969452+00:00" endTime="2025-06-06T19:28:33.4970941+00:00" testType="13cdc9d9-ddb5-4fa4-a97d-d965ccfc6d4b" outcome="Passed" testListId="8c84fa94-04c1-424b-9868-57a2d4851a1d" relativeResultsDirectory="87e13b22-1866-4d34-90a5-984951008f05" />
    <UnitTestResult executionId="57d375d5-d3ad-46df-b983-bf9145b8c842" testId="4634c741-e3b1-819b-aebf-40c1da157b8d" testName="MSP430.Emulator.Tests.Instructions.Logic.XorInstructionTests.SourceRegister_AllRegisters_ReturnsCorrectRegister(register: R15)" computerName="fv-az2210-123" duration="00:00:00.0002300" startTime="2025-06-06T19:28:33.2090810+00:00" endTime="2025-06-06T19:28:33.2092287+00:00" testType="13cdc9d9-ddb5-4fa4-a97d-d965ccfc6d4b" outcome="Passed" testListId="8c84fa94-04c1-424b-9868-57a2d4851a1d" relativeResultsDirectory="57d375d5-d3ad-46df-b983-bf9145b8c842" />
    <UnitTestResult executionId="7100fdf0-b604-49ee-82a9-5520ffdd20af" testId="ae5f12f3-3dc0-9e1a-13c6-fc01b51a1e43" testName="MSP430.Emulator.Tests.Instructions.Logic.AndInstructionTests.ToString_ByteOperation_IncludesByteModifier" computerName="fv-az2210-123" duration="00:00:00.0001224" startTime="2025-06-06T19:28:33.6972081+00:00" endTime="2025-06-06T19:28:33.6974101+00:00" testType="13cdc9d9-ddb5-4fa4-a97d-d965ccfc6d4b" outcome="Passed" testListId="8c84fa94-04c1-424b-9868-57a2d4851a1d" relativeResultsDirectory="7100fdf0-b604-49ee-82a9-5520ffdd20af" />
    <UnitTestResult executionId="7ce3b755-c37d-4acb-aef2-13c3038a8479" testId="d3b57c0f-3182-2671-ee4b-e9bb00eff794" testName="MSP430.Emulator.Tests.Memory.FlashControllerTests.StartProgramming_WordOperation_ReturnsTrue" computerName="fv-az2210-123" duration="00:00:00.0001845" startTime="2025-06-06T19:28:33.4013429+00:00" endTime="2025-06-06T19:28:33.4014615+00:00" testType="13cdc9d9-ddb5-4fa4-a97d-d965ccfc6d4b" outcome="Passed" testListId="8c84fa94-04c1-424b-9868-57a2d4851a1d" relativeResultsDirectory="7ce3b755-c37d-4acb-aef2-13c3038a8479" />
    <UnitTestResult executionId="bcf5fd15-704e-46d8-adfb-fb3dfb5e070b" testId="64d052d9-472d-9bb8-5e63-c2b623d4f6bd" testName="MSP430.Emulator.Tests.Logging.FileLoggerTests.MinimumLevel_CanBeSet" computerName="fv-az2210-123" duration="00:00:00.0003041" startTime="2025-06-06T19:28:30.9492346+00:00" endTime="2025-06-06T19:28:30.9494863+00:00" testType="13cdc9d9-ddb5-4fa4-a97d-d965ccfc6d4b" outcome="Passed" testListId="8c84fa94-04c1-424b-9868-57a2d4851a1d" relativeResultsDirectory="bcf5fd15-704e-46d8-adfb-fb3dfb5e070b" />
    <UnitTestResult executionId="303c2e3a-41e1-4c02-8928-335ff16a17e7" testId="dfff6038-6b86-fadf-2dfd-68f5604ea009" testName="MSP430.Emulator.Tests.Memory.MemoryControllerTests.WriteByte_WithContext_NullContext_ThrowsArgumentNullException" computerName="fv-az2210-123" duration="00:00:00.0032888" startTime="2025-06-06T19:28:33.9165851+00:00" endTime="2025-06-06T19:28:33.9166267+00:00" testType="13cdc9d9-ddb5-4fa4-a97d-d965ccfc6d4b" outcome="Passed" testListId="8c84fa94-04c1-424b-9868-57a2d4851a1d" relativeResultsDirectory="303c2e3a-41e1-4c02-8928-335ff16a17e7" />
    <UnitTestResult executionId="09b18ce4-8497-4c28-887f-9e84bae9b069" testId="5832640e-5ab0-9405-7f00-cb86ec1fad04" testName="MSP430.Emulator.Tests.Instructions.Logic.BitInstructionTests.ToString_VariousAddressingModes_FormatsCorrectly(mode: Symbolic, expectedOperand: &quot;ADDR&quot;)" computerName="fv-az2210-123" duration="00:00:00.0000100" startTime="2025-06-06T19:28:33.5252914+00:00" endTime="2025-06-06T19:28:33.5253719+00:00" testType="13cdc9d9-ddb5-4fa4-a97d-d965ccfc6d4b" outcome="Passed" testListId="8c84fa94-04c1-424b-9868-57a2d4851a1d" relativeResultsDirectory="09b18ce4-8497-4c28-887f-9e84bae9b069" />
    <UnitTestResult executionId="1c0ec220-6392-4edc-9be4-c018b63ec661" testId="6e4467db-30c4-823f-e499-574bf5f91e82" testName="MSP430.Emulator.Tests.Memory.MemoryControllerTests.ValidateAccess_InvalidContext_ThrowsMemoryAccessException" computerName="fv-az2210-123" duration="00:00:00.0035854" startTime="2025-06-06T19:28:33.9264696+00:00" endTime="2025-06-06T19:28:33.9265109+00:00" testType="13cdc9d9-ddb5-4fa4-a97d-d965ccfc6d4b" outcome="Passed" testListId="8c84fa94-04c1-424b-9868-57a2d4851a1d" relativeResultsDirectory="1c0ec220-6392-4edc-9be4-c018b63ec661" />
    <UnitTestResult executionId="26c24e0e-f76c-4cc1-907f-85e783d2adb2" testId="f9ab65fe-0e2e-4609-04b2-55fbf072c87a" testName="MSP430.Emulator.Tests.Instructions.InstructionDecoderTests.GetInstructionFormat_FormatI_ReturnsFormatI(instructionWord: 16384)" computerName="fv-az2210-123" duration="00:00:00.0000081" startTime="2025-06-06T19:28:33.8119788+00:00" endTime="2025-06-06T19:28:33.8120306+00:00" testType="13cdc9d9-ddb5-4fa4-a97d-d965ccfc6d4b" outcome="Passed" testListId="8c84fa94-04c1-424b-9868-57a2d4851a1d" relativeResultsDirectory="26c24e0e-f76c-4cc1-907f-85e783d2adb2" />
    <UnitTestResult executionId="a3045526-fc24-49cf-b353-d2550f233feb" testId="4ac2ee07-f94e-0739-0d57-e081e62dcf71" testName="MSP430.Emulator.Tests.Memory.FlashMemoryTests.Constructor_InvalidSectorSize_ThrowsArgumentException" computerName="fv-az2210-123" duration="00:00:00.0005299" startTime="2025-06-06T19:28:33.8083578+00:00" endTime="2025-06-06T19:28:33.8084088+00:00" testType="13cdc9d9-ddb5-4fa4-a97d-d965ccfc6d4b" outcome="Passed" testListId="8c84fa94-04c1-424b-9868-57a2d4851a1d" relativeResultsDirectory="a3045526-fc24-49cf-b353-d2550f233feb" />
    <UnitTestResult executionId="9311fd4f-9849-47b2-b634-4586ba20ec23" testId="fca8ab4b-a964-198f-b436-023d3bfc1dae" testName="MSP430.Emulator.Tests.Cpu.RegisterFileTests.ReadRegisterHighByte_ValidRegister_ReturnsCorrectByte(register: R4, fullValue: 43981, expectedHighByte: 171)" computerName="fv-az2210-123" duration="00:00:00.0003207" startTime="2025-06-06T19:28:33.5379592+00:00" endTime="2025-06-06T19:28:33.5381211+00:00" testType="13cdc9d9-ddb5-4fa4-a97d-d965ccfc6d4b" outcome="Passed" testListId="8c84fa94-04c1-424b-9868-57a2d4851a1d" relativeResultsDirectory="9311fd4f-9849-47b2-b634-4586ba20ec23" />
    <UnitTestResult executionId="e67cbf52-6812-4721-a913-d7250d76421a" testId="3a91342a-0654-823f-0b5f-17c1e9cad5d4" testName="MSP430.Emulator.Tests.Memory.FlashControllerTests.GetEraseCycles_ValidOperation_ReturnsExpectedCycles(operation: SegmentErase)" computerName="fv-az2210-123" duration="00:00:00.0000095" startTime="2025-06-06T19:28:33.3522293+00:00" endTime="2025-06-06T19:28:33.3523429+00:00" testType="13cdc9d9-ddb5-4fa4-a97d-d965ccfc6d4b" outcome="Passed" testListId="8c84fa94-04c1-424b-9868-57a2d4851a1d" relativeResultsDirectory="e67cbf52-6812-4721-a913-d7250d76421a" />
    <UnitTestResult executionId="f8d9e371-9f13-4932-9755-ba10f42d4ef1" testId="5e12aae9-418e-3848-ef94-57347ec93b20" testName="MSP430.Emulator.Tests.Instructions.AddressingModeDecoderTests.IsValidRegister_VariousValues_ReturnsCorrectResult(registerBits: 255, expected: False)" computerName="fv-az2210-123" duration="00:00:00.0000058" startTime="2025-06-06T19:28:33.4645354+00:00" endTime="2025-06-06T19:28:33.4650486+00:00" testType="13cdc9d9-ddb5-4fa4-a97d-d965ccfc6d4b" outcome="Passed" testListId="8c84fa94-04c1-424b-9868-57a2d4851a1d" relativeResultsDirectory="f8d9e371-9f13-4932-9755-ba10f42d4ef1" />
    <UnitTestResult executionId="61933f21-4082-4b53-8145-6a1c64ad1ff3" testId="6665083b-8ecb-036e-57eb-58413773db2b" testName="MSP430.Emulator.Tests.Memory.RandomAccessMemoryTests.Constructor_ValidSizes_CreatesMemory(validSize: 1024)" computerName="fv-az2210-123" duration="00:00:00.0002384" startTime="2025-06-06T19:28:33.8655523+00:00" endTime="2025-06-06T19:28:33.8655936+00:00" testType="13cdc9d9-ddb5-4fa4-a97d-d965ccfc6d4b" outcome="Passed" testListId="8c84fa94-04c1-424b-9868-57a2d4851a1d" relativeResultsDirectory="61933f21-4082-4b53-8145-6a1c64ad1ff3" />
    <UnitTestResult executionId="d15fe5b9-28dd-4e97-817b-296e6c8765a9" testId="f047beb0-baab-ae1f-37c4-08b942ab70fb" testName="MSP430.Emulator.Tests.Instructions.Arithmetic.AddInstructionTests.ExtensionWordCount_VariousAddressingModes_ReturnsCorrectCount(sourceMode: Register, destMode: Indexed, expectedCount: 1)" computerName="fv-az2210-123" duration="00:00:00.0000041" startTime="2025-06-06T19:28:33.8510454+00:00" endTime="2025-06-06T19:28:33.8513141+00:00" testType="13cdc9d9-ddb5-4fa4-a97d-d965ccfc6d4b" outcome="Passed" testListId="8c84fa94-04c1-424b-9868-57a2d4851a1d" relativeResultsDirectory="d15fe5b9-28dd-4e97-817b-296e6c8765a9" />
    <UnitTestResult executionId="0edc0901-268e-49e8-a57f-aef688dc41bc" testId="7a330238-36a0-fb46-a93d-b06ed6f11ecb" testName="MSP430.Emulator.Tests.Memory.InformationMemoryTests.IsAddressInBounds_VariousAddresses_ReturnsExpectedResult(address: 6656, expected: False)" computerName="fv-az2210-123" duration="00:00:00.0000073" startTime="2025-06-06T19:28:33.2641999+00:00" endTime="2025-06-06T19:28:33.2643229+00:00" testType="13cdc9d9-ddb5-4fa4-a97d-d965ccfc6d4b" outcome="Passed" testListId="8c84fa94-04c1-424b-9868-57a2d4851a1d" relativeResultsDirectory="0edc0901-268e-49e8-a57f-aef688dc41bc" />
    <UnitTestResult executionId="32adc3ad-35d8-43b2-9eb5-5c9f00ab6d0a" testId="c256926f-ad12-4c86-0912-0acc56b61847" testName="MSP430.Emulator.Tests.Instructions.Logic.BitInstructionTests.AddressingModes_AllSupportedModes_ReturnCorrectValues(mode: Absolute)" computerName="fv-az2210-123" duration="00:00:00.0000113" startTime="2025-06-06T19:28:33.5781504+00:00" endTime="2025-06-06T19:28:33.5782317+00:00" testType="13cdc9d9-ddb5-4fa4-a97d-d965ccfc6d4b" outcome="Passed" testListId="8c84fa94-04c1-424b-9868-57a2d4851a1d" relativeResultsDirectory="32adc3ad-35d8-43b2-9eb5-5c9f00ab6d0a" />
    <UnitTestResult executionId="2db7499e-80f8-4a86-8458-7109637be2f1" testId="57549b21-f7e2-db07-f7c3-cbb2ed7d0c19" testName="MSP430.Emulator.Tests.Cpu.StatusRegisterTests.UpdateFlagsAfterAddition_WordOperation_SetsCorrectFlags(operand1: 4096, operand2: 8192, result: 12288, isByteOp: False, expectedZero: False, expectedNegative: False, expectedCarry: False, expectedOverflow: False)" computerName="fv-az2210-123" duration="00:00:00.0004936" startTime="2025-06-06T19:28:33.0063927+00:00" endTime="2025-06-06T19:28:33.0065234+00:00" testType="13cdc9d9-ddb5-4fa4-a97d-d965ccfc6d4b" outcome="Passed" testListId="8c84fa94-04c1-424b-9868-57a2d4851a1d" relativeResultsDirectory="2db7499e-80f8-4a86-8458-7109637be2f1" />
    <UnitTestResult executionId="b373ccec-c513-4fa6-a9c1-103a6587b720" testId="9d114b80-43a3-02cc-c848-d9478e5d7199" testName="MSP430.Emulator.Tests.Instructions.AddressingModeDecoderTests.DecodeSourceAddressingMode_R3_ReturnsCorrectMode(asBits: 3, expected: Immediate)" computerName="fv-az2210-123" duration="00:00:00.0000946" startTime="2025-06-06T19:28:33.4763532+00:00" endTime="2025-06-06T19:28:33.4782186+00:00" testType="13cdc9d9-ddb5-4fa4-a97d-d965ccfc6d4b" outcome="Passed" testListId="8c84fa94-04c1-424b-9868-57a2d4851a1d" relativeResultsDirectory="b373ccec-c513-4fa6-a9c1-103a6587b720" />
    <UnitTestResult executionId="f1f5d760-6f8e-4197-8ba2-bc9dc42ad718" testId="9560105a-d550-b79e-b5b2-0b3d92ff8d01" testName="MSP430.Emulator.Tests.Memory.InformationMemoryTests.ReadWord_UnalignedAddress_ThrowsArgumentException(unalignedAddress: 6147)" computerName="fv-az2210-123" duration="00:00:00.0003485" startTime="2025-06-06T19:28:33.3186821+00:00" endTime="2025-06-06T19:28:33.3207544+00:00" testType="13cdc9d9-ddb5-4fa4-a97d-d965ccfc6d4b" outcome="Passed" testListId="8c84fa94-04c1-424b-9868-57a2d4851a1d" relativeResultsDirectory="f1f5d760-6f8e-4197-8ba2-bc9dc42ad718" />
    <UnitTestResult executionId="a2ef593e-c746-44e9-9baf-6659e54dd45b" testId="57d9c5a1-5c5d-8c03-710f-952d8b55ed21" testName="MSP430.Emulator.Tests.Core.ExecutionStateTests.ExecutionStateManager_Constructor_InitializesToResetState" computerName="fv-az2210-123" duration="00:00:00.0000949" startTime="2025-06-06T19:28:33.7236544+00:00" endTime="2025-06-06T19:28:33.7253827+00:00" testType="13cdc9d9-ddb5-4fa4-a97d-d965ccfc6d4b" outcome="Passed" testListId="8c84fa94-04c1-424b-9868-57a2d4851a1d" relativeResultsDirectory="a2ef593e-c746-44e9-9baf-6659e54dd45b" />
    <UnitTestResult executionId="b822a140-3418-4eff-8ba7-54b3ba6f3299" testId="8cb3dbd4-8d27-85fd-3832-2982a58f7b87" testName="MSP430.Emulator.Tests.Memory.InformationMemoryTests.WriteWord_UnalignedAddress_ThrowsArgumentException(unalignedAddress: 6147)" computerName="fv-az2210-123" duration="00:00:00.0003114" startTime="2025-06-06T19:28:33.2332017+00:00" endTime="2025-06-06T19:28:33.2347377+00:00" testType="13cdc9d9-ddb5-4fa4-a97d-d965ccfc6d4b" outcome="Passed" testListId="8c84fa94-04c1-424b-9868-57a2d4851a1d" relativeResultsDirectory="b822a140-3418-4eff-8ba7-54b3ba6f3299" />
    <UnitTestResult executionId="5a31ac20-6c24-4b82-9172-642899e0cfa3" testId="f8617d6f-d642-c38d-4cfd-9b879a986ed5" testName="MSP430.Emulator.Tests.Logging.ConsoleLoggerTests.IsEnabled_ReturnsTrueForLevelAboveMinimum" computerName="fv-az2210-123" duration="00:00:00.0001394" startTime="2025-06-06T19:28:33.4056774+00:00" endTime="2025-06-06T19:28:33.4063873+00:00" testType="13cdc9d9-ddb5-4fa4-a97d-d965ccfc6d4b" outcome="Passed" testListId="8c84fa94-04c1-424b-9868-57a2d4851a1d" relativeResultsDirectory="5a31ac20-6c24-4b82-9172-642899e0cfa3" />
    <UnitTestResult executionId="9dbb32cf-a909-4826-a05d-5addb392796b" testId="c2a816cc-b6ee-ce09-3cee-2b5d34baa4c2" testName="MSP430.Emulator.Tests.Core.EmulatorCoreTests.RemoveBreakpoint_ExistingBreakpoint_RemovesAndReturnsTrue" computerName="fv-az2210-123" duration="00:00:00.0052264" startTime="2025-06-06T19:28:33.3754851+00:00" endTime="2025-06-06T19:28:33.3805382+00:00" testType="13cdc9d9-ddb5-4fa4-a97d-d965ccfc6d4b" outcome="Passed" testListId="8c84fa94-04c1-424b-9868-57a2d4851a1d" relativeResultsDirectory="9dbb32cf-a909-4826-a05d-5addb392796b" />
    <UnitTestResult executionId="061492a1-62ed-4fd9-9dd0-305d2a0d2869" testId="c22a38a6-92da-4b18-d1fb-56e458d9ed56" testName="MSP430.Emulator.Tests.Cpu.RegisterFileTests.ReadRegister_ValidRegister_ReturnsZeroAfterReset(register: R11)" computerName="fv-az2210-123" duration="00:00:00.0000082" startTime="2025-06-06T19:28:33.4860302+00:00" endTime="2025-06-06T19:28:33.4865067+00:00" testType="13cdc9d9-ddb5-4fa4-a97d-d965ccfc6d4b" outcome="Passed" testListId="8c84fa94-04c1-424b-9868-57a2d4851a1d" relativeResultsDirectory="061492a1-62ed-4fd9-9dd0-305d2a0d2869" />
    <UnitTestResult executionId="3924dba9-b590-4c98-b872-19dd7c1f9c96" testId="d46b2740-4ac0-c39b-39d2-44a105ae01c7" testName="MSP430.Emulator.Tests.Instructions.Logic.AndInstructionTests.SourceRegister_AllRegisters_ReturnsCorrectRegister(register: R1)" computerName="fv-az2210-123" duration="00:00:00.0000095" startTime="2025-06-06T19:28:33.6926329+00:00" endTime="2025-06-06T19:28:33.6927719+00:00" testType="13cdc9d9-ddb5-4fa4-a97d-d965ccfc6d4b" outcome="Passed" testListId="8c84fa94-04c1-424b-9868-57a2d4851a1d" relativeResultsDirectory="3924dba9-b590-4c98-b872-19dd7c1f9c96" />
    <UnitTestResult executionId="3062ec07-8c31-4a52-8212-4ad9de491756" testId="694341c4-7f71-ad6a-4c7c-120f5c8fdb77" testName="MSP430.Emulator.Tests.Logging.FileLoggerTests.Debug_WritesToFile" computerName="fv-az2210-123" duration="00:00:00.0004478" startTime="2025-06-06T19:28:30.9446356+00:00" endTime="2025-06-06T19:28:30.9448573+00:00" testType="13cdc9d9-ddb5-4fa4-a97d-d965ccfc6d4b" outcome="Passed" testListId="8c84fa94-04c1-424b-9868-57a2d4851a1d" relativeResultsDirectory="3062ec07-8c31-4a52-8212-4ad9de491756" />
    <UnitTestResult executionId="12913084-2ebb-4fbf-bb2b-683ef7e592de" testId="68f16b09-9e50-6df0-367f-a0b774c37b22" testName="MSP430.Emulator.Tests.Cpu.RegisterFileTests.RegisterAccess_WithDebugLogging_LogsOperations" computerName="fv-az2210-123" duration="00:00:00.0012466" startTime="2025-06-06T19:28:33.5220545+00:00" endTime="2025-06-06T19:28:33.5304375+00:00" testType="13cdc9d9-ddb5-4fa4-a97d-d965ccfc6d4b" outcome="Passed" testListId="8c84fa94-04c1-424b-9868-57a2d4851a1d" relativeResultsDirectory="12913084-2ebb-4fbf-bb2b-683ef7e592de" />
    <UnitTestResult executionId="87db132f-c03b-4425-bf3c-4fa75cd8917e" testId="1abfc2e0-1faa-45ca-90a7-38d3e75660e0" testName="MSP430.Emulator.Tests.Instructions.Arithmetic.SubInstructionTests.ExtensionWordCount_VariousAddressingModes_ReturnsCorrectCount(sourceMode: Indexed, destMode: Register, expectedCount: 1)" computerName="fv-az2210-123" duration="00:00:00.0006611" startTime="2025-06-06T19:28:33.6349866+00:00" endTime="2025-06-06T19:28:33.6352305+00:00" testType="13cdc9d9-ddb5-4fa4-a97d-d965ccfc6d4b" outcome="Passed" testListId="8c84fa94-04c1-424b-9868-57a2d4851a1d" relativeResultsDirectory="87db132f-c03b-4425-bf3c-4fa75cd8917e" />
    <UnitTestResult executionId="d436f3ef-7b7d-40bb-8772-034da3034a3f" testId="2e8d4d9e-2bdd-b4b2-0192-d540ae131945" testName="MSP430.Emulator.Tests.Instructions.Arithmetic.IncInstructionTests.ToString_VariousAddressingModes_FormatsCorrectly(register: R0, mode: Register, expectedOperand: &quot;R0&quot;)" computerName="fv-az2210-123" duration="00:00:00.0000162" startTime="2025-06-06T19:28:33.6490755+00:00" endTime="2025-06-06T19:28:33.6492234+00:00" testType="13cdc9d9-ddb5-4fa4-a97d-d965ccfc6d4b" outcome="Passed" testListId="8c84fa94-04c1-424b-9868-57a2d4851a1d" relativeResultsDirectory="d436f3ef-7b7d-40bb-8772-034da3034a3f" />
    <UnitTestResult executionId="45a4e74c-2a45-4994-a685-35906b48b0ab" testId="dfe946b6-9d89-9c3f-7cc5-9795d43005e1" testName="MSP430.Emulator.Tests.Instructions.InstructionDecoderTests.Decode_FormatI_InvalidRegister_ThrowsInvalidInstructionException" computerName="fv-az2210-123" duration="00:00:00.0000936" startTime="2025-06-06T19:28:33.8520590+00:00" endTime="2025-06-06T19:28:33.8521010+00:00" testType="13cdc9d9-ddb5-4fa4-a97d-d965ccfc6d4b" outcome="Passed" testListId="8c84fa94-04c1-424b-9868-57a2d4851a1d" relativeResultsDirectory="45a4e74c-2a45-4994-a685-35906b48b0ab" />
    <UnitTestResult executionId="ae2ef4d5-ccd9-491f-846b-f9f54f852d89" testId="311b5037-650b-2870-cbbf-0e9c8ea43046" testName="MSP430.Emulator.Tests.Instructions.Arithmetic.CmpInstructionTests.ToString_VariousAddressingModes_FormatsCorrectly(register: CG1, mode: Indirect, expectedOperand: &quot;@R3&quot;)" computerName="fv-az2210-123" duration="00:00:00.0000047" startTime="2025-06-06T19:28:33.7714363+00:00" endTime="2025-06-06T19:28:33.7715043+00:00" testType="13cdc9d9-ddb5-4fa4-a97d-d965ccfc6d4b" outcome="Passed" testListId="8c84fa94-04c1-424b-9868-57a2d4851a1d" relativeResultsDirectory="ae2ef4d5-ccd9-491f-846b-f9f54f852d89" />
    <UnitTestResult executionId="564d3538-b1f4-4031-90b4-0fd39ed9c69b" testId="24798cb5-afdd-85d6-fef8-f9112f821c30" testName="MSP430.Emulator.Tests.Cpu.StatusRegisterTests.UpdateFlagsAfterAddition_ByteOperation_SetsCorrectFlags(operand1: 127, operand2: 1, result: 128, isByteOp: True, expectedZero: False, expectedNegative: True, expectedCarry: False, expectedOverflow: True)" computerName="fv-az2210-123" duration="00:00:00.0000097" startTime="2025-06-06T19:28:32.9972534+00:00" endTime="2025-06-06T19:28:32.9973729+00:00" testType="13cdc9d9-ddb5-4fa4-a97d-d965ccfc6d4b" outcome="Passed" testListId="8c84fa94-04c1-424b-9868-57a2d4851a1d" relativeResultsDirectory="564d3538-b1f4-4031-90b4-0fd39ed9c69b" />
    <UnitTestResult executionId="586dcb65-b258-4e4a-9b32-b02f43d8b68d" testId="c9aaf0e0-522a-ec92-fa15-ea182017ef53" testName="MSP430.Emulator.Tests.Class1Tests.Class1_Add_ReturnsSum" computerName="fv-az2210-123" duration="00:00:00.0002115" startTime="2025-06-06T19:28:33.5177819+00:00" endTime="2025-06-06T19:28:33.5178620+00:00" testType="13cdc9d9-ddb5-4fa4-a97d-d965ccfc6d4b" outcome="Passed" testListId="8c84fa94-04c1-424b-9868-57a2d4851a1d" relativeResultsDirectory="586dcb65-b258-4e4a-9b32-b02f43d8b68d" />
    <UnitTestResult executionId="4384ba95-5118-405e-857f-07eedfb1ae29" testId="b8ad7f0c-aa16-5049-9ba0-1bfff9dd1581" testName="MSP430.Emulator.Tests.Instructions.Arithmetic.DecInstructionTests.AddressingModes_AllSupportedModes_ReturnCorrectValues(mode: Register)" computerName="fv-az2210-123" duration="00:00:00.0000072" startTime="2025-06-06T19:28:33.7493552+00:00" endTime="2025-06-06T19:28:33.7495578+00:00" testType="13cdc9d9-ddb5-4fa4-a97d-d965ccfc6d4b" outcome="Passed" testListId="8c84fa94-04c1-424b-9868-57a2d4851a1d" relativeResultsDirectory="4384ba95-5118-405e-857f-07eedfb1ae29" />
    <UnitTestResult executionId="6c4efe48-4249-470f-899b-82ca04fa68a1" testId="5ea64d3d-4a13-6770-bc89-3622f87510d7" testName="MSP430.Emulator.Tests.Diagnostics.DiagnosticReportGeneratorTests.GenerateReport_WithDiagnosticLogger_ShouldIncludeRecentEntries" computerName="fv-az2210-123" duration="00:00:00.0023222" startTime="2025-06-06T19:28:33.1641076+00:00" endTime="2025-06-06T19:28:33.1898038+00:00" testType="13cdc9d9-ddb5-4fa4-a97d-d965ccfc6d4b" outcome="Passed" testListId="8c84fa94-04c1-424b-9868-57a2d4851a1d" relativeResultsDirectory="6c4efe48-4249-470f-899b-82ca04fa68a1" />
    <UnitTestResult executionId="880e75fd-ed01-4280-b337-af9aab8ebe08" testId="d1597ed7-b510-b911-595d-595b36845c22" testName="MSP430.Emulator.Tests.Core.ExecutionStateTests.CanResume_ReturnsExpectedResult(state: Error, expected: False)" computerName="fv-az2210-123" duration="00:00:00.0000076" startTime="2025-06-06T19:28:33.7172475+00:00" endTime="2025-06-06T19:28:33.7173219+00:00" testType="13cdc9d9-ddb5-4fa4-a97d-d965ccfc6d4b" outcome="Passed" testListId="8c84fa94-04c1-424b-9868-57a2d4851a1d" relativeResultsDirectory="880e75fd-ed01-4280-b337-af9aab8ebe08" />
    <UnitTestResult executionId="e19062f7-2bca-4edb-bf86-65e04cac5f81" testId="f920ee07-3046-1eeb-94a7-b95710125fcc" testName="MSP430.Emulator.Tests.Instructions.Arithmetic.IncInstructionTests.Execute_PositiveOverflow_SetsOverflowFlag" computerName="fv-az2210-123" duration="00:00:00.0002146" startTime="2025-06-06T19:28:33.6612144+00:00" endTime="2025-06-06T19:28:33.6613464+00:00" testType="13cdc9d9-ddb5-4fa4-a97d-d965ccfc6d4b" outcome="Passed" testListId="8c84fa94-04c1-424b-9868-57a2d4851a1d" relativeResultsDirectory="e19062f7-2bca-4edb-bf86-65e04cac5f81" />
    <UnitTestResult executionId="53c76605-deb7-49d8-a778-35fa085ccfbe" testId="b69506f3-4a47-9ca1-b3e1-564d5c2e7a04" testName="MSP430.Emulator.Tests.Memory.RandomAccessMemoryTests.IsAddressInBounds_VariousAddresses_ReturnsExpectedResult(address: 9215, expected: True)" computerName="fv-az2210-123" duration="00:00:00.0000102" startTime="2025-06-06T19:28:33.8686931+00:00" endTime="2025-06-06T19:28:33.8687332+00:00" testType="13cdc9d9-ddb5-4fa4-a97d-d965ccfc6d4b" outcome="Passed" testListId="8c84fa94-04c1-424b-9868-57a2d4851a1d" relativeResultsDirectory="53c76605-deb7-49d8-a778-35fa085ccfbe" />
    <UnitTestResult executionId="d75be90a-e6bf-4d6a-abdd-71115cc13413" testId="e9137215-7db3-d3db-9a2a-14b051e4745a" testName="MSP430.Emulator.Tests.Instructions.Arithmetic.DecInstructionTests.ToString_VariousAddressingModes_FormatsCorrectly(register: R2, mode: Absolute, expectedOperand: &quot;&amp;ADDR&quot;)" computerName="fv-az2210-123" duration="00:00:00.0002474" startTime="2025-06-06T19:28:33.7423301+00:00" endTime="2025-06-06T19:28:33.7433243+00:00" testType="13cdc9d9-ddb5-4fa4-a97d-d965ccfc6d4b" outcome="Passed" testListId="8c84fa94-04c1-424b-9868-57a2d4851a1d" relativeResultsDirectory="d75be90a-e6bf-4d6a-abdd-71115cc13413" />
    <UnitTestResult executionId="dd9a1058-43c6-470f-980f-ec06190fee73" testId="1083de94-1379-d5ff-7ac4-093a4adedc0d" testName="MSP430.Emulator.Tests.Instructions.InstructionDecoderTests.IsValidInstruction_VariousInstructions_ReturnsExpectedResult(instructionWord: 16384)" computerName="fv-az2210-123" duration="00:00:00.0000088" startTime="2025-06-06T19:28:33.8411794+00:00" endTime="2025-06-06T19:28:33.8416895+00:00" testType="13cdc9d9-ddb5-4fa4-a97d-d965ccfc6d4b" outcome="Passed" testListId="8c84fa94-04c1-424b-9868-57a2d4851a1d" relativeResultsDirectory="dd9a1058-43c6-470f-980f-ec06190fee73" />
    <UnitTestResult executionId="349f569c-8d04-4659-a227-b0a310680b40" testId="323aa0dd-841a-116d-5f3b-f336021a74a3" testName="MSP430.Emulator.Tests.Instructions.Arithmetic.CmpInstructionTests.Properties_VariousRegisters_ReturnCorrectValues(source: CG1, dest: R4)" computerName="fv-az2210-123" duration="00:00:00.0000105" startTime="2025-06-06T19:28:33.7815287+00:00" endTime="2025-06-06T19:28:33.7815968+00:00" testType="13cdc9d9-ddb5-4fa4-a97d-d965ccfc6d4b" outcome="Passed" testListId="8c84fa94-04c1-424b-9868-57a2d4851a1d" relativeResultsDirectory="349f569c-8d04-4659-a227-b0a310680b40" />
    <UnitTestResult executionId="2038a7e8-7359-41be-afc8-e62fe39d290e" testId="2163fe6d-3097-bf13-3ecf-4dac94431fe2" testName="MSP430.Emulator.Tests.Memory.MemoryControllerTests.ReadWord_ValidAddress_ReturnsValue(address: 6654)" computerName="fv-az2210-123" duration="00:00:00.0044671" startTime="2025-06-06T19:28:33.8748105+00:00" endTime="2025-06-06T19:28:33.8782189+00:00" testType="13cdc9d9-ddb5-4fa4-a97d-d965ccfc6d4b" outcome="Passed" testListId="8c84fa94-04c1-424b-9868-57a2d4851a1d" relativeResultsDirectory="2038a7e8-7359-41be-afc8-e62fe39d290e" />
    <UnitTestResult executionId="e151c98f-4bf8-49cd-b65b-0f05527b7c4a" testId="7e96381f-4e93-974b-a642-2cf452b82cba" testName="MSP430.Emulator.Tests.Instructions.Logic.BitInstructionTests.Constructor_ByteOperation_SetsByteFlag" computerName="fv-az2210-123" duration="00:00:00.0001559" startTime="2025-06-06T19:28:33.5814902+00:00" endTime="2025-06-06T19:28:33.5845285+00:00" testType="13cdc9d9-ddb5-4fa4-a97d-d965ccfc6d4b" outcome="Passed" testListId="8c84fa94-04c1-424b-9868-57a2d4851a1d" relativeResultsDirectory="e151c98f-4bf8-49cd-b65b-0f05527b7c4a" />
    <UnitTestResult executionId="47bf555a-9974-4d4e-b86c-5d1965f37a37" testId="fb02cf27-35e1-9a0d-cac2-9eca53d2b20a" testName="MSP430.Emulator.Tests.Instructions.InstructionDecoderTests.IsValidInstruction_ValidInstructions_ReturnsTrue(instructionWord: 8192)" computerName="fv-az2210-123" duration="00:00:00.0002994" startTime="2025-06-06T19:28:33.8222299+00:00" endTime="2025-06-06T19:28:33.8223168+00:00" testType="13cdc9d9-ddb5-4fa4-a97d-d965ccfc6d4b" outcome="Passed" testListId="8c84fa94-04c1-424b-9868-57a2d4851a1d" relativeResultsDirectory="47bf555a-9974-4d4e-b86c-5d1965f37a37" />
    <UnitTestResult executionId="a568f059-5b81-4918-a069-09cdd3d6d104" testId="5724e4b4-a921-00af-d39e-1c96a3a8de83" testName="MSP430.Emulator.Tests.Instructions.InstructionDecoderTests.ExtractOpcode_FormatIII_ReturnsCorrectOpcode(format: FormatIII, instructionWord: 12288, expected: 4)" computerName="fv-az2210-123" duration="00:00:00.0001628" startTime="2025-06-06T19:28:33.8166665+00:00" endTime="2025-06-06T19:28:33.8167180+00:00" testType="13cdc9d9-ddb5-4fa4-a97d-d965ccfc6d4b" outcome="Passed" testListId="8c84fa94-04c1-424b-9868-57a2d4851a1d" relativeResultsDirectory="a568f059-5b81-4918-a069-09cdd3d6d104" />
    <UnitTestResult executionId="76f3e492-2f02-40b1-8943-14af60d89ed5" testId="5a288666-8c77-8cd3-ed86-a012a135f766" testName="MSP430.Emulator.Tests.Instructions.Logic.BitInstructionTests.ExtensionWordCount_VariousAddressingModes_ReturnsCorrectCount(sourceMode: Register, destMode: Absolute, expectedCount: 1)" computerName="fv-az2210-123" duration="00:00:00.0000087" startTime="2025-06-06T19:28:33.5485247+00:00" endTime="2025-06-06T19:28:33.5486052+00:00" testType="13cdc9d9-ddb5-4fa4-a97d-d965ccfc6d4b" outcome="Passed" testListId="8c84fa94-04c1-424b-9868-57a2d4851a1d" relativeResultsDirectory="76f3e492-2f02-40b1-8943-14af60d89ed5" />
    <UnitTestResult executionId="6c6439ba-6d04-4e44-bdfa-f4f10e7d1d15" testId="10836e34-61f2-7a8b-c690-25b0677d1abe" testName="MSP430.Emulator.Tests.Instructions.Logic.AndInstructionTests.SourceRegister_AllRegisters_ReturnsCorrectRegister(register: R2)" computerName="fv-az2210-123" duration="00:00:00.0001539" startTime="2025-06-06T19:28:33.6906208+00:00" endTime="2025-06-06T19:28:33.6906925+00:00" testType="13cdc9d9-ddb5-4fa4-a97d-d965ccfc6d4b" outcome="Passed" testListId="8c84fa94-04c1-424b-9868-57a2d4851a1d" relativeResultsDirectory="6c6439ba-6d04-4e44-bdfa-f4f10e7d1d15" />
    <UnitTestResult executionId="0da69b86-7049-4d68-bb02-ab63028347a4" testId="9171e43d-9e28-20f0-1d1e-f50c20e42a1f" testName="MSP430.Emulator.Tests.Memory.MemoryControllerTests.ReadWord_ValidAddress_ReturnsValue(address: 16384)" computerName="fv-az2210-123" duration="00:00:00.0056141" startTime="2025-06-06T19:28:33.8987824+00:00" endTime="2025-06-06T19:28:33.8988264+00:00" testType="13cdc9d9-ddb5-4fa4-a97d-d965ccfc6d4b" outcome="Passed" testListId="8c84fa94-04c1-424b-9868-57a2d4851a1d" relativeResultsDirectory="0da69b86-7049-4d68-bb02-ab63028347a4" />
    <UnitTestResult executionId="0dfe6ba7-fcac-4594-99e8-255b1c793817" testId="29f73779-8168-02f9-1348-5abab0632d20" testName="MSP430.Emulator.Tests.Memory.InformationMemoryTests.GetSegment_InvalidAddresses_ThrowsArgumentOutOfRangeException(invalidAddress: 65535)" computerName="fv-az2210-123" duration="00:00:00.0007622" startTime="2025-06-06T19:28:33.2422796+00:00" endTime="2025-06-06T19:28:33.2424320+00:00" testType="13cdc9d9-ddb5-4fa4-a97d-d965ccfc6d4b" outcome="Passed" testListId="8c84fa94-04c1-424b-9868-57a2d4851a1d" relativeResultsDirectory="0dfe6ba7-fcac-4594-99e8-255b1c793817" />
    <UnitTestResult executionId="4bc800f4-f151-4066-aa74-665d4e6c2696" testId="b5ac0714-61ec-a387-ffce-6fbfb720e3a0" testName="MSP430.Emulator.Tests.Logging.FileLoggerTests.IsEnabled_ReturnsTrueForLevelAboveMinimum" computerName="fv-az2210-123" duration="00:00:00.0002523" startTime="2025-06-06T19:28:30.9568491+00:00" endTime="2025-06-06T19:28:30.9571051+00:00" testType="13cdc9d9-ddb5-4fa4-a97d-d965ccfc6d4b" outcome="Passed" testListId="8c84fa94-04c1-424b-9868-57a2d4851a1d" relativeResultsDirectory="4bc800f4-f151-4066-aa74-665d4e6c2696" />
    <UnitTestResult executionId="3233c8cb-769a-4afa-9c73-11c5648a5c2f" testId="4827e02f-e101-eb2a-985a-0d6d98893bac" testName="MSP430.Emulator.Tests.Memory.RandomAccessMemoryTests.IsRangeInBounds_VariousRanges_ReturnsExpectedResult(startAddress: 8192, length: 1025, expected: False)" computerName="fv-az2210-123" duration="00:00:00.0000095" startTime="2025-06-06T19:28:33.8722195+00:00" endTime="2025-06-06T19:28:33.8722601+00:00" testType="13cdc9d9-ddb5-4fa4-a97d-d965ccfc6d4b" outcome="Passed" testListId="8c84fa94-04c1-424b-9868-57a2d4851a1d" relativeResultsDirectory="3233c8cb-769a-4afa-9c73-11c5648a5c2f" />
    <UnitTestResult executionId="538d76b8-2388-4c15-839d-40b743884f8a" testId="bcea61f5-6673-2268-6ec4-38bb4c941b7e" testName="MSP430.Emulator.Tests.Memory.MemoryControllerTests.ReadWord_WithContext_NullContext_ThrowsArgumentNullException" computerName="fv-az2210-123" duration="00:00:00.0024394" startTime="2025-06-06T19:28:33.9284111+00:00" endTime="2025-06-06T19:28:33.9284547+00:00" testType="13cdc9d9-ddb5-4fa4-a97d-d965ccfc6d4b" outcome="Passed" testListId="8c84fa94-04c1-424b-9868-57a2d4851a1d" relativeResultsDirectory="538d76b8-2388-4c15-839d-40b743884f8a" />
    <UnitTestResult executionId="cdddce89-b9f5-47ad-aa4c-1e884eaf5a64" testId="75c1d3d3-6876-9a44-988b-4deed037a4ab" testName="MSP430.Emulator.Tests.Configuration.EmulatorConfigTests.ToJson_ReturnsValidJson" computerName="fv-az2210-123" duration="00:00:00.0025804" startTime="2025-06-06T19:28:33.5303507+00:00" endTime="2025-06-06T19:28:33.5347825+00:00" testType="13cdc9d9-ddb5-4fa4-a97d-d965ccfc6d4b" outcome="Passed" testListId="8c84fa94-04c1-424b-9868-57a2d4851a1d" relativeResultsDirectory="cdddce89-b9f5-47ad-aa4c-1e884eaf5a64" />
    <UnitTestResult executionId="a6c4a6fa-8df9-4748-affc-e56c279e0ee1" testId="9e444ad8-05de-682a-11a4-d19d964c70ad" testName="MSP430.Emulator.Tests.Instructions.InstructionDecoderTests.ExtractOpcode_FormatII_ReturnsCorrectOpcode(format: FormatII, instructionWord: 4736, expected: 18)" computerName="fv-az2210-123" duration="00:00:00.0000047" startTime="2025-06-06T19:28:33.8150126+00:00" endTime="2025-06-06T19:28:33.8151085+00:00" testType="13cdc9d9-ddb5-4fa4-a97d-d965ccfc6d4b" outcome="Passed" testListId="8c84fa94-04c1-424b-9868-57a2d4851a1d" relativeResultsDirectory="a6c4a6fa-8df9-4748-affc-e56c279e0ee1" />
    <UnitTestResult executionId="f38445aa-1a37-4dca-a7d4-cac84c59ccb0" testId="113b2982-27af-5ccf-6777-c7592b9f9687" testName="MSP430.Emulator.Tests.Instructions.Arithmetic.CmpInstructionTests.ExtensionWordCount_VariousAddressingModes_ReturnsCorrectCount(sourceMode: Symbolic, destMode: Indexed, expectedCount: 2)" computerName="fv-az2210-123" duration="00:00:00.0000036" startTime="2025-06-06T19:28:33.7771761+00:00" endTime="2025-06-06T19:28:33.7772443+00:00" testType="13cdc9d9-ddb5-4fa4-a97d-d965ccfc6d4b" outcome="Passed" testListId="8c84fa94-04c1-424b-9868-57a2d4851a1d" relativeResultsDirectory="f38445aa-1a37-4dca-a7d4-cac84c59ccb0" />
    <UnitTestResult executionId="973f65a0-f08f-43df-a076-a5f55837c5b8" testId="0dbbcfa3-d32a-7896-71a4-df0c3d67f714" testName="MSP430.Emulator.Tests.Memory.MemoryControllerTests.IsAccessAllowed_ValidAccess_ReturnsTrue(address: 8192, accessType: Execute)" computerName="fv-az2210-123" duration="00:00:00.0040820" startTime="2025-06-06T19:28:33.9107623+00:00" endTime="2025-06-06T19:28:33.9108035+00:00" testType="13cdc9d9-ddb5-4fa4-a97d-d965ccfc6d4b" outcome="Passed" testListId="8c84fa94-04c1-424b-9868-57a2d4851a1d" relativeResultsDirectory="973f65a0-f08f-43df-a076-a5f55837c5b8" />
    <UnitTestResult executionId="249fcaf0-e02a-469b-97bd-5c0b40550aa3" testId="d75bfd81-e638-08b1-7b3a-d1b42f1c0d57" testName="MSP430.Emulator.Tests.Instructions.Arithmetic.CmpInstructionTests.AddressingModes_AllSupportedModes_ReturnCorrectValues(mode: Indexed)" computerName="fv-az2210-123" duration="00:00:00.0000082" startTime="2025-06-06T19:28:33.7682464+00:00" endTime="2025-06-06T19:28:33.7683143+00:00" testType="13cdc9d9-ddb5-4fa4-a97d-d965ccfc6d4b" outcome="Passed" testListId="8c84fa94-04c1-424b-9868-57a2d4851a1d" relativeResultsDirectory="249fcaf0-e02a-469b-97bd-5c0b40550aa3" />
    <UnitTestResult executionId="27a48a1d-80cb-4cc4-90f6-8eaf8e0fa9b4" testId="bcdaf314-495e-f9aa-989f-774656ee5440" testName="MSP430.Emulator.Tests.Instructions.InstructionDecoderTests.ExtractOpcode_FormatIII_ReturnsCorrectOpcode(format: FormatIII, instructionWord: 14336, expected: 6)" computerName="fv-az2210-123" duration="00:00:00.0000072" startTime="2025-06-06T19:28:33.8180104+00:00" endTime="2025-06-06T19:28:33.8180605+00:00" testType="13cdc9d9-ddb5-4fa4-a97d-d965ccfc6d4b" outcome="Passed" testListId="8c84fa94-04c1-424b-9868-57a2d4851a1d" relativeResultsDirectory="27a48a1d-80cb-4cc4-90f6-8eaf8e0fa9b4" />
    <UnitTestResult executionId="b9d0225e-876b-49d5-97dd-d28c2054975d" testId="37576e4b-1079-1a24-6956-a4658a58651b" testName="MSP430.Emulator.Tests.Memory.InformationMemoryTests.IsAddressInBounds_VariousAddresses_ReturnsExpectedResult(address: 6655, expected: True)" computerName="fv-az2210-123" duration="00:00:00.0002750" startTime="2025-06-06T19:28:33.2564189+00:00" endTime="2025-06-06T19:28:33.2565597+00:00" testType="13cdc9d9-ddb5-4fa4-a97d-d965ccfc6d4b" outcome="Passed" testListId="8c84fa94-04c1-424b-9868-57a2d4851a1d" relativeResultsDirectory="b9d0225e-876b-49d5-97dd-d28c2054975d" />
    <UnitTestResult executionId="c9f37d60-506c-47a4-a9a9-62c38d927fdd" testId="2e88a5a8-1123-0d65-8f13-ef82e1364153" testName="MSP430.Emulator.Tests.Diagnostics.DiagnosticLoggerTests.IsEnabled_ShouldReflectInnerLogger" computerName="fv-az2210-123" duration="00:00:00.0011921" startTime="2025-06-06T19:28:30.9066582+00:00" endTime="2025-06-06T19:28:30.9067681+00:00" testType="13cdc9d9-ddb5-4fa4-a97d-d965ccfc6d4b" outcome="Passed" testListId="8c84fa94-04c1-424b-9868-57a2d4851a1d" relativeResultsDirectory="c9f37d60-506c-47a4-a9a9-62c38d927fdd" />
    <UnitTestResult executionId="b9392957-7d0e-4da6-ba31-2b4d3e29b719" testId="ad52b538-3c45-4370-a437-82d7d8370705" testName="MSP430.Emulator.Tests.Instructions.InstructionDecoderTests.GetInstructionFormat_FormatII_ReturnsFormatII(instructionWord: 4608)" computerName="fv-az2210-123" duration="00:00:00.0000060" startTime="2025-06-06T19:28:33.8270393+00:00" endTime="2025-06-06T19:28:33.8270900+00:00" testType="13cdc9d9-ddb5-4fa4-a97d-d965ccfc6d4b" outcome="Passed" testListId="8c84fa94-04c1-424b-9868-57a2d4851a1d" relativeResultsDirectory="b9392957-7d0e-4da6-ba31-2b4d3e29b719" />
    <UnitTestResult executionId="101ca954-6980-4287-ae5a-adba161da347" testId="8255aa67-8d54-6059-001a-4d398cff9cf7" testName="MSP430.Emulator.Tests.Diagnostics.DiagnosticLoggerTests.Log_ShouldStoreEntryInBuffer" computerName="fv-az2210-123" duration="00:00:00.0003363" startTime="2025-06-06T19:28:30.9035481+00:00" endTime="2025-06-06T19:28:30.9036621+00:00" testType="13cdc9d9-ddb5-4fa4-a97d-d965ccfc6d4b" outcome="Passed" testListId="8c84fa94-04c1-424b-9868-57a2d4851a1d" relativeResultsDirectory="101ca954-6980-4287-ae5a-adba161da347" />
    <UnitTestResult executionId="62a8dce5-4e5c-438e-a452-5741c91d80f8" testId="6692d480-bf57-c33c-b488-8c802afbf4ab" testName="MSP430.Emulator.Tests.Memory.MemoryMapTests.GetPermissions_ValidAddress_ReturnsCorrectPermissions" computerName="fv-az2210-123" duration="00:00:00.0066436" startTime="2025-06-06T19:28:30.9934216+00:00" endTime="2025-06-06T19:28:30.9953552+00:00" testType="13cdc9d9-ddb5-4fa4-a97d-d965ccfc6d4b" outcome="Passed" testListId="8c84fa94-04c1-424b-9868-57a2d4851a1d" relativeResultsDirectory="62a8dce5-4e5c-438e-a452-5741c91d80f8" />
    <UnitTestResult executionId="42056b57-dae6-4d02-b20d-d4aa0f42e288" testId="3aa1f93d-77f1-973f-d897-30011df63998" testName="MSP430.Emulator.Tests.Memory.FlashControllerTests.SetProtectionLevel_ValidLevel_ReturnsTrue(level: None)" computerName="fv-az2210-123" duration="00:00:00.0001604" startTime="2025-06-06T19:28:33.3829176+00:00" endTime="2025-06-06T19:28:33.3830336+00:00" testType="13cdc9d9-ddb5-4fa4-a97d-d965ccfc6d4b" outcome="Passed" testListId="8c84fa94-04c1-424b-9868-57a2d4851a1d" relativeResultsDirectory="42056b57-dae6-4d02-b20d-d4aa0f42e288" />
    <UnitTestResult executionId="d6e3d16b-381e-4648-9e99-4b596c4c19e6" testId="5938db1f-4929-803d-9eee-95c41f4682f5" testName="MSP430.Emulator.Tests.Memory.MemorySystemIntegrationTests.MemorySystem_RegionDescriptions_AreCorrect(address: 592, expectedDescription: &quot;16-bit Peripherals&quot;)" computerName="fv-az2210-123" duration="00:00:00.0091781" startTime="2025-06-06T19:28:33.6217842+00:00" endTime="2025-06-06T19:28:33.6633867+00:00" testType="13cdc9d9-ddb5-4fa4-a97d-d965ccfc6d4b" outcome="Passed" testListId="8c84fa94-04c1-424b-9868-57a2d4851a1d" relativeResultsDirectory="d6e3d16b-381e-4648-9e99-4b596c4c19e6" />
    <UnitTestResult executionId="7afcdb3d-1bb4-469c-8cc6-52c7247b3f14" testId="c5ba3777-716c-b6c8-5d39-5aee5707034a" testName="MSP430.Emulator.Tests.Instructions.Arithmetic.SubInstructionTests.AddressingModes_AllSupportedModes_ReturnCorrectValues(mode: Absolute)" computerName="fv-az2210-123" duration="00:00:00.0002402" startTime="2025-06-06T19:28:33.6231045+00:00" endTime="2025-06-06T19:28:33.6231781+00:00" testType="13cdc9d9-ddb5-4fa4-a97d-d965ccfc6d4b" outcome="Passed" testListId="8c84fa94-04c1-424b-9868-57a2d4851a1d" relativeResultsDirectory="7afcdb3d-1bb4-469c-8cc6-52c7247b3f14" />
    <UnitTestResult executionId="42f93e99-a631-4aab-88b1-8217d5e09d44" testId="b2bd1f15-3290-80d3-d782-cc57bdacdd73" testName="MSP430.Emulator.Tests.Cpu.RegisterFileTests.Constructor_WithoutLogger_CreatesRegisterFile" computerName="fv-az2210-123" duration="00:00:00.0000802" startTime="2025-06-06T19:28:33.5978430+00:00" endTime="2025-06-06T19:28:33.5979347+00:00" testType="13cdc9d9-ddb5-4fa4-a97d-d965ccfc6d4b" outcome="Passed" testListId="8c84fa94-04c1-424b-9868-57a2d4851a1d" relativeResultsDirectory="42f93e99-a631-4aab-88b1-8217d5e09d44" />
    <UnitTestResult executionId="015b6ff9-d441-4821-9b56-393d5255d7b3" testId="74c61a0b-e7ee-22ce-4a76-9d21e6ea0c57" testName="MSP430.Emulator.Tests.Instructions.Logic.BisInstructionTests.ToString_VariousAddressingModes_FormatsCorrectly(mode: Symbolic, expectedOperand: &quot;ADDR&quot;)" computerName="fv-az2210-123" duration="00:00:00.0000069" startTime="2025-06-06T19:28:33.7432543+00:00" endTime="2025-06-06T19:28:33.7481626+00:00" testType="13cdc9d9-ddb5-4fa4-a97d-d965ccfc6d4b" outcome="Passed" testListId="8c84fa94-04c1-424b-9868-57a2d4851a1d" relativeResultsDirectory="015b6ff9-d441-4821-9b56-393d5255d7b3" />
    <UnitTestResult executionId="bd398cdb-151f-4d2d-870a-3fe748091666" testId="b13eadba-4db9-370e-7a30-3b4d218b2bad" testName="MSP430.Emulator.Tests.Memory.RandomAccessMemoryTests.WriteByte_InvalidAddress_ThrowsArgumentOutOfRangeException(invalidAddress: 8191)" computerName="fv-az2210-123" duration="00:00:00.0005578" startTime="2025-06-06T19:28:33.8804672+00:00" endTime="2025-06-06T19:28:33.8810224+00:00" testType="13cdc9d9-ddb5-4fa4-a97d-d965ccfc6d4b" outcome="Passed" testListId="8c84fa94-04c1-424b-9868-57a2d4851a1d" relativeResultsDirectory="bd398cdb-151f-4d2d-870a-3fe748091666" />
    <UnitTestResult executionId="db7f15e9-0a2d-46b4-bbf6-abafab405e5f" testId="184d16a1-12d3-f000-dc60-8c2292efa236" testName="MSP430.Emulator.Tests.Memory.RandomAccessMemoryTests.Constructor_MemoryOverflow_ThrowsArgumentException" computerName="fv-az2210-123" duration="00:00:00.0002241" startTime="2025-06-06T19:28:33.8764728+00:00" endTime="2025-06-06T19:28:33.8765165+00:00" testType="13cdc9d9-ddb5-4fa4-a97d-d965ccfc6d4b" outcome="Passed" testListId="8c84fa94-04c1-424b-9868-57a2d4851a1d" relativeResultsDirectory="db7f15e9-0a2d-46b4-bbf6-abafab405e5f" />
    <UnitTestResult executionId="c8cf7b49-ed19-4310-a2f5-53dbc50f87c6" testId="b718c91a-76d9-e58f-d518-39009a132ac0" testName="MSP430.Emulator.Tests.Memory.MemoryAccessValidatorTests.IsAccessValid_VariousScenarios_ReturnsExpectedResult(address: 16384, accessType: Read, expected: True)" computerName="fv-az2210-123" duration="00:00:00.0079946" startTime="2025-06-06T19:28:30.9817838+00:00" endTime="2025-06-06T19:28:30.9837258+00:00" testType="13cdc9d9-ddb5-4fa4-a97d-d965ccfc6d4b" outcome="Passed" testListId="8c84fa94-04c1-424b-9868-57a2d4851a1d" relativeResultsDirectory="c8cf7b49-ed19-4310-a2f5-53dbc50f87c6" />
    <UnitTestResult executionId="ef4bdb89-9d73-4d27-8bf3-c3127790e7f2" testId="47741026-201f-3610-12ce-af00b53f3a12" testName="MSP430.Emulator.Tests.Logging.ConsoleLoggerTests.Error_CallsLogWithErrorLevel" computerName="fv-az2210-123" duration="00:00:00.0002699" startTime="2025-06-06T19:28:33.4298215+00:00" endTime="2025-06-06T19:28:33.4303563+00:00" testType="13cdc9d9-ddb5-4fa4-a97d-d965ccfc6d4b" outcome="Passed" testListId="8c84fa94-04c1-424b-9868-57a2d4851a1d" relativeResultsDirectory="ef4bdb89-9d73-4d27-8bf3-c3127790e7f2" />
    <UnitTestResult executionId="a4c6cc72-19ed-4cbb-85eb-259c5f69f07f" testId="f3f19f2c-f837-a169-1ce8-1efb3ec9eec1" testName="MSP430.Emulator.Tests.Memory.FlashControllerTests.TryUnlock_InvalidKey_ReturnsFalse(invalidKey: 21845)" computerName="fv-az2210-123" duration="00:00:00.0000156" startTime="2025-06-06T19:28:33.3117332+00:00" endTime="2025-06-06T19:28:33.3118493+00:00" testType="13cdc9d9-ddb5-4fa4-a97d-d965ccfc6d4b" outcome="Passed" testListId="8c84fa94-04c1-424b-9868-57a2d4851a1d" relativeResultsDirectory="a4c6cc72-19ed-4cbb-85eb-259c5f69f07f" />
    <UnitTestResult executionId="cc3e3c2e-621d-449a-ac8b-21b857b96ced" testId="54ed19f3-d533-36cf-8d13-7fd136b968ec" testName="MSP430.Emulator.Tests.Memory.RandomAccessMemoryTests.WriteWord_OddAddress_ThrowsArgumentException(oddAddress: 8195)" computerName="fv-az2210-123" duration="00:00:00.0003261" startTime="2025-06-06T19:28:33.8862566+00:00" endTime="2025-06-06T19:28:33.8862985+00:00" testType="13cdc9d9-ddb5-4fa4-a97d-d965ccfc6d4b" outcome="Passed" testListId="8c84fa94-04c1-424b-9868-57a2d4851a1d" relativeResultsDirectory="cc3e3c2e-621d-449a-ac8b-21b857b96ced" />
    <UnitTestResult executionId="da0571f5-c1bb-424c-a5a4-60fe2c17c648" testId="79ff3d54-9e8a-7801-db3f-8799dd2a3dec" testName="MSP430.Emulator.Tests.Instructions.AddressingModeDecoderTests.IsValidRegister_VariousValues_ReturnsCorrectResult(registerBits: 15, expected: True)" computerName="fv-az2210-123" duration="00:00:00.0002535" startTime="2025-06-06T19:28:33.4629215+00:00" endTime="2025-06-06T19:28:33.4630058+00:00" testType="13cdc9d9-ddb5-4fa4-a97d-d965ccfc6d4b" outcome="Passed" testListId="8c84fa94-04c1-424b-9868-57a2d4851a1d" relativeResultsDirectory="da0571f5-c1bb-424c-a5a4-60fe2c17c648" />
    <UnitTestResult executionId="bb041892-4129-4657-bd48-d4f4a4677645" testId="c52ce7b6-dde3-54a2-cf4f-43c77049cd79" testName="MSP430.Emulator.Tests.Memory.MemoryControllerTests.Constructor_NullFlash_ThrowsArgumentNullException" computerName="fv-az2210-123" duration="00:00:00.0029364" startTime="2025-06-06T19:28:33.9277686+00:00" endTime="2025-06-06T19:28:33.9278106+00:00" testType="13cdc9d9-ddb5-4fa4-a97d-d965ccfc6d4b" outcome="Passed" testListId="8c84fa94-04c1-424b-9868-57a2d4851a1d" relativeResultsDirectory="bb041892-4129-4657-bd48-d4f4a4677645" />
    <UnitTestResult executionId="4d099952-685c-47ff-a0ce-e3916c98208a" testId="23a497cb-2067-7575-c112-f2213f0efd56" testName="MSP430.Emulator.Tests.Configuration.EmulatorConfigTests.LoadFromJson_WithEmptyJson_ReturnsDefaultConfig" computerName="fv-az2210-123" duration="00:00:00.0006346" startTime="2025-06-06T19:28:33.6114781+00:00" endTime="2025-06-06T19:28:33.6115982+00:00" testType="13cdc9d9-ddb5-4fa4-a97d-d965ccfc6d4b" outcome="Passed" testListId="8c84fa94-04c1-424b-9868-57a2d4851a1d" relativeResultsDirectory="4d099952-685c-47ff-a0ce-e3916c98208a" />
    <UnitTestResult executionId="c4e69e90-1862-4242-a53e-eac6e1413472" testId="9522c080-a332-c3de-86a3-01fa01785dca" testName="MSP430.Emulator.Tests.Memory.MemoryAccessValidatorTests.ValidateExecute_ValidAddress_DoesNotThrow" computerName="fv-az2210-123" duration="00:00:00.0099919" startTime="2025-06-06T19:28:30.9849876+00:00" endTime="2025-06-06T19:28:30.9870594+00:00" testType="13cdc9d9-ddb5-4fa4-a97d-d965ccfc6d4b" outcome="Passed" testListId="8c84fa94-04c1-424b-9868-57a2d4851a1d" relativeResultsDirectory="c4e69e90-1862-4242-a53e-eac6e1413472" />
    <UnitTestResult executionId="162ec3be-a405-44c1-a234-641c1de54b21" testId="73f42572-ef7f-49dd-ff45-6dfff4bda0ef" testName="MSP430.Emulator.Tests.Instructions.Logic.BitInstructionTests.ExtensionWordCount_VariousAddressingModes_ReturnsCorrectCount(sourceMode: Symbolic, destMode: Register, expectedCount: 1)" computerName="fv-az2210-123" duration="00:00:00.0000077" startTime="2025-06-06T19:28:33.5493733+00:00" endTime="2025-06-06T19:28:33.5501700+00:00" testType="13cdc9d9-ddb5-4fa4-a97d-d965ccfc6d4b" outcome="Passed" testListId="8c84fa94-04c1-424b-9868-57a2d4851a1d" relativeResultsDirectory="162ec3be-a405-44c1-a234-641c1de54b21" />
    <UnitTestResult executionId="1ef740ab-1cae-426a-8961-3fdd12e487af" testId="a50ca395-d4b1-f2de-4d95-f2c000bd5a85" testName="MSP430.Emulator.Tests.Logging.FileLoggerTests.Log_WithLevelBelowMinimum_DoesNotWriteToFile" computerName="fv-az2210-123" duration="00:00:00.0004733" startTime="2025-06-06T19:28:30.9431374+00:00" endTime="2025-06-06T19:28:30.9433722+00:00" testType="13cdc9d9-ddb5-4fa4-a97d-d965ccfc6d4b" outcome="Passed" testListId="8c84fa94-04c1-424b-9868-57a2d4851a1d" relativeResultsDirectory="1ef740ab-1cae-426a-8961-3fdd12e487af" />
    <UnitTestResult executionId="b577f7f2-b0a5-47c7-a8cc-c151d27b4e6e" testId="def54716-c458-11ed-e8a9-a7edbe1cb18c" testName="MSP430.Emulator.Tests.Cpu.RegisterFileTests.IsValidRegister_VariousInputs_ReturnsExpectedResult(register: R0, expected: True)" computerName="fv-az2210-123" duration="00:00:00.0011432" startTime="2025-06-06T19:28:33.5553678+00:00" endTime="2025-06-06T19:28:33.5659182+00:00" testType="13cdc9d9-ddb5-4fa4-a97d-d965ccfc6d4b" outcome="Passed" testListId="8c84fa94-04c1-424b-9868-57a2d4851a1d" relativeResultsDirectory="b577f7f2-b0a5-47c7-a8cc-c151d27b4e6e" />
    <UnitTestResult executionId="41571eb5-3e1d-4b62-ab8a-cff7085254e6" testId="88b03e77-ad76-04e7-c3cf-27485ef172a6" testName="MSP430.Emulator.Tests.Configuration.EmulatorConfigTests.DefaultLoggingConfig_HasExpectedValues" computerName="fv-az2210-123" duration="00:00:00.0001744" startTime="2025-06-06T19:28:33.6082437+00:00" endTime="2025-06-06T19:28:33.6084640+00:00" testType="13cdc9d9-ddb5-4fa4-a97d-d965ccfc6d4b" outcome="Passed" testListId="8c84fa94-04c1-424b-9868-57a2d4851a1d" relativeResultsDirectory="41571eb5-3e1d-4b62-ab8a-cff7085254e6" />
    <UnitTestResult executionId="e1b5b773-99c7-462c-82d9-90504596b565" testId="12dda622-da17-99b5-ac1e-dc6d4b751e99" testName="MSP430.Emulator.Tests.Memory.InformationMemoryTests.Initialize_WithPattern_InitializesUnprotectedSegments" computerName="fv-az2210-123" duration="00:00:00.0049133" startTime="2025-06-06T19:28:33.3658980+00:00" endTime="2025-06-06T19:28:33.3690827+00:00" testType="13cdc9d9-ddb5-4fa4-a97d-d965ccfc6d4b" outcome="Passed" testListId="8c84fa94-04c1-424b-9868-57a2d4851a1d" relativeResultsDirectory="e1b5b773-99c7-462c-82d9-90504596b565" />
    <UnitTestResult executionId="eec7736f-e21c-4cd6-a652-b0f8f21250ef" testId="1a785c28-8ecf-00e2-ec0b-6af65e18caeb" testName="MSP430.Emulator.Tests.Memory.RandomAccessMemoryTests.IsRangeInBounds_VariousRanges_ReturnsExpectedResult(startAddress: 8192, length: 0, expected: False)" computerName="fv-az2210-123" duration="00:00:00.0000106" startTime="2025-06-06T19:28:33.8713251+00:00" endTime="2025-06-06T19:28:33.8713648+00:00" testType="13cdc9d9-ddb5-4fa4-a97d-d965ccfc6d4b" outcome="Passed" testListId="8c84fa94-04c1-424b-9868-57a2d4851a1d" relativeResultsDirectory="eec7736f-e21c-4cd6-a652-b0f8f21250ef" />
    <UnitTestResult executionId="b54df4f3-8eed-4ab3-ade3-83e2f60d3d93" testId="51ce1862-6025-4c8f-0365-01e5fa4db04b" testName="MSP430.Emulator.Tests.Cpu.StatusRegisterTests.FlagOperations_PreserveOtherBits(initialValue: 65535)" computerName="fv-az2210-123" duration="00:00:00.0002437" startTime="2025-06-06T19:28:33.0773875+00:00" endTime="2025-06-06T19:28:33.0774666+00:00" testType="13cdc9d9-ddb5-4fa4-a97d-d965ccfc6d4b" outcome="Passed" testListId="8c84fa94-04c1-424b-9868-57a2d4851a1d" relativeResultsDirectory="b54df4f3-8eed-4ab3-ade3-83e2f60d3d93" />
    <UnitTestResult executionId="30ff6e1f-3e10-4fb4-88a5-b0aec59152e6" testId="8e43f6b3-2730-aaf0-033b-ad5746360ac4" testName="MSP430.Emulator.Tests.Memory.InformationMemoryTests.InformationSegmentInfo_Size_CalculatedCorrectly" computerName="fv-az2210-123" duration="00:00:00.0002003" startTime="2025-06-06T19:28:33.3449475+00:00" endTime="2025-06-06T19:28:33.3450642+00:00" testType="13cdc9d9-ddb5-4fa4-a97d-d965ccfc6d4b" outcome="Passed" testListId="8c84fa94-04c1-424b-9868-57a2d4851a1d" relativeResultsDirectory="30ff6e1f-3e10-4fb4-88a5-b0aec59152e6" />
    <UnitTestResult executionId="88cf341f-140b-4923-b5e8-d39ebcd5f419" testId="7a9b8d32-2065-3d2b-815c-dbf939915a68" testName="MSP430.Emulator.Tests.Instructions.Logic.BisInstructionTests.AddressingModes_AllSupportedModes_ReturnCorrectValues(mode: Indexed)" computerName="fv-az2210-123" duration="00:00:00.0000101" startTime="2025-06-06T19:28:33.7329621+00:00" endTime="2025-06-06T19:28:33.7330333+00:00" testType="13cdc9d9-ddb5-4fa4-a97d-d965ccfc6d4b" outcome="Passed" testListId="8c84fa94-04c1-424b-9868-57a2d4851a1d" relativeResultsDirectory="88cf341f-140b-4923-b5e8-d39ebcd5f419" />
    <UnitTestResult executionId="b2254319-6cde-49cc-84b4-c3185ca48ebd" testId="64f79077-46e1-b887-0751-4625800eac7d" testName="MSP430.Emulator.Tests.Memory.FlashControllerTests.GetEraseCycles_NonEraseOperation_ReturnsZero(operation: Program)" computerName="fv-az2210-123" duration="00:00:00.0002647" startTime="2025-06-06T19:28:33.3316419+00:00" endTime="2025-06-06T19:28:33.3317616+00:00" testType="13cdc9d9-ddb5-4fa4-a97d-d965ccfc6d4b" outcome="Passed" testListId="8c84fa94-04c1-424b-9868-57a2d4851a1d" relativeResultsDirectory="b2254319-6cde-49cc-84b4-c3185ca48ebd" />
    <UnitTestResult executionId="9734a4d4-9d63-4644-bcd2-2ccda9d90427" testId="2c6b34f9-f643-e84d-4f35-8d079d3bb2a8" testName="MSP430.Emulator.Tests.Instructions.Logic.BitInstructionTests.ToString_VariousAddressingModes_FormatsCorrectly(mode: IndirectAutoIncrement, expectedOperand: &quot;@R1+&quot;)" computerName="fv-az2210-123" duration="00:00:00.0000106" startTime="2025-06-06T19:28:33.5244894+00:00" endTime="2025-06-06T19:28:33.5245707+00:00" testType="13cdc9d9-ddb5-4fa4-a97d-d965ccfc6d4b" outcome="Passed" testListId="8c84fa94-04c1-424b-9868-57a2d4851a1d" relativeResultsDirectory="9734a4d4-9d63-4644-bcd2-2ccda9d90427" />
    <UnitTestResult executionId="16e8ac09-b497-40e2-a89f-9d74e13ec5d5" testId="94b8efd9-3afd-6b45-1746-73dcd5cb5d67" testName="MSP430.Emulator.Tests.Memory.MemoryControllerTests.WriteByte_ValidAddress_WritesSuccessfully(address: 8192, value: 66)" computerName="fv-az2210-123" duration="00:00:00.0049007" startTime="2025-06-06T19:28:33.9123639+00:00" endTime="2025-06-06T19:28:33.9124057+00:00" testType="13cdc9d9-ddb5-4fa4-a97d-d965ccfc6d4b" outcome="Passed" testListId="8c84fa94-04c1-424b-9868-57a2d4851a1d" relativeResultsDirectory="16e8ac09-b497-40e2-a89f-9d74e13ec5d5" />
    <UnitTestResult executionId="5e38b1ab-5908-4f67-b621-6c553fd82684" testId="a6f5fd84-d7f4-eff0-f315-3bef5d254350" testName="MSP430.Emulator.Tests.Instructions.Logic.AndInstructionTests.ExtensionWordCount_VariousAddressingModes_ReturnsCorrectCount(sourceMode: Register, destMode: Absolute, expectedCount: 1)" computerName="fv-az2210-123" duration="00:00:00.0015619" startTime="2025-06-06T19:28:33.6633113+00:00" endTime="2025-06-06T19:28:33.6638250+00:00" testType="13cdc9d9-ddb5-4fa4-a97d-d965ccfc6d4b" outcome="Passed" testListId="8c84fa94-04c1-424b-9868-57a2d4851a1d" relativeResultsDirectory="5e38b1ab-5908-4f67-b621-6c553fd82684" />
    <UnitTestResult executionId="b0771f4b-fdab-4c69-aa1c-f4fdf1e0e0e4" testId="5ce6170a-83e0-19da-78d0-79e098f7f100" testName="MSP430.Emulator.Tests.Instructions.Logic.AndInstructionTests.DestinationRegister_AllRegisters_ReturnsCorrectRegister(register: R0)" computerName="fv-az2210-123" duration="00:00:00.0001798" startTime="2025-06-06T19:28:33.6758317+00:00" endTime="2025-06-06T19:28:33.6769355+00:00" testType="13cdc9d9-ddb5-4fa4-a97d-d965ccfc6d4b" outcome="Passed" testListId="8c84fa94-04c1-424b-9868-57a2d4851a1d" relativeResultsDirectory="b0771f4b-fdab-4c69-aa1c-f4fdf1e0e0e4" />
    <UnitTestResult executionId="270681cb-9469-4bad-8d0f-9a9d146f1392" testId="3e1a2abb-210c-3de2-4b6f-27409db9daa2" testName="MSP430.Emulator.Tests.Core.ExecutionStateTests.IsValidTransition_ReturnsExpectedResult(from: Error, to: Reset, expected: True)" computerName="fv-az2210-123" duration="00:00:00.0000036" startTime="2025-06-06T19:28:33.7007839+00:00" endTime="2025-06-06T19:28:33.7008524+00:00" testType="13cdc9d9-ddb5-4fa4-a97d-d965ccfc6d4b" outcome="Passed" testListId="8c84fa94-04c1-424b-9868-57a2d4851a1d" relativeResultsDirectory="270681cb-9469-4bad-8d0f-9a9d146f1392" />
    <UnitTestResult executionId="635120ad-5873-40ca-aefa-56bff8a0de7b" testId="8f3be8a9-ac34-e92b-9af9-5865a79943df" testName="MSP430.Emulator.Tests.Cpu.StatusRegisterTests.OscillatorOff_GetSet_WorksCorrectly(value: 65503, expected: False)" computerName="fv-az2210-123" duration="00:00:00.0002760" startTime="2025-06-06T19:28:33.0183067+00:00" endTime="2025-06-06T19:28:33.0184691+00:00" testType="13cdc9d9-ddb5-4fa4-a97d-d965ccfc6d4b" outcome="Passed" testListId="8c84fa94-04c1-424b-9868-57a2d4851a1d" relativeResultsDirectory="635120ad-5873-40ca-aefa-56bff8a0de7b" />
    <UnitTestResult executionId="7cadd641-40ff-4110-92f4-9fdbade9c569" testId="ea2b530d-618a-001f-7b89-30ba85040fc4" testName="MSP430.Emulator.Tests.Memory.InformationMemoryTests.IsSegmentWriteProtected_DefaultState_ReturnsExpectedValue(segment: SegmentD, expectedProtection: False)" computerName="fv-az2210-123" duration="00:00:00.0000103" startTime="2025-06-06T19:28:33.2740922+00:00" endTime="2025-06-06T19:28:33.2742079+00:00" testType="13cdc9d9-ddb5-4fa4-a97d-d965ccfc6d4b" outcome="Passed" testListId="8c84fa94-04c1-424b-9868-57a2d4851a1d" relativeResultsDirectory="7cadd641-40ff-4110-92f4-9fdbade9c569" />
    <UnitTestResult executionId="399e600e-f5e6-4b5c-92a0-866a5cc19187" testId="7b2f577c-abaa-f418-bde1-fa37a9195407" testName="MSP430.Emulator.Tests.Memory.InformationMemoryTests.EraseSegment_UnprotectedSegment_Succeeds" computerName="fv-az2210-123" duration="00:00:00.0010173" startTime="2025-06-06T19:28:33.3499796+00:00" endTime="2025-06-06T19:28:33.3548118+00:00" testType="13cdc9d9-ddb5-4fa4-a97d-d965ccfc6d4b" outcome="Passed" testListId="8c84fa94-04c1-424b-9868-57a2d4851a1d" relativeResultsDirectory="399e600e-f5e6-4b5c-92a0-866a5cc19187" />
    <UnitTestResult executionId="088ea9ef-1b1a-4c25-b2c7-fd0919ab5f2e" testId="5c8bb652-f27f-23be-4b4d-f90c87b81987" testName="MSP430.Emulator.Tests.Instructions.AddressingModeDecoderTests.DecodeDestinationAddressingMode_GeneralPurposeRegisters_ReturnsCorrectMode(register: R4, adBit: False, expected: Register)" computerName="fv-az2210-123" duration="00:00:00.0000069" startTime="2025-06-06T19:28:33.5102111+00:00" endTime="2025-06-06T19:28:33.5102889+00:00" testType="13cdc9d9-ddb5-4fa4-a97d-d965ccfc6d4b" outcome="Passed" testListId="8c84fa94-04c1-424b-9868-57a2d4851a1d" relativeResultsDirectory="088ea9ef-1b1a-4c25-b2c7-fd0919ab5f2e" />
    <UnitTestResult executionId="9d78ba3c-a07d-424a-b46d-d5d59bdc89a5" testId="0d74c78c-65eb-c0c4-4d49-f9980ea9c59c" testName="MSP430.Emulator.Tests.Instructions.Arithmetic.IncInstructionTests.Properties_DifferentRegisters_ReturnCorrectDestination(expected: R6, other: R7)" computerName="fv-az2210-123" duration="00:00:00.0047940" startTime="2025-06-06T19:28:33.6030063+00:00" endTime="2025-06-06T19:28:33.6039340+00:00" testType="13cdc9d9-ddb5-4fa4-a97d-d965ccfc6d4b" outcome="Passed" testListId="8c84fa94-04c1-424b-9868-57a2d4851a1d" relativeResultsDirectory="9d78ba3c-a07d-424a-b46d-d5d59bdc89a5" />
    <UnitTestResult executionId="f1ab115f-61df-430f-90ef-9e77f9ca3da6" testId="d2570667-3644-b164-3901-f8537f7c0473" testName="MSP430.Emulator.Tests.Memory.FlashMemoryTests.GetEraseCycles_ReturnsCorrectCycles" computerName="fv-az2210-123" duration="00:00:00.0002334" startTime="2025-06-06T19:28:33.8079489+00:00" endTime="2025-06-06T19:28:33.8080026+00:00" testType="13cdc9d9-ddb5-4fa4-a97d-d965ccfc6d4b" outcome="Passed" testListId="8c84fa94-04c1-424b-9868-57a2d4851a1d" relativeResultsDirectory="f1ab115f-61df-430f-90ef-9e77f9ca3da6" />
    <UnitTestResult executionId="deb084bc-bb20-4dff-afc1-9957a7971ac0" testId="420e4c45-4790-8202-f368-0188884ff30b" testName="MSP430.Emulator.Tests.Core.EmulatorCoreTests.Run_WithInstructionCount_StartsExecution" computerName="fv-az2210-123" duration="00:00:00.0073247" startTime="2025-06-06T19:28:33.8222850+00:00" endTime="2025-06-06T19:28:33.8368518+00:00" testType="13cdc9d9-ddb5-4fa4-a97d-d965ccfc6d4b" outcome="Passed" testListId="8c84fa94-04c1-424b-9868-57a2d4851a1d" relativeResultsDirectory="deb084bc-bb20-4dff-afc1-9957a7971ac0" />
    <UnitTestResult executionId="6db95330-b8b4-4e42-ac8a-2d56af1b6c60" testId="70a6bd30-cd42-c1ac-157d-8a7008ca5246" testName="MSP430.Emulator.Tests.Instructions.Arithmetic.DecInstructionTests.Execute_RegisterMode_DecrementsValueAndUpdatesFlags" computerName="fv-az2210-123" duration="00:00:00.0002259" startTime="2025-06-06T19:28:33.7627745+00:00" endTime="2025-06-06T19:28:33.7628447+00:00" testType="13cdc9d9-ddb5-4fa4-a97d-d965ccfc6d4b" outcome="Passed" testListId="8c84fa94-04c1-424b-9868-57a2d4851a1d" relativeResultsDirectory="6db95330-b8b4-4e42-ac8a-2d56af1b6c60" />
    <UnitTestResult executionId="ffa77914-0722-47a7-8ae4-c503941d54bd" testId="4f8b3780-9286-b47d-1362-de97c151576f" testName="MSP430.Emulator.Tests.Instructions.Logic.BisInstructionTests.DestinationRegister_AllRegisters_ReturnsCorrectRegister(register: R15)" computerName="fv-az2210-123" duration="00:00:00.0002659" startTime="2025-06-06T19:28:33.7112092+00:00" endTime="2025-06-06T19:28:33.7113280+00:00" testType="13cdc9d9-ddb5-4fa4-a97d-d965ccfc6d4b" outcome="Passed" testListId="8c84fa94-04c1-424b-9868-57a2d4851a1d" relativeResultsDirectory="ffa77914-0722-47a7-8ae4-c503941d54bd" />
    <UnitTestResult executionId="4643f53f-e3c4-40c4-a044-26dba935f708" testId="a03bfb5e-2d1c-2036-703f-9e65504ab2b1" testName="MSP430.Emulator.Tests.Memory.MemoryControllerTests.WriteByte_ValidAddress_WritesSuccessfully(address: 6144, value: 85)" computerName="fv-az2210-123" duration="00:00:00.0034127" startTime="2025-06-06T19:28:33.9127925+00:00" endTime="2025-06-06T19:28:33.9128337+00:00" testType="13cdc9d9-ddb5-4fa4-a97d-d965ccfc6d4b" outcome="Passed" testListId="8c84fa94-04c1-424b-9868-57a2d4851a1d" relativeResultsDirectory="4643f53f-e3c4-40c4-a044-26dba935f708" />
    <UnitTestResult executionId="1ed5bddc-0082-48c2-bd74-b2678c515ad0" testId="1774e350-0e73-910a-63e6-b8ed6c342956" testName="MSP430.Emulator.Tests.Cpu.StatusRegisterTests.UpdateFlagsAfterSubtraction_ByteOperation_SetsCorrectFlags(operand1: 0, operand2: 1, result: 255, isByteOp: True, expectedZero: False, expectedNegative: True, expectedCarry: False, expectedOverflow: False)" computerName="fv-az2210-123" duration="00:00:00.0002731" startTime="2025-06-06T19:28:33.0928538+00:00" endTime="2025-06-06T19:28:33.0930432+00:00" testType="13cdc9d9-ddb5-4fa4-a97d-d965ccfc6d4b" outcome="Passed" testListId="8c84fa94-04c1-424b-9868-57a2d4851a1d" relativeResultsDirectory="1ed5bddc-0082-48c2-bd74-b2678c515ad0" />
    <UnitTestResult executionId="bcbf94a7-a25c-4791-92e6-0984af38f1f5" testId="ae0f33a0-3b74-76dc-1916-4f5d2574d976" testName="MSP430.Emulator.Tests.Memory.FlashMemoryTests.Clear_SetsAllBytesToErasedPattern" computerName="fv-az2210-123" duration="00:00:00.0003445" startTime="2025-06-06T19:28:33.8095337+00:00" endTime="2025-06-06T19:28:33.8096278+00:00" testType="13cdc9d9-ddb5-4fa4-a97d-d965ccfc6d4b" outcome="Passed" testListId="8c84fa94-04c1-424b-9868-57a2d4851a1d" relativeResultsDirectory="bcbf94a7-a25c-4791-92e6-0984af38f1f5" />
    <UnitTestResult executionId="9206ec9e-1eb2-4e52-ae56-cbb8e993a79d" testId="e8476ddd-33de-de95-27c1-bf5a3a845311" testName="MSP430.Emulator.Tests.Memory.FlashMemoryTests.Unlock_InvalidKey_ReturnsFalse(invalidKey: 21845)" computerName="fv-az2210-123" duration="00:00:00.0001571" startTime="2025-06-06T19:28:33.7899582+00:00" endTime="2025-06-06T19:28:33.7900296+00:00" testType="13cdc9d9-ddb5-4fa4-a97d-d965ccfc6d4b" outcome="Passed" testListId="8c84fa94-04c1-424b-9868-57a2d4851a1d" relativeResultsDirectory="9206ec9e-1eb2-4e52-ae56-cbb8e993a79d" />
    <UnitTestResult executionId="d1fd00c4-3336-4160-86e5-e7f185f1038d" testId="82de762a-fcd3-d4b4-40ed-775498103c60" testName="MSP430.Emulator.Tests.Instructions.Logic.XorInstructionTests.AddressingModes_AllSupportedModes_ReturnCorrectValues(mode: Register)" computerName="fv-az2210-123" duration="00:00:00.0000111" startTime="2025-06-06T19:28:33.1873166+00:00" endTime="2025-06-06T19:28:33.1874314+00:00" testType="13cdc9d9-ddb5-4fa4-a97d-d965ccfc6d4b" outcome="Passed" testListId="8c84fa94-04c1-424b-9868-57a2d4851a1d" relativeResultsDirectory="d1fd00c4-3336-4160-86e5-e7f185f1038d" />
    <UnitTestResult executionId="b4f3604c-a9e5-4a44-9cda-202c682236c2" testId="d84bea10-5b6d-dd4b-14ae-750d56fa757f" testName="MSP430.Emulator.Tests.Logging.ConsoleLoggerTests.SuppressOutput_DefaultsToFalse" computerName="fv-az2210-123" duration="00:00:00.0000830" startTime="2025-06-06T19:28:33.4469831+00:00" endTime="2025-06-06T19:28:33.4470602+00:00" testType="13cdc9d9-ddb5-4fa4-a97d-d965ccfc6d4b" outcome="Passed" testListId="8c84fa94-04c1-424b-9868-57a2d4851a1d" relativeResultsDirectory="b4f3604c-a9e5-4a44-9cda-202c682236c2" />
    <UnitTestResult executionId="bd07d0a2-2b63-44a3-af33-52d8ca82b1d8" testId="fd8c5924-db7d-bb04-e7a0-6f4a9a9358c7" testName="MSP430.Emulator.Tests.Memory.InformationMemoryTests.StoreCalibrationData_SegmentAUnprotected_Succeeds" computerName="fv-az2210-123" duration="00:00:00.0069419" startTime="2025-06-06T19:28:33.2360891+00:00" endTime="2025-06-06T19:28:33.2394886+00:00" testType="13cdc9d9-ddb5-4fa4-a97d-d965ccfc6d4b" outcome="Passed" testListId="8c84fa94-04c1-424b-9868-57a2d4851a1d" relativeResultsDirectory="bd07d0a2-2b63-44a3-af33-52d8ca82b1d8" />
    <UnitTestResult executionId="acf96e7f-bd04-4a19-ad4d-2955f82b46db" testId="17c852cb-dbda-e7be-06e9-c404a0ce0a89" testName="MSP430.Emulator.Tests.Memory.MemoryControllerTests.ReadByte_InvalidAddress_ThrowsMemoryAccessException(address: 768)" computerName="fv-az2210-123" duration="00:00:00.0033681" startTime="2025-06-06T19:28:33.9142126+00:00" endTime="2025-06-06T19:28:33.9142531+00:00" testType="13cdc9d9-ddb5-4fa4-a97d-d965ccfc6d4b" outcome="Passed" testListId="8c84fa94-04c1-424b-9868-57a2d4851a1d" relativeResultsDirectory="acf96e7f-bd04-4a19-ad4d-2955f82b46db" />
    <UnitTestResult executionId="1d166b7f-6f0a-437c-982a-44cf5c97a43c" testId="fc043c66-e74c-f738-c779-80faf525a82e" testName="MSP430.Emulator.Tests.Instructions.AddressingModeDecoderTests.RequiresExtensionWord_VariousModes_ReturnsCorrectResult(mode: Register, expected: False)" computerName="fv-az2210-123" duration="00:00:00.0002246" startTime="2025-06-06T19:28:33.4678611+00:00" endTime="2025-06-06T19:28:33.4679619+00:00" testType="13cdc9d9-ddb5-4fa4-a97d-d965ccfc6d4b" outcome="Passed" testListId="8c84fa94-04c1-424b-9868-57a2d4851a1d" relativeResultsDirectory="1d166b7f-6f0a-437c-982a-44cf5c97a43c" />
    <UnitTestResult executionId="29595573-d305-4ac4-9239-47507e0f0623" testId="b993e906-1ced-f20a-68ab-19a0ddf70e00" testName="MSP430.Emulator.Tests.Instructions.AddressingModeDecoderTests.DecodeSourceAddressingMode_GeneralPurposeRegisters_ReturnsCorrectMode(register: R5, asBits: 1, expected: Indexed)" computerName="fv-az2210-123" duration="00:00:00.0003775" startTime="2025-06-06T19:28:33.4280472+00:00" endTime="2025-06-06T19:28:33.4299458+00:00" testType="13cdc9d9-ddb5-4fa4-a97d-d965ccfc6d4b" outcome="Passed" testListId="8c84fa94-04c1-424b-9868-57a2d4851a1d" relativeResultsDirectory="29595573-d305-4ac4-9239-47507e0f0623" />
    <UnitTestResult executionId="300ddf98-ce9d-40ca-b080-c9ba247dc97d" testId="e62bca06-a59e-4647-7653-ca946b069463" testName="MSP430.Emulator.Tests.Instructions.Logic.XorInstructionTests.ExtensionWordCount_VariousAddressingModes_ReturnsCorrectCount(sourceMode: Register, destMode: Absolute, expectedCount: 1)" computerName="fv-az2210-123" duration="00:00:00.0000062" startTime="2025-06-06T19:28:33.1710743+00:00" endTime="2025-06-06T19:28:33.1711894+00:00" testType="13cdc9d9-ddb5-4fa4-a97d-d965ccfc6d4b" outcome="Passed" testListId="8c84fa94-04c1-424b-9868-57a2d4851a1d" relativeResultsDirectory="300ddf98-ce9d-40ca-b080-c9ba247dc97d" />
    <UnitTestResult executionId="9e6612a7-6c3b-4a8a-a75a-c0dfdf044b1c" testId="f5fbb7ac-2d9a-0458-7033-7c5618cbc0b7" testName="MSP430.Emulator.Tests.Cpu.RegisterFileTests.ReadRegister_ValidRegister_ReturnsZeroAfterReset(register: R4)" computerName="fv-az2210-123" duration="00:00:00.0002408" startTime="2025-06-06T19:28:33.4782995+00:00" endTime="2025-06-06T19:28:33.4796986+00:00" testType="13cdc9d9-ddb5-4fa4-a97d-d965ccfc6d4b" outcome="Passed" testListId="8c84fa94-04c1-424b-9868-57a2d4851a1d" relativeResultsDirectory="9e6612a7-6c3b-4a8a-a75a-c0dfdf044b1c" />
    <UnitTestResult executionId="ac02900a-4479-495e-95d0-cff65a9460d6" testId="11847e03-4b51-7abb-627f-dd4b8a1bc947" testName="MSP430.Emulator.Tests.Memory.FlashControllerTests.GetEraseCycles_NonEraseOperation_ReturnsZero(operation: None)" computerName="fv-az2210-123" duration="00:00:00.0002599" startTime="2025-06-06T19:28:33.3305340+00:00" endTime="2025-06-06T19:28:33.3306498+00:00" testType="13cdc9d9-ddb5-4fa4-a97d-d965ccfc6d4b" outcome="Passed" testListId="8c84fa94-04c1-424b-9868-57a2d4851a1d" relativeResultsDirectory="ac02900a-4479-495e-95d0-cff65a9460d6" />
    <UnitTestResult executionId="44e00ec0-bcec-4f87-ac50-f3b75446504c" testId="dc52a05f-0d23-6b90-ed3b-3e4c8a6ed9a6" testName="MSP430.Emulator.Tests.Core.ExecutionStateTests.IsValidTransition_ReturnsExpectedResult(from: Reset, to: Stopped, expected: True)" computerName="fv-az2210-123" duration="00:00:00.0000039" startTime="2025-06-06T19:28:33.7059858+00:00" endTime="2025-06-06T19:28:33.7060567+00:00" testType="13cdc9d9-ddb5-4fa4-a97d-d965ccfc6d4b" outcome="Passed" testListId="8c84fa94-04c1-424b-9868-57a2d4851a1d" relativeResultsDirectory="44e00ec0-bcec-4f87-ac50-f3b75446504c" />
    <UnitTestResult executionId="36a514eb-aab0-4812-9251-510a2fd63430" testId="5ab21a79-4826-ecf8-10b2-66bbec46c493" testName="MSP430.Emulator.Tests.Memory.FlashControllerTests.SetProtectionLevel_ValidLevel_ReturnsTrue(level: SecurityLocked)" computerName="fv-az2210-123" duration="00:00:00.0002378" startTime="2025-06-06T19:28:33.3853288+00:00" endTime="2025-06-06T19:28:33.3866126+00:00" testType="13cdc9d9-ddb5-4fa4-a97d-d965ccfc6d4b" outcome="Passed" testListId="8c84fa94-04c1-424b-9868-57a2d4851a1d" relativeResultsDirectory="36a514eb-aab0-4812-9251-510a2fd63430" />
    <UnitTestResult executionId="6de6318a-28ea-4901-a6cc-8ae296706a9e" testId="c67c2681-74f6-725c-909c-a0abd33f99a1" testName="MSP430.Emulator.Tests.Core.ExecutionStateTests.CanResume_ReturnsExpectedResult(state: Halted, expected: False)" computerName="fv-az2210-123" duration="00:00:00.0000052" startTime="2025-06-06T19:28:33.7165077+00:00" endTime="2025-06-06T19:28:33.7166320+00:00" testType="13cdc9d9-ddb5-4fa4-a97d-d965ccfc6d4b" outcome="Passed" testListId="8c84fa94-04c1-424b-9868-57a2d4851a1d" relativeResultsDirectory="6de6318a-28ea-4901-a6cc-8ae296706a9e" />
    <UnitTestResult executionId="b9e5c113-86e9-425b-a8ee-2dfdb917aa7d" testId="fe79359b-12e7-da12-91df-ff292c7481be" testName="MSP430.Emulator.Tests.Cpu.StatusRegisterTests.UpdateFlagsAfterSubtraction_ByteOperation_SetsCorrectFlags(operand1: 48, operand2: 16, result: 32, isByteOp: True, expectedZero: False, expectedNegative: False, expectedCarry: True, expectedOverflow: False)" computerName="fv-az2210-123" duration="00:00:00.0014426" startTime="2025-06-06T19:28:33.0944359+00:00" endTime="2025-06-06T19:28:33.0946128+00:00" testType="13cdc9d9-ddb5-4fa4-a97d-d965ccfc6d4b" outcome="Passed" testListId="8c84fa94-04c1-424b-9868-57a2d4851a1d" relativeResultsDirectory="b9e5c113-86e9-425b-a8ee-2dfdb917aa7d" />
    <UnitTestResult executionId="ce622cae-3575-4284-92a5-f3b58c5fece7" testId="56a40e2a-907d-6858-fe63-434ec795e6ff" testName="MSP430.Emulator.Tests.Instructions.Arithmetic.CmpInstructionTests.AddressingModes_AllSupportedModes_ReturnCorrectValues(mode: Immediate)" computerName="fv-az2210-123" duration="00:00:00.0002179" startTime="2025-06-06T19:28:33.7661108+00:00" endTime="2025-06-06T19:28:33.7661805+00:00" testType="13cdc9d9-ddb5-4fa4-a97d-d965ccfc6d4b" outcome="Passed" testListId="8c84fa94-04c1-424b-9868-57a2d4851a1d" relativeResultsDirectory="ce622cae-3575-4284-92a5-f3b58c5fece7" />
    <UnitTestResult executionId="a90103c9-8bee-469f-ac3b-9b79384f87b9" testId="385f4aef-f0b0-f659-8452-a4cf3ad9e59a" testName="MSP430.Emulator.Tests.Instructions.AddressingModeDecoderTests.GetConstantGeneratorValue_InvalidAsBits_ReturnsNull" computerName="fv-az2210-123" duration="00:00:00.0004219" startTime="2025-06-06T19:28:33.4242868+00:00" endTime="2025-06-06T19:28:33.4243833+00:00" testType="13cdc9d9-ddb5-4fa4-a97d-d965ccfc6d4b" outcome="Passed" testListId="8c84fa94-04c1-424b-9868-57a2d4851a1d" relativeResultsDirectory="a90103c9-8bee-469f-ac3b-9b79384f87b9" />
    <UnitTestResult executionId="22daac88-39ea-4e15-af18-712171684ddc" testId="c77e1800-4577-063a-d5a3-10a798b961b6" testName="MSP430.Emulator.Tests.Instructions.Arithmetic.AddInstructionTests.AddressingModes_AllSupportedModes_ReturnCorrectValues(mode: Indirect)" computerName="fv-az2210-123" duration="00:00:00.0002606" startTime="2025-06-06T19:28:33.8530422+00:00" endTime="2025-06-06T19:28:33.8537199+00:00" testType="13cdc9d9-ddb5-4fa4-a97d-d965ccfc6d4b" outcome="Passed" testListId="8c84fa94-04c1-424b-9868-57a2d4851a1d" relativeResultsDirectory="22daac88-39ea-4e15-af18-712171684ddc" />
    <UnitTestResult executionId="09acb3c0-5c36-4095-9666-6ef86aa4eede" testId="41602bb3-ac5e-3a1f-2ba7-94b8a9f67380" testName="MSP430.Emulator.Tests.Memory.MemoryControllerTests.WriteByte_InvalidAddress_ThrowsMemoryAccessException(address: 768)" computerName="fv-az2210-123" duration="00:00:00.0025409" startTime="2025-06-06T19:28:33.9260192+00:00" endTime="2025-06-06T19:28:33.9260596+00:00" testType="13cdc9d9-ddb5-4fa4-a97d-d965ccfc6d4b" outcome="Passed" testListId="8c84fa94-04c1-424b-9868-57a2d4851a1d" relativeResultsDirectory="09acb3c0-5c36-4095-9666-6ef86aa4eede" />
    <UnitTestResult executionId="035654f6-387d-4d2c-b38a-c17058cdceff" testId="b37e683b-bd46-e3df-60bd-75042ac4508a" testName="MSP430.Emulator.Tests.Instructions.Arithmetic.DecInstructionTests.Properties_VariousRegisters_ReturnCorrectValues(dest: R5)" computerName="fv-az2210-123" duration="00:00:00.0000105" startTime="2025-06-06T19:28:33.7535655+00:00" endTime="2025-06-06T19:28:33.7541716+00:00" testType="13cdc9d9-ddb5-4fa4-a97d-d965ccfc6d4b" outcome="Passed" testListId="8c84fa94-04c1-424b-9868-57a2d4851a1d" relativeResultsDirectory="035654f6-387d-4d2c-b38a-c17058cdceff" />
    <UnitTestResult executionId="6d55b51d-585b-4fea-bf93-5407c73ce9d3" testId="b9713d13-8f96-0fc0-5fd1-ccaa2df57299" testName="MSP430.Emulator.Tests.Memory.FlashMemoryTests.Constructor_InvalidSize_ThrowsArgumentOutOfRangeException(invalidSize: 0)" computerName="fv-az2210-123" duration="00:00:00.0030674" startTime="2025-06-06T19:28:33.8027135+00:00" endTime="2025-06-06T19:28:33.8036386+00:00" testType="13cdc9d9-ddb5-4fa4-a97d-d965ccfc6d4b" outcome="Passed" testListId="8c84fa94-04c1-424b-9868-57a2d4851a1d" relativeResultsDirectory="6d55b51d-585b-4fea-bf93-5407c73ce9d3" />
    <UnitTestResult executionId="ea808bb2-6c75-4767-84e1-76caca4d6bfc" testId="36055f49-ff24-3d56-dcab-6156f9b49e57" testName="MSP430.Emulator.Tests.Memory.MemoryControllerTests.IsValidAddress_InvalidAddresses_ReturnsFalse(address: 768)" computerName="fv-az2210-123" duration="00:00:00.0054076" startTime="2025-06-06T19:28:33.9232864+00:00" endTime="2025-06-06T19:28:33.9233325+00:00" testType="13cdc9d9-ddb5-4fa4-a97d-d965ccfc6d4b" outcome="Passed" testListId="8c84fa94-04c1-424b-9868-57a2d4851a1d" relativeResultsDirectory="ea808bb2-6c75-4767-84e1-76caca4d6bfc" />
    <UnitTestResult executionId="621784ce-0d39-49af-94ed-ed4ce9d1f488" testId="a0e538e6-b562-ec5a-407a-969fe5c9571d" testName="MSP430.Emulator.Tests.Memory.MemorySystemIntegrationTests.MemorySystem_RegionDescriptions_AreCorrect(address: 65520, expectedDescription: &quot;Interrupt Vector Table&quot;)" computerName="fv-az2210-123" duration="00:00:00.0139945" startTime="2025-06-06T19:28:33.8035802+00:00" endTime="2025-06-06T19:28:33.8232936+00:00" testType="13cdc9d9-ddb5-4fa4-a97d-d965ccfc6d4b" outcome="Passed" testListId="8c84fa94-04c1-424b-9868-57a2d4851a1d" relativeResultsDirectory="621784ce-0d39-49af-94ed-ed4ce9d1f488" />
    <UnitTestResult executionId="019fce95-781b-4589-a898-1e31959ad6a6" testId="3ef4a7ab-07be-dbb6-b53a-f018d39c8bd6" testName="MSP430.Emulator.Tests.Cpu.RegisterFileTests.ReadRegister_ValidRegister_ReturnsZeroAfterReset(register: R0)" computerName="fv-az2210-123" duration="00:00:00.0000090" startTime="2025-06-06T19:28:33.4992961+00:00" endTime="2025-06-06T19:28:33.4994124+00:00" testType="13cdc9d9-ddb5-4fa4-a97d-d965ccfc6d4b" outcome="Passed" testListId="8c84fa94-04c1-424b-9868-57a2d4851a1d" relativeResultsDirectory="019fce95-781b-4589-a898-1e31959ad6a6" />
    <UnitTestResult executionId="23fb7595-09f9-4a56-b460-c7c1e1492f7a" testId="b25f8414-ef4b-7f0a-9d87-3315fe473769" testName="MSP430.Emulator.Tests.Memory.MemoryAccessValidatorTests.IsAccessValid_VariousScenarios_ReturnsExpectedResult(address: 768, accessType: Read, expected: False)" computerName="fv-az2210-123" duration="00:00:00.0130528" startTime="2025-06-06T19:28:30.9783554+00:00" endTime="2025-06-06T19:28:30.9794183+00:00" testType="13cdc9d9-ddb5-4fa4-a97d-d965ccfc6d4b" outcome="Passed" testListId="8c84fa94-04c1-424b-9868-57a2d4851a1d" relativeResultsDirectory="23fb7595-09f9-4a56-b460-c7c1e1492f7a" />
    <UnitTestResult executionId="cb282ea5-7ad1-46bf-bab3-0ae76af86960" testId="edef4f0c-65e7-245d-9175-5f3dd760fffa" testName="MSP430.Emulator.Tests.Memory.FlashControllerTests.TryUnlock_WhenAlreadyUnlocked_ReturnsFalse" computerName="fv-az2210-123" duration="00:00:00.0001347" startTime="2025-06-06T19:28:33.3266828+00:00" endTime="2025-06-06T19:28:33.3267841+00:00" testType="13cdc9d9-ddb5-4fa4-a97d-d965ccfc6d4b" outcome="Passed" testListId="8c84fa94-04c1-424b-9868-57a2d4851a1d" relativeResultsDirectory="cb282ea5-7ad1-46bf-bab3-0ae76af86960" />
    <UnitTestResult executionId="589671a6-5dd1-4641-b6a7-08e9454ec5e2" testId="164bec43-53a3-fe64-65c3-0247c43c720d" testName="MSP430.Emulator.Tests.Configuration.EmulatorConfigTests.LoggingConfig_PropertiesCanBeSet" computerName="fv-az2210-123" duration="00:00:00.0034829" startTime="2025-06-06T19:28:33.5365547+00:00" endTime="2025-06-06T19:28:33.5732252+00:00" testType="13cdc9d9-ddb5-4fa4-a97d-d965ccfc6d4b" outcome="Passed" testListId="8c84fa94-04c1-424b-9868-57a2d4851a1d" relativeResultsDirectory="589671a6-5dd1-4641-b6a7-08e9454ec5e2" />
    <UnitTestResult executionId="2ac3c95d-8407-4cca-95fc-49d65944b474" testId="97b6d59d-2b18-8f66-499e-3eef489a237f" testName="MSP430.Emulator.Tests.Instructions.Logic.AndInstructionTests.ToString_VariousAddressingModes_FormatsCorrectly(mode: Symbolic, expectedOperand: &quot;ADDR&quot;)" computerName="fv-az2210-123" duration="00:00:00.0000083" startTime="2025-06-06T19:28:33.6896449+00:00" endTime="2025-06-06T19:28:33.6897203+00:00" testType="13cdc9d9-ddb5-4fa4-a97d-d965ccfc6d4b" outcome="Passed" testListId="8c84fa94-04c1-424b-9868-57a2d4851a1d" relativeResultsDirectory="2ac3c95d-8407-4cca-95fc-49d65944b474" />
    <UnitTestResult executionId="20531f84-2de2-44fc-b7f9-d4cf3f7fc999" testId="55167ba9-bc99-acad-f140-c35373103ce0" testName="MSP430.Emulator.Tests.Memory.FlashMemoryTests.Unlock_InvalidKey_ReturnsFalse(invalidKey: 4660)" computerName="fv-az2210-123" duration="00:00:00.0001978" startTime="2025-06-06T19:28:33.7903857+00:00" endTime="2025-06-06T19:28:33.7904538+00:00" testType="13cdc9d9-ddb5-4fa4-a97d-d965ccfc6d4b" outcome="Passed" testListId="8c84fa94-04c1-424b-9868-57a2d4851a1d" relativeResultsDirectory="20531f84-2de2-44fc-b7f9-d4cf3f7fc999" />
    <UnitTestResult executionId="94bbb81a-1d82-4258-9c65-1b8148707002" testId="6581a9d3-203a-401e-b2e3-83f498705045" testName="MSP430.Emulator.Tests.Memory.RandomAccessMemoryTests.IsRangeInBounds_RangeOverflowsAddressSpace_ReturnsFalse" computerName="fv-az2210-123" duration="00:00:00.0001164" startTime="2025-06-06T19:28:33.8938653+00:00" endTime="2025-06-06T19:28:33.8939258+00:00" testType="13cdc9d9-ddb5-4fa4-a97d-d965ccfc6d4b" outcome="Passed" testListId="8c84fa94-04c1-424b-9868-57a2d4851a1d" relativeResultsDirectory="94bbb81a-1d82-4258-9c65-1b8148707002" />
    <UnitTestResult executionId="94a26b41-527e-478a-a50c-1caeb40079a3" testId="75566b3b-83b5-a1be-ac98-20e00d15c8fa" testName="MSP430.Emulator.Tests.Memory.FlashMemoryTests.GetSectorNumber_ValidAddress_ReturnsCorrectSector" computerName="fv-az2210-123" duration="00:00:00.0002223" startTime="2025-06-06T19:28:33.7954893+00:00" endTime="2025-06-06T19:28:33.7955531+00:00" testType="13cdc9d9-ddb5-4fa4-a97d-d965ccfc6d4b" outcome="Passed" testListId="8c84fa94-04c1-424b-9868-57a2d4851a1d" relativeResultsDirectory="94a26b41-527e-478a-a50c-1caeb40079a3" />
    <UnitTestResult executionId="aa33ad54-5be2-4601-a054-919bcc5e4170" testId="b6b69146-e3b2-9e01-0751-c56a269411e1" testName="MSP430.Emulator.Tests.Memory.FlashControllerTests.StartProgramming_ByteOperation_ReturnsTrue" computerName="fv-az2210-123" duration="00:00:00.0001858" startTime="2025-06-06T19:28:33.3535088+00:00" endTime="2025-06-06T19:28:33.3536281+00:00" testType="13cdc9d9-ddb5-4fa4-a97d-d965ccfc6d4b" outcome="Passed" testListId="8c84fa94-04c1-424b-9868-57a2d4851a1d" relativeResultsDirectory="aa33ad54-5be2-4601-a054-919bcc5e4170" />
    <UnitTestResult executionId="97b54504-8881-4dae-82de-43603bae03fa" testId="f04490d2-aa85-8945-8b20-102294b7c9c9" testName="MSP430.Emulator.Tests.Memory.FlashMemoryTests.ReadByte_InvalidAddress_ThrowsArgumentOutOfRangeException(invalidAddress: 32767)" computerName="fv-az2210-123" duration="00:00:00.0003795" startTime="2025-06-06T19:28:33.7857698+00:00" endTime="2025-06-06T19:28:33.7858409+00:00" testType="13cdc9d9-ddb5-4fa4-a97d-d965ccfc6d4b" outcome="Passed" testListId="8c84fa94-04c1-424b-9868-57a2d4851a1d" relativeResultsDirectory="97b54504-8881-4dae-82de-43603bae03fa" />
    <UnitTestResult executionId="e03282f4-42e6-4432-ae2b-fbcb16498288" testId="38167955-d3af-7f62-a0d8-55f2c2a1335c" testName="MSP430.Emulator.Tests.Instructions.InstructionDecoderTests.GetInstructionFormat_FormatII_ReturnsFormatII(instructionWord: 4864)" computerName="fv-az2210-123" duration="00:00:00.0000081" startTime="2025-06-06T19:28:33.8255987+00:00" endTime="2025-06-06T19:28:33.8256507+00:00" testType="13cdc9d9-ddb5-4fa4-a97d-d965ccfc6d4b" outcome="Passed" testListId="8c84fa94-04c1-424b-9868-57a2d4851a1d" relativeResultsDirectory="e03282f4-42e6-4432-ae2b-fbcb16498288" />
    <UnitTestResult executionId="ca87245d-3801-41ef-8a4a-e9f395d7d520" testId="b271b6b7-28a3-acc9-1ca7-a3eeff2fedc1" testName="MSP430.Emulator.Tests.Logging.FileLoggerTests.Error_WritesToFile" computerName="fv-az2210-123" duration="00:00:00.0004554" startTime="2025-06-06T19:28:30.9279408+00:00" endTime="2025-06-06T19:28:30.9281201+00:00" testType="13cdc9d9-ddb5-4fa4-a97d-d965ccfc6d4b" outcome="Passed" testListId="8c84fa94-04c1-424b-9868-57a2d4851a1d" relativeResultsDirectory="ca87245d-3801-41ef-8a4a-e9f395d7d520" />
    <UnitTestResult executionId="3323cbf8-d21f-4254-89a8-71c530f8ab30" testId="99097932-b0b8-e442-8755-378bd1dd8964" testName="MSP430.Emulator.Tests.Diagnostics.DiagnosticReportGeneratorTests.GenerateReport_ShouldIncludeApplicationInfo" computerName="fv-az2210-123" duration="00:00:00.0016566" startTime="2025-06-06T19:28:33.1400200+00:00" endTime="2025-06-06T19:28:33.1571763+00:00" testType="13cdc9d9-ddb5-4fa4-a97d-d965ccfc6d4b" outcome="Passed" testListId="8c84fa94-04c1-424b-9868-57a2d4851a1d" relativeResultsDirectory="3323cbf8-d21f-4254-89a8-71c530f8ab30" />
    <UnitTestResult executionId="7e902efe-6a56-491c-889d-e581b94acba5" testId="9fea2002-0604-92bb-b5ee-973849f6587e" testName="MSP430.Emulator.Tests.Instructions.Arithmetic.AddInstructionTests.ToString_VariousAddressingModes_FormatsCorrectly(register: R2, mode: Absolute, expectedOperand: &quot;&amp;ADDR&quot;)" computerName="fv-az2210-123" duration="00:00:00.0000044" startTime="2025-06-06T19:28:33.8432215+00:00" endTime="2025-06-06T19:28:33.8432714+00:00" testType="13cdc9d9-ddb5-4fa4-a97d-d965ccfc6d4b" outcome="Passed" testListId="8c84fa94-04c1-424b-9868-57a2d4851a1d" relativeResultsDirectory="7e902efe-6a56-491c-889d-e581b94acba5" />
    <UnitTestResult executionId="74c6e892-48ad-43d5-b0d8-a6b608f115ea" testId="fa283544-6f8e-1057-dfd1-0b2e92b40be4" testName="MSP430.Emulator.Tests.Instructions.Logic.XorInstructionTests.AddressingModes_AllSupportedModes_ReturnCorrectValues(mode: Indirect)" computerName="fv-az2210-123" duration="00:00:00.0000119" startTime="2025-06-06T19:28:33.1822561+00:00" endTime="2025-06-06T19:28:33.1823595+00:00" testType="13cdc9d9-ddb5-4fa4-a97d-d965ccfc6d4b" outcome="Passed" testListId="8c84fa94-04c1-424b-9868-57a2d4851a1d" relativeResultsDirectory="74c6e892-48ad-43d5-b0d8-a6b608f115ea" />
    <UnitTestResult executionId="5bcd3234-9a03-46d4-b8a4-7b6af8dacbb5" testId="8e307fe9-8ea7-c4b0-fe61-2d09cc599459" testName="MSP430.Emulator.Tests.Instructions.Logic.AndInstructionTests.ToString_VariousAddressingModes_FormatsCorrectly(mode: IndirectAutoIncrement, expectedOperand: &quot;@R1+&quot;)" computerName="fv-az2210-123" duration="00:00:00.0002048" startTime="2025-06-06T19:28:33.6867743+00:00" endTime="2025-06-06T19:28:33.6869226+00:00" testType="13cdc9d9-ddb5-4fa4-a97d-d965ccfc6d4b" outcome="Passed" testListId="8c84fa94-04c1-424b-9868-57a2d4851a1d" relativeResultsDirectory="5bcd3234-9a03-46d4-b8a4-7b6af8dacbb5" />
    <UnitTestResult executionId="c670211b-d055-4870-9bf9-b62fb1a405e4" testId="77dbcffa-7f17-e355-6e0d-649f5c724812" testName="MSP430.Emulator.Tests.Instructions.AddressingModeDecoderTests.GetConstantGeneratorValue_ValidAsBits_ReturnsCorrectConstant(asBits: 3, expected: 65535)" computerName="fv-az2210-123" duration="00:00:00.0000097" startTime="2025-06-06T19:28:33.4518936+00:00" endTime="2025-06-06T19:28:33.4519926+00:00" testType="13cdc9d9-ddb5-4fa4-a97d-d965ccfc6d4b" outcome="Passed" testListId="8c84fa94-04c1-424b-9868-57a2d4851a1d" relativeResultsDirectory="c670211b-d055-4870-9bf9-b62fb1a405e4" />
    <UnitTestResult executionId="bf52a8de-c2eb-4c08-aaa3-173113c2313f" testId="c5620c7b-b006-b470-8b69-0d8249e1370f" testName="MSP430.Emulator.Tests.Instructions.Logic.XorInstructionTests.ExtensionWordCount_VariousAddressingModes_ReturnsCorrectCount(sourceMode: Absolute, destMode: Register, expectedCount: 1)" computerName="fv-az2210-123" duration="00:00:00.0000064" startTime="2025-06-06T19:28:33.1731845+00:00" endTime="2025-06-06T19:28:33.1732837+00:00" testType="13cdc9d9-ddb5-4fa4-a97d-d965ccfc6d4b" outcome="Passed" testListId="8c84fa94-04c1-424b-9868-57a2d4851a1d" relativeResultsDirectory="bf52a8de-c2eb-4c08-aaa3-173113c2313f" />
    <UnitTestResult executionId="f7d36965-790d-410a-a564-f66b7089a503" testId="80975d9c-7866-a0b3-f78c-b02afa1c0200" testName="MSP430.Emulator.Tests.Instructions.Logic.BisInstructionTests.ToString_VariousAddressingModes_FormatsCorrectly(mode: Indirect, expectedOperand: &quot;@R1&quot;)" computerName="fv-az2210-123" duration="00:00:00.0001966" startTime="2025-06-06T19:28:33.7347070+00:00" endTime="2025-06-06T19:28:33.7390998+00:00" testType="13cdc9d9-ddb5-4fa4-a97d-d965ccfc6d4b" outcome="Passed" testListId="8c84fa94-04c1-424b-9868-57a2d4851a1d" relativeResultsDirectory="f7d36965-790d-410a-a564-f66b7089a503" />
    <UnitTestResult executionId="ef66011b-5c74-46c3-b241-f45ed386885d" testId="bf6d386e-84da-9ead-24f5-b0c9b25036b0" testName="MSP430.Emulator.Tests.Instructions.AddressingModeDecoderTests.DecodeSourceAddressingMode_R0_ReturnsCorrectMode(asBits: 0, expected: Register)" computerName="fv-az2210-123" duration="00:00:00.0000090" startTime="2025-06-06T19:28:33.4552203+00:00" endTime="2025-06-06T19:28:33.4553053+00:00" testType="13cdc9d9-ddb5-4fa4-a97d-d965ccfc6d4b" outcome="Passed" testListId="8c84fa94-04c1-424b-9868-57a2d4851a1d" relativeResultsDirectory="ef66011b-5c74-46c3-b241-f45ed386885d" />
    <UnitTestResult executionId="6c9a1a6c-a9a6-4825-a299-8fd1b85ff9ad" testId="3613154f-249f-708a-2260-5f519b39db1c" testName="MSP430.Emulator.Tests.Memory.MemoryControllerTests.WriteWord_WithContext_NullContext_ThrowsArgumentNullException" computerName="fv-az2210-123" duration="00:00:00.0022218" startTime="2025-06-06T19:28:33.9288979+00:00" endTime="2025-06-06T19:28:33.9289528+00:00" testType="13cdc9d9-ddb5-4fa4-a97d-d965ccfc6d4b" outcome="Passed" testListId="8c84fa94-04c1-424b-9868-57a2d4851a1d" relativeResultsDirectory="6c9a1a6c-a9a6-4825-a299-8fd1b85ff9ad" />
    <UnitTestResult executionId="67fb46c6-0d39-4831-a384-9fbd1e6174d7" testId="e6384440-9fd0-3f43-400a-0ad82962a8ed" testName="MSP430.Emulator.Tests.Instructions.Logic.AndInstructionTests.ToString_VariousAddressingModes_FormatsCorrectly(mode: Immediate, expectedOperand: &quot;#N&quot;)" computerName="fv-az2210-123" duration="00:00:00.0002308" startTime="2025-06-06T19:28:33.6875262+00:00" endTime="2025-06-06T19:28:33.6876515+00:00" testType="13cdc9d9-ddb5-4fa4-a97d-d965ccfc6d4b" outcome="Passed" testListId="8c84fa94-04c1-424b-9868-57a2d4851a1d" relativeResultsDirectory="67fb46c6-0d39-4831-a384-9fbd1e6174d7" />
    <UnitTestResult executionId="4fb1f0ee-0a27-4217-9e3a-750d9733d14d" testId="6302a6ff-9541-f2da-ff41-aa64e1d8f2aa" testName="MSP430.Emulator.Tests.Memory.MemorySystemIntegrationTests.MemorySystem_Integration_ValidatesAddressSpace" computerName="fv-az2210-123" duration="00:00:00.0063377" startTime="2025-06-06T19:28:33.8809807+00:00" endTime="2025-06-06T19:28:33.8907985+00:00" testType="13cdc9d9-ddb5-4fa4-a97d-d965ccfc6d4b" outcome="Passed" testListId="8c84fa94-04c1-424b-9868-57a2d4851a1d" relativeResultsDirectory="4fb1f0ee-0a27-4217-9e3a-750d9733d14d" />
    <UnitTestResult executionId="e76a9568-cf0e-40bb-9c3a-b20cf0ec5136" testId="c70aed7e-b9fb-5780-79b8-d966a31224cc" testName="MSP430.Emulator.Tests.Cpu.StatusRegisterTests.Carry_GetSet_WorksCorrectly(value: 1, expectedCarry: True)" computerName="fv-az2210-123" duration="00:00:00.0002871" startTime="2025-06-06T19:28:33.0497285+00:00" endTime="2025-06-06T19:28:33.0499087+00:00" testType="13cdc9d9-ddb5-4fa4-a97d-d965ccfc6d4b" outcome="Passed" testListId="8c84fa94-04c1-424b-9868-57a2d4851a1d" relativeResultsDirectory="e76a9568-cf0e-40bb-9c3a-b20cf0ec5136" />
    <UnitTestResult executionId="40dd3a7b-bd0d-4282-9a77-67d1b025083c" testId="7c9e8dee-507a-44c5-8dae-d8bc5191a1b0" testName="MSP430.Emulator.Tests.Logging.FileLoggerTests.Fatal_WritesToFile" computerName="fv-az2210-123" duration="00:00:00.0124775" startTime="2025-06-06T19:28:30.8057430+00:00" endTime="2025-06-06T19:28:30.8173690+00:00" testType="13cdc9d9-ddb5-4fa4-a97d-d965ccfc6d4b" outcome="Passed" testListId="8c84fa94-04c1-424b-9868-57a2d4851a1d" relativeResultsDirectory="40dd3a7b-bd0d-4282-9a77-67d1b025083c" />
    <UnitTestResult executionId="3571bd3c-00f1-41e5-b255-864723f400fa" testId="c6c6d9ce-b53a-7fc8-6984-0678fe717dbc" testName="MSP430.Emulator.Tests.Instructions.Arithmetic.IncInstructionTests.AddressingModes_AllSupportedModes_ReturnCorrectValues(mode: Absolute)" computerName="fv-az2210-123" duration="00:00:00.0002484" startTime="2025-06-06T19:28:33.6136912+00:00" endTime="2025-06-06T19:28:33.6148155+00:00" testType="13cdc9d9-ddb5-4fa4-a97d-d965ccfc6d4b" outcome="Passed" testListId="8c84fa94-04c1-424b-9868-57a2d4851a1d" relativeResultsDirectory="3571bd3c-00f1-41e5-b255-864723f400fa" />
    <UnitTestResult executionId="50ea037c-a648-43f6-b59d-f1895fb86575" testId="9950094f-dbf1-f08b-68d2-f4ce90c25146" testName="MSP430.Emulator.Tests.Instructions.InstructionDecoderTests.GetInstructionFormat_FormatII_ReturnsFormatII(instructionWord: 4160)" computerName="fv-az2210-123" duration="00:00:00.0000061" startTime="2025-06-06T19:28:33.8265524+00:00" endTime="2025-06-06T19:28:33.8266044+00:00" testType="13cdc9d9-ddb5-4fa4-a97d-d965ccfc6d4b" outcome="Passed" testListId="8c84fa94-04c1-424b-9868-57a2d4851a1d" relativeResultsDirectory="50ea037c-a648-43f6-b59d-f1895fb86575" />
    <UnitTestResult executionId="8a3caee8-f141-4a82-8678-4909348cfa6f" testId="ffa5104f-1dad-0eab-e639-2299d32abeb2" testName="MSP430.Emulator.Tests.Instructions.AddressingModeDecoderTests.RequiresExtensionWord_VariousModes_ReturnsCorrectResult(mode: Indexed, expected: True)" computerName="fv-az2210-123" duration="00:00:00.0000063" startTime="2025-06-06T19:28:33.4754924+00:00" endTime="2025-06-06T19:28:33.4755666+00:00" testType="13cdc9d9-ddb5-4fa4-a97d-d965ccfc6d4b" outcome="Passed" testListId="8c84fa94-04c1-424b-9868-57a2d4851a1d" relativeResultsDirectory="8a3caee8-f141-4a82-8678-4909348cfa6f" />
    <UnitTestResult executionId="b22ccc35-a1d7-4f81-8484-0241c3bb1464" testId="98ac93cf-a083-32d5-d4f4-4f5390a5b522" testName="MSP430.Emulator.Tests.Memory.FlashControllerTests.Update_CompletesOperationWhenCyclesElapse" computerName="fv-az2210-123" duration="00:00:00.0168818" startTime="2025-06-06T19:28:33.2393438+00:00" endTime="2025-06-06T19:28:33.2953503+00:00" testType="13cdc9d9-ddb5-4fa4-a97d-d965ccfc6d4b" outcome="Passed" testListId="8c84fa94-04c1-424b-9868-57a2d4851a1d" relativeResultsDirectory="b22ccc35-a1d7-4f81-8484-0241c3bb1464" />
    <UnitTestResult executionId="55922317-3934-4355-b269-6c6f05e7b5f9" testId="5e36f5b8-dce1-5249-d1c7-e709381800c6" testName="MSP430.Emulator.Tests.Memory.MemoryMapTests.GetRegion_ValidAddress_ReturnsCorrectRegion" computerName="fv-az2210-123" duration="00:00:00.0135927" startTime="2025-06-06T19:28:30.9766258+00:00" endTime="2025-06-06T19:28:30.9784275+00:00" testType="13cdc9d9-ddb5-4fa4-a97d-d965ccfc6d4b" outcome="Passed" testListId="8c84fa94-04c1-424b-9868-57a2d4851a1d" relativeResultsDirectory="55922317-3934-4355-b269-6c6f05e7b5f9" />
    <UnitTestResult executionId="10a62fd9-7bed-4c1c-a02e-58a779195930" testId="187040a7-e081-d18e-af5f-713079d31e5c" testName="MSP430.Emulator.Tests.Instructions.Logic.BisInstructionTests.AddressingModes_AllSupportedModes_ReturnCorrectValues(mode: Symbolic)" computerName="fv-az2210-123" duration="00:00:00.0002087" startTime="2025-06-06T19:28:33.7286049+00:00" endTime="2025-06-06T19:28:33.7293674+00:00" testType="13cdc9d9-ddb5-4fa4-a97d-d965ccfc6d4b" outcome="Passed" testListId="8c84fa94-04c1-424b-9868-57a2d4851a1d" relativeResultsDirectory="10a62fd9-7bed-4c1c-a02e-58a779195930" />
    <UnitTestResult executionId="98528ab1-0691-4990-9a53-c7f13123b960" testId="623a3f26-8f70-b59d-a2de-30de716d7939" testName="MSP430.Emulator.Tests.Cpu.RegisterFileTests.ReadRegisterLowByte_ValidRegister_ReturnsCorrectByte(register: R0, fullValue: 4660, expectedLowByte: 52)" computerName="fv-az2210-123" duration="00:00:00.0034518" startTime="2025-06-06T19:28:33.5086173+00:00" endTime="2025-06-06T19:28:33.5187658+00:00" testType="13cdc9d9-ddb5-4fa4-a97d-d965ccfc6d4b" outcome="Passed" testListId="8c84fa94-04c1-424b-9868-57a2d4851a1d" relativeResultsDirectory="98528ab1-0691-4990-9a53-c7f13123b960" />
    <UnitTestResult executionId="f0f2b43c-364c-48b4-8aab-c4ef74c37579" testId="a9ed9150-803d-be5f-4adf-9719fb2140e1" testName="MSP430.Emulator.Tests.Memory.MemoryMapTests.DefaultMemoryLayout_RegionBoundaries_AreCorrect(region: Peripherals16Bit, expectedStart: 512, expectedEnd: 639)" computerName="fv-az2210-123" duration="00:00:00.0031970" startTime="2025-06-06T19:28:30.9361428+00:00" endTime="2025-06-06T19:28:30.9362874+00:00" testType="13cdc9d9-ddb5-4fa4-a97d-d965ccfc6d4b" outcome="Passed" testListId="8c84fa94-04c1-424b-9868-57a2d4851a1d" relativeResultsDirectory="f0f2b43c-364c-48b4-8aab-c4ef74c37579" />
    <UnitTestResult executionId="bd324c59-fa92-4d6b-a2dd-849e6a2a49bb" testId="ab20a2d0-f28c-5da4-0889-f5f9c71b5c43" testName="MSP430.Emulator.Tests.Instructions.Logic.XorInstructionTests.Constructor_ByteOperation_SetsByteFlag" computerName="fv-az2210-123" duration="00:00:00.0001529" startTime="2025-06-06T19:28:33.2215569+00:00" endTime="2025-06-06T19:28:33.2216627+00:00" testType="13cdc9d9-ddb5-4fa4-a97d-d965ccfc6d4b" outcome="Passed" testListId="8c84fa94-04c1-424b-9868-57a2d4851a1d" relativeResultsDirectory="bd324c59-fa92-4d6b-a2dd-849e6a2a49bb" />
    <UnitTestResult executionId="e1661d88-04b9-43c7-be76-cb66d14aa1ac" testId="e72eb533-0b31-9a3c-33b1-8b27b67bdb00" testName="MSP430.Emulator.Tests.Instructions.Logic.AndInstructionTests.AddressingModes_AllSupportedModes_ReturnCorrectValues(mode: IndirectAutoIncrement)" computerName="fv-az2210-123" duration="00:00:00.0000122" startTime="2025-06-06T19:28:33.6836984+00:00" endTime="2025-06-06T19:28:33.6839293+00:00" testType="13cdc9d9-ddb5-4fa4-a97d-d965ccfc6d4b" outcome="Passed" testListId="8c84fa94-04c1-424b-9868-57a2d4851a1d" relativeResultsDirectory="e1661d88-04b9-43c7-be76-cb66d14aa1ac" />
    <UnitTestResult executionId="a11eda94-9535-4b67-8c3b-72c06295b710" testId="9792e854-c390-9c72-5e15-a644737f4807" testName="MSP430.Emulator.Tests.Instructions.Arithmetic.DecInstructionTests.AddressingModes_AllSupportedModes_ReturnCorrectValues(mode: Absolute)" computerName="fv-az2210-123" duration="00:00:00.0000080" startTime="2025-06-06T19:28:33.7482029+00:00" endTime="2025-06-06T19:28:33.7485820+00:00" testType="13cdc9d9-ddb5-4fa4-a97d-d965ccfc6d4b" outcome="Passed" testListId="8c84fa94-04c1-424b-9868-57a2d4851a1d" relativeResultsDirectory="a11eda94-9535-4b67-8c3b-72c06295b710" />
    <UnitTestResult executionId="9de7c0a6-f86e-418f-8920-7869c120cea3" testId="7891b759-5ca9-60f8-f9ea-6e6c1757f6bc" testName="MSP430.Emulator.Tests.Memory.FlashControllerTests.SetProtectionLevel_LocksControllerWhenProtected" computerName="fv-az2210-123" duration="00:00:00.0001295" startTime="2025-06-06T19:28:33.4101196+00:00" endTime="2025-06-06T19:28:33.4102280+00:00" testType="13cdc9d9-ddb5-4fa4-a97d-d965ccfc6d4b" outcome="Passed" testListId="8c84fa94-04c1-424b-9868-57a2d4851a1d" relativeResultsDirectory="9de7c0a6-f86e-418f-8920-7869c120cea3" />
    <UnitTestResult executionId="4e125d32-1b89-408d-8ed0-4fb5194381d2" testId="8b5dd84f-4875-12fd-a7d0-d6d028f9d2f6" testName="MSP430.Emulator.Tests.Memory.FlashMemoryTests.IsAddressInBounds_ValidAddresses_ReturnsTrue" computerName="fv-az2210-123" duration="00:00:00.0001216" startTime="2025-06-06T19:28:33.8062408+00:00" endTime="2025-06-06T19:28:33.8062992+00:00" testType="13cdc9d9-ddb5-4fa4-a97d-d965ccfc6d4b" outcome="Passed" testListId="8c84fa94-04c1-424b-9868-57a2d4851a1d" relativeResultsDirectory="4e125d32-1b89-408d-8ed0-4fb5194381d2" />
    <UnitTestResult executionId="c5f1572c-f8ac-4c88-8cfc-36064aa92673" testId="8e09c60e-cdd1-59f3-1388-ac6eeacc35da" testName="MSP430.Emulator.Tests.Memory.MemoryAccessValidatorTests.ValidationMethods_LogCorrectAccessTypes" computerName="fv-az2210-123" duration="00:00:00.0097611" startTime="2025-06-06T19:28:31.0010125+00:00" endTime="2025-06-06T19:28:31.0019265+00:00" testType="13cdc9d9-ddb5-4fa4-a97d-d965ccfc6d4b" outcome="Passed" testListId="8c84fa94-04c1-424b-9868-57a2d4851a1d" relativeResultsDirectory="c5f1572c-f8ac-4c88-8cfc-36064aa92673" />
    <UnitTestResult executionId="24eae855-9144-47f7-8e03-84a0cb846321" testId="b7340aa7-cf1c-96a5-c1af-e8011d0a9a3e" testName="MSP430.Emulator.Tests.Instructions.InstructionDecoderTests.GetInstructionFormat_FormatIII_ReturnsFormatIII(instructionWord: 14336)" computerName="fv-az2210-123" duration="00:00:00.0000040" startTime="2025-06-06T19:28:33.8317571+00:00" endTime="2025-06-06T19:28:33.8318073+00:00" testType="13cdc9d9-ddb5-4fa4-a97d-d965ccfc6d4b" outcome="Passed" testListId="8c84fa94-04c1-424b-9868-57a2d4851a1d" relativeResultsDirectory="24eae855-9144-47f7-8e03-84a0cb846321" />
    <UnitTestResult executionId="0665da62-51fb-478e-87c4-34debdd65969" testId="a7b8f9e1-a42d-42c1-7804-d7e935e1bb7d" testName="MSP430.Emulator.Tests.Instructions.Logic.XorInstructionTests.ToString_VariousAddressingModes_FormatsCorrectly(mode: Indirect, expectedOperand: &quot;@R1&quot;)" computerName="fv-az2210-123" duration="00:00:00.0000181" startTime="2025-06-06T19:28:33.0381380+00:00" endTime="2025-06-06T19:28:33.0382954+00:00" testType="13cdc9d9-ddb5-4fa4-a97d-d965ccfc6d4b" outcome="Passed" testListId="8c84fa94-04c1-424b-9868-57a2d4851a1d" relativeResultsDirectory="0665da62-51fb-478e-87c4-34debdd65969" />
    <UnitTestResult executionId="85d521d4-6854-4bec-a023-412c47e98976" testId="1023fd96-7fad-4db8-8b0d-15295626cdf4" testName="MSP430.Emulator.Tests.Cpu.RegisterFileTests.WriteRegister_ValidRegister_StoresValue(register: R15, value: 65535)" computerName="fv-az2210-123" duration="00:00:00.0001250" startTime="2025-06-06T19:28:33.5798495+00:00" endTime="2025-06-06T19:28:33.5799482+00:00" testType="13cdc9d9-ddb5-4fa4-a97d-d965ccfc6d4b" outcome="Passed" testListId="8c84fa94-04c1-424b-9868-57a2d4851a1d" relativeResultsDirectory="85d521d4-6854-4bec-a023-412c47e98976" />
    <UnitTestResult executionId="623f6fff-0936-4daf-8355-4b3d748e9deb" testId="8f5186d2-d538-f241-1261-99ca97ddf4b6" testName="MSP430.Emulator.Tests.Instructions.Arithmetic.AddInstructionTests.ToString_VariousAddressingModes_FormatsCorrectly(register: R0, mode: Symbolic, expectedOperand: &quot;ADDR&quot;)" computerName="fv-az2210-123" duration="00:00:00.0000056" startTime="2025-06-06T19:28:33.8411552+00:00" endTime="2025-06-06T19:28:33.8412560+00:00" testType="13cdc9d9-ddb5-4fa4-a97d-d965ccfc6d4b" outcome="Passed" testListId="8c84fa94-04c1-424b-9868-57a2d4851a1d" relativeResultsDirectory="623f6fff-0936-4daf-8355-4b3d748e9deb" />
    <UnitTestResult executionId="b9345f78-3bc9-4b97-a4b1-89334a4a76bd" testId="0791cf6d-7177-8ba2-079c-1ce53edf7fbf" testName="MSP430.Emulator.Tests.Instructions.Logic.XorInstructionTests.ToString_VariousAddressingModes_FormatsCorrectly(mode: Absolute, expectedOperand: &quot;&amp;ADDR&quot;)" computerName="fv-az2210-123" duration="00:00:00.0000106" startTime="2025-06-06T19:28:33.0310831+00:00" endTime="2025-06-06T19:28:33.0312128+00:00" testType="13cdc9d9-ddb5-4fa4-a97d-d965ccfc6d4b" outcome="Passed" testListId="8c84fa94-04c1-424b-9868-57a2d4851a1d" relativeResultsDirectory="b9345f78-3bc9-4b97-a4b1-89334a4a76bd" />
    <UnitTestResult executionId="1d36105a-1b78-4b67-832c-1b066b9cbb5f" testId="c4e84f88-b1c5-01ca-1177-12fd1e5af099" testName="MSP430.Emulator.Tests.Instructions.Arithmetic.SubInstructionTests.Properties_VariousRegisters_ReturnCorrectValues(source: CG1, dest: R4)" computerName="fv-az2210-123" duration="00:00:00.0002838" startTime="2025-06-06T19:28:33.6282906+00:00" endTime="2025-06-06T19:28:33.6321238+00:00" testType="13cdc9d9-ddb5-4fa4-a97d-d965ccfc6d4b" outcome="Passed" testListId="8c84fa94-04c1-424b-9868-57a2d4851a1d" relativeResultsDirectory="1d36105a-1b78-4b67-832c-1b066b9cbb5f" />
    <UnitTestResult executionId="4729a19d-7b7b-4b75-bcd5-de1ae030a75d" testId="e09c8b96-46d9-aabf-1dc3-48270025e058" testName="MSP430.Emulator.Tests.Memory.MemoryMapTests.IsAccessAllowed_ValidPermissions_ReturnsTrue" computerName="fv-az2210-123" duration="00:00:00.0119875" startTime="2025-06-06T19:28:30.9810005+00:00" endTime="2025-06-06T19:28:30.9818421+00:00" testType="13cdc9d9-ddb5-4fa4-a97d-d965ccfc6d4b" outcome="Passed" testListId="8c84fa94-04c1-424b-9868-57a2d4851a1d" relativeResultsDirectory="4729a19d-7b7b-4b75-bcd5-de1ae030a75d" />
    <UnitTestResult executionId="4d4ced80-4339-40f6-936c-d95d27414bd6" testId="b7204663-1992-a46d-6a0d-d54491dc274d" testName="MSP430.Emulator.Tests.Instructions.AddressingModeDecoderTests.RequiresExtensionWord_VariousModes_ReturnsCorrectResult(mode: Immediate, expected: True)" computerName="fv-az2210-123" duration="00:00:00.0000054" startTime="2025-06-06T19:28:33.4730193+00:00" endTime="2025-06-06T19:28:33.4731016+00:00" testType="13cdc9d9-ddb5-4fa4-a97d-d965ccfc6d4b" outcome="Passed" testListId="8c84fa94-04c1-424b-9868-57a2d4851a1d" relativeResultsDirectory="4d4ced80-4339-40f6-936c-d95d27414bd6" />
    <UnitTestResult executionId="84f37b39-43e4-4b51-98fa-d63d78aa1397" testId="a102bbd6-99f5-63e7-40a9-15691b71a5c4" testName="MSP430.Emulator.Tests.Instructions.AddressingModeDecoderTests.DecodeDestinationAddressingMode_R2_ReturnsCorrectMode(adBit: True, expected: Absolute)" computerName="fv-az2210-123" duration="00:00:00.0001319" startTime="2025-06-06T19:28:33.4887003+00:00" endTime="2025-06-06T19:28:33.4912838+00:00" testType="13cdc9d9-ddb5-4fa4-a97d-d965ccfc6d4b" outcome="Passed" testListId="8c84fa94-04c1-424b-9868-57a2d4851a1d" relativeResultsDirectory="84f37b39-43e4-4b51-98fa-d63d78aa1397" />
    <UnitTestResult executionId="c58c5c62-cba2-44de-947e-2e9b153339ec" testId="b226d209-dc1d-7132-fdd3-a893e5473b2d" testName="MSP430.Emulator.Tests.Instructions.Arithmetic.AddInstructionTests.AddressingModes_AllSupportedModes_ReturnCorrectValues(mode: IndirectAutoIncrement)" computerName="fv-az2210-123" duration="00:00:00.0000105" startTime="2025-06-06T19:28:33.8566178+00:00" endTime="2025-06-06T19:28:33.8566606+00:00" testType="13cdc9d9-ddb5-4fa4-a97d-d965ccfc6d4b" outcome="Passed" testListId="8c84fa94-04c1-424b-9868-57a2d4851a1d" relativeResultsDirectory="c58c5c62-cba2-44de-947e-2e9b153339ec" />
    <UnitTestResult executionId="0f615392-7fc9-4399-b5c1-e4adc4c8bd1f" testId="2ab3f26f-196c-99df-ce70-bcea61eda174" testName="MSP430.Emulator.Tests.Core.EmulatorCoreTests.Constructor_WithNullMemoryMap_ThrowsArgumentNullException" computerName="fv-az2210-123" duration="00:00:00.0114252" startTime="2025-06-06T19:28:33.6838283+00:00" endTime="2025-06-06T19:28:33.7396015+00:00" testType="13cdc9d9-ddb5-4fa4-a97d-d965ccfc6d4b" outcome="Passed" testListId="8c84fa94-04c1-424b-9868-57a2d4851a1d" relativeResultsDirectory="0f615392-7fc9-4399-b5c1-e4adc4c8bd1f" />
    <UnitTestResult executionId="037915ed-16ac-4734-9c04-d3c692bde20d" testId="279b5ac0-1925-114d-c2ce-73fade402333" testName="MSP430.Emulator.Tests.Core.ExecutionStateTests.IsValidTransition_ReturnsExpectedResult(from: Stopped, to: Running, expected: True)" computerName="fv-az2210-123" duration="00:00:00.0000056" startTime="2025-06-06T19:28:33.6993655+00:00" endTime="2025-06-06T19:28:33.6994591+00:00" testType="13cdc9d9-ddb5-4fa4-a97d-d965ccfc6d4b" outcome="Passed" testListId="8c84fa94-04c1-424b-9868-57a2d4851a1d" relativeResultsDirectory="037915ed-16ac-4734-9c04-d3c692bde20d" />
    <UnitTestResult executionId="f8d9b3eb-341e-4318-b487-7bef9cc30e3a" testId="776d2769-bfb5-fe5e-a5ad-adbbb87a331d" testName="MSP430.Emulator.Tests.Instructions.Arithmetic.CmpInstructionTests.ExtensionWordCount_VariousAddressingModes_ReturnsCorrectCount(sourceMode: Immediate, destMode: Register, expectedCount: 1)" computerName="fv-az2210-123" duration="00:00:00.0001156" startTime="2025-06-06T19:28:33.7727651+00:00" endTime="2025-06-06T19:28:33.7728342+00:00" testType="13cdc9d9-ddb5-4fa4-a97d-d965ccfc6d4b" outcome="Passed" testListId="8c84fa94-04c1-424b-9868-57a2d4851a1d" relativeResultsDirectory="f8d9b3eb-341e-4318-b487-7bef9cc30e3a" />
    <UnitTestResult executionId="07e1ce82-aa25-410a-9dec-f2475afb857b" testId="350dbab7-e0c4-262e-dcd5-da58676d4296" testName="MSP430.Emulator.Tests.Instructions.Arithmetic.AddInstructionTests.Properties_VariousRegisters_ReturnCorrectValues(source: R0, dest: R1)" computerName="fv-az2210-123" duration="00:00:00.0000321" startTime="2025-06-06T19:28:33.8610632+00:00" endTime="2025-06-06T19:28:33.8611075+00:00" testType="13cdc9d9-ddb5-4fa4-a97d-d965ccfc6d4b" outcome="Passed" testListId="8c84fa94-04c1-424b-9868-57a2d4851a1d" relativeResultsDirectory="07e1ce82-aa25-410a-9dec-f2475afb857b" />
    <UnitTestResult executionId="5cde1b64-759a-4626-8a4b-5697ac9fdbe4" testId="ee1d87a2-51eb-4d82-7c9c-afc396baa965" testName="MSP430.Emulator.Tests.Instructions.AddressingModeDecoderTests.RequiresExtensionWord_VariousModes_ReturnsCorrectResult(mode: Symbolic, expected: True)" computerName="fv-az2210-123" duration="00:00:00.0000069" startTime="2025-06-06T19:28:33.4722001+00:00" endTime="2025-06-06T19:28:33.4722789+00:00" testType="13cdc9d9-ddb5-4fa4-a97d-d965ccfc6d4b" outcome="Passed" testListId="8c84fa94-04c1-424b-9868-57a2d4851a1d" relativeResultsDirectory="5cde1b64-759a-4626-8a4b-5697ac9fdbe4" />
    <UnitTestResult executionId="6fc472b5-2192-446a-bd03-9d9e14866515" testId="709d8a38-dfbd-23df-cc3e-c2dc156dc165" testName="MSP430.Emulator.Tests.Instructions.Logic.BitInstructionTests.AddressingModes_AllSupportedModes_ReturnCorrectValues(mode: Indirect)" computerName="fv-az2210-123" duration="00:00:00.0002809" startTime="2025-06-06T19:28:33.5691227+00:00" endTime="2025-06-06T19:28:33.5708234+00:00" testType="13cdc9d9-ddb5-4fa4-a97d-d965ccfc6d4b" outcome="Passed" testListId="8c84fa94-04c1-424b-9868-57a2d4851a1d" relativeResultsDirectory="6fc472b5-2192-446a-bd03-9d9e14866515" />
    <UnitTestResult executionId="662c655d-8d12-4ea8-a697-30fff3869e84" testId="65b7c71e-f2c3-ed74-cd05-6dd770112ec2" testName="MSP430.Emulator.Tests.Memory.FlashControllerTests.TryUnlock_WhenProtected_ReturnsFalse(protectionLevel: PermanentlyLocked)" computerName="fv-az2210-123" duration="00:00:00.0002074" startTime="2025-06-06T19:28:33.3631090+00:00" endTime="2025-06-06T19:28:33.3660239+00:00" testType="13cdc9d9-ddb5-4fa4-a97d-d965ccfc6d4b" outcome="Passed" testListId="8c84fa94-04c1-424b-9868-57a2d4851a1d" relativeResultsDirectory="662c655d-8d12-4ea8-a697-30fff3869e84" />
    <UnitTestResult executionId="6a31e4fe-986b-4d98-9181-d2849eeb05b5" testId="568c27e4-9f55-58e0-66ce-5e86e6b3bad1" testName="MSP430.Emulator.Tests.Instructions.Logic.AndInstructionTests.DestinationRegister_AllRegisters_ReturnsCorrectRegister(register: R15)" computerName="fv-az2210-123" duration="00:00:00.0000063" startTime="2025-06-06T19:28:33.6790531+00:00" endTime="2025-06-06T19:28:33.6791729+00:00" testType="13cdc9d9-ddb5-4fa4-a97d-d965ccfc6d4b" outcome="Passed" testListId="8c84fa94-04c1-424b-9868-57a2d4851a1d" relativeResultsDirectory="6a31e4fe-986b-4d98-9181-d2849eeb05b5" />
    <UnitTestResult executionId="488293ff-2c2b-42e8-9a1d-04c64e07fbc9" testId="2452cce8-81b3-2b7b-3487-a49098351d6a" testName="MSP430.Emulator.Tests.Instructions.Logic.AndInstructionTests.ExtensionWordCount_VariousAddressingModes_ReturnsCorrectCount(sourceMode: Symbolic, destMode: Register, expectedCount: 1)" computerName="fv-az2210-123" duration="00:00:00.0000050" startTime="2025-06-06T19:28:33.6654585+00:00" endTime="2025-06-06T19:28:33.6655752+00:00" testType="13cdc9d9-ddb5-4fa4-a97d-d965ccfc6d4b" outcome="Passed" testListId="8c84fa94-04c1-424b-9868-57a2d4851a1d" relativeResultsDirectory="488293ff-2c2b-42e8-9a1d-04c64e07fbc9" />
    <UnitTestResult executionId="7a41c434-ccbe-4336-8713-90ec62441167" testId="b2d83ddf-a7e7-2e1c-bc3f-c183232383da" testName="MSP430.Emulator.Tests.Core.ExecutionStateTests.IsValidTransition_ReturnsExpectedResult(from: Reset, to: SingleStep, expected: True)" computerName="fv-az2210-123" duration="00:00:00.0000054" startTime="2025-06-06T19:28:33.7132419+00:00" endTime="2025-06-06T19:28:33.7133134+00:00" testType="13cdc9d9-ddb5-4fa4-a97d-d965ccfc6d4b" outcome="Passed" testListId="8c84fa94-04c1-424b-9868-57a2d4851a1d" relativeResultsDirectory="7a41c434-ccbe-4336-8713-90ec62441167" />
    <UnitTestResult executionId="f99b0601-425a-4cbd-851e-cdc88550779d" testId="37972d02-c707-2fa2-9781-665b2987dd3a" testName="MSP430.Emulator.Tests.Instructions.InstructionDecoderTests.Decode_ValidFormatI_ReturnsFormatIInstruction" computerName="fv-az2210-123" duration="00:00:00.0041992" startTime="2025-06-06T19:28:33.8367875+00:00" endTime="2025-06-06T19:28:33.8374164+00:00" testType="13cdc9d9-ddb5-4fa4-a97d-d965ccfc6d4b" outcome="Passed" testListId="8c84fa94-04c1-424b-9868-57a2d4851a1d" relativeResultsDirectory="f99b0601-425a-4cbd-851e-cdc88550779d" />
    <UnitTestResult executionId="b5044888-e29d-47a3-bc69-3a2247ad27f7" testId="7bf26c3c-b844-874c-8819-639f607b04e0" testName="MSP430.Emulator.Tests.Instructions.Logic.BisInstructionTests.SourceRegister_AllRegisters_ReturnsCorrectRegister(register: R1)" computerName="fv-az2210-123" duration="00:00:00.0000155" startTime="2025-06-06T19:28:33.7099180+00:00" endTime="2025-06-06T19:28:33.7099887+00:00" testType="13cdc9d9-ddb5-4fa4-a97d-d965ccfc6d4b" outcome="Passed" testListId="8c84fa94-04c1-424b-9868-57a2d4851a1d" relativeResultsDirectory="b5044888-e29d-47a3-bc69-3a2247ad27f7" />
    <UnitTestResult executionId="19cd58f7-54f7-4952-9d46-9eee723a215f" testId="2a5d6e21-d4d2-6748-e2b4-8cb4d5da3b87" testName="MSP430.Emulator.Tests.Instructions.InstructionDecoderTests.ExtractOpcode_FormatI_ReturnsCorrectOpcode(format: FormatI, instructionWord: 61731, expected: 15)" computerName="fv-az2210-123" duration="00:00:00.0002478" startTime="2025-06-06T19:28:33.8350731+00:00" endTime="2025-06-06T19:28:33.8351671+00:00" testType="13cdc9d9-ddb5-4fa4-a97d-d965ccfc6d4b" outcome="Passed" testListId="8c84fa94-04c1-424b-9868-57a2d4851a1d" relativeResultsDirectory="19cd58f7-54f7-4952-9d46-9eee723a215f" />
    <UnitTestResult executionId="2dfeec59-40b4-4d1c-9b7a-12361124fd78" testId="0be33b56-c15e-d0d4-e253-314cc7cec703" testName="MSP430.Emulator.Tests.Memory.RandomAccessMemoryTests.ReadByte_ValidAddress_ReturnsValue" computerName="fv-az2210-123" duration="00:00:00.0008826" startTime="2025-06-06T19:28:33.8920202+00:00" endTime="2025-06-06T19:28:33.8920632+00:00" testType="13cdc9d9-ddb5-4fa4-a97d-d965ccfc6d4b" outcome="Passed" testListId="8c84fa94-04c1-424b-9868-57a2d4851a1d" relativeResultsDirectory="2dfeec59-40b4-4d1c-9b7a-12361124fd78" />
    <UnitTestResult executionId="5f6af9af-c532-404c-b744-5ede5910ed51" testId="968b78ae-c9ac-e84c-7ca2-179eec54f7e3" testName="MSP430.Emulator.Tests.Memory.InformationMemoryTests.IsSegmentWriteProtected_DefaultState_ReturnsExpectedValue(segment: SegmentC, expectedProtection: False)" computerName="fv-az2210-123" duration="00:00:00.0000120" startTime="2025-06-06T19:28:33.2728960+00:00" endTime="2025-06-06T19:28:33.2730134+00:00" testType="13cdc9d9-ddb5-4fa4-a97d-d965ccfc6d4b" outcome="Passed" testListId="8c84fa94-04c1-424b-9868-57a2d4851a1d" relativeResultsDirectory="5f6af9af-c532-404c-b744-5ede5910ed51" />
    <UnitTestResult executionId="19bb11b6-9490-4b59-b237-5dd974cb66fe" testId="fa814c8c-42d7-8694-518d-0ec9df0714f7" testName="MSP430.Emulator.Tests.Instructions.Logic.BitInstructionTests.ToString_ByteOperation_IncludesByteModifier" computerName="fv-az2210-123" duration="00:00:00.0001180" startTime="2025-06-06T19:28:33.5859244+00:00" endTime="2025-06-06T19:28:33.5889369+00:00" testType="13cdc9d9-ddb5-4fa4-a97d-d965ccfc6d4b" outcome="Passed" testListId="8c84fa94-04c1-424b-9868-57a2d4851a1d" relativeResultsDirectory="19bb11b6-9490-4b59-b237-5dd974cb66fe" />
    <UnitTestResult executionId="f881f7a6-8dbd-4302-9313-6a181031e5fb" testId="3aa5ed68-a573-478e-033e-579d088133e0" testName="MSP430.Emulator.Tests.Instructions.InstructionDecoderTests.GetInstructionFormat_FormatIII_ReturnsFormatIII(instructionWord: 12288)" computerName="fv-az2210-123" duration="00:00:00.0000064" startTime="2025-06-06T19:28:33.8296289+00:00" endTime="2025-06-06T19:28:33.8297241+00:00" testType="13cdc9d9-ddb5-4fa4-a97d-d965ccfc6d4b" outcome="Passed" testListId="8c84fa94-04c1-424b-9868-57a2d4851a1d" relativeResultsDirectory="f881f7a6-8dbd-4302-9313-6a181031e5fb" />
    <UnitTestResult executionId="2c1b552b-e136-432f-a58a-c1dd4eeb1943" testId="5eb64b38-0dfa-c409-46ae-38d0cfb2b485" testName="MSP430.Emulator.Tests.Diagnostics.DiagnosticReportGeneratorTests.GenerateReportToFile_WithNullPath_ShouldCreateDefaultNamedFile" computerName="fv-az2210-123" duration="00:00:00.0228023" startTime="2025-06-06T19:28:32.9903995+00:00" endTime="2025-06-06T19:28:33.1146193+00:00" testType="13cdc9d9-ddb5-4fa4-a97d-d965ccfc6d4b" outcome="Passed" testListId="8c84fa94-04c1-424b-9868-57a2d4851a1d" relativeResultsDirectory="2c1b552b-e136-432f-a58a-c1dd4eeb1943" />
    <UnitTestResult executionId="6bb6786d-edb6-44ca-a2f5-11ec28a83a59" testId="c95e748c-44ca-86d7-99f4-727f7132c346" testName="MSP430.Emulator.Tests.Memory.InformationMemoryTests.EraseSegment_ProtectedSegment_Fails" computerName="fv-az2210-123" duration="00:00:00.0008447" startTime="2025-06-06T19:28:33.3048270+00:00" endTime="2025-06-06T19:28:33.3049793+00:00" testType="13cdc9d9-ddb5-4fa4-a97d-d965ccfc6d4b" outcome="Passed" testListId="8c84fa94-04c1-424b-9868-57a2d4851a1d" relativeResultsDirectory="6bb6786d-edb6-44ca-a2f5-11ec28a83a59" />
    <UnitTestResult executionId="9a1a0701-23eb-4e77-9169-fa760ab13a69" testId="3fab221f-556d-1911-7274-3cd3b420d27d" testName="MSP430.Emulator.Tests.Memory.MemoryMapTests.IsAccessAllowed_InvalidAddress_ReturnsFalse" computerName="fv-az2210-123" duration="00:00:00.0082382" startTime="2025-06-06T19:28:31.0017950+00:00" endTime="2025-06-06T19:28:31.0026972+00:00" testType="13cdc9d9-ddb5-4fa4-a97d-d965ccfc6d4b" outcome="Passed" testListId="8c84fa94-04c1-424b-9868-57a2d4851a1d" relativeResultsDirectory="9a1a0701-23eb-4e77-9169-fa760ab13a69" />
    <UnitTestResult executionId="926639e6-910d-4731-bb6a-980161a07a4e" testId="857eb96e-0c40-79fb-0e74-f92f7bf11c2e" testName="MSP430.Emulator.Tests.Instructions.Logic.BisInstructionTests.Constructor_ValidParameters_CreatesInstruction" computerName="fv-az2210-123" duration="00:00:00.0004136" startTime="2025-06-06T19:28:33.7509613+00:00" endTime="2025-06-06T19:28:33.7510292+00:00" testType="13cdc9d9-ddb5-4fa4-a97d-d965ccfc6d4b" outcome="Passed" testListId="8c84fa94-04c1-424b-9868-57a2d4851a1d" relativeResultsDirectory="926639e6-910d-4731-bb6a-980161a07a4e" />
    <UnitTestResult executionId="fe47930f-74e4-42b3-aa4b-1226857aca97" testId="19e40db6-38ef-d062-5dec-46c8b89128c0" testName="MSP430.Emulator.Tests.Instructions.Arithmetic.DecInstructionTests.Execute_ByteNegativeOverflow_SetsOverflowFlag" computerName="fv-az2210-123" duration="00:00:00.0002036" startTime="2025-06-06T19:28:33.7622917+00:00" endTime="2025-06-06T19:28:33.7623829+00:00" testType="13cdc9d9-ddb5-4fa4-a97d-d965ccfc6d4b" outcome="Passed" testListId="8c84fa94-04c1-424b-9868-57a2d4851a1d" relativeResultsDirectory="fe47930f-74e4-42b3-aa4b-1226857aca97" />
    <UnitTestResult executionId="0415f8f7-c26b-458a-8648-d1608a807229" testId="cd8b28a3-05eb-ad58-d574-ea6c74ec0b45" testName="MSP430.Emulator.Tests.Core.ExecutionStateTests.IsValidTransition_ReturnsExpectedResult(from: Reset, to: Error, expected: False)" computerName="fv-az2210-123" duration="00:00:00.0000049" startTime="2025-06-06T19:28:33.7012240+00:00" endTime="2025-06-06T19:28:33.7012947+00:00" testType="13cdc9d9-ddb5-4fa4-a97d-d965ccfc6d4b" outcome="Passed" testListId="8c84fa94-04c1-424b-9868-57a2d4851a1d" relativeResultsDirectory="0415f8f7-c26b-458a-8648-d1608a807229" />
    <UnitTestResult executionId="3eb20b72-4423-4ea9-939f-48bc64b9002d" testId="ad6bdeb6-bcd7-a24c-c13e-aa3c612e80f4" testName="MSP430.Emulator.Tests.Instructions.InstructionDecoderTests.GetInstructionFormat_FormatIII_ReturnsFormatIII(instructionWord: 13312)" computerName="fv-az2210-123" duration="00:00:00.0000032" startTime="2025-06-06T19:28:33.8313068+00:00" endTime="2025-06-06T19:28:33.8313573+00:00" testType="13cdc9d9-ddb5-4fa4-a97d-d965ccfc6d4b" outcome="Passed" testListId="8c84fa94-04c1-424b-9868-57a2d4851a1d" relativeResultsDirectory="3eb20b72-4423-4ea9-939f-48bc64b9002d" />
    <UnitTestResult executionId="29b6fae2-7016-4e6e-a1eb-36a1419b8c67" testId="0553a548-0cde-45fa-6a68-4c6b5f8d6992" testName="MSP430.Emulator.Tests.Memory.MemoryControllerTests.FetchInstruction_ValidAddress_ReturnsInstruction(address: 49150)" computerName="fv-az2210-123" duration="00:00:00.0043307" startTime="2025-06-06T19:28:33.8693801+00:00" endTime="2025-06-06T19:28:33.8740643+00:00" testType="13cdc9d9-ddb5-4fa4-a97d-d965ccfc6d4b" outcome="Passed" testListId="8c84fa94-04c1-424b-9868-57a2d4851a1d" relativeResultsDirectory="29b6fae2-7016-4e6e-a1eb-36a1419b8c67" />
    <UnitTestResult executionId="03d8814d-442e-4d1a-acea-0a81b204959b" testId="7815237b-a7df-b564-96b4-ed66558deede" testName="MSP430.Emulator.Tests.Memory.RandomAccessMemoryTests.GetWriteCycles_AllAddresses_ReturnsConstantCycles(address: 8192, isWordAccess: True, expectedCycles: 1)" computerName="fv-az2210-123" duration="00:00:00.0008536" startTime="2025-06-06T19:28:33.8884262+00:00" endTime="2025-06-06T19:28:33.8884672+00:00" testType="13cdc9d9-ddb5-4fa4-a97d-d965ccfc6d4b" outcome="Passed" testListId="8c84fa94-04c1-424b-9868-57a2d4851a1d" relativeResultsDirectory="03d8814d-442e-4d1a-acea-0a81b204959b" />
    <UnitTestResult executionId="c85c40b0-affc-4790-a164-921b9f4a344e" testId="b8e3fbe2-3146-ac1f-7f62-4986b43f03a7" testName="MSP430.Emulator.Tests.Core.EmulatorCoreTests.Constructor_WithNullRegisterFile_ThrowsArgumentNullException" computerName="fv-az2210-123" duration="00:00:00.0067236" startTime="2025-06-06T19:28:33.6528154+00:00" endTime="2025-06-06T19:28:33.6830142+00:00" testType="13cdc9d9-ddb5-4fa4-a97d-d965ccfc6d4b" outcome="Passed" testListId="8c84fa94-04c1-424b-9868-57a2d4851a1d" relativeResultsDirectory="c85c40b0-affc-4790-a164-921b9f4a344e" />
    <UnitTestResult executionId="dd0dce9b-f5d5-4e0b-91b6-deae405120e5" testId="1483dce7-03e7-687f-1a63-312f920f9ef7" testName="MSP430.Emulator.Tests.Instructions.Arithmetic.DecInstructionTests.ToString_VariousAddressingModes_FormatsCorrectly(register: CG1, mode: Indirect, expectedOperand: &quot;@R3&quot;)" computerName="fv-az2210-123" duration="00:00:00.0002983" startTime="2025-06-06T19:28:33.7394581+00:00" endTime="2025-06-06T19:28:33.7412830+00:00" testType="13cdc9d9-ddb5-4fa4-a97d-d965ccfc6d4b" outcome="Passed" testListId="8c84fa94-04c1-424b-9868-57a2d4851a1d" relativeResultsDirectory="dd0dce9b-f5d5-4e0b-91b6-deae405120e5" />
    <UnitTestResult executionId="f6f16a21-20a9-4e45-b9c9-7055213afc26" testId="b68e8609-dde9-a454-90ab-b6ffb7ea548b" testName="MSP430.Emulator.Tests.Instructions.Logic.BisInstructionTests.ExtensionWordCount_VariousAddressingModes_ReturnsCorrectCount(sourceMode: Symbolic, destMode: Register, expectedCount: 1)" computerName="fv-az2210-123" duration="00:00:00.0000076" startTime="2025-06-06T19:28:33.7245065+00:00" endTime="2025-06-06T19:28:33.7246307+00:00" testType="13cdc9d9-ddb5-4fa4-a97d-d965ccfc6d4b" outcome="Passed" testListId="8c84fa94-04c1-424b-9868-57a2d4851a1d" relativeResultsDirectory="f6f16a21-20a9-4e45-b9c9-7055213afc26" />
    <UnitTestResult executionId="dc5d9fd9-2a2c-4f99-a01f-cbcd84547917" testId="df996fa5-c138-48c9-8842-f10001a53f63" testName="MSP430.Emulator.Tests.Instructions.InstructionDecoderTests.GetInstructionFormat_FormatIII_ReturnsFormatIII(instructionWord: 9216)" computerName="fv-az2210-123" duration="00:00:00.0001139" startTime="2025-06-06T19:28:33.8280022+00:00" endTime="2025-06-06T19:28:33.8280549+00:00" testType="13cdc9d9-ddb5-4fa4-a97d-d965ccfc6d4b" outcome="Passed" testListId="8c84fa94-04c1-424b-9868-57a2d4851a1d" relativeResultsDirectory="dc5d9fd9-2a2c-4f99-a01f-cbcd84547917" />
    <UnitTestResult executionId="91ec0666-7e84-4a49-9224-908289a37d8e" testId="dfefc95f-435e-71d4-19b6-575b64b68af4" testName="MSP430.Emulator.Tests.Instructions.Logic.BitInstructionTests.ExtensionWordCount_VariousAddressingModes_ReturnsCorrectCount(sourceMode: Absolute, destMode: Register, expectedCount: 1)" computerName="fv-az2210-123" duration="00:00:00.0000099" startTime="2025-06-06T19:28:33.5477245+00:00" endTime="2025-06-06T19:28:33.5478064+00:00" testType="13cdc9d9-ddb5-4fa4-a97d-d965ccfc6d4b" outcome="Passed" testListId="8c84fa94-04c1-424b-9868-57a2d4851a1d" relativeResultsDirectory="91ec0666-7e84-4a49-9224-908289a37d8e" />
    <UnitTestResult executionId="e439d988-d369-48e4-9336-a415e1986cae" testId="33d8b216-fb20-04cd-f1ee-92fc7887910a" testName="MSP430.Emulator.Tests.Core.ExecutionStateTests.IsValidTransition_ReturnsExpectedResult(from: Halted, to: Stopped, expected: True)" computerName="fv-az2210-123" duration="00:00:00.0000041" startTime="2025-06-06T19:28:33.7020243+00:00" endTime="2025-06-06T19:28:33.7021614+00:00" testType="13cdc9d9-ddb5-4fa4-a97d-d965ccfc6d4b" outcome="Passed" testListId="8c84fa94-04c1-424b-9868-57a2d4851a1d" relativeResultsDirectory="e439d988-d369-48e4-9336-a415e1986cae" />
    <UnitTestResult executionId="abc99530-b81e-4d5f-8e7f-2334fe3e4e11" testId="15c3c1ce-0140-a56c-8948-e2639dc04700" testName="MSP430.Emulator.Tests.Instructions.Logic.XorInstructionTests.DestinationRegister_AllRegisters_ReturnsCorrectRegister(register: CG1)" computerName="fv-az2210-123" duration="00:00:00.0001443" startTime="2025-06-06T19:28:33.1885135+00:00" endTime="2025-06-06T19:28:33.1886270+00:00" testType="13cdc9d9-ddb5-4fa4-a97d-d965ccfc6d4b" outcome="Passed" testListId="8c84fa94-04c1-424b-9868-57a2d4851a1d" relativeResultsDirectory="abc99530-b81e-4d5f-8e7f-2334fe3e4e11" />
    <UnitTestResult executionId="f2c252d6-5dc1-49c0-ba6c-41fa361de4e0" testId="adc45cdc-2692-6462-8fa0-4bf84c859984" testName="MSP430.Emulator.Tests.Instructions.Logic.BitInstructionTests.AddressingModes_AllSupportedModes_ReturnCorrectValues(mode: Symbolic)" computerName="fv-az2210-123" duration="00:00:00.0002322" startTime="2025-06-06T19:28:33.5658193+00:00" endTime="2025-06-06T19:28:33.5666387+00:00" testType="13cdc9d9-ddb5-4fa4-a97d-d965ccfc6d4b" outcome="Passed" testListId="8c84fa94-04c1-424b-9868-57a2d4851a1d" relativeResultsDirectory="f2c252d6-5dc1-49c0-ba6c-41fa361de4e0" />
    <UnitTestResult executionId="fe6e388f-5ec9-4f6a-964f-2c5508afbf6e" testId="9c946a43-7043-c967-acac-685aa5069620" testName="MSP430.Emulator.Tests.Instructions.Logic.AndInstructionTests.ExtensionWordCount_VariousAddressingModes_ReturnsCorrectCount(sourceMode: Absolute, destMode: Register, expectedCount: 1)" computerName="fv-az2210-123" duration="00:00:00.0003101" startTime="2025-06-06T19:28:33.6628036+00:00" endTime="2025-06-06T19:28:33.6629354+00:00" testType="13cdc9d9-ddb5-4fa4-a97d-d965ccfc6d4b" outcome="Passed" testListId="8c84fa94-04c1-424b-9868-57a2d4851a1d" relativeResultsDirectory="fe6e388f-5ec9-4f6a-964f-2c5508afbf6e" />
    <UnitTestResult executionId="10960dbc-6e90-4f4e-9bec-d639e060edda" testId="b098b1dc-450d-0cee-2f76-4eff38b78d81" testName="MSP430.Emulator.Tests.Core.ExecutionStateTests.IsValidTransition_ReturnsExpectedResult(from: Running, to: Halted, expected: True)" computerName="fv-az2210-123" duration="00:00:00.0000043" startTime="2025-06-06T19:28:33.7003396+00:00" endTime="2025-06-06T19:28:33.7004118+00:00" testType="13cdc9d9-ddb5-4fa4-a97d-d965ccfc6d4b" outcome="Passed" testListId="8c84fa94-04c1-424b-9868-57a2d4851a1d" relativeResultsDirectory="10960dbc-6e90-4f4e-9bec-d639e060edda" />
    <UnitTestResult executionId="fea1286b-5156-4846-8907-30b900ea6e40" testId="531dc1d9-54b8-da8d-13de-e95598467763" testName="MSP430.Emulator.Tests.Memory.RandomAccessMemoryTests.IsRangeInBounds_VariousRanges_ReturnsExpectedResult(startAddress: 9215, length: 1, expected: True)" computerName="fv-az2210-123" duration="00:00:00.0000085" startTime="2025-06-06T19:28:33.8730941+00:00" endTime="2025-06-06T19:28:33.8731332+00:00" testType="13cdc9d9-ddb5-4fa4-a97d-d965ccfc6d4b" outcome="Passed" testListId="8c84fa94-04c1-424b-9868-57a2d4851a1d" relativeResultsDirectory="fea1286b-5156-4846-8907-30b900ea6e40" />
    <UnitTestResult executionId="54fc174c-05ef-43de-a04e-9acbb559a431" testId="f2fa3960-19fe-8df4-26fb-65451f30a6bc" testName="MSP430.Emulator.Tests.Instructions.Logic.XorInstructionTests.ToString_VariousAddressingModes_FormatsCorrectly(mode: Immediate, expectedOperand: &quot;#N&quot;)" computerName="fv-az2210-123" duration="00:00:00.0076284" startTime="2025-06-06T19:28:32.9904673+00:00" endTime="2025-06-06T19:28:33.0284699+00:00" testType="13cdc9d9-ddb5-4fa4-a97d-d965ccfc6d4b" outcome="Passed" testListId="8c84fa94-04c1-424b-9868-57a2d4851a1d" relativeResultsDirectory="54fc174c-05ef-43de-a04e-9acbb559a431" />
    <UnitTestResult executionId="0ab8928b-5021-477d-8e57-efa97accff63" testId="9de23d7a-47bf-2637-3a45-dff2fc3fba7b" testName="MSP430.Emulator.Tests.Instructions.Arithmetic.DecInstructionTests.ToString_VariousAddressingModes_FormatsCorrectly(register: R0, mode: Symbolic, expectedOperand: &quot;ADDR&quot;)" computerName="fv-az2210-123" duration="00:00:00.0000058" startTime="2025-06-06T19:28:33.7436775+00:00" endTime="2025-06-06T19:28:33.7437469+00:00" testType="13cdc9d9-ddb5-4fa4-a97d-d965ccfc6d4b" outcome="Passed" testListId="8c84fa94-04c1-424b-9868-57a2d4851a1d" relativeResultsDirectory="0ab8928b-5021-477d-8e57-efa97accff63" />
    <UnitTestResult executionId="5fe6c20f-c503-478d-9587-14a2204aa2ba" testId="7093058b-4f44-ae5b-44de-d9c890b0bccc" testName="MSP430.Emulator.Tests.Core.ExecutionStateTests.CanExecute_ReturnsExpectedResult(state: Reset, expected: False)" computerName="fv-az2210-123" duration="00:00:00.0000043" startTime="2025-06-06T19:28:33.6949304+00:00" endTime="2025-06-06T19:28:33.6950006+00:00" testType="13cdc9d9-ddb5-4fa4-a97d-d965ccfc6d4b" outcome="Passed" testListId="8c84fa94-04c1-424b-9868-57a2d4851a1d" relativeResultsDirectory="5fe6c20f-c503-478d-9587-14a2204aa2ba" />
    <UnitTestResult executionId="5590b813-2130-48b9-bcdc-03e8389cb51d" testId="bd757dde-5ab0-9042-d2a6-7050870066b8" testName="MSP430.Emulator.Tests.Instructions.Logic.BitInstructionTests.ToString_VariousAddressingModes_FormatsCorrectly(mode: Immediate, expectedOperand: &quot;#N&quot;)" computerName="fv-az2210-123" duration="00:00:00.0002145" startTime="2025-06-06T19:28:33.5228668+00:00" endTime="2025-06-06T19:28:33.5229730+00:00" testType="13cdc9d9-ddb5-4fa4-a97d-d965ccfc6d4b" outcome="Passed" testListId="8c84fa94-04c1-424b-9868-57a2d4851a1d" relativeResultsDirectory="5590b813-2130-48b9-bcdc-03e8389cb51d" />
    <UnitTestResult executionId="46fd7291-f04c-4aac-b483-0f203132ed79" testId="e1f8afb2-a75a-ce46-15e0-ebd8142bb80d" testName="MSP430.Emulator.Tests.Memory.MemoryControllerTests.ValidateAccess_NullContext_ThrowsArgumentNullException" computerName="fv-az2210-123" duration="00:00:00.0038207" startTime="2025-06-06T19:28:33.9272963+00:00" endTime="2025-06-06T19:28:33.9273419+00:00" testType="13cdc9d9-ddb5-4fa4-a97d-d965ccfc6d4b" outcome="Passed" testListId="8c84fa94-04c1-424b-9868-57a2d4851a1d" relativeResultsDirectory="46fd7291-f04c-4aac-b483-0f203132ed79" />
    <UnitTestResult executionId="a9263bf1-2ef7-4941-8037-4bac630aa06b" testId="19ac7edb-e28b-c4ea-f2a2-68aa7909c83b" testName="MSP430.Emulator.Tests.Instructions.Logic.AndInstructionTests.DestinationRegister_AllRegisters_ReturnsCorrectRegister(register: R1)" computerName="fv-az2210-123" duration="00:00:00.0000093" startTime="2025-06-06T19:28:33.6776674+00:00" endTime="2025-06-06T19:28:33.6777776+00:00" testType="13cdc9d9-ddb5-4fa4-a97d-d965ccfc6d4b" outcome="Passed" testListId="8c84fa94-04c1-424b-9868-57a2d4851a1d" relativeResultsDirectory="a9263bf1-2ef7-4941-8037-4bac630aa06b" />
    <UnitTestResult executionId="02f156e4-c5b0-4422-b97c-485b154db587" testId="8696ab8b-e0f1-1e13-a0e8-88a52cc5763d" testName="MSP430.Emulator.Tests.Cpu.RegisterFileTests.GetAllRegisters_ReturnsArrayCopy" computerName="fv-az2210-123" duration="00:00:00.0023186" startTime="2025-06-06T19:28:33.5985187+00:00" endTime="2025-06-06T19:28:33.5985931+00:00" testType="13cdc9d9-ddb5-4fa4-a97d-d965ccfc6d4b" outcome="Passed" testListId="8c84fa94-04c1-424b-9868-57a2d4851a1d" relativeResultsDirectory="02f156e4-c5b0-4422-b97c-485b154db587" />
    <UnitTestResult executionId="5fb18352-7ca2-4e1d-9947-881ba1a446e4" testId="8efb48b6-468b-7e4e-fa19-1972a427d244" testName="MSP430.Emulator.Tests.Memory.RandomAccessMemoryTests.ReadWord_ValidEvenAddress_ReturnsLittleEndianValue" computerName="fv-az2210-123" duration="00:00:00.0001437" startTime="2025-06-06T19:28:33.8973953+00:00" endTime="2025-06-06T19:28:33.8974375+00:00" testType="13cdc9d9-ddb5-4fa4-a97d-d965ccfc6d4b" outcome="Passed" testListId="8c84fa94-04c1-424b-9868-57a2d4851a1d" relativeResultsDirectory="5fb18352-7ca2-4e1d-9947-881ba1a446e4" />
    <UnitTestResult executionId="ec901182-068c-44c1-9c44-73739b82a950" testId="78ef04e7-2679-34bb-b632-c53e5bc6fc91" testName="MSP430.Emulator.Tests.Logging.ConsoleLoggerTests.Log_WithSuppressOutput_DoesNotCallConsole" computerName="fv-az2210-123" duration="00:00:00.0001181" startTime="2025-06-06T19:28:33.4220748+00:00" endTime="2025-06-06T19:28:33.4221761+00:00" testType="13cdc9d9-ddb5-4fa4-a97d-d965ccfc6d4b" outcome="Passed" testListId="8c84fa94-04c1-424b-9868-57a2d4851a1d" relativeResultsDirectory="ec901182-068c-44c1-9c44-73739b82a950" />
    <UnitTestResult executionId="965ae44a-a82f-4a06-91bb-cf0f92685b54" testId="a3e6f18b-ced9-27b3-05e4-ae5c62b8d082" testName="MSP430.Emulator.Tests.Instructions.Arithmetic.SubInstructionTests.ExtensionWordCount_VariousAddressingModes_ReturnsCorrectCount(sourceMode: Symbolic, destMode: Register, expectedCount: 1)" computerName="fv-az2210-123" duration="00:00:00.0000041" startTime="2025-06-06T19:28:33.6401129+00:00" endTime="2025-06-06T19:28:33.6402331+00:00" testType="13cdc9d9-ddb5-4fa4-a97d-d965ccfc6d4b" outcome="Passed" testListId="8c84fa94-04c1-424b-9868-57a2d4851a1d" relativeResultsDirectory="965ae44a-a82f-4a06-91bb-cf0f92685b54" />
    <UnitTestResult executionId="aace4ba2-4eb3-4fd2-9c2d-480079db41c8" testId="564ecd03-ea2c-9762-e07c-9a61aee5cdd9" testName="MSP430.Emulator.Tests.Instructions.InstructionDecoderTests.GetInstructionFormat_FormatIII_ReturnsFormatIII(instructionWord: 8192)" computerName="fv-az2210-123" duration="00:00:00.0000033" startTime="2025-06-06T19:28:33.8322341+00:00" endTime="2025-06-06T19:28:33.8322840+00:00" testType="13cdc9d9-ddb5-4fa4-a97d-d965ccfc6d4b" outcome="Passed" testListId="8c84fa94-04c1-424b-9868-57a2d4851a1d" relativeResultsDirectory="aace4ba2-4eb3-4fd2-9c2d-480079db41c8" />
    <UnitTestResult executionId="a3aef5bf-f585-4735-b126-a6abc811b317" testId="bdea2aa2-5342-02f9-7059-de06aa4acd1a" testName="MSP430.Emulator.Tests.Cpu.RegisterFileTests.WriteRegister_ValidRegister_StoresValue(register: R4, value: 43981)" computerName="fv-az2210-123" duration="00:00:00.0000120" startTime="2025-06-06T19:28:33.5822793+00:00" endTime="2025-06-06T19:28:33.5823628+00:00" testType="13cdc9d9-ddb5-4fa4-a97d-d965ccfc6d4b" outcome="Passed" testListId="8c84fa94-04c1-424b-9868-57a2d4851a1d" relativeResultsDirectory="a3aef5bf-f585-4735-b126-a6abc811b317" />
    <UnitTestResult executionId="74973780-ecf9-4583-8cc6-404cc91e9529" testId="067edb66-8e68-c2ef-4df9-20ab70e90622" testName="MSP430.Emulator.Tests.Logging.ConsoleLoggerTests.Debug_WithContext_CallsLogWithDebugLevelAndContext" computerName="fv-az2210-123" duration="00:00:00.0002367" startTime="2025-06-06T19:28:33.4423646+00:00" endTime="2025-06-06T19:28:33.4424592+00:00" testType="13cdc9d9-ddb5-4fa4-a97d-d965ccfc6d4b" outcome="Passed" testListId="8c84fa94-04c1-424b-9868-57a2d4851a1d" relativeResultsDirectory="74973780-ecf9-4583-8cc6-404cc91e9529" />
    <UnitTestResult executionId="e3394521-f68b-4971-8426-5ad5e3451514" testId="a47c56cb-8a6d-d085-5bac-3506340f8dd7" testName="MSP430.Emulator.Tests.Instructions.InstructionDecoderTests.GetInstructionFormat_FormatI_ReturnsFormatI(instructionWord: 20480)" computerName="fv-az2210-123" duration="00:00:00.0002499" startTime="2025-06-06T19:28:33.8114968+00:00" endTime="2025-06-06T19:28:33.8115485+00:00" testType="13cdc9d9-ddb5-4fa4-a97d-d965ccfc6d4b" outcome="Passed" testListId="8c84fa94-04c1-424b-9868-57a2d4851a1d" relativeResultsDirectory="e3394521-f68b-4971-8426-5ad5e3451514" />
    <UnitTestResult executionId="5c45f3a1-e7b6-473b-baf4-94f8fab6a717" testId="bd343218-2f75-0e7b-943d-6422144ab269" testName="MSP430.Emulator.Tests.Instructions.Logic.BitInstructionTests.DestinationRegister_AllRegisters_ReturnsCorrectRegister(register: R4)" computerName="fv-az2210-123" duration="00:00:00.0001728" startTime="2025-06-06T19:28:33.5528193+00:00" endTime="2025-06-06T19:28:33.5538180+00:00" testType="13cdc9d9-ddb5-4fa4-a97d-d965ccfc6d4b" outcome="Passed" testListId="8c84fa94-04c1-424b-9868-57a2d4851a1d" relativeResultsDirectory="5c45f3a1-e7b6-473b-baf4-94f8fab6a717" />
    <UnitTestResult executionId="20a191fa-80da-41dd-84a5-61ecca0b0069" testId="ed3a8957-931a-e63e-fdfa-2fe256f9a3ea" testName="MSP430.Emulator.Tests.Cpu.StatusRegisterTests.UpdateFlagsAfterAddition_ByteOperation_SetsCorrectFlags(operand1: 128, operand2: 128, result: 256, isByteOp: True, expectedZero: True, expectedNegative: False, expectedCarry: True, expectedOverflow: True)" computerName="fv-az2210-123" duration="00:00:00.0000126" startTime="2025-06-06T19:28:32.9951811+00:00" endTime="2025-06-06T19:28:32.9952936+00:00" testType="13cdc9d9-ddb5-4fa4-a97d-d965ccfc6d4b" outcome="Passed" testListId="8c84fa94-04c1-424b-9868-57a2d4851a1d" relativeResultsDirectory="20a191fa-80da-41dd-84a5-61ecca0b0069" />
    <UnitTestResult executionId="8c2a1a60-0ba3-4cff-bcdf-0fbecb44d93d" testId="fd6b8ccb-020b-ebe1-87bd-ef39bd4e0bcd" testName="MSP430.Emulator.Tests.Memory.RandomAccessMemoryTests.WriteByte_InvalidAddress_ThrowsArgumentOutOfRangeException(invalidAddress: 9216)" computerName="fv-az2210-123" duration="00:00:00.0002740" startTime="2025-06-06T19:28:33.8814147+00:00" endTime="2025-06-06T19:28:33.8814545+00:00" testType="13cdc9d9-ddb5-4fa4-a97d-d965ccfc6d4b" outcome="Passed" testListId="8c84fa94-04c1-424b-9868-57a2d4851a1d" relativeResultsDirectory="8c2a1a60-0ba3-4cff-bcdf-0fbecb44d93d" />
    <UnitTestResult executionId="0491acdb-70dc-4c91-9ba8-a6bf7fb3db05" testId="dae1ca1e-63c5-eee9-cd5c-c8b39b2da9c7" testName="MSP430.Emulator.Tests.Memory.MemorySystemIntegrationTests.MemorySystem_RegionDescriptions_AreCorrect(address: 4608, expectedDescription: &quot;Bootstrap Loader FRAM&quot;)" computerName="fv-az2210-123" duration="00:00:00.0088325" startTime="2025-06-06T19:28:33.7935201+00:00" endTime="2025-06-06T19:28:33.8032319+00:00" testType="13cdc9d9-ddb5-4fa4-a97d-d965ccfc6d4b" outcome="Passed" testListId="8c84fa94-04c1-424b-9868-57a2d4851a1d" relativeResultsDirectory="0491acdb-70dc-4c91-9ba8-a6bf7fb3db05" />
    <UnitTestResult executionId="d1653835-2496-46a7-9938-696941e85a99" testId="f0a52064-017b-fa2b-02c1-89efc20e3ff8" testName="MSP430.Emulator.Tests.Memory.RandomAccessMemoryTests.Constructor_ValidSizes_CreatesMemory(validSize: 512)" computerName="fv-az2210-123" duration="00:00:00.0000106" startTime="2025-06-06T19:28:33.8668344+00:00" endTime="2025-06-06T19:28:33.8668963+00:00" testType="13cdc9d9-ddb5-4fa4-a97d-d965ccfc6d4b" outcome="Passed" testListId="8c84fa94-04c1-424b-9868-57a2d4851a1d" relativeResultsDirectory="d1653835-2496-46a7-9938-696941e85a99" />
    <UnitTestResult executionId="4daabeb2-7bce-4d91-a252-4fc24aaa793c" testId="8f1c2d1d-1a82-dbf3-9c93-8272659c52df" testName="MSP430.Emulator.Tests.Memory.FlashMemoryTests.Constructor_NullLogger_CreatesFlashMemory" computerName="fv-az2210-123" duration="00:00:00.0001265" startTime="2025-06-06T19:28:33.7866928+00:00" endTime="2025-06-06T19:28:33.7867611+00:00" testType="13cdc9d9-ddb5-4fa4-a97d-d965ccfc6d4b" outcome="Passed" testListId="8c84fa94-04c1-424b-9868-57a2d4851a1d" relativeResultsDirectory="4daabeb2-7bce-4d91-a252-4fc24aaa793c" />
    <UnitTestResult executionId="dd1cffc8-2d1e-49fb-bf57-eecffbcacb49" testId="7df0cd36-e7d4-f04a-9f31-d8b7c8b61083" testName="MSP430.Emulator.Tests.Diagnostics.DiagnosticReportGeneratorTests.GenerateReport_ShouldIncludeSystemInfo" computerName="fv-az2210-123" duration="00:00:00.0019271" startTime="2025-06-06T19:28:33.1200777+00:00" endTime="2025-06-06T19:28:33.1388162+00:00" testType="13cdc9d9-ddb5-4fa4-a97d-d965ccfc6d4b" outcome="Passed" testListId="8c84fa94-04c1-424b-9868-57a2d4851a1d" relativeResultsDirectory="dd1cffc8-2d1e-49fb-bf57-eecffbcacb49" />
    <UnitTestResult executionId="fb1d759f-c101-4235-9908-3655dab3ffee" testId="5fe22816-dcb7-b15c-f311-a499cf7d5e3f" testName="MSP430.Emulator.Tests.Instructions.Arithmetic.CmpInstructionTests.AddressingModes_AllSupportedModes_ReturnCorrectValues(mode: Absolute)" computerName="fv-az2210-123" duration="00:00:00.0000075" startTime="2025-06-06T19:28:33.7669813+00:00" endTime="2025-06-06T19:28:33.7670508+00:00" testType="13cdc9d9-ddb5-4fa4-a97d-d965ccfc6d4b" outcome="Passed" testListId="8c84fa94-04c1-424b-9868-57a2d4851a1d" relativeResultsDirectory="fb1d759f-c101-4235-9908-3655dab3ffee" />
    <UnitTestResult executionId="5517d237-d649-4406-be33-4f7f32f4ca2c" testId="cfd2f3b2-437b-77da-f320-469095be110b" testName="MSP430.Emulator.Tests.Memory.MemoryMapTests.DefaultMemoryLayout_RegionBoundaries_AreCorrect(region: InterruptVectorTable, expectedStart: 65504, expectedEnd: 65535)" computerName="fv-az2210-123" duration="00:00:00.0034584" startTime="2025-06-06T19:28:30.9180606+00:00" endTime="2025-06-06T19:28:30.9333447+00:00" testType="13cdc9d9-ddb5-4fa4-a97d-d965ccfc6d4b" outcome="Passed" testListId="8c84fa94-04c1-424b-9868-57a2d4851a1d" relativeResultsDirectory="5517d237-d649-4406-be33-4f7f32f4ca2c" />
    <UnitTestResult executionId="2be4fb40-e81a-4495-9384-5b9ae74de5a5" testId="3afb25eb-1af1-3821-55d9-743942803047" testName="MSP430.Emulator.Tests.Cpu.StatusRegisterTests.Constructor_DefaultValue_InitializesToZero" computerName="fv-az2210-123" duration="00:00:00.0001420" startTime="2025-06-06T19:28:33.1374110+00:00" endTime="2025-06-06T19:28:33.1375739+00:00" testType="13cdc9d9-ddb5-4fa4-a97d-d965ccfc6d4b" outcome="Passed" testListId="8c84fa94-04c1-424b-9868-57a2d4851a1d" relativeResultsDirectory="2be4fb40-e81a-4495-9384-5b9ae74de5a5" />
    <UnitTestResult executionId="3bea96d7-4fef-4524-8dff-c44e7f978675" testId="6cbef25f-d844-d889-6da7-e94a69f89588" testName="MSP430.Emulator.Tests.Instructions.Arithmetic.SubInstructionTests.AddressingModes_AllSupportedModes_ReturnCorrectValues(mode: Indirect)" computerName="fv-az2210-123" duration="00:00:00.0000078" startTime="2025-06-06T19:28:33.6267433+00:00" endTime="2025-06-06T19:28:33.6268191+00:00" testType="13cdc9d9-ddb5-4fa4-a97d-d965ccfc6d4b" outcome="Passed" testListId="8c84fa94-04c1-424b-9868-57a2d4851a1d" relativeResultsDirectory="3bea96d7-4fef-4524-8dff-c44e7f978675" />
    <UnitTestResult executionId="fcbcb321-0e08-474a-991d-e38222e2139f" testId="35ba69b8-68bf-6886-d296-3e53149f4556" testName="MSP430.Emulator.Tests.Memory.MemoryMapTests.IsAccessAllowed_FramWriteAccess_ReturnsTrue" computerName="fv-az2210-123" duration="00:00:00.0124369" startTime="2025-06-06T19:28:30.9965940+00:00" endTime="2025-06-06T19:28:30.9993597+00:00" testType="13cdc9d9-ddb5-4fa4-a97d-d965ccfc6d4b" outcome="Passed" testListId="8c84fa94-04c1-424b-9868-57a2d4851a1d" relativeResultsDirectory="fcbcb321-0e08-474a-991d-e38222e2139f" />
    <UnitTestResult executionId="458f57ff-7ef2-41a8-abfb-c9e968d5eb80" testId="4f8527bc-1c33-30d1-74f2-d1b39589a5ea" testName="MSP430.Emulator.Tests.Cpu.StatusRegisterTests.Negative_GetSet_WorksCorrectly(value: 0, expectedNegative: False)" computerName="fv-az2210-123" duration="00:00:00.0003043" startTime="2025-06-06T19:28:33.0256212+00:00" endTime="2025-06-06T19:28:33.0257812+00:00" testType="13cdc9d9-ddb5-4fa4-a97d-d965ccfc6d4b" outcome="Passed" testListId="8c84fa94-04c1-424b-9868-57a2d4851a1d" relativeResultsDirectory="458f57ff-7ef2-41a8-abfb-c9e968d5eb80" />
    <UnitTestResult executionId="93b5868e-3206-4245-bdc6-ac6d5182519b" testId="84221e36-a940-6f96-ce02-57fb2a6b5fc1" testName="MSP430.Emulator.Tests.Logging.FileLoggerTests.Constructor_CreatesDirectoryIfNotExists" computerName="fv-az2210-123" duration="00:00:00.0069895" startTime="2025-06-06T19:28:30.9583891+00:00" endTime="2025-06-06T19:28:30.9654646+00:00" testType="13cdc9d9-ddb5-4fa4-a97d-d965ccfc6d4b" outcome="Passed" testListId="8c84fa94-04c1-424b-9868-57a2d4851a1d" relativeResultsDirectory="93b5868e-3206-4245-bdc6-ac6d5182519b" />
    <UnitTestResult executionId="d418fea6-6fcc-4999-a33f-74d702219a45" testId="77ed5aae-e2e2-c9c8-9be9-d404ef7171e7" testName="MSP430.Emulator.Tests.Instructions.Arithmetic.DecInstructionTests.ToString_VariousAddressingModes_FormatsCorrectly(register: R0, mode: Register, expectedOperand: &quot;R0&quot;)" computerName="fv-az2210-123" duration="00:00:00.0000046" startTime="2025-06-06T19:28:33.7441199+00:00" endTime="2025-06-06T19:28:33.7441904+00:00" testType="13cdc9d9-ddb5-4fa4-a97d-d965ccfc6d4b" outcome="Passed" testListId="8c84fa94-04c1-424b-9868-57a2d4851a1d" relativeResultsDirectory="d418fea6-6fcc-4999-a33f-74d702219a45" />
    <UnitTestResult executionId="bc790381-86a2-424c-b82a-5e7f585d544c" testId="35396994-c92d-22e4-6909-1d0387879490" testName="MSP430.Emulator.Tests.Instructions.Arithmetic.SubInstructionTests.ExtensionWordCount_VariousAddressingModes_ReturnsCorrectCount(sourceMode: Symbolic, destMode: Indexed, expectedCount: 2)" computerName="fv-az2210-123" duration="00:00:00.0000051" startTime="2025-06-06T19:28:33.6383741+00:00" endTime="2025-06-06T19:28:33.6384469+00:00" testType="13cdc9d9-ddb5-4fa4-a97d-d965ccfc6d4b" outcome="Passed" testListId="8c84fa94-04c1-424b-9868-57a2d4851a1d" relativeResultsDirectory="bc790381-86a2-424c-b82a-5e7f585d544c" />
    <UnitTestResult executionId="9b6267cc-1c4a-48b9-85ae-5f6f69d61523" testId="f694b44e-bd36-ab01-be7f-613c604b3901" testName="MSP430.Emulator.Tests.Memory.MemoryControllerTests.ReadWord_ValidAddress_ReturnsValue(address: 6144)" computerName="fv-az2210-123" duration="00:00:00.0040042" startTime="2025-06-06T19:28:33.8786919+00:00" endTime="2025-06-06T19:28:33.8853465+00:00" testType="13cdc9d9-ddb5-4fa4-a97d-d965ccfc6d4b" outcome="Passed" testListId="8c84fa94-04c1-424b-9868-57a2d4851a1d" relativeResultsDirectory="9b6267cc-1c4a-48b9-85ae-5f6f69d61523" />
    <UnitTestResult executionId="6e34058d-ae09-4112-9909-f592897f7c2a" testId="9bc3590e-aabf-8c4f-d18b-02756b29b234" testName="MSP430.Emulator.Tests.Instructions.Arithmetic.IncInstructionTests.Properties_VariousRegisters_ReturnCorrectValues(dest: R7)" computerName="fv-az2210-123" duration="00:00:00.0000121" startTime="2025-06-06T19:28:33.6425593+00:00" endTime="2025-06-06T19:28:33.6426345+00:00" testType="13cdc9d9-ddb5-4fa4-a97d-d965ccfc6d4b" outcome="Passed" testListId="8c84fa94-04c1-424b-9868-57a2d4851a1d" relativeResultsDirectory="6e34058d-ae09-4112-9909-f592897f7c2a" />
    <UnitTestResult executionId="af681861-f29c-4388-976b-6c9a2c8db970" testId="352b86f0-45f2-4f85-76e6-49f6aab8ef11" testName="MSP430.Emulator.Tests.Memory.MemoryAccessValidatorTests.ValidateAccess_WithAccessType_ValidatesCorrectly" computerName="fv-az2210-123" duration="00:00:00.0052790" startTime="2025-06-06T19:28:30.9981083+00:00" endTime="2025-06-06T19:28:30.9982707+00:00" testType="13cdc9d9-ddb5-4fa4-a97d-d965ccfc6d4b" outcome="Passed" testListId="8c84fa94-04c1-424b-9868-57a2d4851a1d" relativeResultsDirectory="af681861-f29c-4388-976b-6c9a2c8db970" />
    <UnitTestResult executionId="242bbb64-a2f3-4f7c-8ca0-96df773ff7aa" testId="34784c8a-3b41-f1c7-e057-0bb2d747758f" testName="MSP430.Emulator.Tests.Instructions.Logic.BisInstructionTests.ToString_VariousAddressingModes_FormatsCorrectly(mode: Immediate, expectedOperand: &quot;#N&quot;)" computerName="fv-az2210-123" duration="00:00:00.0000118" startTime="2025-06-06T19:28:33.7493050+00:00" endTime="2025-06-06T19:28:33.7499862+00:00" testType="13cdc9d9-ddb5-4fa4-a97d-d965ccfc6d4b" outcome="Passed" testListId="8c84fa94-04c1-424b-9868-57a2d4851a1d" relativeResultsDirectory="242bbb64-a2f3-4f7c-8ca0-96df773ff7aa" />
    <UnitTestResult executionId="78cca2ab-0f1d-466b-9778-dac20f024cad" testId="d2d5c40d-f157-c787-a21c-216c0b25cafd" testName="MSP430.Emulator.Tests.Instructions.InstructionDecoderTests.ExtractOpcode_FormatIII_ReturnsCorrectOpcode(format: FormatIII, instructionWord: 10240, expected: 2)" computerName="fv-az2210-123" duration="00:00:00.0000089" startTime="2025-06-06T19:28:33.8175576+00:00" endTime="2025-06-06T19:28:33.8176080+00:00" testType="13cdc9d9-ddb5-4fa4-a97d-d965ccfc6d4b" outcome="Passed" testListId="8c84fa94-04c1-424b-9868-57a2d4851a1d" relativeResultsDirectory="78cca2ab-0f1d-466b-9778-dac20f024cad" />
    <UnitTestResult executionId="38b81f25-9ca7-465a-b6b2-db9292ac2175" testId="d81037ba-7657-d13f-24ec-a1749834cd9d" testName="MSP430.Emulator.Tests.Memory.FlashControllerTests.GetEraseCycles_ValidOperation_ReturnsExpectedCycles(operation: SectorErase)" computerName="fv-az2210-123" duration="00:00:00.0001524" startTime="2025-06-06T19:28:33.3474237+00:00" endTime="2025-06-06T19:28:33.3500634+00:00" testType="13cdc9d9-ddb5-4fa4-a97d-d965ccfc6d4b" outcome="Passed" testListId="8c84fa94-04c1-424b-9868-57a2d4851a1d" relativeResultsDirectory="38b81f25-9ca7-465a-b6b2-db9292ac2175" />
    <UnitTestResult executionId="0934c4f1-b095-4858-afa0-0020f88d07a2" testId="d4df3a0b-d3fb-bf62-722a-75a47c07518b" testName="MSP430.Emulator.Tests.Cpu.StatusRegisterTests.SystemClockGenerator1_GetSet_WorksCorrectly(value: 65407, expected: False)" computerName="fv-az2210-123" duration="00:00:00.0001293" startTime="2025-06-06T19:28:33.1102302+00:00" endTime="2025-06-06T19:28:33.1103848+00:00" testType="13cdc9d9-ddb5-4fa4-a97d-d965ccfc6d4b" outcome="Passed" testListId="8c84fa94-04c1-424b-9868-57a2d4851a1d" relativeResultsDirectory="0934c4f1-b095-4858-afa0-0020f88d07a2" />
    <UnitTestResult executionId="6d097924-7c04-45de-afc5-cc63d1be3666" testId="336ab266-8f57-0f1a-3b11-5c7d001bc13c" testName="MSP430.Emulator.Tests.Diagnostics.DiagnosticReportGeneratorTests.GenerateReportToFile_ShouldCreateFile" computerName="fv-az2210-123" duration="00:00:00.0038225" startTime="2025-06-06T19:28:33.2281493+00:00" endTime="2025-06-06T19:28:33.2333236+00:00" testType="13cdc9d9-ddb5-4fa4-a97d-d965ccfc6d4b" outcome="Passed" testListId="8c84fa94-04c1-424b-9868-57a2d4851a1d" relativeResultsDirectory="6d097924-7c04-45de-afc5-cc63d1be3666" />
    <UnitTestResult executionId="87ea1316-bc87-4a02-87ad-ee06bc3b3c2d" testId="6a39a1c4-c8b9-cd9d-7142-cbec75bde5c6" testName="MSP430.Emulator.Tests.Diagnostics.DiagnosticLoggerTests.Log_BeyondMaxEntries_ShouldMaintainBufferSize" computerName="fv-az2210-123" duration="00:00:00.0142187" startTime="2025-06-06T19:28:30.8086284+00:00" endTime="2025-06-06T19:28:30.8112530+00:00" testType="13cdc9d9-ddb5-4fa4-a97d-d965ccfc6d4b" outcome="Passed" testListId="8c84fa94-04c1-424b-9868-57a2d4851a1d" relativeResultsDirectory="87ea1316-bc87-4a02-87ad-ee06bc3b3c2d" />
    <UnitTestResult executionId="6fb06799-b262-40b8-a27e-f3685d178c53" testId="64e6d3ea-0e02-e4df-ea3d-243d6c1d246a" testName="MSP430.Emulator.Tests.Memory.FlashControllerTests.TryUnlock_ValidKey_ReturnsTrue(validKey: 42495)" computerName="fv-az2210-123" duration="00:00:00.0005134" startTime="2025-06-06T19:28:33.3206420+00:00" endTime="2025-06-06T19:28:33.3218962+00:00" testType="13cdc9d9-ddb5-4fa4-a97d-d965ccfc6d4b" outcome="Passed" testListId="8c84fa94-04c1-424b-9868-57a2d4851a1d" relativeResultsDirectory="6fb06799-b262-40b8-a27e-f3685d178c53" />
    <UnitTestResult executionId="a8cf6fdf-5762-44f3-93c7-b811f16073ab" testId="e3675f3a-20b2-733f-cc92-d116b9528a43" testName="MSP430.Emulator.Tests.Instructions.Arithmetic.DecInstructionTests.Execute_RegisterMode_ByteOperation_DecrementsLowByteOnly" computerName="fv-az2210-123" duration="00:00:00.0002575" startTime="2025-06-06T19:28:33.7585559+00:00" endTime="2025-06-06T19:28:33.7586266+00:00" testType="13cdc9d9-ddb5-4fa4-a97d-d965ccfc6d4b" outcome="Passed" testListId="8c84fa94-04c1-424b-9868-57a2d4851a1d" relativeResultsDirectory="a8cf6fdf-5762-44f3-93c7-b811f16073ab" />
    <UnitTestResult executionId="4a506d5c-6f4d-4225-a789-26331de13aef" testId="ffa8740c-35ca-d3dc-873d-a518b96e7c73" testName="MSP430.Emulator.Tests.Logging.ConsoleLoggerTests.Constructor_SetsDefaultMinimumLevel" computerName="fv-az2210-123" duration="00:00:00.0047812" startTime="2025-06-06T19:28:33.4126553+00:00" endTime="2025-06-06T19:28:33.4152564+00:00" testType="13cdc9d9-ddb5-4fa4-a97d-d965ccfc6d4b" outcome="Passed" testListId="8c84fa94-04c1-424b-9868-57a2d4851a1d" relativeResultsDirectory="4a506d5c-6f4d-4225-a789-26331de13aef" />
    <UnitTestResult executionId="698036c2-e3b1-40c6-8fd1-97c4284e69e6" testId="e80a2818-9519-df6a-9e46-5684378e8f12" testName="MSP430.Emulator.Tests.Instructions.Logic.BitInstructionTests.ExtensionWordCount_VariousAddressingModes_ReturnsCorrectCount(sourceMode: Symbolic, destMode: Indexed, expectedCount: 2)" computerName="fv-az2210-123" duration="00:00:00.0000083" startTime="2025-06-06T19:28:33.5460230+00:00" endTime="2025-06-06T19:28:33.5461692+00:00" testType="13cdc9d9-ddb5-4fa4-a97d-d965ccfc6d4b" outcome="Passed" testListId="8c84fa94-04c1-424b-9868-57a2d4851a1d" relativeResultsDirectory="698036c2-e3b1-40c6-8fd1-97c4284e69e6" />
    <UnitTestResult executionId="67a5fb68-937b-4bd8-a473-6d68bd20df54" testId="5373eb87-70de-1dbd-9d7b-a4f686429a75" testName="MSP430.Emulator.Tests.Cpu.StatusRegisterTests.OscillatorOff_GetSet_WorksCorrectly(value: 32, expected: True)" computerName="fv-az2210-123" duration="00:00:00.0001627" startTime="2025-06-06T19:28:33.0131599+00:00" endTime="2025-06-06T19:28:33.0133052+00:00" testType="13cdc9d9-ddb5-4fa4-a97d-d965ccfc6d4b" outcome="Passed" testListId="8c84fa94-04c1-424b-9868-57a2d4851a1d" relativeResultsDirectory="67a5fb68-937b-4bd8-a473-6d68bd20df54" />
    <UnitTestResult executionId="0b20dbd5-a602-4aaf-8351-6ca639524374" testId="49e508ae-7d98-55ea-789f-c2bd6a1b4e48" testName="MSP430.Emulator.Tests.Memory.FlashControllerTests.TryUnlock_ValidKey_ReturnsTrue(validKey: 42325)" computerName="fv-az2210-123" duration="00:00:00.0001124" startTime="2025-06-06T19:28:33.3194847+00:00" endTime="2025-06-06T19:28:33.3196052+00:00" testType="13cdc9d9-ddb5-4fa4-a97d-d965ccfc6d4b" outcome="Passed" testListId="8c84fa94-04c1-424b-9868-57a2d4851a1d" relativeResultsDirectory="0b20dbd5-a602-4aaf-8351-6ca639524374" />
    <UnitTestResult executionId="7a71107b-e26e-4738-8496-8075aabc08b2" testId="479db4db-cf7a-cdcf-a111-867a55a2a8d7" testName="MSP430.Emulator.Tests.Instructions.AddressingModeDecoderTests.RequiresExtensionWord_VariousModes_ReturnsCorrectResult(mode: Absolute, expected: True)" computerName="fv-az2210-123" duration="00:00:00.0002213" startTime="2025-06-06T19:28:33.4697568+00:00" endTime="2025-06-06T19:28:33.4699174+00:00" testType="13cdc9d9-ddb5-4fa4-a97d-d965ccfc6d4b" outcome="Passed" testListId="8c84fa94-04c1-424b-9868-57a2d4851a1d" relativeResultsDirectory="7a71107b-e26e-4738-8496-8075aabc08b2" />
    <UnitTestResult executionId="5d7b6f0c-e859-4141-920f-1ef74733d2f8" testId="cc7da7be-9ca4-54bc-fa78-8306076dc7e1" testName="MSP430.Emulator.Tests.Instructions.Arithmetic.CmpInstructionTests.AddressingModes_AllSupportedModes_ReturnCorrectValues(mode: Indirect)" computerName="fv-az2210-123" duration="00:00:00.0003128" startTime="2025-06-06T19:28:33.7656548+00:00" endTime="2025-06-06T19:28:33.7657257+00:00" testType="13cdc9d9-ddb5-4fa4-a97d-d965ccfc6d4b" outcome="Passed" testListId="8c84fa94-04c1-424b-9868-57a2d4851a1d" relativeResultsDirectory="5d7b6f0c-e859-4141-920f-1ef74733d2f8" />
    <UnitTestResult executionId="c4a64b53-204f-480f-a1ce-07492c288de5" testId="9e7a2221-0470-7f7c-f018-b875b0d6ac5b" testName="MSP430.Emulator.Tests.Memory.FlashMemoryTests.Unlock_ValidKey_ReturnsTrue" computerName="fv-az2210-123" duration="00:00:00.0001394" startTime="2025-06-06T19:28:33.8075193+00:00" endTime="2025-06-06T19:28:33.8075723+00:00" testType="13cdc9d9-ddb5-4fa4-a97d-d965ccfc6d4b" outcome="Passed" testListId="8c84fa94-04c1-424b-9868-57a2d4851a1d" relativeResultsDirectory="c4a64b53-204f-480f-a1ce-07492c288de5" />
    <UnitTestResult executionId="9a53e51e-2971-438f-a070-b4661595e093" testId="b5f490ae-66cd-d78b-0dd8-ed6daaabf9c3" testName="MSP430.Emulator.Tests.Instructions.Logic.AndInstructionTests.AddressingModes_AllSupportedModes_ReturnCorrectValues(mode: Register)" computerName="fv-az2210-123" duration="00:00:00.0002017" startTime="2025-06-06T19:28:33.6815366+00:00" endTime="2025-06-06T19:28:33.6816971+00:00" testType="13cdc9d9-ddb5-4fa4-a97d-d965ccfc6d4b" outcome="Passed" testListId="8c84fa94-04c1-424b-9868-57a2d4851a1d" relativeResultsDirectory="9a53e51e-2971-438f-a070-b4661595e093" />
    <UnitTestResult executionId="101ba8d6-db13-4e00-9f4b-8114df076dfa" testId="5b5b73cc-62e1-2772-55f9-95409fed76fc" testName="MSP430.Emulator.Tests.Instructions.Logic.XorInstructionTests.ExtensionWordCount_VariousAddressingModes_ReturnsCorrectCount(sourceMode: Immediate, destMode: Absolute, expectedCount: 2)" computerName="fv-az2210-123" duration="00:00:00.0000063" startTime="2025-06-06T19:28:33.1764032+00:00" endTime="2025-06-06T19:28:33.1765078+00:00" testType="13cdc9d9-ddb5-4fa4-a97d-d965ccfc6d4b" outcome="Passed" testListId="8c84fa94-04c1-424b-9868-57a2d4851a1d" relativeResultsDirectory="101ba8d6-db13-4e00-9f4b-8114df076dfa" />
    <UnitTestResult executionId="f63136bd-dffc-4d0a-b444-855c677e4482" testId="b0ec86ad-999f-b4b1-dcfd-a57868dce0b3" testName="MSP430.Emulator.Tests.Instructions.Logic.BitInstructionTests.ToString_VariousAddressingModes_FormatsCorrectly(mode: Indexed, expectedOperand: &quot;X(R1)&quot;)" computerName="fv-az2210-123" duration="00:00:00.0000087" startTime="2025-06-06T19:28:33.5260953+00:00" endTime="2025-06-06T19:28:33.5261758+00:00" testType="13cdc9d9-ddb5-4fa4-a97d-d965ccfc6d4b" outcome="Passed" testListId="8c84fa94-04c1-424b-9868-57a2d4851a1d" relativeResultsDirectory="f63136bd-dffc-4d0a-b444-855c677e4482" />
    <UnitTestResult executionId="d4dee1bb-1cef-40b7-a65c-990b23701472" testId="a3b7bc08-80e2-55ea-b460-1f28ab30b249" testName="MSP430.Emulator.Tests.Instructions.Arithmetic.IncInstructionTests.Properties_DifferentRegisters_ReturnCorrectDestination(expected: R8, other: CG1)" computerName="fv-az2210-123" duration="00:00:00.0002541" startTime="2025-06-06T19:28:33.6044387+00:00" endTime="2025-06-06T19:28:33.6045129+00:00" testType="13cdc9d9-ddb5-4fa4-a97d-d965ccfc6d4b" outcome="Passed" testListId="8c84fa94-04c1-424b-9868-57a2d4851a1d" relativeResultsDirectory="d4dee1bb-1cef-40b7-a65c-990b23701472" />
    <UnitTestResult executionId="649679ec-3ae2-4766-9d4e-3a2548bf993d" testId="c4ae0343-7499-6970-0879-f04bc917747d" testName="MSP430.Emulator.Tests.Logging.FileLoggerTests.Log_WithMultipleThreads_IsThreadSafe" computerName="fv-az2210-123" duration="00:00:02.1249864" startTime="2025-06-06T19:28:30.9665796+00:00" endTime="2025-06-06T19:28:33.0761816+00:00" testType="13cdc9d9-ddb5-4fa4-a97d-d965ccfc6d4b" outcome="Passed" testListId="8c84fa94-04c1-424b-9868-57a2d4851a1d" relativeResultsDirectory="649679ec-3ae2-4766-9d4e-3a2548bf993d" />
    <UnitTestResult executionId="5c5c6ff4-0d46-4597-a149-d82ea1a03bb0" testId="c42dad0e-c5ee-e23f-929e-e095cd890c02" testName="MSP430.Emulator.Tests.Core.ExecutionStateTests.IsValidTransition_ReturnsExpectedResult(from: Stopped, to: Reset, expected: True)" computerName="fv-az2210-123" duration="00:00:00.0000068" startTime="2025-06-06T19:28:33.6986672+00:00" endTime="2025-06-06T19:28:33.6987394+00:00" testType="13cdc9d9-ddb5-4fa4-a97d-d965ccfc6d4b" outcome="Passed" testListId="8c84fa94-04c1-424b-9868-57a2d4851a1d" relativeResultsDirectory="5c5c6ff4-0d46-4597-a149-d82ea1a03bb0" />
    <UnitTestResult executionId="23915e28-f4e6-4cb6-92c0-03d297b035ca" testId="723996dd-67d9-c90b-b68f-8bf4c08b5fc5" testName="MSP430.Emulator.Tests.Instructions.Arithmetic.AddInstructionTests.ExtensionWordCount_VariousAddressingModes_ReturnsCorrectCount(sourceMode: Register, destMode: Symbolic, expectedCount: 1)" computerName="fv-az2210-123" duration="00:00:00.0000040" startTime="2025-06-06T19:28:33.8489720+00:00" endTime="2025-06-06T19:28:33.8490756+00:00" testType="13cdc9d9-ddb5-4fa4-a97d-d965ccfc6d4b" outcome="Passed" testListId="8c84fa94-04c1-424b-9868-57a2d4851a1d" relativeResultsDirectory="23915e28-f4e6-4cb6-92c0-03d297b035ca" />
    <UnitTestResult executionId="6f57f8e1-5eb7-415d-bc87-96c217e4f8c4" testId="c683dff0-9190-ce29-85eb-e372d7bc0b8e" testName="MSP430.Emulator.Tests.Instructions.Arithmetic.DecInstructionTests.AddressingModes_AllSupportedModes_ReturnCorrectValues(mode: Indirect)" computerName="fv-az2210-123" duration="00:00:00.0023195" startTime="2025-06-06T19:28:33.7473057+00:00" endTime="2025-06-06T19:28:33.7473761+00:00" testType="13cdc9d9-ddb5-4fa4-a97d-d965ccfc6d4b" outcome="Passed" testListId="8c84fa94-04c1-424b-9868-57a2d4851a1d" relativeResultsDirectory="6f57f8e1-5eb7-415d-bc87-96c217e4f8c4" />
    <UnitTestResult executionId="8444e9e5-369a-4643-871e-3e94bd75cb8b" testId="b1b0fb65-c138-9140-da82-3080795d428e" testName="MSP430.Emulator.Tests.Instructions.Logic.AndInstructionTests.Constructor_ByteOperation_SetsByteFlag" computerName="fv-az2210-123" duration="00:00:00.0001267" startTime="2025-06-06T19:28:33.6981179+00:00" endTime="2025-06-06T19:28:33.6991287+00:00" testType="13cdc9d9-ddb5-4fa4-a97d-d965ccfc6d4b" outcome="Passed" testListId="8c84fa94-04c1-424b-9868-57a2d4851a1d" relativeResultsDirectory="8444e9e5-369a-4643-871e-3e94bd75cb8b" />
    <UnitTestResult executionId="927089cc-d911-4a6b-888d-71be8306419b" testId="f43cc8c8-5bd9-aea8-e519-afb9e6d0b792" testName="MSP430.Emulator.Tests.Memory.MemoryControllerTests.IsValidAddress_ValidAddresses_ReturnsTrue(address: 16384)" computerName="fv-az2210-123" duration="00:00:00.0033014" startTime="2025-06-06T19:28:33.9000578+00:00" endTime="2025-06-06T19:28:33.9000999+00:00" testType="13cdc9d9-ddb5-4fa4-a97d-d965ccfc6d4b" outcome="Passed" testListId="8c84fa94-04c1-424b-9868-57a2d4851a1d" relativeResultsDirectory="927089cc-d911-4a6b-888d-71be8306419b" />
    <UnitTestResult executionId="74c448b2-b8f4-45a7-9b1e-6869c9ffe64a" testId="2c48a7d6-3012-593f-a6ff-95c0b2b8ac08" testName="MSP430.Emulator.Tests.Instructions.Logic.BisInstructionTests.SourceRegister_AllRegisters_ReturnsCorrectRegister(register: CG1)" computerName="fv-az2210-123" duration="00:00:00.0000140" startTime="2025-06-06T19:28:33.7090530+00:00" endTime="2025-06-06T19:28:33.7091230+00:00" testType="13cdc9d9-ddb5-4fa4-a97d-d965ccfc6d4b" outcome="Passed" testListId="8c84fa94-04c1-424b-9868-57a2d4851a1d" relativeResultsDirectory="74c448b2-b8f4-45a7-9b1e-6869c9ffe64a" />
    <UnitTestResult executionId="cb3ef569-735d-49bc-88b7-c58388240a1d" testId="baa02f46-0d2a-5c54-44c7-e70038c58d91" testName="MSP430.Emulator.Tests.Cpu.StatusRegisterTests.UpdateFlagsAfterAddition_ByteOperation_SetsCorrectFlags(operand1: 0, operand2: 0, result: 0, isByteOp: True, expectedZero: True, expectedNegative: False, expectedCarry: False, expectedOverflow: False)" computerName="fv-az2210-123" duration="00:00:00.0015991" startTime="2025-06-06T19:28:32.9923301+00:00" endTime="2025-06-06T19:28:32.9925900+00:00" testType="13cdc9d9-ddb5-4fa4-a97d-d965ccfc6d4b" outcome="Passed" testListId="8c84fa94-04c1-424b-9868-57a2d4851a1d" relativeResultsDirectory="cb3ef569-735d-49bc-88b7-c58388240a1d" />
    <UnitTestResult executionId="3b0adc29-cffa-4536-8f15-4d019b4e504f" testId="f464cda9-be92-fd55-9ec6-8cca73029648" testName="MSP430.Emulator.Tests.Instructions.Logic.BitInstructionTests.AddressingModes_AllSupportedModes_ReturnCorrectValues(mode: IndirectAutoIncrement)" computerName="fv-az2210-123" duration="00:00:00.0000117" startTime="2025-06-06T19:28:33.5736397+00:00" endTime="2025-06-06T19:28:33.5740688+00:00" testType="13cdc9d9-ddb5-4fa4-a97d-d965ccfc6d4b" outcome="Passed" testListId="8c84fa94-04c1-424b-9868-57a2d4851a1d" relativeResultsDirectory="3b0adc29-cffa-4536-8f15-4d019b4e504f" />
    <UnitTestResult executionId="8d9527ed-c4a8-4b80-858d-7046706bea8b" testId="44054c77-4207-0eab-5995-4409d39fd655" testName="MSP430.Emulator.Tests.Memory.MemoryControllerTests.IsValidAddress_ValidAddresses_ReturnsTrue(address: 6144)" computerName="fv-az2210-123" duration="00:00:00.0032932" startTime="2025-06-06T19:28:33.9008228+00:00" endTime="2025-06-06T19:28:33.9008667+00:00" testType="13cdc9d9-ddb5-4fa4-a97d-d965ccfc6d4b" outcome="Passed" testListId="8c84fa94-04c1-424b-9868-57a2d4851a1d" relativeResultsDirectory="8d9527ed-c4a8-4b80-858d-7046706bea8b" />
    <UnitTestResult executionId="92d538ae-48df-4845-a66c-2e35fd5cb5fd" testId="823220e5-cdf8-3cbe-d4d5-9ee33c8425d4" testName="MSP430.Emulator.Tests.Instructions.Logic.AndInstructionTests.ToString_VariousAddressingModes_FormatsCorrectly(mode: Register, expectedOperand: &quot;R1&quot;)" computerName="fv-az2210-123" duration="00:00:00.0000085" startTime="2025-06-06T19:28:33.6887017+00:00" endTime="2025-06-06T19:28:33.6887749+00:00" testType="13cdc9d9-ddb5-4fa4-a97d-d965ccfc6d4b" outcome="Passed" testListId="8c84fa94-04c1-424b-9868-57a2d4851a1d" relativeResultsDirectory="92d538ae-48df-4845-a66c-2e35fd5cb5fd" />
    <UnitTestResult executionId="ce607675-3da0-430d-b968-7dc2d79c363c" testId="2c429662-4d29-b598-8566-8abe91e6d70b" testName="MSP430.Emulator.Tests.Diagnostics.DiagnosticLoggerTests.Constructor_WithNullLogger_ShouldThrowArgumentNullException" computerName="fv-az2210-123" duration="00:00:00.0006423" startTime="2025-06-06T19:28:30.8551336+00:00" endTime="2025-06-06T19:28:30.8552990+00:00" testType="13cdc9d9-ddb5-4fa4-a97d-d965ccfc6d4b" outcome="Passed" testListId="8c84fa94-04c1-424b-9868-57a2d4851a1d" relativeResultsDirectory="ce607675-3da0-430d-b968-7dc2d79c363c" />
    <UnitTestResult executionId="11ed670e-d6e5-4112-8152-2e66abb7e150" testId="b6f5c89e-fd02-9645-bdfd-3d82a9d128fe" testName="MSP430.Emulator.Tests.Core.EmulatorCoreTests.IsRunning_WhenInRunningState_ReturnsTrue" computerName="fv-az2210-123" duration="00:00:00.0121263" startTime="2025-06-06T19:28:33.7647390+00:00" endTime="2025-06-06T19:28:33.7872652+00:00" testType="13cdc9d9-ddb5-4fa4-a97d-d965ccfc6d4b" outcome="Passed" testListId="8c84fa94-04c1-424b-9868-57a2d4851a1d" relativeResultsDirectory="11ed670e-d6e5-4112-8152-2e66abb7e150" />
    <UnitTestResult executionId="86660bb5-1fa7-4e3d-9c1a-e104dd6d3c3b" testId="f663c666-37f0-7fea-4027-1590ec429fc4" testName="MSP430.Emulator.Tests.Configuration.EmulatorConfigTests.MemoryConfig_PropertiesCanBeSet" computerName="fv-az2210-123" duration="00:00:00.0001921" startTime="2025-06-06T19:28:33.6203875+00:00" endTime="2025-06-06T19:28:33.6205981+00:00" testType="13cdc9d9-ddb5-4fa4-a97d-d965ccfc6d4b" outcome="Passed" testListId="8c84fa94-04c1-424b-9868-57a2d4851a1d" relativeResultsDirectory="86660bb5-1fa7-4e3d-9c1a-e104dd6d3c3b" />
    <UnitTestResult executionId="48b6d1de-8228-4676-91c7-f39cd4af0566" testId="e5653bdb-afd4-cc04-4151-ba263320524b" testName="MSP430.Emulator.Tests.Memory.FlashMemoryTests.IsAddressInBounds_InvalidAddresses_ReturnsFalse" computerName="fv-az2210-123" duration="00:00:00.0001254" startTime="2025-06-06T19:28:33.8047705+00:00" endTime="2025-06-06T19:28:33.8048889+00:00" testType="13cdc9d9-ddb5-4fa4-a97d-d965ccfc6d4b" outcome="Passed" testListId="8c84fa94-04c1-424b-9868-57a2d4851a1d" relativeResultsDirectory="48b6d1de-8228-4676-91c7-f39cd4af0566" />
    <UnitTestResult executionId="62f08806-ec5c-4c69-af67-57b959eff4a7" testId="5e70b63b-bf5b-5daa-34da-9016fde7cf98" testName="MSP430.Emulator.Tests.Logging.FileLoggerTests.Warning_WritesToFile" computerName="fv-az2210-123" duration="00:00:00.0004374" startTime="2025-06-06T19:28:30.9260514+00:00" endTime="2025-06-06T19:28:30.9262565+00:00" testType="13cdc9d9-ddb5-4fa4-a97d-d965ccfc6d4b" outcome="Passed" testListId="8c84fa94-04c1-424b-9868-57a2d4851a1d" relativeResultsDirectory="62f08806-ec5c-4c69-af67-57b959eff4a7" />
    <UnitTestResult executionId="55663af9-6613-44fd-b216-95daf24af8ac" testId="57db1833-ad6e-6527-3659-0e2ffe2e62b1" testName="MSP430.Emulator.Tests.Diagnostics.DiagnosticLoggerTests.AllLogMethods_ShouldCreateCorrectEntries" computerName="fv-az2210-123" duration="00:00:00.0046754" startTime="2025-06-06T19:28:30.9002123+00:00" endTime="2025-06-06T19:28:30.9015460+00:00" testType="13cdc9d9-ddb5-4fa4-a97d-d965ccfc6d4b" outcome="Passed" testListId="8c84fa94-04c1-424b-9868-57a2d4851a1d" relativeResultsDirectory="55663af9-6613-44fd-b216-95daf24af8ac" />
    <UnitTestResult executionId="a8167cd5-2fde-4e0d-b631-548348879f92" testId="39726eda-33e8-8206-ed20-5f3cb7e5f52e" testName="MSP430.Emulator.Tests.Instructions.Logic.BitInstructionTests.DestinationRegister_AllRegisters_ReturnsCorrectRegister(register: R2)" computerName="fv-az2210-123" duration="00:00:00.0002949" startTime="2025-06-06T19:28:33.5545436+00:00" endTime="2025-06-06T19:28:33.5554481+00:00" testType="13cdc9d9-ddb5-4fa4-a97d-d965ccfc6d4b" outcome="Passed" testListId="8c84fa94-04c1-424b-9868-57a2d4851a1d" relativeResultsDirectory="a8167cd5-2fde-4e0d-b631-548348879f92" />
    <UnitTestResult executionId="9b614090-1cc2-45f8-9594-415f1141317a" testId="bb6afd2b-908c-39a4-c200-4ac382e69bd4" testName="MSP430.Emulator.Tests.Instructions.Arithmetic.DecInstructionTests.Properties_DifferentRegisters_ReturnCorrectDestination(expected: R4, other: R2)" computerName="fv-az2210-123" duration="00:00:00.0002640" startTime="2025-06-06T19:28:33.7601547+00:00" endTime="2025-06-06T19:28:33.7602802+00:00" testType="13cdc9d9-ddb5-4fa4-a97d-d965ccfc6d4b" outcome="Passed" testListId="8c84fa94-04c1-424b-9868-57a2d4851a1d" relativeResultsDirectory="9b614090-1cc2-45f8-9594-415f1141317a" />
    <UnitTestResult executionId="e0ee1880-fb04-4302-8dab-7ccc35b3a601" testId="c86d4a63-bc6f-1919-eb60-872635337365" testName="MSP430.Emulator.Tests.Memory.FlashControllerTests.TryUnlock_InvalidKey_ReturnsFalse(invalidKey: 4660)" computerName="fv-az2210-123" duration="00:00:00.0002557" startTime="2025-06-06T19:28:33.3105574+00:00" endTime="2025-06-06T19:28:33.3106847+00:00" testType="13cdc9d9-ddb5-4fa4-a97d-d965ccfc6d4b" outcome="Passed" testListId="8c84fa94-04c1-424b-9868-57a2d4851a1d" relativeResultsDirectory="e0ee1880-fb04-4302-8dab-7ccc35b3a601" />
    <UnitTestResult executionId="3a8d5ec5-2e78-4a2e-b866-a839004ca1a3" testId="94b9bbbf-129d-6668-97bb-026424d8e61c" testName="MSP430.Emulator.Tests.Memory.InformationMemoryTests.IsRangeInBounds_VariousRanges_ReturnsExpectedResult(startAddress: 6144, length: 512, expected: True)" computerName="fv-az2210-123" duration="00:00:00.0000367" startTime="2025-06-06T19:28:33.3024929+00:00" endTime="2025-06-06T19:28:33.3026052+00:00" testType="13cdc9d9-ddb5-4fa4-a97d-d965ccfc6d4b" outcome="Passed" testListId="8c84fa94-04c1-424b-9868-57a2d4851a1d" relativeResultsDirectory="3a8d5ec5-2e78-4a2e-b866-a839004ca1a3" />
    <UnitTestResult executionId="c6531d1d-5b93-4be1-8002-b6bd041bee1b" testId="ab13b0bc-6944-08c5-2ee6-e3acd790523d" testName="MSP430.Emulator.Tests.Cpu.StatusRegisterTests.GeneralInterruptEnable_GetSet_WorksCorrectly(value: 65527, expected: False)" computerName="fv-az2210-123" duration="00:00:00.0001112" startTime="2025-06-06T19:28:33.1065213+00:00" endTime="2025-06-06T19:28:33.1066753+00:00" testType="13cdc9d9-ddb5-4fa4-a97d-d965ccfc6d4b" outcome="Passed" testListId="8c84fa94-04c1-424b-9868-57a2d4851a1d" relativeResultsDirectory="c6531d1d-5b93-4be1-8002-b6bd041bee1b" />
    <UnitTestResult executionId="c30b0918-d25c-402c-9896-5bdac0b67701" testId="9085795c-fd20-6ba4-abd8-23b7152e3ee9" testName="MSP430.Emulator.Tests.Instructions.Logic.XorInstructionTests.AddressingModes_AllSupportedModes_ReturnCorrectValues(mode: Immediate)" computerName="fv-az2210-123" duration="00:00:00.0000111" startTime="2025-06-06T19:28:33.1862524+00:00" endTime="2025-06-06T19:28:33.1863545+00:00" testType="13cdc9d9-ddb5-4fa4-a97d-d965ccfc6d4b" outcome="Passed" testListId="8c84fa94-04c1-424b-9868-57a2d4851a1d" relativeResultsDirectory="c30b0918-d25c-402c-9896-5bdac0b67701" />
    <UnitTestResult executionId="9e44aabb-40ab-4275-913f-35b16d56623d" testId="e72fd897-6676-e327-5630-631d7d8cf607" testName="MSP430.Emulator.Tests.Logging.FileLoggerTests.Log_WithContext_IncludesContextInOutput" computerName="fv-az2210-123" duration="00:00:00.0451224" startTime="2025-06-06T19:28:30.8509617+00:00" endTime="2025-06-06T19:28:30.9161884+00:00" testType="13cdc9d9-ddb5-4fa4-a97d-d965ccfc6d4b" outcome="Passed" testListId="8c84fa94-04c1-424b-9868-57a2d4851a1d" relativeResultsDirectory="9e44aabb-40ab-4275-913f-35b16d56623d" />
    <UnitTestResult executionId="49215a89-9255-417b-bbf7-31b39a0bc0a6" testId="8dd2deab-5ae4-74cb-38d6-dcc78f915424" testName="MSP430.Emulator.Tests.Core.ExecutionStateTests.Reset_ResetsToResetState" computerName="fv-az2210-123" duration="00:00:00.0001669" startTime="2025-06-06T19:28:33.6569011+00:00" endTime="2025-06-06T19:28:33.6575966+00:00" testType="13cdc9d9-ddb5-4fa4-a97d-d965ccfc6d4b" outcome="Passed" testListId="8c84fa94-04c1-424b-9868-57a2d4851a1d" relativeResultsDirectory="49215a89-9255-417b-bbf7-31b39a0bc0a6" />
    <UnitTestResult executionId="202ecf45-61cb-4ed4-bf38-e9720b73a2a0" testId="adafaec0-48a6-6a5b-a783-5844b3566e4a" testName="MSP430.Emulator.Tests.Instructions.Logic.XorInstructionTests.ToString_VariousAddressingModes_FormatsCorrectly(mode: IndirectAutoIncrement, expectedOperand: &quot;@R1+&quot;)" computerName="fv-az2210-123" duration="00:00:00.0002681" startTime="2025-06-06T19:28:33.0296904+00:00" endTime="2025-06-06T19:28:33.0298387+00:00" testType="13cdc9d9-ddb5-4fa4-a97d-d965ccfc6d4b" outcome="Passed" testListId="8c84fa94-04c1-424b-9868-57a2d4851a1d" relativeResultsDirectory="202ecf45-61cb-4ed4-bf38-e9720b73a2a0" />
    <UnitTestResult executionId="b88277a1-fe5d-45ab-b422-e88695d54d3b" testId="678a70b7-0358-5a30-970f-bdc5a2025cda" testName="MSP430.Emulator.Tests.Instructions.Logic.BitInstructionTests.ExtensionWordCount_VariousAddressingModes_ReturnsCorrectCount(sourceMode: Immediate, destMode: Absolute, expectedCount: 2)" computerName="fv-az2210-123" duration="00:00:00.0000120" startTime="2025-06-06T19:28:33.5412351+00:00" endTime="2025-06-06T19:28:33.5413152+00:00" testType="13cdc9d9-ddb5-4fa4-a97d-d965ccfc6d4b" outcome="Passed" testListId="8c84fa94-04c1-424b-9868-57a2d4851a1d" relativeResultsDirectory="b88277a1-fe5d-45ab-b422-e88695d54d3b" />
    <UnitTestResult executionId="fbf27b05-4e4e-4535-b5e8-cd20a1940ef1" testId="ae182ac9-8ac7-b95e-1d6e-6a5b85897484" testName="MSP430.Emulator.Tests.Memory.InformationMemoryTests.ReadWord_InvalidAddress_ThrowsArgumentOutOfRangeException(invalidAddress: 6656)" computerName="fv-az2210-123" duration="00:00:00.0003541" startTime="2025-06-06T19:28:33.3717606+00:00" endTime="2025-06-06T19:28:33.3718929+00:00" testType="13cdc9d9-ddb5-4fa4-a97d-d965ccfc6d4b" outcome="Passed" testListId="8c84fa94-04c1-424b-9868-57a2d4851a1d" relativeResultsDirectory="fbf27b05-4e4e-4535-b5e8-cd20a1940ef1" />
    <UnitTestResult executionId="9412d5ec-6174-4911-8924-7813c55060f2" testId="4f73c4d4-7786-0271-efd7-f87c7cd31029" testName="MSP430.Emulator.Tests.Cpu.RegisterFileTests.ReadRegister_ValidRegister_ReturnsZeroAfterReset(register: R14)" computerName="fv-az2210-123" duration="00:00:00.0000090" startTime="2025-06-06T19:28:33.4926799+00:00" endTime="2025-06-06T19:28:33.4927965+00:00" testType="13cdc9d9-ddb5-4fa4-a97d-d965ccfc6d4b" outcome="Passed" testListId="8c84fa94-04c1-424b-9868-57a2d4851a1d" relativeResultsDirectory="9412d5ec-6174-4911-8924-7813c55060f2" />
    <UnitTestResult executionId="83f89f76-ca95-46cc-862b-925ee8ee81e1" testId="373ff569-27d5-1f89-4f76-a77fb5e35c7c" testName="MSP430.Emulator.Tests.Memory.MemoryMapTests.Constructor_DefaultRegions_CreatesValidMemoryMap" computerName="fv-az2210-123" duration="00:00:00.0155037" startTime="2025-06-06T19:28:30.9835597+00:00" endTime="2025-06-06T19:28:30.9850956+00:00" testType="13cdc9d9-ddb5-4fa4-a97d-d965ccfc6d4b" outcome="Passed" testListId="8c84fa94-04c1-424b-9868-57a2d4851a1d" relativeResultsDirectory="83f89f76-ca95-46cc-862b-925ee8ee81e1" />
    <UnitTestResult executionId="98f6c558-d924-44eb-bd91-1c9aa1a165f7" testId="47364c08-9872-f0e1-3f2d-6e4edbe6695a" testName="MSP430.Emulator.Tests.Cpu.RegisterFileTests.ReadRegister_ValidRegister_ReturnsZeroAfterReset(register: R12)" computerName="fv-az2210-123" duration="00:00:00.0000103" startTime="2025-06-06T19:28:33.4943037+00:00" endTime="2025-06-06T19:28:33.4943813+00:00" testType="13cdc9d9-ddb5-4fa4-a97d-d965ccfc6d4b" outcome="Passed" testListId="8c84fa94-04c1-424b-9868-57a2d4851a1d" relativeResultsDirectory="98f6c558-d924-44eb-bd91-1c9aa1a165f7" />
    <UnitTestResult executionId="272ee9c5-16f1-442f-a842-13a009b77c2d" testId="e727edb8-fbf6-1086-e8fb-ec33c7f405f9" testName="MSP430.Emulator.Tests.Instructions.Logic.BisInstructionTests.Constructor_ByteOperation_SetsByteFlag" computerName="fv-az2210-123" duration="00:00:00.0001273" startTime="2025-06-06T19:28:33.7523920+00:00" endTime="2025-06-06T19:28:33.7524631+00:00" testType="13cdc9d9-ddb5-4fa4-a97d-d965ccfc6d4b" outcome="Passed" testListId="8c84fa94-04c1-424b-9868-57a2d4851a1d" relativeResultsDirectory="272ee9c5-16f1-442f-a842-13a009b77c2d" />
    <UnitTestResult executionId="b60756e4-f23e-424f-9aec-ae02e20e76ca" testId="3ff4129f-d3ce-a3ec-99fa-6cae5c41c7f0" testName="MSP430.Emulator.Tests.Instructions.Arithmetic.IncInstructionTests.AddressingModes_AllSupportedModes_ReturnCorrectValues(mode: Register)" computerName="fv-az2210-123" duration="00:00:00.0028161" startTime="2025-06-06T19:28:33.6126283+00:00" endTime="2025-06-06T19:28:33.6127280+00:00" testType="13cdc9d9-ddb5-4fa4-a97d-d965ccfc6d4b" outcome="Passed" testListId="8c84fa94-04c1-424b-9868-57a2d4851a1d" relativeResultsDirectory="b60756e4-f23e-424f-9aec-ae02e20e76ca" />
    <UnitTestResult executionId="5ccc5282-b8b8-4f27-b1f3-7c616e987e33" testId="440b1e51-aa6f-78b5-402f-4191f141a2af" testName="MSP430.Emulator.Tests.Instructions.Logic.AndInstructionTests.DestinationRegister_AllRegisters_ReturnsCorrectRegister(register: CG1)" computerName="fv-az2210-123" duration="00:00:00.0001607" startTime="2025-06-06T19:28:33.6741277+00:00" endTime="2025-06-06T19:28:33.6752948+00:00" testType="13cdc9d9-ddb5-4fa4-a97d-d965ccfc6d4b" outcome="Passed" testListId="8c84fa94-04c1-424b-9868-57a2d4851a1d" relativeResultsDirectory="5ccc5282-b8b8-4f27-b1f3-7c616e987e33" />
    <UnitTestResult executionId="1f17eed5-16cb-4003-b9ca-fe83b1e30f4f" testId="f29cbd33-7dc1-a00f-0357-0a788738a978" testName="MSP430.Emulator.Tests.Instructions.Logic.BitInstructionTests.Constructor_ValidParameters_CreatesInstruction" computerName="fv-az2210-123" duration="00:00:00.0004453" startTime="2025-06-06T19:28:33.5790458+00:00" endTime="2025-06-06T19:28:33.5807230+00:00" testType="13cdc9d9-ddb5-4fa4-a97d-d965ccfc6d4b" outcome="Passed" testListId="8c84fa94-04c1-424b-9868-57a2d4851a1d" relativeResultsDirectory="1f17eed5-16cb-4003-b9ca-fe83b1e30f4f" />
    <UnitTestResult executionId="55dc1948-92dd-4610-8cdb-fbd6f8428896" testId="52afb31d-9874-f147-257a-00b4d2e618ce" testName="MSP430.Emulator.Tests.Cpu.StatusRegisterTests.Carry_SetFlag_UpdatesValue" computerName="fv-az2210-123" duration="00:00:00.0001349" startTime="2025-06-06T19:28:33.0817528+00:00" endTime="2025-06-06T19:28:33.0819587+00:00" testType="13cdc9d9-ddb5-4fa4-a97d-d965ccfc6d4b" outcome="Passed" testListId="8c84fa94-04c1-424b-9868-57a2d4851a1d" relativeResultsDirectory="55dc1948-92dd-4610-8cdb-fbd6f8428896" />
    <UnitTestResult executionId="efb81a80-750e-4222-a0ed-911f34fe4dd7" testId="5b85431a-9bab-49b6-e94d-28452d3e475c" testName="MSP430.Emulator.Tests.Instructions.Arithmetic.AddInstructionTests.ToString_VariousAddressingModes_FormatsCorrectly(register: R4, mode: IndirectAutoIncrement, expectedOperand: &quot;@R4+&quot;)" computerName="fv-az2210-123" duration="00:00:00.0003410" startTime="2025-06-06T19:28:33.8373657+00:00" endTime="2025-06-06T19:28:33.8379236+00:00" testType="13cdc9d9-ddb5-4fa4-a97d-d965ccfc6d4b" outcome="Passed" testListId="8c84fa94-04c1-424b-9868-57a2d4851a1d" relativeResultsDirectory="efb81a80-750e-4222-a0ed-911f34fe4dd7" />
    <UnitTestResult executionId="cacaa9f0-24e7-4ce7-849c-2e7b22782985" testId="0e210a30-c9fc-ed5a-cfa2-977f1b81d572" testName="MSP430.Emulator.Tests.Instructions.Arithmetic.DecInstructionTests.ToString_VariousAddressingModes_FormatsCorrectly(register: R5, mode: Indexed, expectedOperand: &quot;X(R5)&quot;)" computerName="fv-az2210-123" duration="00:00:00.0000038" startTime="2025-06-06T19:28:33.7456417+00:00" endTime="2025-06-06T19:28:33.7457676+00:00" testType="13cdc9d9-ddb5-4fa4-a97d-d965ccfc6d4b" outcome="Passed" testListId="8c84fa94-04c1-424b-9868-57a2d4851a1d" relativeResultsDirectory="cacaa9f0-24e7-4ce7-849c-2e7b22782985" />
    <UnitTestResult executionId="fd8e6fb8-65f8-4a5d-aeaa-955ba08cdfd0" testId="a619bc54-dbfb-935b-2b64-2638ddd8e54c" testName="MSP430.Emulator.Tests.Instructions.Logic.BitInstructionTests.SourceRegister_AllRegisters_ReturnsCorrectRegister(register: R15)" computerName="fv-az2210-123" duration="00:00:00.0001285" startTime="2025-06-06T19:28:33.5603661+00:00" endTime="2025-06-06T19:28:33.5605111+00:00" testType="13cdc9d9-ddb5-4fa4-a97d-d965ccfc6d4b" outcome="Passed" testListId="8c84fa94-04c1-424b-9868-57a2d4851a1d" relativeResultsDirectory="fd8e6fb8-65f8-4a5d-aeaa-955ba08cdfd0" />
    <UnitTestResult executionId="e1b20dd1-0e94-477e-8f55-1aa4c0fb5fbe" testId="ca683723-a753-47b0-8d23-d010cfa39330" testName="MSP430.Emulator.Tests.Memory.FlashControllerTests.GetProgramCycles_ReturnsExpectedCycles(isWordAccess: False)" computerName="fv-az2210-123" duration="00:00:00.0002334" startTime="2025-06-06T19:28:33.3293217+00:00" endTime="2025-06-06T19:28:33.3294389+00:00" testType="13cdc9d9-ddb5-4fa4-a97d-d965ccfc6d4b" outcome="Passed" testListId="8c84fa94-04c1-424b-9868-57a2d4851a1d" relativeResultsDirectory="e1b20dd1-0e94-477e-8f55-1aa4c0fb5fbe" />
    <UnitTestResult executionId="429b8945-8a18-4a48-a1cf-d01994f01fcb" testId="25d16c0d-2f4c-eb6f-87b1-57b89ac6208a" testName="MSP430.Emulator.Tests.Cpu.StatusRegisterTests.SystemClockGenerator1_GetSet_WorksCorrectly(value: 128, expected: True)" computerName="fv-az2210-123" duration="00:00:00.0003062" startTime="2025-06-06T19:28:33.1132873+00:00" endTime="2025-06-06T19:28:33.1146875+00:00" testType="13cdc9d9-ddb5-4fa4-a97d-d965ccfc6d4b" outcome="Passed" testListId="8c84fa94-04c1-424b-9868-57a2d4851a1d" relativeResultsDirectory="429b8945-8a18-4a48-a1cf-d01994f01fcb" />
    <UnitTestResult executionId="241af4af-4ab2-4588-8e51-6d36162bdcaa" testId="56c0dae7-1cfa-5d39-f81d-2f9366901eb2" testName="MSP430.Emulator.Tests.Memory.RandomAccessMemoryTests.Initialize_NoPattern_SetsAllBytesToZero" computerName="fv-az2210-123" duration="00:00:00.0001599" startTime="2025-06-06T19:28:33.8907562+00:00" endTime="2025-06-06T19:28:33.8912815+00:00" testType="13cdc9d9-ddb5-4fa4-a97d-d965ccfc6d4b" outcome="Passed" testListId="8c84fa94-04c1-424b-9868-57a2d4851a1d" relativeResultsDirectory="241af4af-4ab2-4588-8e51-6d36162bdcaa" />
    <UnitTestResult executionId="fa4203da-d1d6-4d67-af32-3fb0e45c54a1" testId="fd7a17d4-2fcc-3965-a5b0-8e191dc15d8c" testName="MSP430.Emulator.Tests.Memory.InformationMemoryTests.WriteByte_ToProtectedSegment_Fails" computerName="fv-az2210-123" duration="00:00:00.0001584" startTime="2025-06-06T19:28:33.3467648+00:00" endTime="2025-06-06T19:28:33.3475356+00:00" testType="13cdc9d9-ddb5-4fa4-a97d-d965ccfc6d4b" outcome="Passed" testListId="8c84fa94-04c1-424b-9868-57a2d4851a1d" relativeResultsDirectory="fa4203da-d1d6-4d67-af32-3fb0e45c54a1" />
    <UnitTestResult executionId="d357c137-3cc9-4479-a102-3d99812029f3" testId="90db32c6-d92c-59eb-7ec1-20d5d28ae4a0" testName="MSP430.Emulator.Tests.Memory.FlashMemoryTests.Constructor_InvalidSize_ThrowsArgumentOutOfRangeException(invalidSize: -1)" computerName="fv-az2210-123" duration="00:00:00.0000589" startTime="2025-06-06T19:28:33.8040020+00:00" endTime="2025-06-06T19:28:33.8040591+00:00" testType="13cdc9d9-ddb5-4fa4-a97d-d965ccfc6d4b" outcome="Passed" testListId="8c84fa94-04c1-424b-9868-57a2d4851a1d" relativeResultsDirectory="d357c137-3cc9-4479-a102-3d99812029f3" />
    <UnitTestResult executionId="bf8a4c12-f46a-440a-8e53-34d4c5f48898" testId="d25bae56-d495-68d7-b362-26f1190428ed" testName="MSP430.Emulator.Tests.Memory.MemoryControllerTests.ReadByte_ValidAddress_ReturnsValue(address: 8192)" computerName="fv-az2210-123" duration="00:00:00.0041161" startTime="2025-06-06T19:28:33.9029901+00:00" endTime="2025-06-06T19:28:33.9030342+00:00" testType="13cdc9d9-ddb5-4fa4-a97d-d965ccfc6d4b" outcome="Passed" testListId="8c84fa94-04c1-424b-9868-57a2d4851a1d" relativeResultsDirectory="bf8a4c12-f46a-440a-8e53-34d4c5f48898" />
    <UnitTestResult executionId="c5fe77f8-a198-4256-bd65-359d8147430b" testId="605a65b6-4cc8-573f-90d1-eddbf080cec1" testName="MSP430.Emulator.Tests.Memory.RandomAccessMemoryTests.MemoryContents_PersistAcrossOperations" computerName="fv-az2210-123" duration="00:00:00.0005171" startTime="2025-06-06T19:28:33.8840859+00:00" endTime="2025-06-06T19:28:33.8841559+00:00" testType="13cdc9d9-ddb5-4fa4-a97d-d965ccfc6d4b" outcome="Passed" testListId="8c84fa94-04c1-424b-9868-57a2d4851a1d" relativeResultsDirectory="c5fe77f8-a198-4256-bd65-359d8147430b" />
    <UnitTestResult executionId="969b423e-63d5-4190-9a58-6b1e7617d7aa" testId="d92f1ec2-0120-4667-2a00-284b798bd015" testName="MSP430.Emulator.Tests.Instructions.Logic.BitInstructionTests.SourceRegister_AllRegisters_ReturnsCorrectRegister(register: R0)" computerName="fv-az2210-123" duration="00:00:00.0000043" startTime="2025-06-06T19:28:33.5642087+00:00" endTime="2025-06-06T19:28:33.5642897+00:00" testType="13cdc9d9-ddb5-4fa4-a97d-d965ccfc6d4b" outcome="Passed" testListId="8c84fa94-04c1-424b-9868-57a2d4851a1d" relativeResultsDirectory="969b423e-63d5-4190-9a58-6b1e7617d7aa" />
    <UnitTestResult executionId="aed0baa5-68bd-4eee-9e6a-6553f4ce1ce0" testId="ce04f913-cc6d-3428-92cb-038af7b63e32" testName="MSP430.Emulator.Tests.Core.EmulatorCoreTests.Halt_ChangesToHaltedState" computerName="fv-az2210-123" duration="00:00:00.0196075" startTime="2025-06-06T19:28:33.2764768+00:00" endTime="2025-06-06T19:28:33.3729956+00:00" testType="13cdc9d9-ddb5-4fa4-a97d-d965ccfc6d4b" outcome="Passed" testListId="8c84fa94-04c1-424b-9868-57a2d4851a1d" relativeResultsDirectory="aed0baa5-68bd-4eee-9e6a-6553f4ce1ce0" />
    <UnitTestResult executionId="d5550f07-5dbb-4714-9467-965390d5e58d" testId="4e19aea1-ddca-9ddf-8bf5-a10d2c1e958f" testName="MSP430.Emulator.Tests.Instructions.Logic.AndInstructionTests.AddressingModes_AllSupportedModes_ReturnCorrectValues(mode: Immediate)" computerName="fv-az2210-123" duration="00:00:00.0001971" startTime="2025-06-06T19:28:33.6808443+00:00" endTime="2025-06-06T19:28:33.6809783+00:00" testType="13cdc9d9-ddb5-4fa4-a97d-d965ccfc6d4b" outcome="Passed" testListId="8c84fa94-04c1-424b-9868-57a2d4851a1d" relativeResultsDirectory="d5550f07-5dbb-4714-9467-965390d5e58d" />
    <UnitTestResult executionId="72657eee-ac04-436d-9099-54911805041e" testId="d0a918b9-033c-2287-7d91-4ab2444dfa9b" testName="MSP430.Emulator.Tests.Cpu.RegisterFileTests.WriteRegister_InvalidRegister_ThrowsArgumentException" computerName="fv-az2210-123" duration="00:00:00.0035402" startTime="2025-06-06T19:28:33.5992033+00:00" endTime="2025-06-06T19:28:33.5999123+00:00" testType="13cdc9d9-ddb5-4fa4-a97d-d965ccfc6d4b" outcome="Passed" testListId="8c84fa94-04c1-424b-9868-57a2d4851a1d" relativeResultsDirectory="72657eee-ac04-436d-9099-54911805041e" />
    <UnitTestResult executionId="8bb81299-0cf5-4a5a-a575-5d3fd1bcae4a" testId="2ce55d53-7284-308e-1153-3a4433b41ddb" testName="MSP430.Emulator.Tests.Memory.MemoryControllerTests.IsAccessAllowed_ValidAccess_ReturnsTrue(address: 16384, accessType: Read)" computerName="fv-az2210-123" duration="00:00:00.0033298" startTime="2025-06-06T19:28:33.9090736+00:00" endTime="2025-06-06T19:28:33.9091149+00:00" testType="13cdc9d9-ddb5-4fa4-a97d-d965ccfc6d4b" outcome="Passed" testListId="8c84fa94-04c1-424b-9868-57a2d4851a1d" relativeResultsDirectory="8bb81299-0cf5-4a5a-a575-5d3fd1bcae4a" />
    <UnitTestResult executionId="b0b1f48a-8449-4fe2-9267-5ec9d1c6cada" testId="53f42f2a-69cc-61ab-ab51-eeb03a927861" testName="MSP430.Emulator.Tests.Cpu.StatusRegisterTests.Zero_GetSet_WorksCorrectly(value: 2, expectedZero: True)" computerName="fv-az2210-123" duration="00:00:00.0000079" startTime="2025-06-06T19:28:33.1285123+00:00" endTime="2025-06-06T19:28:33.1286183+00:00" testType="13cdc9d9-ddb5-4fa4-a97d-d965ccfc6d4b" outcome="Passed" testListId="8c84fa94-04c1-424b-9868-57a2d4851a1d" relativeResultsDirectory="b0b1f48a-8449-4fe2-9267-5ec9d1c6cada" />
    <UnitTestResult executionId="97e874f8-377b-462a-be44-e9bcf616ff2c" testId="9167be5f-2196-9991-250b-113c643e04b2" testName="MSP430.Emulator.Tests.Memory.RandomAccessMemoryTests.WriteByte_ValidAddress_StoresValue" computerName="fv-az2210-123" duration="00:00:00.0001798" startTime="2025-06-06T19:28:33.8962303+00:00" endTime="2025-06-06T19:28:33.8962748+00:00" testType="13cdc9d9-ddb5-4fa4-a97d-d965ccfc6d4b" outcome="Passed" testListId="8c84fa94-04c1-424b-9868-57a2d4851a1d" relativeResultsDirectory="97e874f8-377b-462a-be44-e9bcf616ff2c" />
    <UnitTestResult executionId="e53210fe-2c6e-4ca5-b219-736608df8027" testId="842dff00-842d-a258-42c6-4779309cd2c5" testName="MSP430.Emulator.Tests.Memory.FlashMemoryTests.ProgramByte_RequiringErase_ReturnsFalse" computerName="fv-az2210-123" duration="00:00:00.0014044" startTime="2025-06-06T19:28:33.7834410+00:00" endTime="2025-06-06T19:28:33.7843795+00:00" testType="13cdc9d9-ddb5-4fa4-a97d-d965ccfc6d4b" outcome="Passed" testListId="8c84fa94-04c1-424b-9868-57a2d4851a1d" relativeResultsDirectory="e53210fe-2c6e-4ca5-b219-736608df8027" />
    <UnitTestResult executionId="31f6bf88-d9a0-4781-88c8-ef07b405374b" testId="001caab0-87c5-3453-b512-abc028b449c7" testName="MSP430.Emulator.Tests.Memory.RandomAccessMemoryTests.GetReadCycles_AllAddresses_ReturnsConstantCycles(address: 8192, isWordAccess: True, expectedCycles: 1)" computerName="fv-az2210-123" duration="00:00:00.0000070" startTime="2025-06-06T19:28:33.8799988+00:00" endTime="2025-06-06T19:28:33.8800401+00:00" testType="13cdc9d9-ddb5-4fa4-a97d-d965ccfc6d4b" outcome="Passed" testListId="8c84fa94-04c1-424b-9868-57a2d4851a1d" relativeResultsDirectory="31f6bf88-d9a0-4781-88c8-ef07b405374b" />
    <UnitTestResult executionId="109e6788-2001-49ed-8093-0e92bfa99b1c" testId="10a2eeae-fc3e-9b65-ccaf-3beda11e43e6" testName="MSP430.Emulator.Tests.Logging.FileLoggerTests.Constructor_SetsDefaultMinimumLevel" computerName="fv-az2210-123" duration="00:00:00.0003089" startTime="2025-06-06T19:28:30.9171019+00:00" endTime="2025-06-06T19:28:30.9182758+00:00" testType="13cdc9d9-ddb5-4fa4-a97d-d965ccfc6d4b" outcome="Passed" testListId="8c84fa94-04c1-424b-9868-57a2d4851a1d" relativeResultsDirectory="109e6788-2001-49ed-8093-0e92bfa99b1c" />
    <UnitTestResult executionId="cfb20ec5-2dd2-4679-9a98-00a0d9ee764b" testId="60d56830-6d5a-0539-66b5-15ed03961bf5" testName="MSP430.Emulator.Tests.Instructions.Logic.BitInstructionTests.ExtensionWordCount_VariousAddressingModes_ReturnsCorrectCount(sourceMode: Register, destMode: Symbolic, expectedCount: 1)" computerName="fv-az2210-123" duration="00:00:00.0000083" startTime="2025-06-06T19:28:33.5420475+00:00" endTime="2025-06-06T19:28:33.5421274+00:00" testType="13cdc9d9-ddb5-4fa4-a97d-d965ccfc6d4b" outcome="Passed" testListId="8c84fa94-04c1-424b-9868-57a2d4851a1d" relativeResultsDirectory="cfb20ec5-2dd2-4679-9a98-00a0d9ee764b" />
    <UnitTestResult executionId="1ca2e468-7649-4f37-b4b7-3af80fb223dd" testId="528ef5b8-0156-b916-68dd-c0514c25208c" testName="MSP430.Emulator.Tests.Instructions.Arithmetic.AddInstructionTests.ToString_VariousAddressingModes_FormatsCorrectly(register: CG1, mode: Indirect, expectedOperand: &quot;@R3&quot;)" computerName="fv-az2210-123" duration="00:00:00.0000082" startTime="2025-06-06T19:28:33.8399860+00:00" endTime="2025-06-06T19:28:33.8406765+00:00" testType="13cdc9d9-ddb5-4fa4-a97d-d965ccfc6d4b" outcome="Passed" testListId="8c84fa94-04c1-424b-9868-57a2d4851a1d" relativeResultsDirectory="1ca2e468-7649-4f37-b4b7-3af80fb223dd" />
    <UnitTestResult executionId="5cfeb46c-4092-406e-847a-f7e8e92f206f" testId="7de81617-ff0a-ebf4-3727-55b045bd6e63" testName="MSP430.Emulator.Tests.Memory.MemoryControllerTests.WriteByte_InvalidAddress_ThrowsMemoryAccessException(address: 6656)" computerName="fv-az2210-123" duration="00:00:00.0026909" startTime="2025-06-06T19:28:33.9255376+00:00" endTime="2025-06-06T19:28:33.9255993+00:00" testType="13cdc9d9-ddb5-4fa4-a97d-d965ccfc6d4b" outcome="Passed" testListId="8c84fa94-04c1-424b-9868-57a2d4851a1d" relativeResultsDirectory="5cfeb46c-4092-406e-847a-f7e8e92f206f" />
    <UnitTestResult executionId="b8d1df97-37ea-41ee-aad9-df67d2d311ab" testId="a7cdb1d4-5e51-348a-121b-7502be32cc47" testName="MSP430.Emulator.Tests.Memory.MemoryMapTests.DefaultMemoryLayout_RegionBoundaries_AreCorrect(region: SpecialFunctionRegisters, expectedStart: 0, expectedEnd: 255)" computerName="fv-az2210-123" duration="00:00:00.0076823" startTime="2025-06-06T19:28:30.8984079+00:00" endTime="2025-06-06T19:28:30.9003336+00:00" testType="13cdc9d9-ddb5-4fa4-a97d-d965ccfc6d4b" outcome="Passed" testListId="8c84fa94-04c1-424b-9868-57a2d4851a1d" relativeResultsDirectory="b8d1df97-37ea-41ee-aad9-df67d2d311ab" />
    <UnitTestResult executionId="7e37fca8-11b7-4bc5-90ca-3550830a14a1" testId="429dbfc9-b859-9393-c9b7-06ca39355e73" testName="MSP430.Emulator.Tests.Cpu.RegisterFileTests.IncrementProgramCounter_DefaultIncrement_IncrementsBy2" computerName="fv-az2210-123" duration="00:00:00.0001257" startTime="2025-06-06T19:28:33.5069853+00:00" endTime="2025-06-06T19:28:33.5070710+00:00" testType="13cdc9d9-ddb5-4fa4-a97d-d965ccfc6d4b" outcome="Passed" testListId="8c84fa94-04c1-424b-9868-57a2d4851a1d" relativeResultsDirectory="7e37fca8-11b7-4bc5-90ca-3550830a14a1" />
    <UnitTestResult executionId="727ddb98-3ec3-4abd-99ca-0285a3906fe0" testId="d52f4b74-170d-864f-c023-d858c140faa6" testName="MSP430.Emulator.Tests.Instructions.Arithmetic.SubInstructionTests.ExtensionWordCount_VariousAddressingModes_ReturnsCorrectCount(sourceMode: Register, destMode: Symbolic, expectedCount: 1)" computerName="fv-az2210-123" duration="00:00:00.0000041" startTime="2025-06-06T19:28:33.6388280+00:00" endTime="2025-06-06T19:28:33.6389670+00:00" testType="13cdc9d9-ddb5-4fa4-a97d-d965ccfc6d4b" outcome="Passed" testListId="8c84fa94-04c1-424b-9868-57a2d4851a1d" relativeResultsDirectory="727ddb98-3ec3-4abd-99ca-0285a3906fe0" />
    <UnitTestResult executionId="9fb46d7f-af85-4137-99b4-eb70affc70e9" testId="58d39c56-1723-f092-333d-1386319e3874" testName="MSP430.Emulator.Tests.Instructions.InstructionDecoderTests.ExtractOpcode_FormatIII_ReturnsCorrectOpcode(format: FormatIII, instructionWord: 13312, expected: 5)" computerName="fv-az2210-123" duration="00:00:00.0047681" startTime="2025-06-06T19:28:33.8171264+00:00" endTime="2025-06-06T19:28:33.8171773+00:00" testType="13cdc9d9-ddb5-4fa4-a97d-d965ccfc6d4b" outcome="Passed" testListId="8c84fa94-04c1-424b-9868-57a2d4851a1d" relativeResultsDirectory="9fb46d7f-af85-4137-99b4-eb70affc70e9" />
    <UnitTestResult executionId="55cd07a3-f21d-413c-8016-9108cc4de7bd" testId="54e93777-2685-68d1-f772-70de7979870b" testName="MSP430.Emulator.Tests.Instructions.Arithmetic.DecInstructionTests.Constructor_ByteOperation_SetsByteFlag" computerName="fv-az2210-123" duration="00:00:00.0001231" startTime="2025-06-06T19:28:33.7632650+00:00" endTime="2025-06-06T19:28:33.7640765+00:00" testType="13cdc9d9-ddb5-4fa4-a97d-d965ccfc6d4b" outcome="Passed" testListId="8c84fa94-04c1-424b-9868-57a2d4851a1d" relativeResultsDirectory="55cd07a3-f21d-413c-8016-9108cc4de7bd" />
    <UnitTestResult executionId="66ee69a5-b4a1-45ba-bbc1-bb153321701b" testId="adf4c30f-6ad2-7120-c926-c7b3da8a6e1a" testName="MSP430.Emulator.Tests.Instructions.Arithmetic.CmpInstructionTests.ExtensionWordCount_VariousAddressingModes_ReturnsCorrectCount(sourceMode: Register, destMode: Indexed, expectedCount: 1)" computerName="fv-az2210-123" duration="00:00:00.0000038" startTime="2025-06-06T19:28:33.7746929+00:00" endTime="2025-06-06T19:28:33.7748169+00:00" testType="13cdc9d9-ddb5-4fa4-a97d-d965ccfc6d4b" outcome="Passed" testListId="8c84fa94-04c1-424b-9868-57a2d4851a1d" relativeResultsDirectory="66ee69a5-b4a1-45ba-bbc1-bb153321701b" />
    <UnitTestResult executionId="3475c944-577f-4c9b-8162-84c102993c6b" testId="3216182a-d049-1116-88e8-ea7427c16152" testName="MSP430.Emulator.Tests.Instructions.Arithmetic.CmpInstructionTests.ExtensionWordCount_VariousAddressingModes_ReturnsCorrectCount(sourceMode: Register, destMode: Register, expectedCount: 0)" computerName="fv-az2210-123" duration="00:00:00.0000065" startTime="2025-06-06T19:28:33.7739814+00:00" endTime="2025-06-06T19:28:33.7740962+00:00" testType="13cdc9d9-ddb5-4fa4-a97d-d965ccfc6d4b" outcome="Passed" testListId="8c84fa94-04c1-424b-9868-57a2d4851a1d" relativeResultsDirectory="3475c944-577f-4c9b-8162-84c102993c6b" />
    <UnitTestResult executionId="c4758314-2ba9-41c8-aa12-698c38d98053" testId="bc9b1341-315e-d950-c77c-8f7e22267107" testName="MSP430.Emulator.Tests.Instructions.Arithmetic.CmpInstructionTests.ToString_VariousAddressingModes_FormatsCorrectly(register: R4, mode: IndirectAutoIncrement, expectedOperand: &quot;@R4+&quot;)" computerName="fv-az2210-123" duration="00:00:00.0000078" startTime="2025-06-06T19:28:33.7705378+00:00" endTime="2025-06-06T19:28:33.7706107+00:00" testType="13cdc9d9-ddb5-4fa4-a97d-d965ccfc6d4b" outcome="Passed" testListId="8c84fa94-04c1-424b-9868-57a2d4851a1d" relativeResultsDirectory="c4758314-2ba9-41c8-aa12-698c38d98053" />
    <UnitTestResult executionId="aa7d0965-5b69-40eb-b43b-d0b8db17bd41" testId="c54b3729-0860-8b1c-12f8-96dae7143ecc" testName="MSP430.Emulator.Tests.Memory.MemoryControllerTests.FetchInstruction_ValidAddress_ReturnsInstruction(address: 16386)" computerName="fv-az2210-123" duration="00:00:00.0364509" startTime="2025-06-06T19:28:33.7547687+00:00" endTime="2025-06-06T19:28:33.8100267+00:00" testType="13cdc9d9-ddb5-4fa4-a97d-d965ccfc6d4b" outcome="Passed" testListId="8c84fa94-04c1-424b-9868-57a2d4851a1d" relativeResultsDirectory="aa7d0965-5b69-40eb-b43b-d0b8db17bd41" />
    <UnitTestResult executionId="c7708796-7201-4690-8606-18c6086fa5c7" testId="cc5a4ed8-dd58-b7c4-0928-27503b3e3d57" testName="MSP430.Emulator.Tests.Memory.FlashMemoryTests.GetProgramCycles_ReturnsCorrectCycles" computerName="fv-az2210-123" duration="00:00:00.0001945" startTime="2025-06-06T19:28:33.7964123+00:00" endTime="2025-06-06T19:28:33.7964762+00:00" testType="13cdc9d9-ddb5-4fa4-a97d-d965ccfc6d4b" outcome="Passed" testListId="8c84fa94-04c1-424b-9868-57a2d4851a1d" relativeResultsDirectory="c7708796-7201-4690-8606-18c6086fa5c7" />
    <UnitTestResult executionId="03736daf-14fe-437d-842a-27d358b2d58c" testId="220a2b90-8dc0-de88-b2ba-dd7d4398f71a" testName="MSP430.Emulator.Tests.Memory.InformationMemoryTests.ReadWord_ValidAddress_ReturnsErasedValue" computerName="fv-az2210-123" duration="00:00:00.0002147" startTime="2025-06-06T19:28:33.2906464+00:00" endTime="2025-06-06T19:28:33.2907976+00:00" testType="13cdc9d9-ddb5-4fa4-a97d-d965ccfc6d4b" outcome="Passed" testListId="8c84fa94-04c1-424b-9868-57a2d4851a1d" relativeResultsDirectory="03736daf-14fe-437d-842a-27d358b2d58c" />
    <UnitTestResult executionId="06e7e924-ec01-4182-a965-e60559ebe634" testId="f5af6846-56e2-32cf-311c-e60ec3c96253" testName="MSP430.Emulator.Tests.Memory.InformationMemoryTests.WriteByte_InvalidAddress_ThrowsArgumentOutOfRangeException(invalidAddress: 6143)" computerName="fv-az2210-123" duration="00:00:00.0003053" startTime="2025-06-06T19:28:33.3402689+00:00" endTime="2025-06-06T19:28:33.3438171+00:00" testType="13cdc9d9-ddb5-4fa4-a97d-d965ccfc6d4b" outcome="Passed" testListId="8c84fa94-04c1-424b-9868-57a2d4851a1d" relativeResultsDirectory="06e7e924-ec01-4182-a965-e60559ebe634" />
    <UnitTestResult executionId="2b35d5e2-c4e9-4a81-ba83-42c682815de5" testId="6d3af028-6742-49e9-0c48-c36de8f23e9a" testName="MSP430.Emulator.Tests.Cpu.RegisterFileTests.ReadRegisterLowByte_ValidRegister_ReturnsCorrectByte(register: R15, fullValue: 65518, expectedLowByte: 238)" computerName="fv-az2210-123" duration="00:00:00.0000111" startTime="2025-06-06T19:28:33.5205714+00:00" endTime="2025-06-06T19:28:33.5207183+00:00" testType="13cdc9d9-ddb5-4fa4-a97d-d965ccfc6d4b" outcome="Passed" testListId="8c84fa94-04c1-424b-9868-57a2d4851a1d" relativeResultsDirectory="2b35d5e2-c4e9-4a81-ba83-42c682815de5" />
    <UnitTestResult executionId="6eeab318-e18b-43cd-8a46-b495ff590a9c" testId="068c2cd2-b900-7174-579d-33fdb3fa8bbe" testName="MSP430.Emulator.Tests.Instructions.Logic.BisInstructionTests.ExtensionWordCount_VariousAddressingModes_ReturnsCorrectCount(sourceMode: Register, destMode: IndirectAutoIncrement, expectedCount: 0)" computerName="fv-az2210-123" duration="00:00:00.0000069" startTime="2025-06-06T19:28:33.7262935+00:00" endTime="2025-06-06T19:28:33.7263642+00:00" testType="13cdc9d9-ddb5-4fa4-a97d-d965ccfc6d4b" outcome="Passed" testListId="8c84fa94-04c1-424b-9868-57a2d4851a1d" relativeResultsDirectory="6eeab318-e18b-43cd-8a46-b495ff590a9c" />
    <UnitTestResult executionId="60aa63b7-9cc3-4058-bd84-f2b6a85d4274" testId="fa1a5d81-2f87-734b-2ea0-82f3ca9e59bf" testName="MSP430.Emulator.Tests.Memory.InformationMemoryTests.ReadByte_InvalidAddress_ThrowsArgumentOutOfRangeException(invalidAddress: 6143)" computerName="fv-az2210-123" duration="00:00:00.0005872" startTime="2025-06-06T19:28:33.2465952+00:00" endTime="2025-06-06T19:28:33.2467470+00:00" testType="13cdc9d9-ddb5-4fa4-a97d-d965ccfc6d4b" outcome="Passed" testListId="8c84fa94-04c1-424b-9868-57a2d4851a1d" relativeResultsDirectory="60aa63b7-9cc3-4058-bd84-f2b6a85d4274" />
    <UnitTestResult executionId="321a1934-6354-4f57-86a3-942c610a2e16" testId="256fe907-d882-a175-f037-46547c5ef95b" testName="MSP430.Emulator.Tests.Core.ExecutionStateTests.IsValidTransition_ReturnsExpectedResult(from: SingleStep, to: Reset, expected: True)" computerName="fv-az2210-123" duration="00:00:00.0000073" startTime="2025-06-06T19:28:33.7136630+00:00" endTime="2025-06-06T19:28:33.7137328+00:00" testType="13cdc9d9-ddb5-4fa4-a97d-d965ccfc6d4b" outcome="Passed" testListId="8c84fa94-04c1-424b-9868-57a2d4851a1d" relativeResultsDirectory="321a1934-6354-4f57-86a3-942c610a2e16" />
    <UnitTestResult executionId="a7703caf-a1ba-416a-866a-214bbb965ae4" testId="3e9ca5ee-8b50-0087-fb0c-36d0efe1f8bb" testName="MSP430.Emulator.Tests.Instructions.Logic.XorInstructionTests.AddressingModes_AllSupportedModes_ReturnCorrectValues(mode: Indexed)" computerName="fv-az2210-123" duration="00:00:00.0002460" startTime="2025-06-06T19:28:33.1801446+00:00" endTime="2025-06-06T19:28:33.1802477+00:00" testType="13cdc9d9-ddb5-4fa4-a97d-d965ccfc6d4b" outcome="Passed" testListId="8c84fa94-04c1-424b-9868-57a2d4851a1d" relativeResultsDirectory="a7703caf-a1ba-416a-866a-214bbb965ae4" />
    <UnitTestResult executionId="a90ec0dd-3852-4504-8ed3-0d48e8677c96" testId="626d4cfb-ed4d-e97f-0132-d0a881add86b" testName="MSP430.Emulator.Tests.Memory.MemoryMapTests.DefaultMemoryLayout_RegionBoundaries_AreCorrect(region: BootstrapLoader, expectedStart: 4096, expectedEnd: 6143)" computerName="fv-az2210-123" duration="00:00:00.0049866" startTime="2025-06-06T19:28:30.9055536+00:00" endTime="2025-06-06T19:28:30.9115970+00:00" testType="13cdc9d9-ddb5-4fa4-a97d-d965ccfc6d4b" outcome="Passed" testListId="8c84fa94-04c1-424b-9868-57a2d4851a1d" relativeResultsDirectory="a90ec0dd-3852-4504-8ed3-0d48e8677c96" />
    <UnitTestResult executionId="bdeaadf5-1ba5-4436-b313-32b342fbc311" testId="b7c2b03f-5fb2-b796-7a30-d4741a3bacda" testName="MSP430.Emulator.Tests.Instructions.Logic.AndInstructionTests.SourceRegister_AllRegisters_ReturnsCorrectRegister(register: CG1)" computerName="fv-az2210-123" duration="00:00:00.0000087" startTime="2025-06-06T19:28:33.6934414+00:00" endTime="2025-06-06T19:28:33.6935186+00:00" testType="13cdc9d9-ddb5-4fa4-a97d-d965ccfc6d4b" outcome="Passed" testListId="8c84fa94-04c1-424b-9868-57a2d4851a1d" relativeResultsDirectory="bdeaadf5-1ba5-4436-b313-32b342fbc311" />
    <UnitTestResult executionId="bd654020-8ff9-497c-83b9-9f04d1d0c733" testId="0f393889-4867-1ee9-c8b1-b573e1ff8b5d" testName="MSP430.Emulator.Tests.Memory.FlashMemoryTests.ReadByte_ValidAddress_ReturnsErasedValue" computerName="fv-az2210-123" duration="00:00:00.0001292" startTime="2025-06-06T19:28:33.8066690+00:00" endTime="2025-06-06T19:28:33.8067238+00:00" testType="13cdc9d9-ddb5-4fa4-a97d-d965ccfc6d4b" outcome="Passed" testListId="8c84fa94-04c1-424b-9868-57a2d4851a1d" relativeResultsDirectory="bd654020-8ff9-497c-83b9-9f04d1d0c733" />
    <UnitTestResult executionId="835d7ca8-8be6-4029-b0c1-a6be17aaf6df" testId="57a97641-42d5-256d-63fe-2319f022ef2a" testName="MSP430.Emulator.Tests.Memory.InformationMemoryTests.StoreCalibrationData_DataTooLarge_Fails" computerName="fv-az2210-123" duration="00:00:00.0001955" startTime="2025-06-06T19:28:33.3061278+00:00" endTime="2025-06-06T19:28:33.3165730+00:00" testType="13cdc9d9-ddb5-4fa4-a97d-d965ccfc6d4b" outcome="Passed" testListId="8c84fa94-04c1-424b-9868-57a2d4851a1d" relativeResultsDirectory="835d7ca8-8be6-4029-b0c1-a6be17aaf6df" />
    <UnitTestResult executionId="df2d1f17-9e49-49bb-9796-aa4e1c36ccc4" testId="decd67d9-4381-b7c1-450a-2adf52eb2721" testName="MSP430.Emulator.Tests.Core.ExecutionStateTests.CanExecute_ReturnsExpectedResult(state: SingleStep, expected: True)" computerName="fv-az2210-123" duration="00:00:00.0000083" startTime="2025-06-06T19:28:33.6944881+00:00" endTime="2025-06-06T19:28:33.6945536+00:00" testType="13cdc9d9-ddb5-4fa4-a97d-d965ccfc6d4b" outcome="Passed" testListId="8c84fa94-04c1-424b-9868-57a2d4851a1d" relativeResultsDirectory="df2d1f17-9e49-49bb-9796-aa4e1c36ccc4" />
    <UnitTestResult executionId="62530207-e819-4bbf-9455-9849f023c186" testId="d20b1cc3-7eb3-bceb-5c47-aefa15851e8b" testName="MSP430.Emulator.Tests.Instructions.Arithmetic.AddInstructionTests.ToString_ByteOperation_IncludesBSuffix" computerName="fv-az2210-123" duration="00:00:00.0001141" startTime="2025-06-06T19:28:33.8639883+00:00" endTime="2025-06-06T19:28:33.8640491+00:00" testType="13cdc9d9-ddb5-4fa4-a97d-d965ccfc6d4b" outcome="Passed" testListId="8c84fa94-04c1-424b-9868-57a2d4851a1d" relativeResultsDirectory="62530207-e819-4bbf-9455-9849f023c186" />
    <UnitTestResult executionId="1016b241-3be6-4b0a-ad8a-2ee1bb54fed5" testId="c131365a-8546-f401-db7c-f43bc7704373" testName="MSP430.Emulator.Tests.Instructions.Logic.BitInstructionTests.SourceRegister_AllRegisters_ReturnsCorrectRegister(register: CG1)" computerName="fv-az2210-123" duration="00:00:00.0000047" startTime="2025-06-06T19:28:33.5634114+00:00" endTime="2025-06-06T19:28:33.5634911+00:00" testType="13cdc9d9-ddb5-4fa4-a97d-d965ccfc6d4b" outcome="Passed" testListId="8c84fa94-04c1-424b-9868-57a2d4851a1d" relativeResultsDirectory="1016b241-3be6-4b0a-ad8a-2ee1bb54fed5" />
    <UnitTestResult executionId="6f9c476d-53f6-4744-9dbd-8fafdab5b721" testId="e715fab4-35b7-d338-23d3-4a9b8bc6e450" testName="MSP430.Emulator.Tests.Instructions.Logic.AndInstructionTests.ToString_VariousAddressingModes_FormatsCorrectly(mode: Absolute, expectedOperand: &quot;&amp;ADDR&quot;)" computerName="fv-az2210-123" duration="00:00:00.0000075" startTime="2025-06-06T19:28:33.6901443+00:00" endTime="2025-06-06T19:28:33.6902158+00:00" testType="13cdc9d9-ddb5-4fa4-a97d-d965ccfc6d4b" outcome="Passed" testListId="8c84fa94-04c1-424b-9868-57a2d4851a1d" relativeResultsDirectory="6f9c476d-53f6-4744-9dbd-8fafdab5b721" />
    <UnitTestResult executionId="fc29c0ad-92c6-4d37-b169-b29d148c33e1" testId="aad3419d-37ad-f504-4ee8-e4201942b2c5" testName="MSP430.Emulator.Tests.Memory.MemoryControllerTests.IsAccessAllowed_ValidAccess_ReturnsTrue(address: 8192, accessType: Write)" computerName="fv-az2210-123" duration="00:00:00.0036200" startTime="2025-06-06T19:28:33.9102793+00:00" endTime="2025-06-06T19:28:33.9103246+00:00" testType="13cdc9d9-ddb5-4fa4-a97d-d965ccfc6d4b" outcome="Passed" testListId="8c84fa94-04c1-424b-9868-57a2d4851a1d" relativeResultsDirectory="fc29c0ad-92c6-4d37-b169-b29d148c33e1" />
    <UnitTestResult executionId="bd2a19f2-04af-4c5d-aeea-dfbca8cabf95" testId="f648a8e3-ce1c-c483-d504-d252d658a3df" testName="MSP430.Emulator.Tests.Memory.InformationMemoryTests.WriteWord_UnalignedAddress_ThrowsArgumentException(unalignedAddress: 6145)" computerName="fv-az2210-123" duration="00:00:00.0003153" startTime="2025-06-06T19:28:33.2315426+00:00" endTime="2025-06-06T19:28:33.2316888+00:00" testType="13cdc9d9-ddb5-4fa4-a97d-d965ccfc6d4b" outcome="Passed" testListId="8c84fa94-04c1-424b-9868-57a2d4851a1d" relativeResultsDirectory="bd2a19f2-04af-4c5d-aeea-dfbca8cabf95" />
    <UnitTestResult executionId="5d420b89-7d2b-4344-b4c1-d8010fac826d" testId="52e3275c-dfa7-bf73-f7f2-e75c91db3871" testName="MSP430.Emulator.Tests.Memory.FlashMemoryTests.ProgramByte_WhenUnlocked_ReturnsTrue" computerName="fv-az2210-123" duration="00:00:00.0022662" startTime="2025-06-06T19:28:33.7950308+00:00" endTime="2025-06-06T19:28:33.7950977+00:00" testType="13cdc9d9-ddb5-4fa4-a97d-d965ccfc6d4b" outcome="Passed" testListId="8c84fa94-04c1-424b-9868-57a2d4851a1d" relativeResultsDirectory="5d420b89-7d2b-4344-b4c1-d8010fac826d" />
    <UnitTestResult executionId="7932d07b-3b4c-4781-a076-091f9f68639e" testId="420b2485-1dbe-9018-3356-554e9f5ba4e3" testName="MSP430.Emulator.Tests.Cpu.RegisterFileTests.RegisterAccess_WithoutDebugLogging_DoesNotLog" computerName="fv-az2210-123" duration="00:00:00.0042536" startTime="2025-06-06T19:28:33.5902627+00:00" endTime="2025-06-06T19:28:33.5963509+00:00" testType="13cdc9d9-ddb5-4fa4-a97d-d965ccfc6d4b" outcome="Passed" testListId="8c84fa94-04c1-424b-9868-57a2d4851a1d" relativeResultsDirectory="7932d07b-3b4c-4781-a076-091f9f68639e" />
    <UnitTestResult executionId="fd370826-5bf4-44cb-911e-a70e636cecfc" testId="75377657-cd63-ee5a-8df6-60cbaeb891bc" testName="MSP430.Emulator.Tests.Core.ExecutionStateTests.IsValidTransition_ReturnsExpectedResult(from: Running, to: Error, expected: True)" computerName="fv-az2210-123" duration="00:00:00.0002449" startTime="2025-06-06T19:28:33.6971521+00:00" endTime="2025-06-06T19:28:33.6982450+00:00" testType="13cdc9d9-ddb5-4fa4-a97d-d965ccfc6d4b" outcome="Passed" testListId="8c84fa94-04c1-424b-9868-57a2d4851a1d" relativeResultsDirectory="fd370826-5bf4-44cb-911e-a70e636cecfc" />
    <UnitTestResult executionId="92116b5b-eca7-4a0f-960a-27075dc604ea" testId="1d4e770b-795a-31a0-ead0-43cdb73c8f44" testName="MSP430.Emulator.Tests.Instructions.Arithmetic.SubInstructionTests.Constructor_ByteOperation_SetsByteFlag" computerName="fv-az2210-123" duration="00:00:00.0001715" startTime="2025-06-06T19:28:33.6507977+00:00" endTime="2025-06-06T19:28:33.6528684+00:00" testType="13cdc9d9-ddb5-4fa4-a97d-d965ccfc6d4b" outcome="Passed" testListId="8c84fa94-04c1-424b-9868-57a2d4851a1d" relativeResultsDirectory="92116b5b-eca7-4a0f-960a-27075dc604ea" />
  </Results>
  <TestDefinitions>
    <UnitTest name="MSP430.Emulator.Tests.Instructions.Arithmetic.AddInstructionTests.ExtensionWordCount_VariousAddressingModes_ReturnsCorrectCount(sourceMode: Indexed, destMode: Register, expectedCount: 1)" storage="/home/runner/work/ai_msp430_emulator/ai_msp430_emulator/tests/msp430.emulator.tests/bin/release/net8.0/msp430.emulator.tests.dll" id="5a554c99-70b7-e9b0-667b-dd10e150eac4">
      <Execution id="1ffb7c7e-3145-414b-b7ca-181811a2a70e" />
      <TestMethod codeBase="/home/runner/work/ai_msp430_emulator/ai_msp430_emulator/tests/MSP430.Emulator.Tests/bin/Release/net8.0/MSP430.Emulator.Tests.dll" adapterTypeName="executor://xunit/VsTestRunner3/netcore/" className="MSP430.Emulator.Tests.Instructions.Arithmetic.AddInstructionTests" name="ExtensionWordCount_VariousAddressingModes_ReturnsCorrectCount" />
    </UnitTest>
    <UnitTest name="MSP430.Emulator.Tests.Memory.InformationMemoryTests.GetSegment_ValidAddresses_ReturnsCorrectSegment(address: 6400, expectedSegment: SegmentB)" storage="/home/runner/work/ai_msp430_emulator/ai_msp430_emulator/tests/msp430.emulator.tests/bin/release/net8.0/msp430.emulator.tests.dll" id="b46b94f6-bd6f-b2e7-f10a-c7fbd1402b0b">
      <Execution id="71dc25d6-e77b-4162-9caa-124f21c7c7c7" />
      <TestMethod codeBase="/home/runner/work/ai_msp430_emulator/ai_msp430_emulator/tests/MSP430.Emulator.Tests/bin/Release/net8.0/MSP430.Emulator.Tests.dll" adapterTypeName="executor://xunit/VsTestRunner3/netcore/" className="MSP430.Emulator.Tests.Memory.InformationMemoryTests" name="GetSegment_ValidAddresses_ReturnsCorrectSegment" />
    </UnitTest>
    <UnitTest name="MSP430.Emulator.Tests.Instructions.Arithmetic.IncInstructionTests.AddressingModes_AllSupportedModes_ReturnCorrectValues(mode: Indirect)" storage="/home/runner/work/ai_msp430_emulator/ai_msp430_emulator/tests/msp430.emulator.tests/bin/release/net8.0/msp430.emulator.tests.dll" id="a0050aed-5611-e96f-0d74-7e122040f096">
      <Execution id="3f0aab91-c4f6-4c19-9164-a2ee8ce5e832" />
      <TestMethod codeBase="/home/runner/work/ai_msp430_emulator/ai_msp430_emulator/tests/MSP430.Emulator.Tests/bin/Release/net8.0/MSP430.Emulator.Tests.dll" adapterTypeName="executor://xunit/VsTestRunner3/netcore/" className="MSP430.Emulator.Tests.Instructions.Arithmetic.IncInstructionTests" name="AddressingModes_AllSupportedModes_ReturnCorrectValues" />
    </UnitTest>
    <UnitTest name="MSP430.Emulator.Tests.Configuration.EmulatorConfigTests.LoadFromJson_WithInvalidJson_ThrowsJsonException" storage="/home/runner/work/ai_msp430_emulator/ai_msp430_emulator/tests/msp430.emulator.tests/bin/release/net8.0/msp430.emulator.tests.dll" id="fb2713f6-e1ba-f481-a252-af09cea54e97">
      <Execution id="a1204a7a-a549-4162-8e09-0681ed150f42" />
      <TestMethod codeBase="/home/runner/work/ai_msp430_emulator/ai_msp430_emulator/tests/MSP430.Emulator.Tests/bin/Release/net8.0/MSP430.Emulator.Tests.dll" adapterTypeName="executor://xunit/VsTestRunner3/netcore/" className="MSP430.Emulator.Tests.Configuration.EmulatorConfigTests" name="LoadFromJson_WithInvalidJson_ThrowsJsonException" />
    </UnitTest>
    <UnitTest name="MSP430.Emulator.Tests.Instructions.Logic.AndInstructionTests.DestinationRegister_AllRegisters_ReturnsCorrectRegister(register: CG1)" storage="/home/runner/work/ai_msp430_emulator/ai_msp430_emulator/tests/msp430.emulator.tests/bin/release/net8.0/msp430.emulator.tests.dll" id="440b1e51-aa6f-78b5-402f-4191f141a2af">
      <Execution id="5ccc5282-b8b8-4f27-b1f3-7c616e987e33" />
      <TestMethod codeBase="/home/runner/work/ai_msp430_emulator/ai_msp430_emulator/tests/MSP430.Emulator.Tests/bin/Release/net8.0/MSP430.Emulator.Tests.dll" adapterTypeName="executor://xunit/VsTestRunner3/netcore/" className="MSP430.Emulator.Tests.Instructions.Logic.AndInstructionTests" name="DestinationRegister_AllRegisters_ReturnsCorrectRegister" />
    </UnitTest>
    <UnitTest name="MSP430.Emulator.Tests.Instructions.Arithmetic.SubInstructionTests.ToString_VariousAddressingModes_FormatsCorrectly(register: R4, mode: IndirectAutoIncrement, expectedOperand: &quot;@R4+&quot;)" storage="/home/runner/work/ai_msp430_emulator/ai_msp430_emulator/tests/msp430.emulator.tests/bin/release/net8.0/msp430.emulator.tests.dll" id="b735a3c8-e070-df0a-d650-d73c403d013f">
      <Execution id="e7b89882-f683-44ec-84cb-ced05bba3733" />
      <TestMethod codeBase="/home/runner/work/ai_msp430_emulator/ai_msp430_emulator/tests/MSP430.Emulator.Tests/bin/Release/net8.0/MSP430.Emulator.Tests.dll" adapterTypeName="executor://xunit/VsTestRunner3/netcore/" className="MSP430.Emulator.Tests.Instructions.Arithmetic.SubInstructionTests" name="ToString_VariousAddressingModes_FormatsCorrectly" />
    </UnitTest>
    <UnitTest name="MSP430.Emulator.Tests.Memory.MemoryAccessValidatorTests.IsAccessValid_VariousScenarios_ReturnsExpectedResult(address: 0, accessType: Read, expected: True)" storage="/home/runner/work/ai_msp430_emulator/ai_msp430_emulator/tests/msp430.emulator.tests/bin/release/net8.0/msp430.emulator.tests.dll" id="7c37e7de-36e3-f3fa-5f07-0a4e54040212">
      <Execution id="3ed5d64e-c296-4ead-a777-ca37f9512c06" />
      <TestMethod codeBase="/home/runner/work/ai_msp430_emulator/ai_msp430_emulator/tests/MSP430.Emulator.Tests/bin/Release/net8.0/MSP430.Emulator.Tests.dll" adapterTypeName="executor://xunit/VsTestRunner3/netcore/" className="MSP430.Emulator.Tests.Memory.MemoryAccessValidatorTests" name="IsAccessValid_VariousScenarios_ReturnsExpectedResult" />
    </UnitTest>
    <UnitTest name="MSP430.Emulator.Tests.Instructions.Logic.BisInstructionTests.ToString_VariousAddressingModes_FormatsCorrectly(mode: Indexed, expectedOperand: &quot;X(R1)&quot;)" storage="/home/runner/work/ai_msp430_emulator/ai_msp430_emulator/tests/msp430.emulator.tests/bin/release/net8.0/msp430.emulator.tests.dll" id="25580e15-b924-732f-3f13-f58467648423">
      <Execution id="89d057ff-2c47-451d-aaa8-e7a450002729" />
      <TestMethod codeBase="/home/runner/work/ai_msp430_emulator/ai_msp430_emulator/tests/MSP430.Emulator.Tests/bin/Release/net8.0/MSP430.Emulator.Tests.dll" adapterTypeName="executor://xunit/VsTestRunner3/netcore/" className="MSP430.Emulator.Tests.Instructions.Logic.BisInstructionTests" name="ToString_VariousAddressingModes_FormatsCorrectly" />
    </UnitTest>
    <UnitTest name="MSP430.Emulator.Tests.Memory.FlashControllerTests.TryUnlock_InvalidKey_ReturnsFalse(invalidKey: 21845)" storage="/home/runner/work/ai_msp430_emulator/ai_msp430_emulator/tests/msp430.emulator.tests/bin/release/net8.0/msp430.emulator.tests.dll" id="f3f19f2c-f837-a169-1ce8-1efb3ec9eec1">
      <Execution id="a4c6cc72-19ed-4cbb-85eb-259c5f69f07f" />
      <TestMethod codeBase="/home/runner/work/ai_msp430_emulator/ai_msp430_emulator/tests/MSP430.Emulator.Tests/bin/Release/net8.0/MSP430.Emulator.Tests.dll" adapterTypeName="executor://xunit/VsTestRunner3/netcore/" className="MSP430.Emulator.Tests.Memory.FlashControllerTests" name="TryUnlock_InvalidKey_ReturnsFalse" />
    </UnitTest>
    <UnitTest name="MSP430.Emulator.Tests.Memory.MemoryControllerTests.WriteByte_InvalidAddress_ThrowsMemoryAccessException(address: 768)" storage="/home/runner/work/ai_msp430_emulator/ai_msp430_emulator/tests/msp430.emulator.tests/bin/release/net8.0/msp430.emulator.tests.dll" id="41602bb3-ac5e-3a1f-2ba7-94b8a9f67380">
      <Execution id="09acb3c0-5c36-4095-9666-6ef86aa4eede" />
      <TestMethod codeBase="/home/runner/work/ai_msp430_emulator/ai_msp430_emulator/tests/MSP430.Emulator.Tests/bin/Release/net8.0/MSP430.Emulator.Tests.dll" adapterTypeName="executor://xunit/VsTestRunner3/netcore/" className="MSP430.Emulator.Tests.Memory.MemoryControllerTests" name="WriteByte_InvalidAddress_ThrowsMemoryAccessException" />
    </UnitTest>
    <UnitTest name="MSP430.Emulator.Tests.Cpu.StatusRegisterTests.Negative_GetSet_WorksCorrectly(value: 65531, expectedNegative: False)" storage="/home/runner/work/ai_msp430_emulator/ai_msp430_emulator/tests/msp430.emulator.tests/bin/release/net8.0/msp430.emulator.tests.dll" id="c8142eb8-62d4-d612-1763-fa80f443980a">
      <Execution id="6300d4e3-ea01-4d8b-a78c-714e5ff53234" />
      <TestMethod codeBase="/home/runner/work/ai_msp430_emulator/ai_msp430_emulator/tests/MSP430.Emulator.Tests/bin/Release/net8.0/MSP430.Emulator.Tests.dll" adapterTypeName="executor://xunit/VsTestRunner3/netcore/" className="MSP430.Emulator.Tests.Cpu.StatusRegisterTests" name="Negative_GetSet_WorksCorrectly" />
    </UnitTest>
    <UnitTest name="MSP430.Emulator.Tests.Class1Tests.Test1" storage="/home/runner/work/ai_msp430_emulator/ai_msp430_emulator/tests/msp430.emulator.tests/bin/release/net8.0/msp430.emulator.tests.dll" id="237e7a67-88cc-a465-b83c-025bfcf55d47">
      <Execution id="02d7825b-5d93-43b1-98c3-df4da1429f62" />
      <TestMethod codeBase="/home/runner/work/ai_msp430_emulator/ai_msp430_emulator/tests/MSP430.Emulator.Tests/bin/Release/net8.0/MSP430.Emulator.Tests.dll" adapterTypeName="executor://xunit/VsTestRunner3/netcore/" className="MSP430.Emulator.Tests.Class1Tests" name="Test1" />
    </UnitTest>
    <UnitTest name="MSP430.Emulator.Tests.Memory.InformationMemoryTests.ReadByte_ValidAddress_ReturnsErasedValue" storage="/home/runner/work/ai_msp430_emulator/ai_msp430_emulator/tests/msp430.emulator.tests/bin/release/net8.0/msp430.emulator.tests.dll" id="eeebf003-38fe-bd05-cedd-ace91419d4e9">
      <Execution id="7a8f8193-ca2d-49fb-a616-c7471eaf1a38" />
      <TestMethod codeBase="/home/runner/work/ai_msp430_emulator/ai_msp430_emulator/tests/MSP430.Emulator.Tests/bin/Release/net8.0/MSP430.Emulator.Tests.dll" adapterTypeName="executor://xunit/VsTestRunner3/netcore/" className="MSP430.Emulator.Tests.Memory.InformationMemoryTests" name="ReadByte_ValidAddress_ReturnsErasedValue" />
    </UnitTest>
    <UnitTest name="MSP430.Emulator.Tests.Memory.InformationMemoryTests.Initialize_WithPattern_InitializesUnprotectedSegments" storage="/home/runner/work/ai_msp430_emulator/ai_msp430_emulator/tests/msp430.emulator.tests/bin/release/net8.0/msp430.emulator.tests.dll" id="12dda622-da17-99b5-ac1e-dc6d4b751e99">
      <Execution id="e1b5b773-99c7-462c-82d9-90504596b565" />
      <TestMethod codeBase="/home/runner/work/ai_msp430_emulator/ai_msp430_emulator/tests/MSP430.Emulator.Tests/bin/Release/net8.0/MSP430.Emulator.Tests.dll" adapterTypeName="executor://xunit/VsTestRunner3/netcore/" className="MSP430.Emulator.Tests.Memory.InformationMemoryTests" name="Initialize_WithPattern_InitializesUnprotectedSegments" />
    </UnitTest>
    <UnitTest name="MSP430.Emulator.Tests.Memory.FlashControllerTests.Update_CompletesOperationWhenCyclesElapse" storage="/home/runner/work/ai_msp430_emulator/ai_msp430_emulator/tests/msp430.emulator.tests/bin/release/net8.0/msp430.emulator.tests.dll" id="98ac93cf-a083-32d5-d4f4-4f5390a5b522">
      <Execution id="b22ccc35-a1d7-4f81-8484-0241c3bb1464" />
      <TestMethod codeBase="/home/runner/work/ai_msp430_emulator/ai_msp430_emulator/tests/MSP430.Emulator.Tests/bin/Release/net8.0/MSP430.Emulator.Tests.dll" adapterTypeName="executor://xunit/VsTestRunner3/netcore/" className="MSP430.Emulator.Tests.Memory.FlashControllerTests" name="Update_CompletesOperationWhenCyclesElapse" />
    </UnitTest>
    <UnitTest name="MSP430.Emulator.Tests.Instructions.Arithmetic.SubInstructionTests.ExtensionWordCount_VariousAddressingModes_ReturnsCorrectCount(sourceMode: Register, destMode: Symbolic, expectedCount: 1)" storage="/home/runner/work/ai_msp430_emulator/ai_msp430_emulator/tests/msp430.emulator.tests/bin/release/net8.0/msp430.emulator.tests.dll" id="d52f4b74-170d-864f-c023-d858c140faa6">
      <Execution id="727ddb98-3ec3-4abd-99ca-0285a3906fe0" />
      <TestMethod codeBase="/home/runner/work/ai_msp430_emulator/ai_msp430_emulator/tests/MSP430.Emulator.Tests/bin/Release/net8.0/MSP430.Emulator.Tests.dll" adapterTypeName="executor://xunit/VsTestRunner3/netcore/" className="MSP430.Emulator.Tests.Instructions.Arithmetic.SubInstructionTests" name="ExtensionWordCount_VariousAddressingModes_ReturnsCorrectCount" />
    </UnitTest>
    <UnitTest name="MSP430.Emulator.Tests.Configuration.EmulatorConfigTests.ToJson_ReturnsValidJson" storage="/home/runner/work/ai_msp430_emulator/ai_msp430_emulator/tests/msp430.emulator.tests/bin/release/net8.0/msp430.emulator.tests.dll" id="75c1d3d3-6876-9a44-988b-4deed037a4ab">
      <Execution id="cdddce89-b9f5-47ad-aa4c-1e884eaf5a64" />
      <TestMethod codeBase="/home/runner/work/ai_msp430_emulator/ai_msp430_emulator/tests/MSP430.Emulator.Tests/bin/Release/net8.0/MSP430.Emulator.Tests.dll" adapterTypeName="executor://xunit/VsTestRunner3/netcore/" className="MSP430.Emulator.Tests.Configuration.EmulatorConfigTests" name="ToJson_ReturnsValidJson" />
    </UnitTest>
    <UnitTest name="MSP430.Emulator.Tests.Instructions.InstructionDecoderTests.GetInstructionFormat_FormatII_ReturnsFormatII(instructionWord: 4736)" storage="/home/runner/work/ai_msp430_emulator/ai_msp430_emulator/tests/msp430.emulator.tests/bin/release/net8.0/msp430.emulator.tests.dll" id="fce5456e-204a-9ccd-f1c2-d4a8baa65971">
      <Execution id="ce344f6f-2ea7-4f63-af47-1093f20bb133" />
      <TestMethod codeBase="/home/runner/work/ai_msp430_emulator/ai_msp430_emulator/tests/MSP430.Emulator.Tests/bin/Release/net8.0/MSP430.Emulator.Tests.dll" adapterTypeName="executor://xunit/VsTestRunner3/netcore/" className="MSP430.Emulator.Tests.Instructions.InstructionDecoderTests" name="GetInstructionFormat_FormatII_ReturnsFormatII" />
    </UnitTest>
    <UnitTest name="MSP430.Emulator.Tests.Memory.FlashControllerTests.Update_WhenNoOperationInProgress_DoesNothing" storage="/home/runner/work/ai_msp430_emulator/ai_msp430_emulator/tests/msp430.emulator.tests/bin/release/net8.0/msp430.emulator.tests.dll" id="54346c79-adb2-6df0-ebc8-b225ac27c214">
      <Execution id="4926ff79-db97-4291-a1a4-051194e7cda3" />
      <TestMethod codeBase="/home/runner/work/ai_msp430_emulator/ai_msp430_emulator/tests/MSP430.Emulator.Tests/bin/Release/net8.0/MSP430.Emulator.Tests.dll" adapterTypeName="executor://xunit/VsTestRunner3/netcore/" className="MSP430.Emulator.Tests.Memory.FlashControllerTests" name="Update_WhenNoOperationInProgress_DoesNothing" />
    </UnitTest>
    <UnitTest name="MSP430.Emulator.Tests.Instructions.Arithmetic.DecInstructionTests.ToString_VariousAddressingModes_FormatsCorrectly(register: R5, mode: Indexed, expectedOperand: &quot;X(R5)&quot;)" storage="/home/runner/work/ai_msp430_emulator/ai_msp430_emulator/tests/msp430.emulator.tests/bin/release/net8.0/msp430.emulator.tests.dll" id="0e210a30-c9fc-ed5a-cfa2-977f1b81d572">
      <Execution id="cacaa9f0-24e7-4ce7-849c-2e7b22782985" />
      <TestMethod codeBase="/home/runner/work/ai_msp430_emulator/ai_msp430_emulator/tests/MSP430.Emulator.Tests/bin/Release/net8.0/MSP430.Emulator.Tests.dll" adapterTypeName="executor://xunit/VsTestRunner3/netcore/" className="MSP430.Emulator.Tests.Instructions.Arithmetic.DecInstructionTests" name="ToString_VariousAddressingModes_FormatsCorrectly" />
    </UnitTest>
    <UnitTest name="MSP430.Emulator.Tests.Cpu.RegisterFileTests.SetProgramCounter_UpdatesR0" storage="/home/runner/work/ai_msp430_emulator/ai_msp430_emulator/tests/msp430.emulator.tests/bin/release/net8.0/msp430.emulator.tests.dll" id="a2601679-2377-488d-7238-241ce4b4f031">
      <Execution id="bd21c52e-317b-48f7-9598-33aa9cecfd07" />
      <TestMethod codeBase="/home/runner/work/ai_msp430_emulator/ai_msp430_emulator/tests/MSP430.Emulator.Tests/bin/Release/net8.0/MSP430.Emulator.Tests.dll" adapterTypeName="executor://xunit/VsTestRunner3/netcore/" className="MSP430.Emulator.Tests.Cpu.RegisterFileTests" name="SetProgramCounter_UpdatesR0" />
    </UnitTest>
    <UnitTest name="MSP430.Emulator.Tests.Cpu.RegisterFileTests.WriteRegister_ProgramCounter_WordAligns" storage="/home/runner/work/ai_msp430_emulator/ai_msp430_emulator/tests/msp430.emulator.tests/bin/release/net8.0/msp430.emulator.tests.dll" id="ee83a0ce-8d37-419e-40b8-865961c6bc03">
      <Execution id="3286535a-babf-412a-847f-f523d2319285" />
      <TestMethod codeBase="/home/runner/work/ai_msp430_emulator/ai_msp430_emulator/tests/MSP430.Emulator.Tests/bin/Release/net8.0/MSP430.Emulator.Tests.dll" adapterTypeName="executor://xunit/VsTestRunner3/netcore/" className="MSP430.Emulator.Tests.Cpu.RegisterFileTests" name="WriteRegister_ProgramCounter_WordAligns" />
    </UnitTest>
    <UnitTest name="MSP430.Emulator.Tests.Cpu.RegisterFileTests.ReadRegisterLowByte_ValidRegister_ReturnsCorrectByte(register: R0, fullValue: 4660, expectedLowByte: 52)" storage="/home/runner/work/ai_msp430_emulator/ai_msp430_emulator/tests/msp430.emulator.tests/bin/release/net8.0/msp430.emulator.tests.dll" id="623a3f26-8f70-b59d-a2de-30de716d7939">
      <Execution id="98528ab1-0691-4990-9a53-c7f13123b960" />
      <TestMethod codeBase="/home/runner/work/ai_msp430_emulator/ai_msp430_emulator/tests/MSP430.Emulator.Tests/bin/Release/net8.0/MSP430.Emulator.Tests.dll" adapterTypeName="executor://xunit/VsTestRunner3/netcore/" className="MSP430.Emulator.Tests.Cpu.RegisterFileTests" name="ReadRegisterLowByte_ValidRegister_ReturnsCorrectByte" />
    </UnitTest>
    <UnitTest name="MSP430.Emulator.Tests.Logging.FileLoggerTests.Constructor_WithValidPath_CreatesFile" storage="/home/runner/work/ai_msp430_emulator/ai_msp430_emulator/tests/msp430.emulator.tests/bin/release/net8.0/msp430.emulator.tests.dll" id="de6dafe4-5652-4f60-ea24-2f346066a7d1">
      <Execution id="66a36aad-1bdd-4121-a29a-7496c50ab2de" />
      <TestMethod codeBase="/home/runner/work/ai_msp430_emulator/ai_msp430_emulator/tests/MSP430.Emulator.Tests/bin/Release/net8.0/MSP430.Emulator.Tests.dll" adapterTypeName="executor://xunit/VsTestRunner3/netcore/" className="MSP430.Emulator.Tests.Logging.FileLoggerTests" name="Constructor_WithValidPath_CreatesFile" />
    </UnitTest>
    <UnitTest name="MSP430.Emulator.Tests.Memory.InformationMemoryTests.IsSegmentWriteProtected_DefaultState_ReturnsExpectedValue(segment: SegmentA, expectedProtection: True)" storage="/home/runner/work/ai_msp430_emulator/ai_msp430_emulator/tests/msp430.emulator.tests/bin/release/net8.0/msp430.emulator.tests.dll" id="7d27587c-d8bd-68c7-89b9-013c4def9091">
      <Execution id="3d75e23a-2023-45d6-8fe0-eeb842e37d6b" />
      <TestMethod codeBase="/home/runner/work/ai_msp430_emulator/ai_msp430_emulator/tests/MSP430.Emulator.Tests/bin/Release/net8.0/MSP430.Emulator.Tests.dll" adapterTypeName="executor://xunit/VsTestRunner3/netcore/" className="MSP430.Emulator.Tests.Memory.InformationMemoryTests" name="IsSegmentWriteProtected_DefaultState_ReturnsExpectedValue" />
    </UnitTest>
    <UnitTest name="MSP430.Emulator.Tests.Instructions.Logic.XorInstructionTests.ExtensionWordCount_VariousAddressingModes_ReturnsCorrectCount(sourceMode: Register, destMode: Register, expectedCount: 0)" storage="/home/runner/work/ai_msp430_emulator/ai_msp430_emulator/tests/msp430.emulator.tests/bin/release/net8.0/msp430.emulator.tests.dll" id="34fd4b6a-69a1-8ad3-077e-ed10f7c1d67f">
      <Execution id="f8200041-6816-4c0d-82f1-1d3a326974b6" />
      <TestMethod codeBase="/home/runner/work/ai_msp430_emulator/ai_msp430_emulator/tests/MSP430.Emulator.Tests/bin/Release/net8.0/MSP430.Emulator.Tests.dll" adapterTypeName="executor://xunit/VsTestRunner3/netcore/" className="MSP430.Emulator.Tests.Instructions.Logic.XorInstructionTests" name="ExtensionWordCount_VariousAddressingModes_ReturnsCorrectCount" />
    </UnitTest>
    <UnitTest name="MSP430.Emulator.Tests.Instructions.Arithmetic.CmpInstructionTests.Constructor_ValidParameters_CreatesInstruction" storage="/home/runner/work/ai_msp430_emulator/ai_msp430_emulator/tests/msp430.emulator.tests/bin/release/net8.0/msp430.emulator.tests.dll" id="8895d785-1ec0-8741-7fbe-5ee303110668">
      <Execution id="1aaf9086-89f4-4a4f-9967-3be571eb9688" />
      <TestMethod codeBase="/home/runner/work/ai_msp430_emulator/ai_msp430_emulator/tests/MSP430.Emulator.Tests/bin/Release/net8.0/MSP430.Emulator.Tests.dll" adapterTypeName="executor://xunit/VsTestRunner3/netcore/" className="MSP430.Emulator.Tests.Instructions.Arithmetic.CmpInstructionTests" name="Constructor_ValidParameters_CreatesInstruction" />
    </UnitTest>
    <UnitTest name="MSP430.Emulator.Tests.Instructions.Arithmetic.AddInstructionTests.AddressingModes_AllSupportedModes_ReturnCorrectValues(mode: Immediate)" storage="/home/runner/work/ai_msp430_emulator/ai_msp430_emulator/tests/msp430.emulator.tests/bin/release/net8.0/msp430.emulator.tests.dll" id="b24b9941-0b5e-2631-98bf-98af1eae1bd5">
      <Execution id="dab23b47-a9f3-4848-b980-b7dd46ba050c" />
      <TestMethod codeBase="/home/runner/work/ai_msp430_emulator/ai_msp430_emulator/tests/MSP430.Emulator.Tests/bin/Release/net8.0/MSP430.Emulator.Tests.dll" adapterTypeName="executor://xunit/VsTestRunner3/netcore/" className="MSP430.Emulator.Tests.Instructions.Arithmetic.AddInstructionTests" name="AddressingModes_AllSupportedModes_ReturnCorrectValues" />
    </UnitTest>
    <UnitTest name="MSP430.Emulator.Tests.Instructions.Arithmetic.AddInstructionTests.ToString_VariousAddressingModes_FormatsCorrectly(register: R4, mode: IndirectAutoIncrement, expectedOperand: &quot;@R4+&quot;)" storage="/home/runner/work/ai_msp430_emulator/ai_msp430_emulator/tests/msp430.emulator.tests/bin/release/net8.0/msp430.emulator.tests.dll" id="5b85431a-9bab-49b6-e94d-28452d3e475c">
      <Execution id="efb81a80-750e-4222-a0ed-911f34fe4dd7" />
      <TestMethod codeBase="/home/runner/work/ai_msp430_emulator/ai_msp430_emulator/tests/MSP430.Emulator.Tests/bin/Release/net8.0/MSP430.Emulator.Tests.dll" adapterTypeName="executor://xunit/VsTestRunner3/netcore/" className="MSP430.Emulator.Tests.Instructions.Arithmetic.AddInstructionTests" name="ToString_VariousAddressingModes_FormatsCorrectly" />
    </UnitTest>
    <UnitTest name="MSP430.Emulator.Tests.Instructions.Logic.BisInstructionTests.ExtensionWordCount_VariousAddressingModes_ReturnsCorrectCount(sourceMode: Immediate, destMode: Absolute, expectedCount: 2)" storage="/home/runner/work/ai_msp430_emulator/ai_msp430_emulator/tests/msp430.emulator.tests/bin/release/net8.0/msp430.emulator.tests.dll" id="23f05e8d-6c50-35c3-6984-8b050072c11c">
      <Execution id="888ca095-e1af-42a0-ac3d-f121c5581f27" />
      <TestMethod codeBase="/home/runner/work/ai_msp430_emulator/ai_msp430_emulator/tests/MSP430.Emulator.Tests/bin/Release/net8.0/MSP430.Emulator.Tests.dll" adapterTypeName="executor://xunit/VsTestRunner3/netcore/" className="MSP430.Emulator.Tests.Instructions.Logic.BisInstructionTests" name="ExtensionWordCount_VariousAddressingModes_ReturnsCorrectCount" />
    </UnitTest>
    <UnitTest name="MSP430.Emulator.Tests.Cpu.RegisterFileTests.ReadRegister_ValidRegister_ReturnsZeroAfterReset(register: R8)" storage="/home/runner/work/ai_msp430_emulator/ai_msp430_emulator/tests/msp430.emulator.tests/bin/release/net8.0/msp430.emulator.tests.dll" id="373c09b7-0d9b-4f5b-a262-75ac2e929850">
      <Execution id="76e066af-ee0d-4079-8d2e-6e01eeb660f2" />
      <TestMethod codeBase="/home/runner/work/ai_msp430_emulator/ai_msp430_emulator/tests/MSP430.Emulator.Tests/bin/Release/net8.0/MSP430.Emulator.Tests.dll" adapterTypeName="executor://xunit/VsTestRunner3/netcore/" className="MSP430.Emulator.Tests.Cpu.RegisterFileTests" name="ReadRegister_ValidRegister_ReturnsZeroAfterReset" />
    </UnitTest>
    <UnitTest name="MSP430.Emulator.Tests.Memory.FlashControllerTests.StartProgramming_WhenWriteProtected_ReturnsFalse" storage="/home/runner/work/ai_msp430_emulator/ai_msp430_emulator/tests/msp430.emulator.tests/bin/release/net8.0/msp430.emulator.tests.dll" id="56b2542a-da59-7efa-ebe9-7998dce5a236">
      <Execution id="5ef7306e-54da-48a2-a9df-745a6ae37954" />
      <TestMethod codeBase="/home/runner/work/ai_msp430_emulator/ai_msp430_emulator/tests/MSP430.Emulator.Tests/bin/Release/net8.0/MSP430.Emulator.Tests.dll" adapterTypeName="executor://xunit/VsTestRunner3/netcore/" className="MSP430.Emulator.Tests.Memory.FlashControllerTests" name="StartProgramming_WhenWriteProtected_ReturnsFalse" />
    </UnitTest>
    <UnitTest name="MSP430.Emulator.Tests.Instructions.Arithmetic.CmpInstructionTests.ToString_VariousAddressingModes_FormatsCorrectly(register: R0, mode: Immediate, expectedOperand: &quot;#N&quot;)" storage="/home/runner/work/ai_msp430_emulator/ai_msp430_emulator/tests/msp430.emulator.tests/bin/release/net8.0/msp430.emulator.tests.dll" id="951e81a1-8d42-de02-6f7a-4dfb3d5a213f">
      <Execution id="19379955-7774-48aa-bb85-daed8304c65c" />
      <TestMethod codeBase="/home/runner/work/ai_msp430_emulator/ai_msp430_emulator/tests/MSP430.Emulator.Tests/bin/Release/net8.0/MSP430.Emulator.Tests.dll" adapterTypeName="executor://xunit/VsTestRunner3/netcore/" className="MSP430.Emulator.Tests.Instructions.Arithmetic.CmpInstructionTests" name="ToString_VariousAddressingModes_FormatsCorrectly" />
    </UnitTest>
    <UnitTest name="MSP430.Emulator.Tests.Memory.MemoryControllerTests.IsOperationInProgress_DelegatesCorrectly" storage="/home/runner/work/ai_msp430_emulator/ai_msp430_emulator/tests/msp430.emulator.tests/bin/release/net8.0/msp430.emulator.tests.dll" id="7b0c6625-9b86-ddbc-ed31-22e14b101f52">
      <Execution id="3b23b233-190c-45a3-81d0-f360843bfb95" />
      <TestMethod codeBase="/home/runner/work/ai_msp430_emulator/ai_msp430_emulator/tests/MSP430.Emulator.Tests/bin/Release/net8.0/MSP430.Emulator.Tests.dll" adapterTypeName="executor://xunit/VsTestRunner3/netcore/" className="MSP430.Emulator.Tests.Memory.MemoryControllerTests" name="IsOperationInProgress_DelegatesCorrectly" />
    </UnitTest>
    <UnitTest name="MSP430.Emulator.Tests.Cpu.RegisterFileTests.WriteRegister_ValidRegister_StoresValue(register: R15, value: 65535)" storage="/home/runner/work/ai_msp430_emulator/ai_msp430_emulator/tests/msp430.emulator.tests/bin/release/net8.0/msp430.emulator.tests.dll" id="1023fd96-7fad-4db8-8b0d-15295626cdf4">
      <Execution id="85d521d4-6854-4bec-a023-412c47e98976" />
      <TestMethod codeBase="/home/runner/work/ai_msp430_emulator/ai_msp430_emulator/tests/MSP430.Emulator.Tests/bin/Release/net8.0/MSP430.Emulator.Tests.dll" adapterTypeName="executor://xunit/VsTestRunner3/netcore/" className="MSP430.Emulator.Tests.Cpu.RegisterFileTests" name="WriteRegister_ValidRegister_StoresValue" />
    </UnitTest>
    <UnitTest name="MSP430.Emulator.Tests.Core.EmulatorCoreTests.Halt_ChangesToHaltedState" storage="/home/runner/work/ai_msp430_emulator/ai_msp430_emulator/tests/msp430.emulator.tests/bin/release/net8.0/msp430.emulator.tests.dll" id="ce04f913-cc6d-3428-92cb-038af7b63e32">
      <Execution id="aed0baa5-68bd-4eee-9e6a-6553f4ce1ce0" />
      <TestMethod codeBase="/home/runner/work/ai_msp430_emulator/ai_msp430_emulator/tests/MSP430.Emulator.Tests/bin/Release/net8.0/MSP430.Emulator.Tests.dll" adapterTypeName="executor://xunit/VsTestRunner3/netcore/" className="MSP430.Emulator.Tests.Core.EmulatorCoreTests" name="Halt_ChangesToHaltedState" />
    </UnitTest>
    <UnitTest name="MSP430.Emulator.Tests.Instructions.AddressingModeDecoderTests.DecodeSourceAddressingMode_GeneralPurposeRegisters_ReturnsCorrectMode(register: R7, asBits: 3, expected: IndirectAutoIncrement)" storage="/home/runner/work/ai_msp430_emulator/ai_msp430_emulator/tests/msp430.emulator.tests/bin/release/net8.0/msp430.emulator.tests.dll" id="fb475ae9-ca8a-975f-1c36-f47726961866">
      <Execution id="ed64cdc4-ae00-4b8c-a049-f950cfc41fc2" />
      <TestMethod codeBase="/home/runner/work/ai_msp430_emulator/ai_msp430_emulator/tests/MSP430.Emulator.Tests/bin/Release/net8.0/MSP430.Emulator.Tests.dll" adapterTypeName="executor://xunit/VsTestRunner3/netcore/" className="MSP430.Emulator.Tests.Instructions.AddressingModeDecoderTests" name="DecodeSourceAddressingMode_GeneralPurposeRegisters_ReturnsCorrectMode" />
    </UnitTest>
    <UnitTest name="MSP430.Emulator.Tests.Memory.MemoryControllerTests.ReadByte_ValidAddress_ReturnsValue(address: 16384)" storage="/home/runner/work/ai_msp430_emulator/ai_msp430_emulator/tests/msp430.emulator.tests/bin/release/net8.0/msp430.emulator.tests.dll" id="4b496332-02f2-a673-11a4-851866474928">
      <Execution id="758a65f8-29e0-43f7-b1a2-3115b0c74a43" />
      <TestMethod codeBase="/home/runner/work/ai_msp430_emulator/ai_msp430_emulator/tests/MSP430.Emulator.Tests/bin/Release/net8.0/MSP430.Emulator.Tests.dll" adapterTypeName="executor://xunit/VsTestRunner3/netcore/" className="MSP430.Emulator.Tests.Memory.MemoryControllerTests" name="ReadByte_ValidAddress_ReturnsValue" />
    </UnitTest>
    <UnitTest name="MSP430.Emulator.Tests.Memory.RandomAccessMemoryTests.Constructor_InvalidSize_ThrowsArgumentOutOfRangeException(invalidSize: 0)" storage="/home/runner/work/ai_msp430_emulator/ai_msp430_emulator/tests/msp430.emulator.tests/bin/release/net8.0/msp430.emulator.tests.dll" id="32d9f990-f45d-59f4-0676-6632df00a639">
      <Execution id="78cd47f2-37b4-4c05-a24f-7bcd9498f57c" />
      <TestMethod codeBase="/home/runner/work/ai_msp430_emulator/ai_msp430_emulator/tests/MSP430.Emulator.Tests/bin/Release/net8.0/MSP430.Emulator.Tests.dll" adapterTypeName="executor://xunit/VsTestRunner3/netcore/" className="MSP430.Emulator.Tests.Memory.RandomAccessMemoryTests" name="Constructor_InvalidSize_ThrowsArgumentOutOfRangeException" />
    </UnitTest>
    <UnitTest name="MSP430.Emulator.Tests.Instructions.InstructionDecoderTests.ExtensionWordCount_FormatI_MultipleExtensionWords_ReturnsCorrectCount" storage="/home/runner/work/ai_msp430_emulator/ai_msp430_emulator/tests/msp430.emulator.tests/bin/release/net8.0/msp430.emulator.tests.dll" id="002aed19-05c9-99a5-d669-71f5f0a1a07e">
      <Execution id="cffc92c8-2ae2-465f-9233-803eb1f094e8" />
      <TestMethod codeBase="/home/runner/work/ai_msp430_emulator/ai_msp430_emulator/tests/MSP430.Emulator.Tests/bin/Release/net8.0/MSP430.Emulator.Tests.dll" adapterTypeName="executor://xunit/VsTestRunner3/netcore/" className="MSP430.Emulator.Tests.Instructions.InstructionDecoderTests" name="ExtensionWordCount_FormatI_MultipleExtensionWords_ReturnsCorrectCount" />
    </UnitTest>
    <UnitTest name="MSP430.Emulator.Tests.Instructions.Logic.AndInstructionTests.ToString_VariousAddressingModes_FormatsCorrectly(mode: Indexed, expectedOperand: &quot;X(R1)&quot;)" storage="/home/runner/work/ai_msp430_emulator/ai_msp430_emulator/tests/msp430.emulator.tests/bin/release/net8.0/msp430.emulator.tests.dll" id="59be2a3b-59e6-11d5-d751-9dc580897ea4">
      <Execution id="2f40d8dc-0013-4b49-8c5b-37957b48fb81" />
      <TestMethod codeBase="/home/runner/work/ai_msp430_emulator/ai_msp430_emulator/tests/MSP430.Emulator.Tests/bin/Release/net8.0/MSP430.Emulator.Tests.dll" adapterTypeName="executor://xunit/VsTestRunner3/netcore/" className="MSP430.Emulator.Tests.Instructions.Logic.AndInstructionTests" name="ToString_VariousAddressingModes_FormatsCorrectly" />
    </UnitTest>
    <UnitTest name="MSP430.Emulator.Tests.Memory.RandomAccessMemoryTests.IsRangeInBounds_VariousRanges_ReturnsExpectedResult(startAddress: 9215, length: 1, expected: True)" storage="/home/runner/work/ai_msp430_emulator/ai_msp430_emulator/tests/msp430.emulator.tests/bin/release/net8.0/msp430.emulator.tests.dll" id="531dc1d9-54b8-da8d-13de-e95598467763">
      <Execution id="fea1286b-5156-4846-8907-30b900ea6e40" />
      <TestMethod codeBase="/home/runner/work/ai_msp430_emulator/ai_msp430_emulator/tests/MSP430.Emulator.Tests/bin/Release/net8.0/MSP430.Emulator.Tests.dll" adapterTypeName="executor://xunit/VsTestRunner3/netcore/" className="MSP430.Emulator.Tests.Memory.RandomAccessMemoryTests" name="IsRangeInBounds_VariousRanges_ReturnsExpectedResult" />
    </UnitTest>
    <UnitTest name="MSP430.Emulator.Tests.Instructions.Arithmetic.SubInstructionTests.ExtensionWordCount_VariousAddressingModes_ReturnsCorrectCount(sourceMode: Symbolic, destMode: Indexed, expectedCount: 2)" storage="/home/runner/work/ai_msp430_emulator/ai_msp430_emulator/tests/msp430.emulator.tests/bin/release/net8.0/msp430.emulator.tests.dll" id="35396994-c92d-22e4-6909-1d0387879490">
      <Execution id="bc790381-86a2-424c-b82a-5e7f585d544c" />
      <TestMethod codeBase="/home/runner/work/ai_msp430_emulator/ai_msp430_emulator/tests/MSP430.Emulator.Tests/bin/Release/net8.0/MSP430.Emulator.Tests.dll" adapterTypeName="executor://xunit/VsTestRunner3/netcore/" className="MSP430.Emulator.Tests.Instructions.Arithmetic.SubInstructionTests" name="ExtensionWordCount_VariousAddressingModes_ReturnsCorrectCount" />
    </UnitTest>
    <UnitTest name="MSP430.Emulator.Tests.Memory.FlashControllerTests.GetEraseCycles_ValidOperation_ReturnsExpectedCycles(operation: SectorErase)" storage="/home/runner/work/ai_msp430_emulator/ai_msp430_emulator/tests/msp430.emulator.tests/bin/release/net8.0/msp430.emulator.tests.dll" id="d81037ba-7657-d13f-24ec-a1749834cd9d">
      <Execution id="38b81f25-9ca7-465a-b6b2-db9292ac2175" />
      <TestMethod codeBase="/home/runner/work/ai_msp430_emulator/ai_msp430_emulator/tests/MSP430.Emulator.Tests/bin/Release/net8.0/MSP430.Emulator.Tests.dll" adapterTypeName="executor://xunit/VsTestRunner3/netcore/" className="MSP430.Emulator.Tests.Memory.FlashControllerTests" name="GetEraseCycles_ValidOperation_ReturnsExpectedCycles" />
    </UnitTest>
    <UnitTest name="MSP430.Emulator.Tests.Memory.RandomAccessMemoryTests.Constructor_ValidSizes_CreatesMemory(validSize: 4096)" storage="/home/runner/work/ai_msp430_emulator/ai_msp430_emulator/tests/msp430.emulator.tests/bin/release/net8.0/msp430.emulator.tests.dll" id="57b386ac-30ef-f5b7-42e3-23179c49f448">
      <Execution id="fa80d030-2f29-4780-a9f2-3b9b65ee268c" />
      <TestMethod codeBase="/home/runner/work/ai_msp430_emulator/ai_msp430_emulator/tests/MSP430.Emulator.Tests/bin/Release/net8.0/MSP430.Emulator.Tests.dll" adapterTypeName="executor://xunit/VsTestRunner3/netcore/" className="MSP430.Emulator.Tests.Memory.RandomAccessMemoryTests" name="Constructor_ValidSizes_CreatesMemory" />
    </UnitTest>
    <UnitTest name="MSP430.Emulator.Tests.Core.ExecutionStateTests.IsValidTransition_ReturnsExpectedResult(from: Running, to: Error, expected: True)" storage="/home/runner/work/ai_msp430_emulator/ai_msp430_emulator/tests/msp430.emulator.tests/bin/release/net8.0/msp430.emulator.tests.dll" id="75377657-cd63-ee5a-8df6-60cbaeb891bc">
      <Execution id="fd370826-5bf4-44cb-911e-a70e636cecfc" />
      <TestMethod codeBase="/home/runner/work/ai_msp430_emulator/ai_msp430_emulator/tests/MSP430.Emulator.Tests/bin/Release/net8.0/MSP430.Emulator.Tests.dll" adapterTypeName="executor://xunit/VsTestRunner3/netcore/" className="MSP430.Emulator.Tests.Core.ExecutionStateTests" name="IsValidTransition_ReturnsExpectedResult" />
    </UnitTest>
    <UnitTest name="MSP430.Emulator.Tests.Diagnostics.DiagnosticReportGeneratorTests.Constructor_WithNullLogger_ShouldThrowArgumentNullException" storage="/home/runner/work/ai_msp430_emulator/ai_msp430_emulator/tests/msp430.emulator.tests/bin/release/net8.0/msp430.emulator.tests.dll" id="efb32807-36c9-7253-e822-c233e242906c">
      <Execution id="8c0c7b27-5439-4daa-a4bb-a39b05924251" />
      <TestMethod codeBase="/home/runner/work/ai_msp430_emulator/ai_msp430_emulator/tests/MSP430.Emulator.Tests/bin/Release/net8.0/MSP430.Emulator.Tests.dll" adapterTypeName="executor://xunit/VsTestRunner3/netcore/" className="MSP430.Emulator.Tests.Diagnostics.DiagnosticReportGeneratorTests" name="Constructor_WithNullLogger_ShouldThrowArgumentNullException" />
    </UnitTest>
    <UnitTest name="MSP430.Emulator.Tests.Instructions.Arithmetic.IncInstructionTests.Properties_VariousRegisters_ReturnCorrectValues(dest: R0)" storage="/home/runner/work/ai_msp430_emulator/ai_msp430_emulator/tests/msp430.emulator.tests/bin/release/net8.0/msp430.emulator.tests.dll" id="5f15f42d-5d6b-9613-39b6-8ebe8c278e86">
      <Execution id="b3e8e20a-8a43-4dc1-a106-409f497fc9cc" />
      <TestMethod codeBase="/home/runner/work/ai_msp430_emulator/ai_msp430_emulator/tests/MSP430.Emulator.Tests/bin/Release/net8.0/MSP430.Emulator.Tests.dll" adapterTypeName="executor://xunit/VsTestRunner3/netcore/" className="MSP430.Emulator.Tests.Instructions.Arithmetic.IncInstructionTests" name="Properties_VariousRegisters_ReturnCorrectValues" />
    </UnitTest>
    <UnitTest name="MSP430.Emulator.Tests.Memory.FlashMemoryTests.IsRangeInBounds_InvalidRanges_ReturnsFalse" storage="/home/runner/work/ai_msp430_emulator/ai_msp430_emulator/tests/msp430.emulator.tests/bin/release/net8.0/msp430.emulator.tests.dll" id="deb54237-ce43-c6c9-13a2-69f40f1f38c4">
      <Execution id="b4d6dbff-c1d5-4750-be84-643b0e333e25" />
      <TestMethod codeBase="/home/runner/work/ai_msp430_emulator/ai_msp430_emulator/tests/MSP430.Emulator.Tests/bin/Release/net8.0/MSP430.Emulator.Tests.dll" adapterTypeName="executor://xunit/VsTestRunner3/netcore/" className="MSP430.Emulator.Tests.Memory.FlashMemoryTests" name="IsRangeInBounds_InvalidRanges_ReturnsFalse" />
    </UnitTest>
    <UnitTest name="MSP430.Emulator.Tests.Instructions.Arithmetic.CmpInstructionTests.ToString_VariousAddressingModes_FormatsCorrectly(register: R2, mode: Absolute, expectedOperand: &quot;&amp;ADDR&quot;)" storage="/home/runner/work/ai_msp430_emulator/ai_msp430_emulator/tests/msp430.emulator.tests/bin/release/net8.0/msp430.emulator.tests.dll" id="29a37f46-b652-2684-af2d-7bfba0ce4ff9">
      <Execution id="eae4ac95-d12d-47b0-926d-952f6b23a54b" />
      <TestMethod codeBase="/home/runner/work/ai_msp430_emulator/ai_msp430_emulator/tests/MSP430.Emulator.Tests/bin/Release/net8.0/MSP430.Emulator.Tests.dll" adapterTypeName="executor://xunit/VsTestRunner3/netcore/" className="MSP430.Emulator.Tests.Instructions.Arithmetic.CmpInstructionTests" name="ToString_VariousAddressingModes_FormatsCorrectly" />
    </UnitTest>
    <UnitTest name="MSP430.Emulator.Tests.Instructions.Arithmetic.CmpInstructionTests.AddressingModes_AllSupportedModes_ReturnCorrectValues(mode: Symbolic)" storage="/home/runner/work/ai_msp430_emulator/ai_msp430_emulator/tests/msp430.emulator.tests/bin/release/net8.0/msp430.emulator.tests.dll" id="314f0ec8-6c38-3ec2-e7a2-1b106673ebd8">
      <Execution id="66219b78-5739-4079-a768-982d5fe0e4a9" />
      <TestMethod codeBase="/home/runner/work/ai_msp430_emulator/ai_msp430_emulator/tests/MSP430.Emulator.Tests/bin/Release/net8.0/MSP430.Emulator.Tests.dll" adapterTypeName="executor://xunit/VsTestRunner3/netcore/" className="MSP430.Emulator.Tests.Instructions.Arithmetic.CmpInstructionTests" name="AddressingModes_AllSupportedModes_ReturnCorrectValues" />
    </UnitTest>
    <UnitTest name="MSP430.Emulator.Tests.Instructions.Logic.AndInstructionTests.ExtensionWordCount_VariousAddressingModes_ReturnsCorrectCount(sourceMode: Register, destMode: IndirectAutoIncrement, expectedCount: 0)" storage="/home/runner/work/ai_msp430_emulator/ai_msp430_emulator/tests/msp430.emulator.tests/bin/release/net8.0/msp430.emulator.tests.dll" id="de5d44b7-3271-78ba-a6b9-61a948ec8a1b">
      <Execution id="0a4e3d42-41e9-4b90-ac68-2a9a87c1d460" />
      <TestMethod codeBase="/home/runner/work/ai_msp430_emulator/ai_msp430_emulator/tests/MSP430.Emulator.Tests/bin/Release/net8.0/MSP430.Emulator.Tests.dll" adapterTypeName="executor://xunit/VsTestRunner3/netcore/" className="MSP430.Emulator.Tests.Instructions.Logic.AndInstructionTests" name="ExtensionWordCount_VariousAddressingModes_ReturnsCorrectCount" />
    </UnitTest>
    <UnitTest name="MSP430.Emulator.Tests.Logging.FileLoggerTests.Log_WithMultipleThreads_IsThreadSafe" storage="/home/runner/work/ai_msp430_emulator/ai_msp430_emulator/tests/msp430.emulator.tests/bin/release/net8.0/msp430.emulator.tests.dll" id="c4ae0343-7499-6970-0879-f04bc917747d">
      <Execution id="649679ec-3ae2-4766-9d4e-3a2548bf993d" />
      <TestMethod codeBase="/home/runner/work/ai_msp430_emulator/ai_msp430_emulator/tests/MSP430.Emulator.Tests/bin/Release/net8.0/MSP430.Emulator.Tests.dll" adapterTypeName="executor://xunit/VsTestRunner3/netcore/" className="MSP430.Emulator.Tests.Logging.FileLoggerTests" name="Log_WithMultipleThreads_IsThreadSafe" />
    </UnitTest>
    <UnitTest name="MSP430.Emulator.Tests.Cpu.StatusRegisterTests.Constructor_DefaultValue_InitializesToZero" storage="/home/runner/work/ai_msp430_emulator/ai_msp430_emulator/tests/msp430.emulator.tests/bin/release/net8.0/msp430.emulator.tests.dll" id="3afb25eb-1af1-3821-55d9-743942803047">
      <Execution id="2be4fb40-e81a-4495-9384-5b9ae74de5a5" />
      <TestMethod codeBase="/home/runner/work/ai_msp430_emulator/ai_msp430_emulator/tests/MSP430.Emulator.Tests/bin/Release/net8.0/MSP430.Emulator.Tests.dll" adapterTypeName="executor://xunit/VsTestRunner3/netcore/" className="MSP430.Emulator.Tests.Cpu.StatusRegisterTests" name="Constructor_DefaultValue_InitializesToZero" />
    </UnitTest>
    <UnitTest name="MSP430.Emulator.Tests.Core.ExecutionStateTests.MultipleTransitions_FollowValidPath" storage="/home/runner/work/ai_msp430_emulator/ai_msp430_emulator/tests/msp430.emulator.tests/bin/release/net8.0/msp430.emulator.tests.dll" id="5ed4c406-ba5e-828a-6548-da1cac0d6744">
      <Execution id="3d6fa104-f309-4997-a20f-626494f7fdd1" />
      <TestMethod codeBase="/home/runner/work/ai_msp430_emulator/ai_msp430_emulator/tests/MSP430.Emulator.Tests/bin/Release/net8.0/MSP430.Emulator.Tests.dll" adapterTypeName="executor://xunit/VsTestRunner3/netcore/" className="MSP430.Emulator.Tests.Core.ExecutionStateTests" name="MultipleTransitions_FollowValidPath" />
    </UnitTest>
    <UnitTest name="MSP430.Emulator.Tests.Memory.MemoryMapTests.IsAccessAllowed_InvalidAddress_ReturnsFalse" storage="/home/runner/work/ai_msp430_emulator/ai_msp430_emulator/tests/msp430.emulator.tests/bin/release/net8.0/msp430.emulator.tests.dll" id="3fab221f-556d-1911-7274-3cd3b420d27d">
      <Execution id="9a1a0701-23eb-4e77-9169-fa760ab13a69" />
      <TestMethod codeBase="/home/runner/work/ai_msp430_emulator/ai_msp430_emulator/tests/MSP430.Emulator.Tests/bin/Release/net8.0/MSP430.Emulator.Tests.dll" adapterTypeName="executor://xunit/VsTestRunner3/netcore/" className="MSP430.Emulator.Tests.Memory.MemoryMapTests" name="IsAccessAllowed_InvalidAddress_ReturnsFalse" />
    </UnitTest>
    <UnitTest name="MSP430.Emulator.Tests.Memory.MemoryControllerTests.GetRegion_ValidAddress_ReturnsCorrectRegion" storage="/home/runner/work/ai_msp430_emulator/ai_msp430_emulator/tests/msp430.emulator.tests/bin/release/net8.0/msp430.emulator.tests.dll" id="49f60880-78ec-2020-7e37-763402100b77">
      <Execution id="91d89200-eabf-4175-90aa-48c1ad0e5b8f" />
      <TestMethod codeBase="/home/runner/work/ai_msp430_emulator/ai_msp430_emulator/tests/MSP430.Emulator.Tests/bin/Release/net8.0/MSP430.Emulator.Tests.dll" adapterTypeName="executor://xunit/VsTestRunner3/netcore/" className="MSP430.Emulator.Tests.Memory.MemoryControllerTests" name="GetRegion_ValidAddress_ReturnsCorrectRegion" />
    </UnitTest>
    <UnitTest name="MSP430.Emulator.Tests.Cpu.RegisterFileTests.IsValidRegister_VariousInputs_ReturnsExpectedResult(register: 16, expected: False)" storage="/home/runner/work/ai_msp430_emulator/ai_msp430_emulator/tests/msp430.emulator.tests/bin/release/net8.0/msp430.emulator.tests.dll" id="4b351958-f57b-63cb-9801-c25b5db19908">
      <Execution id="316b48ea-7705-46de-a4fa-af66f7c62a88" />
      <TestMethod codeBase="/home/runner/work/ai_msp430_emulator/ai_msp430_emulator/tests/MSP430.Emulator.Tests/bin/Release/net8.0/MSP430.Emulator.Tests.dll" adapterTypeName="executor://xunit/VsTestRunner3/netcore/" className="MSP430.Emulator.Tests.Cpu.RegisterFileTests" name="IsValidRegister_VariousInputs_ReturnsExpectedResult" />
    </UnitTest>
    <UnitTest name="MSP430.Emulator.Tests.Memory.RandomAccessMemoryTests.Constructor_ValidSizes_CreatesMemory(validSize: 10240)" storage="/home/runner/work/ai_msp430_emulator/ai_msp430_emulator/tests/msp430.emulator.tests/bin/release/net8.0/msp430.emulator.tests.dll" id="5445a6db-668b-15b5-4a91-70d2e59ddfe6">
      <Execution id="1f0e6a19-9ff0-4045-9730-1443d96ac8c6" />
      <TestMethod codeBase="/home/runner/work/ai_msp430_emulator/ai_msp430_emulator/tests/MSP430.Emulator.Tests/bin/Release/net8.0/MSP430.Emulator.Tests.dll" adapterTypeName="executor://xunit/VsTestRunner3/netcore/" className="MSP430.Emulator.Tests.Memory.RandomAccessMemoryTests" name="Constructor_ValidSizes_CreatesMemory" />
    </UnitTest>
    <UnitTest name="MSP430.Emulator.Tests.Instructions.InstructionDecoderTests.ExtractOpcode_FormatII_ReturnsCorrectOpcode(format: FormatII, instructionWord: 4608, expected: 18)" storage="/home/runner/work/ai_msp430_emulator/ai_msp430_emulator/tests/msp430.emulator.tests/bin/release/net8.0/msp430.emulator.tests.dll" id="adbffbc1-88a0-295a-95c9-6dce2fe14ba4">
      <Execution id="0b3f3acf-eb4a-419e-ad3b-9b4d36c70a20" />
      <TestMethod codeBase="/home/runner/work/ai_msp430_emulator/ai_msp430_emulator/tests/MSP430.Emulator.Tests/bin/Release/net8.0/MSP430.Emulator.Tests.dll" adapterTypeName="executor://xunit/VsTestRunner3/netcore/" className="MSP430.Emulator.Tests.Instructions.InstructionDecoderTests" name="ExtractOpcode_FormatII_ReturnsCorrectOpcode" />
    </UnitTest>
    <UnitTest name="MSP430.Emulator.Tests.Logging.ConsoleLoggerTests.Error_WithContext_CallsLogWithErrorLevelAndContext" storage="/home/runner/work/ai_msp430_emulator/ai_msp430_emulator/tests/msp430.emulator.tests/bin/release/net8.0/msp430.emulator.tests.dll" id="6ba11388-c9b0-855b-a673-3160cd8e3cc8">
      <Execution id="4d152e3a-c691-4e43-a6ad-1bfdbb5b5557" />
      <TestMethod codeBase="/home/runner/work/ai_msp430_emulator/ai_msp430_emulator/tests/MSP430.Emulator.Tests/bin/Release/net8.0/MSP430.Emulator.Tests.dll" adapterTypeName="executor://xunit/VsTestRunner3/netcore/" className="MSP430.Emulator.Tests.Logging.ConsoleLoggerTests" name="Error_WithContext_CallsLogWithErrorLevelAndContext" />
    </UnitTest>
    <UnitTest name="MSP430.Emulator.Tests.Instructions.Arithmetic.DecInstructionTests.ToString_VariousAddressingModes_FormatsCorrectly(register: R0, mode: Symbolic, expectedOperand: &quot;ADDR&quot;)" storage="/home/runner/work/ai_msp430_emulator/ai_msp430_emulator/tests/msp430.emulator.tests/bin/release/net8.0/msp430.emulator.tests.dll" id="9de23d7a-47bf-2637-3a45-dff2fc3fba7b">
      <Execution id="0ab8928b-5021-477d-8e57-efa97accff63" />
      <TestMethod codeBase="/home/runner/work/ai_msp430_emulator/ai_msp430_emulator/tests/MSP430.Emulator.Tests/bin/Release/net8.0/MSP430.Emulator.Tests.dll" adapterTypeName="executor://xunit/VsTestRunner3/netcore/" className="MSP430.Emulator.Tests.Instructions.Arithmetic.DecInstructionTests" name="ToString_VariousAddressingModes_FormatsCorrectly" />
    </UnitTest>
    <UnitTest name="MSP430.Emulator.Tests.Memory.MemoryControllerTests.WriteWord_UnalignedAddress_ThrowsArgumentException(address: 6145)" storage="/home/runner/work/ai_msp430_emulator/ai_msp430_emulator/tests/msp430.emulator.tests/bin/release/net8.0/msp430.emulator.tests.dll" id="14a86b78-05b4-6488-0499-2a3ee46090ea">
      <Execution id="86c9b4ba-d161-42a5-a2dd-c190238d34a3" />
      <TestMethod codeBase="/home/runner/work/ai_msp430_emulator/ai_msp430_emulator/tests/MSP430.Emulator.Tests/bin/Release/net8.0/MSP430.Emulator.Tests.dll" adapterTypeName="executor://xunit/VsTestRunner3/netcore/" className="MSP430.Emulator.Tests.Memory.MemoryControllerTests" name="WriteWord_UnalignedAddress_ThrowsArgumentException" />
    </UnitTest>
    <UnitTest name="MSP430.Emulator.Tests.Instructions.Logic.XorInstructionTests.AddressingModes_AllSupportedModes_ReturnCorrectValues(mode: Indirect)" storage="/home/runner/work/ai_msp430_emulator/ai_msp430_emulator/tests/msp430.emulator.tests/bin/release/net8.0/msp430.emulator.tests.dll" id="fa283544-6f8e-1057-dfd1-0b2e92b40be4">
      <Execution id="74c6e892-48ad-43d5-b0d8-a6b608f115ea" />
      <TestMethod codeBase="/home/runner/work/ai_msp430_emulator/ai_msp430_emulator/tests/MSP430.Emulator.Tests/bin/Release/net8.0/MSP430.Emulator.Tests.dll" adapterTypeName="executor://xunit/VsTestRunner3/netcore/" className="MSP430.Emulator.Tests.Instructions.Logic.XorInstructionTests" name="AddressingModes_AllSupportedModes_ReturnCorrectValues" />
    </UnitTest>
    <UnitTest name="MSP430.Emulator.Tests.Instructions.AddressingModeDecoderTests.DecodeSourceAddressingMode_R0_ReturnsCorrectMode(asBits: 2, expected: Indirect)" storage="/home/runner/work/ai_msp430_emulator/ai_msp430_emulator/tests/msp430.emulator.tests/bin/release/net8.0/msp430.emulator.tests.dll" id="a88b2bef-9140-d769-fc8f-fb363a8c676c">
      <Execution id="2e30cd9e-81a0-440d-8345-dd63da32b5e7" />
      <TestMethod codeBase="/home/runner/work/ai_msp430_emulator/ai_msp430_emulator/tests/MSP430.Emulator.Tests/bin/Release/net8.0/MSP430.Emulator.Tests.dll" adapterTypeName="executor://xunit/VsTestRunner3/netcore/" className="MSP430.Emulator.Tests.Instructions.AddressingModeDecoderTests" name="DecodeSourceAddressingMode_R0_ReturnsCorrectMode" />
    </UnitTest>
    <UnitTest name="MSP430.Emulator.Tests.Memory.MemoryMapTests.Constructor_DefaultRegions_CreatesValidMemoryMap" storage="/home/runner/work/ai_msp430_emulator/ai_msp430_emulator/tests/msp430.emulator.tests/bin/release/net8.0/msp430.emulator.tests.dll" id="373ff569-27d5-1f89-4f76-a77fb5e35c7c">
      <Execution id="83f89f76-ca95-46cc-862b-925ee8ee81e1" />
      <TestMethod codeBase="/home/runner/work/ai_msp430_emulator/ai_msp430_emulator/tests/MSP430.Emulator.Tests/bin/Release/net8.0/MSP430.Emulator.Tests.dll" adapterTypeName="executor://xunit/VsTestRunner3/netcore/" className="MSP430.Emulator.Tests.Memory.MemoryMapTests" name="Constructor_DefaultRegions_CreatesValidMemoryMap" />
    </UnitTest>
    <UnitTest name="MSP430.Emulator.Tests.Instructions.Arithmetic.SubInstructionTests.ExtensionWordCount_VariousAddressingModes_ReturnsCorrectCount(sourceMode: Immediate, destMode: Register, expectedCount: 1)" storage="/home/runner/work/ai_msp430_emulator/ai_msp430_emulator/tests/msp430.emulator.tests/bin/release/net8.0/msp430.emulator.tests.dll" id="ff76722a-52d0-6845-fc50-8d8b32256e09">
      <Execution id="397c66fa-6bac-4316-bafb-a5e2f3d4aab3" />
      <TestMethod codeBase="/home/runner/work/ai_msp430_emulator/ai_msp430_emulator/tests/MSP430.Emulator.Tests/bin/Release/net8.0/MSP430.Emulator.Tests.dll" adapterTypeName="executor://xunit/VsTestRunner3/netcore/" className="MSP430.Emulator.Tests.Instructions.Arithmetic.SubInstructionTests" name="ExtensionWordCount_VariousAddressingModes_ReturnsCorrectCount" />
    </UnitTest>
    <UnitTest name="MSP430.Emulator.Tests.Memory.InformationMemoryTests.Clear_WithMixedProtection_ClearsOnlyUnprotectedSegments" storage="/home/runner/work/ai_msp430_emulator/ai_msp430_emulator/tests/msp430.emulator.tests/bin/release/net8.0/msp430.emulator.tests.dll" id="8350e988-d3d5-5aa7-02df-6dd55b6fdddc">
      <Execution id="6a2650bd-1308-43c6-8a26-4245ad5da266" />
      <TestMethod codeBase="/home/runner/work/ai_msp430_emulator/ai_msp430_emulator/tests/MSP430.Emulator.Tests/bin/Release/net8.0/MSP430.Emulator.Tests.dll" adapterTypeName="executor://xunit/VsTestRunner3/netcore/" className="MSP430.Emulator.Tests.Memory.InformationMemoryTests" name="Clear_WithMixedProtection_ClearsOnlyUnprotectedSegments" />
    </UnitTest>
    <UnitTest name="MSP430.Emulator.Tests.Instructions.Logic.BitInstructionTests.AddressingModes_AllSupportedModes_ReturnCorrectValues(mode: Symbolic)" storage="/home/runner/work/ai_msp430_emulator/ai_msp430_emulator/tests/msp430.emulator.tests/bin/release/net8.0/msp430.emulator.tests.dll" id="adc45cdc-2692-6462-8fa0-4bf84c859984">
      <Execution id="f2c252d6-5dc1-49c0-ba6c-41fa361de4e0" />
      <TestMethod codeBase="/home/runner/work/ai_msp430_emulator/ai_msp430_emulator/tests/MSP430.Emulator.Tests/bin/Release/net8.0/MSP430.Emulator.Tests.dll" adapterTypeName="executor://xunit/VsTestRunner3/netcore/" className="MSP430.Emulator.Tests.Instructions.Logic.BitInstructionTests" name="AddressingModes_AllSupportedModes_ReturnCorrectValues" />
    </UnitTest>
    <UnitTest name="MSP430.Emulator.Tests.Core.ExecutionStateTests.IsValidTransition_ReturnsExpectedResult(from: Reset, to: Error, expected: False)" storage="/home/runner/work/ai_msp430_emulator/ai_msp430_emulator/tests/msp430.emulator.tests/bin/release/net8.0/msp430.emulator.tests.dll" id="cd8b28a3-05eb-ad58-d574-ea6c74ec0b45">
      <Execution id="0415f8f7-c26b-458a-8648-d1608a807229" />
      <TestMethod codeBase="/home/runner/work/ai_msp430_emulator/ai_msp430_emulator/tests/MSP430.Emulator.Tests/bin/Release/net8.0/MSP430.Emulator.Tests.dll" adapterTypeName="executor://xunit/VsTestRunner3/netcore/" className="MSP430.Emulator.Tests.Core.ExecutionStateTests" name="IsValidTransition_ReturnsExpectedResult" />
    </UnitTest>
    <UnitTest name="MSP430.Emulator.Tests.Memory.FlashMemoryTests.Constructor_InvalidSize_ThrowsArgumentOutOfRangeException(invalidSize: 512)" storage="/home/runner/work/ai_msp430_emulator/ai_msp430_emulator/tests/msp430.emulator.tests/bin/release/net8.0/msp430.emulator.tests.dll" id="dda43f32-a338-66ef-acab-b20d62ab7a28">
      <Execution id="db29ad9c-6a51-4198-90e1-3dc77fd4ebc2" />
      <TestMethod codeBase="/home/runner/work/ai_msp430_emulator/ai_msp430_emulator/tests/MSP430.Emulator.Tests/bin/Release/net8.0/MSP430.Emulator.Tests.dll" adapterTypeName="executor://xunit/VsTestRunner3/netcore/" className="MSP430.Emulator.Tests.Memory.FlashMemoryTests" name="Constructor_InvalidSize_ThrowsArgumentOutOfRangeException" />
    </UnitTest>
    <UnitTest name="MSP430.Emulator.Tests.Instructions.InstructionDecoderTests.GetInstructionFormat_FormatIII_ReturnsFormatIII(instructionWord: 15360)" storage="/home/runner/work/ai_msp430_emulator/ai_msp430_emulator/tests/msp430.emulator.tests/bin/release/net8.0/msp430.emulator.tests.dll" id="8a5ae180-771d-021f-7acf-cac6f054c51f">
      <Execution id="6b902b23-4b4c-4f6f-aa7b-44759485339c" />
      <TestMethod codeBase="/home/runner/work/ai_msp430_emulator/ai_msp430_emulator/tests/MSP430.Emulator.Tests/bin/Release/net8.0/MSP430.Emulator.Tests.dll" adapterTypeName="executor://xunit/VsTestRunner3/netcore/" className="MSP430.Emulator.Tests.Instructions.InstructionDecoderTests" name="GetInstructionFormat_FormatIII_ReturnsFormatIII" />
    </UnitTest>
    <UnitTest name="MSP430.Emulator.Tests.Instructions.Logic.BisInstructionTests.ExtensionWordCount_VariousAddressingModes_ReturnsCorrectCount(sourceMode: Immediate, destMode: Register, expectedCount: 1)" storage="/home/runner/work/ai_msp430_emulator/ai_msp430_emulator/tests/msp430.emulator.tests/bin/release/net8.0/msp430.emulator.tests.dll" id="110b11d3-4e5f-cd47-d2fe-c53d37e19fd4">
      <Execution id="29522352-a302-4110-80f1-5bbb2355a842" />
      <TestMethod codeBase="/home/runner/work/ai_msp430_emulator/ai_msp430_emulator/tests/MSP430.Emulator.Tests/bin/Release/net8.0/MSP430.Emulator.Tests.dll" adapterTypeName="executor://xunit/VsTestRunner3/netcore/" className="MSP430.Emulator.Tests.Instructions.Logic.BisInstructionTests" name="ExtensionWordCount_VariousAddressingModes_ReturnsCorrectCount" />
    </UnitTest>
    <UnitTest name="MSP430.Emulator.Tests.Instructions.Arithmetic.SubInstructionTests.ToString_VariousAddressingModes_FormatsCorrectly(register: R0, mode: Immediate, expectedOperand: &quot;#N&quot;)" storage="/home/runner/work/ai_msp430_emulator/ai_msp430_emulator/tests/msp430.emulator.tests/bin/release/net8.0/msp430.emulator.tests.dll" id="9c07246d-16c3-629f-cba6-6611f6ebac3c">
      <Execution id="580a29a0-819d-4796-9e4b-3ab577cb0751" />
      <TestMethod codeBase="/home/runner/work/ai_msp430_emulator/ai_msp430_emulator/tests/MSP430.Emulator.Tests/bin/Release/net8.0/MSP430.Emulator.Tests.dll" adapterTypeName="executor://xunit/VsTestRunner3/netcore/" className="MSP430.Emulator.Tests.Instructions.Arithmetic.SubInstructionTests" name="ToString_VariousAddressingModes_FormatsCorrectly" />
    </UnitTest>
    <UnitTest name="MSP430.Emulator.Tests.Memory.InformationMemoryTests.IsAddressInBounds_VariousAddresses_ReturnsExpectedResult(address: 65535, expected: False)" storage="/home/runner/work/ai_msp430_emulator/ai_msp430_emulator/tests/msp430.emulator.tests/bin/release/net8.0/msp430.emulator.tests.dll" id="80adbbd3-1ef7-456b-2934-d9d959da1338">
      <Execution id="b9850ced-eb6c-4d47-87bc-f8c65c58faa7" />
      <TestMethod codeBase="/home/runner/work/ai_msp430_emulator/ai_msp430_emulator/tests/MSP430.Emulator.Tests/bin/Release/net8.0/MSP430.Emulator.Tests.dll" adapterTypeName="executor://xunit/VsTestRunner3/netcore/" className="MSP430.Emulator.Tests.Memory.InformationMemoryTests" name="IsAddressInBounds_VariousAddresses_ReturnsExpectedResult" />
    </UnitTest>
    <UnitTest name="MSP430.Emulator.Tests.Core.EmulatorCoreTests.IsRunning_WhenInRunningState_ReturnsTrue" storage="/home/runner/work/ai_msp430_emulator/ai_msp430_emulator/tests/msp430.emulator.tests/bin/release/net8.0/msp430.emulator.tests.dll" id="b6f5c89e-fd02-9645-bdfd-3d82a9d128fe">
      <Execution id="11ed670e-d6e5-4112-8152-2e66abb7e150" />
      <TestMethod codeBase="/home/runner/work/ai_msp430_emulator/ai_msp430_emulator/tests/MSP430.Emulator.Tests/bin/Release/net8.0/MSP430.Emulator.Tests.dll" adapterTypeName="executor://xunit/VsTestRunner3/netcore/" className="MSP430.Emulator.Tests.Core.EmulatorCoreTests" name="IsRunning_WhenInRunningState_ReturnsTrue" />
    </UnitTest>
    <UnitTest name="MSP430.Emulator.Tests.Core.ExecutionStateTests.CanResume_ReturnsExpectedResult(state: Running, expected: False)" storage="/home/runner/work/ai_msp430_emulator/ai_msp430_emulator/tests/msp430.emulator.tests/bin/release/net8.0/msp430.emulator.tests.dll" id="30bf2cd5-b9b6-0453-7b76-810d9243a7c4">
      <Execution id="d675cef1-7691-4161-8e17-95d9e9e66cb7" />
      <TestMethod codeBase="/home/runner/work/ai_msp430_emulator/ai_msp430_emulator/tests/MSP430.Emulator.Tests/bin/Release/net8.0/MSP430.Emulator.Tests.dll" adapterTypeName="executor://xunit/VsTestRunner3/netcore/" className="MSP430.Emulator.Tests.Core.ExecutionStateTests" name="CanResume_ReturnsExpectedResult" />
    </UnitTest>
    <UnitTest name="MSP430.Emulator.Tests.Memory.RandomAccessMemoryTests.Constructor_ValidSizes_CreatesMemory(validSize: 1024)" storage="/home/runner/work/ai_msp430_emulator/ai_msp430_emulator/tests/msp430.emulator.tests/bin/release/net8.0/msp430.emulator.tests.dll" id="6665083b-8ecb-036e-57eb-58413773db2b">
      <Execution id="61933f21-4082-4b53-8145-6a1c64ad1ff3" />
      <TestMethod codeBase="/home/runner/work/ai_msp430_emulator/ai_msp430_emulator/tests/MSP430.Emulator.Tests/bin/Release/net8.0/MSP430.Emulator.Tests.dll" adapterTypeName="executor://xunit/VsTestRunner3/netcore/" className="MSP430.Emulator.Tests.Memory.RandomAccessMemoryTests" name="Constructor_ValidSizes_CreatesMemory" />
    </UnitTest>
    <UnitTest name="MSP430.Emulator.Tests.Memory.FlashControllerTests.SetProtectionLevel_WhenOperationInProgress_ReturnsFalse" storage="/home/runner/work/ai_msp430_emulator/ai_msp430_emulator/tests/msp430.emulator.tests/bin/release/net8.0/msp430.emulator.tests.dll" id="82ce4c59-b1a4-0d8e-7fb5-38f0d4f5c5ab">
      <Execution id="3b6c3bfb-7556-40e1-843c-c0bbf903aa70" />
      <TestMethod codeBase="/home/runner/work/ai_msp430_emulator/ai_msp430_emulator/tests/MSP430.Emulator.Tests/bin/Release/net8.0/MSP430.Emulator.Tests.dll" adapterTypeName="executor://xunit/VsTestRunner3/netcore/" className="MSP430.Emulator.Tests.Memory.FlashControllerTests" name="SetProtectionLevel_WhenOperationInProgress_ReturnsFalse" />
    </UnitTest>
    <UnitTest name="MSP430.Emulator.Tests.Cpu.RegisterFileTests.WriteRegister_StackPointer_WordAligns" storage="/home/runner/work/ai_msp430_emulator/ai_msp430_emulator/tests/msp430.emulator.tests/bin/release/net8.0/msp430.emulator.tests.dll" id="59e05570-0b78-6c5b-dbc3-5f48ee79147a">
      <Execution id="b3466659-f693-41fc-9945-ee80eae985d4" />
      <TestMethod codeBase="/home/runner/work/ai_msp430_emulator/ai_msp430_emulator/tests/MSP430.Emulator.Tests/bin/Release/net8.0/MSP430.Emulator.Tests.dll" adapterTypeName="executor://xunit/VsTestRunner3/netcore/" className="MSP430.Emulator.Tests.Cpu.RegisterFileTests" name="WriteRegister_StackPointer_WordAligns" />
    </UnitTest>
    <UnitTest name="MSP430.Emulator.Tests.Instructions.AddressingModeDecoderTests.DecodeSourceAddressingMode_R3_ReturnsCorrectMode(asBits: 2, expected: Immediate)" storage="/home/runner/work/ai_msp430_emulator/ai_msp430_emulator/tests/msp430.emulator.tests/bin/release/net8.0/msp430.emulator.tests.dll" id="8ec9a0b0-9418-221f-99b9-da93455990b7">
      <Execution id="2b36f231-e65a-4f4b-bd73-184b2ab1e037" />
      <TestMethod codeBase="/home/runner/work/ai_msp430_emulator/ai_msp430_emulator/tests/MSP430.Emulator.Tests/bin/Release/net8.0/MSP430.Emulator.Tests.dll" adapterTypeName="executor://xunit/VsTestRunner3/netcore/" className="MSP430.Emulator.Tests.Instructions.AddressingModeDecoderTests" name="DecodeSourceAddressingMode_R3_ReturnsCorrectMode" />
    </UnitTest>
    <UnitTest name="MSP430.Emulator.Tests.Instructions.Arithmetic.DecInstructionTests.Execute_DecrementOne_SetsZeroFlag" storage="/home/runner/work/ai_msp430_emulator/ai_msp430_emulator/tests/msp430.emulator.tests/bin/release/net8.0/msp430.emulator.tests.dll" id="37ddda02-2cc9-b0ff-0e84-c98226f6df9a">
      <Execution id="cb56aebd-6704-4526-8b4a-6d433ddb2f33" />
      <TestMethod codeBase="/home/runner/work/ai_msp430_emulator/ai_msp430_emulator/tests/MSP430.Emulator.Tests/bin/Release/net8.0/MSP430.Emulator.Tests.dll" adapterTypeName="executor://xunit/VsTestRunner3/netcore/" className="MSP430.Emulator.Tests.Instructions.Arithmetic.DecInstructionTests" name="Execute_DecrementOne_SetsZeroFlag" />
    </UnitTest>
    <UnitTest name="MSP430.Emulator.Tests.Instructions.Arithmetic.IncInstructionTests.ExtensionWordCount_VariousAddressingModes_ReturnsCorrectCount(destMode: Absolute, expectedCount: 1)" storage="/home/runner/work/ai_msp430_emulator/ai_msp430_emulator/tests/msp430.emulator.tests/bin/release/net8.0/msp430.emulator.tests.dll" id="24ff86c8-ab12-a223-69fc-51fd07bf8451">
      <Execution id="f5fbbcf4-2086-4da8-a55d-79320d6b4f25" />
      <TestMethod codeBase="/home/runner/work/ai_msp430_emulator/ai_msp430_emulator/tests/MSP430.Emulator.Tests/bin/Release/net8.0/MSP430.Emulator.Tests.dll" adapterTypeName="executor://xunit/VsTestRunner3/netcore/" className="MSP430.Emulator.Tests.Instructions.Arithmetic.IncInstructionTests" name="ExtensionWordCount_VariousAddressingModes_ReturnsCorrectCount" />
    </UnitTest>
    <UnitTest name="MSP430.Emulator.Tests.Logging.FileLoggerTests.Warning_WritesToFile" storage="/home/runner/work/ai_msp430_emulator/ai_msp430_emulator/tests/msp430.emulator.tests/bin/release/net8.0/msp430.emulator.tests.dll" id="5e70b63b-bf5b-5daa-34da-9016fde7cf98">
      <Execution id="62f08806-ec5c-4c69-af67-57b959eff4a7" />
      <TestMethod codeBase="/home/runner/work/ai_msp430_emulator/ai_msp430_emulator/tests/MSP430.Emulator.Tests/bin/Release/net8.0/MSP430.Emulator.Tests.dll" adapterTypeName="executor://xunit/VsTestRunner3/netcore/" className="MSP430.Emulator.Tests.Logging.FileLoggerTests" name="Warning_WritesToFile" />
    </UnitTest>
    <UnitTest name="MSP430.Emulator.Tests.Core.ExecutionStateTests.CanExecute_ReturnsExpectedResult(state: Running, expected: True)" storage="/home/runner/work/ai_msp430_emulator/ai_msp430_emulator/tests/msp430.emulator.tests/bin/release/net8.0/msp430.emulator.tests.dll" id="675726c2-d0dd-e7d5-cf10-a0c76e491cdb">
      <Execution id="55c0c589-ff48-4f44-a5e4-4efdacf0c9cd" />
      <TestMethod codeBase="/home/runner/work/ai_msp430_emulator/ai_msp430_emulator/tests/MSP430.Emulator.Tests/bin/Release/net8.0/MSP430.Emulator.Tests.dll" adapterTypeName="executor://xunit/VsTestRunner3/netcore/" className="MSP430.Emulator.Tests.Core.ExecutionStateTests" name="CanExecute_ReturnsExpectedResult" />
    </UnitTest>
    <UnitTest name="MSP430.Emulator.Tests.Instructions.Arithmetic.SubInstructionTests.ToString_VariousAddressingModes_FormatsCorrectly(register: R2, mode: Absolute, expectedOperand: &quot;&amp;ADDR&quot;)" storage="/home/runner/work/ai_msp430_emulator/ai_msp430_emulator/tests/msp430.emulator.tests/bin/release/net8.0/msp430.emulator.tests.dll" id="550e8ce5-9774-5289-2e7c-43b2604985bd">
      <Execution id="1f9be8cd-6c93-4582-a253-10737f59ea54" />
      <TestMethod codeBase="/home/runner/work/ai_msp430_emulator/ai_msp430_emulator/tests/MSP430.Emulator.Tests/bin/Release/net8.0/MSP430.Emulator.Tests.dll" adapterTypeName="executor://xunit/VsTestRunner3/netcore/" className="MSP430.Emulator.Tests.Instructions.Arithmetic.SubInstructionTests" name="ToString_VariousAddressingModes_FormatsCorrectly" />
    </UnitTest>
    <UnitTest name="MSP430.Emulator.Tests.Cpu.StatusRegisterTests.OscillatorOff_GetSet_WorksCorrectly(value: 0, expected: False)" storage="/home/runner/work/ai_msp430_emulator/ai_msp430_emulator/tests/msp430.emulator.tests/bin/release/net8.0/msp430.emulator.tests.dll" id="85f99053-c0e9-1417-0d16-59364eb3317d">
      <Execution id="a087bdbe-941c-4343-b8dd-66a50470d155" />
      <TestMethod codeBase="/home/runner/work/ai_msp430_emulator/ai_msp430_emulator/tests/MSP430.Emulator.Tests/bin/Release/net8.0/MSP430.Emulator.Tests.dll" adapterTypeName="executor://xunit/VsTestRunner3/netcore/" className="MSP430.Emulator.Tests.Cpu.StatusRegisterTests" name="OscillatorOff_GetSet_WorksCorrectly" />
    </UnitTest>
    <UnitTest name="MSP430.Emulator.Tests.Instructions.Arithmetic.AddInstructionTests.AddressingModes_AllSupportedModes_ReturnCorrectValues(mode: Absolute)" storage="/home/runner/work/ai_msp430_emulator/ai_msp430_emulator/tests/msp430.emulator.tests/bin/release/net8.0/msp430.emulator.tests.dll" id="cffc429e-9850-1bfc-c4c4-de92739d089b">
      <Execution id="ae5590c0-aa0b-4871-bac9-635f493d60bc" />
      <TestMethod codeBase="/home/runner/work/ai_msp430_emulator/ai_msp430_emulator/tests/MSP430.Emulator.Tests/bin/Release/net8.0/MSP430.Emulator.Tests.dll" adapterTypeName="executor://xunit/VsTestRunner3/netcore/" className="MSP430.Emulator.Tests.Instructions.Arithmetic.AddInstructionTests" name="AddressingModes_AllSupportedModes_ReturnCorrectValues" />
    </UnitTest>
    <UnitTest name="MSP430.Emulator.Tests.Instructions.AddressingModeDecoderTests.DecodeSourceAddressingMode_R2_ReturnsCorrectMode(asBits: 1, expected: Absolute)" storage="/home/runner/work/ai_msp430_emulator/ai_msp430_emulator/tests/msp430.emulator.tests/bin/release/net8.0/msp430.emulator.tests.dll" id="515b3b90-5341-42b3-6468-dece5ef35c39">
      <Execution id="960c7cc1-eee6-4c8f-8023-33939f47fab0" />
      <TestMethod codeBase="/home/runner/work/ai_msp430_emulator/ai_msp430_emulator/tests/MSP430.Emulator.Tests/bin/Release/net8.0/MSP430.Emulator.Tests.dll" adapterTypeName="executor://xunit/VsTestRunner3/netcore/" className="MSP430.Emulator.Tests.Instructions.AddressingModeDecoderTests" name="DecodeSourceAddressingMode_R2_ReturnsCorrectMode" />
    </UnitTest>
    <UnitTest name="MSP430.Emulator.Tests.Memory.MemorySystemIntegrationTests.MemorySystem_RegionDescriptions_AreCorrect(address: 4608, expectedDescription: &quot;Bootstrap Loader FRAM&quot;)" storage="/home/runner/work/ai_msp430_emulator/ai_msp430_emulator/tests/msp430.emulator.tests/bin/release/net8.0/msp430.emulator.tests.dll" id="dae1ca1e-63c5-eee9-cd5c-c8b39b2da9c7">
      <Execution id="0491acdb-70dc-4c91-9ba8-a6bf7fb3db05" />
      <TestMethod codeBase="/home/runner/work/ai_msp430_emulator/ai_msp430_emulator/tests/MSP430.Emulator.Tests/bin/Release/net8.0/MSP430.Emulator.Tests.dll" adapterTypeName="executor://xunit/VsTestRunner3/netcore/" className="MSP430.Emulator.Tests.Memory.MemorySystemIntegrationTests" name="MemorySystem_RegionDescriptions_AreCorrect" />
    </UnitTest>
    <UnitTest name="MSP430.Emulator.Tests.Memory.MemoryAccessValidatorTests.IsAccessValid_VariousScenarios_ReturnsExpectedResult(address: 0, accessType: Write, expected: True)" storage="/home/runner/work/ai_msp430_emulator/ai_msp430_emulator/tests/msp430.emulator.tests/bin/release/net8.0/msp430.emulator.tests.dll" id="b2b7a26e-47bf-63f0-33b1-f14a15ff3eb2">
      <Execution id="94836ad1-ca1a-44fd-a13b-f4bbdb4a8d4b" />
      <TestMethod codeBase="/home/runner/work/ai_msp430_emulator/ai_msp430_emulator/tests/MSP430.Emulator.Tests/bin/Release/net8.0/MSP430.Emulator.Tests.dll" adapterTypeName="executor://xunit/VsTestRunner3/netcore/" className="MSP430.Emulator.Tests.Memory.MemoryAccessValidatorTests" name="IsAccessValid_VariousScenarios_ReturnsExpectedResult" />
    </UnitTest>
    <UnitTest name="MSP430.Emulator.Tests.Instructions.Logic.BisInstructionTests.SourceRegister_AllRegisters_ReturnsCorrectRegister(register: R15)" storage="/home/runner/work/ai_msp430_emulator/ai_msp430_emulator/tests/msp430.emulator.tests/bin/release/net8.0/msp430.emulator.tests.dll" id="c0075609-517c-0b59-3e2a-37b6732c97f5">
      <Execution id="c1636c2f-e4e9-46b1-a405-5ce61f85a121" />
      <TestMethod codeBase="/home/runner/work/ai_msp430_emulator/ai_msp430_emulator/tests/MSP430.Emulator.Tests/bin/Release/net8.0/MSP430.Emulator.Tests.dll" adapterTypeName="executor://xunit/VsTestRunner3/netcore/" className="MSP430.Emulator.Tests.Instructions.Logic.BisInstructionTests" name="SourceRegister_AllRegisters_ReturnsCorrectRegister" />
    </UnitTest>
    <UnitTest name="MSP430.Emulator.Tests.Cpu.RegisterFileTests.ReadRegister_ValidRegister_ReturnsZeroAfterReset(register: R6)" storage="/home/runner/work/ai_msp430_emulator/ai_msp430_emulator/tests/msp430.emulator.tests/bin/release/net8.0/msp430.emulator.tests.dll" id="def47830-107b-1ad7-02ec-3cd44fc2ab99">
      <Execution id="c12891e6-d834-4d50-8b9e-7dd33ae7bf8e" />
      <TestMethod codeBase="/home/runner/work/ai_msp430_emulator/ai_msp430_emulator/tests/MSP430.Emulator.Tests/bin/Release/net8.0/MSP430.Emulator.Tests.dll" adapterTypeName="executor://xunit/VsTestRunner3/netcore/" className="MSP430.Emulator.Tests.Cpu.RegisterFileTests" name="ReadRegister_ValidRegister_ReturnsZeroAfterReset" />
    </UnitTest>
    <UnitTest name="MSP430.Emulator.Tests.Memory.InformationMemoryTests.SetSegmentWriteProtection_ChangesProtectionState" storage="/home/runner/work/ai_msp430_emulator/ai_msp430_emulator/tests/msp430.emulator.tests/bin/release/net8.0/msp430.emulator.tests.dll" id="9faa4de2-e475-12dc-3b94-e5a58e38292d">
      <Execution id="65017671-2f60-4bb9-b177-2c4b424383d2" />
      <TestMethod codeBase="/home/runner/work/ai_msp430_emulator/ai_msp430_emulator/tests/MSP430.Emulator.Tests/bin/Release/net8.0/MSP430.Emulator.Tests.dll" adapterTypeName="executor://xunit/VsTestRunner3/netcore/" className="MSP430.Emulator.Tests.Memory.InformationMemoryTests" name="SetSegmentWriteProtection_ChangesProtectionState" />
    </UnitTest>
    <UnitTest name="MSP430.Emulator.Tests.Cpu.RegisterFileTests.IsValidRegister_VariousInputs_ReturnsExpectedResult(register: R15, expected: True)" storage="/home/runner/work/ai_msp430_emulator/ai_msp430_emulator/tests/msp430.emulator.tests/bin/release/net8.0/msp430.emulator.tests.dll" id="0709bacc-2118-5887-5724-c05a7f2a0cd3">
      <Execution id="ae6cde71-dcb2-4c68-8527-1a143bfe196a" />
      <TestMethod codeBase="/home/runner/work/ai_msp430_emulator/ai_msp430_emulator/tests/MSP430.Emulator.Tests/bin/Release/net8.0/MSP430.Emulator.Tests.dll" adapterTypeName="executor://xunit/VsTestRunner3/netcore/" className="MSP430.Emulator.Tests.Cpu.RegisterFileTests" name="IsValidRegister_VariousInputs_ReturnsExpectedResult" />
    </UnitTest>
    <UnitTest name="MSP430.Emulator.Tests.Instructions.Logic.XorInstructionTests.ExtensionWordCount_VariousAddressingModes_ReturnsCorrectCount(sourceMode: Immediate, destMode: Register, expectedCount: 1)" storage="/home/runner/work/ai_msp430_emulator/ai_msp430_emulator/tests/msp430.emulator.tests/bin/release/net8.0/msp430.emulator.tests.dll" id="c57ab259-a8b3-c227-ad1d-15b3e5f63d1d">
      <Execution id="b533b310-9514-40a3-ad8a-f6b1f6a4ec8b" />
      <TestMethod codeBase="/home/runner/work/ai_msp430_emulator/ai_msp430_emulator/tests/MSP430.Emulator.Tests/bin/Release/net8.0/MSP430.Emulator.Tests.dll" adapterTypeName="executor://xunit/VsTestRunner3/netcore/" className="MSP430.Emulator.Tests.Instructions.Logic.XorInstructionTests" name="ExtensionWordCount_VariousAddressingModes_ReturnsCorrectCount" />
    </UnitTest>
    <UnitTest name="MSP430.Emulator.Tests.Memory.MemoryAccessValidatorTests.Constructor_NullMemoryMap_ThrowsArgumentNullException" storage="/home/runner/work/ai_msp430_emulator/ai_msp430_emulator/tests/msp430.emulator.tests/bin/release/net8.0/msp430.emulator.tests.dll" id="699fa069-55e6-4f23-53e3-19f8493fc1b9">
      <Execution id="f9fbf4f9-6c87-4c47-95c9-9b11d25bd011" />
      <TestMethod codeBase="/home/runner/work/ai_msp430_emulator/ai_msp430_emulator/tests/MSP430.Emulator.Tests/bin/Release/net8.0/MSP430.Emulator.Tests.dll" adapterTypeName="executor://xunit/VsTestRunner3/netcore/" className="MSP430.Emulator.Tests.Memory.MemoryAccessValidatorTests" name="Constructor_NullMemoryMap_ThrowsArgumentNullException" />
    </UnitTest>
    <UnitTest name="MSP430.Emulator.Tests.Instructions.InstructionDecoderTests.ExtractOpcode_FormatII_ReturnsCorrectOpcode(format: FormatII, instructionWord: 4736, expected: 18)" storage="/home/runner/work/ai_msp430_emulator/ai_msp430_emulator/tests/msp430.emulator.tests/bin/release/net8.0/msp430.emulator.tests.dll" id="9e444ad8-05de-682a-11a4-d19d964c70ad">
      <Execution id="a6c4a6fa-8df9-4748-affc-e56c279e0ee1" />
      <TestMethod codeBase="/home/runner/work/ai_msp430_emulator/ai_msp430_emulator/tests/MSP430.Emulator.Tests/bin/Release/net8.0/MSP430.Emulator.Tests.dll" adapterTypeName="executor://xunit/VsTestRunner3/netcore/" className="MSP430.Emulator.Tests.Instructions.InstructionDecoderTests" name="ExtractOpcode_FormatII_ReturnsCorrectOpcode" />
    </UnitTest>
    <UnitTest name="MSP430.Emulator.Tests.Instructions.Logic.BisInstructionTests.AddressingModes_AllSupportedModes_ReturnCorrectValues(mode: Indexed)" storage="/home/runner/work/ai_msp430_emulator/ai_msp430_emulator/tests/msp430.emulator.tests/bin/release/net8.0/msp430.emulator.tests.dll" id="7a9b8d32-2065-3d2b-815c-dbf939915a68">
      <Execution id="88cf341f-140b-4923-b5e8-d39ebcd5f419" />
      <TestMethod codeBase="/home/runner/work/ai_msp430_emulator/ai_msp430_emulator/tests/MSP430.Emulator.Tests/bin/Release/net8.0/MSP430.Emulator.Tests.dll" adapterTypeName="executor://xunit/VsTestRunner3/netcore/" className="MSP430.Emulator.Tests.Instructions.Logic.BisInstructionTests" name="AddressingModes_AllSupportedModes_ReturnCorrectValues" />
    </UnitTest>
    <UnitTest name="MSP430.Emulator.Tests.Memory.RandomAccessMemoryTests.Initialize_WithPattern_SetsAllBytesToPattern(pattern: 170)" storage="/home/runner/work/ai_msp430_emulator/ai_msp430_emulator/tests/msp430.emulator.tests/bin/release/net8.0/msp430.emulator.tests.dll" id="f5413268-f5f6-5a57-b382-f32490d4a535">
      <Execution id="fe9b5694-ee54-4bea-90d1-8f8f843df268" />
      <TestMethod codeBase="/home/runner/work/ai_msp430_emulator/ai_msp430_emulator/tests/MSP430.Emulator.Tests/bin/Release/net8.0/MSP430.Emulator.Tests.dll" adapterTypeName="executor://xunit/VsTestRunner3/netcore/" className="MSP430.Emulator.Tests.Memory.RandomAccessMemoryTests" name="Initialize_WithPattern_SetsAllBytesToPattern" />
    </UnitTest>
    <UnitTest name="MSP430.Emulator.Tests.Memory.RandomAccessMemoryTests.Initialize_WithPattern_SetsAllBytesToPattern(pattern: 0)" storage="/home/runner/work/ai_msp430_emulator/ai_msp430_emulator/tests/msp430.emulator.tests/bin/release/net8.0/msp430.emulator.tests.dll" id="c540d988-04bd-8f70-1ac3-1051d6077610">
      <Execution id="d05181bf-cd60-415d-8fb7-88caf3fe0498" />
      <TestMethod codeBase="/home/runner/work/ai_msp430_emulator/ai_msp430_emulator/tests/MSP430.Emulator.Tests/bin/Release/net8.0/MSP430.Emulator.Tests.dll" adapterTypeName="executor://xunit/VsTestRunner3/netcore/" className="MSP430.Emulator.Tests.Memory.RandomAccessMemoryTests" name="Initialize_WithPattern_SetsAllBytesToPattern" />
    </UnitTest>
    <UnitTest name="MSP430.Emulator.Tests.Memory.InformationMemoryTests.WriteByte_InvalidAddress_ThrowsArgumentOutOfRangeException(invalidAddress: 6656)" storage="/home/runner/work/ai_msp430_emulator/ai_msp430_emulator/tests/msp430.emulator.tests/bin/release/net8.0/msp430.emulator.tests.dll" id="f4430526-c08b-0b2d-b1e9-a617ea14f41a">
      <Execution id="f49d6a7a-aeb3-4e21-b49e-21734f828bb7" />
      <TestMethod codeBase="/home/runner/work/ai_msp430_emulator/ai_msp430_emulator/tests/MSP430.Emulator.Tests/bin/Release/net8.0/MSP430.Emulator.Tests.dll" adapterTypeName="executor://xunit/VsTestRunner3/netcore/" className="MSP430.Emulator.Tests.Memory.InformationMemoryTests" name="WriteByte_InvalidAddress_ThrowsArgumentOutOfRangeException" />
    </UnitTest>
    <UnitTest name="MSP430.Emulator.Tests.Cpu.StatusRegisterTests.CpuOff_GetSet_WorksCorrectly(value: 0, expected: False)" storage="/home/runner/work/ai_msp430_emulator/ai_msp430_emulator/tests/msp430.emulator.tests/bin/release/net8.0/msp430.emulator.tests.dll" id="04a6cb0d-68a2-15c9-1c79-f0789a3bc92b">
      <Execution id="76366d87-df7f-4536-a127-1964790d93d1" />
      <TestMethod codeBase="/home/runner/work/ai_msp430_emulator/ai_msp430_emulator/tests/MSP430.Emulator.Tests/bin/Release/net8.0/MSP430.Emulator.Tests.dll" adapterTypeName="executor://xunit/VsTestRunner3/netcore/" className="MSP430.Emulator.Tests.Cpu.StatusRegisterTests" name="CpuOff_GetSet_WorksCorrectly" />
    </UnitTest>
    <UnitTest name="MSP430.Emulator.Tests.Instructions.Logic.BisInstructionTests.DestinationRegister_AllRegisters_ReturnsCorrectRegister(register: CG1)" storage="/home/runner/work/ai_msp430_emulator/ai_msp430_emulator/tests/msp430.emulator.tests/bin/release/net8.0/msp430.emulator.tests.dll" id="0dcd4ea4-4190-8b12-fcbf-6c6b82066b4b">
      <Execution id="99f5e45b-c77d-43f2-866a-ecf4fa4eaccd" />
      <TestMethod codeBase="/home/runner/work/ai_msp430_emulator/ai_msp430_emulator/tests/MSP430.Emulator.Tests/bin/Release/net8.0/MSP430.Emulator.Tests.dll" adapterTypeName="executor://xunit/VsTestRunner3/netcore/" className="MSP430.Emulator.Tests.Instructions.Logic.BisInstructionTests" name="DestinationRegister_AllRegisters_ReturnsCorrectRegister" />
    </UnitTest>
    <UnitTest name="MSP430.Emulator.Tests.Instructions.AddressingModeDecoderTests.DecodeSourceAddressingMode_R0_ReturnsCorrectMode(asBits: 1, expected: Symbolic)" storage="/home/runner/work/ai_msp430_emulator/ai_msp430_emulator/tests/msp430.emulator.tests/bin/release/net8.0/msp430.emulator.tests.dll" id="6e715196-0e1f-eb7a-c480-77e6456d262a">
      <Execution id="686ada56-0a55-4cb7-a097-c80d5eaf47d7" />
      <TestMethod codeBase="/home/runner/work/ai_msp430_emulator/ai_msp430_emulator/tests/MSP430.Emulator.Tests/bin/Release/net8.0/MSP430.Emulator.Tests.dll" adapterTypeName="executor://xunit/VsTestRunner3/netcore/" className="MSP430.Emulator.Tests.Instructions.AddressingModeDecoderTests" name="DecodeSourceAddressingMode_R0_ReturnsCorrectMode" />
    </UnitTest>
    <UnitTest name="MSP430.Emulator.Tests.Memory.MemoryControllerTests.Constructor_ValidParameters_InitializesCorrectly" storage="/home/runner/work/ai_msp430_emulator/ai_msp430_emulator/tests/msp430.emulator.tests/bin/release/net8.0/msp430.emulator.tests.dll" id="0f5f76d9-a522-c23a-6d59-d5caefba2e61">
      <Execution id="cec0e519-30c8-4071-b3b3-7f8acb2ec6ed" />
      <TestMethod codeBase="/home/runner/work/ai_msp430_emulator/ai_msp430_emulator/tests/MSP430.Emulator.Tests/bin/Release/net8.0/MSP430.Emulator.Tests.dll" adapterTypeName="executor://xunit/VsTestRunner3/netcore/" className="MSP430.Emulator.Tests.Memory.MemoryControllerTests" name="Constructor_ValidParameters_InitializesCorrectly" />
    </UnitTest>
    <UnitTest name="MSP430.Emulator.Tests.Core.ExecutionStateTests.IsValidTransition_ReturnsExpectedResult(from: SingleStep, to: Reset, expected: True)" storage="/home/runner/work/ai_msp430_emulator/ai_msp430_emulator/tests/msp430.emulator.tests/bin/release/net8.0/msp430.emulator.tests.dll" id="256fe907-d882-a175-f037-46547c5ef95b">
      <Execution id="321a1934-6354-4f57-86a3-942c610a2e16" />
      <TestMethod codeBase="/home/runner/work/ai_msp430_emulator/ai_msp430_emulator/tests/MSP430.Emulator.Tests/bin/Release/net8.0/MSP430.Emulator.Tests.dll" adapterTypeName="executor://xunit/VsTestRunner3/netcore/" className="MSP430.Emulator.Tests.Core.ExecutionStateTests" name="IsValidTransition_ReturnsExpectedResult" />
    </UnitTest>
    <UnitTest name="MSP430.Emulator.Tests.Memory.MemoryControllerTests.Constructor_NullRam_ThrowsArgumentNullException" storage="/home/runner/work/ai_msp430_emulator/ai_msp430_emulator/tests/msp430.emulator.tests/bin/release/net8.0/msp430.emulator.tests.dll" id="b5ae03df-7724-0d73-cbfe-77a64f2176cc">
      <Execution id="83e8ccbd-1e78-4c73-90c4-461c9a751acb" />
      <TestMethod codeBase="/home/runner/work/ai_msp430_emulator/ai_msp430_emulator/tests/MSP430.Emulator.Tests/bin/Release/net8.0/MSP430.Emulator.Tests.dll" adapterTypeName="executor://xunit/VsTestRunner3/netcore/" className="MSP430.Emulator.Tests.Memory.MemoryControllerTests" name="Constructor_NullRam_ThrowsArgumentNullException" />
    </UnitTest>
    <UnitTest name="MSP430.Emulator.Tests.Memory.MemorySystemIntegrationTests.MemorySystem_AddressBoundaries_AreEnforcedCorrectly" storage="/home/runner/work/ai_msp430_emulator/ai_msp430_emulator/tests/msp430.emulator.tests/bin/release/net8.0/msp430.emulator.tests.dll" id="35dda1de-86da-4a13-6591-2546d2f5ffc1">
      <Execution id="1847df77-7b18-4eee-9f34-0b21e260098d" />
      <TestMethod codeBase="/home/runner/work/ai_msp430_emulator/ai_msp430_emulator/tests/MSP430.Emulator.Tests/bin/Release/net8.0/MSP430.Emulator.Tests.dll" adapterTypeName="executor://xunit/VsTestRunner3/netcore/" className="MSP430.Emulator.Tests.Memory.MemorySystemIntegrationTests" name="MemorySystem_AddressBoundaries_AreEnforcedCorrectly" />
    </UnitTest>
    <UnitTest name="MSP430.Emulator.Tests.Instructions.Logic.AndInstructionTests.ExtensionWordCount_VariousAddressingModes_ReturnsCorrectCount(sourceMode: Immediate, destMode: Absolute, expectedCount: 2)" storage="/home/runner/work/ai_msp430_emulator/ai_msp430_emulator/tests/msp430.emulator.tests/bin/release/net8.0/msp430.emulator.tests.dll" id="d881250f-e7da-2d96-783f-a495c3a40f4f">
      <Execution id="45671a8c-2cc2-4058-a488-60d769f5ecd4" />
      <TestMethod codeBase="/home/runner/work/ai_msp430_emulator/ai_msp430_emulator/tests/MSP430.Emulator.Tests/bin/Release/net8.0/MSP430.Emulator.Tests.dll" adapterTypeName="executor://xunit/VsTestRunner3/netcore/" className="MSP430.Emulator.Tests.Instructions.Logic.AndInstructionTests" name="ExtensionWordCount_VariousAddressingModes_ReturnsCorrectCount" />
    </UnitTest>
    <UnitTest name="MSP430.Emulator.Tests.Instructions.Logic.BitInstructionTests.AddressingModes_AllSupportedModes_ReturnCorrectValues(mode: Register)" storage="/home/runner/work/ai_msp430_emulator/ai_msp430_emulator/tests/msp430.emulator.tests/bin/release/net8.0/msp430.emulator.tests.dll" id="53b984ec-bb6f-c6f1-4116-e5f9f793377a">
      <Execution id="4426ac00-0267-4bc3-a75b-524bacf8bcca" />
      <TestMethod codeBase="/home/runner/work/ai_msp430_emulator/ai_msp430_emulator/tests/MSP430.Emulator.Tests/bin/Release/net8.0/MSP430.Emulator.Tests.dll" adapterTypeName="executor://xunit/VsTestRunner3/netcore/" className="MSP430.Emulator.Tests.Instructions.Logic.BitInstructionTests" name="AddressingModes_AllSupportedModes_ReturnCorrectValues" />
    </UnitTest>
    <UnitTest name="MSP430.Emulator.Tests.Instructions.Arithmetic.DecInstructionTests.Properties_DifferentRegisters_ReturnCorrectDestination(expected: R7, other: CG1)" storage="/home/runner/work/ai_msp430_emulator/ai_msp430_emulator/tests/msp430.emulator.tests/bin/release/net8.0/msp430.emulator.tests.dll" id="a3f8f95a-c69f-3cf6-2c85-0788db1607ea">
      <Execution id="4426282a-5c51-45db-a270-6a2b1b05f216" />
      <TestMethod codeBase="/home/runner/work/ai_msp430_emulator/ai_msp430_emulator/tests/MSP430.Emulator.Tests/bin/Release/net8.0/MSP430.Emulator.Tests.dll" adapterTypeName="executor://xunit/VsTestRunner3/netcore/" className="MSP430.Emulator.Tests.Instructions.Arithmetic.DecInstructionTests" name="Properties_DifferentRegisters_ReturnCorrectDestination" />
    </UnitTest>
    <UnitTest name="MSP430.Emulator.Tests.Cpu.StatusRegisterTests.Carry_GetSet_WorksCorrectly(value: 1, expectedCarry: True)" storage="/home/runner/work/ai_msp430_emulator/ai_msp430_emulator/tests/msp430.emulator.tests/bin/release/net8.0/msp430.emulator.tests.dll" id="c70aed7e-b9fb-5780-79b8-d966a31224cc">
      <Execution id="e76a9568-cf0e-40bb-9c3a-b20cf0ec5136" />
      <TestMethod codeBase="/home/runner/work/ai_msp430_emulator/ai_msp430_emulator/tests/MSP430.Emulator.Tests/bin/Release/net8.0/MSP430.Emulator.Tests.dll" adapterTypeName="executor://xunit/VsTestRunner3/netcore/" className="MSP430.Emulator.Tests.Cpu.StatusRegisterTests" name="Carry_GetSet_WorksCorrectly" />
    </UnitTest>
    <UnitTest name="MSP430.Emulator.Tests.Memory.MemoryControllerTests.WriteByte_ValidAddress_WritesSuccessfully(address: 8192, value: 66)" storage="/home/runner/work/ai_msp430_emulator/ai_msp430_emulator/tests/msp430.emulator.tests/bin/release/net8.0/msp430.emulator.tests.dll" id="94b8efd9-3afd-6b45-1746-73dcd5cb5d67">
      <Execution id="16e8ac09-b497-40e2-a89f-9d74e13ec5d5" />
      <TestMethod codeBase="/home/runner/work/ai_msp430_emulator/ai_msp430_emulator/tests/MSP430.Emulator.Tests/bin/Release/net8.0/MSP430.Emulator.Tests.dll" adapterTypeName="executor://xunit/VsTestRunner3/netcore/" className="MSP430.Emulator.Tests.Memory.MemoryControllerTests" name="WriteByte_ValidAddress_WritesSuccessfully" />
    </UnitTest>
    <UnitTest name="MSP430.Emulator.Tests.Logging.FileLoggerTests.IsEnabled_ReturnsTrueForLevelAboveMinimum" storage="/home/runner/work/ai_msp430_emulator/ai_msp430_emulator/tests/msp430.emulator.tests/bin/release/net8.0/msp430.emulator.tests.dll" id="b5ac0714-61ec-a387-ffce-6fbfb720e3a0">
      <Execution id="4bc800f4-f151-4066-aa74-665d4e6c2696" />
      <TestMethod codeBase="/home/runner/work/ai_msp430_emulator/ai_msp430_emulator/tests/MSP430.Emulator.Tests/bin/Release/net8.0/MSP430.Emulator.Tests.dll" adapterTypeName="executor://xunit/VsTestRunner3/netcore/" className="MSP430.Emulator.Tests.Logging.FileLoggerTests" name="IsEnabled_ReturnsTrueForLevelAboveMinimum" />
    </UnitTest>
    <UnitTest name="MSP430.Emulator.Tests.Instructions.Logic.XorInstructionTests.Constructor_ByteOperation_SetsByteFlag" storage="/home/runner/work/ai_msp430_emulator/ai_msp430_emulator/tests/msp430.emulator.tests/bin/release/net8.0/msp430.emulator.tests.dll" id="ab20a2d0-f28c-5da4-0889-f5f9c71b5c43">
      <Execution id="bd324c59-fa92-4d6b-a2dd-849e6a2a49bb" />
      <TestMethod codeBase="/home/runner/work/ai_msp430_emulator/ai_msp430_emulator/tests/MSP430.Emulator.Tests/bin/Release/net8.0/MSP430.Emulator.Tests.dll" adapterTypeName="executor://xunit/VsTestRunner3/netcore/" className="MSP430.Emulator.Tests.Instructions.Logic.XorInstructionTests" name="Constructor_ByteOperation_SetsByteFlag" />
    </UnitTest>
    <UnitTest name="MSP430.Emulator.Tests.Cpu.StatusRegisterTests.Negative_GetSet_WorksCorrectly(value: 0, expectedNegative: False)" storage="/home/runner/work/ai_msp430_emulator/ai_msp430_emulator/tests/msp430.emulator.tests/bin/release/net8.0/msp430.emulator.tests.dll" id="4f8527bc-1c33-30d1-74f2-d1b39589a5ea">
      <Execution id="458f57ff-7ef2-41a8-abfb-c9e968d5eb80" />
      <TestMethod codeBase="/home/runner/work/ai_msp430_emulator/ai_msp430_emulator/tests/MSP430.Emulator.Tests/bin/Release/net8.0/MSP430.Emulator.Tests.dll" adapterTypeName="executor://xunit/VsTestRunner3/netcore/" className="MSP430.Emulator.Tests.Cpu.StatusRegisterTests" name="Negative_GetSet_WorksCorrectly" />
    </UnitTest>
    <UnitTest name="MSP430.Emulator.Tests.Instructions.Arithmetic.IncInstructionTests.Execute_BytePositiveOverflow_SetsOverflowFlag" storage="/home/runner/work/ai_msp430_emulator/ai_msp430_emulator/tests/msp430.emulator.tests/bin/release/net8.0/msp430.emulator.tests.dll" id="c28854d4-7b51-be0a-1096-a12a91c9e038">
      <Execution id="e9c3de17-2add-4b78-86de-49830a613efb" />
      <TestMethod codeBase="/home/runner/work/ai_msp430_emulator/ai_msp430_emulator/tests/MSP430.Emulator.Tests/bin/Release/net8.0/MSP430.Emulator.Tests.dll" adapterTypeName="executor://xunit/VsTestRunner3/netcore/" className="MSP430.Emulator.Tests.Instructions.Arithmetic.IncInstructionTests" name="Execute_BytePositiveOverflow_SetsOverflowFlag" />
    </UnitTest>
    <UnitTest name="MSP430.Emulator.Tests.Memory.RandomAccessMemoryTests.IsAddressInBounds_VariousAddresses_ReturnsExpectedResult(address: 8191, expected: False)" storage="/home/runner/work/ai_msp430_emulator/ai_msp430_emulator/tests/msp430.emulator.tests/bin/release/net8.0/msp430.emulator.tests.dll" id="983d4ba9-419b-4abb-0b9c-61022c7c1bd7">
      <Execution id="0e55344f-a85f-4de0-adf8-fa349734de8d" />
      <TestMethod codeBase="/home/runner/work/ai_msp430_emulator/ai_msp430_emulator/tests/MSP430.Emulator.Tests/bin/Release/net8.0/MSP430.Emulator.Tests.dll" adapterTypeName="executor://xunit/VsTestRunner3/netcore/" className="MSP430.Emulator.Tests.Memory.RandomAccessMemoryTests" name="IsAddressInBounds_VariousAddresses_ReturnsExpectedResult" />
    </UnitTest>
    <UnitTest name="MSP430.Emulator.Tests.Memory.MemoryMapTests.GetRegion_InvalidAddress_ThrowsArgumentException" storage="/home/runner/work/ai_msp430_emulator/ai_msp430_emulator/tests/msp430.emulator.tests/bin/release/net8.0/msp430.emulator.tests.dll" id="ba806218-4e57-1774-82fa-2a3ba3ace0e3">
      <Execution id="9cf873b2-80d0-44a9-b333-07eb1f2331a5" />
      <TestMethod codeBase="/home/runner/work/ai_msp430_emulator/ai_msp430_emulator/tests/MSP430.Emulator.Tests/bin/Release/net8.0/MSP430.Emulator.Tests.dll" adapterTypeName="executor://xunit/VsTestRunner3/netcore/" className="MSP430.Emulator.Tests.Memory.MemoryMapTests" name="GetRegion_InvalidAddress_ThrowsArgumentException" />
    </UnitTest>
    <UnitTest name="MSP430.Emulator.Tests.Memory.MemoryAccessValidatorTests.IsAccessValid_InvalidAccess_ReturnsFalse" storage="/home/runner/work/ai_msp430_emulator/ai_msp430_emulator/tests/msp430.emulator.tests/bin/release/net8.0/msp430.emulator.tests.dll" id="2425c75d-0131-a731-cc01-19589d4e4cc2">
      <Execution id="c3c49453-9461-4ba2-82fd-2772f9ebb400" />
      <TestMethod codeBase="/home/runner/work/ai_msp430_emulator/ai_msp430_emulator/tests/MSP430.Emulator.Tests/bin/Release/net8.0/MSP430.Emulator.Tests.dll" adapterTypeName="executor://xunit/VsTestRunner3/netcore/" className="MSP430.Emulator.Tests.Memory.MemoryAccessValidatorTests" name="IsAccessValid_InvalidAccess_ReturnsFalse" />
    </UnitTest>
    <UnitTest name="MSP430.Emulator.Tests.Cpu.RegisterFileTests.IsValidRegister_VariousInputs_ReturnsExpectedResult(register: 255, expected: False)" storage="/home/runner/work/ai_msp430_emulator/ai_msp430_emulator/tests/msp430.emulator.tests/bin/release/net8.0/msp430.emulator.tests.dll" id="c1f777f6-eceb-f0f7-914e-4f1b4aca736f">
      <Execution id="e09855f7-a0f4-4e1d-a160-c23eebf04d1f" />
      <TestMethod codeBase="/home/runner/work/ai_msp430_emulator/ai_msp430_emulator/tests/MSP430.Emulator.Tests/bin/Release/net8.0/MSP430.Emulator.Tests.dll" adapterTypeName="executor://xunit/VsTestRunner3/netcore/" className="MSP430.Emulator.Tests.Cpu.RegisterFileTests" name="IsValidRegister_VariousInputs_ReturnsExpectedResult" />
    </UnitTest>
    <UnitTest name="MSP430.Emulator.Tests.Instructions.InstructionDecoderTests.ExtractOpcode_FormatII_ReturnsCorrectOpcode(format: FormatII, instructionWord: 4224, expected: 16)" storage="/home/runner/work/ai_msp430_emulator/ai_msp430_emulator/tests/msp430.emulator.tests/bin/release/net8.0/msp430.emulator.tests.dll" id="6846ef6f-5ece-345e-de93-c0174ebff67b">
      <Execution id="431cdbfd-3460-4cd6-baa7-646a70c4677a" />
      <TestMethod codeBase="/home/runner/work/ai_msp430_emulator/ai_msp430_emulator/tests/MSP430.Emulator.Tests/bin/Release/net8.0/MSP430.Emulator.Tests.dll" adapterTypeName="executor://xunit/VsTestRunner3/netcore/" className="MSP430.Emulator.Tests.Instructions.InstructionDecoderTests" name="ExtractOpcode_FormatII_ReturnsCorrectOpcode" />
    </UnitTest>
    <UnitTest name="MSP430.Emulator.Tests.Memory.MemoryMapTests.IsAccessAllowed_ValidPermissions_ReturnsTrue" storage="/home/runner/work/ai_msp430_emulator/ai_msp430_emulator/tests/msp430.emulator.tests/bin/release/net8.0/msp430.emulator.tests.dll" id="e09c8b96-46d9-aabf-1dc3-48270025e058">
      <Execution id="4729a19d-7b7b-4b75-bcd5-de1ae030a75d" />
      <TestMethod codeBase="/home/runner/work/ai_msp430_emulator/ai_msp430_emulator/tests/MSP430.Emulator.Tests/bin/Release/net8.0/MSP430.Emulator.Tests.dll" adapterTypeName="executor://xunit/VsTestRunner3/netcore/" className="MSP430.Emulator.Tests.Memory.MemoryMapTests" name="IsAccessAllowed_ValidPermissions_ReturnsTrue" />
    </UnitTest>
    <UnitTest name="MSP430.Emulator.Tests.Instructions.Logic.BisInstructionTests.DestinationRegister_AllRegisters_ReturnsCorrectRegister(register: R2)" storage="/home/runner/work/ai_msp430_emulator/ai_msp430_emulator/tests/msp430.emulator.tests/bin/release/net8.0/msp430.emulator.tests.dll" id="d2c75bd9-d29a-3784-6614-273474618c80">
      <Execution id="88697c19-50ee-482b-9825-7f36a6321a6a" />
      <TestMethod codeBase="/home/runner/work/ai_msp430_emulator/ai_msp430_emulator/tests/MSP430.Emulator.Tests/bin/Release/net8.0/MSP430.Emulator.Tests.dll" adapterTypeName="executor://xunit/VsTestRunner3/netcore/" className="MSP430.Emulator.Tests.Instructions.Logic.BisInstructionTests" name="DestinationRegister_AllRegisters_ReturnsCorrectRegister" />
    </UnitTest>
    <UnitTest name="MSP430.Emulator.Tests.Cpu.RegisterFileTests.GetAllRegisters_ReturnsArrayCopy" storage="/home/runner/work/ai_msp430_emulator/ai_msp430_emulator/tests/msp430.emulator.tests/bin/release/net8.0/msp430.emulator.tests.dll" id="8696ab8b-e0f1-1e13-a0e8-88a52cc5763d">
      <Execution id="02f156e4-c5b0-4422-b97c-485b154db587" />
      <TestMethod codeBase="/home/runner/work/ai_msp430_emulator/ai_msp430_emulator/tests/MSP430.Emulator.Tests/bin/Release/net8.0/MSP430.Emulator.Tests.dll" adapterTypeName="executor://xunit/VsTestRunner3/netcore/" className="MSP430.Emulator.Tests.Cpu.RegisterFileTests" name="GetAllRegisters_ReturnsArrayCopy" />
    </UnitTest>
    <UnitTest name="MSP430.Emulator.Tests.Instructions.Arithmetic.IncInstructionTests.Constructor_ValidParameters_CreatesInstruction" storage="/home/runner/work/ai_msp430_emulator/ai_msp430_emulator/tests/msp430.emulator.tests/bin/release/net8.0/msp430.emulator.tests.dll" id="fa2b13f3-d0d1-946e-b761-55f57c5d4b88">
      <Execution id="04f82669-e64f-48d2-a72f-0dc192f354ad" />
      <TestMethod codeBase="/home/runner/work/ai_msp430_emulator/ai_msp430_emulator/tests/MSP430.Emulator.Tests/bin/Release/net8.0/MSP430.Emulator.Tests.dll" adapterTypeName="executor://xunit/VsTestRunner3/netcore/" className="MSP430.Emulator.Tests.Instructions.Arithmetic.IncInstructionTests" name="Constructor_ValidParameters_CreatesInstruction" />
    </UnitTest>
    <UnitTest name="MSP430.Emulator.Tests.Memory.InformationMemoryTests.WriteByte_InvalidAddress_ThrowsArgumentOutOfRangeException(invalidAddress: 6143)" storage="/home/runner/work/ai_msp430_emulator/ai_msp430_emulator/tests/msp430.emulator.tests/bin/release/net8.0/msp430.emulator.tests.dll" id="f5af6846-56e2-32cf-311c-e60ec3c96253">
      <Execution id="06e7e924-ec01-4182-a965-e60559ebe634" />
      <TestMethod codeBase="/home/runner/work/ai_msp430_emulator/ai_msp430_emulator/tests/MSP430.Emulator.Tests/bin/Release/net8.0/MSP430.Emulator.Tests.dll" adapterTypeName="executor://xunit/VsTestRunner3/netcore/" className="MSP430.Emulator.Tests.Memory.InformationMemoryTests" name="WriteByte_InvalidAddress_ThrowsArgumentOutOfRangeException" />
    </UnitTest>
    <UnitTest name="MSP430.Emulator.Tests.Instructions.InstructionDecoderTests.IsValidInstruction_VariousInstructions_ReturnsExpectedResult(instructionWord: 5120)" storage="/home/runner/work/ai_msp430_emulator/ai_msp430_emulator/tests/msp430.emulator.tests/bin/release/net8.0/msp430.emulator.tests.dll" id="a3239939-117a-8e93-3ae1-408a6c0f4115">
      <Execution id="0ce96ab6-2eb0-4599-83ba-8d9270d5fcc1" />
      <TestMethod codeBase="/home/runner/work/ai_msp430_emulator/ai_msp430_emulator/tests/MSP430.Emulator.Tests/bin/Release/net8.0/MSP430.Emulator.Tests.dll" adapterTypeName="executor://xunit/VsTestRunner3/netcore/" className="MSP430.Emulator.Tests.Instructions.InstructionDecoderTests" name="IsValidInstruction_VariousInstructions_ReturnsExpectedResult" />
    </UnitTest>
    <UnitTest name="MSP430.Emulator.Tests.Memory.MemoryMapTests.Constructor_NullCustomRegions_ThrowsArgumentNullException" storage="/home/runner/work/ai_msp430_emulator/ai_msp430_emulator/tests/msp430.emulator.tests/bin/release/net8.0/msp430.emulator.tests.dll" id="38b90395-ff2b-bd8a-24f2-06f234f68e40">
      <Execution id="8ba60da3-3160-47b5-a821-c07a6e6593e9" />
      <TestMethod codeBase="/home/runner/work/ai_msp430_emulator/ai_msp430_emulator/tests/MSP430.Emulator.Tests/bin/Release/net8.0/MSP430.Emulator.Tests.dll" adapterTypeName="executor://xunit/VsTestRunner3/netcore/" className="MSP430.Emulator.Tests.Memory.MemoryMapTests" name="Constructor_NullCustomRegions_ThrowsArgumentNullException" />
    </UnitTest>
    <UnitTest name="MSP430.Emulator.Tests.Memory.RandomAccessMemoryTests.WriteWord_LastValidEvenAddressOutOfBounds_ThrowsArgumentOutOfRangeException" storage="/home/runner/work/ai_msp430_emulator/ai_msp430_emulator/tests/msp430.emulator.tests/bin/release/net8.0/msp430.emulator.tests.dll" id="3a8b0b8d-5d4e-24cf-2fad-c53611271c65">
      <Execution id="9d9674d2-8402-4efd-9e3c-4e8fb5986660" />
      <TestMethod codeBase="/home/runner/work/ai_msp430_emulator/ai_msp430_emulator/tests/MSP430.Emulator.Tests/bin/Release/net8.0/MSP430.Emulator.Tests.dll" adapterTypeName="executor://xunit/VsTestRunner3/netcore/" className="MSP430.Emulator.Tests.Memory.RandomAccessMemoryTests" name="WriteWord_LastValidEvenAddressOutOfBounds_ThrowsArgumentOutOfRangeException" />
    </UnitTest>
    <UnitTest name="MSP430.Emulator.Tests.Memory.InformationMemoryTests.StoreCalibrationData_SegmentAUnprotected_Succeeds" storage="/home/runner/work/ai_msp430_emulator/ai_msp430_emulator/tests/msp430.emulator.tests/bin/release/net8.0/msp430.emulator.tests.dll" id="fd8c5924-db7d-bb04-e7a0-6f4a9a9358c7">
      <Execution id="bd07d0a2-2b63-44a3-af33-52d8ca82b1d8" />
      <TestMethod codeBase="/home/runner/work/ai_msp430_emulator/ai_msp430_emulator/tests/MSP430.Emulator.Tests/bin/Release/net8.0/MSP430.Emulator.Tests.dll" adapterTypeName="executor://xunit/VsTestRunner3/netcore/" className="MSP430.Emulator.Tests.Memory.InformationMemoryTests" name="StoreCalibrationData_SegmentAUnprotected_Succeeds" />
    </UnitTest>
    <UnitTest name="MSP430.Emulator.Tests.Instructions.Logic.AndInstructionTests.ToString_VariousAddressingModes_FormatsCorrectly(mode: Symbolic, expectedOperand: &quot;ADDR&quot;)" storage="/home/runner/work/ai_msp430_emulator/ai_msp430_emulator/tests/msp430.emulator.tests/bin/release/net8.0/msp430.emulator.tests.dll" id="97b6d59d-2b18-8f66-499e-3eef489a237f">
      <Execution id="2ac3c95d-8407-4cca-95fc-49d65944b474" />
      <TestMethod codeBase="/home/runner/work/ai_msp430_emulator/ai_msp430_emulator/tests/MSP430.Emulator.Tests/bin/Release/net8.0/MSP430.Emulator.Tests.dll" adapterTypeName="executor://xunit/VsTestRunner3/netcore/" className="MSP430.Emulator.Tests.Instructions.Logic.AndInstructionTests" name="ToString_VariousAddressingModes_FormatsCorrectly" />
    </UnitTest>
    <UnitTest name="MSP430.Emulator.Tests.Memory.MemoryControllerTests.ReadWord_ValidAddress_ReturnsValue(address: 49150)" storage="/home/runner/work/ai_msp430_emulator/ai_msp430_emulator/tests/msp430.emulator.tests/bin/release/net8.0/msp430.emulator.tests.dll" id="f5615b4f-f009-4d00-0794-35ffeb2c9114">
      <Execution id="b661d397-66f3-4cb8-8ee2-3e21597fb211" />
      <TestMethod codeBase="/home/runner/work/ai_msp430_emulator/ai_msp430_emulator/tests/MSP430.Emulator.Tests/bin/Release/net8.0/MSP430.Emulator.Tests.dll" adapterTypeName="executor://xunit/VsTestRunner3/netcore/" className="MSP430.Emulator.Tests.Memory.MemoryControllerTests" name="ReadWord_ValidAddress_ReturnsValue" />
    </UnitTest>
    <UnitTest name="MSP430.Emulator.Tests.Instructions.AddressingModeDecoderTests.RequiresExtensionWord_VariousModes_ReturnsCorrectResult(mode: Register, expected: False)" storage="/home/runner/work/ai_msp430_emulator/ai_msp430_emulator/tests/msp430.emulator.tests/bin/release/net8.0/msp430.emulator.tests.dll" id="fc043c66-e74c-f738-c779-80faf525a82e">
      <Execution id="1d166b7f-6f0a-437c-982a-44cf5c97a43c" />
      <TestMethod codeBase="/home/runner/work/ai_msp430_emulator/ai_msp430_emulator/tests/MSP430.Emulator.Tests/bin/Release/net8.0/MSP430.Emulator.Tests.dll" adapterTypeName="executor://xunit/VsTestRunner3/netcore/" className="MSP430.Emulator.Tests.Instructions.AddressingModeDecoderTests" name="RequiresExtensionWord_VariousModes_ReturnsCorrectResult" />
    </UnitTest>
    <UnitTest name="MSP430.Emulator.Tests.Memory.MemoryControllerTests.ReadByte_ValidAddress_ReturnsValue(address: 6655)" storage="/home/runner/work/ai_msp430_emulator/ai_msp430_emulator/tests/msp430.emulator.tests/bin/release/net8.0/msp430.emulator.tests.dll" id="61c7153a-bc88-cc5c-1c73-49166b663be3">
      <Execution id="4a332941-0a8b-4e1a-98ef-a2bb584fe0cb" />
      <TestMethod codeBase="/home/runner/work/ai_msp430_emulator/ai_msp430_emulator/tests/MSP430.Emulator.Tests/bin/Release/net8.0/MSP430.Emulator.Tests.dll" adapterTypeName="executor://xunit/VsTestRunner3/netcore/" className="MSP430.Emulator.Tests.Memory.MemoryControllerTests" name="ReadByte_ValidAddress_ReturnsValue" />
    </UnitTest>
    <UnitTest name="MSP430.Emulator.Tests.Cpu.StatusRegisterTests.UpdateFlags_VariousScenarios_UpdatesCorrectly(result: 32768, updateCarry: False, updateOverflow: False)" storage="/home/runner/work/ai_msp430_emulator/ai_msp430_emulator/tests/msp430.emulator.tests/bin/release/net8.0/msp430.emulator.tests.dll" id="6dd2c670-6f41-0ae6-ffa6-d6c99fe9b924">
      <Execution id="92d1d2bd-0390-4f39-adf7-fdd47ca20256" />
      <TestMethod codeBase="/home/runner/work/ai_msp430_emulator/ai_msp430_emulator/tests/MSP430.Emulator.Tests/bin/Release/net8.0/MSP430.Emulator.Tests.dll" adapterTypeName="executor://xunit/VsTestRunner3/netcore/" className="MSP430.Emulator.Tests.Cpu.StatusRegisterTests" name="UpdateFlags_VariousScenarios_UpdatesCorrectly" />
    </UnitTest>
    <UnitTest name="MSP430.Emulator.Tests.Memory.RandomAccessMemoryTests.GetReadCycles_AllAddresses_ReturnsConstantCycles(address: 8192, isWordAccess: False, expectedCycles: 1)" storage="/home/runner/work/ai_msp430_emulator/ai_msp430_emulator/tests/msp430.emulator.tests/bin/release/net8.0/msp430.emulator.tests.dll" id="70208d33-2f2b-bf53-62e3-af83c6ec6731">
      <Execution id="323e7da1-2409-41ca-b8eb-d1ffb2cdd319" />
      <TestMethod codeBase="/home/runner/work/ai_msp430_emulator/ai_msp430_emulator/tests/MSP430.Emulator.Tests/bin/Release/net8.0/MSP430.Emulator.Tests.dll" adapterTypeName="executor://xunit/VsTestRunner3/netcore/" className="MSP430.Emulator.Tests.Memory.RandomAccessMemoryTests" name="GetReadCycles_AllAddresses_ReturnsConstantCycles" />
    </UnitTest>
    <UnitTest name="MSP430.Emulator.Tests.Instructions.Arithmetic.CmpInstructionTests.ToString_VariousAddressingModes_FormatsCorrectly(register: R0, mode: Symbolic, expectedOperand: &quot;ADDR&quot;)" storage="/home/runner/work/ai_msp430_emulator/ai_msp430_emulator/tests/msp430.emulator.tests/bin/release/net8.0/msp430.emulator.tests.dll" id="e6c26042-ef11-00a8-b61a-55a9d44eeee7">
      <Execution id="e9ba3dec-3085-4965-a243-eb0bc3472928" />
      <TestMethod codeBase="/home/runner/work/ai_msp430_emulator/ai_msp430_emulator/tests/MSP430.Emulator.Tests/bin/Release/net8.0/MSP430.Emulator.Tests.dll" adapterTypeName="executor://xunit/VsTestRunner3/netcore/" className="MSP430.Emulator.Tests.Instructions.Arithmetic.CmpInstructionTests" name="ToString_VariousAddressingModes_FormatsCorrectly" />
    </UnitTest>
    <UnitTest name="MSP430.Emulator.Tests.Core.ExecutionStateTests.IsValidTransition_ReturnsExpectedResult(from: Halted, to: Running, expected: False)" storage="/home/runner/work/ai_msp430_emulator/ai_msp430_emulator/tests/msp430.emulator.tests/bin/release/net8.0/msp430.emulator.tests.dll" id="3c9d4bce-4bca-a909-bf44-9f78c7aac87b">
      <Execution id="d3ffc290-dac8-4a5f-a595-0ebc6ceedbdf" />
      <TestMethod codeBase="/home/runner/work/ai_msp430_emulator/ai_msp430_emulator/tests/MSP430.Emulator.Tests/bin/Release/net8.0/MSP430.Emulator.Tests.dll" adapterTypeName="executor://xunit/VsTestRunner3/netcore/" className="MSP430.Emulator.Tests.Core.ExecutionStateTests" name="IsValidTransition_ReturnsExpectedResult" />
    </UnitTest>
    <UnitTest name="MSP430.Emulator.Tests.Core.ExecutionStateTests.CanResume_ReturnsExpectedResult(state: Halted, expected: False)" storage="/home/runner/work/ai_msp430_emulator/ai_msp430_emulator/tests/msp430.emulator.tests/bin/release/net8.0/msp430.emulator.tests.dll" id="c67c2681-74f6-725c-909c-a0abd33f99a1">
      <Execution id="6de6318a-28ea-4901-a6cc-8ae296706a9e" />
      <TestMethod codeBase="/home/runner/work/ai_msp430_emulator/ai_msp430_emulator/tests/MSP430.Emulator.Tests/bin/Release/net8.0/MSP430.Emulator.Tests.dll" adapterTypeName="executor://xunit/VsTestRunner3/netcore/" className="MSP430.Emulator.Tests.Core.ExecutionStateTests" name="CanResume_ReturnsExpectedResult" />
    </UnitTest>
    <UnitTest name="MSP430.Emulator.Tests.Memory.RandomAccessMemoryTests.GetReadCycles_AllAddresses_ReturnsConstantCycles(address: 8192, isWordAccess: True, expectedCycles: 1)" storage="/home/runner/work/ai_msp430_emulator/ai_msp430_emulator/tests/msp430.emulator.tests/bin/release/net8.0/msp430.emulator.tests.dll" id="001caab0-87c5-3453-b512-abc028b449c7">
      <Execution id="31f6bf88-d9a0-4781-88c8-ef07b405374b" />
      <TestMethod codeBase="/home/runner/work/ai_msp430_emulator/ai_msp430_emulator/tests/MSP430.Emulator.Tests/bin/Release/net8.0/MSP430.Emulator.Tests.dll" adapterTypeName="executor://xunit/VsTestRunner3/netcore/" className="MSP430.Emulator.Tests.Memory.RandomAccessMemoryTests" name="GetReadCycles_AllAddresses_ReturnsConstantCycles" />
    </UnitTest>
    <UnitTest name="MSP430.Emulator.Tests.Cpu.StatusRegisterTests.GeneralInterruptEnable_GetSet_WorksCorrectly(value: 8, expected: True)" storage="/home/runner/work/ai_msp430_emulator/ai_msp430_emulator/tests/msp430.emulator.tests/bin/release/net8.0/msp430.emulator.tests.dll" id="531d384e-74e9-ffb9-4a14-ff8595dd6883">
      <Execution id="956ad260-46d8-44f5-b174-3e6d5160423a" />
      <TestMethod codeBase="/home/runner/work/ai_msp430_emulator/ai_msp430_emulator/tests/MSP430.Emulator.Tests/bin/Release/net8.0/MSP430.Emulator.Tests.dll" adapterTypeName="executor://xunit/VsTestRunner3/netcore/" className="MSP430.Emulator.Tests.Cpu.StatusRegisterTests" name="GeneralInterruptEnable_GetSet_WorksCorrectly" />
    </UnitTest>
    <UnitTest name="MSP430.Emulator.Tests.Memory.InformationMemoryTests.GetSegment_InvalidAddresses_ThrowsArgumentOutOfRangeException(invalidAddress: 6143)" storage="/home/runner/work/ai_msp430_emulator/ai_msp430_emulator/tests/msp430.emulator.tests/bin/release/net8.0/msp430.emulator.tests.dll" id="56c2c6cb-1268-bc6b-7b11-d2eb61161e29">
      <Execution id="c8da2148-5ddc-45b5-8714-0d5bf7834c3f" />
      <TestMethod codeBase="/home/runner/work/ai_msp430_emulator/ai_msp430_emulator/tests/MSP430.Emulator.Tests/bin/Release/net8.0/MSP430.Emulator.Tests.dll" adapterTypeName="executor://xunit/VsTestRunner3/netcore/" className="MSP430.Emulator.Tests.Memory.InformationMemoryTests" name="GetSegment_InvalidAddresses_ThrowsArgumentOutOfRangeException" />
    </UnitTest>
    <UnitTest name="MSP430.Emulator.Tests.Cpu.StatusRegisterTests.ToString_AllFlagsSet_ShowsAllFlags" storage="/home/runner/work/ai_msp430_emulator/ai_msp430_emulator/tests/msp430.emulator.tests/bin/release/net8.0/msp430.emulator.tests.dll" id="ea257ee4-e06f-eb27-4db1-883fcc3808f3">
      <Execution id="83f8b8dd-34be-45d3-a968-326cec09bf19" />
      <TestMethod codeBase="/home/runner/work/ai_msp430_emulator/ai_msp430_emulator/tests/MSP430.Emulator.Tests/bin/Release/net8.0/MSP430.Emulator.Tests.dll" adapterTypeName="executor://xunit/VsTestRunner3/netcore/" className="MSP430.Emulator.Tests.Cpu.StatusRegisterTests" name="ToString_AllFlagsSet_ShowsAllFlags" />
    </UnitTest>
    <UnitTest name="MSP430.Emulator.Tests.Logging.ConsoleLoggerTests.Log_WithMessage_StoresMessage" storage="/home/runner/work/ai_msp430_emulator/ai_msp430_emulator/tests/msp430.emulator.tests/bin/release/net8.0/msp430.emulator.tests.dll" id="a9fb4518-03aa-2b36-c819-fa25ae7cab53">
      <Execution id="2d277c03-2d6f-44b7-a7a2-69757ff4439a" />
      <TestMethod codeBase="/home/runner/work/ai_msp430_emulator/ai_msp430_emulator/tests/MSP430.Emulator.Tests/bin/Release/net8.0/MSP430.Emulator.Tests.dll" adapterTypeName="executor://xunit/VsTestRunner3/netcore/" className="MSP430.Emulator.Tests.Logging.ConsoleLoggerTests" name="Log_WithMessage_StoresMessage" />
    </UnitTest>
    <UnitTest name="MSP430.Emulator.Tests.Memory.MemorySystemIntegrationTests.MemorySystem_DefaultRegions_CoverExpectedAddressSpace" storage="/home/runner/work/ai_msp430_emulator/ai_msp430_emulator/tests/msp430.emulator.tests/bin/release/net8.0/msp430.emulator.tests.dll" id="838758fc-3e6c-5210-56b9-5d8200bf8dc2">
      <Execution id="40b60839-7497-4c78-87c5-18d2b6045bc6" />
      <TestMethod codeBase="/home/runner/work/ai_msp430_emulator/ai_msp430_emulator/tests/MSP430.Emulator.Tests/bin/Release/net8.0/MSP430.Emulator.Tests.dll" adapterTypeName="executor://xunit/VsTestRunner3/netcore/" className="MSP430.Emulator.Tests.Memory.MemorySystemIntegrationTests" name="MemorySystem_DefaultRegions_CoverExpectedAddressSpace" />
    </UnitTest>
    <UnitTest name="MSP430.Emulator.Tests.Cpu.StatusRegisterTests.UpdateFlagsAfterSubtraction_ByteOperation_SetsCorrectFlags(operand1: 48, operand2: 16, result: 32, isByteOp: True, expectedZero: False, expectedNegative: False, expectedCarry: True, expectedOverflow: False)" storage="/home/runner/work/ai_msp430_emulator/ai_msp430_emulator/tests/msp430.emulator.tests/bin/release/net8.0/msp430.emulator.tests.dll" id="fe79359b-12e7-da12-91df-ff292c7481be">
      <Execution id="b9e5c113-86e9-425b-a8ee-2dfdb917aa7d" />
      <TestMethod codeBase="/home/runner/work/ai_msp430_emulator/ai_msp430_emulator/tests/MSP430.Emulator.Tests/bin/Release/net8.0/MSP430.Emulator.Tests.dll" adapterTypeName="executor://xunit/VsTestRunner3/netcore/" className="MSP430.Emulator.Tests.Cpu.StatusRegisterTests" name="UpdateFlagsAfterSubtraction_ByteOperation_SetsCorrectFlags" />
    </UnitTest>
    <UnitTest name="MSP430.Emulator.Tests.Memory.InformationMemoryTests.WriteByte_ToProtectedSegment_Fails" storage="/home/runner/work/ai_msp430_emulator/ai_msp430_emulator/tests/msp430.emulator.tests/bin/release/net8.0/msp430.emulator.tests.dll" id="fd7a17d4-2fcc-3965-a5b0-8e191dc15d8c">
      <Execution id="fa4203da-d1d6-4d67-af32-3fb0e45c54a1" />
      <TestMethod codeBase="/home/runner/work/ai_msp430_emulator/ai_msp430_emulator/tests/MSP430.Emulator.Tests/bin/Release/net8.0/MSP430.Emulator.Tests.dll" adapterTypeName="executor://xunit/VsTestRunner3/netcore/" className="MSP430.Emulator.Tests.Memory.InformationMemoryTests" name="WriteByte_ToProtectedSegment_Fails" />
    </UnitTest>
    <UnitTest name="MSP430.Emulator.Tests.Logging.FileLoggerTests.Dispose_CanBeCalledMultipleTimes" storage="/home/runner/work/ai_msp430_emulator/ai_msp430_emulator/tests/msp430.emulator.tests/bin/release/net8.0/msp430.emulator.tests.dll" id="abe1d757-947c-cab7-eed4-9c336d2d0aaf">
      <Execution id="4cfb728a-b1ca-4ef7-b9b5-476123eab277" />
      <TestMethod codeBase="/home/runner/work/ai_msp430_emulator/ai_msp430_emulator/tests/MSP430.Emulator.Tests/bin/Release/net8.0/MSP430.Emulator.Tests.dll" adapterTypeName="executor://xunit/VsTestRunner3/netcore/" className="MSP430.Emulator.Tests.Logging.FileLoggerTests" name="Dispose_CanBeCalledMultipleTimes" />
    </UnitTest>
    <UnitTest name="MSP430.Emulator.Tests.Cpu.StatusRegisterTests.Overflow_GetSet_WorksCorrectly(value: 0, expected: False)" storage="/home/runner/work/ai_msp430_emulator/ai_msp430_emulator/tests/msp430.emulator.tests/bin/release/net8.0/msp430.emulator.tests.dll" id="46a89c91-1a55-70a6-7ca6-a00d13447672">
      <Execution id="67d14143-e91c-44d7-815d-a4a3e8de396c" />
      <TestMethod codeBase="/home/runner/work/ai_msp430_emulator/ai_msp430_emulator/tests/MSP430.Emulator.Tests/bin/Release/net8.0/MSP430.Emulator.Tests.dll" adapterTypeName="executor://xunit/VsTestRunner3/netcore/" className="MSP430.Emulator.Tests.Cpu.StatusRegisterTests" name="Overflow_GetSet_WorksCorrectly" />
    </UnitTest>
    <UnitTest name="MSP430.Emulator.Tests.Cpu.RegisterFileTests.WriteRegister_ValidRegister_StoresValue(register: R4, value: 43981)" storage="/home/runner/work/ai_msp430_emulator/ai_msp430_emulator/tests/msp430.emulator.tests/bin/release/net8.0/msp430.emulator.tests.dll" id="bdea2aa2-5342-02f9-7059-de06aa4acd1a">
      <Execution id="a3aef5bf-f585-4735-b126-a6abc811b317" />
      <TestMethod codeBase="/home/runner/work/ai_msp430_emulator/ai_msp430_emulator/tests/MSP430.Emulator.Tests/bin/Release/net8.0/MSP430.Emulator.Tests.dll" adapterTypeName="executor://xunit/VsTestRunner3/netcore/" className="MSP430.Emulator.Tests.Cpu.RegisterFileTests" name="WriteRegister_ValidRegister_StoresValue" />
    </UnitTest>
    <UnitTest name="MSP430.Emulator.Tests.Instructions.Arithmetic.DecInstructionTests.ToString_VariousAddressingModes_FormatsCorrectly(register: CG1, mode: Indirect, expectedOperand: &quot;@R3&quot;)" storage="/home/runner/work/ai_msp430_emulator/ai_msp430_emulator/tests/msp430.emulator.tests/bin/release/net8.0/msp430.emulator.tests.dll" id="1483dce7-03e7-687f-1a63-312f920f9ef7">
      <Execution id="dd0dce9b-f5d5-4e0b-91b6-deae405120e5" />
      <TestMethod codeBase="/home/runner/work/ai_msp430_emulator/ai_msp430_emulator/tests/MSP430.Emulator.Tests/bin/Release/net8.0/MSP430.Emulator.Tests.dll" adapterTypeName="executor://xunit/VsTestRunner3/netcore/" className="MSP430.Emulator.Tests.Instructions.Arithmetic.DecInstructionTests" name="ToString_VariousAddressingModes_FormatsCorrectly" />
    </UnitTest>
    <UnitTest name="MSP430.Emulator.Tests.Memory.MemoryMapTests.DefaultMemoryLayout_RegionBoundaries_AreCorrect(region: Peripherals8Bit, expectedStart: 256, expectedEnd: 511)" storage="/home/runner/work/ai_msp430_emulator/ai_msp430_emulator/tests/msp430.emulator.tests/bin/release/net8.0/msp430.emulator.tests.dll" id="d7748f9d-51b4-ec5f-f702-a60d693b9c23">
      <Execution id="7a54bc07-e050-4f68-8fd6-83fc1d7ee093" />
      <TestMethod codeBase="/home/runner/work/ai_msp430_emulator/ai_msp430_emulator/tests/MSP430.Emulator.Tests/bin/Release/net8.0/MSP430.Emulator.Tests.dll" adapterTypeName="executor://xunit/VsTestRunner3/netcore/" className="MSP430.Emulator.Tests.Memory.MemoryMapTests" name="DefaultMemoryLayout_RegionBoundaries_AreCorrect" />
    </UnitTest>
    <UnitTest name="MSP430.Emulator.Tests.Memory.FlashControllerTests.SetProtectionLevel_ValidLevel_ReturnsTrue(level: WriteProtected)" storage="/home/runner/work/ai_msp430_emulator/ai_msp430_emulator/tests/msp430.emulator.tests/bin/release/net8.0/msp430.emulator.tests.dll" id="6b7bc494-ac6d-d947-99df-63ba0e9b019a">
      <Execution id="88f5868b-e220-4f0c-a71a-b4708ec6abf1" />
      <TestMethod codeBase="/home/runner/work/ai_msp430_emulator/ai_msp430_emulator/tests/MSP430.Emulator.Tests/bin/Release/net8.0/MSP430.Emulator.Tests.dll" adapterTypeName="executor://xunit/VsTestRunner3/netcore/" className="MSP430.Emulator.Tests.Memory.FlashControllerTests" name="SetProtectionLevel_ValidLevel_ReturnsTrue" />
    </UnitTest>
    <UnitTest name="MSP430.Emulator.Tests.Logging.ConsoleLoggerTests.Log_WithLevelBelowMinimum_DoesNotLog" storage="/home/runner/work/ai_msp430_emulator/ai_msp430_emulator/tests/msp430.emulator.tests/bin/release/net8.0/msp430.emulator.tests.dll" id="8455556e-f740-3c21-0500-a7b27b75db73">
      <Execution id="9ea7f174-0205-4653-ae09-67797c46ef17" />
      <TestMethod codeBase="/home/runner/work/ai_msp430_emulator/ai_msp430_emulator/tests/MSP430.Emulator.Tests/bin/Release/net8.0/MSP430.Emulator.Tests.dll" adapterTypeName="executor://xunit/VsTestRunner3/netcore/" className="MSP430.Emulator.Tests.Logging.ConsoleLoggerTests" name="Log_WithLevelBelowMinimum_DoesNotLog" />
    </UnitTest>
    <UnitTest name="MSP430.Emulator.Tests.Cpu.StatusRegisterTests.UpdateFlagsAfterSubtraction_WordOperation_SetsCorrectFlags(operand1: 0, operand2: 1, result: 65535, isByteOp: False, expectedZero: False, expectedNegative: True, expectedCarry: False, expectedOverflow: False)" storage="/home/runner/work/ai_msp430_emulator/ai_msp430_emulator/tests/msp430.emulator.tests/bin/release/net8.0/msp430.emulator.tests.dll" id="67869dfc-2d2e-0cf0-107d-f4280f3d8599">
      <Execution id="16d60244-d1a1-45b5-8daf-2a5ee8bbd535" />
      <TestMethod codeBase="/home/runner/work/ai_msp430_emulator/ai_msp430_emulator/tests/MSP430.Emulator.Tests/bin/Release/net8.0/MSP430.Emulator.Tests.dll" adapterTypeName="executor://xunit/VsTestRunner3/netcore/" className="MSP430.Emulator.Tests.Cpu.StatusRegisterTests" name="UpdateFlagsAfterSubtraction_WordOperation_SetsCorrectFlags" />
    </UnitTest>
    <UnitTest name="MSP430.Emulator.Tests.Instructions.Logic.XorInstructionTests.ExtensionWordCount_VariousAddressingModes_ReturnsCorrectCount(sourceMode: Symbolic, destMode: Register, expectedCount: 1)" storage="/home/runner/work/ai_msp430_emulator/ai_msp430_emulator/tests/msp430.emulator.tests/bin/release/net8.0/msp430.emulator.tests.dll" id="8b135951-302b-966a-db2c-b2f0c28e665e">
      <Execution id="7670bf98-a8a9-4881-8e91-4b6388bc9175" />
      <TestMethod codeBase="/home/runner/work/ai_msp430_emulator/ai_msp430_emulator/tests/MSP430.Emulator.Tests/bin/Release/net8.0/MSP430.Emulator.Tests.dll" adapterTypeName="executor://xunit/VsTestRunner3/netcore/" className="MSP430.Emulator.Tests.Instructions.Logic.XorInstructionTests" name="ExtensionWordCount_VariousAddressingModes_ReturnsCorrectCount" />
    </UnitTest>
    <UnitTest name="MSP430.Emulator.Tests.Core.ExecutionStateTests.IsValidTransition_ReturnsExpectedResult(from: SingleStep, to: Running, expected: True)" storage="/home/runner/work/ai_msp430_emulator/ai_msp430_emulator/tests/msp430.emulator.tests/bin/release/net8.0/msp430.emulator.tests.dll" id="20e5c086-cc7d-1705-24f4-ef66981a1636">
      <Execution id="4d3e615a-21ae-4d8b-8eff-ff4c0e448d0a" />
      <TestMethod codeBase="/home/runner/work/ai_msp430_emulator/ai_msp430_emulator/tests/MSP430.Emulator.Tests/bin/Release/net8.0/MSP430.Emulator.Tests.dll" adapterTypeName="executor://xunit/VsTestRunner3/netcore/" className="MSP430.Emulator.Tests.Core.ExecutionStateTests" name="IsValidTransition_ReturnsExpectedResult" />
    </UnitTest>
    <UnitTest name="MSP430.Emulator.Tests.Cpu.StatusRegisterTests.SystemClockGenerator0_GetSet_WorksCorrectly(value: 65471, expected: False)" storage="/home/runner/work/ai_msp430_emulator/ai_msp430_emulator/tests/msp430.emulator.tests/bin/release/net8.0/msp430.emulator.tests.dll" id="59e33440-0bc9-2bcd-e63c-62eccb69ec7e">
      <Execution id="8e3af60c-4845-4514-902f-523507c01ba1" />
      <TestMethod codeBase="/home/runner/work/ai_msp430_emulator/ai_msp430_emulator/tests/MSP430.Emulator.Tests/bin/Release/net8.0/MSP430.Emulator.Tests.dll" adapterTypeName="executor://xunit/VsTestRunner3/netcore/" className="MSP430.Emulator.Tests.Cpu.StatusRegisterTests" name="SystemClockGenerator0_GetSet_WorksCorrectly" />
    </UnitTest>
    <UnitTest name="MSP430.Emulator.Tests.Instructions.Logic.XorInstructionTests.DestinationRegister_AllRegisters_ReturnsCorrectRegister(register: R1)" storage="/home/runner/work/ai_msp430_emulator/ai_msp430_emulator/tests/msp430.emulator.tests/bin/release/net8.0/msp430.emulator.tests.dll" id="3ad70cc5-7afb-dd1e-8fe1-1dd931217342">
      <Execution id="5e45a64f-54d3-4881-88d2-89463fba4740" />
      <TestMethod codeBase="/home/runner/work/ai_msp430_emulator/ai_msp430_emulator/tests/MSP430.Emulator.Tests/bin/Release/net8.0/MSP430.Emulator.Tests.dll" adapterTypeName="executor://xunit/VsTestRunner3/netcore/" className="MSP430.Emulator.Tests.Instructions.Logic.XorInstructionTests" name="DestinationRegister_AllRegisters_ReturnsCorrectRegister" />
    </UnitTest>
    <UnitTest name="MSP430.Emulator.Tests.Instructions.Logic.AndInstructionTests.ExtensionWordCount_VariousAddressingModes_ReturnsCorrectCount(sourceMode: Register, destMode: Register, expectedCount: 0)" storage="/home/runner/work/ai_msp430_emulator/ai_msp430_emulator/tests/msp430.emulator.tests/bin/release/net8.0/msp430.emulator.tests.dll" id="cfc21e52-0246-9054-1b29-0462d5756f10">
      <Execution id="7a5d6ce2-1085-4496-8144-a7a9c241fa44" />
      <TestMethod codeBase="/home/runner/work/ai_msp430_emulator/ai_msp430_emulator/tests/MSP430.Emulator.Tests/bin/Release/net8.0/MSP430.Emulator.Tests.dll" adapterTypeName="executor://xunit/VsTestRunner3/netcore/" className="MSP430.Emulator.Tests.Instructions.Logic.AndInstructionTests" name="ExtensionWordCount_VariousAddressingModes_ReturnsCorrectCount" />
    </UnitTest>
    <UnitTest name="MSP430.Emulator.Tests.Instructions.Logic.AndInstructionTests.ExtensionWordCount_VariousAddressingModes_ReturnsCorrectCount(sourceMode: Immediate, destMode: Register, expectedCount: 1)" storage="/home/runner/work/ai_msp430_emulator/ai_msp430_emulator/tests/msp430.emulator.tests/bin/release/net8.0/msp430.emulator.tests.dll" id="d000be2c-aec0-ad35-5ea1-43d17c66abf6">
      <Execution id="31df3fbd-5610-4b02-a57f-d8f57c96772e" />
      <TestMethod codeBase="/home/runner/work/ai_msp430_emulator/ai_msp430_emulator/tests/MSP430.Emulator.Tests/bin/Release/net8.0/MSP430.Emulator.Tests.dll" adapterTypeName="executor://xunit/VsTestRunner3/netcore/" className="MSP430.Emulator.Tests.Instructions.Logic.AndInstructionTests" name="ExtensionWordCount_VariousAddressingModes_ReturnsCorrectCount" />
    </UnitTest>
    <UnitTest name="MSP430.Emulator.Tests.Cpu.StatusRegisterTests.OscillatorOff_SetFlag_UpdatesValue" storage="/home/runner/work/ai_msp430_emulator/ai_msp430_emulator/tests/msp430.emulator.tests/bin/release/net8.0/msp430.emulator.tests.dll" id="93e5d6bc-cd00-5e61-fd79-fcd80488dbb6">
      <Execution id="e4433fb8-cad9-431c-afa4-3cf560f58ab3" />
      <TestMethod codeBase="/home/runner/work/ai_msp430_emulator/ai_msp430_emulator/tests/MSP430.Emulator.Tests/bin/Release/net8.0/MSP430.Emulator.Tests.dll" adapterTypeName="executor://xunit/VsTestRunner3/netcore/" className="MSP430.Emulator.Tests.Cpu.StatusRegisterTests" name="OscillatorOff_SetFlag_UpdatesValue" />
    </UnitTest>
    <UnitTest name="MSP430.Emulator.Tests.Memory.InformationMemoryTests.IsSegmentWriteProtected_DefaultState_ReturnsExpectedValue(segment: SegmentC, expectedProtection: False)" storage="/home/runner/work/ai_msp430_emulator/ai_msp430_emulator/tests/msp430.emulator.tests/bin/release/net8.0/msp430.emulator.tests.dll" id="968b78ae-c9ac-e84c-7ca2-179eec54f7e3">
      <Execution id="5f6af9af-c532-404c-b744-5ede5910ed51" />
      <TestMethod codeBase="/home/runner/work/ai_msp430_emulator/ai_msp430_emulator/tests/MSP430.Emulator.Tests/bin/Release/net8.0/MSP430.Emulator.Tests.dll" adapterTypeName="executor://xunit/VsTestRunner3/netcore/" className="MSP430.Emulator.Tests.Memory.InformationMemoryTests" name="IsSegmentWriteProtected_DefaultState_ReturnsExpectedValue" />
    </UnitTest>
    <UnitTest name="MSP430.Emulator.Tests.Memory.RandomAccessMemoryTests.IsRangeInBounds_VariousRanges_ReturnsExpectedResult(startAddress: 8192, length: 1025, expected: False)" storage="/home/runner/work/ai_msp430_emulator/ai_msp430_emulator/tests/msp430.emulator.tests/bin/release/net8.0/msp430.emulator.tests.dll" id="4827e02f-e101-eb2a-985a-0d6d98893bac">
      <Execution id="3233c8cb-769a-4afa-9c73-11c5648a5c2f" />
      <TestMethod codeBase="/home/runner/work/ai_msp430_emulator/ai_msp430_emulator/tests/MSP430.Emulator.Tests/bin/Release/net8.0/MSP430.Emulator.Tests.dll" adapterTypeName="executor://xunit/VsTestRunner3/netcore/" className="MSP430.Emulator.Tests.Memory.RandomAccessMemoryTests" name="IsRangeInBounds_VariousRanges_ReturnsExpectedResult" />
    </UnitTest>
    <UnitTest name="MSP430.Emulator.Tests.Memory.MemoryMapTests.IsAccessAllowed_FramWriteAccess_ReturnsTrue" storage="/home/runner/work/ai_msp430_emulator/ai_msp430_emulator/tests/msp430.emulator.tests/bin/release/net8.0/msp430.emulator.tests.dll" id="35ba69b8-68bf-6886-d296-3e53149f4556">
      <Execution id="fcbcb321-0e08-474a-991d-e38222e2139f" />
      <TestMethod codeBase="/home/runner/work/ai_msp430_emulator/ai_msp430_emulator/tests/MSP430.Emulator.Tests/bin/Release/net8.0/MSP430.Emulator.Tests.dll" adapterTypeName="executor://xunit/VsTestRunner3/netcore/" className="MSP430.Emulator.Tests.Memory.MemoryMapTests" name="IsAccessAllowed_FramWriteAccess_ReturnsTrue" />
    </UnitTest>
    <UnitTest name="MSP430.Emulator.Tests.Memory.FlashMemoryTests.ReadWord_UnalignedAddress_ThrowsArgumentException(unalignedAddress: 32769)" storage="/home/runner/work/ai_msp430_emulator/ai_msp430_emulator/tests/msp430.emulator.tests/bin/release/net8.0/msp430.emulator.tests.dll" id="7844863d-f4de-eb6c-7dbc-80d4d06cc436">
      <Execution id="87ce9fda-ee72-4268-a083-a8e77454d851" />
      <TestMethod codeBase="/home/runner/work/ai_msp430_emulator/ai_msp430_emulator/tests/MSP430.Emulator.Tests/bin/Release/net8.0/MSP430.Emulator.Tests.dll" adapterTypeName="executor://xunit/VsTestRunner3/netcore/" className="MSP430.Emulator.Tests.Memory.FlashMemoryTests" name="ReadWord_UnalignedAddress_ThrowsArgumentException" />
    </UnitTest>
    <UnitTest name="MSP430.Emulator.Tests.Instructions.Arithmetic.IncInstructionTests.ExtensionWordCount_VariousAddressingModes_ReturnsCorrectCount(destMode: Register, expectedCount: 0)" storage="/home/runner/work/ai_msp430_emulator/ai_msp430_emulator/tests/msp430.emulator.tests/bin/release/net8.0/msp430.emulator.tests.dll" id="d2a619b1-1f9e-a908-ecd4-617a163d6ef3">
      <Execution id="2ec8f465-1baf-4ee8-bfcd-c9174c21211e" />
      <TestMethod codeBase="/home/runner/work/ai_msp430_emulator/ai_msp430_emulator/tests/MSP430.Emulator.Tests/bin/Release/net8.0/MSP430.Emulator.Tests.dll" adapterTypeName="executor://xunit/VsTestRunner3/netcore/" className="MSP430.Emulator.Tests.Instructions.Arithmetic.IncInstructionTests" name="ExtensionWordCount_VariousAddressingModes_ReturnsCorrectCount" />
    </UnitTest>
    <UnitTest name="MSP430.Emulator.Tests.Memory.FlashControllerTests.TryUnlock_InvalidKey_ReturnsFalse(invalidKey: 4660)" storage="/home/runner/work/ai_msp430_emulator/ai_msp430_emulator/tests/msp430.emulator.tests/bin/release/net8.0/msp430.emulator.tests.dll" id="c86d4a63-bc6f-1919-eb60-872635337365">
      <Execution id="e0ee1880-fb04-4302-8dab-7ccc35b3a601" />
      <TestMethod codeBase="/home/runner/work/ai_msp430_emulator/ai_msp430_emulator/tests/MSP430.Emulator.Tests/bin/Release/net8.0/MSP430.Emulator.Tests.dll" adapterTypeName="executor://xunit/VsTestRunner3/netcore/" className="MSP430.Emulator.Tests.Memory.FlashControllerTests" name="TryUnlock_InvalidKey_ReturnsFalse" />
    </UnitTest>
    <UnitTest name="MSP430.Emulator.Tests.Cpu.StatusRegisterTests.ToString_SomeFlagsSet_ShowsOnlySetFlags" storage="/home/runner/work/ai_msp430_emulator/ai_msp430_emulator/tests/msp430.emulator.tests/bin/release/net8.0/msp430.emulator.tests.dll" id="c1b3e275-7665-bcdb-3aac-20761ce1bc95">
      <Execution id="fce41c40-1ea3-4bd2-aa14-93c8f10d59e4" />
      <TestMethod codeBase="/home/runner/work/ai_msp430_emulator/ai_msp430_emulator/tests/MSP430.Emulator.Tests/bin/Release/net8.0/MSP430.Emulator.Tests.dll" adapterTypeName="executor://xunit/VsTestRunner3/netcore/" className="MSP430.Emulator.Tests.Cpu.StatusRegisterTests" name="ToString_SomeFlagsSet_ShowsOnlySetFlags" />
    </UnitTest>
    <UnitTest name="MSP430.Emulator.Tests.Memory.MemoryAccessValidatorTests.ValidateExecute_NonExecutableRegion_ThrowsMemoryAccessException" storage="/home/runner/work/ai_msp430_emulator/ai_msp430_emulator/tests/msp430.emulator.tests/bin/release/net8.0/msp430.emulator.tests.dll" id="eb125f2e-622b-bb5f-01c7-b07c1b606ff6">
      <Execution id="5cbb9bfa-ea17-4840-80b3-52e486cb05e4" />
      <TestMethod codeBase="/home/runner/work/ai_msp430_emulator/ai_msp430_emulator/tests/MSP430.Emulator.Tests/bin/Release/net8.0/MSP430.Emulator.Tests.dll" adapterTypeName="executor://xunit/VsTestRunner3/netcore/" className="MSP430.Emulator.Tests.Memory.MemoryAccessValidatorTests" name="ValidateExecute_NonExecutableRegion_ThrowsMemoryAccessException" />
    </UnitTest>
    <UnitTest name="MSP430.Emulator.Tests.Cpu.StatusRegisterTests.UpdateFlagsAfterAddition_EdgeCases_HandlesCorrectly" storage="/home/runner/work/ai_msp430_emulator/ai_msp430_emulator/tests/msp430.emulator.tests/bin/release/net8.0/msp430.emulator.tests.dll" id="9e60a3f1-eb11-f266-7f71-ba3ed69aded9">
      <Execution id="5d9f368d-7f32-43be-b87a-419a326d3bbc" />
      <TestMethod codeBase="/home/runner/work/ai_msp430_emulator/ai_msp430_emulator/tests/MSP430.Emulator.Tests/bin/Release/net8.0/MSP430.Emulator.Tests.dll" adapterTypeName="executor://xunit/VsTestRunner3/netcore/" className="MSP430.Emulator.Tests.Cpu.StatusRegisterTests" name="UpdateFlagsAfterAddition_EdgeCases_HandlesCorrectly" />
    </UnitTest>
    <UnitTest name="MSP430.Emulator.Tests.Cpu.StatusRegisterTests.CpuOff_SetFlag_UpdatesValue" storage="/home/runner/work/ai_msp430_emulator/ai_msp430_emulator/tests/msp430.emulator.tests/bin/release/net8.0/msp430.emulator.tests.dll" id="8ed5ee95-c525-cc9b-f8f6-835b2af6d722">
      <Execution id="3002aa4f-83fc-4680-92a4-9669c404480d" />
      <TestMethod codeBase="/home/runner/work/ai_msp430_emulator/ai_msp430_emulator/tests/MSP430.Emulator.Tests/bin/Release/net8.0/MSP430.Emulator.Tests.dll" adapterTypeName="executor://xunit/VsTestRunner3/netcore/" className="MSP430.Emulator.Tests.Cpu.StatusRegisterTests" name="CpuOff_SetFlag_UpdatesValue" />
    </UnitTest>
    <UnitTest name="MSP430.Emulator.Tests.Memory.RandomAccessMemoryTests.Operations_LogCorrectMessages" storage="/home/runner/work/ai_msp430_emulator/ai_msp430_emulator/tests/msp430.emulator.tests/bin/release/net8.0/msp430.emulator.tests.dll" id="d2ba05d7-c81a-fe85-fe34-d0cbeb84cbf7">
      <Execution id="d1bacda3-38fd-49e2-98ce-ca6075cd5001" />
      <TestMethod codeBase="/home/runner/work/ai_msp430_emulator/ai_msp430_emulator/tests/MSP430.Emulator.Tests/bin/Release/net8.0/MSP430.Emulator.Tests.dll" adapterTypeName="executor://xunit/VsTestRunner3/netcore/" className="MSP430.Emulator.Tests.Memory.RandomAccessMemoryTests" name="Operations_LogCorrectMessages" />
    </UnitTest>
    <UnitTest name="MSP430.Emulator.Tests.Instructions.Logic.BitInstructionTests.DestinationRegister_AllRegisters_ReturnsCorrectRegister(register: R4)" storage="/home/runner/work/ai_msp430_emulator/ai_msp430_emulator/tests/msp430.emulator.tests/bin/release/net8.0/msp430.emulator.tests.dll" id="bd343218-2f75-0e7b-943d-6422144ab269">
      <Execution id="5c45f3a1-e7b6-473b-baf4-94f8fab6a717" />
      <TestMethod codeBase="/home/runner/work/ai_msp430_emulator/ai_msp430_emulator/tests/MSP430.Emulator.Tests/bin/Release/net8.0/MSP430.Emulator.Tests.dll" adapterTypeName="executor://xunit/VsTestRunner3/netcore/" className="MSP430.Emulator.Tests.Instructions.Logic.BitInstructionTests" name="DestinationRegister_AllRegisters_ReturnsCorrectRegister" />
    </UnitTest>
    <UnitTest name="MSP430.Emulator.Tests.Cpu.StatusRegisterTests.UpdateFlagsAfterAddition_WordOperation_SetsCorrectFlags(operand1: 0, operand2: 0, result: 0, isByteOp: False, expectedZero: True, expectedNegative: False, expectedCarry: False, expectedOverflow: False)" storage="/home/runner/work/ai_msp430_emulator/ai_msp430_emulator/tests/msp430.emulator.tests/bin/release/net8.0/msp430.emulator.tests.dll" id="8e369838-a1e3-035c-8dcc-bf7e5a701305">
      <Execution id="31c8691b-846c-4fca-b9aa-7c8739f77ddb" />
      <TestMethod codeBase="/home/runner/work/ai_msp430_emulator/ai_msp430_emulator/tests/MSP430.Emulator.Tests/bin/Release/net8.0/MSP430.Emulator.Tests.dll" adapterTypeName="executor://xunit/VsTestRunner3/netcore/" className="MSP430.Emulator.Tests.Cpu.StatusRegisterTests" name="UpdateFlagsAfterAddition_WordOperation_SetsCorrectFlags" />
    </UnitTest>
    <UnitTest name="MSP430.Emulator.Tests.Instructions.Logic.BisInstructionTests.ExtensionWordCount_VariousAddressingModes_ReturnsCorrectCount(sourceMode: Register, destMode: Register, expectedCount: 0)" storage="/home/runner/work/ai_msp430_emulator/ai_msp430_emulator/tests/msp430.emulator.tests/bin/release/net8.0/msp430.emulator.tests.dll" id="74597c58-283d-9020-4577-6fbcb9e9607e">
      <Execution id="8bdc9a1e-fcd9-45c0-98e8-ffef90aea64a" />
      <TestMethod codeBase="/home/runner/work/ai_msp430_emulator/ai_msp430_emulator/tests/MSP430.Emulator.Tests/bin/Release/net8.0/MSP430.Emulator.Tests.dll" adapterTypeName="executor://xunit/VsTestRunner3/netcore/" className="MSP430.Emulator.Tests.Instructions.Logic.BisInstructionTests" name="ExtensionWordCount_VariousAddressingModes_ReturnsCorrectCount" />
    </UnitTest>
    <UnitTest name="MSP430.Emulator.Tests.Cpu.StatusRegisterTests.SystemClockGenerator0_SetFlag_UpdatesValue" storage="/home/runner/work/ai_msp430_emulator/ai_msp430_emulator/tests/msp430.emulator.tests/bin/release/net8.0/msp430.emulator.tests.dll" id="3a4af97a-627c-e13e-81ff-a2a903e34e82">
      <Execution id="65bb2487-5453-476b-8f67-12d48a58bd08" />
      <TestMethod codeBase="/home/runner/work/ai_msp430_emulator/ai_msp430_emulator/tests/MSP430.Emulator.Tests/bin/Release/net8.0/MSP430.Emulator.Tests.dll" adapterTypeName="executor://xunit/VsTestRunner3/netcore/" className="MSP430.Emulator.Tests.Cpu.StatusRegisterTests" name="SystemClockGenerator0_SetFlag_UpdatesValue" />
    </UnitTest>
    <UnitTest name="MSP430.Emulator.Tests.Logging.FileLoggerTests.Constructor_WithNullPath_ThrowsArgumentNullException" storage="/home/runner/work/ai_msp430_emulator/ai_msp430_emulator/tests/msp430.emulator.tests/bin/release/net8.0/msp430.emulator.tests.dll" id="75a17fa0-c951-8567-2d46-60ab8ef93cfa">
      <Execution id="058c66b2-b126-448f-a518-6b578e0df8a7" />
      <TestMethod codeBase="/home/runner/work/ai_msp430_emulator/ai_msp430_emulator/tests/MSP430.Emulator.Tests/bin/Release/net8.0/MSP430.Emulator.Tests.dll" adapterTypeName="executor://xunit/VsTestRunner3/netcore/" className="MSP430.Emulator.Tests.Logging.FileLoggerTests" name="Constructor_WithNullPath_ThrowsArgumentNullException" />
    </UnitTest>
    <UnitTest name="MSP430.Emulator.Tests.Core.ExecutionStateTests.IsValidTransition_ReturnsExpectedResult(from: Running, to: Halted, expected: True)" storage="/home/runner/work/ai_msp430_emulator/ai_msp430_emulator/tests/msp430.emulator.tests/bin/release/net8.0/msp430.emulator.tests.dll" id="b098b1dc-450d-0cee-2f76-4eff38b78d81">
      <Execution id="10960dbc-6e90-4f4e-9bec-d639e060edda" />
      <TestMethod codeBase="/home/runner/work/ai_msp430_emulator/ai_msp430_emulator/tests/MSP430.Emulator.Tests/bin/Release/net8.0/MSP430.Emulator.Tests.dll" adapterTypeName="executor://xunit/VsTestRunner3/netcore/" className="MSP430.Emulator.Tests.Core.ExecutionStateTests" name="IsValidTransition_ReturnsExpectedResult" />
    </UnitTest>
    <UnitTest name="MSP430.Emulator.Tests.Instructions.Arithmetic.DecInstructionTests.ExtensionWordCount_VariousAddressingModes_ReturnsCorrectCount(destMode: Absolute, expectedCount: 1)" storage="/home/runner/work/ai_msp430_emulator/ai_msp430_emulator/tests/msp430.emulator.tests/bin/release/net8.0/msp430.emulator.tests.dll" id="525048df-355c-4802-685e-dfdd30d8f912">
      <Execution id="86f94d4c-7b2c-45ae-a006-9a0ccd5652c7" />
      <TestMethod codeBase="/home/runner/work/ai_msp430_emulator/ai_msp430_emulator/tests/MSP430.Emulator.Tests/bin/Release/net8.0/MSP430.Emulator.Tests.dll" adapterTypeName="executor://xunit/VsTestRunner3/netcore/" className="MSP430.Emulator.Tests.Instructions.Arithmetic.DecInstructionTests" name="ExtensionWordCount_VariousAddressingModes_ReturnsCorrectCount" />
    </UnitTest>
    <UnitTest name="MSP430.Emulator.Tests.Cpu.StatusRegisterTests.UpdateFlagsAfterAddition_ByteOperation_SetsCorrectFlags(operand1: 128, operand2: 128, result: 256, isByteOp: True, expectedZero: True, expectedNegative: False, expectedCarry: True, expectedOverflow: True)" storage="/home/runner/work/ai_msp430_emulator/ai_msp430_emulator/tests/msp430.emulator.tests/bin/release/net8.0/msp430.emulator.tests.dll" id="ed3a8957-931a-e63e-fdfa-2fe256f9a3ea">
      <Execution id="20a191fa-80da-41dd-84a5-61ecca0b0069" />
      <TestMethod codeBase="/home/runner/work/ai_msp430_emulator/ai_msp430_emulator/tests/MSP430.Emulator.Tests/bin/Release/net8.0/MSP430.Emulator.Tests.dll" adapterTypeName="executor://xunit/VsTestRunner3/netcore/" className="MSP430.Emulator.Tests.Cpu.StatusRegisterTests" name="UpdateFlagsAfterAddition_ByteOperation_SetsCorrectFlags" />
    </UnitTest>
    <UnitTest name="MSP430.Emulator.Tests.Instructions.Logic.XorInstructionTests.DestinationRegister_AllRegisters_ReturnsCorrectRegister(register: CG1)" storage="/home/runner/work/ai_msp430_emulator/ai_msp430_emulator/tests/msp430.emulator.tests/bin/release/net8.0/msp430.emulator.tests.dll" id="15c3c1ce-0140-a56c-8948-e2639dc04700">
      <Execution id="abc99530-b81e-4d5f-8e7f-2334fe3e4e11" />
      <TestMethod codeBase="/home/runner/work/ai_msp430_emulator/ai_msp430_emulator/tests/MSP430.Emulator.Tests/bin/Release/net8.0/MSP430.Emulator.Tests.dll" adapterTypeName="executor://xunit/VsTestRunner3/netcore/" className="MSP430.Emulator.Tests.Instructions.Logic.XorInstructionTests" name="DestinationRegister_AllRegisters_ReturnsCorrectRegister" />
    </UnitTest>
    <UnitTest name="MSP430.Emulator.Tests.Instructions.Logic.AndInstructionTests.SourceRegister_AllRegisters_ReturnsCorrectRegister(register: R15)" storage="/home/runner/work/ai_msp430_emulator/ai_msp430_emulator/tests/msp430.emulator.tests/bin/release/net8.0/msp430.emulator.tests.dll" id="2af90832-0d0d-5710-9309-7d66fc7e2707">
      <Execution id="2a9d041f-c2a0-45a5-8afd-b3ce704e4d21" />
      <TestMethod codeBase="/home/runner/work/ai_msp430_emulator/ai_msp430_emulator/tests/MSP430.Emulator.Tests/bin/Release/net8.0/MSP430.Emulator.Tests.dll" adapterTypeName="executor://xunit/VsTestRunner3/netcore/" className="MSP430.Emulator.Tests.Instructions.Logic.AndInstructionTests" name="SourceRegister_AllRegisters_ReturnsCorrectRegister" />
    </UnitTest>
    <UnitTest name="MSP430.Emulator.Tests.Memory.RandomAccessMemoryTests.Constructor_MemoryOverflow_ThrowsArgumentException" storage="/home/runner/work/ai_msp430_emulator/ai_msp430_emulator/tests/msp430.emulator.tests/bin/release/net8.0/msp430.emulator.tests.dll" id="184d16a1-12d3-f000-dc60-8c2292efa236">
      <Execution id="db7f15e9-0a2d-46b4-bbf6-abafab405e5f" />
      <TestMethod codeBase="/home/runner/work/ai_msp430_emulator/ai_msp430_emulator/tests/MSP430.Emulator.Tests/bin/Release/net8.0/MSP430.Emulator.Tests.dll" adapterTypeName="executor://xunit/VsTestRunner3/netcore/" className="MSP430.Emulator.Tests.Memory.RandomAccessMemoryTests" name="Constructor_MemoryOverflow_ThrowsArgumentException" />
    </UnitTest>
    <UnitTest name="MSP430.Emulator.Tests.Memory.RandomAccessMemoryTests.WriteWord_OddAddress_ThrowsArgumentException(oddAddress: 8195)" storage="/home/runner/work/ai_msp430_emulator/ai_msp430_emulator/tests/msp430.emulator.tests/bin/release/net8.0/msp430.emulator.tests.dll" id="54ed19f3-d533-36cf-8d13-7fd136b968ec">
      <Execution id="cc3e3c2e-621d-449a-ac8b-21b857b96ced" />
      <TestMethod codeBase="/home/runner/work/ai_msp430_emulator/ai_msp430_emulator/tests/MSP430.Emulator.Tests/bin/Release/net8.0/MSP430.Emulator.Tests.dll" adapterTypeName="executor://xunit/VsTestRunner3/netcore/" className="MSP430.Emulator.Tests.Memory.RandomAccessMemoryTests" name="WriteWord_OddAddress_ThrowsArgumentException" />
    </UnitTest>
    <UnitTest name="MSP430.Emulator.Tests.Logging.FileLoggerTests.Log_IncludesTimestamp" storage="/home/runner/work/ai_msp430_emulator/ai_msp430_emulator/tests/msp430.emulator.tests/bin/release/net8.0/msp430.emulator.tests.dll" id="d54450f8-2900-1656-e7c7-6b86060d8b73">
      <Execution id="223bfede-2376-4143-beaa-50090eabbbd7" />
      <TestMethod codeBase="/home/runner/work/ai_msp430_emulator/ai_msp430_emulator/tests/MSP430.Emulator.Tests/bin/Release/net8.0/MSP430.Emulator.Tests.dll" adapterTypeName="executor://xunit/VsTestRunner3/netcore/" className="MSP430.Emulator.Tests.Logging.FileLoggerTests" name="Log_IncludesTimestamp" />
    </UnitTest>
    <UnitTest name="MSP430.Emulator.Tests.Memory.MemoryControllerTests.IsAccessAllowed_ValidAccess_ReturnsTrue(address: 8192, accessType: Execute)" storage="/home/runner/work/ai_msp430_emulator/ai_msp430_emulator/tests/msp430.emulator.tests/bin/release/net8.0/msp430.emulator.tests.dll" id="0dbbcfa3-d32a-7896-71a4-df0c3d67f714">
      <Execution id="973f65a0-f08f-43df-a076-a5f55837c5b8" />
      <TestMethod codeBase="/home/runner/work/ai_msp430_emulator/ai_msp430_emulator/tests/MSP430.Emulator.Tests/bin/Release/net8.0/MSP430.Emulator.Tests.dll" adapterTypeName="executor://xunit/VsTestRunner3/netcore/" className="MSP430.Emulator.Tests.Memory.MemoryControllerTests" name="IsAccessAllowed_ValidAccess_ReturnsTrue" />
    </UnitTest>
    <UnitTest name="MSP430.Emulator.Tests.Instructions.InstructionDecoderTests.ExtractOpcode_FormatI_ReturnsCorrectOpcode(format: FormatI, instructionWord: 61731, expected: 15)" storage="/home/runner/work/ai_msp430_emulator/ai_msp430_emulator/tests/msp430.emulator.tests/bin/release/net8.0/msp430.emulator.tests.dll" id="2a5d6e21-d4d2-6748-e2b4-8cb4d5da3b87">
      <Execution id="19cd58f7-54f7-4952-9d46-9eee723a215f" />
      <TestMethod codeBase="/home/runner/work/ai_msp430_emulator/ai_msp430_emulator/tests/MSP430.Emulator.Tests/bin/Release/net8.0/MSP430.Emulator.Tests.dll" adapterTypeName="executor://xunit/VsTestRunner3/netcore/" className="MSP430.Emulator.Tests.Instructions.InstructionDecoderTests" name="ExtractOpcode_FormatI_ReturnsCorrectOpcode" />
    </UnitTest>
    <UnitTest name="MSP430.Emulator.Tests.Memory.InformationMemoryTests.IsRangeInBounds_VariousRanges_ReturnsExpectedResult(startAddress: 6655, length: 1, expected: True)" storage="/home/runner/work/ai_msp430_emulator/ai_msp430_emulator/tests/msp430.emulator.tests/bin/release/net8.0/msp430.emulator.tests.dll" id="752c6974-867a-09bb-b784-4ca8c8e7895a">
      <Execution id="642b80d3-86b3-413f-b90c-b4c857da81a4" />
      <TestMethod codeBase="/home/runner/work/ai_msp430_emulator/ai_msp430_emulator/tests/MSP430.Emulator.Tests/bin/Release/net8.0/MSP430.Emulator.Tests.dll" adapterTypeName="executor://xunit/VsTestRunner3/netcore/" className="MSP430.Emulator.Tests.Memory.InformationMemoryTests" name="IsRangeInBounds_VariousRanges_ReturnsExpectedResult" />
    </UnitTest>
    <UnitTest name="MSP430.Emulator.Tests.Instructions.Logic.XorInstructionTests.SourceRegister_AllRegisters_ReturnsCorrectRegister(register: R0)" storage="/home/runner/work/ai_msp430_emulator/ai_msp430_emulator/tests/msp430.emulator.tests/bin/release/net8.0/msp430.emulator.tests.dll" id="e2c16f8a-b898-187c-9fb5-a87f8b3e751f">
      <Execution id="e4f560a1-5600-4c31-b9ce-91f207b7a190" />
      <TestMethod codeBase="/home/runner/work/ai_msp430_emulator/ai_msp430_emulator/tests/MSP430.Emulator.Tests/bin/Release/net8.0/MSP430.Emulator.Tests.dll" adapterTypeName="executor://xunit/VsTestRunner3/netcore/" className="MSP430.Emulator.Tests.Instructions.Logic.XorInstructionTests" name="SourceRegister_AllRegisters_ReturnsCorrectRegister" />
    </UnitTest>
    <UnitTest name="MSP430.Emulator.Tests.Memory.MemoryControllerTests.ReadWord_WithContext_NullContext_ThrowsArgumentNullException" storage="/home/runner/work/ai_msp430_emulator/ai_msp430_emulator/tests/msp430.emulator.tests/bin/release/net8.0/msp430.emulator.tests.dll" id="bcea61f5-6673-2268-6ec4-38bb4c941b7e">
      <Execution id="538d76b8-2388-4c15-839d-40b743884f8a" />
      <TestMethod codeBase="/home/runner/work/ai_msp430_emulator/ai_msp430_emulator/tests/MSP430.Emulator.Tests/bin/Release/net8.0/MSP430.Emulator.Tests.dll" adapterTypeName="executor://xunit/VsTestRunner3/netcore/" className="MSP430.Emulator.Tests.Memory.MemoryControllerTests" name="ReadWord_WithContext_NullContext_ThrowsArgumentNullException" />
    </UnitTest>
    <UnitTest name="MSP430.Emulator.Tests.Instructions.AddressingModeDecoderTests.IsValidRegister_VariousValues_ReturnsCorrectResult(registerBits: 0, expected: True)" storage="/home/runner/work/ai_msp430_emulator/ai_msp430_emulator/tests/msp430.emulator.tests/bin/release/net8.0/msp430.emulator.tests.dll" id="2d0e35b0-a1e6-60d0-f7da-c20d2516cf0a">
      <Execution id="c334a235-eed6-4561-8474-759f65b61ee7" />
      <TestMethod codeBase="/home/runner/work/ai_msp430_emulator/ai_msp430_emulator/tests/MSP430.Emulator.Tests/bin/Release/net8.0/MSP430.Emulator.Tests.dll" adapterTypeName="executor://xunit/VsTestRunner3/netcore/" className="MSP430.Emulator.Tests.Instructions.AddressingModeDecoderTests" name="IsValidRegister_VariousValues_ReturnsCorrectResult" />
    </UnitTest>
    <UnitTest name="MSP430.Emulator.Tests.Memory.FlashControllerTests.OperationLifecycle_ProgrammingOperation_WorksCorrectly" storage="/home/runner/work/ai_msp430_emulator/ai_msp430_emulator/tests/msp430.emulator.tests/bin/release/net8.0/msp430.emulator.tests.dll" id="51f82a03-4a03-ad03-8b47-22d810dc0be8">
      <Execution id="14d47bf0-d36d-488a-bcc1-9cd367b9f4a5" />
      <TestMethod codeBase="/home/runner/work/ai_msp430_emulator/ai_msp430_emulator/tests/MSP430.Emulator.Tests/bin/Release/net8.0/MSP430.Emulator.Tests.dll" adapterTypeName="executor://xunit/VsTestRunner3/netcore/" className="MSP430.Emulator.Tests.Memory.FlashControllerTests" name="OperationLifecycle_ProgrammingOperation_WorksCorrectly" />
    </UnitTest>
    <UnitTest name="MSP430.Emulator.Tests.Instructions.InstructionDecoderTests.ExtractOpcode_FormatIII_ReturnsCorrectOpcode(format: FormatIII, instructionWord: 8192, expected: 0)" storage="/home/runner/work/ai_msp430_emulator/ai_msp430_emulator/tests/msp430.emulator.tests/bin/release/net8.0/msp430.emulator.tests.dll" id="162865f6-e3bf-1e09-2e54-ced0a0a60162">
      <Execution id="97bba388-1f89-4ef4-9b7d-67505df79007" />
      <TestMethod codeBase="/home/runner/work/ai_msp430_emulator/ai_msp430_emulator/tests/MSP430.Emulator.Tests/bin/Release/net8.0/MSP430.Emulator.Tests.dll" adapterTypeName="executor://xunit/VsTestRunner3/netcore/" className="MSP430.Emulator.Tests.Instructions.InstructionDecoderTests" name="ExtractOpcode_FormatIII_ReturnsCorrectOpcode" />
    </UnitTest>
    <UnitTest name="MSP430.Emulator.Tests.Configuration.EmulatorConfigTests.MemoryConfig_PropertiesCanBeSet" storage="/home/runner/work/ai_msp430_emulator/ai_msp430_emulator/tests/msp430.emulator.tests/bin/release/net8.0/msp430.emulator.tests.dll" id="f663c666-37f0-7fea-4027-1590ec429fc4">
      <Execution id="86660bb5-1fa7-4e3d-9c1a-e104dd6d3c3b" />
      <TestMethod codeBase="/home/runner/work/ai_msp430_emulator/ai_msp430_emulator/tests/MSP430.Emulator.Tests/bin/Release/net8.0/MSP430.Emulator.Tests.dll" adapterTypeName="executor://xunit/VsTestRunner3/netcore/" className="MSP430.Emulator.Tests.Configuration.EmulatorConfigTests" name="MemoryConfig_PropertiesCanBeSet" />
    </UnitTest>
    <UnitTest name="MSP430.Emulator.Tests.Instructions.Logic.BitInstructionTests.ToString_ByteOperation_IncludesByteModifier" storage="/home/runner/work/ai_msp430_emulator/ai_msp430_emulator/tests/msp430.emulator.tests/bin/release/net8.0/msp430.emulator.tests.dll" id="fa814c8c-42d7-8694-518d-0ec9df0714f7">
      <Execution id="19bb11b6-9490-4b59-b237-5dd974cb66fe" />
      <TestMethod codeBase="/home/runner/work/ai_msp430_emulator/ai_msp430_emulator/tests/MSP430.Emulator.Tests/bin/Release/net8.0/MSP430.Emulator.Tests.dll" adapterTypeName="executor://xunit/VsTestRunner3/netcore/" className="MSP430.Emulator.Tests.Instructions.Logic.BitInstructionTests" name="ToString_ByteOperation_IncludesByteModifier" />
    </UnitTest>
    <UnitTest name="MSP430.Emulator.Tests.Memory.FlashControllerTests.SetProtectionLevel_ValidLevel_ReturnsTrue(level: SecurityLocked)" storage="/home/runner/work/ai_msp430_emulator/ai_msp430_emulator/tests/msp430.emulator.tests/bin/release/net8.0/msp430.emulator.tests.dll" id="5ab21a79-4826-ecf8-10b2-66bbec46c493">
      <Execution id="36a514eb-aab0-4812-9251-510a2fd63430" />
      <TestMethod codeBase="/home/runner/work/ai_msp430_emulator/ai_msp430_emulator/tests/MSP430.Emulator.Tests/bin/Release/net8.0/MSP430.Emulator.Tests.dll" adapterTypeName="executor://xunit/VsTestRunner3/netcore/" className="MSP430.Emulator.Tests.Memory.FlashControllerTests" name="SetProtectionLevel_ValidLevel_ReturnsTrue" />
    </UnitTest>
    <UnitTest name="MSP430.Emulator.Tests.Instructions.Logic.XorInstructionTests.AddressingModes_AllSupportedModes_ReturnCorrectValues(mode: Indexed)" storage="/home/runner/work/ai_msp430_emulator/ai_msp430_emulator/tests/msp430.emulator.tests/bin/release/net8.0/msp430.emulator.tests.dll" id="3e9ca5ee-8b50-0087-fb0c-36d0efe1f8bb">
      <Execution id="a7703caf-a1ba-416a-866a-214bbb965ae4" />
      <TestMethod codeBase="/home/runner/work/ai_msp430_emulator/ai_msp430_emulator/tests/MSP430.Emulator.Tests/bin/Release/net8.0/MSP430.Emulator.Tests.dll" adapterTypeName="executor://xunit/VsTestRunner3/netcore/" className="MSP430.Emulator.Tests.Instructions.Logic.XorInstructionTests" name="AddressingModes_AllSupportedModes_ReturnCorrectValues" />
    </UnitTest>
    <UnitTest name="MSP430.Emulator.Tests.Core.ExecutionStateTests.IsValidTransition_ReturnsExpectedResult(from: Error, to: Reset, expected: True)" storage="/home/runner/work/ai_msp430_emulator/ai_msp430_emulator/tests/msp430.emulator.tests/bin/release/net8.0/msp430.emulator.tests.dll" id="3e1a2abb-210c-3de2-4b6f-27409db9daa2">
      <Execution id="270681cb-9469-4bad-8d0f-9a9d146f1392" />
      <TestMethod codeBase="/home/runner/work/ai_msp430_emulator/ai_msp430_emulator/tests/MSP430.Emulator.Tests/bin/Release/net8.0/MSP430.Emulator.Tests.dll" adapterTypeName="executor://xunit/VsTestRunner3/netcore/" className="MSP430.Emulator.Tests.Core.ExecutionStateTests" name="IsValidTransition_ReturnsExpectedResult" />
    </UnitTest>
    <UnitTest name="MSP430.Emulator.Tests.Instructions.Logic.AndInstructionTests.AddressingModes_AllSupportedModes_ReturnCorrectValues(mode: Absolute)" storage="/home/runner/work/ai_msp430_emulator/ai_msp430_emulator/tests/msp430.emulator.tests/bin/release/net8.0/msp430.emulator.tests.dll" id="02e83787-3267-7f23-8296-ec94abd6c33c">
      <Execution id="9aff67a0-9d87-42bb-b3ca-d2e83aa65823" />
      <TestMethod codeBase="/home/runner/work/ai_msp430_emulator/ai_msp430_emulator/tests/MSP430.Emulator.Tests/bin/Release/net8.0/MSP430.Emulator.Tests.dll" adapterTypeName="executor://xunit/VsTestRunner3/netcore/" className="MSP430.Emulator.Tests.Instructions.Logic.AndInstructionTests" name="AddressingModes_AllSupportedModes_ReturnCorrectValues" />
    </UnitTest>
    <UnitTest name="MSP430.Emulator.Tests.Instructions.Arithmetic.DecInstructionTests.Properties_DifferentRegisters_ReturnCorrectDestination(expected: R4, other: R5)" storage="/home/runner/work/ai_msp430_emulator/ai_msp430_emulator/tests/msp430.emulator.tests/bin/release/net8.0/msp430.emulator.tests.dll" id="b054ac42-fcdd-58e5-5ec8-d833be7eba1d">
      <Execution id="2b760371-9fdd-43b6-ae9d-a2e47c41a27b" />
      <TestMethod codeBase="/home/runner/work/ai_msp430_emulator/ai_msp430_emulator/tests/MSP430.Emulator.Tests/bin/Release/net8.0/MSP430.Emulator.Tests.dll" adapterTypeName="executor://xunit/VsTestRunner3/netcore/" className="MSP430.Emulator.Tests.Instructions.Arithmetic.DecInstructionTests" name="Properties_DifferentRegisters_ReturnCorrectDestination" />
    </UnitTest>
    <UnitTest name="MSP430.Emulator.Tests.Instructions.Arithmetic.SubInstructionTests.ExtensionWordCount_VariousAddressingModes_ReturnsCorrectCount(sourceMode: Register, destMode: Register, expectedCount: 0)" storage="/home/runner/work/ai_msp430_emulator/ai_msp430_emulator/tests/msp430.emulator.tests/bin/release/net8.0/msp430.emulator.tests.dll" id="722280ab-5fa7-43a4-e3b2-cdab43e15412">
      <Execution id="a22b19d8-332c-47cc-bdfa-60d50f69adbf" />
      <TestMethod codeBase="/home/runner/work/ai_msp430_emulator/ai_msp430_emulator/tests/MSP430.Emulator.Tests/bin/Release/net8.0/MSP430.Emulator.Tests.dll" adapterTypeName="executor://xunit/VsTestRunner3/netcore/" className="MSP430.Emulator.Tests.Instructions.Arithmetic.SubInstructionTests" name="ExtensionWordCount_VariousAddressingModes_ReturnsCorrectCount" />
    </UnitTest>
    <UnitTest name="MSP430.Emulator.Tests.Memory.InformationMemoryTests.StoreCalibrationData_SegmentAProtected_Fails" storage="/home/runner/work/ai_msp430_emulator/ai_msp430_emulator/tests/msp430.emulator.tests/bin/release/net8.0/msp430.emulator.tests.dll" id="609b3366-701c-5a44-5ea9-f495e9d3ffff">
      <Execution id="35af625b-ccb0-4a93-9373-9d7aa6894bf9" />
      <TestMethod codeBase="/home/runner/work/ai_msp430_emulator/ai_msp430_emulator/tests/MSP430.Emulator.Tests/bin/Release/net8.0/MSP430.Emulator.Tests.dll" adapterTypeName="executor://xunit/VsTestRunner3/netcore/" className="MSP430.Emulator.Tests.Memory.InformationMemoryTests" name="StoreCalibrationData_SegmentAProtected_Fails" />
    </UnitTest>
    <UnitTest name="MSP430.Emulator.Tests.Instructions.InstructionDecoderTests.ExtractOpcode_FormatIII_ReturnsCorrectOpcode(format: FormatIII, instructionWord: 9216, expected: 1)" storage="/home/runner/work/ai_msp430_emulator/ai_msp430_emulator/tests/msp430.emulator.tests/bin/release/net8.0/msp430.emulator.tests.dll" id="24e9343d-63cb-b719-3e41-936205ab37d4">
      <Execution id="ae30bad6-c144-4c74-a873-721ebf3f9214" />
      <TestMethod codeBase="/home/runner/work/ai_msp430_emulator/ai_msp430_emulator/tests/MSP430.Emulator.Tests/bin/Release/net8.0/MSP430.Emulator.Tests.dll" adapterTypeName="executor://xunit/VsTestRunner3/netcore/" className="MSP430.Emulator.Tests.Instructions.InstructionDecoderTests" name="ExtractOpcode_FormatIII_ReturnsCorrectOpcode" />
    </UnitTest>
    <UnitTest name="MSP430.Emulator.Tests.Logging.ConsoleLoggerTests.Error_CallsLogWithErrorLevel" storage="/home/runner/work/ai_msp430_emulator/ai_msp430_emulator/tests/msp430.emulator.tests/bin/release/net8.0/msp430.emulator.tests.dll" id="47741026-201f-3610-12ce-af00b53f3a12">
      <Execution id="ef4bdb89-9d73-4d27-8bf3-c3127790e7f2" />
      <TestMethod codeBase="/home/runner/work/ai_msp430_emulator/ai_msp430_emulator/tests/MSP430.Emulator.Tests/bin/Release/net8.0/MSP430.Emulator.Tests.dll" adapterTypeName="executor://xunit/VsTestRunner3/netcore/" className="MSP430.Emulator.Tests.Logging.ConsoleLoggerTests" name="Error_CallsLogWithErrorLevel" />
    </UnitTest>
    <UnitTest name="MSP430.Emulator.Tests.Cpu.RegisterFileTests.Constructor_WithLogger_CreatesRegisterFile" storage="/home/runner/work/ai_msp430_emulator/ai_msp430_emulator/tests/msp430.emulator.tests/bin/release/net8.0/msp430.emulator.tests.dll" id="7cf6cec2-50a8-db4c-03c3-c720a1fcb7fe">
      <Execution id="6234ede7-090d-4d72-8d27-1edb285792ce" />
      <TestMethod codeBase="/home/runner/work/ai_msp430_emulator/ai_msp430_emulator/tests/MSP430.Emulator.Tests/bin/Release/net8.0/MSP430.Emulator.Tests.dll" adapterTypeName="executor://xunit/VsTestRunner3/netcore/" className="MSP430.Emulator.Tests.Cpu.RegisterFileTests" name="Constructor_WithLogger_CreatesRegisterFile" />
    </UnitTest>
    <UnitTest name="MSP430.Emulator.Tests.Cpu.RegisterFileTests.ReadRegister_ValidRegister_ReturnsZeroAfterReset(register: R9)" storage="/home/runner/work/ai_msp430_emulator/ai_msp430_emulator/tests/msp430.emulator.tests/bin/release/net8.0/msp430.emulator.tests.dll" id="0f1c4c58-1445-5e7d-6ace-32f1a5821d52">
      <Execution id="27b485d8-7e7b-42f3-93d8-34a5852c0213" />
      <TestMethod codeBase="/home/runner/work/ai_msp430_emulator/ai_msp430_emulator/tests/MSP430.Emulator.Tests/bin/Release/net8.0/MSP430.Emulator.Tests.dll" adapterTypeName="executor://xunit/VsTestRunner3/netcore/" className="MSP430.Emulator.Tests.Cpu.RegisterFileTests" name="ReadRegister_ValidRegister_ReturnsZeroAfterReset" />
    </UnitTest>
    <UnitTest name="MSP430.Emulator.Tests.Cpu.RegisterFileTests.ReadRegisterHighByte_ValidRegister_ReturnsCorrectByte(register: R4, fullValue: 43981, expectedHighByte: 171)" storage="/home/runner/work/ai_msp430_emulator/ai_msp430_emulator/tests/msp430.emulator.tests/bin/release/net8.0/msp430.emulator.tests.dll" id="fca8ab4b-a964-198f-b436-023d3bfc1dae">
      <Execution id="9311fd4f-9849-47b2-b634-4586ba20ec23" />
      <TestMethod codeBase="/home/runner/work/ai_msp430_emulator/ai_msp430_emulator/tests/MSP430.Emulator.Tests/bin/Release/net8.0/MSP430.Emulator.Tests.dll" adapterTypeName="executor://xunit/VsTestRunner3/netcore/" className="MSP430.Emulator.Tests.Cpu.RegisterFileTests" name="ReadRegisterHighByte_ValidRegister_ReturnsCorrectByte" />
    </UnitTest>
    <UnitTest name="MSP430.Emulator.Tests.Instructions.Logic.BitInstructionTests.ExtensionWordCount_VariousAddressingModes_ReturnsCorrectCount(sourceMode: Indexed, destMode: Register, expectedCount: 1)" storage="/home/runner/work/ai_msp430_emulator/ai_msp430_emulator/tests/msp430.emulator.tests/bin/release/net8.0/msp430.emulator.tests.dll" id="15858d0d-a778-3d45-3a6b-85fa3d52007a">
      <Execution id="dc753fc6-914e-4f32-a74f-c137a655b601" />
      <TestMethod codeBase="/home/runner/work/ai_msp430_emulator/ai_msp430_emulator/tests/MSP430.Emulator.Tests/bin/Release/net8.0/MSP430.Emulator.Tests.dll" adapterTypeName="executor://xunit/VsTestRunner3/netcore/" className="MSP430.Emulator.Tests.Instructions.Logic.BitInstructionTests" name="ExtensionWordCount_VariousAddressingModes_ReturnsCorrectCount" />
    </UnitTest>
    <UnitTest name="MSP430.Emulator.Tests.Diagnostics.DiagnosticLoggerTests.FormatRecentEntries_ShouldReturnFormattedString" storage="/home/runner/work/ai_msp430_emulator/ai_msp430_emulator/tests/msp430.emulator.tests/bin/release/net8.0/msp430.emulator.tests.dll" id="8a736130-930b-885a-c70b-4bb868f3b28e">
      <Execution id="59ada42a-0292-4bf5-8075-1f6b34f68c5a" />
      <TestMethod codeBase="/home/runner/work/ai_msp430_emulator/ai_msp430_emulator/tests/MSP430.Emulator.Tests/bin/Release/net8.0/MSP430.Emulator.Tests.dll" adapterTypeName="executor://xunit/VsTestRunner3/netcore/" className="MSP430.Emulator.Tests.Diagnostics.DiagnosticLoggerTests" name="FormatRecentEntries_ShouldReturnFormattedString" />
    </UnitTest>
    <UnitTest name="MSP430.Emulator.Tests.Cpu.StatusRegisterTests.CpuOff_GetSet_WorksCorrectly(value: 16, expected: True)" storage="/home/runner/work/ai_msp430_emulator/ai_msp430_emulator/tests/msp430.emulator.tests/bin/release/net8.0/msp430.emulator.tests.dll" id="35bc929d-39dc-9f08-0368-785fa42a098a">
      <Execution id="6fd8cb09-a1c0-4148-a6c7-4801dc26091a" />
      <TestMethod codeBase="/home/runner/work/ai_msp430_emulator/ai_msp430_emulator/tests/MSP430.Emulator.Tests/bin/Release/net8.0/MSP430.Emulator.Tests.dll" adapterTypeName="executor://xunit/VsTestRunner3/netcore/" className="MSP430.Emulator.Tests.Cpu.StatusRegisterTests" name="CpuOff_GetSet_WorksCorrectly" />
    </UnitTest>
    <UnitTest name="MSP430.Emulator.Tests.Instructions.Logic.XorInstructionTests.ToString_ByteOperation_IncludesByteModifier" storage="/home/runner/work/ai_msp430_emulator/ai_msp430_emulator/tests/msp430.emulator.tests/bin/release/net8.0/msp430.emulator.tests.dll" id="065c3829-0f64-0b0f-ca02-a98a5b6cfe9f">
      <Execution id="cdfc18ac-ee52-4db3-a0de-75f7242eea41" />
      <TestMethod codeBase="/home/runner/work/ai_msp430_emulator/ai_msp430_emulator/tests/MSP430.Emulator.Tests/bin/Release/net8.0/MSP430.Emulator.Tests.dll" adapterTypeName="executor://xunit/VsTestRunner3/netcore/" className="MSP430.Emulator.Tests.Instructions.Logic.XorInstructionTests" name="ToString_ByteOperation_IncludesByteModifier" />
    </UnitTest>
    <UnitTest name="MSP430.Emulator.Tests.Cpu.RegisterFileTests.SetStackPointer_UpdatesR1" storage="/home/runner/work/ai_msp430_emulator/ai_msp430_emulator/tests/msp430.emulator.tests/bin/release/net8.0/msp430.emulator.tests.dll" id="a5938af0-402b-0268-7d39-d9cf1e717234">
      <Execution id="47257ea5-870d-4bc7-af4c-70aaec083d4f" />
      <TestMethod codeBase="/home/runner/work/ai_msp430_emulator/ai_msp430_emulator/tests/MSP430.Emulator.Tests/bin/Release/net8.0/MSP430.Emulator.Tests.dll" adapterTypeName="executor://xunit/VsTestRunner3/netcore/" className="MSP430.Emulator.Tests.Cpu.RegisterFileTests" name="SetStackPointer_UpdatesR1" />
    </UnitTest>
    <UnitTest name="MSP430.Emulator.Tests.Memory.RandomAccessMemoryTests.IsAddressInBounds_VariousAddresses_ReturnsExpectedResult(address: 9215, expected: True)" storage="/home/runner/work/ai_msp430_emulator/ai_msp430_emulator/tests/msp430.emulator.tests/bin/release/net8.0/msp430.emulator.tests.dll" id="b69506f3-4a47-9ca1-b3e1-564d5c2e7a04">
      <Execution id="53c76605-deb7-49d8-a778-35fa085ccfbe" />
      <TestMethod codeBase="/home/runner/work/ai_msp430_emulator/ai_msp430_emulator/tests/MSP430.Emulator.Tests/bin/Release/net8.0/MSP430.Emulator.Tests.dll" adapterTypeName="executor://xunit/VsTestRunner3/netcore/" className="MSP430.Emulator.Tests.Memory.RandomAccessMemoryTests" name="IsAddressInBounds_VariousAddresses_ReturnsExpectedResult" />
    </UnitTest>
    <UnitTest name="MSP430.Emulator.Tests.Memory.FlashControllerTests.StartSectorErase_WhenUnlocked_ReturnsTrue" storage="/home/runner/work/ai_msp430_emulator/ai_msp430_emulator/tests/msp430.emulator.tests/bin/release/net8.0/msp430.emulator.tests.dll" id="488a266d-b481-eda0-c984-c601c45ed5d2">
      <Execution id="c0ccfa72-d153-45d4-8129-10b23e385884" />
      <TestMethod codeBase="/home/runner/work/ai_msp430_emulator/ai_msp430_emulator/tests/MSP430.Emulator.Tests/bin/Release/net8.0/MSP430.Emulator.Tests.dll" adapterTypeName="executor://xunit/VsTestRunner3/netcore/" className="MSP430.Emulator.Tests.Memory.FlashControllerTests" name="StartSectorErase_WhenUnlocked_ReturnsTrue" />
    </UnitTest>
    <UnitTest name="MSP430.Emulator.Tests.Instructions.InstructionDecoderTests.GetInstructionFormat_FormatII_ReturnsFormatII(instructionWord: 4160)" storage="/home/runner/work/ai_msp430_emulator/ai_msp430_emulator/tests/msp430.emulator.tests/bin/release/net8.0/msp430.emulator.tests.dll" id="9950094f-dbf1-f08b-68d2-f4ce90c25146">
      <Execution id="50ea037c-a648-43f6-b59d-f1895fb86575" />
      <TestMethod codeBase="/home/runner/work/ai_msp430_emulator/ai_msp430_emulator/tests/MSP430.Emulator.Tests/bin/Release/net8.0/MSP430.Emulator.Tests.dll" adapterTypeName="executor://xunit/VsTestRunner3/netcore/" className="MSP430.Emulator.Tests.Instructions.InstructionDecoderTests" name="GetInstructionFormat_FormatII_ReturnsFormatII" />
    </UnitTest>
    <UnitTest name="MSP430.Emulator.Tests.Instructions.Arithmetic.CmpInstructionTests.ExtensionWordCount_VariousAddressingModes_ReturnsCorrectCount(sourceMode: Register, destMode: Register, expectedCount: 0)" storage="/home/runner/work/ai_msp430_emulator/ai_msp430_emulator/tests/msp430.emulator.tests/bin/release/net8.0/msp430.emulator.tests.dll" id="3216182a-d049-1116-88e8-ea7427c16152">
      <Execution id="3475c944-577f-4c9b-8162-84c102993c6b" />
      <TestMethod codeBase="/home/runner/work/ai_msp430_emulator/ai_msp430_emulator/tests/MSP430.Emulator.Tests/bin/Release/net8.0/MSP430.Emulator.Tests.dll" adapterTypeName="executor://xunit/VsTestRunner3/netcore/" className="MSP430.Emulator.Tests.Instructions.Arithmetic.CmpInstructionTests" name="ExtensionWordCount_VariousAddressingModes_ReturnsCorrectCount" />
    </UnitTest>
    <UnitTest name="MSP430.Emulator.Tests.Memory.MemoryAccessValidatorTests.ValidateWrite_ReadOnlyRegion_ThrowsMemoryAccessException" storage="/home/runner/work/ai_msp430_emulator/ai_msp430_emulator/tests/msp430.emulator.tests/bin/release/net8.0/msp430.emulator.tests.dll" id="3350bb67-b976-1d1d-910e-520a09b6e7d2">
      <Execution id="1faaf871-35be-4881-aff9-505bfd29f46f" />
      <TestMethod codeBase="/home/runner/work/ai_msp430_emulator/ai_msp430_emulator/tests/MSP430.Emulator.Tests/bin/Release/net8.0/MSP430.Emulator.Tests.dll" adapterTypeName="executor://xunit/VsTestRunner3/netcore/" className="MSP430.Emulator.Tests.Memory.MemoryAccessValidatorTests" name="ValidateWrite_ReadOnlyRegion_ThrowsMemoryAccessException" />
    </UnitTest>
    <UnitTest name="MSP430.Emulator.Tests.Memory.FlashMemoryTests.ReadByte_ValidAddress_ReturnsErasedValue" storage="/home/runner/work/ai_msp430_emulator/ai_msp430_emulator/tests/msp430.emulator.tests/bin/release/net8.0/msp430.emulator.tests.dll" id="0f393889-4867-1ee9-c8b1-b573e1ff8b5d">
      <Execution id="bd654020-8ff9-497c-83b9-9f04d1d0c733" />
      <TestMethod codeBase="/home/runner/work/ai_msp430_emulator/ai_msp430_emulator/tests/MSP430.Emulator.Tests/bin/Release/net8.0/MSP430.Emulator.Tests.dll" adapterTypeName="executor://xunit/VsTestRunner3/netcore/" className="MSP430.Emulator.Tests.Memory.FlashMemoryTests" name="ReadByte_ValidAddress_ReturnsErasedValue" />
    </UnitTest>
    <UnitTest name="MSP430.Emulator.Tests.Memory.RandomAccessMemoryTests.GetReadCycles_AllAddresses_ReturnsConstantCycles(address: 8448, isWordAccess: True, expectedCycles: 1)" storage="/home/runner/work/ai_msp430_emulator/ai_msp430_emulator/tests/msp430.emulator.tests/bin/release/net8.0/msp430.emulator.tests.dll" id="833195a6-0ab7-f91f-a4fd-b3d73360dded">
      <Execution id="35770258-bc9f-4251-a244-229ef55ca499" />
      <TestMethod codeBase="/home/runner/work/ai_msp430_emulator/ai_msp430_emulator/tests/MSP430.Emulator.Tests/bin/Release/net8.0/MSP430.Emulator.Tests.dll" adapterTypeName="executor://xunit/VsTestRunner3/netcore/" className="MSP430.Emulator.Tests.Memory.RandomAccessMemoryTests" name="GetReadCycles_AllAddresses_ReturnsConstantCycles" />
    </UnitTest>
    <UnitTest name="MSP430.Emulator.Tests.Memory.InformationMemoryTests.IsRangeInBounds_VariousRanges_ReturnsExpectedResult(startAddress: 6144, length: -1, expected: False)" storage="/home/runner/work/ai_msp430_emulator/ai_msp430_emulator/tests/msp430.emulator.tests/bin/release/net8.0/msp430.emulator.tests.dll" id="ef66eac2-f765-d5f4-9898-9f25322b82ca">
      <Execution id="3ab21da0-6c87-4b26-9b2c-07f7d232668d" />
      <TestMethod codeBase="/home/runner/work/ai_msp430_emulator/ai_msp430_emulator/tests/MSP430.Emulator.Tests/bin/Release/net8.0/MSP430.Emulator.Tests.dll" adapterTypeName="executor://xunit/VsTestRunner3/netcore/" className="MSP430.Emulator.Tests.Memory.InformationMemoryTests" name="IsRangeInBounds_VariousRanges_ReturnsExpectedResult" />
    </UnitTest>
    <UnitTest name="MSP430.Emulator.Tests.Memory.RandomAccessMemoryTests.Clear_AllMemory_SetsAllBytesToZero" storage="/home/runner/work/ai_msp430_emulator/ai_msp430_emulator/tests/msp430.emulator.tests/bin/release/net8.0/msp430.emulator.tests.dll" id="b2b63530-2e71-d84f-06e9-aae804ce9da6">
      <Execution id="86880c29-7fe0-4702-a01c-379d6184bd96" />
      <TestMethod codeBase="/home/runner/work/ai_msp430_emulator/ai_msp430_emulator/tests/MSP430.Emulator.Tests/bin/Release/net8.0/MSP430.Emulator.Tests.dll" adapterTypeName="executor://xunit/VsTestRunner3/netcore/" className="MSP430.Emulator.Tests.Memory.RandomAccessMemoryTests" name="Clear_AllMemory_SetsAllBytesToZero" />
    </UnitTest>
    <UnitTest name="MSP430.Emulator.Tests.Instructions.Arithmetic.DecInstructionTests.Execute_ByteNegativeOverflow_SetsOverflowFlag" storage="/home/runner/work/ai_msp430_emulator/ai_msp430_emulator/tests/msp430.emulator.tests/bin/release/net8.0/msp430.emulator.tests.dll" id="19e40db6-38ef-d062-5dec-46c8b89128c0">
      <Execution id="fe47930f-74e4-42b3-aa4b-1226857aca97" />
      <TestMethod codeBase="/home/runner/work/ai_msp430_emulator/ai_msp430_emulator/tests/MSP430.Emulator.Tests/bin/Release/net8.0/MSP430.Emulator.Tests.dll" adapterTypeName="executor://xunit/VsTestRunner3/netcore/" className="MSP430.Emulator.Tests.Instructions.Arithmetic.DecInstructionTests" name="Execute_ByteNegativeOverflow_SetsOverflowFlag" />
    </UnitTest>
    <UnitTest name="MSP430.Emulator.Tests.Memory.InformationMemoryTests.Constructor_WithLogger_CreatesInformationMemory" storage="/home/runner/work/ai_msp430_emulator/ai_msp430_emulator/tests/msp430.emulator.tests/bin/release/net8.0/msp430.emulator.tests.dll" id="7446691d-2493-9ea9-e7ac-67efd3870e45">
      <Execution id="bf2dcbc3-4270-46ff-98a9-2a8ab61be82e" />
      <TestMethod codeBase="/home/runner/work/ai_msp430_emulator/ai_msp430_emulator/tests/MSP430.Emulator.Tests/bin/Release/net8.0/MSP430.Emulator.Tests.dll" adapterTypeName="executor://xunit/VsTestRunner3/netcore/" className="MSP430.Emulator.Tests.Memory.InformationMemoryTests" name="Constructor_WithLogger_CreatesInformationMemory" />
    </UnitTest>
    <UnitTest name="MSP430.Emulator.Tests.Core.ExecutionStateTests.CanExecute_ReturnsExpectedResult(state: Halted, expected: False)" storage="/home/runner/work/ai_msp430_emulator/ai_msp430_emulator/tests/msp430.emulator.tests/bin/release/net8.0/msp430.emulator.tests.dll" id="bfd33dc5-4766-e21e-0d3d-f963c4637e6a">
      <Execution id="8f6b57cd-ea4f-41b1-a759-d624c33c13a7" />
      <TestMethod codeBase="/home/runner/work/ai_msp430_emulator/ai_msp430_emulator/tests/MSP430.Emulator.Tests/bin/Release/net8.0/MSP430.Emulator.Tests.dll" adapterTypeName="executor://xunit/VsTestRunner3/netcore/" className="MSP430.Emulator.Tests.Core.ExecutionStateTests" name="CanExecute_ReturnsExpectedResult" />
    </UnitTest>
    <UnitTest name="MSP430.Emulator.Tests.Instructions.AddressingModeDecoderTests.DecodeDestinationAddressingMode_R2_ReturnsCorrectMode(adBit: False, expected: Register)" storage="/home/runner/work/ai_msp430_emulator/ai_msp430_emulator/tests/msp430.emulator.tests/bin/release/net8.0/msp430.emulator.tests.dll" id="267772b2-f723-87d3-bead-7799fc81175f">
      <Execution id="8827c9e1-5b21-4226-ad85-ab91a922f70c" />
      <TestMethod codeBase="/home/runner/work/ai_msp430_emulator/ai_msp430_emulator/tests/MSP430.Emulator.Tests/bin/Release/net8.0/MSP430.Emulator.Tests.dll" adapterTypeName="executor://xunit/VsTestRunner3/netcore/" className="MSP430.Emulator.Tests.Instructions.AddressingModeDecoderTests" name="DecodeDestinationAddressingMode_R2_ReturnsCorrectMode" />
    </UnitTest>
    <UnitTest name="MSP430.Emulator.Tests.Instructions.Arithmetic.AddInstructionTests.Properties_VariousRegisters_ReturnCorrectValues(source: CG1, dest: R4)" storage="/home/runner/work/ai_msp430_emulator/ai_msp430_emulator/tests/msp430.emulator.tests/bin/release/net8.0/msp430.emulator.tests.dll" id="c8c944b8-f0fd-2add-6fba-cb0d56ff4a9b">
      <Execution id="6f9c8d38-e143-4319-8524-8887abfeda2e" />
      <TestMethod codeBase="/home/runner/work/ai_msp430_emulator/ai_msp430_emulator/tests/MSP430.Emulator.Tests/bin/Release/net8.0/MSP430.Emulator.Tests.dll" adapterTypeName="executor://xunit/VsTestRunner3/netcore/" className="MSP430.Emulator.Tests.Instructions.Arithmetic.AddInstructionTests" name="Properties_VariousRegisters_ReturnCorrectValues" />
    </UnitTest>
    <UnitTest name="MSP430.Emulator.Tests.Memory.FlashMemoryTests.Constructor_InvalidSize_ThrowsArgumentOutOfRangeException(invalidSize: 300000)" storage="/home/runner/work/ai_msp430_emulator/ai_msp430_emulator/tests/msp430.emulator.tests/bin/release/net8.0/msp430.emulator.tests.dll" id="5aedb398-2652-0db1-9bf3-995d09c47bc1">
      <Execution id="668d0f42-260e-4849-b652-f4ddb727e0c4" />
      <TestMethod codeBase="/home/runner/work/ai_msp430_emulator/ai_msp430_emulator/tests/MSP430.Emulator.Tests/bin/Release/net8.0/MSP430.Emulator.Tests.dll" adapterTypeName="executor://xunit/VsTestRunner3/netcore/" className="MSP430.Emulator.Tests.Memory.FlashMemoryTests" name="Constructor_InvalidSize_ThrowsArgumentOutOfRangeException" />
    </UnitTest>
    <UnitTest name="MSP430.Emulator.Tests.Instructions.Logic.BitInstructionTests.ToString_VariousAddressingModes_FormatsCorrectly(mode: Symbolic, expectedOperand: &quot;ADDR&quot;)" storage="/home/runner/work/ai_msp430_emulator/ai_msp430_emulator/tests/msp430.emulator.tests/bin/release/net8.0/msp430.emulator.tests.dll" id="5832640e-5ab0-9405-7f00-cb86ec1fad04">
      <Execution id="09b18ce4-8497-4c28-887f-9e84bae9b069" />
      <TestMethod codeBase="/home/runner/work/ai_msp430_emulator/ai_msp430_emulator/tests/MSP430.Emulator.Tests/bin/Release/net8.0/MSP430.Emulator.Tests.dll" adapterTypeName="executor://xunit/VsTestRunner3/netcore/" className="MSP430.Emulator.Tests.Instructions.Logic.BitInstructionTests" name="ToString_VariousAddressingModes_FormatsCorrectly" />
    </UnitTest>
    <UnitTest name="MSP430.Emulator.Tests.Logging.ConsoleLoggerTests.Constructor_SetsDefaultMinimumLevel" storage="/home/runner/work/ai_msp430_emulator/ai_msp430_emulator/tests/msp430.emulator.tests/bin/release/net8.0/msp430.emulator.tests.dll" id="ffa8740c-35ca-d3dc-873d-a518b96e7c73">
      <Execution id="4a506d5c-6f4d-4225-a789-26331de13aef" />
      <TestMethod codeBase="/home/runner/work/ai_msp430_emulator/ai_msp430_emulator/tests/MSP430.Emulator.Tests/bin/Release/net8.0/MSP430.Emulator.Tests.dll" adapterTypeName="executor://xunit/VsTestRunner3/netcore/" className="MSP430.Emulator.Tests.Logging.ConsoleLoggerTests" name="Constructor_SetsDefaultMinimumLevel" />
    </UnitTest>
    <UnitTest name="MSP430.Emulator.Tests.Instructions.Arithmetic.DecInstructionTests.AddressingModes_AllSupportedModes_ReturnCorrectValues(mode: Indirect)" storage="/home/runner/work/ai_msp430_emulator/ai_msp430_emulator/tests/msp430.emulator.tests/bin/release/net8.0/msp430.emulator.tests.dll" id="c683dff0-9190-ce29-85eb-e372d7bc0b8e">
      <Execution id="6f57f8e1-5eb7-415d-bc87-96c217e4f8c4" />
      <TestMethod codeBase="/home/runner/work/ai_msp430_emulator/ai_msp430_emulator/tests/MSP430.Emulator.Tests/bin/Release/net8.0/MSP430.Emulator.Tests.dll" adapterTypeName="executor://xunit/VsTestRunner3/netcore/" className="MSP430.Emulator.Tests.Instructions.Arithmetic.DecInstructionTests" name="AddressingModes_AllSupportedModes_ReturnCorrectValues" />
    </UnitTest>
    <UnitTest name="MSP430.Emulator.Tests.Instructions.Arithmetic.SubInstructionTests.ExtensionWordCount_VariousAddressingModes_ReturnsCorrectCount(sourceMode: Immediate, destMode: Absolute, expectedCount: 2)" storage="/home/runner/work/ai_msp430_emulator/ai_msp430_emulator/tests/msp430.emulator.tests/bin/release/net8.0/msp430.emulator.tests.dll" id="af79cf4b-643f-4d7f-7b4c-8d05add6d49d">
      <Execution id="b2f3712e-d923-4d9a-ba97-923366cdac64" />
      <TestMethod codeBase="/home/runner/work/ai_msp430_emulator/ai_msp430_emulator/tests/MSP430.Emulator.Tests/bin/Release/net8.0/MSP430.Emulator.Tests.dll" adapterTypeName="executor://xunit/VsTestRunner3/netcore/" className="MSP430.Emulator.Tests.Instructions.Arithmetic.SubInstructionTests" name="ExtensionWordCount_VariousAddressingModes_ReturnsCorrectCount" />
    </UnitTest>
    <UnitTest name="MSP430.Emulator.Tests.Instructions.Logic.BitInstructionTests.AddressingModes_AllSupportedModes_ReturnCorrectValues(mode: Indirect)" storage="/home/runner/work/ai_msp430_emulator/ai_msp430_emulator/tests/msp430.emulator.tests/bin/release/net8.0/msp430.emulator.tests.dll" id="709d8a38-dfbd-23df-cc3e-c2dc156dc165">
      <Execution id="6fc472b5-2192-446a-bd03-9d9e14866515" />
      <TestMethod codeBase="/home/runner/work/ai_msp430_emulator/ai_msp430_emulator/tests/MSP430.Emulator.Tests/bin/Release/net8.0/MSP430.Emulator.Tests.dll" adapterTypeName="executor://xunit/VsTestRunner3/netcore/" className="MSP430.Emulator.Tests.Instructions.Logic.BitInstructionTests" name="AddressingModes_AllSupportedModes_ReturnCorrectValues" />
    </UnitTest>
    <UnitTest name="MSP430.Emulator.Tests.Instructions.AddressingModeDecoderTests.DecodeDestinationAddressingMode_GeneralPurposeRegisters_ReturnsCorrectMode(register: R5, adBit: True, expected: Indexed)" storage="/home/runner/work/ai_msp430_emulator/ai_msp430_emulator/tests/msp430.emulator.tests/bin/release/net8.0/msp430.emulator.tests.dll" id="c94bfdd6-ccee-489f-c9f8-b0ee6ce801b7">
      <Execution id="ff9a3573-9303-495f-bcd3-e8b24e49d22a" />
      <TestMethod codeBase="/home/runner/work/ai_msp430_emulator/ai_msp430_emulator/tests/MSP430.Emulator.Tests/bin/Release/net8.0/MSP430.Emulator.Tests.dll" adapterTypeName="executor://xunit/VsTestRunner3/netcore/" className="MSP430.Emulator.Tests.Instructions.AddressingModeDecoderTests" name="DecodeDestinationAddressingMode_GeneralPurposeRegisters_ReturnsCorrectMode" />
    </UnitTest>
    <UnitTest name="MSP430.Emulator.Tests.Cpu.StatusRegisterTests.UpdateFlags_VariousScenarios_UpdatesCorrectly(result: 0, updateCarry: True, updateOverflow: False)" storage="/home/runner/work/ai_msp430_emulator/ai_msp430_emulator/tests/msp430.emulator.tests/bin/release/net8.0/msp430.emulator.tests.dll" id="a1e019af-289b-1256-8206-5849172bdbe4">
      <Execution id="98c05865-c06e-47d6-b6fa-773a74bd5d6f" />
      <TestMethod codeBase="/home/runner/work/ai_msp430_emulator/ai_msp430_emulator/tests/MSP430.Emulator.Tests/bin/Release/net8.0/MSP430.Emulator.Tests.dll" adapterTypeName="executor://xunit/VsTestRunner3/netcore/" className="MSP430.Emulator.Tests.Cpu.StatusRegisterTests" name="UpdateFlags_VariousScenarios_UpdatesCorrectly" />
    </UnitTest>
    <UnitTest name="MSP430.Emulator.Tests.Instructions.Logic.XorInstructionTests.DestinationRegister_AllRegisters_ReturnsCorrectRegister(register: R2)" storage="/home/runner/work/ai_msp430_emulator/ai_msp430_emulator/tests/msp430.emulator.tests/bin/release/net8.0/msp430.emulator.tests.dll" id="20dc53e9-ed46-1695-ce95-552d5af99dd3">
      <Execution id="31b8d685-3726-4a67-8c30-8f289d966df1" />
      <TestMethod codeBase="/home/runner/work/ai_msp430_emulator/ai_msp430_emulator/tests/MSP430.Emulator.Tests/bin/Release/net8.0/MSP430.Emulator.Tests.dll" adapterTypeName="executor://xunit/VsTestRunner3/netcore/" className="MSP430.Emulator.Tests.Instructions.Logic.XorInstructionTests" name="DestinationRegister_AllRegisters_ReturnsCorrectRegister" />
    </UnitTest>
    <UnitTest name="MSP430.Emulator.Tests.Memory.InformationMemoryTests.InformationSegmentInfo_Size_CalculatedCorrectly" storage="/home/runner/work/ai_msp430_emulator/ai_msp430_emulator/tests/msp430.emulator.tests/bin/release/net8.0/msp430.emulator.tests.dll" id="8e43f6b3-2730-aaf0-033b-ad5746360ac4">
      <Execution id="30ff6e1f-3e10-4fb4-88a5-b0aec59152e6" />
      <TestMethod codeBase="/home/runner/work/ai_msp430_emulator/ai_msp430_emulator/tests/MSP430.Emulator.Tests/bin/Release/net8.0/MSP430.Emulator.Tests.dll" adapterTypeName="executor://xunit/VsTestRunner3/netcore/" className="MSP430.Emulator.Tests.Memory.InformationMemoryTests" name="InformationSegmentInfo_Size_CalculatedCorrectly" />
    </UnitTest>
    <UnitTest name="MSP430.Emulator.Tests.Instructions.Arithmetic.DecInstructionTests.Properties_VariousRegisters_ReturnCorrectValues(dest: R0)" storage="/home/runner/work/ai_msp430_emulator/ai_msp430_emulator/tests/msp430.emulator.tests/bin/release/net8.0/msp430.emulator.tests.dll" id="18fc4f74-de19-7941-0a90-78da678f54ee">
      <Execution id="3d25e941-86d7-4200-95de-26bf92a2402e" />
      <TestMethod codeBase="/home/runner/work/ai_msp430_emulator/ai_msp430_emulator/tests/MSP430.Emulator.Tests/bin/Release/net8.0/MSP430.Emulator.Tests.dll" adapterTypeName="executor://xunit/VsTestRunner3/netcore/" className="MSP430.Emulator.Tests.Instructions.Arithmetic.DecInstructionTests" name="Properties_VariousRegisters_ReturnCorrectValues" />
    </UnitTest>
    <UnitTest name="MSP430.Emulator.Tests.Memory.MemoryControllerTests.IsValidAddress_ValidAddresses_ReturnsTrue(address: 8192)" storage="/home/runner/work/ai_msp430_emulator/ai_msp430_emulator/tests/msp430.emulator.tests/bin/release/net8.0/msp430.emulator.tests.dll" id="254915f7-135d-5777-20a6-9d5e2288a6cd">
      <Execution id="53fdda50-45ce-4630-ba07-95b637d5e55f" />
      <TestMethod codeBase="/home/runner/work/ai_msp430_emulator/ai_msp430_emulator/tests/MSP430.Emulator.Tests/bin/Release/net8.0/MSP430.Emulator.Tests.dll" adapterTypeName="executor://xunit/VsTestRunner3/netcore/" className="MSP430.Emulator.Tests.Memory.MemoryControllerTests" name="IsValidAddress_ValidAddresses_ReturnsTrue" />
    </UnitTest>
    <UnitTest name="MSP430.Emulator.Tests.Instructions.Arithmetic.DecInstructionTests.ExtensionWordCount_VariousAddressingModes_ReturnsCorrectCount(destMode: Indexed, expectedCount: 1)" storage="/home/runner/work/ai_msp430_emulator/ai_msp430_emulator/tests/msp430.emulator.tests/bin/release/net8.0/msp430.emulator.tests.dll" id="8d7b87ea-388d-5076-c59f-bb3a50b0147a">
      <Execution id="ee33d837-6715-467d-aafd-32811c997597" />
      <TestMethod codeBase="/home/runner/work/ai_msp430_emulator/ai_msp430_emulator/tests/MSP430.Emulator.Tests/bin/Release/net8.0/MSP430.Emulator.Tests.dll" adapterTypeName="executor://xunit/VsTestRunner3/netcore/" className="MSP430.Emulator.Tests.Instructions.Arithmetic.DecInstructionTests" name="ExtensionWordCount_VariousAddressingModes_ReturnsCorrectCount" />
    </UnitTest>
    <UnitTest name="MSP430.Emulator.Tests.Cpu.StatusRegisterTests.UpdateFlagsAfterSubtraction_ByteOperation_SetsCorrectFlags(operand1: 127, operand2: 128, result: 255, isByteOp: True, expectedZero: False, expectedNegative: True, expectedCarry: False, expectedOverflow: True)" storage="/home/runner/work/ai_msp430_emulator/ai_msp430_emulator/tests/msp430.emulator.tests/bin/release/net8.0/msp430.emulator.tests.dll" id="f732ba44-88e7-bc07-413f-df6e2c40f727">
      <Execution id="9f13ec10-4875-4a8f-8645-73250404d881" />
      <TestMethod codeBase="/home/runner/work/ai_msp430_emulator/ai_msp430_emulator/tests/MSP430.Emulator.Tests/bin/Release/net8.0/MSP430.Emulator.Tests.dll" adapterTypeName="executor://xunit/VsTestRunner3/netcore/" className="MSP430.Emulator.Tests.Cpu.StatusRegisterTests" name="UpdateFlagsAfterSubtraction_ByteOperation_SetsCorrectFlags" />
    </UnitTest>
    <UnitTest name="MSP430.Emulator.Tests.Instructions.Logic.BisInstructionTests.SourceRegister_AllRegisters_ReturnsCorrectRegister(register: CG1)" storage="/home/runner/work/ai_msp430_emulator/ai_msp430_emulator/tests/msp430.emulator.tests/bin/release/net8.0/msp430.emulator.tests.dll" id="2c48a7d6-3012-593f-a6ff-95c0b2b8ac08">
      <Execution id="74c448b2-b8f4-45a7-9b1e-6869c9ffe64a" />
      <TestMethod codeBase="/home/runner/work/ai_msp430_emulator/ai_msp430_emulator/tests/MSP430.Emulator.Tests/bin/Release/net8.0/MSP430.Emulator.Tests.dll" adapterTypeName="executor://xunit/VsTestRunner3/netcore/" className="MSP430.Emulator.Tests.Instructions.Logic.BisInstructionTests" name="SourceRegister_AllRegisters_ReturnsCorrectRegister" />
    </UnitTest>
    <UnitTest name="MSP430.Emulator.Tests.Memory.MemoryAccessValidatorTests.ValidateRead_LogsDebugOnSuccess" storage="/home/runner/work/ai_msp430_emulator/ai_msp430_emulator/tests/msp430.emulator.tests/bin/release/net8.0/msp430.emulator.tests.dll" id="e06e84bf-7e0d-2716-11ec-7504bf4b0073">
      <Execution id="0cd13cfb-ce08-48a6-9858-a67596612afc" />
      <TestMethod codeBase="/home/runner/work/ai_msp430_emulator/ai_msp430_emulator/tests/MSP430.Emulator.Tests/bin/Release/net8.0/MSP430.Emulator.Tests.dll" adapterTypeName="executor://xunit/VsTestRunner3/netcore/" className="MSP430.Emulator.Tests.Memory.MemoryAccessValidatorTests" name="ValidateRead_LogsDebugOnSuccess" />
    </UnitTest>
    <UnitTest name="MSP430.Emulator.Tests.Instructions.InstructionDecoderTests.ExtractOpcode_FormatII_ReturnsCorrectOpcode(format: FormatII, instructionWord: 4864, expected: 19)" storage="/home/runner/work/ai_msp430_emulator/ai_msp430_emulator/tests/msp430.emulator.tests/bin/release/net8.0/msp430.emulator.tests.dll" id="0737d46b-ce46-45a9-29c3-b0c62982056a">
      <Execution id="eda47b7b-b568-4bf8-91b2-eabaa4b051c7" />
      <TestMethod codeBase="/home/runner/work/ai_msp430_emulator/ai_msp430_emulator/tests/MSP430.Emulator.Tests/bin/Release/net8.0/MSP430.Emulator.Tests.dll" adapterTypeName="executor://xunit/VsTestRunner3/netcore/" className="MSP430.Emulator.Tests.Instructions.InstructionDecoderTests" name="ExtractOpcode_FormatII_ReturnsCorrectOpcode" />
    </UnitTest>
    <UnitTest name="MSP430.Emulator.Tests.Instructions.Arithmetic.DecInstructionTests.Execute_AbsoluteMode_DecrementsMemoryValue" storage="/home/runner/work/ai_msp430_emulator/ai_msp430_emulator/tests/msp430.emulator.tests/bin/release/net8.0/msp430.emulator.tests.dll" id="4e41581b-cc15-32c9-70d7-732a09f42f83">
      <Execution id="7fcce632-4a1b-4ed8-9695-d89b4c566750" />
      <TestMethod codeBase="/home/runner/work/ai_msp430_emulator/ai_msp430_emulator/tests/MSP430.Emulator.Tests/bin/Release/net8.0/MSP430.Emulator.Tests.dll" adapterTypeName="executor://xunit/VsTestRunner3/netcore/" className="MSP430.Emulator.Tests.Instructions.Arithmetic.DecInstructionTests" name="Execute_AbsoluteMode_DecrementsMemoryValue" />
    </UnitTest>
    <UnitTest name="MSP430.Emulator.Tests.Memory.InformationMemoryTests.GetSegment_ValidAddresses_ReturnsCorrectSegment(address: 6655, expectedSegment: SegmentA)" storage="/home/runner/work/ai_msp430_emulator/ai_msp430_emulator/tests/msp430.emulator.tests/bin/release/net8.0/msp430.emulator.tests.dll" id="94c23d6a-18b2-30e3-f0e0-7dde101a1b8d">
      <Execution id="f6ed676b-f306-4624-bbba-b7284904009a" />
      <TestMethod codeBase="/home/runner/work/ai_msp430_emulator/ai_msp430_emulator/tests/MSP430.Emulator.Tests/bin/Release/net8.0/MSP430.Emulator.Tests.dll" adapterTypeName="executor://xunit/VsTestRunner3/netcore/" className="MSP430.Emulator.Tests.Memory.InformationMemoryTests" name="GetSegment_ValidAddresses_ReturnsCorrectSegment" />
    </UnitTest>
    <UnitTest name="MSP430.Emulator.Tests.Memory.MemoryControllerTests.GetAccessCycles_RamAccess_ReturnsExpectedCycles" storage="/home/runner/work/ai_msp430_emulator/ai_msp430_emulator/tests/msp430.emulator.tests/bin/release/net8.0/msp430.emulator.tests.dll" id="d67679b5-eb54-e82e-8448-d8ad825684e8">
      <Execution id="f1a6fa62-9210-409a-872d-c1339068b52f" />
      <TestMethod codeBase="/home/runner/work/ai_msp430_emulator/ai_msp430_emulator/tests/MSP430.Emulator.Tests/bin/Release/net8.0/MSP430.Emulator.Tests.dll" adapterTypeName="executor://xunit/VsTestRunner3/netcore/" className="MSP430.Emulator.Tests.Memory.MemoryControllerTests" name="GetAccessCycles_RamAccess_ReturnsExpectedCycles" />
    </UnitTest>
    <UnitTest name="MSP430.Emulator.Tests.Memory.FlashControllerTests.GetEraseCycles_ValidOperation_ReturnsExpectedCycles(operation: SegmentErase)" storage="/home/runner/work/ai_msp430_emulator/ai_msp430_emulator/tests/msp430.emulator.tests/bin/release/net8.0/msp430.emulator.tests.dll" id="3a91342a-0654-823f-0b5f-17c1e9cad5d4">
      <Execution id="e67cbf52-6812-4721-a913-d7250d76421a" />
      <TestMethod codeBase="/home/runner/work/ai_msp430_emulator/ai_msp430_emulator/tests/MSP430.Emulator.Tests/bin/Release/net8.0/MSP430.Emulator.Tests.dll" adapterTypeName="executor://xunit/VsTestRunner3/netcore/" className="MSP430.Emulator.Tests.Memory.FlashControllerTests" name="GetEraseCycles_ValidOperation_ReturnsExpectedCycles" />
    </UnitTest>
    <UnitTest name="MSP430.Emulator.Tests.Cpu.StatusRegisterTests.Zero_GetSet_WorksCorrectly(value: 65533, expectedZero: False)" storage="/home/runner/work/ai_msp430_emulator/ai_msp430_emulator/tests/msp430.emulator.tests/bin/release/net8.0/msp430.emulator.tests.dll" id="d40002f3-e0d4-0be0-43ef-f4caeda9ed84">
      <Execution id="e6f4b139-0bf0-471d-a193-8e22266c995f" />
      <TestMethod codeBase="/home/runner/work/ai_msp430_emulator/ai_msp430_emulator/tests/MSP430.Emulator.Tests/bin/Release/net8.0/MSP430.Emulator.Tests.dll" adapterTypeName="executor://xunit/VsTestRunner3/netcore/" className="MSP430.Emulator.Tests.Cpu.StatusRegisterTests" name="Zero_GetSet_WorksCorrectly" />
    </UnitTest>
    <UnitTest name="MSP430.Emulator.Tests.Memory.RandomAccessMemoryTests.ReadWord_ValidEvenAddress_ReturnsLittleEndianValue" storage="/home/runner/work/ai_msp430_emulator/ai_msp430_emulator/tests/msp430.emulator.tests/bin/release/net8.0/msp430.emulator.tests.dll" id="8efb48b6-468b-7e4e-fa19-1972a427d244">
      <Execution id="5fb18352-7ca2-4e1d-9947-881ba1a446e4" />
      <TestMethod codeBase="/home/runner/work/ai_msp430_emulator/ai_msp430_emulator/tests/MSP430.Emulator.Tests/bin/Release/net8.0/MSP430.Emulator.Tests.dll" adapterTypeName="executor://xunit/VsTestRunner3/netcore/" className="MSP430.Emulator.Tests.Memory.RandomAccessMemoryTests" name="ReadWord_ValidEvenAddress_ReturnsLittleEndianValue" />
    </UnitTest>
    <UnitTest name="MSP430.Emulator.Tests.Instructions.Arithmetic.AddInstructionTests.ExtensionWordCount_VariousAddressingModes_ReturnsCorrectCount(sourceMode: Register, destMode: Indexed, expectedCount: 1)" storage="/home/runner/work/ai_msp430_emulator/ai_msp430_emulator/tests/msp430.emulator.tests/bin/release/net8.0/msp430.emulator.tests.dll" id="f047beb0-baab-ae1f-37c4-08b942ab70fb">
      <Execution id="d15fe5b9-28dd-4e97-817b-296e6c8765a9" />
      <TestMethod codeBase="/home/runner/work/ai_msp430_emulator/ai_msp430_emulator/tests/MSP430.Emulator.Tests/bin/Release/net8.0/MSP430.Emulator.Tests.dll" adapterTypeName="executor://xunit/VsTestRunner3/netcore/" className="MSP430.Emulator.Tests.Instructions.Arithmetic.AddInstructionTests" name="ExtensionWordCount_VariousAddressingModes_ReturnsCorrectCount" />
    </UnitTest>
    <UnitTest name="MSP430.Emulator.Tests.Cpu.StatusRegisterTests.Negative_SetFlag_UpdatesValue" storage="/home/runner/work/ai_msp430_emulator/ai_msp430_emulator/tests/msp430.emulator.tests/bin/release/net8.0/msp430.emulator.tests.dll" id="5ababf2d-3d63-d621-46b5-ac71b8ab8459">
      <Execution id="9f8bfa6f-a380-4aef-9066-26584b89f090" />
      <TestMethod codeBase="/home/runner/work/ai_msp430_emulator/ai_msp430_emulator/tests/MSP430.Emulator.Tests/bin/Release/net8.0/MSP430.Emulator.Tests.dll" adapterTypeName="executor://xunit/VsTestRunner3/netcore/" className="MSP430.Emulator.Tests.Cpu.StatusRegisterTests" name="Negative_SetFlag_UpdatesValue" />
    </UnitTest>
    <UnitTest name="MSP430.Emulator.Tests.Memory.MemoryControllerTests.GetAccessCycles_NullContext_ThrowsArgumentNullException" storage="/home/runner/work/ai_msp430_emulator/ai_msp430_emulator/tests/msp430.emulator.tests/bin/release/net8.0/msp430.emulator.tests.dll" id="7f6c32e5-fb11-1ddb-5b56-c71cf4cfae02">
      <Execution id="b654eb82-6822-4dba-bbb2-55beae0cac41" />
      <TestMethod codeBase="/home/runner/work/ai_msp430_emulator/ai_msp430_emulator/tests/MSP430.Emulator.Tests/bin/Release/net8.0/MSP430.Emulator.Tests.dll" adapterTypeName="executor://xunit/VsTestRunner3/netcore/" className="MSP430.Emulator.Tests.Memory.MemoryControllerTests" name="GetAccessCycles_NullContext_ThrowsArgumentNullException" />
    </UnitTest>
    <UnitTest name="MSP430.Emulator.Tests.Instructions.Arithmetic.AddInstructionTests.AddressingModes_AllSupportedModes_ReturnCorrectValues(mode: Symbolic)" storage="/home/runner/work/ai_msp430_emulator/ai_msp430_emulator/tests/msp430.emulator.tests/bin/release/net8.0/msp430.emulator.tests.dll" id="83ba5cb0-45be-21ae-d2fe-b9215b8d57d8">
      <Execution id="c0a903b2-26e9-4c0c-887d-f8438d1a74e8" />
      <TestMethod codeBase="/home/runner/work/ai_msp430_emulator/ai_msp430_emulator/tests/MSP430.Emulator.Tests/bin/Release/net8.0/MSP430.Emulator.Tests.dll" adapterTypeName="executor://xunit/VsTestRunner3/netcore/" className="MSP430.Emulator.Tests.Instructions.Arithmetic.AddInstructionTests" name="AddressingModes_AllSupportedModes_ReturnCorrectValues" />
    </UnitTest>
    <UnitTest name="MSP430.Emulator.Tests.Configuration.EmulatorConfigTests.CreateDefault_ReturnsConfigWithDefaultValues" storage="/home/runner/work/ai_msp430_emulator/ai_msp430_emulator/tests/msp430.emulator.tests/bin/release/net8.0/msp430.emulator.tests.dll" id="3ec56898-8361-b4f7-f967-685465fb5ff1">
      <Execution id="0f35cb56-1ddc-4dec-b93d-275a7765a389" />
      <TestMethod codeBase="/home/runner/work/ai_msp430_emulator/ai_msp430_emulator/tests/MSP430.Emulator.Tests/bin/Release/net8.0/MSP430.Emulator.Tests.dll" adapterTypeName="executor://xunit/VsTestRunner3/netcore/" className="MSP430.Emulator.Tests.Configuration.EmulatorConfigTests" name="CreateDefault_ReturnsConfigWithDefaultValues" />
    </UnitTest>
    <UnitTest name="MSP430.Emulator.Tests.Instructions.Logic.BitInstructionTests.AddressingModes_AllSupportedModes_ReturnCorrectValues(mode: IndirectAutoIncrement)" storage="/home/runner/work/ai_msp430_emulator/ai_msp430_emulator/tests/msp430.emulator.tests/bin/release/net8.0/msp430.emulator.tests.dll" id="f464cda9-be92-fd55-9ec6-8cca73029648">
      <Execution id="3b0adc29-cffa-4536-8f15-4d019b4e504f" />
      <TestMethod codeBase="/home/runner/work/ai_msp430_emulator/ai_msp430_emulator/tests/MSP430.Emulator.Tests/bin/Release/net8.0/MSP430.Emulator.Tests.dll" adapterTypeName="executor://xunit/VsTestRunner3/netcore/" className="MSP430.Emulator.Tests.Instructions.Logic.BitInstructionTests" name="AddressingModes_AllSupportedModes_ReturnCorrectValues" />
    </UnitTest>
    <UnitTest name="MSP430.Emulator.Tests.Instructions.Arithmetic.DecInstructionTests.Execute_DecrementZero_ClearsCarryFlag" storage="/home/runner/work/ai_msp430_emulator/ai_msp430_emulator/tests/msp430.emulator.tests/bin/release/net8.0/msp430.emulator.tests.dll" id="36c9e676-b15b-20b0-f074-526c04566c1f">
      <Execution id="88dc942d-1aca-43af-9d26-0b03a008246d" />
      <TestMethod codeBase="/home/runner/work/ai_msp430_emulator/ai_msp430_emulator/tests/MSP430.Emulator.Tests/bin/Release/net8.0/MSP430.Emulator.Tests.dll" adapterTypeName="executor://xunit/VsTestRunner3/netcore/" className="MSP430.Emulator.Tests.Instructions.Arithmetic.DecInstructionTests" name="Execute_DecrementZero_ClearsCarryFlag" />
    </UnitTest>
    <UnitTest name="MSP430.Emulator.Tests.Instructions.InstructionDecoderTests.Decode_ValidFormatI_WithIndexedAddressing_ReturnsCorrectInstruction" storage="/home/runner/work/ai_msp430_emulator/ai_msp430_emulator/tests/msp430.emulator.tests/bin/release/net8.0/msp430.emulator.tests.dll" id="4bfa4658-0913-8bfa-f8a6-d95ac97ab5b1">
      <Execution id="4f4eb53d-d9b6-4706-a57d-c12c9e196f2d" />
      <TestMethod codeBase="/home/runner/work/ai_msp430_emulator/ai_msp430_emulator/tests/MSP430.Emulator.Tests/bin/Release/net8.0/MSP430.Emulator.Tests.dll" adapterTypeName="executor://xunit/VsTestRunner3/netcore/" className="MSP430.Emulator.Tests.Instructions.InstructionDecoderTests" name="Decode_ValidFormatI_WithIndexedAddressing_ReturnsCorrectInstruction" />
    </UnitTest>
    <UnitTest name="MSP430.Emulator.Tests.Cpu.StatusRegisterTests.UpdateFlagsAfterSubtraction_ByteOperation_SetsCorrectFlags(operand1: 16, operand2: 16, result: 0, isByteOp: True, expectedZero: True, expectedNegative: False, expectedCarry: True, expectedOverflow: False)" storage="/home/runner/work/ai_msp430_emulator/ai_msp430_emulator/tests/msp430.emulator.tests/bin/release/net8.0/msp430.emulator.tests.dll" id="bcc52594-6d27-6ccd-9b09-c9f751bc0107">
      <Execution id="98aa187b-1e87-4b0b-9c75-779423b3926a" />
      <TestMethod codeBase="/home/runner/work/ai_msp430_emulator/ai_msp430_emulator/tests/MSP430.Emulator.Tests/bin/Release/net8.0/MSP430.Emulator.Tests.dll" adapterTypeName="executor://xunit/VsTestRunner3/netcore/" className="MSP430.Emulator.Tests.Cpu.StatusRegisterTests" name="UpdateFlagsAfterSubtraction_ByteOperation_SetsCorrectFlags" />
    </UnitTest>
    <UnitTest name="MSP430.Emulator.Tests.Cpu.StatusRegisterTests.Overflow_GetSet_WorksCorrectly(value: 256, expected: True)" storage="/home/runner/work/ai_msp430_emulator/ai_msp430_emulator/tests/msp430.emulator.tests/bin/release/net8.0/msp430.emulator.tests.dll" id="539fe347-bd88-219a-5d15-3fdc1569f5a1">
      <Execution id="39fe2429-6241-421d-a4af-5fb2abee5400" />
      <TestMethod codeBase="/home/runner/work/ai_msp430_emulator/ai_msp430_emulator/tests/MSP430.Emulator.Tests/bin/Release/net8.0/MSP430.Emulator.Tests.dll" adapterTypeName="executor://xunit/VsTestRunner3/netcore/" className="MSP430.Emulator.Tests.Cpu.StatusRegisterTests" name="Overflow_GetSet_WorksCorrectly" />
    </UnitTest>
    <UnitTest name="MSP430.Emulator.Tests.Instructions.Arithmetic.DecInstructionTests.Properties_VariousRegisters_ReturnCorrectValues(dest: R7)" storage="/home/runner/work/ai_msp430_emulator/ai_msp430_emulator/tests/msp430.emulator.tests/bin/release/net8.0/msp430.emulator.tests.dll" id="19ac9f4c-8af6-3a0e-db79-8be9b96bba98">
      <Execution id="0b7dfa4f-98bc-425a-a7d9-78f0b499d452" />
      <TestMethod codeBase="/home/runner/work/ai_msp430_emulator/ai_msp430_emulator/tests/MSP430.Emulator.Tests/bin/Release/net8.0/MSP430.Emulator.Tests.dll" adapterTypeName="executor://xunit/VsTestRunner3/netcore/" className="MSP430.Emulator.Tests.Instructions.Arithmetic.DecInstructionTests" name="Properties_VariousRegisters_ReturnCorrectValues" />
    </UnitTest>
    <UnitTest name="MSP430.Emulator.Tests.Core.EmulatorCoreTests.Run_WithInstructionCount_StartsExecution" storage="/home/runner/work/ai_msp430_emulator/ai_msp430_emulator/tests/msp430.emulator.tests/bin/release/net8.0/msp430.emulator.tests.dll" id="420e4c45-4790-8202-f368-0188884ff30b">
      <Execution id="deb084bc-bb20-4dff-afc1-9957a7971ac0" />
      <TestMethod codeBase="/home/runner/work/ai_msp430_emulator/ai_msp430_emulator/tests/MSP430.Emulator.Tests/bin/Release/net8.0/MSP430.Emulator.Tests.dll" adapterTypeName="executor://xunit/VsTestRunner3/netcore/" className="MSP430.Emulator.Tests.Core.EmulatorCoreTests" name="Run_WithInstructionCount_StartsExecution" />
    </UnitTest>
    <UnitTest name="MSP430.Emulator.Tests.Instructions.Logic.BisInstructionTests.DestinationRegister_AllRegisters_ReturnsCorrectRegister(register: R1)" storage="/home/runner/work/ai_msp430_emulator/ai_msp430_emulator/tests/msp430.emulator.tests/bin/release/net8.0/msp430.emulator.tests.dll" id="52bf4655-94ea-36c5-8382-4b32e5553602">
      <Execution id="73f49c1f-c85e-45bb-ac14-aa60a982b5c1" />
      <TestMethod codeBase="/home/runner/work/ai_msp430_emulator/ai_msp430_emulator/tests/MSP430.Emulator.Tests/bin/Release/net8.0/MSP430.Emulator.Tests.dll" adapterTypeName="executor://xunit/VsTestRunner3/netcore/" className="MSP430.Emulator.Tests.Instructions.Logic.BisInstructionTests" name="DestinationRegister_AllRegisters_ReturnsCorrectRegister" />
    </UnitTest>
    <UnitTest name="MSP430.Emulator.Tests.Memory.MemoryMapTests.DefaultMemoryLayout_RegionBoundaries_AreCorrect(region: InformationMemory, expectedStart: 6144, expectedEnd: 6655)" storage="/home/runner/work/ai_msp430_emulator/ai_msp430_emulator/tests/msp430.emulator.tests/bin/release/net8.0/msp430.emulator.tests.dll" id="c40a3854-205d-0565-bfec-bd54daf08085">
      <Execution id="e9c7100e-9f64-4029-91c9-d2bfb72eafd1" />
      <TestMethod codeBase="/home/runner/work/ai_msp430_emulator/ai_msp430_emulator/tests/MSP430.Emulator.Tests/bin/Release/net8.0/MSP430.Emulator.Tests.dll" adapterTypeName="executor://xunit/VsTestRunner3/netcore/" className="MSP430.Emulator.Tests.Memory.MemoryMapTests" name="DefaultMemoryLayout_RegionBoundaries_AreCorrect" />
    </UnitTest>
    <UnitTest name="MSP430.Emulator.Tests.Memory.InformationMemoryTests.GetSegment_ValidAddresses_ReturnsCorrectSegment(address: 6528, expectedSegment: SegmentA)" storage="/home/runner/work/ai_msp430_emulator/ai_msp430_emulator/tests/msp430.emulator.tests/bin/release/net8.0/msp430.emulator.tests.dll" id="07b5fb97-6e7d-f37f-ef1b-a8f5fef5df2f">
      <Execution id="0aec2946-e8df-4c82-989a-7fa00e7cd647" />
      <TestMethod codeBase="/home/runner/work/ai_msp430_emulator/ai_msp430_emulator/tests/MSP430.Emulator.Tests/bin/Release/net8.0/MSP430.Emulator.Tests.dll" adapterTypeName="executor://xunit/VsTestRunner3/netcore/" className="MSP430.Emulator.Tests.Memory.InformationMemoryTests" name="GetSegment_ValidAddresses_ReturnsCorrectSegment" />
    </UnitTest>
    <UnitTest name="MSP430.Emulator.Tests.Diagnostics.DiagnosticLoggerTests.AllLogMethods_ShouldCreateCorrectEntries" storage="/home/runner/work/ai_msp430_emulator/ai_msp430_emulator/tests/msp430.emulator.tests/bin/release/net8.0/msp430.emulator.tests.dll" id="57db1833-ad6e-6527-3659-0e2ffe2e62b1">
      <Execution id="55663af9-6613-44fd-b216-95daf24af8ac" />
      <TestMethod codeBase="/home/runner/work/ai_msp430_emulator/ai_msp430_emulator/tests/MSP430.Emulator.Tests/bin/Release/net8.0/MSP430.Emulator.Tests.dll" adapterTypeName="executor://xunit/VsTestRunner3/netcore/" className="MSP430.Emulator.Tests.Diagnostics.DiagnosticLoggerTests" name="AllLogMethods_ShouldCreateCorrectEntries" />
    </UnitTest>
    <UnitTest name="MSP430.Emulator.Tests.Memory.FlashMemoryTests.IsAddressInBounds_InvalidAddresses_ReturnsFalse" storage="/home/runner/work/ai_msp430_emulator/ai_msp430_emulator/tests/msp430.emulator.tests/bin/release/net8.0/msp430.emulator.tests.dll" id="e5653bdb-afd4-cc04-4151-ba263320524b">
      <Execution id="48b6d1de-8228-4676-91c7-f39cd4af0566" />
      <TestMethod codeBase="/home/runner/work/ai_msp430_emulator/ai_msp430_emulator/tests/MSP430.Emulator.Tests/bin/Release/net8.0/MSP430.Emulator.Tests.dll" adapterTypeName="executor://xunit/VsTestRunner3/netcore/" className="MSP430.Emulator.Tests.Memory.FlashMemoryTests" name="IsAddressInBounds_InvalidAddresses_ReturnsFalse" />
    </UnitTest>
    <UnitTest name="MSP430.Emulator.Tests.Instructions.Logic.AndInstructionTests.SourceRegister_AllRegisters_ReturnsCorrectRegister(register: R2)" storage="/home/runner/work/ai_msp430_emulator/ai_msp430_emulator/tests/msp430.emulator.tests/bin/release/net8.0/msp430.emulator.tests.dll" id="10836e34-61f2-7a8b-c690-25b0677d1abe">
      <Execution id="6c6439ba-6d04-4e44-bdfa-f4f10e7d1d15" />
      <TestMethod codeBase="/home/runner/work/ai_msp430_emulator/ai_msp430_emulator/tests/MSP430.Emulator.Tests/bin/Release/net8.0/MSP430.Emulator.Tests.dll" adapterTypeName="executor://xunit/VsTestRunner3/netcore/" className="MSP430.Emulator.Tests.Instructions.Logic.AndInstructionTests" name="SourceRegister_AllRegisters_ReturnsCorrectRegister" />
    </UnitTest>
    <UnitTest name="MSP430.Emulator.Tests.Instructions.Logic.BitInstructionTests.AddressingModes_AllSupportedModes_ReturnCorrectValues(mode: Immediate)" storage="/home/runner/work/ai_msp430_emulator/ai_msp430_emulator/tests/msp430.emulator.tests/bin/release/net8.0/msp430.emulator.tests.dll" id="15488c5c-7db4-b2e2-19b0-c9ac2915f366">
      <Execution id="865135bd-c760-4a06-bc4a-8677906aace9" />
      <TestMethod codeBase="/home/runner/work/ai_msp430_emulator/ai_msp430_emulator/tests/MSP430.Emulator.Tests/bin/Release/net8.0/MSP430.Emulator.Tests.dll" adapterTypeName="executor://xunit/VsTestRunner3/netcore/" className="MSP430.Emulator.Tests.Instructions.Logic.BitInstructionTests" name="AddressingModes_AllSupportedModes_ReturnCorrectValues" />
    </UnitTest>
    <UnitTest name="MSP430.Emulator.Tests.Instructions.Arithmetic.CmpInstructionTests.AddressingModes_AllSupportedModes_ReturnCorrectValues(mode: Indexed)" storage="/home/runner/work/ai_msp430_emulator/ai_msp430_emulator/tests/msp430.emulator.tests/bin/release/net8.0/msp430.emulator.tests.dll" id="d75bfd81-e638-08b1-7b3a-d1b42f1c0d57">
      <Execution id="249fcaf0-e02a-469b-97bd-5c0b40550aa3" />
      <TestMethod codeBase="/home/runner/work/ai_msp430_emulator/ai_msp430_emulator/tests/MSP430.Emulator.Tests/bin/Release/net8.0/MSP430.Emulator.Tests.dll" adapterTypeName="executor://xunit/VsTestRunner3/netcore/" className="MSP430.Emulator.Tests.Instructions.Arithmetic.CmpInstructionTests" name="AddressingModes_AllSupportedModes_ReturnCorrectValues" />
    </UnitTest>
    <UnitTest name="MSP430.Emulator.Tests.Instructions.Logic.AndInstructionTests.ExtensionWordCount_VariousAddressingModes_ReturnsCorrectCount(sourceMode: Absolute, destMode: Register, expectedCount: 1)" storage="/home/runner/work/ai_msp430_emulator/ai_msp430_emulator/tests/msp430.emulator.tests/bin/release/net8.0/msp430.emulator.tests.dll" id="9c946a43-7043-c967-acac-685aa5069620">
      <Execution id="fe6e388f-5ec9-4f6a-964f-2c5508afbf6e" />
      <TestMethod codeBase="/home/runner/work/ai_msp430_emulator/ai_msp430_emulator/tests/MSP430.Emulator.Tests/bin/Release/net8.0/MSP430.Emulator.Tests.dll" adapterTypeName="executor://xunit/VsTestRunner3/netcore/" className="MSP430.Emulator.Tests.Instructions.Logic.AndInstructionTests" name="ExtensionWordCount_VariousAddressingModes_ReturnsCorrectCount" />
    </UnitTest>
    <UnitTest name="MSP430.Emulator.Tests.Cpu.StatusRegisterTests.Zero_GetSet_WorksCorrectly(value: 2, expectedZero: True)" storage="/home/runner/work/ai_msp430_emulator/ai_msp430_emulator/tests/msp430.emulator.tests/bin/release/net8.0/msp430.emulator.tests.dll" id="53f42f2a-69cc-61ab-ab51-eeb03a927861">
      <Execution id="b0b1f48a-8449-4fe2-9267-5ec9d1c6cada" />
      <TestMethod codeBase="/home/runner/work/ai_msp430_emulator/ai_msp430_emulator/tests/MSP430.Emulator.Tests/bin/Release/net8.0/MSP430.Emulator.Tests.dll" adapterTypeName="executor://xunit/VsTestRunner3/netcore/" className="MSP430.Emulator.Tests.Cpu.StatusRegisterTests" name="Zero_GetSet_WorksCorrectly" />
    </UnitTest>
    <UnitTest name="MSP430.Emulator.Tests.Memory.FlashControllerTests.StartProgramming_WordOperation_ReturnsTrue" storage="/home/runner/work/ai_msp430_emulator/ai_msp430_emulator/tests/msp430.emulator.tests/bin/release/net8.0/msp430.emulator.tests.dll" id="d3b57c0f-3182-2671-ee4b-e9bb00eff794">
      <Execution id="7ce3b755-c37d-4acb-aef2-13c3038a8479" />
      <TestMethod codeBase="/home/runner/work/ai_msp430_emulator/ai_msp430_emulator/tests/MSP430.Emulator.Tests/bin/Release/net8.0/MSP430.Emulator.Tests.dll" adapterTypeName="executor://xunit/VsTestRunner3/netcore/" className="MSP430.Emulator.Tests.Memory.FlashControllerTests" name="StartProgramming_WordOperation_ReturnsTrue" />
    </UnitTest>
    <UnitTest name="MSP430.Emulator.Tests.Instructions.Logic.BitInstructionTests.DestinationRegister_AllRegisters_ReturnsCorrectRegister(register: R15)" storage="/home/runner/work/ai_msp430_emulator/ai_msp430_emulator/tests/msp430.emulator.tests/bin/release/net8.0/msp430.emulator.tests.dll" id="156afefe-16b6-cb59-5b44-77ea39445961">
      <Execution id="1be13a40-f1c7-41b1-a8a0-7678b841b68b" />
      <TestMethod codeBase="/home/runner/work/ai_msp430_emulator/ai_msp430_emulator/tests/MSP430.Emulator.Tests/bin/Release/net8.0/MSP430.Emulator.Tests.dll" adapterTypeName="executor://xunit/VsTestRunner3/netcore/" className="MSP430.Emulator.Tests.Instructions.Logic.BitInstructionTests" name="DestinationRegister_AllRegisters_ReturnsCorrectRegister" />
    </UnitTest>
    <UnitTest name="MSP430.Emulator.Tests.Instructions.Logic.BitInstructionTests.ExtensionWordCount_VariousAddressingModes_ReturnsCorrectCount(sourceMode: Register, destMode: IndirectAutoIncrement, expectedCount: 0)" storage="/home/runner/work/ai_msp430_emulator/ai_msp430_emulator/tests/msp430.emulator.tests/bin/release/net8.0/msp430.emulator.tests.dll" id="7264e0e0-42bc-4cd0-7793-7bb3fb5c83b1">
      <Execution id="49703428-7087-4c84-a3db-02c46a3512be" />
      <TestMethod codeBase="/home/runner/work/ai_msp430_emulator/ai_msp430_emulator/tests/MSP430.Emulator.Tests/bin/Release/net8.0/MSP430.Emulator.Tests.dll" adapterTypeName="executor://xunit/VsTestRunner3/netcore/" className="MSP430.Emulator.Tests.Instructions.Logic.BitInstructionTests" name="ExtensionWordCount_VariousAddressingModes_ReturnsCorrectCount" />
    </UnitTest>
    <UnitTest name="MSP430.Emulator.Tests.Instructions.Arithmetic.SubInstructionTests.ExtensionWordCount_VariousAddressingModes_ReturnsCorrectCount(sourceMode: Register, destMode: Absolute, expectedCount: 1)" storage="/home/runner/work/ai_msp430_emulator/ai_msp430_emulator/tests/msp430.emulator.tests/bin/release/net8.0/msp430.emulator.tests.dll" id="42d99965-7121-5f40-4654-5db3e8dc9b86">
      <Execution id="15062b5c-cfdd-4a3d-9607-64b8110d1fc5" />
      <TestMethod codeBase="/home/runner/work/ai_msp430_emulator/ai_msp430_emulator/tests/MSP430.Emulator.Tests/bin/Release/net8.0/MSP430.Emulator.Tests.dll" adapterTypeName="executor://xunit/VsTestRunner3/netcore/" className="MSP430.Emulator.Tests.Instructions.Arithmetic.SubInstructionTests" name="ExtensionWordCount_VariousAddressingModes_ReturnsCorrectCount" />
    </UnitTest>
    <UnitTest name="MSP430.Emulator.Tests.Instructions.InstructionDecoderTests.IsValidInstruction_ValidInstructions_ReturnsTrue(instructionWord: 8192)" storage="/home/runner/work/ai_msp430_emulator/ai_msp430_emulator/tests/msp430.emulator.tests/bin/release/net8.0/msp430.emulator.tests.dll" id="fb02cf27-35e1-9a0d-cac2-9eca53d2b20a">
      <Execution id="47bf555a-9974-4d4e-b86c-5d1965f37a37" />
      <TestMethod codeBase="/home/runner/work/ai_msp430_emulator/ai_msp430_emulator/tests/MSP430.Emulator.Tests/bin/Release/net8.0/MSP430.Emulator.Tests.dll" adapterTypeName="executor://xunit/VsTestRunner3/netcore/" className="MSP430.Emulator.Tests.Instructions.InstructionDecoderTests" name="IsValidInstruction_ValidInstructions_ReturnsTrue" />
    </UnitTest>
    <UnitTest name="MSP430.Emulator.Tests.Instructions.Logic.AndInstructionTests.SourceRegister_AllRegisters_ReturnsCorrectRegister(register: R4)" storage="/home/runner/work/ai_msp430_emulator/ai_msp430_emulator/tests/msp430.emulator.tests/bin/release/net8.0/msp430.emulator.tests.dll" id="1a223bfc-e466-8e7a-6a0d-9cc7072e8c12">
      <Execution id="d95264e2-2cc5-4ae1-8fd9-c64830c7ecef" />
      <TestMethod codeBase="/home/runner/work/ai_msp430_emulator/ai_msp430_emulator/tests/MSP430.Emulator.Tests/bin/Release/net8.0/MSP430.Emulator.Tests.dll" adapterTypeName="executor://xunit/VsTestRunner3/netcore/" className="MSP430.Emulator.Tests.Instructions.Logic.AndInstructionTests" name="SourceRegister_AllRegisters_ReturnsCorrectRegister" />
    </UnitTest>
    <UnitTest name="MSP430.Emulator.Tests.Instructions.Arithmetic.SubInstructionTests.ToString_VariousAddressingModes_FormatsCorrectly(register: R0, mode: Symbolic, expectedOperand: &quot;ADDR&quot;)" storage="/home/runner/work/ai_msp430_emulator/ai_msp430_emulator/tests/msp430.emulator.tests/bin/release/net8.0/msp430.emulator.tests.dll" id="61569c58-1b2a-52bc-cbf0-a15b57db5508">
      <Execution id="3e9f5344-301f-4699-9727-5c598ff2ac83" />
      <TestMethod codeBase="/home/runner/work/ai_msp430_emulator/ai_msp430_emulator/tests/MSP430.Emulator.Tests/bin/Release/net8.0/MSP430.Emulator.Tests.dll" adapterTypeName="executor://xunit/VsTestRunner3/netcore/" className="MSP430.Emulator.Tests.Instructions.Arithmetic.SubInstructionTests" name="ToString_VariousAddressingModes_FormatsCorrectly" />
    </UnitTest>
    <UnitTest name="MSP430.Emulator.Tests.Memory.MemoryControllerTests.ReadWord_ValidAddress_ReturnsValue(address: 12286)" storage="/home/runner/work/ai_msp430_emulator/ai_msp430_emulator/tests/msp430.emulator.tests/bin/release/net8.0/msp430.emulator.tests.dll" id="0bfdcb52-ca20-1793-ccc3-e01e3b42693e">
      <Execution id="2ad6fd19-d78e-4242-9afd-769ef5238a89" />
      <TestMethod codeBase="/home/runner/work/ai_msp430_emulator/ai_msp430_emulator/tests/MSP430.Emulator.Tests/bin/Release/net8.0/MSP430.Emulator.Tests.dll" adapterTypeName="executor://xunit/VsTestRunner3/netcore/" className="MSP430.Emulator.Tests.Memory.MemoryControllerTests" name="ReadWord_ValidAddress_ReturnsValue" />
    </UnitTest>
    <UnitTest name="MSP430.Emulator.Tests.Instructions.Arithmetic.SubInstructionTests.Properties_VariousRegisters_ReturnCorrectValues(source: R5, dest: R6)" storage="/home/runner/work/ai_msp430_emulator/ai_msp430_emulator/tests/msp430.emulator.tests/bin/release/net8.0/msp430.emulator.tests.dll" id="62b4522d-2752-6858-c27d-86d7f890ac8f">
      <Execution id="b9733d3d-cf74-4705-bab9-5dd76d208179" />
      <TestMethod codeBase="/home/runner/work/ai_msp430_emulator/ai_msp430_emulator/tests/MSP430.Emulator.Tests/bin/Release/net8.0/MSP430.Emulator.Tests.dll" adapterTypeName="executor://xunit/VsTestRunner3/netcore/" className="MSP430.Emulator.Tests.Instructions.Arithmetic.SubInstructionTests" name="Properties_VariousRegisters_ReturnCorrectValues" />
    </UnitTest>
    <UnitTest name="MSP430.Emulator.Tests.Instructions.Logic.BitInstructionTests.SourceRegister_AllRegisters_ReturnsCorrectRegister(register: R4)" storage="/home/runner/work/ai_msp430_emulator/ai_msp430_emulator/tests/msp430.emulator.tests/bin/release/net8.0/msp430.emulator.tests.dll" id="6576ef23-512b-bc65-6683-a49c70d0c462">
      <Execution id="a247a7e0-ec48-4a13-acc6-4057d117f0df" />
      <TestMethod codeBase="/home/runner/work/ai_msp430_emulator/ai_msp430_emulator/tests/MSP430.Emulator.Tests/bin/Release/net8.0/MSP430.Emulator.Tests.dll" adapterTypeName="executor://xunit/VsTestRunner3/netcore/" className="MSP430.Emulator.Tests.Instructions.Logic.BitInstructionTests" name="SourceRegister_AllRegisters_ReturnsCorrectRegister" />
    </UnitTest>
    <UnitTest name="MSP430.Emulator.Tests.Instructions.Logic.BisInstructionTests.DestinationRegister_AllRegisters_ReturnsCorrectRegister(register: R15)" storage="/home/runner/work/ai_msp430_emulator/ai_msp430_emulator/tests/msp430.emulator.tests/bin/release/net8.0/msp430.emulator.tests.dll" id="4f8b3780-9286-b47d-1362-de97c151576f">
      <Execution id="ffa77914-0722-47a7-8ae4-c503941d54bd" />
      <TestMethod codeBase="/home/runner/work/ai_msp430_emulator/ai_msp430_emulator/tests/MSP430.Emulator.Tests/bin/Release/net8.0/MSP430.Emulator.Tests.dll" adapterTypeName="executor://xunit/VsTestRunner3/netcore/" className="MSP430.Emulator.Tests.Instructions.Logic.BisInstructionTests" name="DestinationRegister_AllRegisters_ReturnsCorrectRegister" />
    </UnitTest>
    <UnitTest name="MSP430.Emulator.Tests.Cpu.StatusRegisterTests.UpdateFlags_VariousScenarios_UpdatesCorrectly(result: 0, updateCarry: False, updateOverflow: True)" storage="/home/runner/work/ai_msp430_emulator/ai_msp430_emulator/tests/msp430.emulator.tests/bin/release/net8.0/msp430.emulator.tests.dll" id="3f4ed262-3d14-8f76-30fd-099f4f63ddf2">
      <Execution id="1aa2b68b-46f3-4b1b-b39a-771f7a873908" />
      <TestMethod codeBase="/home/runner/work/ai_msp430_emulator/ai_msp430_emulator/tests/MSP430.Emulator.Tests/bin/Release/net8.0/MSP430.Emulator.Tests.dll" adapterTypeName="executor://xunit/VsTestRunner3/netcore/" className="MSP430.Emulator.Tests.Cpu.StatusRegisterTests" name="UpdateFlags_VariousScenarios_UpdatesCorrectly" />
    </UnitTest>
    <UnitTest name="MSP430.Emulator.Tests.Instructions.Logic.BitInstructionTests.ToString_VariousAddressingModes_FormatsCorrectly(mode: Immediate, expectedOperand: &quot;#N&quot;)" storage="/home/runner/work/ai_msp430_emulator/ai_msp430_emulator/tests/msp430.emulator.tests/bin/release/net8.0/msp430.emulator.tests.dll" id="bd757dde-5ab0-9042-d2a6-7050870066b8">
      <Execution id="5590b813-2130-48b9-bcdc-03e8389cb51d" />
      <TestMethod codeBase="/home/runner/work/ai_msp430_emulator/ai_msp430_emulator/tests/MSP430.Emulator.Tests/bin/Release/net8.0/MSP430.Emulator.Tests.dll" adapterTypeName="executor://xunit/VsTestRunner3/netcore/" className="MSP430.Emulator.Tests.Instructions.Logic.BitInstructionTests" name="ToString_VariousAddressingModes_FormatsCorrectly" />
    </UnitTest>
    <UnitTest name="MSP430.Emulator.Tests.Cpu.StatusRegisterTests.UpdateFlagsAfterSubtraction_WordOperation_SetsCorrectFlags(operand1: 4096, operand2: 4096, result: 0, isByteOp: False, expectedZero: True, expectedNegative: False, expectedCarry: True, expectedOverflow: False)" storage="/home/runner/work/ai_msp430_emulator/ai_msp430_emulator/tests/msp430.emulator.tests/bin/release/net8.0/msp430.emulator.tests.dll" id="73f4e54a-4965-f695-e1fd-cd1fd3336e02">
      <Execution id="970d8bcc-ba5d-4a27-b69c-dc14ac4de1e3" />
      <TestMethod codeBase="/home/runner/work/ai_msp430_emulator/ai_msp430_emulator/tests/MSP430.Emulator.Tests/bin/Release/net8.0/MSP430.Emulator.Tests.dll" adapterTypeName="executor://xunit/VsTestRunner3/netcore/" className="MSP430.Emulator.Tests.Cpu.StatusRegisterTests" name="UpdateFlagsAfterSubtraction_WordOperation_SetsCorrectFlags" />
    </UnitTest>
    <UnitTest name="MSP430.Emulator.Tests.Instructions.Logic.BisInstructionTests.AddressingModes_AllSupportedModes_ReturnCorrectValues(mode: Absolute)" storage="/home/runner/work/ai_msp430_emulator/ai_msp430_emulator/tests/msp430.emulator.tests/bin/release/net8.0/msp430.emulator.tests.dll" id="95e97e91-cf6c-0da7-c7cd-621356825e4d">
      <Execution id="4e533dd2-d9f7-4b50-a029-c747a37fff67" />
      <TestMethod codeBase="/home/runner/work/ai_msp430_emulator/ai_msp430_emulator/tests/MSP430.Emulator.Tests/bin/Release/net8.0/MSP430.Emulator.Tests.dll" adapterTypeName="executor://xunit/VsTestRunner3/netcore/" className="MSP430.Emulator.Tests.Instructions.Logic.BisInstructionTests" name="AddressingModes_AllSupportedModes_ReturnCorrectValues" />
    </UnitTest>
    <UnitTest name="MSP430.Emulator.Tests.Memory.MemoryMapTests.Constructor_CustomRegions_CreatesMemoryMapWithCustomRegions" storage="/home/runner/work/ai_msp430_emulator/ai_msp430_emulator/tests/msp430.emulator.tests/bin/release/net8.0/msp430.emulator.tests.dll" id="ad161c1a-0700-6a03-e4ba-2e42857b665e">
      <Execution id="7b06478d-1c80-4020-b783-ca8a2d308f1a" />
      <TestMethod codeBase="/home/runner/work/ai_msp430_emulator/ai_msp430_emulator/tests/MSP430.Emulator.Tests/bin/Release/net8.0/MSP430.Emulator.Tests.dll" adapterTypeName="executor://xunit/VsTestRunner3/netcore/" className="MSP430.Emulator.Tests.Memory.MemoryMapTests" name="Constructor_CustomRegions_CreatesMemoryMapWithCustomRegions" />
    </UnitTest>
    <UnitTest name="MSP430.Emulator.Tests.Cpu.RegisterFileTests.IsValidRegister_VariousInputs_ReturnsExpectedResult(register: R0, expected: True)" storage="/home/runner/work/ai_msp430_emulator/ai_msp430_emulator/tests/msp430.emulator.tests/bin/release/net8.0/msp430.emulator.tests.dll" id="def54716-c458-11ed-e8a9-a7edbe1cb18c">
      <Execution id="b577f7f2-b0a5-47c7-a8cc-c151d27b4e6e" />
      <TestMethod codeBase="/home/runner/work/ai_msp430_emulator/ai_msp430_emulator/tests/MSP430.Emulator.Tests/bin/Release/net8.0/MSP430.Emulator.Tests.dll" adapterTypeName="executor://xunit/VsTestRunner3/netcore/" className="MSP430.Emulator.Tests.Cpu.RegisterFileTests" name="IsValidRegister_VariousInputs_ReturnsExpectedResult" />
    </UnitTest>
    <UnitTest name="MSP430.Emulator.Tests.Logging.FileLoggerTests.IsEnabled_ReturnsTrueForLevelAtOrAboveMinimum" storage="/home/runner/work/ai_msp430_emulator/ai_msp430_emulator/tests/msp430.emulator.tests/bin/release/net8.0/msp430.emulator.tests.dll" id="4a0a4299-5f80-2206-b412-fb3ccf5b54b8">
      <Execution id="f0b6fddf-fbb9-4f25-a9b2-0d0e1c71dc98" />
      <TestMethod codeBase="/home/runner/work/ai_msp430_emulator/ai_msp430_emulator/tests/MSP430.Emulator.Tests/bin/Release/net8.0/MSP430.Emulator.Tests.dll" adapterTypeName="executor://xunit/VsTestRunner3/netcore/" className="MSP430.Emulator.Tests.Logging.FileLoggerTests" name="IsEnabled_ReturnsTrueForLevelAtOrAboveMinimum" />
    </UnitTest>
    <UnitTest name="MSP430.Emulator.Tests.Memory.RandomAccessMemoryTests.GetWriteCycles_AllAddresses_ReturnsConstantCycles(address: 8448, isWordAccess: False, expectedCycles: 1)" storage="/home/runner/work/ai_msp430_emulator/ai_msp430_emulator/tests/msp430.emulator.tests/bin/release/net8.0/msp430.emulator.tests.dll" id="176c6c48-4a5a-0a45-1e6c-a7218b3827b4">
      <Execution id="80289ed6-50e2-4c3d-8b11-3bd9cd74aafc" />
      <TestMethod codeBase="/home/runner/work/ai_msp430_emulator/ai_msp430_emulator/tests/MSP430.Emulator.Tests/bin/Release/net8.0/MSP430.Emulator.Tests.dll" adapterTypeName="executor://xunit/VsTestRunner3/netcore/" className="MSP430.Emulator.Tests.Memory.RandomAccessMemoryTests" name="GetWriteCycles_AllAddresses_ReturnsConstantCycles" />
    </UnitTest>
    <UnitTest name="MSP430.Emulator.Tests.Instructions.Arithmetic.IncInstructionTests.ToString_VariousAddressingModes_FormatsCorrectly(register: R0, mode: Symbolic, expectedOperand: &quot;ADDR&quot;)" storage="/home/runner/work/ai_msp430_emulator/ai_msp430_emulator/tests/msp430.emulator.tests/bin/release/net8.0/msp430.emulator.tests.dll" id="8ed4d15c-0b34-f5a0-ab46-84fa1cc96124">
      <Execution id="253027b1-06cf-48c3-bb84-30e887480236" />
      <TestMethod codeBase="/home/runner/work/ai_msp430_emulator/ai_msp430_emulator/tests/MSP430.Emulator.Tests/bin/Release/net8.0/MSP430.Emulator.Tests.dll" adapterTypeName="executor://xunit/VsTestRunner3/netcore/" className="MSP430.Emulator.Tests.Instructions.Arithmetic.IncInstructionTests" name="ToString_VariousAddressingModes_FormatsCorrectly" />
    </UnitTest>
    <UnitTest name="MSP430.Emulator.Tests.Memory.MemoryMapTests.DefaultMemoryLayout_RegionBoundaries_AreCorrect(region: BootstrapLoader, expectedStart: 4096, expectedEnd: 6143)" storage="/home/runner/work/ai_msp430_emulator/ai_msp430_emulator/tests/msp430.emulator.tests/bin/release/net8.0/msp430.emulator.tests.dll" id="626d4cfb-ed4d-e97f-0132-d0a881add86b">
      <Execution id="a90ec0dd-3852-4504-8ed3-0d48e8677c96" />
      <TestMethod codeBase="/home/runner/work/ai_msp430_emulator/ai_msp430_emulator/tests/MSP430.Emulator.Tests/bin/Release/net8.0/MSP430.Emulator.Tests.dll" adapterTypeName="executor://xunit/VsTestRunner3/netcore/" className="MSP430.Emulator.Tests.Memory.MemoryMapTests" name="DefaultMemoryLayout_RegionBoundaries_AreCorrect" />
    </UnitTest>
    <UnitTest name="MSP430.Emulator.Tests.Instructions.Arithmetic.AddInstructionTests.AddressingModes_AllSupportedModes_ReturnCorrectValues(mode: Indirect)" storage="/home/runner/work/ai_msp430_emulator/ai_msp430_emulator/tests/msp430.emulator.tests/bin/release/net8.0/msp430.emulator.tests.dll" id="c77e1800-4577-063a-d5a3-10a798b961b6">
      <Execution id="22daac88-39ea-4e15-af18-712171684ddc" />
      <TestMethod codeBase="/home/runner/work/ai_msp430_emulator/ai_msp430_emulator/tests/MSP430.Emulator.Tests/bin/Release/net8.0/MSP430.Emulator.Tests.dll" adapterTypeName="executor://xunit/VsTestRunner3/netcore/" className="MSP430.Emulator.Tests.Instructions.Arithmetic.AddInstructionTests" name="AddressingModes_AllSupportedModes_ReturnCorrectValues" />
    </UnitTest>
    <UnitTest name="MSP430.Emulator.Tests.Memory.FlashControllerTests.GetProgramCycles_ReturnsExpectedCycles(isWordAccess: False)" storage="/home/runner/work/ai_msp430_emulator/ai_msp430_emulator/tests/msp430.emulator.tests/bin/release/net8.0/msp430.emulator.tests.dll" id="ca683723-a753-47b0-8d23-d010cfa39330">
      <Execution id="e1b20dd1-0e94-477e-8f55-1aa4c0fb5fbe" />
      <TestMethod codeBase="/home/runner/work/ai_msp430_emulator/ai_msp430_emulator/tests/MSP430.Emulator.Tests/bin/Release/net8.0/MSP430.Emulator.Tests.dll" adapterTypeName="executor://xunit/VsTestRunner3/netcore/" className="MSP430.Emulator.Tests.Memory.FlashControllerTests" name="GetProgramCycles_ReturnsExpectedCycles" />
    </UnitTest>
    <UnitTest name="MSP430.Emulator.Tests.Instructions.Arithmetic.DecInstructionTests.ToString_ByteOperation_IncludesBSuffix" storage="/home/runner/work/ai_msp430_emulator/ai_msp430_emulator/tests/msp430.emulator.tests/bin/release/net8.0/msp430.emulator.tests.dll" id="705ccf2d-2dcf-05d2-e131-2839d393609e">
      <Execution id="44b4d241-0ee6-4951-ad05-7e64847634c3" />
      <TestMethod codeBase="/home/runner/work/ai_msp430_emulator/ai_msp430_emulator/tests/MSP430.Emulator.Tests/bin/Release/net8.0/MSP430.Emulator.Tests.dll" adapterTypeName="executor://xunit/VsTestRunner3/netcore/" className="MSP430.Emulator.Tests.Instructions.Arithmetic.DecInstructionTests" name="ToString_ByteOperation_IncludesBSuffix" />
    </UnitTest>
    <UnitTest name="MSP430.Emulator.Tests.Memory.InformationMemoryTests.WriteWord_SpanningSegments_ChecksBothSegments" storage="/home/runner/work/ai_msp430_emulator/ai_msp430_emulator/tests/msp430.emulator.tests/bin/release/net8.0/msp430.emulator.tests.dll" id="d52b8b59-a017-5837-d8f2-a31d344834c0">
      <Execution id="152980b1-5e5b-484a-bfd5-e4b5cce7430b" />
      <TestMethod codeBase="/home/runner/work/ai_msp430_emulator/ai_msp430_emulator/tests/MSP430.Emulator.Tests/bin/Release/net8.0/MSP430.Emulator.Tests.dll" adapterTypeName="executor://xunit/VsTestRunner3/netcore/" className="MSP430.Emulator.Tests.Memory.InformationMemoryTests" name="WriteWord_SpanningSegments_ChecksBothSegments" />
    </UnitTest>
    <UnitTest name="MSP430.Emulator.Tests.Instructions.AddressingModeDecoderTests.DecodeSourceAddressingMode_R2_ReturnsCorrectMode(asBits: 2, expected: Indirect)" storage="/home/runner/work/ai_msp430_emulator/ai_msp430_emulator/tests/msp430.emulator.tests/bin/release/net8.0/msp430.emulator.tests.dll" id="9dc3904d-4fb2-aa36-f29f-78b9a92cd4d6">
      <Execution id="fe7b680a-d028-4187-aa63-da64a866bd40" />
      <TestMethod codeBase="/home/runner/work/ai_msp430_emulator/ai_msp430_emulator/tests/MSP430.Emulator.Tests/bin/Release/net8.0/MSP430.Emulator.Tests.dll" adapterTypeName="executor://xunit/VsTestRunner3/netcore/" className="MSP430.Emulator.Tests.Instructions.AddressingModeDecoderTests" name="DecodeSourceAddressingMode_R2_ReturnsCorrectMode" />
    </UnitTest>
    <UnitTest name="MSP430.Emulator.Tests.Diagnostics.DiagnosticLoggerTests.Log_WithContext_ShouldStoreContextInBuffer" storage="/home/runner/work/ai_msp430_emulator/ai_msp430_emulator/tests/msp430.emulator.tests/bin/release/net8.0/msp430.emulator.tests.dll" id="c01ce285-f019-7751-5731-68333c83165a">
      <Execution id="9c8090e1-6339-4fa3-8ef0-fbc188d2c959" />
      <TestMethod codeBase="/home/runner/work/ai_msp430_emulator/ai_msp430_emulator/tests/MSP430.Emulator.Tests/bin/Release/net8.0/MSP430.Emulator.Tests.dll" adapterTypeName="executor://xunit/VsTestRunner3/netcore/" className="MSP430.Emulator.Tests.Diagnostics.DiagnosticLoggerTests" name="Log_WithContext_ShouldStoreContextInBuffer" />
    </UnitTest>
    <UnitTest name="MSP430.Emulator.Tests.Memory.FlashMemoryTests.Constructor_InvalidSize_ThrowsArgumentOutOfRangeException(invalidSize: -1)" storage="/home/runner/work/ai_msp430_emulator/ai_msp430_emulator/tests/msp430.emulator.tests/bin/release/net8.0/msp430.emulator.tests.dll" id="90db32c6-d92c-59eb-7ec1-20d5d28ae4a0">
      <Execution id="d357c137-3cc9-4479-a102-3d99812029f3" />
      <TestMethod codeBase="/home/runner/work/ai_msp430_emulator/ai_msp430_emulator/tests/MSP430.Emulator.Tests/bin/Release/net8.0/MSP430.Emulator.Tests.dll" adapterTypeName="executor://xunit/VsTestRunner3/netcore/" className="MSP430.Emulator.Tests.Memory.FlashMemoryTests" name="Constructor_InvalidSize_ThrowsArgumentOutOfRangeException" />
    </UnitTest>
    <UnitTest name="MSP430.Emulator.Tests.Instructions.InstructionDecoderTests.GetInstructionFormat_FormatIII_ReturnsFormatIII(instructionWord: 13312)" storage="/home/runner/work/ai_msp430_emulator/ai_msp430_emulator/tests/msp430.emulator.tests/bin/release/net8.0/msp430.emulator.tests.dll" id="ad6bdeb6-bcd7-a24c-c13e-aa3c612e80f4">
      <Execution id="3eb20b72-4423-4ea9-939f-48bc64b9002d" />
      <TestMethod codeBase="/home/runner/work/ai_msp430_emulator/ai_msp430_emulator/tests/MSP430.Emulator.Tests/bin/Release/net8.0/MSP430.Emulator.Tests.dll" adapterTypeName="executor://xunit/VsTestRunner3/netcore/" className="MSP430.Emulator.Tests.Instructions.InstructionDecoderTests" name="GetInstructionFormat_FormatIII_ReturnsFormatIII" />
    </UnitTest>
    <UnitTest name="MSP430.Emulator.Tests.Memory.FlashMemoryTests.Unlock_InvalidKey_ReturnsFalse(invalidKey: 4660)" storage="/home/runner/work/ai_msp430_emulator/ai_msp430_emulator/tests/msp430.emulator.tests/bin/release/net8.0/msp430.emulator.tests.dll" id="55167ba9-bc99-acad-f140-c35373103ce0">
      <Execution id="20531f84-2de2-44fc-b7f9-d4cf3f7fc999" />
      <TestMethod codeBase="/home/runner/work/ai_msp430_emulator/ai_msp430_emulator/tests/MSP430.Emulator.Tests/bin/Release/net8.0/MSP430.Emulator.Tests.dll" adapterTypeName="executor://xunit/VsTestRunner3/netcore/" className="MSP430.Emulator.Tests.Memory.FlashMemoryTests" name="Unlock_InvalidKey_ReturnsFalse" />
    </UnitTest>
    <UnitTest name="MSP430.Emulator.Tests.Memory.InformationMemoryTests.IsRangeInBounds_VariousRanges_ReturnsExpectedResult(startAddress: 6655, length: 2, expected: False)" storage="/home/runner/work/ai_msp430_emulator/ai_msp430_emulator/tests/msp430.emulator.tests/bin/release/net8.0/msp430.emulator.tests.dll" id="e6f32f6e-a681-243e-e5ff-df99c1eaa68f">
      <Execution id="b97ccb90-9c3d-4dd7-8e58-1738c0842913" />
      <TestMethod codeBase="/home/runner/work/ai_msp430_emulator/ai_msp430_emulator/tests/MSP430.Emulator.Tests/bin/Release/net8.0/MSP430.Emulator.Tests.dll" adapterTypeName="executor://xunit/VsTestRunner3/netcore/" className="MSP430.Emulator.Tests.Memory.InformationMemoryTests" name="IsRangeInBounds_VariousRanges_ReturnsExpectedResult" />
    </UnitTest>
    <UnitTest name="MSP430.Emulator.Tests.Logging.ConsoleLoggerTests.IsEnabled_ReturnsTrueForLevelAboveMinimum" storage="/home/runner/work/ai_msp430_emulator/ai_msp430_emulator/tests/msp430.emulator.tests/bin/release/net8.0/msp430.emulator.tests.dll" id="f8617d6f-d642-c38d-4cfd-9b879a986ed5">
      <Execution id="5a31ac20-6c24-4b82-9172-642899e0cfa3" />
      <TestMethod codeBase="/home/runner/work/ai_msp430_emulator/ai_msp430_emulator/tests/MSP430.Emulator.Tests/bin/Release/net8.0/MSP430.Emulator.Tests.dll" adapterTypeName="executor://xunit/VsTestRunner3/netcore/" className="MSP430.Emulator.Tests.Logging.ConsoleLoggerTests" name="IsEnabled_ReturnsTrueForLevelAboveMinimum" />
    </UnitTest>
    <UnitTest name="MSP430.Emulator.Tests.Memory.InformationMemoryTests.EraseSegment_ProtectedSegment_Fails" storage="/home/runner/work/ai_msp430_emulator/ai_msp430_emulator/tests/msp430.emulator.tests/bin/release/net8.0/msp430.emulator.tests.dll" id="c95e748c-44ca-86d7-99f4-727f7132c346">
      <Execution id="6bb6786d-edb6-44ca-a2f5-11ec28a83a59" />
      <TestMethod codeBase="/home/runner/work/ai_msp430_emulator/ai_msp430_emulator/tests/MSP430.Emulator.Tests/bin/Release/net8.0/MSP430.Emulator.Tests.dll" adapterTypeName="executor://xunit/VsTestRunner3/netcore/" className="MSP430.Emulator.Tests.Memory.InformationMemoryTests" name="EraseSegment_ProtectedSegment_Fails" />
    </UnitTest>
    <UnitTest name="MSP430.Emulator.Tests.Instructions.Logic.BitInstructionTests.SourceRegister_AllRegisters_ReturnsCorrectRegister(register: R2)" storage="/home/runner/work/ai_msp430_emulator/ai_msp430_emulator/tests/msp430.emulator.tests/bin/release/net8.0/msp430.emulator.tests.dll" id="ed9d0905-2e6b-0dca-5376-b5f67aa714a6">
      <Execution id="4c671b2c-b338-46ef-a072-0d53da46c8e9" />
      <TestMethod codeBase="/home/runner/work/ai_msp430_emulator/ai_msp430_emulator/tests/MSP430.Emulator.Tests/bin/Release/net8.0/MSP430.Emulator.Tests.dll" adapterTypeName="executor://xunit/VsTestRunner3/netcore/" className="MSP430.Emulator.Tests.Instructions.Logic.BitInstructionTests" name="SourceRegister_AllRegisters_ReturnsCorrectRegister" />
    </UnitTest>
    <UnitTest name="MSP430.Emulator.Tests.Cpu.StatusRegisterTests.UpdateFlagsAfterAddition_WordOperation_SetsCorrectFlags(operand1: 32768, operand2: 4096, result: 36864, isByteOp: False, expectedZero: False, expectedNegative: True, expectedCarry: False, expectedOverflow: False)" storage="/home/runner/work/ai_msp430_emulator/ai_msp430_emulator/tests/msp430.emulator.tests/bin/release/net8.0/msp430.emulator.tests.dll" id="ed75c0c1-4448-7c51-36f2-1ea6dca14d28">
      <Execution id="1b0aa7e9-b43b-4e2a-9d6d-7a7fde6f5486" />
      <TestMethod codeBase="/home/runner/work/ai_msp430_emulator/ai_msp430_emulator/tests/MSP430.Emulator.Tests/bin/Release/net8.0/MSP430.Emulator.Tests.dll" adapterTypeName="executor://xunit/VsTestRunner3/netcore/" className="MSP430.Emulator.Tests.Cpu.StatusRegisterTests" name="UpdateFlagsAfterAddition_WordOperation_SetsCorrectFlags" />
    </UnitTest>
    <UnitTest name="MSP430.Emulator.Tests.Logging.ConsoleLoggerTests.Fatal_CallsLogWithFatalLevel" storage="/home/runner/work/ai_msp430_emulator/ai_msp430_emulator/tests/msp430.emulator.tests/bin/release/net8.0/msp430.emulator.tests.dll" id="29d6ab71-d2a8-6808-ac57-6ee36eed4448">
      <Execution id="f122cc7e-8b62-4d59-9a41-fd42cb334006" />
      <TestMethod codeBase="/home/runner/work/ai_msp430_emulator/ai_msp430_emulator/tests/MSP430.Emulator.Tests/bin/Release/net8.0/MSP430.Emulator.Tests.dll" adapterTypeName="executor://xunit/VsTestRunner3/netcore/" className="MSP430.Emulator.Tests.Logging.ConsoleLoggerTests" name="Fatal_CallsLogWithFatalLevel" />
    </UnitTest>
    <UnitTest name="MSP430.Emulator.Tests.Instructions.Logic.AndInstructionTests.AddressingModes_AllSupportedModes_ReturnCorrectValues(mode: Immediate)" storage="/home/runner/work/ai_msp430_emulator/ai_msp430_emulator/tests/msp430.emulator.tests/bin/release/net8.0/msp430.emulator.tests.dll" id="4e19aea1-ddca-9ddf-8bf5-a10d2c1e958f">
      <Execution id="d5550f07-5dbb-4714-9467-965390d5e58d" />
      <TestMethod codeBase="/home/runner/work/ai_msp430_emulator/ai_msp430_emulator/tests/MSP430.Emulator.Tests/bin/Release/net8.0/MSP430.Emulator.Tests.dll" adapterTypeName="executor://xunit/VsTestRunner3/netcore/" className="MSP430.Emulator.Tests.Instructions.Logic.AndInstructionTests" name="AddressingModes_AllSupportedModes_ReturnCorrectValues" />
    </UnitTest>
    <UnitTest name="MSP430.Emulator.Tests.Memory.FlashControllerTests.TryUnlock_WhenAlreadyUnlocked_ReturnsFalse" storage="/home/runner/work/ai_msp430_emulator/ai_msp430_emulator/tests/msp430.emulator.tests/bin/release/net8.0/msp430.emulator.tests.dll" id="edef4f0c-65e7-245d-9175-5f3dd760fffa">
      <Execution id="cb282ea5-7ad1-46bf-bab3-0ae76af86960" />
      <TestMethod codeBase="/home/runner/work/ai_msp430_emulator/ai_msp430_emulator/tests/MSP430.Emulator.Tests/bin/Release/net8.0/MSP430.Emulator.Tests.dll" adapterTypeName="executor://xunit/VsTestRunner3/netcore/" className="MSP430.Emulator.Tests.Memory.FlashControllerTests" name="TryUnlock_WhenAlreadyUnlocked_ReturnsFalse" />
    </UnitTest>
    <UnitTest name="MSP430.Emulator.Tests.Memory.InformationMemoryTests.EraseSegment_UnprotectedSegment_Succeeds" storage="/home/runner/work/ai_msp430_emulator/ai_msp430_emulator/tests/msp430.emulator.tests/bin/release/net8.0/msp430.emulator.tests.dll" id="7b2f577c-abaa-f418-bde1-fa37a9195407">
      <Execution id="399e600e-f5e6-4b5c-92a0-866a5cc19187" />
      <TestMethod codeBase="/home/runner/work/ai_msp430_emulator/ai_msp430_emulator/tests/MSP430.Emulator.Tests/bin/Release/net8.0/MSP430.Emulator.Tests.dll" adapterTypeName="executor://xunit/VsTestRunner3/netcore/" className="MSP430.Emulator.Tests.Memory.InformationMemoryTests" name="EraseSegment_UnprotectedSegment_Succeeds" />
    </UnitTest>
    <UnitTest name="MSP430.Emulator.Tests.Instructions.AddressingModeDecoderTests.RequiresExtensionWord_VariousModes_ReturnsCorrectResult(mode: Symbolic, expected: True)" storage="/home/runner/work/ai_msp430_emulator/ai_msp430_emulator/tests/msp430.emulator.tests/bin/release/net8.0/msp430.emulator.tests.dll" id="ee1d87a2-51eb-4d82-7c9c-afc396baa965">
      <Execution id="5cde1b64-759a-4626-8a4b-5697ac9fdbe4" />
      <TestMethod codeBase="/home/runner/work/ai_msp430_emulator/ai_msp430_emulator/tests/MSP430.Emulator.Tests/bin/Release/net8.0/MSP430.Emulator.Tests.dll" adapterTypeName="executor://xunit/VsTestRunner3/netcore/" className="MSP430.Emulator.Tests.Instructions.AddressingModeDecoderTests" name="RequiresExtensionWord_VariousModes_ReturnsCorrectResult" />
    </UnitTest>
    <UnitTest name="MSP430.Emulator.Tests.Instructions.Logic.XorInstructionTests.ExtensionWordCount_VariousAddressingModes_ReturnsCorrectCount(sourceMode: Absolute, destMode: Register, expectedCount: 1)" storage="/home/runner/work/ai_msp430_emulator/ai_msp430_emulator/tests/msp430.emulator.tests/bin/release/net8.0/msp430.emulator.tests.dll" id="c5620c7b-b006-b470-8b69-0d8249e1370f">
      <Execution id="bf52a8de-c2eb-4c08-aaa3-173113c2313f" />
      <TestMethod codeBase="/home/runner/work/ai_msp430_emulator/ai_msp430_emulator/tests/MSP430.Emulator.Tests/bin/Release/net8.0/MSP430.Emulator.Tests.dll" adapterTypeName="executor://xunit/VsTestRunner3/netcore/" className="MSP430.Emulator.Tests.Instructions.Logic.XorInstructionTests" name="ExtensionWordCount_VariousAddressingModes_ReturnsCorrectCount" />
    </UnitTest>
    <UnitTest name="MSP430.Emulator.Tests.Instructions.Logic.XorInstructionTests.ToString_VariousAddressingModes_FormatsCorrectly(mode: Symbolic, expectedOperand: &quot;ADDR&quot;)" storage="/home/runner/work/ai_msp430_emulator/ai_msp430_emulator/tests/msp430.emulator.tests/bin/release/net8.0/msp430.emulator.tests.dll" id="397cca61-be84-95bb-1b0e-a7f329258a0b">
      <Execution id="0b5bf1eb-632a-4f44-a105-92ce137a405f" />
      <TestMethod codeBase="/home/runner/work/ai_msp430_emulator/ai_msp430_emulator/tests/MSP430.Emulator.Tests/bin/Release/net8.0/MSP430.Emulator.Tests.dll" adapterTypeName="executor://xunit/VsTestRunner3/netcore/" className="MSP430.Emulator.Tests.Instructions.Logic.XorInstructionTests" name="ToString_VariousAddressingModes_FormatsCorrectly" />
    </UnitTest>
    <UnitTest name="MSP430.Emulator.Tests.Instructions.InstructionDecoderTests.GetInstructionFormat_FormatII_ReturnsFormatII(instructionWord: 4608)" storage="/home/runner/work/ai_msp430_emulator/ai_msp430_emulator/tests/msp430.emulator.tests/bin/release/net8.0/msp430.emulator.tests.dll" id="ad52b538-3c45-4370-a437-82d7d8370705">
      <Execution id="b9392957-7d0e-4da6-ba31-2b4d3e29b719" />
      <TestMethod codeBase="/home/runner/work/ai_msp430_emulator/ai_msp430_emulator/tests/MSP430.Emulator.Tests/bin/Release/net8.0/MSP430.Emulator.Tests.dll" adapterTypeName="executor://xunit/VsTestRunner3/netcore/" className="MSP430.Emulator.Tests.Instructions.InstructionDecoderTests" name="GetInstructionFormat_FormatII_ReturnsFormatII" />
    </UnitTest>
    <UnitTest name="MSP430.Emulator.Tests.Instructions.Logic.XorInstructionTests.AddressingModes_AllSupportedModes_ReturnCorrectValues(mode: Immediate)" storage="/home/runner/work/ai_msp430_emulator/ai_msp430_emulator/tests/msp430.emulator.tests/bin/release/net8.0/msp430.emulator.tests.dll" id="9085795c-fd20-6ba4-abd8-23b7152e3ee9">
      <Execution id="c30b0918-d25c-402c-9896-5bdac0b67701" />
      <TestMethod codeBase="/home/runner/work/ai_msp430_emulator/ai_msp430_emulator/tests/MSP430.Emulator.Tests/bin/Release/net8.0/MSP430.Emulator.Tests.dll" adapterTypeName="executor://xunit/VsTestRunner3/netcore/" className="MSP430.Emulator.Tests.Instructions.Logic.XorInstructionTests" name="AddressingModes_AllSupportedModes_ReturnCorrectValues" />
    </UnitTest>
    <UnitTest name="MSP430.Emulator.Tests.Memory.InformationMemoryTests.IsAddressInBounds_VariousAddresses_ReturnsExpectedResult(address: 6144, expected: True)" storage="/home/runner/work/ai_msp430_emulator/ai_msp430_emulator/tests/msp430.emulator.tests/bin/release/net8.0/msp430.emulator.tests.dll" id="daf7a81f-f603-ff1a-2e55-78318a416b2c">
      <Execution id="542db6c9-bf2d-42cc-873d-be70f925a252" />
      <TestMethod codeBase="/home/runner/work/ai_msp430_emulator/ai_msp430_emulator/tests/MSP430.Emulator.Tests/bin/Release/net8.0/MSP430.Emulator.Tests.dll" adapterTypeName="executor://xunit/VsTestRunner3/netcore/" className="MSP430.Emulator.Tests.Memory.InformationMemoryTests" name="IsAddressInBounds_VariousAddresses_ReturnsExpectedResult" />
    </UnitTest>
    <UnitTest name="MSP430.Emulator.Tests.Memory.MemoryControllerTests.WriteWord_UnalignedAddress_ThrowsArgumentException(address: 8193)" storage="/home/runner/work/ai_msp430_emulator/ai_msp430_emulator/tests/msp430.emulator.tests/bin/release/net8.0/msp430.emulator.tests.dll" id="4d2ce924-bf1c-ec33-fa07-08f9879f88e8">
      <Execution id="debc8fd6-d986-48b3-8166-2ad2b050949f" />
      <TestMethod codeBase="/home/runner/work/ai_msp430_emulator/ai_msp430_emulator/tests/MSP430.Emulator.Tests/bin/Release/net8.0/MSP430.Emulator.Tests.dll" adapterTypeName="executor://xunit/VsTestRunner3/netcore/" className="MSP430.Emulator.Tests.Memory.MemoryControllerTests" name="WriteWord_UnalignedAddress_ThrowsArgumentException" />
    </UnitTest>
    <UnitTest name="MSP430.Emulator.Tests.Instructions.Arithmetic.CmpInstructionTests.Properties_VariousRegisters_ReturnCorrectValues(source: R5, dest: R6)" storage="/home/runner/work/ai_msp430_emulator/ai_msp430_emulator/tests/msp430.emulator.tests/bin/release/net8.0/msp430.emulator.tests.dll" id="cbcde9c9-c49a-b1b9-3ced-d6daa8122d14">
      <Execution id="086009dd-04f2-4766-98c8-f25599a24199" />
      <TestMethod codeBase="/home/runner/work/ai_msp430_emulator/ai_msp430_emulator/tests/MSP430.Emulator.Tests/bin/Release/net8.0/MSP430.Emulator.Tests.dll" adapterTypeName="executor://xunit/VsTestRunner3/netcore/" className="MSP430.Emulator.Tests.Instructions.Arithmetic.CmpInstructionTests" name="Properties_VariousRegisters_ReturnCorrectValues" />
    </UnitTest>
    <UnitTest name="MSP430.Emulator.Tests.Instructions.AddressingModeDecoderTests.RequiresExtensionWord_VariousModes_ReturnsCorrectResult(mode: Indirect, expected: False)" storage="/home/runner/work/ai_msp430_emulator/ai_msp430_emulator/tests/msp430.emulator.tests/bin/release/net8.0/msp430.emulator.tests.dll" id="7bcb1577-0b1d-f529-40d1-89fb7c9c7ccb">
      <Execution id="499337d9-e889-4a5e-8be4-76c2e9445034" />
      <TestMethod codeBase="/home/runner/work/ai_msp430_emulator/ai_msp430_emulator/tests/MSP430.Emulator.Tests/bin/Release/net8.0/MSP430.Emulator.Tests.dll" adapterTypeName="executor://xunit/VsTestRunner3/netcore/" className="MSP430.Emulator.Tests.Instructions.AddressingModeDecoderTests" name="RequiresExtensionWord_VariousModes_ReturnsCorrectResult" />
    </UnitTest>
    <UnitTest name="MSP430.Emulator.Tests.Instructions.Arithmetic.CmpInstructionTests.AddressingModes_AllSupportedModes_ReturnCorrectValues(mode: Indirect)" storage="/home/runner/work/ai_msp430_emulator/ai_msp430_emulator/tests/msp430.emulator.tests/bin/release/net8.0/msp430.emulator.tests.dll" id="cc7da7be-9ca4-54bc-fa78-8306076dc7e1">
      <Execution id="5d7b6f0c-e859-4141-920f-1ef74733d2f8" />
      <TestMethod codeBase="/home/runner/work/ai_msp430_emulator/ai_msp430_emulator/tests/MSP430.Emulator.Tests/bin/Release/net8.0/MSP430.Emulator.Tests.dll" adapterTypeName="executor://xunit/VsTestRunner3/netcore/" className="MSP430.Emulator.Tests.Instructions.Arithmetic.CmpInstructionTests" name="AddressingModes_AllSupportedModes_ReturnCorrectValues" />
    </UnitTest>
    <UnitTest name="MSP430.Emulator.Tests.Memory.InformationMemoryTests.InformationSegmentInfo_Contains_WorksCorrectly" storage="/home/runner/work/ai_msp430_emulator/ai_msp430_emulator/tests/msp430.emulator.tests/bin/release/net8.0/msp430.emulator.tests.dll" id="02092aac-4beb-833e-6bdf-361aa4291d1a">
      <Execution id="c6afd79b-e377-45d8-a80b-31025d871875" />
      <TestMethod codeBase="/home/runner/work/ai_msp430_emulator/ai_msp430_emulator/tests/MSP430.Emulator.Tests/bin/Release/net8.0/MSP430.Emulator.Tests.dll" adapterTypeName="executor://xunit/VsTestRunner3/netcore/" className="MSP430.Emulator.Tests.Memory.InformationMemoryTests" name="InformationSegmentInfo_Contains_WorksCorrectly" />
    </UnitTest>
    <UnitTest name="MSP430.Emulator.Tests.Instructions.Logic.AndInstructionTests.AddressingModes_AllSupportedModes_ReturnCorrectValues(mode: Symbolic)" storage="/home/runner/work/ai_msp430_emulator/ai_msp430_emulator/tests/msp430.emulator.tests/bin/release/net8.0/msp430.emulator.tests.dll" id="97ae2dd3-2d5f-72f0-6058-61620ed05da2">
      <Execution id="0e9d1b66-b9ee-4082-9d12-76b404fbbd0b" />
      <TestMethod codeBase="/home/runner/work/ai_msp430_emulator/ai_msp430_emulator/tests/MSP430.Emulator.Tests/bin/Release/net8.0/MSP430.Emulator.Tests.dll" adapterTypeName="executor://xunit/VsTestRunner3/netcore/" className="MSP430.Emulator.Tests.Instructions.Logic.AndInstructionTests" name="AddressingModes_AllSupportedModes_ReturnCorrectValues" />
    </UnitTest>
    <UnitTest name="MSP430.Emulator.Tests.Memory.FlashMemoryTests.Unlock_InvalidKey_ReturnsFalse(invalidKey: 21845)" storage="/home/runner/work/ai_msp430_emulator/ai_msp430_emulator/tests/msp430.emulator.tests/bin/release/net8.0/msp430.emulator.tests.dll" id="e8476ddd-33de-de95-27c1-bf5a3a845311">
      <Execution id="9206ec9e-1eb2-4e52-ae56-cbb8e993a79d" />
      <TestMethod codeBase="/home/runner/work/ai_msp430_emulator/ai_msp430_emulator/tests/MSP430.Emulator.Tests/bin/Release/net8.0/MSP430.Emulator.Tests.dll" adapterTypeName="executor://xunit/VsTestRunner3/netcore/" className="MSP430.Emulator.Tests.Memory.FlashMemoryTests" name="Unlock_InvalidKey_ReturnsFalse" />
    </UnitTest>
    <UnitTest name="MSP430.Emulator.Tests.Cpu.RegisterFileTests.ReadRegisterLowByte_ValidRegister_ReturnsCorrectByte(register: R4, fullValue: 43981, expectedLowByte: 205)" storage="/home/runner/work/ai_msp430_emulator/ai_msp430_emulator/tests/msp430.emulator.tests/bin/release/net8.0/msp430.emulator.tests.dll" id="ef09be7b-daa8-ee5d-e3b6-8953e0178a1f">
      <Execution id="aac1f9c4-7b87-4712-ac3e-92f7ce485f83" />
      <TestMethod codeBase="/home/runner/work/ai_msp430_emulator/ai_msp430_emulator/tests/MSP430.Emulator.Tests/bin/Release/net8.0/MSP430.Emulator.Tests.dll" adapterTypeName="executor://xunit/VsTestRunner3/netcore/" className="MSP430.Emulator.Tests.Cpu.RegisterFileTests" name="ReadRegisterLowByte_ValidRegister_ReturnsCorrectByte" />
    </UnitTest>
    <UnitTest name="MSP430.Emulator.Tests.Instructions.Arithmetic.AddInstructionTests.ExtensionWordCount_VariousAddressingModes_ReturnsCorrectCount(sourceMode: Immediate, destMode: Register, expectedCount: 1)" storage="/home/runner/work/ai_msp430_emulator/ai_msp430_emulator/tests/msp430.emulator.tests/bin/release/net8.0/msp430.emulator.tests.dll" id="461ec9c1-9c98-b4f4-fc85-b27f2ca43dd7">
      <Execution id="54768904-29da-4be7-8103-978ad0592ff9" />
      <TestMethod codeBase="/home/runner/work/ai_msp430_emulator/ai_msp430_emulator/tests/MSP430.Emulator.Tests/bin/Release/net8.0/MSP430.Emulator.Tests.dll" adapterTypeName="executor://xunit/VsTestRunner3/netcore/" className="MSP430.Emulator.Tests.Instructions.Arithmetic.AddInstructionTests" name="ExtensionWordCount_VariousAddressingModes_ReturnsCorrectCount" />
    </UnitTest>
    <UnitTest name="MSP430.Emulator.Tests.Memory.FlashMemoryTests.Constructor_NullLogger_CreatesFlashMemory" storage="/home/runner/work/ai_msp430_emulator/ai_msp430_emulator/tests/msp430.emulator.tests/bin/release/net8.0/msp430.emulator.tests.dll" id="8f1c2d1d-1a82-dbf3-9c93-8272659c52df">
      <Execution id="4daabeb2-7bce-4d91-a252-4fc24aaa793c" />
      <TestMethod codeBase="/home/runner/work/ai_msp430_emulator/ai_msp430_emulator/tests/MSP430.Emulator.Tests/bin/Release/net8.0/MSP430.Emulator.Tests.dll" adapterTypeName="executor://xunit/VsTestRunner3/netcore/" className="MSP430.Emulator.Tests.Memory.FlashMemoryTests" name="Constructor_NullLogger_CreatesFlashMemory" />
    </UnitTest>
    <UnitTest name="MSP430.Emulator.Tests.Memory.MemorySystemIntegrationTests.MemorySystem_RegionDescriptions_AreCorrect(address: 592, expectedDescription: &quot;16-bit Peripherals&quot;)" storage="/home/runner/work/ai_msp430_emulator/ai_msp430_emulator/tests/msp430.emulator.tests/bin/release/net8.0/msp430.emulator.tests.dll" id="5938db1f-4929-803d-9eee-95c41f4682f5">
      <Execution id="d6e3d16b-381e-4648-9e99-4b596c4c19e6" />
      <TestMethod codeBase="/home/runner/work/ai_msp430_emulator/ai_msp430_emulator/tests/MSP430.Emulator.Tests/bin/Release/net8.0/MSP430.Emulator.Tests.dll" adapterTypeName="executor://xunit/VsTestRunner3/netcore/" className="MSP430.Emulator.Tests.Memory.MemorySystemIntegrationTests" name="MemorySystem_RegionDescriptions_AreCorrect" />
    </UnitTest>
    <UnitTest name="MSP430.Emulator.Tests.Memory.MemoryControllerTests.WriteWord_WithContext_ValidContext_WritesValue" storage="/home/runner/work/ai_msp430_emulator/ai_msp430_emulator/tests/msp430.emulator.tests/bin/release/net8.0/msp430.emulator.tests.dll" id="1da4e6ae-2e9e-536f-e08f-1bd8a9e5ee18">
      <Execution id="5b431575-13cd-4264-8969-7b18a38e655f" />
      <TestMethod codeBase="/home/runner/work/ai_msp430_emulator/ai_msp430_emulator/tests/MSP430.Emulator.Tests/bin/Release/net8.0/MSP430.Emulator.Tests.dll" adapterTypeName="executor://xunit/VsTestRunner3/netcore/" className="MSP430.Emulator.Tests.Memory.MemoryControllerTests" name="WriteWord_WithContext_ValidContext_WritesValue" />
    </UnitTest>
    <UnitTest name="MSP430.Emulator.Tests.Memory.InformationMemoryTests.IsRangeInBounds_VariousRanges_ReturnsExpectedResult(startAddress: 6144, length: 0, expected: False)" storage="/home/runner/work/ai_msp430_emulator/ai_msp430_emulator/tests/msp430.emulator.tests/bin/release/net8.0/msp430.emulator.tests.dll" id="9afcf05e-818c-0d86-96cf-d807027daa76">
      <Execution id="4041893f-91c2-4269-8742-73111f6fd07f" />
      <TestMethod codeBase="/home/runner/work/ai_msp430_emulator/ai_msp430_emulator/tests/MSP430.Emulator.Tests/bin/Release/net8.0/MSP430.Emulator.Tests.dll" adapterTypeName="executor://xunit/VsTestRunner3/netcore/" className="MSP430.Emulator.Tests.Memory.InformationMemoryTests" name="IsRangeInBounds_VariousRanges_ReturnsExpectedResult" />
    </UnitTest>
    <UnitTest name="MSP430.Emulator.Tests.Instructions.Arithmetic.SubInstructionTests.AddressingModes_AllSupportedModes_ReturnCorrectValues(mode: IndirectAutoIncrement)" storage="/home/runner/work/ai_msp430_emulator/ai_msp430_emulator/tests/msp430.emulator.tests/bin/release/net8.0/msp430.emulator.tests.dll" id="6559b674-6310-509d-5396-faa4f5837925">
      <Execution id="71371680-4d72-438c-9163-f3f9c3c4317b" />
      <TestMethod codeBase="/home/runner/work/ai_msp430_emulator/ai_msp430_emulator/tests/MSP430.Emulator.Tests/bin/Release/net8.0/MSP430.Emulator.Tests.dll" adapterTypeName="executor://xunit/VsTestRunner3/netcore/" className="MSP430.Emulator.Tests.Instructions.Arithmetic.SubInstructionTests" name="AddressingModes_AllSupportedModes_ReturnCorrectValues" />
    </UnitTest>
    <UnitTest name="MSP430.Emulator.Tests.Diagnostics.DiagnosticReportGeneratorTests.GenerateReport_WithDiagnosticLogger_ShouldIncludeRecentEntries" storage="/home/runner/work/ai_msp430_emulator/ai_msp430_emulator/tests/msp430.emulator.tests/bin/release/net8.0/msp430.emulator.tests.dll" id="5ea64d3d-4a13-6770-bc89-3622f87510d7">
      <Execution id="6c4efe48-4249-470f-899b-82ca04fa68a1" />
      <TestMethod codeBase="/home/runner/work/ai_msp430_emulator/ai_msp430_emulator/tests/MSP430.Emulator.Tests/bin/Release/net8.0/MSP430.Emulator.Tests.dll" adapterTypeName="executor://xunit/VsTestRunner3/netcore/" className="MSP430.Emulator.Tests.Diagnostics.DiagnosticReportGeneratorTests" name="GenerateReport_WithDiagnosticLogger_ShouldIncludeRecentEntries" />
    </UnitTest>
    <UnitTest name="MSP430.Emulator.Tests.Diagnostics.DiagnosticReportGeneratorTests.GenerateReportToFile_ShouldCreateFile" storage="/home/runner/work/ai_msp430_emulator/ai_msp430_emulator/tests/msp430.emulator.tests/bin/release/net8.0/msp430.emulator.tests.dll" id="336ab266-8f57-0f1a-3b11-5c7d001bc13c">
      <Execution id="6d097924-7c04-45de-afc5-cc63d1be3666" />
      <TestMethod codeBase="/home/runner/work/ai_msp430_emulator/ai_msp430_emulator/tests/MSP430.Emulator.Tests/bin/Release/net8.0/MSP430.Emulator.Tests.dll" adapterTypeName="executor://xunit/VsTestRunner3/netcore/" className="MSP430.Emulator.Tests.Diagnostics.DiagnosticReportGeneratorTests" name="GenerateReportToFile_ShouldCreateFile" />
    </UnitTest>
    <UnitTest name="MSP430.Emulator.Tests.Memory.MemoryControllerTests.IsAccessAllowed_ValidAccess_ReturnsTrue(address: 16384, accessType: Execute)" storage="/home/runner/work/ai_msp430_emulator/ai_msp430_emulator/tests/msp430.emulator.tests/bin/release/net8.0/msp430.emulator.tests.dll" id="027d4506-025f-e862-2462-d3426e60331b">
      <Execution id="088b438d-c2b2-476a-9504-57ef6c4203d7" />
      <TestMethod codeBase="/home/runner/work/ai_msp430_emulator/ai_msp430_emulator/tests/MSP430.Emulator.Tests/bin/Release/net8.0/MSP430.Emulator.Tests.dll" adapterTypeName="executor://xunit/VsTestRunner3/netcore/" className="MSP430.Emulator.Tests.Memory.MemoryControllerTests" name="IsAccessAllowed_ValidAccess_ReturnsTrue" />
    </UnitTest>
    <UnitTest name="MSP430.Emulator.Tests.Memory.MemoryControllerTests.ReadByte_ValidAddress_ReturnsValue(address: 49151)" storage="/home/runner/work/ai_msp430_emulator/ai_msp430_emulator/tests/msp430.emulator.tests/bin/release/net8.0/msp430.emulator.tests.dll" id="50c75b1d-b65a-8c18-b40f-90cc29d23564">
      <Execution id="dc39ca7d-117c-4505-bb60-867bff640fc4" />
      <TestMethod codeBase="/home/runner/work/ai_msp430_emulator/ai_msp430_emulator/tests/MSP430.Emulator.Tests/bin/Release/net8.0/MSP430.Emulator.Tests.dll" adapterTypeName="executor://xunit/VsTestRunner3/netcore/" className="MSP430.Emulator.Tests.Memory.MemoryControllerTests" name="ReadByte_ValidAddress_ReturnsValue" />
    </UnitTest>
    <UnitTest name="MSP430.Emulator.Tests.Instructions.Logic.BisInstructionTests.ToString_VariousAddressingModes_FormatsCorrectly(mode: Immediate, expectedOperand: &quot;#N&quot;)" storage="/home/runner/work/ai_msp430_emulator/ai_msp430_emulator/tests/msp430.emulator.tests/bin/release/net8.0/msp430.emulator.tests.dll" id="34784c8a-3b41-f1c7-e057-0bb2d747758f">
      <Execution id="242bbb64-a2f3-4f7c-8ca0-96df773ff7aa" />
      <TestMethod codeBase="/home/runner/work/ai_msp430_emulator/ai_msp430_emulator/tests/MSP430.Emulator.Tests/bin/Release/net8.0/MSP430.Emulator.Tests.dll" adapterTypeName="executor://xunit/VsTestRunner3/netcore/" className="MSP430.Emulator.Tests.Instructions.Logic.BisInstructionTests" name="ToString_VariousAddressingModes_FormatsCorrectly" />
    </UnitTest>
    <UnitTest name="MSP430.Emulator.Tests.Instructions.Logic.AndInstructionTests.SourceRegister_AllRegisters_ReturnsCorrectRegister(register: R0)" storage="/home/runner/work/ai_msp430_emulator/ai_msp430_emulator/tests/msp430.emulator.tests/bin/release/net8.0/msp430.emulator.tests.dll" id="085670ca-344e-6381-cb6f-6d84db197b02">
      <Execution id="4656b5b4-9e17-4aa9-b3c7-d9330e13c3ff" />
      <TestMethod codeBase="/home/runner/work/ai_msp430_emulator/ai_msp430_emulator/tests/MSP430.Emulator.Tests/bin/Release/net8.0/MSP430.Emulator.Tests.dll" adapterTypeName="executor://xunit/VsTestRunner3/netcore/" className="MSP430.Emulator.Tests.Instructions.Logic.AndInstructionTests" name="SourceRegister_AllRegisters_ReturnsCorrectRegister" />
    </UnitTest>
    <UnitTest name="MSP430.Emulator.Tests.Memory.FlashControllerTests.Constructor_InitializesInLockedState" storage="/home/runner/work/ai_msp430_emulator/ai_msp430_emulator/tests/msp430.emulator.tests/bin/release/net8.0/msp430.emulator.tests.dll" id="4c658dc7-4337-dec9-1a79-8caae76d631e">
      <Execution id="50c72787-ead3-4c82-a712-d8682339fcb3" />
      <TestMethod codeBase="/home/runner/work/ai_msp430_emulator/ai_msp430_emulator/tests/MSP430.Emulator.Tests/bin/Release/net8.0/MSP430.Emulator.Tests.dll" adapterTypeName="executor://xunit/VsTestRunner3/netcore/" className="MSP430.Emulator.Tests.Memory.FlashControllerTests" name="Constructor_InitializesInLockedState" />
    </UnitTest>
    <UnitTest name="MSP430.Emulator.Tests.Memory.MemoryAccessValidatorTests.GetValidationInfo_ValidAddress_ReturnsCorrectInfo" storage="/home/runner/work/ai_msp430_emulator/ai_msp430_emulator/tests/msp430.emulator.tests/bin/release/net8.0/msp430.emulator.tests.dll" id="c55fbe05-3c03-c460-bb91-22c0953b3163">
      <Execution id="604e0f76-e5a0-44ee-8cbf-a4bca783d340" />
      <TestMethod codeBase="/home/runner/work/ai_msp430_emulator/ai_msp430_emulator/tests/MSP430.Emulator.Tests/bin/Release/net8.0/MSP430.Emulator.Tests.dll" adapterTypeName="executor://xunit/VsTestRunner3/netcore/" className="MSP430.Emulator.Tests.Memory.MemoryAccessValidatorTests" name="GetValidationInfo_ValidAddress_ReturnsCorrectInfo" />
    </UnitTest>
    <UnitTest name="MSP430.Emulator.Tests.Instructions.Logic.BisInstructionTests.ToString_ByteOperation_IncludesByteModifier" storage="/home/runner/work/ai_msp430_emulator/ai_msp430_emulator/tests/msp430.emulator.tests/bin/release/net8.0/msp430.emulator.tests.dll" id="d313729c-a12f-afbb-eaa0-23613ea1cc8a">
      <Execution id="a44cb60b-c5a7-476c-972c-2dbf88de4dc0" />
      <TestMethod codeBase="/home/runner/work/ai_msp430_emulator/ai_msp430_emulator/tests/MSP430.Emulator.Tests/bin/Release/net8.0/MSP430.Emulator.Tests.dll" adapterTypeName="executor://xunit/VsTestRunner3/netcore/" className="MSP430.Emulator.Tests.Instructions.Logic.BisInstructionTests" name="ToString_ByteOperation_IncludesByteModifier" />
    </UnitTest>
    <UnitTest name="MSP430.Emulator.Tests.Instructions.Arithmetic.CmpInstructionTests.AddressingModes_AllSupportedModes_ReturnCorrectValues(mode: Immediate)" storage="/home/runner/work/ai_msp430_emulator/ai_msp430_emulator/tests/msp430.emulator.tests/bin/release/net8.0/msp430.emulator.tests.dll" id="56a40e2a-907d-6858-fe63-434ec795e6ff">
      <Execution id="ce622cae-3575-4284-92a5-f3b58c5fece7" />
      <TestMethod codeBase="/home/runner/work/ai_msp430_emulator/ai_msp430_emulator/tests/MSP430.Emulator.Tests/bin/Release/net8.0/MSP430.Emulator.Tests.dll" adapterTypeName="executor://xunit/VsTestRunner3/netcore/" className="MSP430.Emulator.Tests.Instructions.Arithmetic.CmpInstructionTests" name="AddressingModes_AllSupportedModes_ReturnCorrectValues" />
    </UnitTest>
    <UnitTest name="MSP430.Emulator.Tests.Instructions.Logic.BitInstructionTests.SourceRegister_AllRegisters_ReturnsCorrectRegister(register: R15)" storage="/home/runner/work/ai_msp430_emulator/ai_msp430_emulator/tests/msp430.emulator.tests/bin/release/net8.0/msp430.emulator.tests.dll" id="a619bc54-dbfb-935b-2b64-2638ddd8e54c">
      <Execution id="fd8e6fb8-65f8-4a5d-aeaa-955ba08cdfd0" />
      <TestMethod codeBase="/home/runner/work/ai_msp430_emulator/ai_msp430_emulator/tests/MSP430.Emulator.Tests/bin/Release/net8.0/MSP430.Emulator.Tests.dll" adapterTypeName="executor://xunit/VsTestRunner3/netcore/" className="MSP430.Emulator.Tests.Instructions.Logic.BitInstructionTests" name="SourceRegister_AllRegisters_ReturnsCorrectRegister" />
    </UnitTest>
    <UnitTest name="MSP430.Emulator.Tests.Core.EmulatorCoreTests.Statistics_InitiallyZero" storage="/home/runner/work/ai_msp430_emulator/ai_msp430_emulator/tests/msp430.emulator.tests/bin/release/net8.0/msp430.emulator.tests.dll" id="6d0722cc-7946-2df6-477c-3f384ded3570">
      <Execution id="b8b29d4e-dcb0-45a7-82d0-34f3e8034c11" />
      <TestMethod codeBase="/home/runner/work/ai_msp430_emulator/ai_msp430_emulator/tests/MSP430.Emulator.Tests/bin/Release/net8.0/MSP430.Emulator.Tests.dll" adapterTypeName="executor://xunit/VsTestRunner3/netcore/" className="MSP430.Emulator.Tests.Core.EmulatorCoreTests" name="Statistics_InitiallyZero" />
    </UnitTest>
    <UnitTest name="MSP430.Emulator.Tests.Diagnostics.DiagnosticReportGeneratorTests.GenerateReport_ShouldReturnValidReport" storage="/home/runner/work/ai_msp430_emulator/ai_msp430_emulator/tests/msp430.emulator.tests/bin/release/net8.0/msp430.emulator.tests.dll" id="2dc3b92a-7f93-e8d4-c326-68d8f836700b">
      <Execution id="6145b658-2fba-450a-abf2-34991ae1ac2f" />
      <TestMethod codeBase="/home/runner/work/ai_msp430_emulator/ai_msp430_emulator/tests/MSP430.Emulator.Tests/bin/Release/net8.0/MSP430.Emulator.Tests.dll" adapterTypeName="executor://xunit/VsTestRunner3/netcore/" className="MSP430.Emulator.Tests.Diagnostics.DiagnosticReportGeneratorTests" name="GenerateReport_ShouldReturnValidReport" />
    </UnitTest>
    <UnitTest name="MSP430.Emulator.Tests.Instructions.Logic.XorInstructionTests.DestinationRegister_AllRegisters_ReturnsCorrectRegister(register: R4)" storage="/home/runner/work/ai_msp430_emulator/ai_msp430_emulator/tests/msp430.emulator.tests/bin/release/net8.0/msp430.emulator.tests.dll" id="db22fac5-2940-f0bb-dd31-f5075bc8ebe1">
      <Execution id="674555a9-4ee1-4ff3-89ab-15feac2743a6" />
      <TestMethod codeBase="/home/runner/work/ai_msp430_emulator/ai_msp430_emulator/tests/MSP430.Emulator.Tests/bin/Release/net8.0/MSP430.Emulator.Tests.dll" adapterTypeName="executor://xunit/VsTestRunner3/netcore/" className="MSP430.Emulator.Tests.Instructions.Logic.XorInstructionTests" name="DestinationRegister_AllRegisters_ReturnsCorrectRegister" />
    </UnitTest>
    <UnitTest name="MSP430.Emulator.Tests.Core.ExecutionStateTests.IsValidTransition_ReturnsExpectedResult(from: SingleStep, to: Halted, expected: True)" storage="/home/runner/work/ai_msp430_emulator/ai_msp430_emulator/tests/msp430.emulator.tests/bin/release/net8.0/msp430.emulator.tests.dll" id="3817654d-4a80-1e41-2232-e4b820a0f16b">
      <Execution id="e39623d9-7347-4e7c-9169-0d363ddb65f1" />
      <TestMethod codeBase="/home/runner/work/ai_msp430_emulator/ai_msp430_emulator/tests/MSP430.Emulator.Tests/bin/Release/net8.0/MSP430.Emulator.Tests.dll" adapterTypeName="executor://xunit/VsTestRunner3/netcore/" className="MSP430.Emulator.Tests.Core.ExecutionStateTests" name="IsValidTransition_ReturnsExpectedResult" />
    </UnitTest>
    <UnitTest name="MSP430.Emulator.Tests.Configuration.EmulatorConfigTests.DefaultCpuConfig_HasExpectedValues" storage="/home/runner/work/ai_msp430_emulator/ai_msp430_emulator/tests/msp430.emulator.tests/bin/release/net8.0/msp430.emulator.tests.dll" id="7800e03e-f5bc-4ed9-5d88-1062c5f35b4a">
      <Execution id="a078d20d-8991-4298-a822-38768cce2c40" />
      <TestMethod codeBase="/home/runner/work/ai_msp430_emulator/ai_msp430_emulator/tests/MSP430.Emulator.Tests/bin/Release/net8.0/MSP430.Emulator.Tests.dll" adapterTypeName="executor://xunit/VsTestRunner3/netcore/" className="MSP430.Emulator.Tests.Configuration.EmulatorConfigTests" name="DefaultCpuConfig_HasExpectedValues" />
    </UnitTest>
    <UnitTest name="MSP430.Emulator.Tests.Instructions.Logic.XorInstructionTests.SourceRegister_AllRegisters_ReturnsCorrectRegister(register: R1)" storage="/home/runner/work/ai_msp430_emulator/ai_msp430_emulator/tests/msp430.emulator.tests/bin/release/net8.0/msp430.emulator.tests.dll" id="be2bc96c-c296-9288-82c6-da8ede6cfb41">
      <Execution id="bdb6f566-b080-4a32-9f59-e5d5e7bad224" />
      <TestMethod codeBase="/home/runner/work/ai_msp430_emulator/ai_msp430_emulator/tests/MSP430.Emulator.Tests/bin/Release/net8.0/MSP430.Emulator.Tests.dll" adapterTypeName="executor://xunit/VsTestRunner3/netcore/" className="MSP430.Emulator.Tests.Instructions.Logic.XorInstructionTests" name="SourceRegister_AllRegisters_ReturnsCorrectRegister" />
    </UnitTest>
    <UnitTest name="MSP430.Emulator.Tests.Memory.FlashMemoryTests.GetReadCycles_ReturnsDefaultCycles" storage="/home/runner/work/ai_msp430_emulator/ai_msp430_emulator/tests/msp430.emulator.tests/bin/release/net8.0/msp430.emulator.tests.dll" id="32b7f0b3-4e90-9893-5d66-3acd7bd7b164">
      <Execution id="47ef1a47-de69-4df4-8068-56dd75a54f8b" />
      <TestMethod codeBase="/home/runner/work/ai_msp430_emulator/ai_msp430_emulator/tests/MSP430.Emulator.Tests/bin/Release/net8.0/MSP430.Emulator.Tests.dll" adapterTypeName="executor://xunit/VsTestRunner3/netcore/" className="MSP430.Emulator.Tests.Memory.FlashMemoryTests" name="GetReadCycles_ReturnsDefaultCycles" />
    </UnitTest>
    <UnitTest name="MSP430.Emulator.Tests.Instructions.Arithmetic.IncInstructionTests.Execute_ByteOverflow_SetsCarryFlag" storage="/home/runner/work/ai_msp430_emulator/ai_msp430_emulator/tests/msp430.emulator.tests/bin/release/net8.0/msp430.emulator.tests.dll" id="8b67f172-0a3e-614d-aaf8-f8e48a88165f">
      <Execution id="8f52ae68-b2ce-45e9-a050-78c179952998" />
      <TestMethod codeBase="/home/runner/work/ai_msp430_emulator/ai_msp430_emulator/tests/MSP430.Emulator.Tests/bin/Release/net8.0/MSP430.Emulator.Tests.dll" adapterTypeName="executor://xunit/VsTestRunner3/netcore/" className="MSP430.Emulator.Tests.Instructions.Arithmetic.IncInstructionTests" name="Execute_ByteOverflow_SetsCarryFlag" />
    </UnitTest>
    <UnitTest name="MSP430.Emulator.Tests.Memory.MemoryAccessValidatorTests.IsAccessValid_ValidAccess_ReturnsTrue" storage="/home/runner/work/ai_msp430_emulator/ai_msp430_emulator/tests/msp430.emulator.tests/bin/release/net8.0/msp430.emulator.tests.dll" id="a8873b2d-5792-32d9-3bb3-03f064553346">
      <Execution id="68acaa30-fdd2-46ad-9632-2a20158b53e9" />
      <TestMethod codeBase="/home/runner/work/ai_msp430_emulator/ai_msp430_emulator/tests/MSP430.Emulator.Tests/bin/Release/net8.0/MSP430.Emulator.Tests.dll" adapterTypeName="executor://xunit/VsTestRunner3/netcore/" className="MSP430.Emulator.Tests.Memory.MemoryAccessValidatorTests" name="IsAccessValid_ValidAccess_ReturnsTrue" />
    </UnitTest>
    <UnitTest name="MSP430.Emulator.Tests.Cpu.RegisterFileTests.ProgramCounterIncrement_WithDebugLogging_LogsOperation" storage="/home/runner/work/ai_msp430_emulator/ai_msp430_emulator/tests/msp430.emulator.tests/bin/release/net8.0/msp430.emulator.tests.dll" id="a1da73f8-c5e5-3f5c-ed60-7f4ab750dd15">
      <Execution id="5f992645-3168-47b6-ba0f-a21d0a071951" />
      <TestMethod codeBase="/home/runner/work/ai_msp430_emulator/ai_msp430_emulator/tests/MSP430.Emulator.Tests/bin/Release/net8.0/MSP430.Emulator.Tests.dll" adapterTypeName="executor://xunit/VsTestRunner3/netcore/" className="MSP430.Emulator.Tests.Cpu.RegisterFileTests" name="ProgramCounterIncrement_WithDebugLogging_LogsOperation" />
    </UnitTest>
    <UnitTest name="MSP430.Emulator.Tests.Cpu.StatusRegisterTests.Zero_GetSet_WorksCorrectly(value: 0, expectedZero: False)" storage="/home/runner/work/ai_msp430_emulator/ai_msp430_emulator/tests/msp430.emulator.tests/bin/release/net8.0/msp430.emulator.tests.dll" id="31903402-7b68-145e-1d35-fe78463c3b60">
      <Execution id="a1af95c0-4d81-4140-bcfc-32627c3fde2b" />
      <TestMethod codeBase="/home/runner/work/ai_msp430_emulator/ai_msp430_emulator/tests/MSP430.Emulator.Tests/bin/Release/net8.0/MSP430.Emulator.Tests.dll" adapterTypeName="executor://xunit/VsTestRunner3/netcore/" className="MSP430.Emulator.Tests.Cpu.StatusRegisterTests" name="Zero_GetSet_WorksCorrectly" />
    </UnitTest>
    <UnitTest name="MSP430.Emulator.Tests.Instructions.InstructionDecoderTests.Decode_FormatIII_NegativeOffset_HandlesSignExtension" storage="/home/runner/work/ai_msp430_emulator/ai_msp430_emulator/tests/msp430.emulator.tests/bin/release/net8.0/msp430.emulator.tests.dll" id="b948fc82-e146-0bf2-c8d2-d385f8ac4b20">
      <Execution id="eb82f9ed-0183-4b34-a448-4bf612fa14e6" />
      <TestMethod codeBase="/home/runner/work/ai_msp430_emulator/ai_msp430_emulator/tests/MSP430.Emulator.Tests/bin/Release/net8.0/MSP430.Emulator.Tests.dll" adapterTypeName="executor://xunit/VsTestRunner3/netcore/" className="MSP430.Emulator.Tests.Instructions.InstructionDecoderTests" name="Decode_FormatIII_NegativeOffset_HandlesSignExtension" />
    </UnitTest>
    <UnitTest name="MSP430.Emulator.Tests.Memory.FlashMemoryTests.ProgramByte_WhenUnlocked_ReturnsTrue" storage="/home/runner/work/ai_msp430_emulator/ai_msp430_emulator/tests/msp430.emulator.tests/bin/release/net8.0/msp430.emulator.tests.dll" id="52e3275c-dfa7-bf73-f7f2-e75c91db3871">
      <Execution id="5d420b89-7d2b-4344-b4c1-d8010fac826d" />
      <TestMethod codeBase="/home/runner/work/ai_msp430_emulator/ai_msp430_emulator/tests/MSP430.Emulator.Tests/bin/Release/net8.0/MSP430.Emulator.Tests.dll" adapterTypeName="executor://xunit/VsTestRunner3/netcore/" className="MSP430.Emulator.Tests.Memory.FlashMemoryTests" name="ProgramByte_WhenUnlocked_ReturnsTrue" />
    </UnitTest>
    <UnitTest name="MSP430.Emulator.Tests.Cpu.StatusRegisterTests.Negative_GetSet_WorksCorrectly(value: 4, expectedNegative: True)" storage="/home/runner/work/ai_msp430_emulator/ai_msp430_emulator/tests/msp430.emulator.tests/bin/release/net8.0/msp430.emulator.tests.dll" id="365b2847-44e3-971c-623c-7a696f85728b">
      <Execution id="0064faa0-2eed-4c69-b9a4-d32c14511755" />
      <TestMethod codeBase="/home/runner/work/ai_msp430_emulator/ai_msp430_emulator/tests/MSP430.Emulator.Tests/bin/Release/net8.0/MSP430.Emulator.Tests.dll" adapterTypeName="executor://xunit/VsTestRunner3/netcore/" className="MSP430.Emulator.Tests.Cpu.StatusRegisterTests" name="Negative_GetSet_WorksCorrectly" />
    </UnitTest>
    <UnitTest name="MSP430.Emulator.Tests.Instructions.Logic.BitInstructionTests.ExtensionWordCount_VariousAddressingModes_ReturnsCorrectCount(sourceMode: Immediate, destMode: Absolute, expectedCount: 2)" storage="/home/runner/work/ai_msp430_emulator/ai_msp430_emulator/tests/msp430.emulator.tests/bin/release/net8.0/msp430.emulator.tests.dll" id="678a70b7-0358-5a30-970f-bdc5a2025cda">
      <Execution id="b88277a1-fe5d-45ab-b422-e88695d54d3b" />
      <TestMethod codeBase="/home/runner/work/ai_msp430_emulator/ai_msp430_emulator/tests/MSP430.Emulator.Tests/bin/Release/net8.0/MSP430.Emulator.Tests.dll" adapterTypeName="executor://xunit/VsTestRunner3/netcore/" className="MSP430.Emulator.Tests.Instructions.Logic.BitInstructionTests" name="ExtensionWordCount_VariousAddressingModes_ReturnsCorrectCount" />
    </UnitTest>
    <UnitTest name="MSP430.Emulator.Tests.Cpu.StatusRegisterTests.SystemClockGenerator1_GetSet_WorksCorrectly(value: 0, expected: False)" storage="/home/runner/work/ai_msp430_emulator/ai_msp430_emulator/tests/msp430.emulator.tests/bin/release/net8.0/msp430.emulator.tests.dll" id="813975ae-f387-e307-0541-b41e637bf6c0">
      <Execution id="7e679de6-f530-4677-90cd-8b8fe22945f8" />
      <TestMethod codeBase="/home/runner/work/ai_msp430_emulator/ai_msp430_emulator/tests/MSP430.Emulator.Tests/bin/Release/net8.0/MSP430.Emulator.Tests.dll" adapterTypeName="executor://xunit/VsTestRunner3/netcore/" className="MSP430.Emulator.Tests.Cpu.StatusRegisterTests" name="SystemClockGenerator1_GetSet_WorksCorrectly" />
    </UnitTest>
    <UnitTest name="MSP430.Emulator.Tests.Instructions.Logic.AndInstructionTests.ExtensionWordCount_VariousAddressingModes_ReturnsCorrectCount(sourceMode: Register, destMode: Indirect, expectedCount: 0)" storage="/home/runner/work/ai_msp430_emulator/ai_msp430_emulator/tests/msp430.emulator.tests/bin/release/net8.0/msp430.emulator.tests.dll" id="7662abce-af3e-1971-8ef3-1f9a1d008f06">
      <Execution id="74fffdae-6064-4259-abcb-203b4a046fac" />
      <TestMethod codeBase="/home/runner/work/ai_msp430_emulator/ai_msp430_emulator/tests/MSP430.Emulator.Tests/bin/Release/net8.0/MSP430.Emulator.Tests.dll" adapterTypeName="executor://xunit/VsTestRunner3/netcore/" className="MSP430.Emulator.Tests.Instructions.Logic.AndInstructionTests" name="ExtensionWordCount_VariousAddressingModes_ReturnsCorrectCount" />
    </UnitTest>
    <UnitTest name="MSP430.Emulator.Tests.Memory.InformationMemoryTests.ReadWord_InvalidAddress_ThrowsArgumentOutOfRangeException(invalidAddress: 6656)" storage="/home/runner/work/ai_msp430_emulator/ai_msp430_emulator/tests/msp430.emulator.tests/bin/release/net8.0/msp430.emulator.tests.dll" id="ae182ac9-8ac7-b95e-1d6e-6a5b85897484">
      <Execution id="fbf27b05-4e4e-4535-b5e8-cd20a1940ef1" />
      <TestMethod codeBase="/home/runner/work/ai_msp430_emulator/ai_msp430_emulator/tests/MSP430.Emulator.Tests/bin/Release/net8.0/MSP430.Emulator.Tests.dll" adapterTypeName="executor://xunit/VsTestRunner3/netcore/" className="MSP430.Emulator.Tests.Memory.InformationMemoryTests" name="ReadWord_InvalidAddress_ThrowsArgumentOutOfRangeException" />
    </UnitTest>
    <UnitTest name="MSP430.Emulator.Tests.Logging.FileLoggerTests.Info_WritesToFile" storage="/home/runner/work/ai_msp430_emulator/ai_msp430_emulator/tests/msp430.emulator.tests/bin/release/net8.0/msp430.emulator.tests.dll" id="d82e119e-5431-7bd3-75b9-cdd93a6a82ac">
      <Execution id="2f0709f2-79b6-4b42-841a-9f7620ffc308" />
      <TestMethod codeBase="/home/runner/work/ai_msp430_emulator/ai_msp430_emulator/tests/MSP430.Emulator.Tests/bin/Release/net8.0/MSP430.Emulator.Tests.dll" adapterTypeName="executor://xunit/VsTestRunner3/netcore/" className="MSP430.Emulator.Tests.Logging.FileLoggerTests" name="Info_WritesToFile" />
    </UnitTest>
    <UnitTest name="MSP430.Emulator.Tests.Cpu.StatusRegisterTests.UpdateFlags_VariousScenarios_UpdatesCorrectly(result: 0, updateCarry: False, updateOverflow: False)" storage="/home/runner/work/ai_msp430_emulator/ai_msp430_emulator/tests/msp430.emulator.tests/bin/release/net8.0/msp430.emulator.tests.dll" id="6c515a75-0790-ce0c-5268-9e33e2ca6fbc">
      <Execution id="2bb98916-e1df-4a8c-90dc-74dc35f069df" />
      <TestMethod codeBase="/home/runner/work/ai_msp430_emulator/ai_msp430_emulator/tests/MSP430.Emulator.Tests/bin/Release/net8.0/MSP430.Emulator.Tests.dll" adapterTypeName="executor://xunit/VsTestRunner3/netcore/" className="MSP430.Emulator.Tests.Cpu.StatusRegisterTests" name="UpdateFlags_VariousScenarios_UpdatesCorrectly" />
    </UnitTest>
    <UnitTest name="MSP430.Emulator.Tests.Instructions.Logic.XorInstructionTests.SourceRegister_AllRegisters_ReturnsCorrectRegister(register: R15)" storage="/home/runner/work/ai_msp430_emulator/ai_msp430_emulator/tests/msp430.emulator.tests/bin/release/net8.0/msp430.emulator.tests.dll" id="4634c741-e3b1-819b-aebf-40c1da157b8d">
      <Execution id="57d375d5-d3ad-46df-b983-bf9145b8c842" />
      <TestMethod codeBase="/home/runner/work/ai_msp430_emulator/ai_msp430_emulator/tests/MSP430.Emulator.Tests/bin/Release/net8.0/MSP430.Emulator.Tests.dll" adapterTypeName="executor://xunit/VsTestRunner3/netcore/" className="MSP430.Emulator.Tests.Instructions.Logic.XorInstructionTests" name="SourceRegister_AllRegisters_ReturnsCorrectRegister" />
    </UnitTest>
    <UnitTest name="MSP430.Emulator.Tests.Instructions.Arithmetic.AddInstructionTests.ExtensionWordCount_VariousAddressingModes_ReturnsCorrectCount(sourceMode: Symbolic, destMode: Indexed, expectedCount: 2)" storage="/home/runner/work/ai_msp430_emulator/ai_msp430_emulator/tests/msp430.emulator.tests/bin/release/net8.0/msp430.emulator.tests.dll" id="ec746fa2-14da-ea9b-2c88-f4e35b8dc66f">
      <Execution id="4a274a7c-17f6-483b-ac86-530a53e482af" />
      <TestMethod codeBase="/home/runner/work/ai_msp430_emulator/ai_msp430_emulator/tests/MSP430.Emulator.Tests/bin/Release/net8.0/MSP430.Emulator.Tests.dll" adapterTypeName="executor://xunit/VsTestRunner3/netcore/" className="MSP430.Emulator.Tests.Instructions.Arithmetic.AddInstructionTests" name="ExtensionWordCount_VariousAddressingModes_ReturnsCorrectCount" />
    </UnitTest>
    <UnitTest name="MSP430.Emulator.Tests.Instructions.Arithmetic.SubInstructionTests.ToString_VariousAddressingModes_FormatsCorrectly(register: R0, mode: Register, expectedOperand: &quot;R0&quot;)" storage="/home/runner/work/ai_msp430_emulator/ai_msp430_emulator/tests/msp430.emulator.tests/bin/release/net8.0/msp430.emulator.tests.dll" id="98074fba-987d-b289-0372-ae62d039fb12">
      <Execution id="6f9e35a1-9356-48c1-b386-68e02e1f507a" />
      <TestMethod codeBase="/home/runner/work/ai_msp430_emulator/ai_msp430_emulator/tests/MSP430.Emulator.Tests/bin/Release/net8.0/MSP430.Emulator.Tests.dll" adapterTypeName="executor://xunit/VsTestRunner3/netcore/" className="MSP430.Emulator.Tests.Instructions.Arithmetic.SubInstructionTests" name="ToString_VariousAddressingModes_FormatsCorrectly" />
    </UnitTest>
    <UnitTest name="MSP430.Emulator.Tests.Logging.ConsoleLoggerTests.IsEnabled_ReturnsFalseForLevelBelowMinimum" storage="/home/runner/work/ai_msp430_emulator/ai_msp430_emulator/tests/msp430.emulator.tests/bin/release/net8.0/msp430.emulator.tests.dll" id="0b20621a-6c39-2212-cb16-bbe8e297003d">
      <Execution id="e9edb514-e1c2-44e9-aa73-fa7b64988d52" />
      <TestMethod codeBase="/home/runner/work/ai_msp430_emulator/ai_msp430_emulator/tests/MSP430.Emulator.Tests/bin/Release/net8.0/MSP430.Emulator.Tests.dll" adapterTypeName="executor://xunit/VsTestRunner3/netcore/" className="MSP430.Emulator.Tests.Logging.ConsoleLoggerTests" name="IsEnabled_ReturnsFalseForLevelBelowMinimum" />
    </UnitTest>
    <UnitTest name="MSP430.Emulator.Tests.Instructions.InstructionDecoderTests.ExtractOpcode_FormatI_ReturnsCorrectOpcode(format: FormatI, instructionWord: 19132, expected: 4)" storage="/home/runner/work/ai_msp430_emulator/ai_msp430_emulator/tests/msp430.emulator.tests/bin/release/net8.0/msp430.emulator.tests.dll" id="8b92101e-4952-2435-3771-234f0c9e71a1">
      <Execution id="07366698-e1d9-4dc5-967a-85c9c6c57b53" />
      <TestMethod codeBase="/home/runner/work/ai_msp430_emulator/ai_msp430_emulator/tests/MSP430.Emulator.Tests/bin/Release/net8.0/MSP430.Emulator.Tests.dll" adapterTypeName="executor://xunit/VsTestRunner3/netcore/" className="MSP430.Emulator.Tests.Instructions.InstructionDecoderTests" name="ExtractOpcode_FormatI_ReturnsCorrectOpcode" />
    </UnitTest>
    <UnitTest name="MSP430.Emulator.Tests.Memory.MemoryAccessValidatorTests.ValidateAccess_WithAccessType_ValidatesCorrectly" storage="/home/runner/work/ai_msp430_emulator/ai_msp430_emulator/tests/msp430.emulator.tests/bin/release/net8.0/msp430.emulator.tests.dll" id="352b86f0-45f2-4f85-76e6-49f6aab8ef11">
      <Execution id="af681861-f29c-4388-976b-6c9a2c8db970" />
      <TestMethod codeBase="/home/runner/work/ai_msp430_emulator/ai_msp430_emulator/tests/MSP430.Emulator.Tests/bin/Release/net8.0/MSP430.Emulator.Tests.dll" adapterTypeName="executor://xunit/VsTestRunner3/netcore/" className="MSP430.Emulator.Tests.Memory.MemoryAccessValidatorTests" name="ValidateAccess_WithAccessType_ValidatesCorrectly" />
    </UnitTest>
    <UnitTest name="MSP430.Emulator.Tests.Instructions.Arithmetic.AddInstructionTests.Properties_VariousRegisters_ReturnCorrectValues(source: R0, dest: R1)" storage="/home/runner/work/ai_msp430_emulator/ai_msp430_emulator/tests/msp430.emulator.tests/bin/release/net8.0/msp430.emulator.tests.dll" id="350dbab7-e0c4-262e-dcd5-da58676d4296">
      <Execution id="07e1ce82-aa25-410a-9dec-f2475afb857b" />
      <TestMethod codeBase="/home/runner/work/ai_msp430_emulator/ai_msp430_emulator/tests/MSP430.Emulator.Tests/bin/Release/net8.0/MSP430.Emulator.Tests.dll" adapterTypeName="executor://xunit/VsTestRunner3/netcore/" className="MSP430.Emulator.Tests.Instructions.Arithmetic.AddInstructionTests" name="Properties_VariousRegisters_ReturnCorrectValues" />
    </UnitTest>
    <UnitTest name="MSP430.Emulator.Tests.Cpu.StatusRegisterTests.UpdateFlagsAfterAddition_WordOperation_SetsCorrectFlags(operand1: 65535, operand2: 1, result: 65536, isByteOp: False, expectedZero: True, expectedNegative: False, expectedCarry: True, expectedOverflow: False)" storage="/home/runner/work/ai_msp430_emulator/ai_msp430_emulator/tests/msp430.emulator.tests/bin/release/net8.0/msp430.emulator.tests.dll" id="8db86b31-9350-d843-4bed-e55afaf2a18d">
      <Execution id="b92c0c07-8508-4f81-8bca-12e584147fbd" />
      <TestMethod codeBase="/home/runner/work/ai_msp430_emulator/ai_msp430_emulator/tests/MSP430.Emulator.Tests/bin/Release/net8.0/MSP430.Emulator.Tests.dll" adapterTypeName="executor://xunit/VsTestRunner3/netcore/" className="MSP430.Emulator.Tests.Cpu.StatusRegisterTests" name="UpdateFlagsAfterAddition_WordOperation_SetsCorrectFlags" />
    </UnitTest>
    <UnitTest name="MSP430.Emulator.Tests.Memory.MemoryControllerTests.FetchInstruction_WithContext_NullContext_ThrowsArgumentNullException" storage="/home/runner/work/ai_msp430_emulator/ai_msp430_emulator/tests/msp430.emulator.tests/bin/release/net8.0/msp430.emulator.tests.dll" id="a77dd034-3274-0135-455e-ac302fab9adf">
      <Execution id="1cf3ac8f-953d-4244-96f6-9709c984b960" />
      <TestMethod codeBase="/home/runner/work/ai_msp430_emulator/ai_msp430_emulator/tests/MSP430.Emulator.Tests/bin/Release/net8.0/MSP430.Emulator.Tests.dll" adapterTypeName="executor://xunit/VsTestRunner3/netcore/" className="MSP430.Emulator.Tests.Memory.MemoryControllerTests" name="FetchInstruction_WithContext_NullContext_ThrowsArgumentNullException" />
    </UnitTest>
    <UnitTest name="MSP430.Emulator.Tests.Instructions.Logic.BisInstructionTests.AddressingModes_AllSupportedModes_ReturnCorrectValues(mode: Immediate)" storage="/home/runner/work/ai_msp430_emulator/ai_msp430_emulator/tests/msp430.emulator.tests/bin/release/net8.0/msp430.emulator.tests.dll" id="cb4dfd42-55c4-7100-f427-bbcf30bea36a">
      <Execution id="f2dd5a6a-648d-45f1-bb20-c82453d939ce" />
      <TestMethod codeBase="/home/runner/work/ai_msp430_emulator/ai_msp430_emulator/tests/MSP430.Emulator.Tests/bin/Release/net8.0/MSP430.Emulator.Tests.dll" adapterTypeName="executor://xunit/VsTestRunner3/netcore/" className="MSP430.Emulator.Tests.Instructions.Logic.BisInstructionTests" name="AddressingModes_AllSupportedModes_ReturnCorrectValues" />
    </UnitTest>
    <UnitTest name="MSP430.Emulator.Tests.Cpu.RegisterFileTests.ReadRegister_ValidRegister_ReturnsZeroAfterReset(register: R1)" storage="/home/runner/work/ai_msp430_emulator/ai_msp430_emulator/tests/msp430.emulator.tests/bin/release/net8.0/msp430.emulator.tests.dll" id="78ccd46b-0ebb-ffb6-e20b-376be5b8bfea">
      <Execution id="87e13b22-1866-4d34-90a5-984951008f05" />
      <TestMethod codeBase="/home/runner/work/ai_msp430_emulator/ai_msp430_emulator/tests/MSP430.Emulator.Tests/bin/Release/net8.0/MSP430.Emulator.Tests.dll" adapterTypeName="executor://xunit/VsTestRunner3/netcore/" className="MSP430.Emulator.Tests.Cpu.RegisterFileTests" name="ReadRegister_ValidRegister_ReturnsZeroAfterReset" />
    </UnitTest>
    <UnitTest name="MSP430.Emulator.Tests.Memory.MemoryControllerTests.PeripheralAccess_ReturnsDefaultValues(address: 0)" storage="/home/runner/work/ai_msp430_emulator/ai_msp430_emulator/tests/msp430.emulator.tests/bin/release/net8.0/msp430.emulator.tests.dll" id="50ef64ee-5fa9-c9f5-8d62-5f8b0aee0a1a">
      <Execution id="1cd67c02-8798-4b53-a6ff-0db3bf851b4e" />
      <TestMethod codeBase="/home/runner/work/ai_msp430_emulator/ai_msp430_emulator/tests/MSP430.Emulator.Tests/bin/Release/net8.0/MSP430.Emulator.Tests.dll" adapterTypeName="executor://xunit/VsTestRunner3/netcore/" className="MSP430.Emulator.Tests.Memory.MemoryControllerTests" name="PeripheralAccess_ReturnsDefaultValues" />
    </UnitTest>
    <UnitTest name="MSP430.Emulator.Tests.Instructions.Logic.AndInstructionTests.AddressingModes_AllSupportedModes_ReturnCorrectValues(mode: Indexed)" storage="/home/runner/work/ai_msp430_emulator/ai_msp430_emulator/tests/msp430.emulator.tests/bin/release/net8.0/msp430.emulator.tests.dll" id="46cd091c-7ad2-d90a-ec35-65df50e99251">
      <Execution id="b10f8088-a6f2-4788-85f2-1909c755fa17" />
      <TestMethod codeBase="/home/runner/work/ai_msp430_emulator/ai_msp430_emulator/tests/MSP430.Emulator.Tests/bin/Release/net8.0/MSP430.Emulator.Tests.dll" adapterTypeName="executor://xunit/VsTestRunner3/netcore/" className="MSP430.Emulator.Tests.Instructions.Logic.AndInstructionTests" name="AddressingModes_AllSupportedModes_ReturnCorrectValues" />
    </UnitTest>
    <UnitTest name="MSP430.Emulator.Tests.Core.ExecutionStateTests.Reset_ResetsToResetState" storage="/home/runner/work/ai_msp430_emulator/ai_msp430_emulator/tests/msp430.emulator.tests/bin/release/net8.0/msp430.emulator.tests.dll" id="8dd2deab-5ae4-74cb-38d6-dcc78f915424">
      <Execution id="49215a89-9255-417b-bbf7-31b39a0bc0a6" />
      <TestMethod codeBase="/home/runner/work/ai_msp430_emulator/ai_msp430_emulator/tests/MSP430.Emulator.Tests/bin/Release/net8.0/MSP430.Emulator.Tests.dll" adapterTypeName="executor://xunit/VsTestRunner3/netcore/" className="MSP430.Emulator.Tests.Core.ExecutionStateTests" name="Reset_ResetsToResetState" />
    </UnitTest>
    <UnitTest name="MSP430.Emulator.Tests.Memory.RandomAccessMemoryTests.ReadByte_InvalidAddress_ThrowsArgumentOutOfRangeException(invalidAddress: 8191)" storage="/home/runner/work/ai_msp430_emulator/ai_msp430_emulator/tests/msp430.emulator.tests/bin/release/net8.0/msp430.emulator.tests.dll" id="a2fba8b3-6be9-5bce-ff17-1402b6f14ed3">
      <Execution id="afb9e586-9506-4a03-8702-560714f19562" />
      <TestMethod codeBase="/home/runner/work/ai_msp430_emulator/ai_msp430_emulator/tests/MSP430.Emulator.Tests/bin/Release/net8.0/MSP430.Emulator.Tests.dll" adapterTypeName="executor://xunit/VsTestRunner3/netcore/" className="MSP430.Emulator.Tests.Memory.RandomAccessMemoryTests" name="ReadByte_InvalidAddress_ThrowsArgumentOutOfRangeException" />
    </UnitTest>
    <UnitTest name="MSP430.Emulator.Tests.Instructions.InstructionDecoderTests.IsValidInstruction_ValidInstructions_ReturnsTrue(instructionWord: 4096)" storage="/home/runner/work/ai_msp430_emulator/ai_msp430_emulator/tests/msp430.emulator.tests/bin/release/net8.0/msp430.emulator.tests.dll" id="983af615-e52c-2fe6-20ba-77092b8f5056">
      <Execution id="5a720761-13e8-4f50-97fe-26af1f01f6c5" />
      <TestMethod codeBase="/home/runner/work/ai_msp430_emulator/ai_msp430_emulator/tests/MSP430.Emulator.Tests/bin/Release/net8.0/MSP430.Emulator.Tests.dll" adapterTypeName="executor://xunit/VsTestRunner3/netcore/" className="MSP430.Emulator.Tests.Instructions.InstructionDecoderTests" name="IsValidInstruction_ValidInstructions_ReturnsTrue" />
    </UnitTest>
    <UnitTest name="MSP430.Emulator.Tests.Core.ExecutionStateTests.CanExecute_ReturnsExpectedResult(state: Error, expected: False)" storage="/home/runner/work/ai_msp430_emulator/ai_msp430_emulator/tests/msp430.emulator.tests/bin/release/net8.0/msp430.emulator.tests.dll" id="49e2083d-231d-156f-83cf-54c5c35a4668">
      <Execution id="aaf7bc07-444b-47f3-9959-6bb170041049" />
      <TestMethod codeBase="/home/runner/work/ai_msp430_emulator/ai_msp430_emulator/tests/MSP430.Emulator.Tests/bin/Release/net8.0/MSP430.Emulator.Tests.dll" adapterTypeName="executor://xunit/VsTestRunner3/netcore/" className="MSP430.Emulator.Tests.Core.ExecutionStateTests" name="CanExecute_ReturnsExpectedResult" />
    </UnitTest>
    <UnitTest name="MSP430.Emulator.Tests.Instructions.Logic.XorInstructionTests.AddressingModes_AllSupportedModes_ReturnCorrectValues(mode: Absolute)" storage="/home/runner/work/ai_msp430_emulator/ai_msp430_emulator/tests/msp430.emulator.tests/bin/release/net8.0/msp430.emulator.tests.dll" id="f8f2751c-62d2-a1b1-93ee-0d7f26d53c17">
      <Execution id="f179037b-4375-473b-9e8b-da04b0689131" />
      <TestMethod codeBase="/home/runner/work/ai_msp430_emulator/ai_msp430_emulator/tests/MSP430.Emulator.Tests/bin/Release/net8.0/MSP430.Emulator.Tests.dll" adapterTypeName="executor://xunit/VsTestRunner3/netcore/" className="MSP430.Emulator.Tests.Instructions.Logic.XorInstructionTests" name="AddressingModes_AllSupportedModes_ReturnCorrectValues" />
    </UnitTest>
    <UnitTest name="MSP430.Emulator.Tests.Memory.MemoryControllerTests.Reset_ClearsAllMemoryAndStatistics" storage="/home/runner/work/ai_msp430_emulator/ai_msp430_emulator/tests/msp430.emulator.tests/bin/release/net8.0/msp430.emulator.tests.dll" id="b44f00f6-0e25-1216-db6a-b609068cc23c">
      <Execution id="2948fe66-1de8-492e-95e3-e69668b49c4f" />
      <TestMethod codeBase="/home/runner/work/ai_msp430_emulator/ai_msp430_emulator/tests/MSP430.Emulator.Tests/bin/Release/net8.0/MSP430.Emulator.Tests.dll" adapterTypeName="executor://xunit/VsTestRunner3/netcore/" className="MSP430.Emulator.Tests.Memory.MemoryControllerTests" name="Reset_ClearsAllMemoryAndStatistics" />
    </UnitTest>
    <UnitTest name="MSP430.Emulator.Tests.Instructions.AddressingModeDecoderTests.DecodeDestinationAddressingMode_GeneralPurposeRegisters_ReturnsCorrectMode(register: R4, adBit: True, expected: Indexed)" storage="/home/runner/work/ai_msp430_emulator/ai_msp430_emulator/tests/msp430.emulator.tests/bin/release/net8.0/msp430.emulator.tests.dll" id="8c7c9b16-6fb8-e4fb-f033-fdc19a5ba90e">
      <Execution id="4fa61012-0938-41e0-8059-30a597b64593" />
      <TestMethod codeBase="/home/runner/work/ai_msp430_emulator/ai_msp430_emulator/tests/MSP430.Emulator.Tests/bin/Release/net8.0/MSP430.Emulator.Tests.dll" adapterTypeName="executor://xunit/VsTestRunner3/netcore/" className="MSP430.Emulator.Tests.Instructions.AddressingModeDecoderTests" name="DecodeDestinationAddressingMode_GeneralPurposeRegisters_ReturnsCorrectMode" />
    </UnitTest>
    <UnitTest name="MSP430.Emulator.Tests.Cpu.StatusRegisterTests.Overflow_GetSet_WorksCorrectly(value: 65279, expected: False)" storage="/home/runner/work/ai_msp430_emulator/ai_msp430_emulator/tests/msp430.emulator.tests/bin/release/net8.0/msp430.emulator.tests.dll" id="ae22db98-44b4-356c-4850-232f7ee02572">
      <Execution id="8d4de439-9479-42e2-a542-7eee767aaf90" />
      <TestMethod codeBase="/home/runner/work/ai_msp430_emulator/ai_msp430_emulator/tests/MSP430.Emulator.Tests/bin/Release/net8.0/MSP430.Emulator.Tests.dll" adapterTypeName="executor://xunit/VsTestRunner3/netcore/" className="MSP430.Emulator.Tests.Cpu.StatusRegisterTests" name="Overflow_GetSet_WorksCorrectly" />
    </UnitTest>
    <UnitTest name="MSP430.Emulator.Tests.Instructions.Arithmetic.IncInstructionTests.ToString_VariousAddressingModes_FormatsCorrectly(register: CG1, mode: Indirect, expectedOperand: &quot;@R3&quot;)" storage="/home/runner/work/ai_msp430_emulator/ai_msp430_emulator/tests/msp430.emulator.tests/bin/release/net8.0/msp430.emulator.tests.dll" id="149c5c6a-9213-d346-b063-4b02fde27136">
      <Execution id="bb7c52f0-01f0-4310-9f02-7df24a0e8069" />
      <TestMethod codeBase="/home/runner/work/ai_msp430_emulator/ai_msp430_emulator/tests/MSP430.Emulator.Tests/bin/Release/net8.0/MSP430.Emulator.Tests.dll" adapterTypeName="executor://xunit/VsTestRunner3/netcore/" className="MSP430.Emulator.Tests.Instructions.Arithmetic.IncInstructionTests" name="ToString_VariousAddressingModes_FormatsCorrectly" />
    </UnitTest>
    <UnitTest name="MSP430.Emulator.Tests.Instructions.AddressingModeDecoderTests.DecodeSourceAddressingMode_R2_ReturnsCorrectMode(asBits: 3, expected: IndirectAutoIncrement)" storage="/home/runner/work/ai_msp430_emulator/ai_msp430_emulator/tests/msp430.emulator.tests/bin/release/net8.0/msp430.emulator.tests.dll" id="7261ad86-c25c-bd4b-4c2d-84d96372c84b">
      <Execution id="6f554525-ab79-498b-8249-7945fdbd6d57" />
      <TestMethod codeBase="/home/runner/work/ai_msp430_emulator/ai_msp430_emulator/tests/MSP430.Emulator.Tests/bin/Release/net8.0/MSP430.Emulator.Tests.dll" adapterTypeName="executor://xunit/VsTestRunner3/netcore/" className="MSP430.Emulator.Tests.Instructions.AddressingModeDecoderTests" name="DecodeSourceAddressingMode_R2_ReturnsCorrectMode" />
    </UnitTest>
    <UnitTest name="MSP430.Emulator.Tests.Memory.RandomAccessMemoryTests.Constructor_InvalidSize_ThrowsArgumentOutOfRangeException(invalidSize: 10241)" storage="/home/runner/work/ai_msp430_emulator/ai_msp430_emulator/tests/msp430.emulator.tests/bin/release/net8.0/msp430.emulator.tests.dll" id="76ce9d6e-a9c7-f2fb-ff13-4a2740356772">
      <Execution id="6de6d625-7d71-4ead-90b2-8af73b30a7c4" />
      <TestMethod codeBase="/home/runner/work/ai_msp430_emulator/ai_msp430_emulator/tests/MSP430.Emulator.Tests/bin/Release/net8.0/MSP430.Emulator.Tests.dll" adapterTypeName="executor://xunit/VsTestRunner3/netcore/" className="MSP430.Emulator.Tests.Memory.RandomAccessMemoryTests" name="Constructor_InvalidSize_ThrowsArgumentOutOfRangeException" />
    </UnitTest>
    <UnitTest name="MSP430.Emulator.Tests.Core.EmulatorCoreTests.Constructor_WithValidParameters_InitializesSuccessfully" storage="/home/runner/work/ai_msp430_emulator/ai_msp430_emulator/tests/msp430.emulator.tests/bin/release/net8.0/msp430.emulator.tests.dll" id="cf73d591-e858-3769-653a-0ea0f6c7d43c">
      <Execution id="bc565944-3849-4ab7-87f7-c0bdbf6a8756" />
      <TestMethod codeBase="/home/runner/work/ai_msp430_emulator/ai_msp430_emulator/tests/MSP430.Emulator.Tests/bin/Release/net8.0/MSP430.Emulator.Tests.dll" adapterTypeName="executor://xunit/VsTestRunner3/netcore/" className="MSP430.Emulator.Tests.Core.EmulatorCoreTests" name="Constructor_WithValidParameters_InitializesSuccessfully" />
    </UnitTest>
    <UnitTest name="MSP430.Emulator.Tests.Memory.FlashControllerTests.StartProgramming_ByteOperation_ReturnsTrue" storage="/home/runner/work/ai_msp430_emulator/ai_msp430_emulator/tests/msp430.emulator.tests/bin/release/net8.0/msp430.emulator.tests.dll" id="b6b69146-e3b2-9e01-0751-c56a269411e1">
      <Execution id="aa33ad54-5be2-4601-a054-919bcc5e4170" />
      <TestMethod codeBase="/home/runner/work/ai_msp430_emulator/ai_msp430_emulator/tests/MSP430.Emulator.Tests/bin/Release/net8.0/MSP430.Emulator.Tests.dll" adapterTypeName="executor://xunit/VsTestRunner3/netcore/" className="MSP430.Emulator.Tests.Memory.FlashControllerTests" name="StartProgramming_ByteOperation_ReturnsTrue" />
    </UnitTest>
    <UnitTest name="MSP430.Emulator.Tests.Instructions.Arithmetic.AddInstructionTests.ToString_ByteOperation_IncludesBSuffix" storage="/home/runner/work/ai_msp430_emulator/ai_msp430_emulator/tests/msp430.emulator.tests/bin/release/net8.0/msp430.emulator.tests.dll" id="d20b1cc3-7eb3-bceb-5c47-aefa15851e8b">
      <Execution id="62530207-e819-4bbf-9455-9849f023c186" />
      <TestMethod codeBase="/home/runner/work/ai_msp430_emulator/ai_msp430_emulator/tests/MSP430.Emulator.Tests/bin/Release/net8.0/MSP430.Emulator.Tests.dll" adapterTypeName="executor://xunit/VsTestRunner3/netcore/" className="MSP430.Emulator.Tests.Instructions.Arithmetic.AddInstructionTests" name="ToString_ByteOperation_IncludesBSuffix" />
    </UnitTest>
    <UnitTest name="MSP430.Emulator.Tests.Memory.InformationMemoryTests.GetSegmentInfo_ReturnsCorrectSegmentInfo(segment: SegmentC, expectedStart: 6272, expectedEnd: 6399, expectedProtection: False)" storage="/home/runner/work/ai_msp430_emulator/ai_msp430_emulator/tests/msp430.emulator.tests/bin/release/net8.0/msp430.emulator.tests.dll" id="e5634bdb-ccc0-5a83-58ab-b71242cb3398">
      <Execution id="e08304ab-2560-42f4-9d92-03ed0e5cd915" />
      <TestMethod codeBase="/home/runner/work/ai_msp430_emulator/ai_msp430_emulator/tests/MSP430.Emulator.Tests/bin/Release/net8.0/MSP430.Emulator.Tests.dll" adapterTypeName="executor://xunit/VsTestRunner3/netcore/" className="MSP430.Emulator.Tests.Memory.InformationMemoryTests" name="GetSegmentInfo_ReturnsCorrectSegmentInfo" />
    </UnitTest>
    <UnitTest name="MSP430.Emulator.Tests.Memory.FlashMemoryTests.Unlock_InvalidKey_ReturnsFalse(invalidKey: 0)" storage="/home/runner/work/ai_msp430_emulator/ai_msp430_emulator/tests/msp430.emulator.tests/bin/release/net8.0/msp430.emulator.tests.dll" id="8c9da644-c9ea-8da9-a511-6674e4728765">
      <Execution id="0fbdb6b8-a5f2-4fd2-81c9-239b041370d1" />
      <TestMethod codeBase="/home/runner/work/ai_msp430_emulator/ai_msp430_emulator/tests/MSP430.Emulator.Tests/bin/Release/net8.0/MSP430.Emulator.Tests.dll" adapterTypeName="executor://xunit/VsTestRunner3/netcore/" className="MSP430.Emulator.Tests.Memory.FlashMemoryTests" name="Unlock_InvalidKey_ReturnsFalse" />
    </UnitTest>
    <UnitTest name="MSP430.Emulator.Tests.Instructions.Logic.BitInstructionTests.SourceRegister_AllRegisters_ReturnsCorrectRegister(register: R1)" storage="/home/runner/work/ai_msp430_emulator/ai_msp430_emulator/tests/msp430.emulator.tests/bin/release/net8.0/msp430.emulator.tests.dll" id="c2c7c174-59f4-86b2-34d8-d6353192b788">
      <Execution id="d5ed7bea-422b-4d32-ba3e-cc20641da687" />
      <TestMethod codeBase="/home/runner/work/ai_msp430_emulator/ai_msp430_emulator/tests/MSP430.Emulator.Tests/bin/Release/net8.0/MSP430.Emulator.Tests.dll" adapterTypeName="executor://xunit/VsTestRunner3/netcore/" className="MSP430.Emulator.Tests.Instructions.Logic.BitInstructionTests" name="SourceRegister_AllRegisters_ReturnsCorrectRegister" />
    </UnitTest>
    <UnitTest name="MSP430.Emulator.Tests.Memory.FlashControllerTests.StartMassErase_WhenUnlocked_ReturnsTrue" storage="/home/runner/work/ai_msp430_emulator/ai_msp430_emulator/tests/msp430.emulator.tests/bin/release/net8.0/msp430.emulator.tests.dll" id="f4aaa3d3-88b1-9e8d-0f89-43a3ea2a5803">
      <Execution id="b1bcdd95-5c6c-4d1b-8666-a9c7080fc408" />
      <TestMethod codeBase="/home/runner/work/ai_msp430_emulator/ai_msp430_emulator/tests/MSP430.Emulator.Tests/bin/Release/net8.0/MSP430.Emulator.Tests.dll" adapterTypeName="executor://xunit/VsTestRunner3/netcore/" className="MSP430.Emulator.Tests.Memory.FlashControllerTests" name="StartMassErase_WhenUnlocked_ReturnsTrue" />
    </UnitTest>
    <UnitTest name="MSP430.Emulator.Tests.Instructions.Arithmetic.DecInstructionTests.Constructor_ValidParameters_CreatesInstruction" storage="/home/runner/work/ai_msp430_emulator/ai_msp430_emulator/tests/msp430.emulator.tests/bin/release/net8.0/msp430.emulator.tests.dll" id="ad9377ae-71cf-430b-93ce-a64d686291b6">
      <Execution id="04c8beca-cad1-41b0-99ea-67893fe827cf" />
      <TestMethod codeBase="/home/runner/work/ai_msp430_emulator/ai_msp430_emulator/tests/MSP430.Emulator.Tests/bin/Release/net8.0/MSP430.Emulator.Tests.dll" adapterTypeName="executor://xunit/VsTestRunner3/netcore/" className="MSP430.Emulator.Tests.Instructions.Arithmetic.DecInstructionTests" name="Constructor_ValidParameters_CreatesInstruction" />
    </UnitTest>
    <UnitTest name="MSP430.Emulator.Tests.Cpu.RegisterFileTests.ReadRegisterLowByte_ValidRegister_ReturnsCorrectByte(register: R15, fullValue: 65518, expectedLowByte: 238)" storage="/home/runner/work/ai_msp430_emulator/ai_msp430_emulator/tests/msp430.emulator.tests/bin/release/net8.0/msp430.emulator.tests.dll" id="6d3af028-6742-49e9-0c48-c36de8f23e9a">
      <Execution id="2b35d5e2-c4e9-4a81-ba83-42c682815de5" />
      <TestMethod codeBase="/home/runner/work/ai_msp430_emulator/ai_msp430_emulator/tests/MSP430.Emulator.Tests/bin/Release/net8.0/MSP430.Emulator.Tests.dll" adapterTypeName="executor://xunit/VsTestRunner3/netcore/" className="MSP430.Emulator.Tests.Cpu.RegisterFileTests" name="ReadRegisterLowByte_ValidRegister_ReturnsCorrectByte" />
    </UnitTest>
    <UnitTest name="MSP430.Emulator.Tests.Memory.RandomAccessMemoryTests.EndAddress_CalculatedCorrectly" storage="/home/runner/work/ai_msp430_emulator/ai_msp430_emulator/tests/msp430.emulator.tests/bin/release/net8.0/msp430.emulator.tests.dll" id="68420912-6385-6f6d-272f-5bbdc5980d57">
      <Execution id="254fa9d6-c33b-4977-a29c-d2a1ab0a468b" />
      <TestMethod codeBase="/home/runner/work/ai_msp430_emulator/ai_msp430_emulator/tests/MSP430.Emulator.Tests/bin/Release/net8.0/MSP430.Emulator.Tests.dll" adapterTypeName="executor://xunit/VsTestRunner3/netcore/" className="MSP430.Emulator.Tests.Memory.RandomAccessMemoryTests" name="EndAddress_CalculatedCorrectly" />
    </UnitTest>
    <UnitTest name="MSP430.Emulator.Tests.Memory.InformationMemoryTests.IsAddressInBounds_VariousAddresses_ReturnsExpectedResult(address: 6400, expected: True)" storage="/home/runner/work/ai_msp430_emulator/ai_msp430_emulator/tests/msp430.emulator.tests/bin/release/net8.0/msp430.emulator.tests.dll" id="0b2748f9-f873-1c64-463f-75a7682de10c">
      <Execution id="63260d8c-65dc-4a01-8037-38c6566fd495" />
      <TestMethod codeBase="/home/runner/work/ai_msp430_emulator/ai_msp430_emulator/tests/MSP430.Emulator.Tests/bin/Release/net8.0/MSP430.Emulator.Tests.dll" adapterTypeName="executor://xunit/VsTestRunner3/netcore/" className="MSP430.Emulator.Tests.Memory.InformationMemoryTests" name="IsAddressInBounds_VariousAddresses_ReturnsExpectedResult" />
    </UnitTest>
    <UnitTest name="MSP430.Emulator.Tests.Instructions.AddressingModeDecoderTests.DecodeSourceAddressingMode_R0_ReturnsCorrectMode(asBits: 0, expected: Register)" storage="/home/runner/work/ai_msp430_emulator/ai_msp430_emulator/tests/msp430.emulator.tests/bin/release/net8.0/msp430.emulator.tests.dll" id="bf6d386e-84da-9ead-24f5-b0c9b25036b0">
      <Execution id="ef66011b-5c74-46c3-b241-f45ed386885d" />
      <TestMethod codeBase="/home/runner/work/ai_msp430_emulator/ai_msp430_emulator/tests/MSP430.Emulator.Tests/bin/Release/net8.0/MSP430.Emulator.Tests.dll" adapterTypeName="executor://xunit/VsTestRunner3/netcore/" className="MSP430.Emulator.Tests.Instructions.AddressingModeDecoderTests" name="DecodeSourceAddressingMode_R0_ReturnsCorrectMode" />
    </UnitTest>
    <UnitTest name="MSP430.Emulator.Tests.Memory.InformationMemoryTests.ReadWord_UnalignedAddress_ThrowsArgumentException(unalignedAddress: 6147)" storage="/home/runner/work/ai_msp430_emulator/ai_msp430_emulator/tests/msp430.emulator.tests/bin/release/net8.0/msp430.emulator.tests.dll" id="9560105a-d550-b79e-b5b2-0b3d92ff8d01">
      <Execution id="f1f5d760-6f8e-4197-8ba2-bc9dc42ad718" />
      <TestMethod codeBase="/home/runner/work/ai_msp430_emulator/ai_msp430_emulator/tests/MSP430.Emulator.Tests/bin/Release/net8.0/MSP430.Emulator.Tests.dll" adapterTypeName="executor://xunit/VsTestRunner3/netcore/" className="MSP430.Emulator.Tests.Memory.InformationMemoryTests" name="ReadWord_UnalignedAddress_ThrowsArgumentException" />
    </UnitTest>
    <UnitTest name="MSP430.Emulator.Tests.Memory.FlashControllerTests.StartSectorErase_WhenLocked_ReturnsFalse" storage="/home/runner/work/ai_msp430_emulator/ai_msp430_emulator/tests/msp430.emulator.tests/bin/release/net8.0/msp430.emulator.tests.dll" id="9c562ed8-679a-26f9-9020-b2c66b8da31b">
      <Execution id="ba8d7f2b-7c30-48b5-8b8e-de7d00095cd3" />
      <TestMethod codeBase="/home/runner/work/ai_msp430_emulator/ai_msp430_emulator/tests/MSP430.Emulator.Tests/bin/Release/net8.0/MSP430.Emulator.Tests.dll" adapterTypeName="executor://xunit/VsTestRunner3/netcore/" className="MSP430.Emulator.Tests.Memory.FlashControllerTests" name="StartSectorErase_WhenLocked_ReturnsFalse" />
    </UnitTest>
    <UnitTest name="MSP430.Emulator.Tests.Cpu.RegisterFileTests.RegisterAccess_WithoutDebugLogging_DoesNotLog" storage="/home/runner/work/ai_msp430_emulator/ai_msp430_emulator/tests/msp430.emulator.tests/bin/release/net8.0/msp430.emulator.tests.dll" id="420b2485-1dbe-9018-3356-554e9f5ba4e3">
      <Execution id="7932d07b-3b4c-4781-a076-091f9f68639e" />
      <TestMethod codeBase="/home/runner/work/ai_msp430_emulator/ai_msp430_emulator/tests/MSP430.Emulator.Tests/bin/Release/net8.0/MSP430.Emulator.Tests.dll" adapterTypeName="executor://xunit/VsTestRunner3/netcore/" className="MSP430.Emulator.Tests.Cpu.RegisterFileTests" name="RegisterAccess_WithoutDebugLogging_DoesNotLog" />
    </UnitTest>
    <UnitTest name="MSP430.Emulator.Tests.Instructions.Logic.XorInstructionTests.ExtensionWordCount_VariousAddressingModes_ReturnsCorrectCount(sourceMode: Register, destMode: Indexed, expectedCount: 1)" storage="/home/runner/work/ai_msp430_emulator/ai_msp430_emulator/tests/msp430.emulator.tests/bin/release/net8.0/msp430.emulator.tests.dll" id="499d9c73-61ef-5c97-fc1c-df4d78b7f560">
      <Execution id="9d2d5009-e86a-46b3-bcd0-85bf3b34b19d" />
      <TestMethod codeBase="/home/runner/work/ai_msp430_emulator/ai_msp430_emulator/tests/MSP430.Emulator.Tests/bin/Release/net8.0/MSP430.Emulator.Tests.dll" adapterTypeName="executor://xunit/VsTestRunner3/netcore/" className="MSP430.Emulator.Tests.Instructions.Logic.XorInstructionTests" name="ExtensionWordCount_VariousAddressingModes_ReturnsCorrectCount" />
    </UnitTest>
    <UnitTest name="MSP430.Emulator.Tests.Memory.MemoryControllerTests.IsValidAddress_InvalidAddresses_ReturnsFalse(address: 768)" storage="/home/runner/work/ai_msp430_emulator/ai_msp430_emulator/tests/msp430.emulator.tests/bin/release/net8.0/msp430.emulator.tests.dll" id="36055f49-ff24-3d56-dcab-6156f9b49e57">
      <Execution id="ea808bb2-6c75-4767-84e1-76caca4d6bfc" />
      <TestMethod codeBase="/home/runner/work/ai_msp430_emulator/ai_msp430_emulator/tests/MSP430.Emulator.Tests/bin/Release/net8.0/MSP430.Emulator.Tests.dll" adapterTypeName="executor://xunit/VsTestRunner3/netcore/" className="MSP430.Emulator.Tests.Memory.MemoryControllerTests" name="IsValidAddress_InvalidAddresses_ReturnsFalse" />
    </UnitTest>
    <UnitTest name="MSP430.Emulator.Tests.Instructions.Logic.XorInstructionTests.SourceRegister_AllRegisters_ReturnsCorrectRegister(register: R4)" storage="/home/runner/work/ai_msp430_emulator/ai_msp430_emulator/tests/msp430.emulator.tests/bin/release/net8.0/msp430.emulator.tests.dll" id="8a178fe1-cbfb-9121-9522-da99de07831c">
      <Execution id="39e0272b-c727-4004-a17e-18e6d4bd5c37" />
      <TestMethod codeBase="/home/runner/work/ai_msp430_emulator/ai_msp430_emulator/tests/MSP430.Emulator.Tests/bin/Release/net8.0/MSP430.Emulator.Tests.dll" adapterTypeName="executor://xunit/VsTestRunner3/netcore/" className="MSP430.Emulator.Tests.Instructions.Logic.XorInstructionTests" name="SourceRegister_AllRegisters_ReturnsCorrectRegister" />
    </UnitTest>
    <UnitTest name="MSP430.Emulator.Tests.Diagnostics.DiagnosticLoggerTests.GetRecentEntries_WithMaxEntries_ShouldLimitResults" storage="/home/runner/work/ai_msp430_emulator/ai_msp430_emulator/tests/msp430.emulator.tests/bin/release/net8.0/msp430.emulator.tests.dll" id="9b4841fc-9b14-e15f-a8fe-4777e30fa42b">
      <Execution id="a43e0a50-47a5-4661-b077-e834eae9cdae" />
      <TestMethod codeBase="/home/runner/work/ai_msp430_emulator/ai_msp430_emulator/tests/MSP430.Emulator.Tests/bin/Release/net8.0/MSP430.Emulator.Tests.dll" adapterTypeName="executor://xunit/VsTestRunner3/netcore/" className="MSP430.Emulator.Tests.Diagnostics.DiagnosticLoggerTests" name="GetRecentEntries_WithMaxEntries_ShouldLimitResults" />
    </UnitTest>
    <UnitTest name="MSP430.Emulator.Tests.Instructions.AddressingModeDecoderTests.IsValidRegister_VariousValues_ReturnsCorrectResult(registerBits: 15, expected: True)" storage="/home/runner/work/ai_msp430_emulator/ai_msp430_emulator/tests/msp430.emulator.tests/bin/release/net8.0/msp430.emulator.tests.dll" id="79ff3d54-9e8a-7801-db3f-8799dd2a3dec">
      <Execution id="da0571f5-c1bb-424c-a5a4-60fe2c17c648" />
      <TestMethod codeBase="/home/runner/work/ai_msp430_emulator/ai_msp430_emulator/tests/MSP430.Emulator.Tests/bin/Release/net8.0/MSP430.Emulator.Tests.dll" adapterTypeName="executor://xunit/VsTestRunner3/netcore/" className="MSP430.Emulator.Tests.Instructions.AddressingModeDecoderTests" name="IsValidRegister_VariousValues_ReturnsCorrectResult" />
    </UnitTest>
    <UnitTest name="MSP430.Emulator.Tests.Instructions.Logic.BitInstructionTests.ExtensionWordCount_VariousAddressingModes_ReturnsCorrectCount(sourceMode: Register, destMode: Indexed, expectedCount: 1)" storage="/home/runner/work/ai_msp430_emulator/ai_msp430_emulator/tests/msp430.emulator.tests/bin/release/net8.0/msp430.emulator.tests.dll" id="fa81e5f2-5c04-b3e2-0e45-41b8d6695d86">
      <Execution id="3f3f8300-f854-40d1-8e89-49dfee7c94c8" />
      <TestMethod codeBase="/home/runner/work/ai_msp430_emulator/ai_msp430_emulator/tests/MSP430.Emulator.Tests/bin/Release/net8.0/MSP430.Emulator.Tests.dll" adapterTypeName="executor://xunit/VsTestRunner3/netcore/" className="MSP430.Emulator.Tests.Instructions.Logic.BitInstructionTests" name="ExtensionWordCount_VariousAddressingModes_ReturnsCorrectCount" />
    </UnitTest>
    <UnitTest name="MSP430.Emulator.Tests.Instructions.Arithmetic.AddInstructionTests.ToString_VariousAddressingModes_FormatsCorrectly(register: R2, mode: Absolute, expectedOperand: &quot;&amp;ADDR&quot;)" storage="/home/runner/work/ai_msp430_emulator/ai_msp430_emulator/tests/msp430.emulator.tests/bin/release/net8.0/msp430.emulator.tests.dll" id="9fea2002-0604-92bb-b5ee-973849f6587e">
      <Execution id="7e902efe-6a56-491c-889d-e581b94acba5" />
      <TestMethod codeBase="/home/runner/work/ai_msp430_emulator/ai_msp430_emulator/tests/MSP430.Emulator.Tests/bin/Release/net8.0/MSP430.Emulator.Tests.dll" adapterTypeName="executor://xunit/VsTestRunner3/netcore/" className="MSP430.Emulator.Tests.Instructions.Arithmetic.AddInstructionTests" name="ToString_VariousAddressingModes_FormatsCorrectly" />
    </UnitTest>
    <UnitTest name="MSP430.Emulator.Tests.Instructions.Arithmetic.AddInstructionTests.ExtensionWordCount_VariousAddressingModes_ReturnsCorrectCount(sourceMode: Symbolic, destMode: Register, expectedCount: 1)" storage="/home/runner/work/ai_msp430_emulator/ai_msp430_emulator/tests/msp430.emulator.tests/bin/release/net8.0/msp430.emulator.tests.dll" id="c0487e94-4d19-611f-c761-eda66c92ed76">
      <Execution id="155d7ff5-bbd3-42e9-8e74-59dffc3b08b3" />
      <TestMethod codeBase="/home/runner/work/ai_msp430_emulator/ai_msp430_emulator/tests/MSP430.Emulator.Tests/bin/Release/net8.0/MSP430.Emulator.Tests.dll" adapterTypeName="executor://xunit/VsTestRunner3/netcore/" className="MSP430.Emulator.Tests.Instructions.Arithmetic.AddInstructionTests" name="ExtensionWordCount_VariousAddressingModes_ReturnsCorrectCount" />
    </UnitTest>
    <UnitTest name="MSP430.Emulator.Tests.Memory.FlashMemoryTests.Unlock_ValidKey_ReturnsTrue" storage="/home/runner/work/ai_msp430_emulator/ai_msp430_emulator/tests/msp430.emulator.tests/bin/release/net8.0/msp430.emulator.tests.dll" id="9e7a2221-0470-7f7c-f018-b875b0d6ac5b">
      <Execution id="c4a64b53-204f-480f-a1ce-07492c288de5" />
      <TestMethod codeBase="/home/runner/work/ai_msp430_emulator/ai_msp430_emulator/tests/MSP430.Emulator.Tests/bin/Release/net8.0/MSP430.Emulator.Tests.dll" adapterTypeName="executor://xunit/VsTestRunner3/netcore/" className="MSP430.Emulator.Tests.Memory.FlashMemoryTests" name="Unlock_ValidKey_ReturnsTrue" />
    </UnitTest>
    <UnitTest name="MSP430.Emulator.Tests.Cpu.RegisterFileTests.ReadRegister_ValidRegister_ReturnsZeroAfterReset(register: R2)" storage="/home/runner/work/ai_msp430_emulator/ai_msp430_emulator/tests/msp430.emulator.tests/bin/release/net8.0/msp430.emulator.tests.dll" id="5dc2d7f3-5b73-2f33-8701-0ccf9e60d5f7">
      <Execution id="cc757180-d621-4d6a-8850-a2aa4ce4acb6" />
      <TestMethod codeBase="/home/runner/work/ai_msp430_emulator/ai_msp430_emulator/tests/MSP430.Emulator.Tests/bin/Release/net8.0/MSP430.Emulator.Tests.dll" adapterTypeName="executor://xunit/VsTestRunner3/netcore/" className="MSP430.Emulator.Tests.Cpu.RegisterFileTests" name="ReadRegister_ValidRegister_ReturnsZeroAfterReset" />
    </UnitTest>
    <UnitTest name="MSP430.Emulator.Tests.Instructions.AddressingModeDecoderTests.RequiresExtensionWord_VariousModes_ReturnsCorrectResult(mode: Immediate, expected: True)" storage="/home/runner/work/ai_msp430_emulator/ai_msp430_emulator/tests/msp430.emulator.tests/bin/release/net8.0/msp430.emulator.tests.dll" id="b7204663-1992-a46d-6a0d-d54491dc274d">
      <Execution id="4d4ced80-4339-40f6-936c-d95d27414bd6" />
      <TestMethod codeBase="/home/runner/work/ai_msp430_emulator/ai_msp430_emulator/tests/MSP430.Emulator.Tests/bin/Release/net8.0/MSP430.Emulator.Tests.dll" adapterTypeName="executor://xunit/VsTestRunner3/netcore/" className="MSP430.Emulator.Tests.Instructions.AddressingModeDecoderTests" name="RequiresExtensionWord_VariousModes_ReturnsCorrectResult" />
    </UnitTest>
    <UnitTest name="MSP430.Emulator.Tests.Memory.MemoryAccessValidatorTests.IsAccessValid_VariousScenarios_ReturnsExpectedResult(address: 8192, accessType: All, expected: True)" storage="/home/runner/work/ai_msp430_emulator/ai_msp430_emulator/tests/msp430.emulator.tests/bin/release/net8.0/msp430.emulator.tests.dll" id="bbafe806-4284-f303-aebf-282adca3ee94">
      <Execution id="d044ad6d-3524-4ba3-8357-2a77770ce4b7" />
      <TestMethod codeBase="/home/runner/work/ai_msp430_emulator/ai_msp430_emulator/tests/MSP430.Emulator.Tests/bin/Release/net8.0/MSP430.Emulator.Tests.dll" adapterTypeName="executor://xunit/VsTestRunner3/netcore/" className="MSP430.Emulator.Tests.Memory.MemoryAccessValidatorTests" name="IsAccessValid_VariousScenarios_ReturnsExpectedResult" />
    </UnitTest>
    <UnitTest name="MSP430.Emulator.Tests.Cpu.StatusRegisterTests.SystemClockGenerator0_GetSet_WorksCorrectly(value: 0, expected: False)" storage="/home/runner/work/ai_msp430_emulator/ai_msp430_emulator/tests/msp430.emulator.tests/bin/release/net8.0/msp430.emulator.tests.dll" id="3a2e278d-56f8-cb50-f95e-7534589df995">
      <Execution id="b2a58473-b808-4547-8976-174950d5dd1b" />
      <TestMethod codeBase="/home/runner/work/ai_msp430_emulator/ai_msp430_emulator/tests/MSP430.Emulator.Tests/bin/Release/net8.0/MSP430.Emulator.Tests.dll" adapterTypeName="executor://xunit/VsTestRunner3/netcore/" className="MSP430.Emulator.Tests.Cpu.StatusRegisterTests" name="SystemClockGenerator0_GetSet_WorksCorrectly" />
    </UnitTest>
    <UnitTest name="MSP430.Emulator.Tests.Memory.MemoryControllerTests.ReadWord_UnalignedAddress_ThrowsArgumentException(address: 8193)" storage="/home/runner/work/ai_msp430_emulator/ai_msp430_emulator/tests/msp430.emulator.tests/bin/release/net8.0/msp430.emulator.tests.dll" id="fe2b5973-8e91-4622-273f-d84e931b62c6">
      <Execution id="0527cbf0-37dd-4175-b9cf-b5267ef289f0" />
      <TestMethod codeBase="/home/runner/work/ai_msp430_emulator/ai_msp430_emulator/tests/MSP430.Emulator.Tests/bin/Release/net8.0/MSP430.Emulator.Tests.dll" adapterTypeName="executor://xunit/VsTestRunner3/netcore/" className="MSP430.Emulator.Tests.Memory.MemoryControllerTests" name="ReadWord_UnalignedAddress_ThrowsArgumentException" />
    </UnitTest>
    <UnitTest name="MSP430.Emulator.Tests.Instructions.InstructionDecoderTests.Decode_ValidFormatI_ByteOperation_ReturnsCorrectInstruction" storage="/home/runner/work/ai_msp430_emulator/ai_msp430_emulator/tests/msp430.emulator.tests/bin/release/net8.0/msp430.emulator.tests.dll" id="44f128f4-349f-a598-e3be-10c9f19a1070">
      <Execution id="05ac702c-6fbd-4360-9c0e-8d435787203d" />
      <TestMethod codeBase="/home/runner/work/ai_msp430_emulator/ai_msp430_emulator/tests/MSP430.Emulator.Tests/bin/Release/net8.0/MSP430.Emulator.Tests.dll" adapterTypeName="executor://xunit/VsTestRunner3/netcore/" className="MSP430.Emulator.Tests.Instructions.InstructionDecoderTests" name="Decode_ValidFormatI_ByteOperation_ReturnsCorrectInstruction" />
    </UnitTest>
    <UnitTest name="MSP430.Emulator.Tests.Logging.ConsoleLoggerTests.Debug_WithContext_CallsLogWithDebugLevelAndContext" storage="/home/runner/work/ai_msp430_emulator/ai_msp430_emulator/tests/msp430.emulator.tests/bin/release/net8.0/msp430.emulator.tests.dll" id="067edb66-8e68-c2ef-4df9-20ab70e90622">
      <Execution id="74973780-ecf9-4583-8cc6-404cc91e9529" />
      <TestMethod codeBase="/home/runner/work/ai_msp430_emulator/ai_msp430_emulator/tests/MSP430.Emulator.Tests/bin/Release/net8.0/MSP430.Emulator.Tests.dll" adapterTypeName="executor://xunit/VsTestRunner3/netcore/" className="MSP430.Emulator.Tests.Logging.ConsoleLoggerTests" name="Debug_WithContext_CallsLogWithDebugLevelAndContext" />
    </UnitTest>
    <UnitTest name="MSP430.Emulator.Tests.Memory.MemoryControllerTests.ValidateAccess_InvalidContext_ThrowsMemoryAccessException" storage="/home/runner/work/ai_msp430_emulator/ai_msp430_emulator/tests/msp430.emulator.tests/bin/release/net8.0/msp430.emulator.tests.dll" id="6e4467db-30c4-823f-e499-574bf5f91e82">
      <Execution id="1c0ec220-6392-4edc-9be4-c018b63ec661" />
      <TestMethod codeBase="/home/runner/work/ai_msp430_emulator/ai_msp430_emulator/tests/MSP430.Emulator.Tests/bin/Release/net8.0/MSP430.Emulator.Tests.dll" adapterTypeName="executor://xunit/VsTestRunner3/netcore/" className="MSP430.Emulator.Tests.Memory.MemoryControllerTests" name="ValidateAccess_InvalidContext_ThrowsMemoryAccessException" />
    </UnitTest>
    <UnitTest name="MSP430.Emulator.Tests.Instructions.Logic.AndInstructionTests.ExtensionWordCount_VariousAddressingModes_ReturnsCorrectCount(sourceMode: Symbolic, destMode: Register, expectedCount: 1)" storage="/home/runner/work/ai_msp430_emulator/ai_msp430_emulator/tests/msp430.emulator.tests/bin/release/net8.0/msp430.emulator.tests.dll" id="2452cce8-81b3-2b7b-3487-a49098351d6a">
      <Execution id="488293ff-2c2b-42e8-9a1d-04c64e07fbc9" />
      <TestMethod codeBase="/home/runner/work/ai_msp430_emulator/ai_msp430_emulator/tests/MSP430.Emulator.Tests/bin/Release/net8.0/MSP430.Emulator.Tests.dll" adapterTypeName="executor://xunit/VsTestRunner3/netcore/" className="MSP430.Emulator.Tests.Instructions.Logic.AndInstructionTests" name="ExtensionWordCount_VariousAddressingModes_ReturnsCorrectCount" />
    </UnitTest>
    <UnitTest name="MSP430.Emulator.Tests.Instructions.Logic.AndInstructionTests.DestinationRegister_AllRegisters_ReturnsCorrectRegister(register: R1)" storage="/home/runner/work/ai_msp430_emulator/ai_msp430_emulator/tests/msp430.emulator.tests/bin/release/net8.0/msp430.emulator.tests.dll" id="19ac7edb-e28b-c4ea-f2a2-68aa7909c83b">
      <Execution id="a9263bf1-2ef7-4941-8037-4bac630aa06b" />
      <TestMethod codeBase="/home/runner/work/ai_msp430_emulator/ai_msp430_emulator/tests/MSP430.Emulator.Tests/bin/Release/net8.0/MSP430.Emulator.Tests.dll" adapterTypeName="executor://xunit/VsTestRunner3/netcore/" className="MSP430.Emulator.Tests.Instructions.Logic.AndInstructionTests" name="DestinationRegister_AllRegisters_ReturnsCorrectRegister" />
    </UnitTest>
    <UnitTest name="MSP430.Emulator.Tests.Memory.MemoryMapTests.GetPermissions_InvalidAddress_ThrowsArgumentException" storage="/home/runner/work/ai_msp430_emulator/ai_msp430_emulator/tests/msp430.emulator.tests/bin/release/net8.0/msp430.emulator.tests.dll" id="e773a5e7-248f-d645-d3ce-7da70cc05e7e">
      <Execution id="894f2430-a1b3-4925-bcaa-29ba93094fd4" />
      <TestMethod codeBase="/home/runner/work/ai_msp430_emulator/ai_msp430_emulator/tests/MSP430.Emulator.Tests/bin/Release/net8.0/MSP430.Emulator.Tests.dll" adapterTypeName="executor://xunit/VsTestRunner3/netcore/" className="MSP430.Emulator.Tests.Memory.MemoryMapTests" name="GetPermissions_InvalidAddress_ThrowsArgumentException" />
    </UnitTest>
    <UnitTest name="MSP430.Emulator.Tests.Configuration.EmulatorConfigTests.SaveToFile_CreatesDirectoryIfNotExists" storage="/home/runner/work/ai_msp430_emulator/ai_msp430_emulator/tests/msp430.emulator.tests/bin/release/net8.0/msp430.emulator.tests.dll" id="7189ecde-4949-9670-72ae-b966596801fd">
      <Execution id="36d4e3c2-ba25-4a7f-9655-ab85d9ad6600" />
      <TestMethod codeBase="/home/runner/work/ai_msp430_emulator/ai_msp430_emulator/tests/MSP430.Emulator.Tests/bin/Release/net8.0/MSP430.Emulator.Tests.dll" adapterTypeName="executor://xunit/VsTestRunner3/netcore/" className="MSP430.Emulator.Tests.Configuration.EmulatorConfigTests" name="SaveToFile_CreatesDirectoryIfNotExists" />
    </UnitTest>
    <UnitTest name="MSP430.Emulator.Tests.Memory.InformationMemoryTests.StoreCalibrationData_DataTooLarge_Fails" storage="/home/runner/work/ai_msp430_emulator/ai_msp430_emulator/tests/msp430.emulator.tests/bin/release/net8.0/msp430.emulator.tests.dll" id="57a97641-42d5-256d-63fe-2319f022ef2a">
      <Execution id="835d7ca8-8be6-4029-b0c1-a6be17aaf6df" />
      <TestMethod codeBase="/home/runner/work/ai_msp430_emulator/ai_msp430_emulator/tests/MSP430.Emulator.Tests/bin/Release/net8.0/MSP430.Emulator.Tests.dll" adapterTypeName="executor://xunit/VsTestRunner3/netcore/" className="MSP430.Emulator.Tests.Memory.InformationMemoryTests" name="StoreCalibrationData_DataTooLarge_Fails" />
    </UnitTest>
    <UnitTest name="MSP430.Emulator.Tests.Memory.MemoryAccessValidatorTests.GetValidationInfo_InvalidAddress_ReturnsInvalidInfo" storage="/home/runner/work/ai_msp430_emulator/ai_msp430_emulator/tests/msp430.emulator.tests/bin/release/net8.0/msp430.emulator.tests.dll" id="2ce835b5-cd9e-36a1-eabb-cc0758b1b407">
      <Execution id="3e00f241-5afe-495a-ab82-0daadb566371" />
      <TestMethod codeBase="/home/runner/work/ai_msp430_emulator/ai_msp430_emulator/tests/MSP430.Emulator.Tests/bin/Release/net8.0/MSP430.Emulator.Tests.dll" adapterTypeName="executor://xunit/VsTestRunner3/netcore/" className="MSP430.Emulator.Tests.Memory.MemoryAccessValidatorTests" name="GetValidationInfo_InvalidAddress_ReturnsInvalidInfo" />
    </UnitTest>
    <UnitTest name="MSP430.Emulator.Tests.Configuration.EmulatorConfigTests.LoggingConfig_PropertiesCanBeSet" storage="/home/runner/work/ai_msp430_emulator/ai_msp430_emulator/tests/msp430.emulator.tests/bin/release/net8.0/msp430.emulator.tests.dll" id="164bec43-53a3-fe64-65c3-0247c43c720d">
      <Execution id="589671a6-5dd1-4641-b6a7-08e9454ec5e2" />
      <TestMethod codeBase="/home/runner/work/ai_msp430_emulator/ai_msp430_emulator/tests/MSP430.Emulator.Tests/bin/Release/net8.0/MSP430.Emulator.Tests.dll" adapterTypeName="executor://xunit/VsTestRunner3/netcore/" className="MSP430.Emulator.Tests.Configuration.EmulatorConfigTests" name="LoggingConfig_PropertiesCanBeSet" />
    </UnitTest>
    <UnitTest name="MSP430.Emulator.Tests.Instructions.Arithmetic.IncInstructionTests.AddressingModes_AllSupportedModes_ReturnCorrectValues(mode: Register)" storage="/home/runner/work/ai_msp430_emulator/ai_msp430_emulator/tests/msp430.emulator.tests/bin/release/net8.0/msp430.emulator.tests.dll" id="3ff4129f-d3ce-a3ec-99fa-6cae5c41c7f0">
      <Execution id="b60756e4-f23e-424f-9aec-ae02e20e76ca" />
      <TestMethod codeBase="/home/runner/work/ai_msp430_emulator/ai_msp430_emulator/tests/MSP430.Emulator.Tests/bin/Release/net8.0/MSP430.Emulator.Tests.dll" adapterTypeName="executor://xunit/VsTestRunner3/netcore/" className="MSP430.Emulator.Tests.Instructions.Arithmetic.IncInstructionTests" name="AddressingModes_AllSupportedModes_ReturnCorrectValues" />
    </UnitTest>
    <UnitTest name="MSP430.Emulator.Tests.Diagnostics.DiagnosticLoggerTests.Constructor_WithValidLogger_ShouldSucceed" storage="/home/runner/work/ai_msp430_emulator/ai_msp430_emulator/tests/msp430.emulator.tests/bin/release/net8.0/msp430.emulator.tests.dll" id="d9174497-80cd-e579-f920-bef8181473a8">
      <Execution id="59fa4945-db7d-4c6d-b5a6-085e29deea4b" />
      <TestMethod codeBase="/home/runner/work/ai_msp430_emulator/ai_msp430_emulator/tests/MSP430.Emulator.Tests/bin/Release/net8.0/MSP430.Emulator.Tests.dll" adapterTypeName="executor://xunit/VsTestRunner3/netcore/" className="MSP430.Emulator.Tests.Diagnostics.DiagnosticLoggerTests" name="Constructor_WithValidLogger_ShouldSucceed" />
    </UnitTest>
    <UnitTest name="MSP430.Emulator.Tests.Instructions.AddressingModeDecoderTests.DecodeSourceAddressingMode_InvalidAsBits_ReturnsInvalid" storage="/home/runner/work/ai_msp430_emulator/ai_msp430_emulator/tests/msp430.emulator.tests/bin/release/net8.0/msp430.emulator.tests.dll" id="1ff5affc-d717-0b51-6b8e-4d040da48673">
      <Execution id="352079f0-ef2d-450e-b069-98be273f2c18" />
      <TestMethod codeBase="/home/runner/work/ai_msp430_emulator/ai_msp430_emulator/tests/MSP430.Emulator.Tests/bin/Release/net8.0/MSP430.Emulator.Tests.dll" adapterTypeName="executor://xunit/VsTestRunner3/netcore/" className="MSP430.Emulator.Tests.Instructions.AddressingModeDecoderTests" name="DecodeSourceAddressingMode_InvalidAsBits_ReturnsInvalid" />
    </UnitTest>
    <UnitTest name="MSP430.Emulator.Tests.Instructions.Logic.XorInstructionTests.ExtensionWordCount_VariousAddressingModes_ReturnsCorrectCount(sourceMode: Indexed, destMode: Register, expectedCount: 1)" storage="/home/runner/work/ai_msp430_emulator/ai_msp430_emulator/tests/msp430.emulator.tests/bin/release/net8.0/msp430.emulator.tests.dll" id="48fe80b8-92f1-0dda-79b9-37527dd2897d">
      <Execution id="43fd0c01-5a4e-449c-a350-ff4229693e65" />
      <TestMethod codeBase="/home/runner/work/ai_msp430_emulator/ai_msp430_emulator/tests/MSP430.Emulator.Tests/bin/Release/net8.0/MSP430.Emulator.Tests.dll" adapterTypeName="executor://xunit/VsTestRunner3/netcore/" className="MSP430.Emulator.Tests.Instructions.Logic.XorInstructionTests" name="ExtensionWordCount_VariousAddressingModes_ReturnsCorrectCount" />
    </UnitTest>
    <UnitTest name="MSP430.Emulator.Tests.Instructions.Logic.XorInstructionTests.ToString_VariousAddressingModes_FormatsCorrectly(mode: Indirect, expectedOperand: &quot;@R1&quot;)" storage="/home/runner/work/ai_msp430_emulator/ai_msp430_emulator/tests/msp430.emulator.tests/bin/release/net8.0/msp430.emulator.tests.dll" id="a7b8f9e1-a42d-42c1-7804-d7e935e1bb7d">
      <Execution id="0665da62-51fb-478e-87c4-34debdd65969" />
      <TestMethod codeBase="/home/runner/work/ai_msp430_emulator/ai_msp430_emulator/tests/MSP430.Emulator.Tests/bin/Release/net8.0/MSP430.Emulator.Tests.dll" adapterTypeName="executor://xunit/VsTestRunner3/netcore/" className="MSP430.Emulator.Tests.Instructions.Logic.XorInstructionTests" name="ToString_VariousAddressingModes_FormatsCorrectly" />
    </UnitTest>
    <UnitTest name="MSP430.Emulator.Tests.Core.EmulatorCoreTests.AddBreakpoint_AddsBreakpointToCollection" storage="/home/runner/work/ai_msp430_emulator/ai_msp430_emulator/tests/msp430.emulator.tests/bin/release/net8.0/msp430.emulator.tests.dll" id="5c28579b-a7ff-5ad5-7e11-82959ec85499">
      <Execution id="3c4a3b5b-fbcb-47b9-b42d-ab2f739d3051" />
      <TestMethod codeBase="/home/runner/work/ai_msp430_emulator/ai_msp430_emulator/tests/MSP430.Emulator.Tests/bin/Release/net8.0/MSP430.Emulator.Tests.dll" adapterTypeName="executor://xunit/VsTestRunner3/netcore/" className="MSP430.Emulator.Tests.Core.EmulatorCoreTests" name="AddBreakpoint_AddsBreakpointToCollection" />
    </UnitTest>
    <UnitTest name="MSP430.Emulator.Tests.Memory.FlashControllerTests.TryUnlock_InvalidKey_ReturnsFalse(invalidKey: 0)" storage="/home/runner/work/ai_msp430_emulator/ai_msp430_emulator/tests/msp430.emulator.tests/bin/release/net8.0/msp430.emulator.tests.dll" id="f03186f9-d45c-46f8-b6a7-f7e9c7623d58">
      <Execution id="dd28f1b6-9677-40bc-b01a-cbacfc281577" />
      <TestMethod codeBase="/home/runner/work/ai_msp430_emulator/ai_msp430_emulator/tests/MSP430.Emulator.Tests/bin/Release/net8.0/MSP430.Emulator.Tests.dll" adapterTypeName="executor://xunit/VsTestRunner3/netcore/" className="MSP430.Emulator.Tests.Memory.FlashControllerTests" name="TryUnlock_InvalidKey_ReturnsFalse" />
    </UnitTest>
    <UnitTest name="MSP430.Emulator.Tests.Memory.MemoryAccessValidatorTests.Constructor_WithoutLogger_CreatesValidator" storage="/home/runner/work/ai_msp430_emulator/ai_msp430_emulator/tests/msp430.emulator.tests/bin/release/net8.0/msp430.emulator.tests.dll" id="bb86e872-bdf6-4134-199e-83150d2f31e9">
      <Execution id="964517bc-615e-45e7-a4b3-9205331e1a41" />
      <TestMethod codeBase="/home/runner/work/ai_msp430_emulator/ai_msp430_emulator/tests/MSP430.Emulator.Tests/bin/Release/net8.0/MSP430.Emulator.Tests.dll" adapterTypeName="executor://xunit/VsTestRunner3/netcore/" className="MSP430.Emulator.Tests.Memory.MemoryAccessValidatorTests" name="Constructor_WithoutLogger_CreatesValidator" />
    </UnitTest>
    <UnitTest name="MSP430.Emulator.Tests.Cpu.StatusRegisterTests.SystemClockGenerator1_SetFlag_UpdatesValue" storage="/home/runner/work/ai_msp430_emulator/ai_msp430_emulator/tests/msp430.emulator.tests/bin/release/net8.0/msp430.emulator.tests.dll" id="8600f5d0-e4c6-089d-b705-ff5cdf6f1f62">
      <Execution id="7c86f8d4-0065-4454-80b3-1a4d7c6ffce8" />
      <TestMethod codeBase="/home/runner/work/ai_msp430_emulator/ai_msp430_emulator/tests/MSP430.Emulator.Tests/bin/Release/net8.0/MSP430.Emulator.Tests.dll" adapterTypeName="executor://xunit/VsTestRunner3/netcore/" className="MSP430.Emulator.Tests.Cpu.StatusRegisterTests" name="SystemClockGenerator1_SetFlag_UpdatesValue" />
    </UnitTest>
    <UnitTest name="MSP430.Emulator.Tests.Memory.InformationMemoryTests.IsAddressInBounds_VariousAddresses_ReturnsExpectedResult(address: 6656, expected: False)" storage="/home/runner/work/ai_msp430_emulator/ai_msp430_emulator/tests/msp430.emulator.tests/bin/release/net8.0/msp430.emulator.tests.dll" id="7a330238-36a0-fb46-a93d-b06ed6f11ecb">
      <Execution id="0edc0901-268e-49e8-a57f-aef688dc41bc" />
      <TestMethod codeBase="/home/runner/work/ai_msp430_emulator/ai_msp430_emulator/tests/MSP430.Emulator.Tests/bin/Release/net8.0/MSP430.Emulator.Tests.dll" adapterTypeName="executor://xunit/VsTestRunner3/netcore/" className="MSP430.Emulator.Tests.Memory.InformationMemoryTests" name="IsAddressInBounds_VariousAddresses_ReturnsExpectedResult" />
    </UnitTest>
    <UnitTest name="MSP430.Emulator.Tests.Instructions.InstructionDecoderTests.ExtractOpcode_FormatIII_ReturnsCorrectOpcode(format: FormatIII, instructionWord: 10240, expected: 2)" storage="/home/runner/work/ai_msp430_emulator/ai_msp430_emulator/tests/msp430.emulator.tests/bin/release/net8.0/msp430.emulator.tests.dll" id="d2d5c40d-f157-c787-a21c-216c0b25cafd">
      <Execution id="78cca2ab-0f1d-466b-9778-dac20f024cad" />
      <TestMethod codeBase="/home/runner/work/ai_msp430_emulator/ai_msp430_emulator/tests/MSP430.Emulator.Tests/bin/Release/net8.0/MSP430.Emulator.Tests.dll" adapterTypeName="executor://xunit/VsTestRunner3/netcore/" className="MSP430.Emulator.Tests.Instructions.InstructionDecoderTests" name="ExtractOpcode_FormatIII_ReturnsCorrectOpcode" />
    </UnitTest>
    <UnitTest name="MSP430.Emulator.Tests.Instructions.InstructionDecoderTests.GetInstructionFormat_FormatII_ReturnsFormatII(instructionWord: 4096)" storage="/home/runner/work/ai_msp430_emulator/ai_msp430_emulator/tests/msp430.emulator.tests/bin/release/net8.0/msp430.emulator.tests.dll" id="ddef43bf-2428-c409-c8d0-d745716efc8f">
      <Execution id="0b2758ff-4c76-4f8c-8a78-c907908b8579" />
      <TestMethod codeBase="/home/runner/work/ai_msp430_emulator/ai_msp430_emulator/tests/MSP430.Emulator.Tests/bin/Release/net8.0/MSP430.Emulator.Tests.dll" adapterTypeName="executor://xunit/VsTestRunner3/netcore/" className="MSP430.Emulator.Tests.Instructions.InstructionDecoderTests" name="GetInstructionFormat_FormatII_ReturnsFormatII" />
    </UnitTest>
    <UnitTest name="MSP430.Emulator.Tests.Instructions.Logic.XorInstructionTests.DestinationRegister_AllRegisters_ReturnsCorrectRegister(register: R15)" storage="/home/runner/work/ai_msp430_emulator/ai_msp430_emulator/tests/msp430.emulator.tests/bin/release/net8.0/msp430.emulator.tests.dll" id="2cd99075-e14a-23ae-ddac-844c50349843">
      <Execution id="00028c2c-3d6a-46f5-8ff9-936dd1e95718" />
      <TestMethod codeBase="/home/runner/work/ai_msp430_emulator/ai_msp430_emulator/tests/MSP430.Emulator.Tests/bin/Release/net8.0/MSP430.Emulator.Tests.dll" adapterTypeName="executor://xunit/VsTestRunner3/netcore/" className="MSP430.Emulator.Tests.Instructions.Logic.XorInstructionTests" name="DestinationRegister_AllRegisters_ReturnsCorrectRegister" />
    </UnitTest>
    <UnitTest name="MSP430.Emulator.Tests.Memory.InformationMemoryTests.IsSegmentWriteProtected_DefaultState_ReturnsExpectedValue(segment: SegmentD, expectedProtection: False)" storage="/home/runner/work/ai_msp430_emulator/ai_msp430_emulator/tests/msp430.emulator.tests/bin/release/net8.0/msp430.emulator.tests.dll" id="ea2b530d-618a-001f-7b89-30ba85040fc4">
      <Execution id="7cadd641-40ff-4110-92f4-9fdbade9c569" />
      <TestMethod codeBase="/home/runner/work/ai_msp430_emulator/ai_msp430_emulator/tests/MSP430.Emulator.Tests/bin/Release/net8.0/MSP430.Emulator.Tests.dll" adapterTypeName="executor://xunit/VsTestRunner3/netcore/" className="MSP430.Emulator.Tests.Memory.InformationMemoryTests" name="IsSegmentWriteProtected_DefaultState_ReturnsExpectedValue" />
    </UnitTest>
    <UnitTest name="MSP430.Emulator.Tests.Instructions.Arithmetic.CmpInstructionTests.ToString_VariousAddressingModes_FormatsCorrectly(register: CG1, mode: Indirect, expectedOperand: &quot;@R3&quot;)" storage="/home/runner/work/ai_msp430_emulator/ai_msp430_emulator/tests/msp430.emulator.tests/bin/release/net8.0/msp430.emulator.tests.dll" id="311b5037-650b-2870-cbbf-0e9c8ea43046">
      <Execution id="ae2ef4d5-ccd9-491f-846b-f9f54f852d89" />
      <TestMethod codeBase="/home/runner/work/ai_msp430_emulator/ai_msp430_emulator/tests/MSP430.Emulator.Tests/bin/Release/net8.0/MSP430.Emulator.Tests.dll" adapterTypeName="executor://xunit/VsTestRunner3/netcore/" className="MSP430.Emulator.Tests.Instructions.Arithmetic.CmpInstructionTests" name="ToString_VariousAddressingModes_FormatsCorrectly" />
    </UnitTest>
    <UnitTest name="MSP430.Emulator.Tests.Cpu.StatusRegisterTests.SystemClockGenerator1_GetSet_WorksCorrectly(value: 128, expected: True)" storage="/home/runner/work/ai_msp430_emulator/ai_msp430_emulator/tests/msp430.emulator.tests/bin/release/net8.0/msp430.emulator.tests.dll" id="25d16c0d-2f4c-eb6f-87b1-57b89ac6208a">
      <Execution id="429b8945-8a18-4a48-a1cf-d01994f01fcb" />
      <TestMethod codeBase="/home/runner/work/ai_msp430_emulator/ai_msp430_emulator/tests/MSP430.Emulator.Tests/bin/Release/net8.0/MSP430.Emulator.Tests.dll" adapterTypeName="executor://xunit/VsTestRunner3/netcore/" className="MSP430.Emulator.Tests.Cpu.StatusRegisterTests" name="SystemClockGenerator1_GetSet_WorksCorrectly" />
    </UnitTest>
    <UnitTest name="MSP430.Emulator.Tests.Instructions.Arithmetic.IncInstructionTests.ToString_ByteOperation_IncludesBSuffix" storage="/home/runner/work/ai_msp430_emulator/ai_msp430_emulator/tests/msp430.emulator.tests/bin/release/net8.0/msp430.emulator.tests.dll" id="d2d72b11-7c61-18ed-0e42-840cbceb56ce">
      <Execution id="3d896b92-329c-4bd3-8c68-983213a2283b" />
      <TestMethod codeBase="/home/runner/work/ai_msp430_emulator/ai_msp430_emulator/tests/MSP430.Emulator.Tests/bin/Release/net8.0/MSP430.Emulator.Tests.dll" adapterTypeName="executor://xunit/VsTestRunner3/netcore/" className="MSP430.Emulator.Tests.Instructions.Arithmetic.IncInstructionTests" name="ToString_ByteOperation_IncludesBSuffix" />
    </UnitTest>
    <UnitTest name="MSP430.Emulator.Tests.Logging.FileLoggerTests.Fatal_WritesToFile" storage="/home/runner/work/ai_msp430_emulator/ai_msp430_emulator/tests/msp430.emulator.tests/bin/release/net8.0/msp430.emulator.tests.dll" id="7c9e8dee-507a-44c5-8dae-d8bc5191a1b0">
      <Execution id="40dd3a7b-bd0d-4282-9a77-67d1b025083c" />
      <TestMethod codeBase="/home/runner/work/ai_msp430_emulator/ai_msp430_emulator/tests/MSP430.Emulator.Tests/bin/Release/net8.0/MSP430.Emulator.Tests.dll" adapterTypeName="executor://xunit/VsTestRunner3/netcore/" className="MSP430.Emulator.Tests.Logging.FileLoggerTests" name="Fatal_WritesToFile" />
    </UnitTest>
    <UnitTest name="MSP430.Emulator.Tests.Instructions.Arithmetic.IncInstructionTests.AddressingModes_AllSupportedModes_ReturnCorrectValues(mode: IndirectAutoIncrement)" storage="/home/runner/work/ai_msp430_emulator/ai_msp430_emulator/tests/msp430.emulator.tests/bin/release/net8.0/msp430.emulator.tests.dll" id="5b7f1b40-e34c-10a4-3d6e-7ea84c76d959">
      <Execution id="20c49491-f800-4994-9407-ea4b8543240f" />
      <TestMethod codeBase="/home/runner/work/ai_msp430_emulator/ai_msp430_emulator/tests/MSP430.Emulator.Tests/bin/Release/net8.0/MSP430.Emulator.Tests.dll" adapterTypeName="executor://xunit/VsTestRunner3/netcore/" className="MSP430.Emulator.Tests.Instructions.Arithmetic.IncInstructionTests" name="AddressingModes_AllSupportedModes_ReturnCorrectValues" />
    </UnitTest>
    <UnitTest name="MSP430.Emulator.Tests.Memory.MemoryControllerTests.ReadByte_InvalidAddress_ThrowsMemoryAccessException(address: 768)" storage="/home/runner/work/ai_msp430_emulator/ai_msp430_emulator/tests/msp430.emulator.tests/bin/release/net8.0/msp430.emulator.tests.dll" id="17c852cb-dbda-e7be-06e9-c404a0ce0a89">
      <Execution id="acf96e7f-bd04-4a19-ad4d-2955f82b46db" />
      <TestMethod codeBase="/home/runner/work/ai_msp430_emulator/ai_msp430_emulator/tests/MSP430.Emulator.Tests/bin/Release/net8.0/MSP430.Emulator.Tests.dll" adapterTypeName="executor://xunit/VsTestRunner3/netcore/" className="MSP430.Emulator.Tests.Memory.MemoryControllerTests" name="ReadByte_InvalidAddress_ThrowsMemoryAccessException" />
    </UnitTest>
    <UnitTest name="MSP430.Emulator.Tests.Instructions.Logic.XorInstructionTests.ToString_VariousAddressingModes_FormatsCorrectly(mode: Immediate, expectedOperand: &quot;#N&quot;)" storage="/home/runner/work/ai_msp430_emulator/ai_msp430_emulator/tests/msp430.emulator.tests/bin/release/net8.0/msp430.emulator.tests.dll" id="f2fa3960-19fe-8df4-26fb-65451f30a6bc">
      <Execution id="54fc174c-05ef-43de-a04e-9acbb559a431" />
      <TestMethod codeBase="/home/runner/work/ai_msp430_emulator/ai_msp430_emulator/tests/MSP430.Emulator.Tests/bin/Release/net8.0/MSP430.Emulator.Tests.dll" adapterTypeName="executor://xunit/VsTestRunner3/netcore/" className="MSP430.Emulator.Tests.Instructions.Logic.XorInstructionTests" name="ToString_VariousAddressingModes_FormatsCorrectly" />
    </UnitTest>
    <UnitTest name="MSP430.Emulator.Tests.Memory.RandomAccessMemoryTests.GetWriteCycles_AllAddresses_ReturnsConstantCycles(address: 8448, isWordAccess: True, expectedCycles: 1)" storage="/home/runner/work/ai_msp430_emulator/ai_msp430_emulator/tests/msp430.emulator.tests/bin/release/net8.0/msp430.emulator.tests.dll" id="dd0f00fe-bb72-106d-07c2-a4a78cc076a6">
      <Execution id="5e65f3b2-cc04-45fc-b164-e4da207d7cd7" />
      <TestMethod codeBase="/home/runner/work/ai_msp430_emulator/ai_msp430_emulator/tests/MSP430.Emulator.Tests/bin/Release/net8.0/MSP430.Emulator.Tests.dll" adapterTypeName="executor://xunit/VsTestRunner3/netcore/" className="MSP430.Emulator.Tests.Memory.RandomAccessMemoryTests" name="GetWriteCycles_AllAddresses_ReturnsConstantCycles" />
    </UnitTest>
    <UnitTest name="MSP430.Emulator.Tests.Memory.InformationMemoryTests.WriteWord_ToUnprotectedSegment_Succeeds" storage="/home/runner/work/ai_msp430_emulator/ai_msp430_emulator/tests/msp430.emulator.tests/bin/release/net8.0/msp430.emulator.tests.dll" id="cfcf6037-41aa-cfeb-1c2f-d83ad046845a">
      <Execution id="b3acc5f6-5793-4887-9767-68d4aeb86454" />
      <TestMethod codeBase="/home/runner/work/ai_msp430_emulator/ai_msp430_emulator/tests/MSP430.Emulator.Tests/bin/Release/net8.0/MSP430.Emulator.Tests.dll" adapterTypeName="executor://xunit/VsTestRunner3/netcore/" className="MSP430.Emulator.Tests.Memory.InformationMemoryTests" name="WriteWord_ToUnprotectedSegment_Succeeds" />
    </UnitTest>
    <UnitTest name="MSP430.Emulator.Tests.Instructions.Arithmetic.DecInstructionTests.Execute_RegisterMode_ByteOperation_DecrementsLowByteOnly" storage="/home/runner/work/ai_msp430_emulator/ai_msp430_emulator/tests/msp430.emulator.tests/bin/release/net8.0/msp430.emulator.tests.dll" id="e3675f3a-20b2-733f-cc92-d116b9528a43">
      <Execution id="a8cf6fdf-5762-44f3-93c7-b811f16073ab" />
      <TestMethod codeBase="/home/runner/work/ai_msp430_emulator/ai_msp430_emulator/tests/MSP430.Emulator.Tests/bin/Release/net8.0/MSP430.Emulator.Tests.dll" adapterTypeName="executor://xunit/VsTestRunner3/netcore/" className="MSP430.Emulator.Tests.Instructions.Arithmetic.DecInstructionTests" name="Execute_RegisterMode_ByteOperation_DecrementsLowByteOnly" />
    </UnitTest>
    <UnitTest name="MSP430.Emulator.Tests.Instructions.Arithmetic.AddInstructionTests.Properties_VariousRegisters_ReturnCorrectValues(source: R15, dest: R2)" storage="/home/runner/work/ai_msp430_emulator/ai_msp430_emulator/tests/msp430.emulator.tests/bin/release/net8.0/msp430.emulator.tests.dll" id="25894c41-8e1c-566d-4d05-a55867ba612e">
      <Execution id="e122509a-9149-427a-9fbf-3c9d0883c1ae" />
      <TestMethod codeBase="/home/runner/work/ai_msp430_emulator/ai_msp430_emulator/tests/MSP430.Emulator.Tests/bin/Release/net8.0/MSP430.Emulator.Tests.dll" adapterTypeName="executor://xunit/VsTestRunner3/netcore/" className="MSP430.Emulator.Tests.Instructions.Arithmetic.AddInstructionTests" name="Properties_VariousRegisters_ReturnCorrectValues" />
    </UnitTest>
    <UnitTest name="MSP430.Emulator.Tests.Instructions.Arithmetic.AddInstructionTests.ToString_VariousAddressingModes_FormatsCorrectly(register: R0, mode: Symbolic, expectedOperand: &quot;ADDR&quot;)" storage="/home/runner/work/ai_msp430_emulator/ai_msp430_emulator/tests/msp430.emulator.tests/bin/release/net8.0/msp430.emulator.tests.dll" id="8f5186d2-d538-f241-1261-99ca97ddf4b6">
      <Execution id="623f6fff-0936-4daf-8355-4b3d748e9deb" />
      <TestMethod codeBase="/home/runner/work/ai_msp430_emulator/ai_msp430_emulator/tests/MSP430.Emulator.Tests/bin/Release/net8.0/MSP430.Emulator.Tests.dll" adapterTypeName="executor://xunit/VsTestRunner3/netcore/" className="MSP430.Emulator.Tests.Instructions.Arithmetic.AddInstructionTests" name="ToString_VariousAddressingModes_FormatsCorrectly" />
    </UnitTest>
    <UnitTest name="MSP430.Emulator.Tests.Memory.MemoryMapTests.DefaultMemoryLayout_RegionPermissions_AreCorrect" storage="/home/runner/work/ai_msp430_emulator/ai_msp430_emulator/tests/msp430.emulator.tests/bin/release/net8.0/msp430.emulator.tests.dll" id="4d04cf4f-b82f-73c5-9095-6b7f851a720a">
      <Execution id="80962c69-2b5f-4d36-9514-241350050058" />
      <TestMethod codeBase="/home/runner/work/ai_msp430_emulator/ai_msp430_emulator/tests/MSP430.Emulator.Tests/bin/Release/net8.0/MSP430.Emulator.Tests.dll" adapterTypeName="executor://xunit/VsTestRunner3/netcore/" className="MSP430.Emulator.Tests.Memory.MemoryMapTests" name="DefaultMemoryLayout_RegionPermissions_AreCorrect" />
    </UnitTest>
    <UnitTest name="MSP430.Emulator.Tests.Memory.MemoryAccessValidatorTests.ValidateRead_InvalidAddress_ThrowsMemoryAccessException" storage="/home/runner/work/ai_msp430_emulator/ai_msp430_emulator/tests/msp430.emulator.tests/bin/release/net8.0/msp430.emulator.tests.dll" id="20d6a6cd-33be-4764-a1fc-50dd911b9b0a">
      <Execution id="b554cf21-fef3-4a24-86e0-32f33bf6ae4e" />
      <TestMethod codeBase="/home/runner/work/ai_msp430_emulator/ai_msp430_emulator/tests/MSP430.Emulator.Tests/bin/Release/net8.0/MSP430.Emulator.Tests.dll" adapterTypeName="executor://xunit/VsTestRunner3/netcore/" className="MSP430.Emulator.Tests.Memory.MemoryAccessValidatorTests" name="ValidateRead_InvalidAddress_ThrowsMemoryAccessException" />
    </UnitTest>
    <UnitTest name="MSP430.Emulator.Tests.Instructions.Logic.BitInstructionTests.DestinationRegister_AllRegisters_ReturnsCorrectRegister(register: R1)" storage="/home/runner/work/ai_msp430_emulator/ai_msp430_emulator/tests/msp430.emulator.tests/bin/release/net8.0/msp430.emulator.tests.dll" id="a02aa644-c698-eef3-3e45-7b180e05e84d">
      <Execution id="c94898cf-cd04-4e6a-9e1f-b0ea12cd8af3" />
      <TestMethod codeBase="/home/runner/work/ai_msp430_emulator/ai_msp430_emulator/tests/MSP430.Emulator.Tests/bin/Release/net8.0/MSP430.Emulator.Tests.dll" adapterTypeName="executor://xunit/VsTestRunner3/netcore/" className="MSP430.Emulator.Tests.Instructions.Logic.BitInstructionTests" name="DestinationRegister_AllRegisters_ReturnsCorrectRegister" />
    </UnitTest>
    <UnitTest name="MSP430.Emulator.Tests.Configuration.EmulatorConfigTests.CpuConfig_PropertiesCanBeSet" storage="/home/runner/work/ai_msp430_emulator/ai_msp430_emulator/tests/msp430.emulator.tests/bin/release/net8.0/msp430.emulator.tests.dll" id="ebf93edc-2a38-ba77-68af-209045d7a724">
      <Execution id="a7b25bfa-1825-4d6d-9573-408b14c6afc6" />
      <TestMethod codeBase="/home/runner/work/ai_msp430_emulator/ai_msp430_emulator/tests/MSP430.Emulator.Tests/bin/Release/net8.0/MSP430.Emulator.Tests.dll" adapterTypeName="executor://xunit/VsTestRunner3/netcore/" className="MSP430.Emulator.Tests.Configuration.EmulatorConfigTests" name="CpuConfig_PropertiesCanBeSet" />
    </UnitTest>
    <UnitTest name="MSP430.Emulator.Tests.Instructions.AddressingModeDecoderTests.DecodeSourceAddressingMode_R0_ReturnsCorrectMode(asBits: 3, expected: Immediate)" storage="/home/runner/work/ai_msp430_emulator/ai_msp430_emulator/tests/msp430.emulator.tests/bin/release/net8.0/msp430.emulator.tests.dll" id="50a3aeff-8aec-4135-5830-218762a87bf3">
      <Execution id="9242bf30-552d-4f38-8945-01b3a5d2b6da" />
      <TestMethod codeBase="/home/runner/work/ai_msp430_emulator/ai_msp430_emulator/tests/MSP430.Emulator.Tests/bin/Release/net8.0/MSP430.Emulator.Tests.dll" adapterTypeName="executor://xunit/VsTestRunner3/netcore/" className="MSP430.Emulator.Tests.Instructions.AddressingModeDecoderTests" name="DecodeSourceAddressingMode_R0_ReturnsCorrectMode" />
    </UnitTest>
    <UnitTest name="MSP430.Emulator.Tests.Logging.FileLoggerTests.Log_WithContext_IncludesContextInOutput" storage="/home/runner/work/ai_msp430_emulator/ai_msp430_emulator/tests/msp430.emulator.tests/bin/release/net8.0/msp430.emulator.tests.dll" id="e72fd897-6676-e327-5630-631d7d8cf607">
      <Execution id="9e44aabb-40ab-4275-913f-35b16d56623d" />
      <TestMethod codeBase="/home/runner/work/ai_msp430_emulator/ai_msp430_emulator/tests/MSP430.Emulator.Tests/bin/Release/net8.0/MSP430.Emulator.Tests.dll" adapterTypeName="executor://xunit/VsTestRunner3/netcore/" className="MSP430.Emulator.Tests.Logging.FileLoggerTests" name="Log_WithContext_IncludesContextInOutput" />
    </UnitTest>
    <UnitTest name="MSP430.Emulator.Tests.Instructions.Arithmetic.DecInstructionTests.ToString_VariousAddressingModes_FormatsCorrectly(register: R4, mode: IndirectAutoIncrement, expectedOperand: &quot;@R4+&quot;)" storage="/home/runner/work/ai_msp430_emulator/ai_msp430_emulator/tests/msp430.emulator.tests/bin/release/net8.0/msp430.emulator.tests.dll" id="4cc2dd9f-4a69-831b-8c2d-4475ce22e206">
      <Execution id="43847988-9846-4737-bbf6-c11c4d30d4e1" />
      <TestMethod codeBase="/home/runner/work/ai_msp430_emulator/ai_msp430_emulator/tests/MSP430.Emulator.Tests/bin/Release/net8.0/MSP430.Emulator.Tests.dll" adapterTypeName="executor://xunit/VsTestRunner3/netcore/" className="MSP430.Emulator.Tests.Instructions.Arithmetic.DecInstructionTests" name="ToString_VariousAddressingModes_FormatsCorrectly" />
    </UnitTest>
    <UnitTest name="MSP430.Emulator.Tests.Instructions.Arithmetic.CmpInstructionTests.ToString_ByteOperation_IncludesBSuffix" storage="/home/runner/work/ai_msp430_emulator/ai_msp430_emulator/tests/msp430.emulator.tests/bin/release/net8.0/msp430.emulator.tests.dll" id="341370cb-d35a-069d-a26e-9531ec2fb15f">
      <Execution id="743c3640-229c-424b-af69-65bdf5d21854" />
      <TestMethod codeBase="/home/runner/work/ai_msp430_emulator/ai_msp430_emulator/tests/MSP430.Emulator.Tests/bin/Release/net8.0/MSP430.Emulator.Tests.dll" adapterTypeName="executor://xunit/VsTestRunner3/netcore/" className="MSP430.Emulator.Tests.Instructions.Arithmetic.CmpInstructionTests" name="ToString_ByteOperation_IncludesBSuffix" />
    </UnitTest>
    <UnitTest name="MSP430.Emulator.Tests.Instructions.Logic.BisInstructionTests.ExtensionWordCount_VariousAddressingModes_ReturnsCorrectCount(sourceMode: Symbolic, destMode: Register, expectedCount: 1)" storage="/home/runner/work/ai_msp430_emulator/ai_msp430_emulator/tests/msp430.emulator.tests/bin/release/net8.0/msp430.emulator.tests.dll" id="b68e8609-dde9-a454-90ab-b6ffb7ea548b">
      <Execution id="f6f16a21-20a9-4e45-b9c9-7055213afc26" />
      <TestMethod codeBase="/home/runner/work/ai_msp430_emulator/ai_msp430_emulator/tests/MSP430.Emulator.Tests/bin/Release/net8.0/MSP430.Emulator.Tests.dll" adapterTypeName="executor://xunit/VsTestRunner3/netcore/" className="MSP430.Emulator.Tests.Instructions.Logic.BisInstructionTests" name="ExtensionWordCount_VariousAddressingModes_ReturnsCorrectCount" />
    </UnitTest>
    <UnitTest name="MSP430.Emulator.Tests.Memory.MemoryControllerTests.WriteWord_ValidAddress_WritesSuccessfully(address: 6144, value: 22136)" storage="/home/runner/work/ai_msp430_emulator/ai_msp430_emulator/tests/msp430.emulator.tests/bin/release/net8.0/msp430.emulator.tests.dll" id="2218f2ea-c7aa-5f76-a172-379722815453">
      <Execution id="f261b542-72f9-4276-b329-26c36f96a469" />
      <TestMethod codeBase="/home/runner/work/ai_msp430_emulator/ai_msp430_emulator/tests/MSP430.Emulator.Tests/bin/Release/net8.0/MSP430.Emulator.Tests.dll" adapterTypeName="executor://xunit/VsTestRunner3/netcore/" className="MSP430.Emulator.Tests.Memory.MemoryControllerTests" name="WriteWord_ValidAddress_WritesSuccessfully" />
    </UnitTest>
    <UnitTest name="MSP430.Emulator.Tests.Diagnostics.DiagnosticLoggerTests.IsEnabled_ShouldReflectInnerLogger" storage="/home/runner/work/ai_msp430_emulator/ai_msp430_emulator/tests/msp430.emulator.tests/bin/release/net8.0/msp430.emulator.tests.dll" id="2e88a5a8-1123-0d65-8f13-ef82e1364153">
      <Execution id="c9f37d60-506c-47a4-a9a9-62c38d927fdd" />
      <TestMethod codeBase="/home/runner/work/ai_msp430_emulator/ai_msp430_emulator/tests/MSP430.Emulator.Tests/bin/Release/net8.0/MSP430.Emulator.Tests.dll" adapterTypeName="executor://xunit/VsTestRunner3/netcore/" className="MSP430.Emulator.Tests.Diagnostics.DiagnosticLoggerTests" name="IsEnabled_ShouldReflectInnerLogger" />
    </UnitTest>
    <UnitTest name="MSP430.Emulator.Tests.Logging.FileLoggerTests.Error_WritesToFile" storage="/home/runner/work/ai_msp430_emulator/ai_msp430_emulator/tests/msp430.emulator.tests/bin/release/net8.0/msp430.emulator.tests.dll" id="b271b6b7-28a3-acc9-1ca7-a3eeff2fedc1">
      <Execution id="ca87245d-3801-41ef-8a4a-e9f395d7d520" />
      <TestMethod codeBase="/home/runner/work/ai_msp430_emulator/ai_msp430_emulator/tests/MSP430.Emulator.Tests/bin/Release/net8.0/MSP430.Emulator.Tests.dll" adapterTypeName="executor://xunit/VsTestRunner3/netcore/" className="MSP430.Emulator.Tests.Logging.FileLoggerTests" name="Error_WritesToFile" />
    </UnitTest>
    <UnitTest name="MSP430.Emulator.Tests.Instructions.Arithmetic.AddInstructionTests.ExtensionWordCount_VariousAddressingModes_ReturnsCorrectCount(sourceMode: Immediate, destMode: Absolute, expectedCount: 2)" storage="/home/runner/work/ai_msp430_emulator/ai_msp430_emulator/tests/msp430.emulator.tests/bin/release/net8.0/msp430.emulator.tests.dll" id="5e7b1a8b-adda-cef1-1069-a8fe2240a7b9">
      <Execution id="46a567cd-4e1b-4afd-b332-380a5112fcfa" />
      <TestMethod codeBase="/home/runner/work/ai_msp430_emulator/ai_msp430_emulator/tests/MSP430.Emulator.Tests/bin/Release/net8.0/MSP430.Emulator.Tests.dll" adapterTypeName="executor://xunit/VsTestRunner3/netcore/" className="MSP430.Emulator.Tests.Instructions.Arithmetic.AddInstructionTests" name="ExtensionWordCount_VariousAddressingModes_ReturnsCorrectCount" />
    </UnitTest>
    <UnitTest name="MSP430.Emulator.Tests.Cpu.StatusRegisterTests.UpdateFlagsAfterAddition_WordOperation_SetsCorrectFlags(operand1: 32768, operand2: 32768, result: 65536, isByteOp: False, expectedZero: True, expectedNegative: False, expectedCarry: True, expectedOverflow: True)" storage="/home/runner/work/ai_msp430_emulator/ai_msp430_emulator/tests/msp430.emulator.tests/bin/release/net8.0/msp430.emulator.tests.dll" id="8d52503b-489c-3b66-83ee-625b840a668f">
      <Execution id="f46ac424-6189-40ec-923f-56c37b6f2422" />
      <TestMethod codeBase="/home/runner/work/ai_msp430_emulator/ai_msp430_emulator/tests/MSP430.Emulator.Tests/bin/Release/net8.0/MSP430.Emulator.Tests.dll" adapterTypeName="executor://xunit/VsTestRunner3/netcore/" className="MSP430.Emulator.Tests.Cpu.StatusRegisterTests" name="UpdateFlagsAfterAddition_WordOperation_SetsCorrectFlags" />
    </UnitTest>
    <UnitTest name="MSP430.Emulator.Tests.Core.ExecutionStateTests.IsValidTransition_ReturnsExpectedResult(from: Stopped, to: Reset, expected: True)" storage="/home/runner/work/ai_msp430_emulator/ai_msp430_emulator/tests/msp430.emulator.tests/bin/release/net8.0/msp430.emulator.tests.dll" id="c42dad0e-c5ee-e23f-929e-e095cd890c02">
      <Execution id="5c5c6ff4-0d46-4597-a149-d82ea1a03bb0" />
      <TestMethod codeBase="/home/runner/work/ai_msp430_emulator/ai_msp430_emulator/tests/MSP430.Emulator.Tests/bin/Release/net8.0/MSP430.Emulator.Tests.dll" adapterTypeName="executor://xunit/VsTestRunner3/netcore/" className="MSP430.Emulator.Tests.Core.ExecutionStateTests" name="IsValidTransition_ReturnsExpectedResult" />
    </UnitTest>
    <UnitTest name="MSP430.Emulator.Tests.Instructions.Arithmetic.DecInstructionTests.AddressingModes_AllSupportedModes_ReturnCorrectValues(mode: Register)" storage="/home/runner/work/ai_msp430_emulator/ai_msp430_emulator/tests/msp430.emulator.tests/bin/release/net8.0/msp430.emulator.tests.dll" id="b8ad7f0c-aa16-5049-9ba0-1bfff9dd1581">
      <Execution id="4384ba95-5118-405e-857f-07eedfb1ae29" />
      <TestMethod codeBase="/home/runner/work/ai_msp430_emulator/ai_msp430_emulator/tests/MSP430.Emulator.Tests/bin/Release/net8.0/MSP430.Emulator.Tests.dll" adapterTypeName="executor://xunit/VsTestRunner3/netcore/" className="MSP430.Emulator.Tests.Instructions.Arithmetic.DecInstructionTests" name="AddressingModes_AllSupportedModes_ReturnCorrectValues" />
    </UnitTest>
    <UnitTest name="MSP430.Emulator.Tests.Memory.RandomAccessMemoryTests.WriteByte_ValidAddress_StoresValue" storage="/home/runner/work/ai_msp430_emulator/ai_msp430_emulator/tests/msp430.emulator.tests/bin/release/net8.0/msp430.emulator.tests.dll" id="9167be5f-2196-9991-250b-113c643e04b2">
      <Execution id="97e874f8-377b-462a-be44-e9bcf616ff2c" />
      <TestMethod codeBase="/home/runner/work/ai_msp430_emulator/ai_msp430_emulator/tests/MSP430.Emulator.Tests/bin/Release/net8.0/MSP430.Emulator.Tests.dll" adapterTypeName="executor://xunit/VsTestRunner3/netcore/" className="MSP430.Emulator.Tests.Memory.RandomAccessMemoryTests" name="WriteByte_ValidAddress_StoresValue" />
    </UnitTest>
    <UnitTest name="MSP430.Emulator.Tests.Instructions.InstructionDecoderTests.ExtractOpcode_FormatIII_ReturnsCorrectOpcode(format: FormatIII, instructionWord: 12288, expected: 4)" storage="/home/runner/work/ai_msp430_emulator/ai_msp430_emulator/tests/msp430.emulator.tests/bin/release/net8.0/msp430.emulator.tests.dll" id="5724e4b4-a921-00af-d39e-1c96a3a8de83">
      <Execution id="a568f059-5b81-4918-a069-09cdd3d6d104" />
      <TestMethod codeBase="/home/runner/work/ai_msp430_emulator/ai_msp430_emulator/tests/MSP430.Emulator.Tests/bin/Release/net8.0/MSP430.Emulator.Tests.dll" adapterTypeName="executor://xunit/VsTestRunner3/netcore/" className="MSP430.Emulator.Tests.Instructions.InstructionDecoderTests" name="ExtractOpcode_FormatIII_ReturnsCorrectOpcode" />
    </UnitTest>
    <UnitTest name="MSP430.Emulator.Tests.Instructions.Arithmetic.SubInstructionTests.AddressingModes_AllSupportedModes_ReturnCorrectValues(mode: Immediate)" storage="/home/runner/work/ai_msp430_emulator/ai_msp430_emulator/tests/msp430.emulator.tests/bin/release/net8.0/msp430.emulator.tests.dll" id="eb6aad54-6ce8-493c-7500-eac222b23956">
      <Execution id="52da7860-07c4-4ddf-97b0-6fab6c47230f" />
      <TestMethod codeBase="/home/runner/work/ai_msp430_emulator/ai_msp430_emulator/tests/MSP430.Emulator.Tests/bin/Release/net8.0/MSP430.Emulator.Tests.dll" adapterTypeName="executor://xunit/VsTestRunner3/netcore/" className="MSP430.Emulator.Tests.Instructions.Arithmetic.SubInstructionTests" name="AddressingModes_AllSupportedModes_ReturnCorrectValues" />
    </UnitTest>
    <UnitTest name="MSP430.Emulator.Tests.Instructions.Logic.XorInstructionTests.ToString_VariousAddressingModes_FormatsCorrectly(mode: Register, expectedOperand: &quot;R1&quot;)" storage="/home/runner/work/ai_msp430_emulator/ai_msp430_emulator/tests/msp430.emulator.tests/bin/release/net8.0/msp430.emulator.tests.dll" id="c3f98565-0694-4442-b72d-a7e828693ace">
      <Execution id="bd5b52c4-0472-4858-97d7-0d78f2fd96a3" />
      <TestMethod codeBase="/home/runner/work/ai_msp430_emulator/ai_msp430_emulator/tests/MSP430.Emulator.Tests/bin/Release/net8.0/MSP430.Emulator.Tests.dll" adapterTypeName="executor://xunit/VsTestRunner3/netcore/" className="MSP430.Emulator.Tests.Instructions.Logic.XorInstructionTests" name="ToString_VariousAddressingModes_FormatsCorrectly" />
    </UnitTest>
    <UnitTest name="MSP430.Emulator.Tests.Instructions.Logic.BisInstructionTests.AddressingModes_AllSupportedModes_ReturnCorrectValues(mode: Register)" storage="/home/runner/work/ai_msp430_emulator/ai_msp430_emulator/tests/msp430.emulator.tests/bin/release/net8.0/msp430.emulator.tests.dll" id="b2943faa-d80f-857d-5b48-7c56b90a95cb">
      <Execution id="7cc8ce63-34d0-43d6-8df9-e821f1ecfb6f" />
      <TestMethod codeBase="/home/runner/work/ai_msp430_emulator/ai_msp430_emulator/tests/MSP430.Emulator.Tests/bin/Release/net8.0/MSP430.Emulator.Tests.dll" adapterTypeName="executor://xunit/VsTestRunner3/netcore/" className="MSP430.Emulator.Tests.Instructions.Logic.BisInstructionTests" name="AddressingModes_AllSupportedModes_ReturnCorrectValues" />
    </UnitTest>
    <UnitTest name="MSP430.Emulator.Tests.Cpu.RegisterFileTests.IncrementProgramCounter_DefaultIncrement_IncrementsBy2" storage="/home/runner/work/ai_msp430_emulator/ai_msp430_emulator/tests/msp430.emulator.tests/bin/release/net8.0/msp430.emulator.tests.dll" id="429dbfc9-b859-9393-c9b7-06ca39355e73">
      <Execution id="7e37fca8-11b7-4bc5-90ca-3550830a14a1" />
      <TestMethod codeBase="/home/runner/work/ai_msp430_emulator/ai_msp430_emulator/tests/MSP430.Emulator.Tests/bin/Release/net8.0/MSP430.Emulator.Tests.dll" adapterTypeName="executor://xunit/VsTestRunner3/netcore/" className="MSP430.Emulator.Tests.Cpu.RegisterFileTests" name="IncrementProgramCounter_DefaultIncrement_IncrementsBy2" />
    </UnitTest>
    <UnitTest name="MSP430.Emulator.Tests.Instructions.Logic.AndInstructionTests.AddressingModes_AllSupportedModes_ReturnCorrectValues(mode: IndirectAutoIncrement)" storage="/home/runner/work/ai_msp430_emulator/ai_msp430_emulator/tests/msp430.emulator.tests/bin/release/net8.0/msp430.emulator.tests.dll" id="e72eb533-0b31-9a3c-33b1-8b27b67bdb00">
      <Execution id="e1661d88-04b9-43c7-be76-cb66d14aa1ac" />
      <TestMethod codeBase="/home/runner/work/ai_msp430_emulator/ai_msp430_emulator/tests/MSP430.Emulator.Tests/bin/Release/net8.0/MSP430.Emulator.Tests.dll" adapterTypeName="executor://xunit/VsTestRunner3/netcore/" className="MSP430.Emulator.Tests.Instructions.Logic.AndInstructionTests" name="AddressingModes_AllSupportedModes_ReturnCorrectValues" />
    </UnitTest>
    <UnitTest name="MSP430.Emulator.Tests.Memory.FlashMemoryTests.GetEraseCycles_ReturnsCorrectCycles" storage="/home/runner/work/ai_msp430_emulator/ai_msp430_emulator/tests/msp430.emulator.tests/bin/release/net8.0/msp430.emulator.tests.dll" id="d2570667-3644-b164-3901-f8537f7c0473">
      <Execution id="f1ab115f-61df-430f-90ef-9e77f9ca3da6" />
      <TestMethod codeBase="/home/runner/work/ai_msp430_emulator/ai_msp430_emulator/tests/MSP430.Emulator.Tests/bin/Release/net8.0/MSP430.Emulator.Tests.dll" adapterTypeName="executor://xunit/VsTestRunner3/netcore/" className="MSP430.Emulator.Tests.Memory.FlashMemoryTests" name="GetEraseCycles_ReturnsCorrectCycles" />
    </UnitTest>
    <UnitTest name="MSP430.Emulator.Tests.Logging.FileLoggerTests.Constructor_CreatesDirectoryIfNotExists" storage="/home/runner/work/ai_msp430_emulator/ai_msp430_emulator/tests/msp430.emulator.tests/bin/release/net8.0/msp430.emulator.tests.dll" id="84221e36-a940-6f96-ce02-57fb2a6b5fc1">
      <Execution id="93b5868e-3206-4245-bdc6-ac6d5182519b" />
      <TestMethod codeBase="/home/runner/work/ai_msp430_emulator/ai_msp430_emulator/tests/MSP430.Emulator.Tests/bin/Release/net8.0/MSP430.Emulator.Tests.dll" adapterTypeName="executor://xunit/VsTestRunner3/netcore/" className="MSP430.Emulator.Tests.Logging.FileLoggerTests" name="Constructor_CreatesDirectoryIfNotExists" />
    </UnitTest>
    <UnitTest name="MSP430.Emulator.Tests.Memory.FlashMemoryTests.Constructor_InvalidSize_ThrowsArgumentOutOfRangeException(invalidSize: 0)" storage="/home/runner/work/ai_msp430_emulator/ai_msp430_emulator/tests/msp430.emulator.tests/bin/release/net8.0/msp430.emulator.tests.dll" id="b9713d13-8f96-0fc0-5fd1-ccaa2df57299">
      <Execution id="6d55b51d-585b-4fea-bf93-5407c73ce9d3" />
      <TestMethod codeBase="/home/runner/work/ai_msp430_emulator/ai_msp430_emulator/tests/MSP430.Emulator.Tests/bin/Release/net8.0/MSP430.Emulator.Tests.dll" adapterTypeName="executor://xunit/VsTestRunner3/netcore/" className="MSP430.Emulator.Tests.Memory.FlashMemoryTests" name="Constructor_InvalidSize_ThrowsArgumentOutOfRangeException" />
    </UnitTest>
    <UnitTest name="MSP430.Emulator.Tests.Cpu.StatusRegisterTests.GeneralInterruptEnable_SetFlag_UpdatesValue" storage="/home/runner/work/ai_msp430_emulator/ai_msp430_emulator/tests/msp430.emulator.tests/bin/release/net8.0/msp430.emulator.tests.dll" id="75168d96-c83b-a276-ddb6-866f71418c19">
      <Execution id="c8cd5a44-41aa-40a1-8581-c186a9d63b34" />
      <TestMethod codeBase="/home/runner/work/ai_msp430_emulator/ai_msp430_emulator/tests/MSP430.Emulator.Tests/bin/Release/net8.0/MSP430.Emulator.Tests.dll" adapterTypeName="executor://xunit/VsTestRunner3/netcore/" className="MSP430.Emulator.Tests.Cpu.StatusRegisterTests" name="GeneralInterruptEnable_SetFlag_UpdatesValue" />
    </UnitTest>
    <UnitTest name="MSP430.Emulator.Tests.Memory.MemoryControllerTests.WriteWord_ValidAddress_WritesSuccessfully(address: 8192, value: 4660)" storage="/home/runner/work/ai_msp430_emulator/ai_msp430_emulator/tests/msp430.emulator.tests/bin/release/net8.0/msp430.emulator.tests.dll" id="aee6f55d-55ec-39bd-0678-e30fa8e18688">
      <Execution id="fcfd35eb-32bc-49ff-b50e-e9102ad4ae2d" />
      <TestMethod codeBase="/home/runner/work/ai_msp430_emulator/ai_msp430_emulator/tests/MSP430.Emulator.Tests/bin/Release/net8.0/MSP430.Emulator.Tests.dll" adapterTypeName="executor://xunit/VsTestRunner3/netcore/" className="MSP430.Emulator.Tests.Memory.MemoryControllerTests" name="WriteWord_ValidAddress_WritesSuccessfully" />
    </UnitTest>
    <UnitTest name="MSP430.Emulator.Tests.Instructions.Arithmetic.AddInstructionTests.Constructor_ByteOperation_SetsByteFlag" storage="/home/runner/work/ai_msp430_emulator/ai_msp430_emulator/tests/msp430.emulator.tests/bin/release/net8.0/msp430.emulator.tests.dll" id="f0a25839-5603-cf87-2fb5-90723ef67ea5">
      <Execution id="897d5354-10ec-4fb1-b276-ea81c8edc05c" />
      <TestMethod codeBase="/home/runner/work/ai_msp430_emulator/ai_msp430_emulator/tests/MSP430.Emulator.Tests/bin/Release/net8.0/MSP430.Emulator.Tests.dll" adapterTypeName="executor://xunit/VsTestRunner3/netcore/" className="MSP430.Emulator.Tests.Instructions.Arithmetic.AddInstructionTests" name="Constructor_ByteOperation_SetsByteFlag" />
    </UnitTest>
    <UnitTest name="MSP430.Emulator.Tests.Instructions.Arithmetic.DecInstructionTests.ToString_VariousAddressingModes_FormatsCorrectly(register: R2, mode: Absolute, expectedOperand: &quot;&amp;ADDR&quot;)" storage="/home/runner/work/ai_msp430_emulator/ai_msp430_emulator/tests/msp430.emulator.tests/bin/release/net8.0/msp430.emulator.tests.dll" id="e9137215-7db3-d3db-9a2a-14b051e4745a">
      <Execution id="d75be90a-e6bf-4d6a-abdd-71115cc13413" />
      <TestMethod codeBase="/home/runner/work/ai_msp430_emulator/ai_msp430_emulator/tests/MSP430.Emulator.Tests/bin/Release/net8.0/MSP430.Emulator.Tests.dll" adapterTypeName="executor://xunit/VsTestRunner3/netcore/" className="MSP430.Emulator.Tests.Instructions.Arithmetic.DecInstructionTests" name="ToString_VariousAddressingModes_FormatsCorrectly" />
    </UnitTest>
    <UnitTest name="MSP430.Emulator.Tests.Instructions.Arithmetic.DecInstructionTests.AddressingModes_AllSupportedModes_ReturnCorrectValues(mode: IndirectAutoIncrement)" storage="/home/runner/work/ai_msp430_emulator/ai_msp430_emulator/tests/msp430.emulator.tests/bin/release/net8.0/msp430.emulator.tests.dll" id="39103e49-ddb0-cf86-c33e-a001715810f1">
      <Execution id="04f6ba7b-fc19-413e-8809-552257f3ff3b" />
      <TestMethod codeBase="/home/runner/work/ai_msp430_emulator/ai_msp430_emulator/tests/MSP430.Emulator.Tests/bin/Release/net8.0/MSP430.Emulator.Tests.dll" adapterTypeName="executor://xunit/VsTestRunner3/netcore/" className="MSP430.Emulator.Tests.Instructions.Arithmetic.DecInstructionTests" name="AddressingModes_AllSupportedModes_ReturnCorrectValues" />
    </UnitTest>
    <UnitTest name="MSP430.Emulator.Tests.Memory.MemorySystemIntegrationTests.MemorySystem_RegionDescriptions_AreCorrect(address: 6224, expectedDescription: &quot;Information Memory FRAM&quot;)" storage="/home/runner/work/ai_msp430_emulator/ai_msp430_emulator/tests/msp430.emulator.tests/bin/release/net8.0/msp430.emulator.tests.dll" id="cc56e3a8-639c-1ff4-d5e6-c9b835827e26">
      <Execution id="dbce2d86-4cf3-41b8-96df-337978a67b60" />
      <TestMethod codeBase="/home/runner/work/ai_msp430_emulator/ai_msp430_emulator/tests/MSP430.Emulator.Tests/bin/Release/net8.0/MSP430.Emulator.Tests.dll" adapterTypeName="executor://xunit/VsTestRunner3/netcore/" className="MSP430.Emulator.Tests.Memory.MemorySystemIntegrationTests" name="MemorySystem_RegionDescriptions_AreCorrect" />
    </UnitTest>
    <UnitTest name="MSP430.Emulator.Tests.Cpu.StatusRegisterTests.UpdateFlagsAfterSubtraction_WordOperation_SetsCorrectFlags(operand1: 4096, operand2: 8192, result: 65535, isByteOp: False, expectedZero: False, expectedNegative: True, expectedCarry: False, expectedOverflow: False)" storage="/home/runner/work/ai_msp430_emulator/ai_msp430_emulator/tests/msp430.emulator.tests/bin/release/net8.0/msp430.emulator.tests.dll" id="a3060218-3e3a-6964-53ea-7da49c1cd78e">
      <Execution id="055e9492-b64d-43df-b8d9-9290d7eb15ba" />
      <TestMethod codeBase="/home/runner/work/ai_msp430_emulator/ai_msp430_emulator/tests/MSP430.Emulator.Tests/bin/Release/net8.0/MSP430.Emulator.Tests.dll" adapterTypeName="executor://xunit/VsTestRunner3/netcore/" className="MSP430.Emulator.Tests.Cpu.StatusRegisterTests" name="UpdateFlagsAfterSubtraction_WordOperation_SetsCorrectFlags" />
    </UnitTest>
    <UnitTest name="MSP430.Emulator.Tests.Instructions.Arithmetic.SubInstructionTests.AddressingModes_AllSupportedModes_ReturnCorrectValues(mode: Symbolic)" storage="/home/runner/work/ai_msp430_emulator/ai_msp430_emulator/tests/msp430.emulator.tests/bin/release/net8.0/msp430.emulator.tests.dll" id="9ba82bd1-a514-d17f-24f7-0b922a1cee67">
      <Execution id="50a29a85-d828-48d6-ba04-e4990a7e4246" />
      <TestMethod codeBase="/home/runner/work/ai_msp430_emulator/ai_msp430_emulator/tests/MSP430.Emulator.Tests/bin/Release/net8.0/MSP430.Emulator.Tests.dll" adapterTypeName="executor://xunit/VsTestRunner3/netcore/" className="MSP430.Emulator.Tests.Instructions.Arithmetic.SubInstructionTests" name="AddressingModes_AllSupportedModes_ReturnCorrectValues" />
    </UnitTest>
    <UnitTest name="MSP430.Emulator.Tests.Instructions.Arithmetic.DecInstructionTests.ExtensionWordCount_VariousAddressingModes_ReturnsCorrectCount(destMode: Indirect, expectedCount: 0)" storage="/home/runner/work/ai_msp430_emulator/ai_msp430_emulator/tests/msp430.emulator.tests/bin/release/net8.0/msp430.emulator.tests.dll" id="638ac55a-9704-b386-47f3-8de64bec21a4">
      <Execution id="01640ea6-8709-4d83-b34c-4dfeaee169d4" />
      <TestMethod codeBase="/home/runner/work/ai_msp430_emulator/ai_msp430_emulator/tests/MSP430.Emulator.Tests/bin/Release/net8.0/MSP430.Emulator.Tests.dll" adapterTypeName="executor://xunit/VsTestRunner3/netcore/" className="MSP430.Emulator.Tests.Instructions.Arithmetic.DecInstructionTests" name="ExtensionWordCount_VariousAddressingModes_ReturnsCorrectCount" />
    </UnitTest>
    <UnitTest name="MSP430.Emulator.Tests.Instructions.Logic.AndInstructionTests.ToString_VariousAddressingModes_FormatsCorrectly(mode: IndirectAutoIncrement, expectedOperand: &quot;@R1+&quot;)" storage="/home/runner/work/ai_msp430_emulator/ai_msp430_emulator/tests/msp430.emulator.tests/bin/release/net8.0/msp430.emulator.tests.dll" id="8e307fe9-8ea7-c4b0-fe61-2d09cc599459">
      <Execution id="5bcd3234-9a03-46d4-b8a4-7b6af8dacbb5" />
      <TestMethod codeBase="/home/runner/work/ai_msp430_emulator/ai_msp430_emulator/tests/MSP430.Emulator.Tests/bin/Release/net8.0/MSP430.Emulator.Tests.dll" adapterTypeName="executor://xunit/VsTestRunner3/netcore/" className="MSP430.Emulator.Tests.Instructions.Logic.AndInstructionTests" name="ToString_VariousAddressingModes_FormatsCorrectly" />
    </UnitTest>
    <UnitTest name="MSP430.Emulator.Tests.Instructions.Logic.BitInstructionTests.AddressingModes_AllSupportedModes_ReturnCorrectValues(mode: Absolute)" storage="/home/runner/work/ai_msp430_emulator/ai_msp430_emulator/tests/msp430.emulator.tests/bin/release/net8.0/msp430.emulator.tests.dll" id="c256926f-ad12-4c86-0912-0acc56b61847">
      <Execution id="32adc3ad-35d8-43b2-9eb5-5c9f00ab6d0a" />
      <TestMethod codeBase="/home/runner/work/ai_msp430_emulator/ai_msp430_emulator/tests/MSP430.Emulator.Tests/bin/Release/net8.0/MSP430.Emulator.Tests.dll" adapterTypeName="executor://xunit/VsTestRunner3/netcore/" className="MSP430.Emulator.Tests.Instructions.Logic.BitInstructionTests" name="AddressingModes_AllSupportedModes_ReturnCorrectValues" />
    </UnitTest>
    <UnitTest name="MSP430.Emulator.Tests.Instructions.Arithmetic.SubInstructionTests.ToString_ByteOperation_IncludesBSuffix" storage="/home/runner/work/ai_msp430_emulator/ai_msp430_emulator/tests/msp430.emulator.tests/bin/release/net8.0/msp430.emulator.tests.dll" id="51be036e-b800-988f-20df-c9275715604b">
      <Execution id="da177f56-630f-4f67-8f29-15da7b1768eb" />
      <TestMethod codeBase="/home/runner/work/ai_msp430_emulator/ai_msp430_emulator/tests/MSP430.Emulator.Tests/bin/Release/net8.0/MSP430.Emulator.Tests.dll" adapterTypeName="executor://xunit/VsTestRunner3/netcore/" className="MSP430.Emulator.Tests.Instructions.Arithmetic.SubInstructionTests" name="ToString_ByteOperation_IncludesBSuffix" />
    </UnitTest>
    <UnitTest name="MSP430.Emulator.Tests.Cpu.StatusRegisterTests.UpdateFlagsAfterSubtraction_WordOperation_SetsCorrectFlags(operand1: 12288, operand2: 4096, result: 8192, isByteOp: False, expectedZero: False, expectedNegative: False, expectedCarry: True, expectedOverflow: False)" storage="/home/runner/work/ai_msp430_emulator/ai_msp430_emulator/tests/msp430.emulator.tests/bin/release/net8.0/msp430.emulator.tests.dll" id="accb7c1a-2f65-c8b2-5d7e-8779ee4a6ec9">
      <Execution id="06aa0862-c4e0-4bea-ae3b-0278576fe0b2" />
      <TestMethod codeBase="/home/runner/work/ai_msp430_emulator/ai_msp430_emulator/tests/MSP430.Emulator.Tests/bin/Release/net8.0/MSP430.Emulator.Tests.dll" adapterTypeName="executor://xunit/VsTestRunner3/netcore/" className="MSP430.Emulator.Tests.Cpu.StatusRegisterTests" name="UpdateFlagsAfterSubtraction_WordOperation_SetsCorrectFlags" />
    </UnitTest>
    <UnitTest name="MSP430.Emulator.Tests.Memory.RandomAccessMemoryTests.WriteByte_InvalidAddress_ThrowsArgumentOutOfRangeException(invalidAddress: 8191)" storage="/home/runner/work/ai_msp430_emulator/ai_msp430_emulator/tests/msp430.emulator.tests/bin/release/net8.0/msp430.emulator.tests.dll" id="b13eadba-4db9-370e-7a30-3b4d218b2bad">
      <Execution id="bd398cdb-151f-4d2d-870a-3fe748091666" />
      <TestMethod codeBase="/home/runner/work/ai_msp430_emulator/ai_msp430_emulator/tests/MSP430.Emulator.Tests/bin/Release/net8.0/MSP430.Emulator.Tests.dll" adapterTypeName="executor://xunit/VsTestRunner3/netcore/" className="MSP430.Emulator.Tests.Memory.RandomAccessMemoryTests" name="WriteByte_InvalidAddress_ThrowsArgumentOutOfRangeException" />
    </UnitTest>
    <UnitTest name="MSP430.Emulator.Tests.Instructions.Arithmetic.DecInstructionTests.ExtensionWordCount_VariousAddressingModes_ReturnsCorrectCount(destMode: Register, expectedCount: 0)" storage="/home/runner/work/ai_msp430_emulator/ai_msp430_emulator/tests/msp430.emulator.tests/bin/release/net8.0/msp430.emulator.tests.dll" id="3b81f290-875b-04ce-76bc-4d5b1b255173">
      <Execution id="117ab09c-f913-4d28-801e-67157d614828" />
      <TestMethod codeBase="/home/runner/work/ai_msp430_emulator/ai_msp430_emulator/tests/MSP430.Emulator.Tests/bin/Release/net8.0/MSP430.Emulator.Tests.dll" adapterTypeName="executor://xunit/VsTestRunner3/netcore/" className="MSP430.Emulator.Tests.Instructions.Arithmetic.DecInstructionTests" name="ExtensionWordCount_VariousAddressingModes_ReturnsCorrectCount" />
    </UnitTest>
    <UnitTest name="MSP430.Emulator.Tests.Memory.MemoryControllerTests.ReadWord_UnalignedAddress_ThrowsArgumentException(address: 16385)" storage="/home/runner/work/ai_msp430_emulator/ai_msp430_emulator/tests/msp430.emulator.tests/bin/release/net8.0/msp430.emulator.tests.dll" id="4305d442-c5d9-b973-9e85-52f99b57e93d">
      <Execution id="e403a921-0e7d-4b32-b20d-2fb998403901" />
      <TestMethod codeBase="/home/runner/work/ai_msp430_emulator/ai_msp430_emulator/tests/MSP430.Emulator.Tests/bin/Release/net8.0/MSP430.Emulator.Tests.dll" adapterTypeName="executor://xunit/VsTestRunner3/netcore/" className="MSP430.Emulator.Tests.Memory.MemoryControllerTests" name="ReadWord_UnalignedAddress_ThrowsArgumentException" />
    </UnitTest>
    <UnitTest name="MSP430.Emulator.Tests.Instructions.Arithmetic.CmpInstructionTests.AddressingModes_AllSupportedModes_ReturnCorrectValues(mode: IndirectAutoIncrement)" storage="/home/runner/work/ai_msp430_emulator/ai_msp430_emulator/tests/msp430.emulator.tests/bin/release/net8.0/msp430.emulator.tests.dll" id="18471cdb-f69b-4f0a-da96-1c1b4654730d">
      <Execution id="0f6537ae-baa3-43b1-8f9f-e271cd914448" />
      <TestMethod codeBase="/home/runner/work/ai_msp430_emulator/ai_msp430_emulator/tests/MSP430.Emulator.Tests/bin/Release/net8.0/MSP430.Emulator.Tests.dll" adapterTypeName="executor://xunit/VsTestRunner3/netcore/" className="MSP430.Emulator.Tests.Instructions.Arithmetic.CmpInstructionTests" name="AddressingModes_AllSupportedModes_ReturnCorrectValues" />
    </UnitTest>
    <UnitTest name="MSP430.Emulator.Tests.Core.ExecutionStateTests.IsValidTransition_ReturnsExpectedResult(from: Running, to: Stopped, expected: True)" storage="/home/runner/work/ai_msp430_emulator/ai_msp430_emulator/tests/msp430.emulator.tests/bin/release/net8.0/msp430.emulator.tests.dll" id="d441887a-a815-8b57-edb9-47d1bafd2c86">
      <Execution id="3d3d00c9-6ebe-42fd-be92-351ee0880148" />
      <TestMethod codeBase="/home/runner/work/ai_msp430_emulator/ai_msp430_emulator/tests/MSP430.Emulator.Tests/bin/Release/net8.0/MSP430.Emulator.Tests.dll" adapterTypeName="executor://xunit/VsTestRunner3/netcore/" className="MSP430.Emulator.Tests.Core.ExecutionStateTests" name="IsValidTransition_ReturnsExpectedResult" />
    </UnitTest>
    <UnitTest name="MSP430.Emulator.Tests.Instructions.AddressingModeDecoderTests.GetConstantGeneratorValue_InvalidAsBits_ReturnsNull" storage="/home/runner/work/ai_msp430_emulator/ai_msp430_emulator/tests/msp430.emulator.tests/bin/release/net8.0/msp430.emulator.tests.dll" id="385f4aef-f0b0-f659-8452-a4cf3ad9e59a">
      <Execution id="a90103c9-8bee-469f-ac3b-9b79384f87b9" />
      <TestMethod codeBase="/home/runner/work/ai_msp430_emulator/ai_msp430_emulator/tests/MSP430.Emulator.Tests/bin/Release/net8.0/MSP430.Emulator.Tests.dll" adapterTypeName="executor://xunit/VsTestRunner3/netcore/" className="MSP430.Emulator.Tests.Instructions.AddressingModeDecoderTests" name="GetConstantGeneratorValue_InvalidAsBits_ReturnsNull" />
    </UnitTest>
    <UnitTest name="MSP430.Emulator.Tests.Cpu.StatusRegisterTests.Reset_ClearsAllFlags" storage="/home/runner/work/ai_msp430_emulator/ai_msp430_emulator/tests/msp430.emulator.tests/bin/release/net8.0/msp430.emulator.tests.dll" id="c96aeffd-44a5-62b0-99f2-bc87572ffe76">
      <Execution id="252a2502-00b8-48fc-9536-08ab8fe927f1" />
      <TestMethod codeBase="/home/runner/work/ai_msp430_emulator/ai_msp430_emulator/tests/MSP430.Emulator.Tests/bin/Release/net8.0/MSP430.Emulator.Tests.dll" adapterTypeName="executor://xunit/VsTestRunner3/netcore/" className="MSP430.Emulator.Tests.Cpu.StatusRegisterTests" name="Reset_ClearsAllFlags" />
    </UnitTest>
    <UnitTest name="MSP430.Emulator.Tests.Memory.InformationMemoryTests.IsSegmentWriteProtected_DefaultState_ReturnsExpectedValue(segment: SegmentB, expectedProtection: False)" storage="/home/runner/work/ai_msp430_emulator/ai_msp430_emulator/tests/msp430.emulator.tests/bin/release/net8.0/msp430.emulator.tests.dll" id="f3869eac-892c-c33e-398c-6003aac6c835">
      <Execution id="d2ed9866-f98c-483e-affc-4bf4a97eac66" />
      <TestMethod codeBase="/home/runner/work/ai_msp430_emulator/ai_msp430_emulator/tests/MSP430.Emulator.Tests/bin/Release/net8.0/MSP430.Emulator.Tests.dll" adapterTypeName="executor://xunit/VsTestRunner3/netcore/" className="MSP430.Emulator.Tests.Memory.InformationMemoryTests" name="IsSegmentWriteProtected_DefaultState_ReturnsExpectedValue" />
    </UnitTest>
    <UnitTest name="MSP430.Emulator.Tests.Instructions.Logic.XorInstructionTests.ExtensionWordCount_VariousAddressingModes_ReturnsCorrectCount(sourceMode: Register, destMode: Indirect, expectedCount: 0)" storage="/home/runner/work/ai_msp430_emulator/ai_msp430_emulator/tests/msp430.emulator.tests/bin/release/net8.0/msp430.emulator.tests.dll" id="3b1ab515-dfcc-bc0c-517e-186bd4c63be4">
      <Execution id="7f1c2cce-b521-4d1e-ae35-f0b012b19b80" />
      <TestMethod codeBase="/home/runner/work/ai_msp430_emulator/ai_msp430_emulator/tests/MSP430.Emulator.Tests/bin/Release/net8.0/MSP430.Emulator.Tests.dll" adapterTypeName="executor://xunit/VsTestRunner3/netcore/" className="MSP430.Emulator.Tests.Instructions.Logic.XorInstructionTests" name="ExtensionWordCount_VariousAddressingModes_ReturnsCorrectCount" />
    </UnitTest>
    <UnitTest name="MSP430.Emulator.Tests.Memory.RandomAccessMemoryTests.WriteByte_InvalidAddress_ThrowsArgumentOutOfRangeException(invalidAddress: 9216)" storage="/home/runner/work/ai_msp430_emulator/ai_msp430_emulator/tests/msp430.emulator.tests/bin/release/net8.0/msp430.emulator.tests.dll" id="fd6b8ccb-020b-ebe1-87bd-ef39bd4e0bcd">
      <Execution id="8c2a1a60-0ba3-4cff-bcdf-0fbecb44d93d" />
      <TestMethod codeBase="/home/runner/work/ai_msp430_emulator/ai_msp430_emulator/tests/MSP430.Emulator.Tests/bin/Release/net8.0/MSP430.Emulator.Tests.dll" adapterTypeName="executor://xunit/VsTestRunner3/netcore/" className="MSP430.Emulator.Tests.Memory.RandomAccessMemoryTests" name="WriteByte_InvalidAddress_ThrowsArgumentOutOfRangeException" />
    </UnitTest>
    <UnitTest name="MSP430.Emulator.Tests.Instructions.AddressingModeDecoderTests.DecodeDestinationAddressingMode_GeneralPurposeRegisters_ReturnsCorrectMode(register: R4, adBit: False, expected: Register)" storage="/home/runner/work/ai_msp430_emulator/ai_msp430_emulator/tests/msp430.emulator.tests/bin/release/net8.0/msp430.emulator.tests.dll" id="5c8bb652-f27f-23be-4b4d-f90c87b81987">
      <Execution id="088ea9ef-1b1a-4c25-b2c7-fd0919ab5f2e" />
      <TestMethod codeBase="/home/runner/work/ai_msp430_emulator/ai_msp430_emulator/tests/MSP430.Emulator.Tests/bin/Release/net8.0/MSP430.Emulator.Tests.dll" adapterTypeName="executor://xunit/VsTestRunner3/netcore/" className="MSP430.Emulator.Tests.Instructions.AddressingModeDecoderTests" name="DecodeDestinationAddressingMode_GeneralPurposeRegisters_ReturnsCorrectMode" />
    </UnitTest>
    <UnitTest name="MSP430.Emulator.Tests.Instructions.Logic.AndInstructionTests.ToString_VariousAddressingModes_FormatsCorrectly(mode: Register, expectedOperand: &quot;R1&quot;)" storage="/home/runner/work/ai_msp430_emulator/ai_msp430_emulator/tests/msp430.emulator.tests/bin/release/net8.0/msp430.emulator.tests.dll" id="823220e5-cdf8-3cbe-d4d5-9ee33c8425d4">
      <Execution id="92d538ae-48df-4845-a66c-2e35fd5cb5fd" />
      <TestMethod codeBase="/home/runner/work/ai_msp430_emulator/ai_msp430_emulator/tests/MSP430.Emulator.Tests/bin/Release/net8.0/MSP430.Emulator.Tests.dll" adapterTypeName="executor://xunit/VsTestRunner3/netcore/" className="MSP430.Emulator.Tests.Instructions.Logic.AndInstructionTests" name="ToString_VariousAddressingModes_FormatsCorrectly" />
    </UnitTest>
    <UnitTest name="MSP430.Emulator.Tests.Instructions.Logic.AndInstructionTests.DestinationRegister_AllRegisters_ReturnsCorrectRegister(register: R2)" storage="/home/runner/work/ai_msp430_emulator/ai_msp430_emulator/tests/msp430.emulator.tests/bin/release/net8.0/msp430.emulator.tests.dll" id="57c9d269-0f1b-344a-0705-b8b2ac76bad8">
      <Execution id="0e8fc46e-b149-4647-9c44-c2bd43c75ba7" />
      <TestMethod codeBase="/home/runner/work/ai_msp430_emulator/ai_msp430_emulator/tests/MSP430.Emulator.Tests/bin/Release/net8.0/MSP430.Emulator.Tests.dll" adapterTypeName="executor://xunit/VsTestRunner3/netcore/" className="MSP430.Emulator.Tests.Instructions.Logic.AndInstructionTests" name="DestinationRegister_AllRegisters_ReturnsCorrectRegister" />
    </UnitTest>
    <UnitTest name="MSP430.Emulator.Tests.Cpu.StatusRegisterTests.UpdateFlagsAfterSubtraction_ByteOperation_SetsCorrectFlags(operand1: 0, operand2: 1, result: 255, isByteOp: True, expectedZero: False, expectedNegative: True, expectedCarry: False, expectedOverflow: False)" storage="/home/runner/work/ai_msp430_emulator/ai_msp430_emulator/tests/msp430.emulator.tests/bin/release/net8.0/msp430.emulator.tests.dll" id="1774e350-0e73-910a-63e6-b8ed6c342956">
      <Execution id="1ed5bddc-0082-48c2-bd74-b2678c515ad0" />
      <TestMethod codeBase="/home/runner/work/ai_msp430_emulator/ai_msp430_emulator/tests/MSP430.Emulator.Tests/bin/Release/net8.0/MSP430.Emulator.Tests.dll" adapterTypeName="executor://xunit/VsTestRunner3/netcore/" className="MSP430.Emulator.Tests.Cpu.StatusRegisterTests" name="UpdateFlagsAfterSubtraction_ByteOperation_SetsCorrectFlags" />
    </UnitTest>
    <UnitTest name="MSP430.Emulator.Tests.Memory.MemoryControllerTests.WriteByte_InvalidAddress_ThrowsMemoryAccessException(address: 6656)" storage="/home/runner/work/ai_msp430_emulator/ai_msp430_emulator/tests/msp430.emulator.tests/bin/release/net8.0/msp430.emulator.tests.dll" id="7de81617-ff0a-ebf4-3727-55b045bd6e63">
      <Execution id="5cfeb46c-4092-406e-847a-f7e8e92f206f" />
      <TestMethod codeBase="/home/runner/work/ai_msp430_emulator/ai_msp430_emulator/tests/MSP430.Emulator.Tests/bin/Release/net8.0/MSP430.Emulator.Tests.dll" adapterTypeName="executor://xunit/VsTestRunner3/netcore/" className="MSP430.Emulator.Tests.Memory.MemoryControllerTests" name="WriteByte_InvalidAddress_ThrowsMemoryAccessException" />
    </UnitTest>
    <UnitTest name="MSP430.Emulator.Tests.Instructions.AddressingModeDecoderTests.DecodeSourceAddressingMode_GeneralPurposeRegisters_ReturnsCorrectMode(register: R5, asBits: 1, expected: Indexed)" storage="/home/runner/work/ai_msp430_emulator/ai_msp430_emulator/tests/msp430.emulator.tests/bin/release/net8.0/msp430.emulator.tests.dll" id="b993e906-1ced-f20a-68ab-19a0ddf70e00">
      <Execution id="29595573-d305-4ac4-9239-47507e0f0623" />
      <TestMethod codeBase="/home/runner/work/ai_msp430_emulator/ai_msp430_emulator/tests/MSP430.Emulator.Tests/bin/Release/net8.0/MSP430.Emulator.Tests.dll" adapterTypeName="executor://xunit/VsTestRunner3/netcore/" className="MSP430.Emulator.Tests.Instructions.AddressingModeDecoderTests" name="DecodeSourceAddressingMode_GeneralPurposeRegisters_ReturnsCorrectMode" />
    </UnitTest>
    <UnitTest name="MSP430.Emulator.Tests.Memory.InformationMemoryTests.WriteWord_UnalignedAddress_ThrowsArgumentException(unalignedAddress: 6145)" storage="/home/runner/work/ai_msp430_emulator/ai_msp430_emulator/tests/msp430.emulator.tests/bin/release/net8.0/msp430.emulator.tests.dll" id="f648a8e3-ce1c-c483-d504-d252d658a3df">
      <Execution id="bd2a19f2-04af-4c5d-aeea-dfbca8cabf95" />
      <TestMethod codeBase="/home/runner/work/ai_msp430_emulator/ai_msp430_emulator/tests/MSP430.Emulator.Tests/bin/Release/net8.0/MSP430.Emulator.Tests.dll" adapterTypeName="executor://xunit/VsTestRunner3/netcore/" className="MSP430.Emulator.Tests.Memory.InformationMemoryTests" name="WriteWord_UnalignedAddress_ThrowsArgumentException" />
    </UnitTest>
    <UnitTest name="MSP430.Emulator.Tests.Core.ExecutionStateTests.CanResume_ReturnsExpectedResult(state: SingleStep, expected: True)" storage="/home/runner/work/ai_msp430_emulator/ai_msp430_emulator/tests/msp430.emulator.tests/bin/release/net8.0/msp430.emulator.tests.dll" id="57b747e8-0dab-f454-1435-099ee29cd2e0">
      <Execution id="8ab9c880-1f5e-426d-ba05-f334b31aab42" />
      <TestMethod codeBase="/home/runner/work/ai_msp430_emulator/ai_msp430_emulator/tests/MSP430.Emulator.Tests/bin/Release/net8.0/MSP430.Emulator.Tests.dll" adapterTypeName="executor://xunit/VsTestRunner3/netcore/" className="MSP430.Emulator.Tests.Core.ExecutionStateTests" name="CanResume_ReturnsExpectedResult" />
    </UnitTest>
    <UnitTest name="MSP430.Emulator.Tests.Memory.MemoryControllerTests.FlashProgramming_ReflectsInOperationStatus" storage="/home/runner/work/ai_msp430_emulator/ai_msp430_emulator/tests/msp430.emulator.tests/bin/release/net8.0/msp430.emulator.tests.dll" id="c47e11bb-6df4-cd24-094a-de6564385295">
      <Execution id="807d58a3-0ba3-4a1a-98f0-e142743e3d91" />
      <TestMethod codeBase="/home/runner/work/ai_msp430_emulator/ai_msp430_emulator/tests/MSP430.Emulator.Tests/bin/Release/net8.0/MSP430.Emulator.Tests.dll" adapterTypeName="executor://xunit/VsTestRunner3/netcore/" className="MSP430.Emulator.Tests.Memory.MemoryControllerTests" name="FlashProgramming_ReflectsInOperationStatus" />
    </UnitTest>
    <UnitTest name="MSP430.Emulator.Tests.Instructions.InstructionDecoderTests.IsValidInstruction_VariousInstructions_ReturnsExpectedResult(instructionWord: 16384)" storage="/home/runner/work/ai_msp430_emulator/ai_msp430_emulator/tests/msp430.emulator.tests/bin/release/net8.0/msp430.emulator.tests.dll" id="1083de94-1379-d5ff-7ac4-093a4adedc0d">
      <Execution id="dd9a1058-43c6-470f-980f-ec06190fee73" />
      <TestMethod codeBase="/home/runner/work/ai_msp430_emulator/ai_msp430_emulator/tests/MSP430.Emulator.Tests/bin/Release/net8.0/MSP430.Emulator.Tests.dll" adapterTypeName="executor://xunit/VsTestRunner3/netcore/" className="MSP430.Emulator.Tests.Instructions.InstructionDecoderTests" name="IsValidInstruction_VariousInstructions_ReturnsExpectedResult" />
    </UnitTest>
    <UnitTest name="MSP430.Emulator.Tests.Memory.RandomAccessMemoryTests.ReadByte_InvalidAddress_ThrowsArgumentOutOfRangeException(invalidAddress: 9216)" storage="/home/runner/work/ai_msp430_emulator/ai_msp430_emulator/tests/msp430.emulator.tests/bin/release/net8.0/msp430.emulator.tests.dll" id="31d3eb29-2a6a-fbd1-da55-2ded04e3bfaf">
      <Execution id="a770a924-0417-4d72-951c-712305bfb003" />
      <TestMethod codeBase="/home/runner/work/ai_msp430_emulator/ai_msp430_emulator/tests/MSP430.Emulator.Tests/bin/Release/net8.0/MSP430.Emulator.Tests.dll" adapterTypeName="executor://xunit/VsTestRunner3/netcore/" className="MSP430.Emulator.Tests.Memory.RandomAccessMemoryTests" name="ReadByte_InvalidAddress_ThrowsArgumentOutOfRangeException" />
    </UnitTest>
    <UnitTest name="MSP430.Emulator.Tests.Instructions.Logic.XorInstructionTests.AddressingModes_AllSupportedModes_ReturnCorrectValues(mode: Symbolic)" storage="/home/runner/work/ai_msp430_emulator/ai_msp430_emulator/tests/msp430.emulator.tests/bin/release/net8.0/msp430.emulator.tests.dll" id="0cd53cc2-db24-36cb-89a7-66f387d202ce">
      <Execution id="b0ce04fa-18cc-4124-974d-be154452717c" />
      <TestMethod codeBase="/home/runner/work/ai_msp430_emulator/ai_msp430_emulator/tests/MSP430.Emulator.Tests/bin/Release/net8.0/MSP430.Emulator.Tests.dll" adapterTypeName="executor://xunit/VsTestRunner3/netcore/" className="MSP430.Emulator.Tests.Instructions.Logic.XorInstructionTests" name="AddressingModes_AllSupportedModes_ReturnCorrectValues" />
    </UnitTest>
    <UnitTest name="MSP430.Emulator.Tests.Instructions.Arithmetic.AddInstructionTests.Constructor_ValidParameters_CreatesInstruction" storage="/home/runner/work/ai_msp430_emulator/ai_msp430_emulator/tests/msp430.emulator.tests/bin/release/net8.0/msp430.emulator.tests.dll" id="7fba25fb-4df4-d68d-b617-8d5270e84cff">
      <Execution id="ea638fbd-fff3-4536-9231-7a52eef0901e" />
      <TestMethod codeBase="/home/runner/work/ai_msp430_emulator/ai_msp430_emulator/tests/MSP430.Emulator.Tests/bin/Release/net8.0/MSP430.Emulator.Tests.dll" adapterTypeName="executor://xunit/VsTestRunner3/netcore/" className="MSP430.Emulator.Tests.Instructions.Arithmetic.AddInstructionTests" name="Constructor_ValidParameters_CreatesInstruction" />
    </UnitTest>
    <UnitTest name="MSP430.Emulator.Tests.Memory.MemoryControllerTests.FetchInstruction_ValidAddress_ReturnsInstruction(address: 49150)" storage="/home/runner/work/ai_msp430_emulator/ai_msp430_emulator/tests/msp430.emulator.tests/bin/release/net8.0/msp430.emulator.tests.dll" id="0553a548-0cde-45fa-6a68-4c6b5f8d6992">
      <Execution id="29b6fae2-7016-4e6e-a1eb-36a1419b8c67" />
      <TestMethod codeBase="/home/runner/work/ai_msp430_emulator/ai_msp430_emulator/tests/MSP430.Emulator.Tests/bin/Release/net8.0/MSP430.Emulator.Tests.dll" adapterTypeName="executor://xunit/VsTestRunner3/netcore/" className="MSP430.Emulator.Tests.Memory.MemoryControllerTests" name="FetchInstruction_ValidAddress_ReturnsInstruction" />
    </UnitTest>
    <UnitTest name="MSP430.Emulator.Tests.Instructions.Logic.BisInstructionTests.ToString_VariousAddressingModes_FormatsCorrectly(mode: Indirect, expectedOperand: &quot;@R1&quot;)" storage="/home/runner/work/ai_msp430_emulator/ai_msp430_emulator/tests/msp430.emulator.tests/bin/release/net8.0/msp430.emulator.tests.dll" id="80975d9c-7866-a0b3-f78c-b02afa1c0200">
      <Execution id="f7d36965-790d-410a-a564-f66b7089a503" />
      <TestMethod codeBase="/home/runner/work/ai_msp430_emulator/ai_msp430_emulator/tests/MSP430.Emulator.Tests/bin/Release/net8.0/MSP430.Emulator.Tests.dll" adapterTypeName="executor://xunit/VsTestRunner3/netcore/" className="MSP430.Emulator.Tests.Instructions.Logic.BisInstructionTests" name="ToString_VariousAddressingModes_FormatsCorrectly" />
    </UnitTest>
    <UnitTest name="MSP430.Emulator.Tests.Instructions.AddressingModeDecoderTests.DecodeSourceAddressingMode_R3_ReturnsCorrectMode(asBits: 1, expected: Immediate)" storage="/home/runner/work/ai_msp430_emulator/ai_msp430_emulator/tests/msp430.emulator.tests/bin/release/net8.0/msp430.emulator.tests.dll" id="9c582103-5543-2348-ad0b-74f855d59b64">
      <Execution id="def9cbff-a9b7-47c4-8a24-17ba29144c84" />
      <TestMethod codeBase="/home/runner/work/ai_msp430_emulator/ai_msp430_emulator/tests/MSP430.Emulator.Tests/bin/Release/net8.0/MSP430.Emulator.Tests.dll" adapterTypeName="executor://xunit/VsTestRunner3/netcore/" className="MSP430.Emulator.Tests.Instructions.AddressingModeDecoderTests" name="DecodeSourceAddressingMode_R3_ReturnsCorrectMode" />
    </UnitTest>
    <UnitTest name="MSP430.Emulator.Tests.Instructions.InstructionDecoderTests.ExtractOpcode_FormatII_ReturnsCorrectOpcode(format: FormatII, instructionWord: 4160, expected: 16)" storage="/home/runner/work/ai_msp430_emulator/ai_msp430_emulator/tests/msp430.emulator.tests/bin/release/net8.0/msp430.emulator.tests.dll" id="0ada133f-a3b8-e396-2514-106cec540a8e">
      <Execution id="0d84ff99-a023-4533-9299-bbf0087646f9" />
      <TestMethod codeBase="/home/runner/work/ai_msp430_emulator/ai_msp430_emulator/tests/MSP430.Emulator.Tests/bin/Release/net8.0/MSP430.Emulator.Tests.dll" adapterTypeName="executor://xunit/VsTestRunner3/netcore/" className="MSP430.Emulator.Tests.Instructions.InstructionDecoderTests" name="ExtractOpcode_FormatII_ReturnsCorrectOpcode" />
    </UnitTest>
    <UnitTest name="MSP430.Emulator.Tests.Cpu.StatusRegisterTests.GeneralInterruptEnable_GetSet_WorksCorrectly(value: 0, expected: False)" storage="/home/runner/work/ai_msp430_emulator/ai_msp430_emulator/tests/msp430.emulator.tests/bin/release/net8.0/msp430.emulator.tests.dll" id="84173824-84cf-5c05-90c1-de1092ac7b2b">
      <Execution id="535112b8-d184-46ef-a837-2f4858438887" />
      <TestMethod codeBase="/home/runner/work/ai_msp430_emulator/ai_msp430_emulator/tests/MSP430.Emulator.Tests/bin/Release/net8.0/MSP430.Emulator.Tests.dll" adapterTypeName="executor://xunit/VsTestRunner3/netcore/" className="MSP430.Emulator.Tests.Cpu.StatusRegisterTests" name="GeneralInterruptEnable_GetSet_WorksCorrectly" />
    </UnitTest>
    <UnitTest name="MSP430.Emulator.Tests.Instructions.Logic.AndInstructionTests.DestinationRegister_AllRegisters_ReturnsCorrectRegister(register: R0)" storage="/home/runner/work/ai_msp430_emulator/ai_msp430_emulator/tests/msp430.emulator.tests/bin/release/net8.0/msp430.emulator.tests.dll" id="5ce6170a-83e0-19da-78d0-79e098f7f100">
      <Execution id="b0771f4b-fdab-4c69-aa1c-f4fdf1e0e0e4" />
      <TestMethod codeBase="/home/runner/work/ai_msp430_emulator/ai_msp430_emulator/tests/MSP430.Emulator.Tests/bin/Release/net8.0/MSP430.Emulator.Tests.dll" adapterTypeName="executor://xunit/VsTestRunner3/netcore/" className="MSP430.Emulator.Tests.Instructions.Logic.AndInstructionTests" name="DestinationRegister_AllRegisters_ReturnsCorrectRegister" />
    </UnitTest>
    <UnitTest name="MSP430.Emulator.Tests.Memory.FlashControllerTests.Update_ExcessCycles_CompletesOperation" storage="/home/runner/work/ai_msp430_emulator/ai_msp430_emulator/tests/msp430.emulator.tests/bin/release/net8.0/msp430.emulator.tests.dll" id="4925e861-668d-0776-992b-a30cf05df577">
      <Execution id="33218eec-ebc1-4a30-a5cb-82a687b85997" />
      <TestMethod codeBase="/home/runner/work/ai_msp430_emulator/ai_msp430_emulator/tests/MSP430.Emulator.Tests/bin/Release/net8.0/MSP430.Emulator.Tests.dll" adapterTypeName="executor://xunit/VsTestRunner3/netcore/" className="MSP430.Emulator.Tests.Memory.FlashControllerTests" name="Update_ExcessCycles_CompletesOperation" />
    </UnitTest>
    <UnitTest name="MSP430.Emulator.Tests.Cpu.RegisterFileTests.ReadRegisterHighByte_ValidRegister_ReturnsCorrectByte(register: R15, fullValue: 65518, expectedHighByte: 255)" storage="/home/runner/work/ai_msp430_emulator/ai_msp430_emulator/tests/msp430.emulator.tests/bin/release/net8.0/msp430.emulator.tests.dll" id="0dcedd68-b7ef-c65b-a6df-33d70a5fce0a">
      <Execution id="ebdf32ba-f1a3-44ca-83d2-6ed9200f7b7a" />
      <TestMethod codeBase="/home/runner/work/ai_msp430_emulator/ai_msp430_emulator/tests/MSP430.Emulator.Tests/bin/Release/net8.0/MSP430.Emulator.Tests.dll" adapterTypeName="executor://xunit/VsTestRunner3/netcore/" className="MSP430.Emulator.Tests.Cpu.RegisterFileTests" name="ReadRegisterHighByte_ValidRegister_ReturnsCorrectByte" />
    </UnitTest>
    <UnitTest name="MSP430.Emulator.Tests.Cpu.StatusRegisterTests.UpdateFlagsAfterAddition_ByteOperation_SetsCorrectFlags(operand1: 255, operand2: 1, result: 256, isByteOp: True, expectedZero: True, expectedNegative: False, expectedCarry: True, expectedOverflow: False)" storage="/home/runner/work/ai_msp430_emulator/ai_msp430_emulator/tests/msp430.emulator.tests/bin/release/net8.0/msp430.emulator.tests.dll" id="013c7d52-ea2b-327d-2fe9-f04167647620">
      <Execution id="5ce0b70a-510c-410d-aa65-3961c7b3a43f" />
      <TestMethod codeBase="/home/runner/work/ai_msp430_emulator/ai_msp430_emulator/tests/MSP430.Emulator.Tests/bin/Release/net8.0/MSP430.Emulator.Tests.dll" adapterTypeName="executor://xunit/VsTestRunner3/netcore/" className="MSP430.Emulator.Tests.Cpu.StatusRegisterTests" name="UpdateFlagsAfterAddition_ByteOperation_SetsCorrectFlags" />
    </UnitTest>
    <UnitTest name="MSP430.Emulator.Tests.Memory.MemoryMapTests.GetRegionInfo_UndefinedRegion_ThrowsArgumentException" storage="/home/runner/work/ai_msp430_emulator/ai_msp430_emulator/tests/msp430.emulator.tests/bin/release/net8.0/msp430.emulator.tests.dll" id="c4c9f4e1-4f7e-bde8-f69b-3e1372a58fa6">
      <Execution id="e1402517-9018-4ee2-a86f-d843705b8f92" />
      <TestMethod codeBase="/home/runner/work/ai_msp430_emulator/ai_msp430_emulator/tests/MSP430.Emulator.Tests/bin/Release/net8.0/MSP430.Emulator.Tests.dll" adapterTypeName="executor://xunit/VsTestRunner3/netcore/" className="MSP430.Emulator.Tests.Memory.MemoryMapTests" name="GetRegionInfo_UndefinedRegion_ThrowsArgumentException" />
    </UnitTest>
    <UnitTest name="MSP430.Emulator.Tests.Memory.RandomAccessMemoryTests.WriteWord_ValidEvenAddress_StoresLittleEndianValue" storage="/home/runner/work/ai_msp430_emulator/ai_msp430_emulator/tests/msp430.emulator.tests/bin/release/net8.0/msp430.emulator.tests.dll" id="10d68b1e-18d2-a4d3-593a-43d0394a432c">
      <Execution id="74d484fc-b224-4da4-bbbe-ef6f05f750df" />
      <TestMethod codeBase="/home/runner/work/ai_msp430_emulator/ai_msp430_emulator/tests/MSP430.Emulator.Tests/bin/Release/net8.0/MSP430.Emulator.Tests.dll" adapterTypeName="executor://xunit/VsTestRunner3/netcore/" className="MSP430.Emulator.Tests.Memory.RandomAccessMemoryTests" name="WriteWord_ValidEvenAddress_StoresLittleEndianValue" />
    </UnitTest>
    <UnitTest name="MSP430.Emulator.Tests.Memory.FlashControllerTests.Update_PartialCycles_ReducesCyclesRemaining" storage="/home/runner/work/ai_msp430_emulator/ai_msp430_emulator/tests/msp430.emulator.tests/bin/release/net8.0/msp430.emulator.tests.dll" id="7edfedc7-4744-1d6d-02ef-0447323d8d22">
      <Execution id="b8a5d5ce-5739-4ce1-ba0a-65188f531c85" />
      <TestMethod codeBase="/home/runner/work/ai_msp430_emulator/ai_msp430_emulator/tests/MSP430.Emulator.Tests/bin/Release/net8.0/MSP430.Emulator.Tests.dll" adapterTypeName="executor://xunit/VsTestRunner3/netcore/" className="MSP430.Emulator.Tests.Memory.FlashControllerTests" name="Update_PartialCycles_ReducesCyclesRemaining" />
    </UnitTest>
    <UnitTest name="MSP430.Emulator.Tests.Memory.RandomAccessMemoryTests.IsRangeInBounds_VariousRanges_ReturnsExpectedResult(startAddress: 8191, length: 1, expected: False)" storage="/home/runner/work/ai_msp430_emulator/ai_msp430_emulator/tests/msp430.emulator.tests/bin/release/net8.0/msp430.emulator.tests.dll" id="b40280a1-df30-03e9-f313-b1212196ef7e">
      <Execution id="8ce1b91b-a022-4aef-9fd4-c2a2d3183926" />
      <TestMethod codeBase="/home/runner/work/ai_msp430_emulator/ai_msp430_emulator/tests/MSP430.Emulator.Tests/bin/Release/net8.0/MSP430.Emulator.Tests.dll" adapterTypeName="executor://xunit/VsTestRunner3/netcore/" className="MSP430.Emulator.Tests.Memory.RandomAccessMemoryTests" name="IsRangeInBounds_VariousRanges_ReturnsExpectedResult" />
    </UnitTest>
    <UnitTest name="MSP430.Emulator.Tests.Logging.ConsoleLoggerTests.Info_WithContext_CallsLogWithInfoLevelAndContext" storage="/home/runner/work/ai_msp430_emulator/ai_msp430_emulator/tests/msp430.emulator.tests/bin/release/net8.0/msp430.emulator.tests.dll" id="31f8205f-ac7c-7aa6-264c-1c0f3caccaba">
      <Execution id="6d808991-9d61-4c97-86c1-9635a27eb21f" />
      <TestMethod codeBase="/home/runner/work/ai_msp430_emulator/ai_msp430_emulator/tests/MSP430.Emulator.Tests/bin/Release/net8.0/MSP430.Emulator.Tests.dll" adapterTypeName="executor://xunit/VsTestRunner3/netcore/" className="MSP430.Emulator.Tests.Logging.ConsoleLoggerTests" name="Info_WithContext_CallsLogWithInfoLevelAndContext" />
    </UnitTest>
    <UnitTest name="MSP430.Emulator.Tests.Memory.FlashMemoryTests.Clear_SetsAllBytesToErasedPattern" storage="/home/runner/work/ai_msp430_emulator/ai_msp430_emulator/tests/msp430.emulator.tests/bin/release/net8.0/msp430.emulator.tests.dll" id="ae0f33a0-3b74-76dc-1916-4f5d2574d976">
      <Execution id="bcbf94a7-a25c-4791-92e6-0984af38f1f5" />
      <TestMethod codeBase="/home/runner/work/ai_msp430_emulator/ai_msp430_emulator/tests/MSP430.Emulator.Tests/bin/Release/net8.0/MSP430.Emulator.Tests.dll" adapterTypeName="executor://xunit/VsTestRunner3/netcore/" className="MSP430.Emulator.Tests.Memory.FlashMemoryTests" name="Clear_SetsAllBytesToErasedPattern" />
    </UnitTest>
    <UnitTest name="MSP430.Emulator.Tests.Instructions.Arithmetic.DecInstructionTests.AddressingModes_AllSupportedModes_ReturnCorrectValues(mode: Absolute)" storage="/home/runner/work/ai_msp430_emulator/ai_msp430_emulator/tests/msp430.emulator.tests/bin/release/net8.0/msp430.emulator.tests.dll" id="9792e854-c390-9c72-5e15-a644737f4807">
      <Execution id="a11eda94-9535-4b67-8c3b-72c06295b710" />
      <TestMethod codeBase="/home/runner/work/ai_msp430_emulator/ai_msp430_emulator/tests/MSP430.Emulator.Tests/bin/Release/net8.0/MSP430.Emulator.Tests.dll" adapterTypeName="executor://xunit/VsTestRunner3/netcore/" className="MSP430.Emulator.Tests.Instructions.Arithmetic.DecInstructionTests" name="AddressingModes_AllSupportedModes_ReturnCorrectValues" />
    </UnitTest>
    <UnitTest name="MSP430.Emulator.Tests.Instructions.Arithmetic.DecInstructionTests.Execute_NegativeOverflow_SetsOverflowFlag" storage="/home/runner/work/ai_msp430_emulator/ai_msp430_emulator/tests/msp430.emulator.tests/bin/release/net8.0/msp430.emulator.tests.dll" id="dad19298-1e88-d022-6fab-9b228dd0bad6">
      <Execution id="c57e3c69-5a57-400a-9496-8d9fcc201a69" />
      <TestMethod codeBase="/home/runner/work/ai_msp430_emulator/ai_msp430_emulator/tests/MSP430.Emulator.Tests/bin/Release/net8.0/MSP430.Emulator.Tests.dll" adapterTypeName="executor://xunit/VsTestRunner3/netcore/" className="MSP430.Emulator.Tests.Instructions.Arithmetic.DecInstructionTests" name="Execute_NegativeOverflow_SetsOverflowFlag" />
    </UnitTest>
    <UnitTest name="MSP430.Emulator.Tests.Memory.InformationMemoryTests.ReadWord_UnalignedAddress_ThrowsArgumentException(unalignedAddress: 6145)" storage="/home/runner/work/ai_msp430_emulator/ai_msp430_emulator/tests/msp430.emulator.tests/bin/release/net8.0/msp430.emulator.tests.dll" id="f62559f3-3c83-290d-0bfd-21bf477290a4">
      <Execution id="d93ccdcb-0b11-46ec-94cc-ed680bf3525b" />
      <TestMethod codeBase="/home/runner/work/ai_msp430_emulator/ai_msp430_emulator/tests/MSP430.Emulator.Tests/bin/Release/net8.0/MSP430.Emulator.Tests.dll" adapterTypeName="executor://xunit/VsTestRunner3/netcore/" className="MSP430.Emulator.Tests.Memory.InformationMemoryTests" name="ReadWord_UnalignedAddress_ThrowsArgumentException" />
    </UnitTest>
    <UnitTest name="MSP430.Emulator.Tests.Cpu.RegisterFileTests.ReadRegisterHighByte_ValidRegister_ReturnsCorrectByte(register: R0, fullValue: 4660, expectedHighByte: 18)" storage="/home/runner/work/ai_msp430_emulator/ai_msp430_emulator/tests/msp430.emulator.tests/bin/release/net8.0/msp430.emulator.tests.dll" id="3d90c9ec-9286-68bc-8550-65a8604ea2d1">
      <Execution id="31538958-a291-431f-b5bd-ca6611409c72" />
      <TestMethod codeBase="/home/runner/work/ai_msp430_emulator/ai_msp430_emulator/tests/MSP430.Emulator.Tests/bin/Release/net8.0/MSP430.Emulator.Tests.dll" adapterTypeName="executor://xunit/VsTestRunner3/netcore/" className="MSP430.Emulator.Tests.Cpu.RegisterFileTests" name="ReadRegisterHighByte_ValidRegister_ReturnsCorrectByte" />
    </UnitTest>
    <UnitTest name="MSP430.Emulator.Tests.Memory.InformationMemoryTests.GetSegment_ValidAddresses_ReturnsCorrectSegment(address: 6399, expectedSegment: SegmentC)" storage="/home/runner/work/ai_msp430_emulator/ai_msp430_emulator/tests/msp430.emulator.tests/bin/release/net8.0/msp430.emulator.tests.dll" id="a1429ff3-4fe4-25fd-3da7-7a59640a720d">
      <Execution id="95898a3b-a310-4f4c-8644-893f69ac8e49" />
      <TestMethod codeBase="/home/runner/work/ai_msp430_emulator/ai_msp430_emulator/tests/MSP430.Emulator.Tests/bin/Release/net8.0/MSP430.Emulator.Tests.dll" adapterTypeName="executor://xunit/VsTestRunner3/netcore/" className="MSP430.Emulator.Tests.Memory.InformationMemoryTests" name="GetSegment_ValidAddresses_ReturnsCorrectSegment" />
    </UnitTest>
    <UnitTest name="MSP430.Emulator.Tests.Cpu.StatusRegisterTests.Carry_GetSet_WorksCorrectly(value: 65534, expectedCarry: False)" storage="/home/runner/work/ai_msp430_emulator/ai_msp430_emulator/tests/msp430.emulator.tests/bin/release/net8.0/msp430.emulator.tests.dll" id="0673d42d-08b4-1d86-436b-25bcdc91f72b">
      <Execution id="9b131ccf-afa4-49e3-88d1-b8dfbf45c145" />
      <TestMethod codeBase="/home/runner/work/ai_msp430_emulator/ai_msp430_emulator/tests/MSP430.Emulator.Tests/bin/Release/net8.0/MSP430.Emulator.Tests.dll" adapterTypeName="executor://xunit/VsTestRunner3/netcore/" className="MSP430.Emulator.Tests.Cpu.StatusRegisterTests" name="Carry_GetSet_WorksCorrectly" />
    </UnitTest>
    <UnitTest name="MSP430.Emulator.Tests.Diagnostics.DiagnosticLoggerTests.Constructor_WithNullLogger_ShouldThrowArgumentNullException" storage="/home/runner/work/ai_msp430_emulator/ai_msp430_emulator/tests/msp430.emulator.tests/bin/release/net8.0/msp430.emulator.tests.dll" id="2c429662-4d29-b598-8566-8abe91e6d70b">
      <Execution id="ce607675-3da0-430d-b968-7dc2d79c363c" />
      <TestMethod codeBase="/home/runner/work/ai_msp430_emulator/ai_msp430_emulator/tests/MSP430.Emulator.Tests/bin/Release/net8.0/MSP430.Emulator.Tests.dll" adapterTypeName="executor://xunit/VsTestRunner3/netcore/" className="MSP430.Emulator.Tests.Diagnostics.DiagnosticLoggerTests" name="Constructor_WithNullLogger_ShouldThrowArgumentNullException" />
    </UnitTest>
    <UnitTest name="MSP430.Emulator.Tests.Memory.FlashControllerTests.TryUnlock_WhenProtected_ReturnsFalse(protectionLevel: PermanentlyLocked)" storage="/home/runner/work/ai_msp430_emulator/ai_msp430_emulator/tests/msp430.emulator.tests/bin/release/net8.0/msp430.emulator.tests.dll" id="65b7c71e-f2c3-ed74-cd05-6dd770112ec2">
      <Execution id="662c655d-8d12-4ea8-a697-30fff3869e84" />
      <TestMethod codeBase="/home/runner/work/ai_msp430_emulator/ai_msp430_emulator/tests/MSP430.Emulator.Tests/bin/Release/net8.0/MSP430.Emulator.Tests.dll" adapterTypeName="executor://xunit/VsTestRunner3/netcore/" className="MSP430.Emulator.Tests.Memory.FlashControllerTests" name="TryUnlock_WhenProtected_ReturnsFalse" />
    </UnitTest>
    <UnitTest name="MSP430.Emulator.Tests.Instructions.Logic.AndInstructionTests.DestinationRegister_AllRegisters_ReturnsCorrectRegister(register: R15)" storage="/home/runner/work/ai_msp430_emulator/ai_msp430_emulator/tests/msp430.emulator.tests/bin/release/net8.0/msp430.emulator.tests.dll" id="568c27e4-9f55-58e0-66ce-5e86e6b3bad1">
      <Execution id="6a31e4fe-986b-4d98-9181-d2849eeb05b5" />
      <TestMethod codeBase="/home/runner/work/ai_msp430_emulator/ai_msp430_emulator/tests/MSP430.Emulator.Tests/bin/Release/net8.0/MSP430.Emulator.Tests.dll" adapterTypeName="executor://xunit/VsTestRunner3/netcore/" className="MSP430.Emulator.Tests.Instructions.Logic.AndInstructionTests" name="DestinationRegister_AllRegisters_ReturnsCorrectRegister" />
    </UnitTest>
    <UnitTest name="MSP430.Emulator.Tests.Memory.InformationMemoryTests.ReadWord_ValidAddress_ReturnsErasedValue" storage="/home/runner/work/ai_msp430_emulator/ai_msp430_emulator/tests/msp430.emulator.tests/bin/release/net8.0/msp430.emulator.tests.dll" id="220a2b90-8dc0-de88-b2ba-dd7d4398f71a">
      <Execution id="03736daf-14fe-437d-842a-27d358b2d58c" />
      <TestMethod codeBase="/home/runner/work/ai_msp430_emulator/ai_msp430_emulator/tests/MSP430.Emulator.Tests/bin/Release/net8.0/MSP430.Emulator.Tests.dll" adapterTypeName="executor://xunit/VsTestRunner3/netcore/" className="MSP430.Emulator.Tests.Memory.InformationMemoryTests" name="ReadWord_ValidAddress_ReturnsErasedValue" />
    </UnitTest>
    <UnitTest name="MSP430.Emulator.Tests.Memory.MemoryControllerTests.FetchInstruction_ValidAddress_ReturnsInstruction(address: 16384)" storage="/home/runner/work/ai_msp430_emulator/ai_msp430_emulator/tests/msp430.emulator.tests/bin/release/net8.0/msp430.emulator.tests.dll" id="b4f87ef8-bc9f-4c70-6b2a-58af3bb26e40">
      <Execution id="8992780d-e376-479e-ae18-ec61c87087bb" />
      <TestMethod codeBase="/home/runner/work/ai_msp430_emulator/ai_msp430_emulator/tests/MSP430.Emulator.Tests/bin/Release/net8.0/MSP430.Emulator.Tests.dll" adapterTypeName="executor://xunit/VsTestRunner3/netcore/" className="MSP430.Emulator.Tests.Memory.MemoryControllerTests" name="FetchInstruction_ValidAddress_ReturnsInstruction" />
    </UnitTest>
    <UnitTest name="MSP430.Emulator.Tests.Instructions.Logic.BitInstructionTests.Constructor_ValidParameters_CreatesInstruction" storage="/home/runner/work/ai_msp430_emulator/ai_msp430_emulator/tests/msp430.emulator.tests/bin/release/net8.0/msp430.emulator.tests.dll" id="f29cbd33-7dc1-a00f-0357-0a788738a978">
      <Execution id="1f17eed5-16cb-4003-b9ca-fe83b1e30f4f" />
      <TestMethod codeBase="/home/runner/work/ai_msp430_emulator/ai_msp430_emulator/tests/MSP430.Emulator.Tests/bin/Release/net8.0/MSP430.Emulator.Tests.dll" adapterTypeName="executor://xunit/VsTestRunner3/netcore/" className="MSP430.Emulator.Tests.Instructions.Logic.BitInstructionTests" name="Constructor_ValidParameters_CreatesInstruction" />
    </UnitTest>
    <UnitTest name="MSP430.Emulator.Tests.Instructions.AddressingModeDecoderTests.DecodeSourceAddressingMode_GeneralPurposeRegisters_ReturnsCorrectMode(register: R4, asBits: 0, expected: Register)" storage="/home/runner/work/ai_msp430_emulator/ai_msp430_emulator/tests/msp430.emulator.tests/bin/release/net8.0/msp430.emulator.tests.dll" id="9433fcbc-4e13-f2ad-3a70-ef0f92b529cf">
      <Execution id="fe5e24cf-26de-4660-bfed-e3cd97d2f1a7" />
      <TestMethod codeBase="/home/runner/work/ai_msp430_emulator/ai_msp430_emulator/tests/MSP430.Emulator.Tests/bin/Release/net8.0/MSP430.Emulator.Tests.dll" adapterTypeName="executor://xunit/VsTestRunner3/netcore/" className="MSP430.Emulator.Tests.Instructions.AddressingModeDecoderTests" name="DecodeSourceAddressingMode_GeneralPurposeRegisters_ReturnsCorrectMode" />
    </UnitTest>
    <UnitTest name="MSP430.Emulator.Tests.Instructions.Arithmetic.IncInstructionTests.ToString_VariousAddressingModes_FormatsCorrectly(register: R0, mode: Register, expectedOperand: &quot;R0&quot;)" storage="/home/runner/work/ai_msp430_emulator/ai_msp430_emulator/tests/msp430.emulator.tests/bin/release/net8.0/msp430.emulator.tests.dll" id="2e8d4d9e-2bdd-b4b2-0192-d540ae131945">
      <Execution id="d436f3ef-7b7d-40bb-8772-034da3034a3f" />
      <TestMethod codeBase="/home/runner/work/ai_msp430_emulator/ai_msp430_emulator/tests/MSP430.Emulator.Tests/bin/Release/net8.0/MSP430.Emulator.Tests.dll" adapterTypeName="executor://xunit/VsTestRunner3/netcore/" className="MSP430.Emulator.Tests.Instructions.Arithmetic.IncInstructionTests" name="ToString_VariousAddressingModes_FormatsCorrectly" />
    </UnitTest>
    <UnitTest name="MSP430.Emulator.Tests.Memory.InformationMemoryTests.GetSegmentInfo_ReturnsCorrectSegmentInfo(segment: SegmentA, expectedStart: 6528, expectedEnd: 6655, expectedProtection: True)" storage="/home/runner/work/ai_msp430_emulator/ai_msp430_emulator/tests/msp430.emulator.tests/bin/release/net8.0/msp430.emulator.tests.dll" id="e4e764ce-c8ce-ac4d-ee25-8bc9b0cf6ac1">
      <Execution id="f641127f-176c-4d02-a7bd-67bec0b78366" />
      <TestMethod codeBase="/home/runner/work/ai_msp430_emulator/ai_msp430_emulator/tests/MSP430.Emulator.Tests/bin/Release/net8.0/MSP430.Emulator.Tests.dll" adapterTypeName="executor://xunit/VsTestRunner3/netcore/" className="MSP430.Emulator.Tests.Memory.InformationMemoryTests" name="GetSegmentInfo_ReturnsCorrectSegmentInfo" />
    </UnitTest>
    <UnitTest name="MSP430.Emulator.Tests.Instructions.Logic.BisInstructionTests.ExtensionWordCount_VariousAddressingModes_ReturnsCorrectCount(sourceMode: Register, destMode: Indexed, expectedCount: 1)" storage="/home/runner/work/ai_msp430_emulator/ai_msp430_emulator/tests/msp430.emulator.tests/bin/release/net8.0/msp430.emulator.tests.dll" id="9b3376f9-28b8-0dd1-e9a8-fd83f3d9d144">
      <Execution id="76e7efdf-133b-4fee-a5bf-9e197c46f15d" />
      <TestMethod codeBase="/home/runner/work/ai_msp430_emulator/ai_msp430_emulator/tests/MSP430.Emulator.Tests/bin/Release/net8.0/MSP430.Emulator.Tests.dll" adapterTypeName="executor://xunit/VsTestRunner3/netcore/" className="MSP430.Emulator.Tests.Instructions.Logic.BisInstructionTests" name="ExtensionWordCount_VariousAddressingModes_ReturnsCorrectCount" />
    </UnitTest>
    <UnitTest name="MSP430.Emulator.Tests.Cpu.StatusRegisterTests.SystemClockGenerator0_GetSet_WorksCorrectly(value: 64, expected: True)" storage="/home/runner/work/ai_msp430_emulator/ai_msp430_emulator/tests/msp430.emulator.tests/bin/release/net8.0/msp430.emulator.tests.dll" id="5d87f513-ed3a-2346-e8f9-bc9d848b2e37">
      <Execution id="8da1a9b3-7a95-445a-ba77-d48ea5dfca66" />
      <TestMethod codeBase="/home/runner/work/ai_msp430_emulator/ai_msp430_emulator/tests/MSP430.Emulator.Tests/bin/Release/net8.0/MSP430.Emulator.Tests.dll" adapterTypeName="executor://xunit/VsTestRunner3/netcore/" className="MSP430.Emulator.Tests.Cpu.StatusRegisterTests" name="SystemClockGenerator0_GetSet_WorksCorrectly" />
    </UnitTest>
    <UnitTest name="MSP430.Emulator.Tests.Instructions.Arithmetic.IncInstructionTests.AddressingModes_AllSupportedModes_ReturnCorrectValues(mode: Symbolic)" storage="/home/runner/work/ai_msp430_emulator/ai_msp430_emulator/tests/msp430.emulator.tests/bin/release/net8.0/msp430.emulator.tests.dll" id="498d11f3-51c3-6c65-aeb8-10a4edf6d6be">
      <Execution id="a4ff8fdf-2f16-4148-a2e5-44b25f188e5e" />
      <TestMethod codeBase="/home/runner/work/ai_msp430_emulator/ai_msp430_emulator/tests/MSP430.Emulator.Tests/bin/Release/net8.0/MSP430.Emulator.Tests.dll" adapterTypeName="executor://xunit/VsTestRunner3/netcore/" className="MSP430.Emulator.Tests.Instructions.Arithmetic.IncInstructionTests" name="AddressingModes_AllSupportedModes_ReturnCorrectValues" />
    </UnitTest>
    <UnitTest name="MSP430.Emulator.Tests.Instructions.Logic.AndInstructionTests.SourceRegister_AllRegisters_ReturnsCorrectRegister(register: R1)" storage="/home/runner/work/ai_msp430_emulator/ai_msp430_emulator/tests/msp430.emulator.tests/bin/release/net8.0/msp430.emulator.tests.dll" id="d46b2740-4ac0-c39b-39d2-44a105ae01c7">
      <Execution id="3924dba9-b590-4c98-b872-19dd7c1f9c96" />
      <TestMethod codeBase="/home/runner/work/ai_msp430_emulator/ai_msp430_emulator/tests/MSP430.Emulator.Tests/bin/Release/net8.0/MSP430.Emulator.Tests.dll" adapterTypeName="executor://xunit/VsTestRunner3/netcore/" className="MSP430.Emulator.Tests.Instructions.Logic.AndInstructionTests" name="SourceRegister_AllRegisters_ReturnsCorrectRegister" />
    </UnitTest>
    <UnitTest name="MSP430.Emulator.Tests.Memory.FlashMemoryTests.ReadWord_UnalignedAddress_ThrowsArgumentException(unalignedAddress: 32771)" storage="/home/runner/work/ai_msp430_emulator/ai_msp430_emulator/tests/msp430.emulator.tests/bin/release/net8.0/msp430.emulator.tests.dll" id="5e18e15c-9529-a0ca-a240-4cfce69b4c43">
      <Execution id="800d49cf-8f72-4f5e-b9c5-185754256519" />
      <TestMethod codeBase="/home/runner/work/ai_msp430_emulator/ai_msp430_emulator/tests/MSP430.Emulator.Tests/bin/Release/net8.0/MSP430.Emulator.Tests.dll" adapterTypeName="executor://xunit/VsTestRunner3/netcore/" className="MSP430.Emulator.Tests.Memory.FlashMemoryTests" name="ReadWord_UnalignedAddress_ThrowsArgumentException" />
    </UnitTest>
    <UnitTest name="MSP430.Emulator.Tests.Instructions.InstructionDecoderTests.Decode_ValidFormatII_ByteOperation_ReturnsCorrectInstruction" storage="/home/runner/work/ai_msp430_emulator/ai_msp430_emulator/tests/msp430.emulator.tests/bin/release/net8.0/msp430.emulator.tests.dll" id="214022f0-5361-8846-e60b-6abe1fd900a2">
      <Execution id="f24a2e79-4268-4b66-8c47-8426b8224396" />
      <TestMethod codeBase="/home/runner/work/ai_msp430_emulator/ai_msp430_emulator/tests/MSP430.Emulator.Tests/bin/Release/net8.0/MSP430.Emulator.Tests.dll" adapterTypeName="executor://xunit/VsTestRunner3/netcore/" className="MSP430.Emulator.Tests.Instructions.InstructionDecoderTests" name="Decode_ValidFormatII_ByteOperation_ReturnsCorrectInstruction" />
    </UnitTest>
    <UnitTest name="MSP430.Emulator.Tests.Memory.MemoryControllerTests.Constructor_NullInformationMemory_ThrowsArgumentNullException" storage="/home/runner/work/ai_msp430_emulator/ai_msp430_emulator/tests/msp430.emulator.tests/bin/release/net8.0/msp430.emulator.tests.dll" id="8b919def-4497-0049-ff96-1fff641cf68f">
      <Execution id="94ed0356-31d1-4d8a-8a04-0f4021596e57" />
      <TestMethod codeBase="/home/runner/work/ai_msp430_emulator/ai_msp430_emulator/tests/MSP430.Emulator.Tests/bin/Release/net8.0/MSP430.Emulator.Tests.dll" adapterTypeName="executor://xunit/VsTestRunner3/netcore/" className="MSP430.Emulator.Tests.Memory.MemoryControllerTests" name="Constructor_NullInformationMemory_ThrowsArgumentNullException" />
    </UnitTest>
    <UnitTest name="MSP430.Emulator.Tests.Cpu.RegisterFileTests.ReadRegister_ValidRegister_ReturnsZeroAfterReset(register: R12)" storage="/home/runner/work/ai_msp430_emulator/ai_msp430_emulator/tests/msp430.emulator.tests/bin/release/net8.0/msp430.emulator.tests.dll" id="47364c08-9872-f0e1-3f2d-6e4edbe6695a">
      <Execution id="98f6c558-d924-44eb-bd91-1c9aa1a165f7" />
      <TestMethod codeBase="/home/runner/work/ai_msp430_emulator/ai_msp430_emulator/tests/MSP430.Emulator.Tests/bin/Release/net8.0/MSP430.Emulator.Tests.dll" adapterTypeName="executor://xunit/VsTestRunner3/netcore/" className="MSP430.Emulator.Tests.Cpu.RegisterFileTests" name="ReadRegister_ValidRegister_ReturnsZeroAfterReset" />
    </UnitTest>
    <UnitTest name="MSP430.Emulator.Tests.Logging.FileLoggerTests.Debug_WritesToFile" storage="/home/runner/work/ai_msp430_emulator/ai_msp430_emulator/tests/msp430.emulator.tests/bin/release/net8.0/msp430.emulator.tests.dll" id="694341c4-7f71-ad6a-4c7c-120f5c8fdb77">
      <Execution id="3062ec07-8c31-4a52-8212-4ad9de491756" />
      <TestMethod codeBase="/home/runner/work/ai_msp430_emulator/ai_msp430_emulator/tests/MSP430.Emulator.Tests/bin/Release/net8.0/MSP430.Emulator.Tests.dll" adapterTypeName="executor://xunit/VsTestRunner3/netcore/" className="MSP430.Emulator.Tests.Logging.FileLoggerTests" name="Debug_WritesToFile" />
    </UnitTest>
    <UnitTest name="MSP430.Emulator.Tests.Core.ExecutionStateTests.ExecutionStateManager_Constructor_InitializesToResetState" storage="/home/runner/work/ai_msp430_emulator/ai_msp430_emulator/tests/msp430.emulator.tests/bin/release/net8.0/msp430.emulator.tests.dll" id="57d9c5a1-5c5d-8c03-710f-952d8b55ed21">
      <Execution id="a2ef593e-c746-44e9-9baf-6659e54dd45b" />
      <TestMethod codeBase="/home/runner/work/ai_msp430_emulator/ai_msp430_emulator/tests/MSP430.Emulator.Tests/bin/Release/net8.0/MSP430.Emulator.Tests.dll" adapterTypeName="executor://xunit/VsTestRunner3/netcore/" className="MSP430.Emulator.Tests.Core.ExecutionStateTests" name="ExecutionStateManager_Constructor_InitializesToResetState" />
    </UnitTest>
    <UnitTest name="MSP430.Emulator.Tests.Instructions.AddressingModeDecoderTests.DecodeDestinationAddressingMode_R2_ReturnsCorrectMode(adBit: True, expected: Absolute)" storage="/home/runner/work/ai_msp430_emulator/ai_msp430_emulator/tests/msp430.emulator.tests/bin/release/net8.0/msp430.emulator.tests.dll" id="a102bbd6-99f5-63e7-40a9-15691b71a5c4">
      <Execution id="84f37b39-43e4-4b51-98fa-d63d78aa1397" />
      <TestMethod codeBase="/home/runner/work/ai_msp430_emulator/ai_msp430_emulator/tests/MSP430.Emulator.Tests/bin/Release/net8.0/MSP430.Emulator.Tests.dll" adapterTypeName="executor://xunit/VsTestRunner3/netcore/" className="MSP430.Emulator.Tests.Instructions.AddressingModeDecoderTests" name="DecodeDestinationAddressingMode_R2_ReturnsCorrectMode" />
    </UnitTest>
    <UnitTest name="MSP430.Emulator.Tests.Instructions.AddressingModeDecoderTests.DecodeSourceAddressingMode_R2_ReturnsCorrectMode(asBits: 0, expected: Register)" storage="/home/runner/work/ai_msp430_emulator/ai_msp430_emulator/tests/msp430.emulator.tests/bin/release/net8.0/msp430.emulator.tests.dll" id="74360b7c-7696-5c84-b47b-bc86d49726f7">
      <Execution id="bf57dced-bb80-4b88-8bb4-811b9e01591f" />
      <TestMethod codeBase="/home/runner/work/ai_msp430_emulator/ai_msp430_emulator/tests/MSP430.Emulator.Tests/bin/Release/net8.0/MSP430.Emulator.Tests.dll" adapterTypeName="executor://xunit/VsTestRunner3/netcore/" className="MSP430.Emulator.Tests.Instructions.AddressingModeDecoderTests" name="DecodeSourceAddressingMode_R2_ReturnsCorrectMode" />
    </UnitTest>
    <UnitTest name="MSP430.Emulator.Tests.Memory.InformationMemoryTests.GetSegmentInfo_ReturnsCorrectSegmentInfo(segment: SegmentB, expectedStart: 6400, expectedEnd: 6527, expectedProtection: False)" storage="/home/runner/work/ai_msp430_emulator/ai_msp430_emulator/tests/msp430.emulator.tests/bin/release/net8.0/msp430.emulator.tests.dll" id="4f76d140-50cf-3158-8b15-3fa5fb4528bb">
      <Execution id="100dbe03-abd1-4282-b14e-276923115823" />
      <TestMethod codeBase="/home/runner/work/ai_msp430_emulator/ai_msp430_emulator/tests/MSP430.Emulator.Tests/bin/Release/net8.0/MSP430.Emulator.Tests.dll" adapterTypeName="executor://xunit/VsTestRunner3/netcore/" className="MSP430.Emulator.Tests.Memory.InformationMemoryTests" name="GetSegmentInfo_ReturnsCorrectSegmentInfo" />
    </UnitTest>
    <UnitTest name="MSP430.Emulator.Tests.Memory.MemoryControllerTests.ValidateAccess_NullContext_ThrowsArgumentNullException" storage="/home/runner/work/ai_msp430_emulator/ai_msp430_emulator/tests/msp430.emulator.tests/bin/release/net8.0/msp430.emulator.tests.dll" id="e1f8afb2-a75a-ce46-15e0-ebd8142bb80d">
      <Execution id="46fd7291-f04c-4aac-b483-0f203132ed79" />
      <TestMethod codeBase="/home/runner/work/ai_msp430_emulator/ai_msp430_emulator/tests/MSP430.Emulator.Tests/bin/Release/net8.0/MSP430.Emulator.Tests.dll" adapterTypeName="executor://xunit/VsTestRunner3/netcore/" className="MSP430.Emulator.Tests.Memory.MemoryControllerTests" name="ValidateAccess_NullContext_ThrowsArgumentNullException" />
    </UnitTest>
    <UnitTest name="MSP430.Emulator.Tests.Instructions.Logic.BisInstructionTests.ExtensionWordCount_VariousAddressingModes_ReturnsCorrectCount(sourceMode: Register, destMode: Symbolic, expectedCount: 1)" storage="/home/runner/work/ai_msp430_emulator/ai_msp430_emulator/tests/msp430.emulator.tests/bin/release/net8.0/msp430.emulator.tests.dll" id="414cd0ec-033c-a02e-1355-67f96caf8f3b">
      <Execution id="7f6bd275-f661-405b-8c83-a3be88d124db" />
      <TestMethod codeBase="/home/runner/work/ai_msp430_emulator/ai_msp430_emulator/tests/MSP430.Emulator.Tests/bin/Release/net8.0/MSP430.Emulator.Tests.dll" adapterTypeName="executor://xunit/VsTestRunner3/netcore/" className="MSP430.Emulator.Tests.Instructions.Logic.BisInstructionTests" name="ExtensionWordCount_VariousAddressingModes_ReturnsCorrectCount" />
    </UnitTest>
    <UnitTest name="MSP430.Emulator.Tests.Memory.FlashControllerTests.StateTransitions_LogCorrectMessages" storage="/home/runner/work/ai_msp430_emulator/ai_msp430_emulator/tests/msp430.emulator.tests/bin/release/net8.0/msp430.emulator.tests.dll" id="019ca72a-b3d0-b631-6d04-d41563a68254">
      <Execution id="116ee921-a871-4088-887e-2c695edc5ab7" />
      <TestMethod codeBase="/home/runner/work/ai_msp430_emulator/ai_msp430_emulator/tests/MSP430.Emulator.Tests/bin/Release/net8.0/MSP430.Emulator.Tests.dll" adapterTypeName="executor://xunit/VsTestRunner3/netcore/" className="MSP430.Emulator.Tests.Memory.FlashControllerTests" name="StateTransitions_LogCorrectMessages" />
    </UnitTest>
    <UnitTest name="MSP430.Emulator.Tests.Instructions.AddressingModeDecoderTests.GetConstantGeneratorValue_ValidAsBits_ReturnsCorrectConstant(asBits: 3, expected: 65535)" storage="/home/runner/work/ai_msp430_emulator/ai_msp430_emulator/tests/msp430.emulator.tests/bin/release/net8.0/msp430.emulator.tests.dll" id="77dbcffa-7f17-e355-6e0d-649f5c724812">
      <Execution id="c670211b-d055-4870-9bf9-b62fb1a405e4" />
      <TestMethod codeBase="/home/runner/work/ai_msp430_emulator/ai_msp430_emulator/tests/MSP430.Emulator.Tests/bin/Release/net8.0/MSP430.Emulator.Tests.dll" adapterTypeName="executor://xunit/VsTestRunner3/netcore/" className="MSP430.Emulator.Tests.Instructions.AddressingModeDecoderTests" name="GetConstantGeneratorValue_ValidAsBits_ReturnsCorrectConstant" />
    </UnitTest>
    <UnitTest name="MSP430.Emulator.Tests.Cpu.StatusRegisterTests.OscillatorOff_GetSet_WorksCorrectly(value: 65503, expected: False)" storage="/home/runner/work/ai_msp430_emulator/ai_msp430_emulator/tests/msp430.emulator.tests/bin/release/net8.0/msp430.emulator.tests.dll" id="8f3be8a9-ac34-e92b-9af9-5865a79943df">
      <Execution id="635120ad-5873-40ca-aefa-56bff8a0de7b" />
      <TestMethod codeBase="/home/runner/work/ai_msp430_emulator/ai_msp430_emulator/tests/MSP430.Emulator.Tests/bin/Release/net8.0/MSP430.Emulator.Tests.dll" adapterTypeName="executor://xunit/VsTestRunner3/netcore/" className="MSP430.Emulator.Tests.Cpu.StatusRegisterTests" name="OscillatorOff_GetSet_WorksCorrectly" />
    </UnitTest>
    <UnitTest name="MSP430.Emulator.Tests.Cpu.RegisterFileTests.GetStackPointer_ReturnsR1Value" storage="/home/runner/work/ai_msp430_emulator/ai_msp430_emulator/tests/msp430.emulator.tests/bin/release/net8.0/msp430.emulator.tests.dll" id="5155445a-1aa9-10c6-b351-25838e197ea8">
      <Execution id="de50953f-365d-4e89-8cbd-c83b24dd683b" />
      <TestMethod codeBase="/home/runner/work/ai_msp430_emulator/ai_msp430_emulator/tests/MSP430.Emulator.Tests/bin/Release/net8.0/MSP430.Emulator.Tests.dll" adapterTypeName="executor://xunit/VsTestRunner3/netcore/" className="MSP430.Emulator.Tests.Cpu.RegisterFileTests" name="GetStackPointer_ReturnsR1Value" />
    </UnitTest>
    <UnitTest name="MSP430.Emulator.Tests.Instructions.InstructionDecoderTests.Decode_ValidFormatIII_ReturnsFormatIIIInstruction" storage="/home/runner/work/ai_msp430_emulator/ai_msp430_emulator/tests/msp430.emulator.tests/bin/release/net8.0/msp430.emulator.tests.dll" id="248baad8-226b-bfb3-1530-9d4951e67b14">
      <Execution id="b0680b1f-074e-44e2-bf74-0a1c76fee812" />
      <TestMethod codeBase="/home/runner/work/ai_msp430_emulator/ai_msp430_emulator/tests/MSP430.Emulator.Tests/bin/Release/net8.0/MSP430.Emulator.Tests.dll" adapterTypeName="executor://xunit/VsTestRunner3/netcore/" className="MSP430.Emulator.Tests.Instructions.InstructionDecoderTests" name="Decode_ValidFormatIII_ReturnsFormatIIIInstruction" />
    </UnitTest>
    <UnitTest name="MSP430.Emulator.Tests.Instructions.Logic.AndInstructionTests.ExtensionWordCount_VariousAddressingModes_ReturnsCorrectCount(sourceMode: Register, destMode: Absolute, expectedCount: 1)" storage="/home/runner/work/ai_msp430_emulator/ai_msp430_emulator/tests/msp430.emulator.tests/bin/release/net8.0/msp430.emulator.tests.dll" id="a6f5fd84-d7f4-eff0-f315-3bef5d254350">
      <Execution id="5e38b1ab-5908-4f67-b621-6c553fd82684" />
      <TestMethod codeBase="/home/runner/work/ai_msp430_emulator/ai_msp430_emulator/tests/MSP430.Emulator.Tests/bin/Release/net8.0/MSP430.Emulator.Tests.dll" adapterTypeName="executor://xunit/VsTestRunner3/netcore/" className="MSP430.Emulator.Tests.Instructions.Logic.AndInstructionTests" name="ExtensionWordCount_VariousAddressingModes_ReturnsCorrectCount" />
    </UnitTest>
    <UnitTest name="MSP430.Emulator.Tests.Memory.MemoryControllerTests.WriteByte_ValidAddress_WritesSuccessfully(address: 6144, value: 85)" storage="/home/runner/work/ai_msp430_emulator/ai_msp430_emulator/tests/msp430.emulator.tests/bin/release/net8.0/msp430.emulator.tests.dll" id="a03bfb5e-2d1c-2036-703f-9e65504ab2b1">
      <Execution id="4643f53f-e3c4-40c4-a044-26dba935f708" />
      <TestMethod codeBase="/home/runner/work/ai_msp430_emulator/ai_msp430_emulator/tests/MSP430.Emulator.Tests/bin/Release/net8.0/MSP430.Emulator.Tests.dll" adapterTypeName="executor://xunit/VsTestRunner3/netcore/" className="MSP430.Emulator.Tests.Memory.MemoryControllerTests" name="WriteByte_ValidAddress_WritesSuccessfully" />
    </UnitTest>
    <UnitTest name="MSP430.Emulator.Tests.Instructions.AddressingModeDecoderTests.IsValidRegister_VariousValues_ReturnsCorrectResult(registerBits: 255, expected: False)" storage="/home/runner/work/ai_msp430_emulator/ai_msp430_emulator/tests/msp430.emulator.tests/bin/release/net8.0/msp430.emulator.tests.dll" id="5e12aae9-418e-3848-ef94-57347ec93b20">
      <Execution id="f8d9e371-9f13-4932-9755-ba10f42d4ef1" />
      <TestMethod codeBase="/home/runner/work/ai_msp430_emulator/ai_msp430_emulator/tests/MSP430.Emulator.Tests/bin/Release/net8.0/MSP430.Emulator.Tests.dll" adapterTypeName="executor://xunit/VsTestRunner3/netcore/" className="MSP430.Emulator.Tests.Instructions.AddressingModeDecoderTests" name="IsValidRegister_VariousValues_ReturnsCorrectResult" />
    </UnitTest>
    <UnitTest name="MSP430.Emulator.Tests.Instructions.Arithmetic.SubInstructionTests.ExtensionWordCount_VariousAddressingModes_ReturnsCorrectCount(sourceMode: Absolute, destMode: Register, expectedCount: 1)" storage="/home/runner/work/ai_msp430_emulator/ai_msp430_emulator/tests/msp430.emulator.tests/bin/release/net8.0/msp430.emulator.tests.dll" id="d89d3283-980e-ca87-60a1-7a677e2f0988">
      <Execution id="3f7c48f7-b2af-4db2-a428-3fa752b0defa" />
      <TestMethod codeBase="/home/runner/work/ai_msp430_emulator/ai_msp430_emulator/tests/MSP430.Emulator.Tests/bin/Release/net8.0/MSP430.Emulator.Tests.dll" adapterTypeName="executor://xunit/VsTestRunner3/netcore/" className="MSP430.Emulator.Tests.Instructions.Arithmetic.SubInstructionTests" name="ExtensionWordCount_VariousAddressingModes_ReturnsCorrectCount" />
    </UnitTest>
    <UnitTest name="MSP430.Emulator.Tests.Instructions.Logic.BitInstructionTests.ToString_VariousAddressingModes_FormatsCorrectly(mode: Indexed, expectedOperand: &quot;X(R1)&quot;)" storage="/home/runner/work/ai_msp430_emulator/ai_msp430_emulator/tests/msp430.emulator.tests/bin/release/net8.0/msp430.emulator.tests.dll" id="b0ec86ad-999f-b4b1-dcfd-a57868dce0b3">
      <Execution id="f63136bd-dffc-4d0a-b444-855c677e4482" />
      <TestMethod codeBase="/home/runner/work/ai_msp430_emulator/ai_msp430_emulator/tests/MSP430.Emulator.Tests/bin/Release/net8.0/MSP430.Emulator.Tests.dll" adapterTypeName="executor://xunit/VsTestRunner3/netcore/" className="MSP430.Emulator.Tests.Instructions.Logic.BitInstructionTests" name="ToString_VariousAddressingModes_FormatsCorrectly" />
    </UnitTest>
    <UnitTest name="MSP430.Emulator.Tests.Cpu.StatusRegisterTests.UpdateFlagsAfterSubtraction_EdgeCases_HandlesCorrectly" storage="/home/runner/work/ai_msp430_emulator/ai_msp430_emulator/tests/msp430.emulator.tests/bin/release/net8.0/msp430.emulator.tests.dll" id="c9197688-8869-27cc-8359-52e0ecbd9881">
      <Execution id="d0fe308e-d715-4bdc-a7a1-db8d453f7a93" />
      <TestMethod codeBase="/home/runner/work/ai_msp430_emulator/ai_msp430_emulator/tests/MSP430.Emulator.Tests/bin/Release/net8.0/MSP430.Emulator.Tests.dll" adapterTypeName="executor://xunit/VsTestRunner3/netcore/" className="MSP430.Emulator.Tests.Cpu.StatusRegisterTests" name="UpdateFlagsAfterSubtraction_EdgeCases_HandlesCorrectly" />
    </UnitTest>
    <UnitTest name="MSP430.Emulator.Tests.Memory.InformationMemoryTests.GetSegment_InvalidAddresses_ThrowsArgumentOutOfRangeException(invalidAddress: 65535)" storage="/home/runner/work/ai_msp430_emulator/ai_msp430_emulator/tests/msp430.emulator.tests/bin/release/net8.0/msp430.emulator.tests.dll" id="29f73779-8168-02f9-1348-5abab0632d20">
      <Execution id="0dfe6ba7-fcac-4594-99e8-255b1c793817" />
      <TestMethod codeBase="/home/runner/work/ai_msp430_emulator/ai_msp430_emulator/tests/MSP430.Emulator.Tests/bin/Release/net8.0/MSP430.Emulator.Tests.dll" adapterTypeName="executor://xunit/VsTestRunner3/netcore/" className="MSP430.Emulator.Tests.Memory.InformationMemoryTests" name="GetSegment_InvalidAddresses_ThrowsArgumentOutOfRangeException" />
    </UnitTest>
    <UnitTest name="MSP430.Emulator.Tests.Memory.RandomAccessMemoryTests.Constructor_ValidSizes_CreatesMemory(validSize: 512)" storage="/home/runner/work/ai_msp430_emulator/ai_msp430_emulator/tests/msp430.emulator.tests/bin/release/net8.0/msp430.emulator.tests.dll" id="f0a52064-017b-fa2b-02c1-89efc20e3ff8">
      <Execution id="d1653835-2496-46a7-9938-696941e85a99" />
      <TestMethod codeBase="/home/runner/work/ai_msp430_emulator/ai_msp430_emulator/tests/MSP430.Emulator.Tests/bin/Release/net8.0/MSP430.Emulator.Tests.dll" adapterTypeName="executor://xunit/VsTestRunner3/netcore/" className="MSP430.Emulator.Tests.Memory.RandomAccessMemoryTests" name="Constructor_ValidSizes_CreatesMemory" />
    </UnitTest>
    <UnitTest name="MSP430.Emulator.Tests.Instructions.Arithmetic.IncInstructionTests.Properties_DifferentRegisters_ReturnCorrectDestination(expected: R8, other: CG1)" storage="/home/runner/work/ai_msp430_emulator/ai_msp430_emulator/tests/msp430.emulator.tests/bin/release/net8.0/msp430.emulator.tests.dll" id="a3b7bc08-80e2-55ea-b460-1f28ab30b249">
      <Execution id="d4dee1bb-1cef-40b7-a65c-990b23701472" />
      <TestMethod codeBase="/home/runner/work/ai_msp430_emulator/ai_msp430_emulator/tests/MSP430.Emulator.Tests/bin/Release/net8.0/MSP430.Emulator.Tests.dll" adapterTypeName="executor://xunit/VsTestRunner3/netcore/" className="MSP430.Emulator.Tests.Instructions.Arithmetic.IncInstructionTests" name="Properties_DifferentRegisters_ReturnCorrectDestination" />
    </UnitTest>
    <UnitTest name="MSP430.Emulator.Tests.Instructions.Arithmetic.CmpInstructionTests.ExtensionWordCount_VariousAddressingModes_ReturnsCorrectCount(sourceMode: Indexed, destMode: Register, expectedCount: 1)" storage="/home/runner/work/ai_msp430_emulator/ai_msp430_emulator/tests/msp430.emulator.tests/bin/release/net8.0/msp430.emulator.tests.dll" id="adaabc1b-7eef-31f2-fc73-837b0ae276a8">
      <Execution id="4a318eb9-c666-4092-aa14-cb59736fc0d7" />
      <TestMethod codeBase="/home/runner/work/ai_msp430_emulator/ai_msp430_emulator/tests/MSP430.Emulator.Tests/bin/Release/net8.0/MSP430.Emulator.Tests.dll" adapterTypeName="executor://xunit/VsTestRunner3/netcore/" className="MSP430.Emulator.Tests.Instructions.Arithmetic.CmpInstructionTests" name="ExtensionWordCount_VariousAddressingModes_ReturnsCorrectCount" />
    </UnitTest>
    <UnitTest name="MSP430.Emulator.Tests.Instructions.Logic.XorInstructionTests.ToString_VariousAddressingModes_FormatsCorrectly(mode: IndirectAutoIncrement, expectedOperand: &quot;@R1+&quot;)" storage="/home/runner/work/ai_msp430_emulator/ai_msp430_emulator/tests/msp430.emulator.tests/bin/release/net8.0/msp430.emulator.tests.dll" id="adafaec0-48a6-6a5b-a783-5844b3566e4a">
      <Execution id="202ecf45-61cb-4ed4-bf38-e9720b73a2a0" />
      <TestMethod codeBase="/home/runner/work/ai_msp430_emulator/ai_msp430_emulator/tests/MSP430.Emulator.Tests/bin/Release/net8.0/MSP430.Emulator.Tests.dll" adapterTypeName="executor://xunit/VsTestRunner3/netcore/" className="MSP430.Emulator.Tests.Instructions.Logic.XorInstructionTests" name="ToString_VariousAddressingModes_FormatsCorrectly" />
    </UnitTest>
    <UnitTest name="MSP430.Emulator.Tests.Memory.RandomAccessMemoryTests.IsRangeInBounds_VariousRanges_ReturnsExpectedResult(startAddress: 8192, length: 0, expected: False)" storage="/home/runner/work/ai_msp430_emulator/ai_msp430_emulator/tests/msp430.emulator.tests/bin/release/net8.0/msp430.emulator.tests.dll" id="1a785c28-8ecf-00e2-ec0b-6af65e18caeb">
      <Execution id="eec7736f-e21c-4cd6-a652-b0f8f21250ef" />
      <TestMethod codeBase="/home/runner/work/ai_msp430_emulator/ai_msp430_emulator/tests/MSP430.Emulator.Tests/bin/Release/net8.0/MSP430.Emulator.Tests.dll" adapterTypeName="executor://xunit/VsTestRunner3/netcore/" className="MSP430.Emulator.Tests.Memory.RandomAccessMemoryTests" name="IsRangeInBounds_VariousRanges_ReturnsExpectedResult" />
    </UnitTest>
    <UnitTest name="MSP430.Emulator.Tests.Instructions.Arithmetic.IncInstructionTests.Execute_IndirectMode_IncrementsMemoryValueAtRegisterAddress" storage="/home/runner/work/ai_msp430_emulator/ai_msp430_emulator/tests/msp430.emulator.tests/bin/release/net8.0/msp430.emulator.tests.dll" id="216abf83-a3e3-7f3e-f479-2a4b302c74ee">
      <Execution id="768096bd-51f3-4668-b846-d8bbe6e72296" />
      <TestMethod codeBase="/home/runner/work/ai_msp430_emulator/ai_msp430_emulator/tests/MSP430.Emulator.Tests/bin/Release/net8.0/MSP430.Emulator.Tests.dll" adapterTypeName="executor://xunit/VsTestRunner3/netcore/" className="MSP430.Emulator.Tests.Instructions.Arithmetic.IncInstructionTests" name="Execute_IndirectMode_IncrementsMemoryValueAtRegisterAddress" />
    </UnitTest>
    <UnitTest name="MSP430.Emulator.Tests.Instructions.Arithmetic.IncInstructionTests.Properties_VariousRegisters_ReturnCorrectValues(dest: R5)" storage="/home/runner/work/ai_msp430_emulator/ai_msp430_emulator/tests/msp430.emulator.tests/bin/release/net8.0/msp430.emulator.tests.dll" id="a41fb43c-5222-766d-ffe6-c906063eeaba">
      <Execution id="f2a00b5b-7725-4527-971a-bb97f84af126" />
      <TestMethod codeBase="/home/runner/work/ai_msp430_emulator/ai_msp430_emulator/tests/MSP430.Emulator.Tests/bin/Release/net8.0/MSP430.Emulator.Tests.dll" adapterTypeName="executor://xunit/VsTestRunner3/netcore/" className="MSP430.Emulator.Tests.Instructions.Arithmetic.IncInstructionTests" name="Properties_VariousRegisters_ReturnCorrectValues" />
    </UnitTest>
    <UnitTest name="MSP430.Emulator.Tests.Memory.FlashMemoryTests.IsRangeInBounds_ValidRanges_ReturnsTrue" storage="/home/runner/work/ai_msp430_emulator/ai_msp430_emulator/tests/msp430.emulator.tests/bin/release/net8.0/msp430.emulator.tests.dll" id="3f40fe5a-386f-bce5-1b6c-5341e66c975a">
      <Execution id="70b2f216-589d-439a-90c0-abf53a15ef0e" />
      <TestMethod codeBase="/home/runner/work/ai_msp430_emulator/ai_msp430_emulator/tests/MSP430.Emulator.Tests/bin/Release/net8.0/MSP430.Emulator.Tests.dll" adapterTypeName="executor://xunit/VsTestRunner3/netcore/" className="MSP430.Emulator.Tests.Memory.FlashMemoryTests" name="IsRangeInBounds_ValidRanges_ReturnsTrue" />
    </UnitTest>
    <UnitTest name="MSP430.Emulator.Tests.Core.EmulatorCoreTests.StateChanged_Event_RaisedOnStateTransitions" storage="/home/runner/work/ai_msp430_emulator/ai_msp430_emulator/tests/msp430.emulator.tests/bin/release/net8.0/msp430.emulator.tests.dll" id="10ec0486-b95d-2653-9621-371053f5dee1">
      <Execution id="faaf221c-d816-4b00-8118-9316132d3b94" />
      <TestMethod codeBase="/home/runner/work/ai_msp430_emulator/ai_msp430_emulator/tests/MSP430.Emulator.Tests/bin/Release/net8.0/MSP430.Emulator.Tests.dll" adapterTypeName="executor://xunit/VsTestRunner3/netcore/" className="MSP430.Emulator.Tests.Core.EmulatorCoreTests" name="StateChanged_Event_RaisedOnStateTransitions" />
    </UnitTest>
    <UnitTest name="MSP430.Emulator.Tests.Instructions.Arithmetic.SubInstructionTests.AddressingModes_AllSupportedModes_ReturnCorrectValues(mode: Indexed)" storage="/home/runner/work/ai_msp430_emulator/ai_msp430_emulator/tests/msp430.emulator.tests/bin/release/net8.0/msp430.emulator.tests.dll" id="0a25b2c8-4518-dbb9-85a1-adac0d711ad3">
      <Execution id="06058dfb-3db2-457b-becf-cbfb9813a9e9" />
      <TestMethod codeBase="/home/runner/work/ai_msp430_emulator/ai_msp430_emulator/tests/MSP430.Emulator.Tests/bin/Release/net8.0/MSP430.Emulator.Tests.dll" adapterTypeName="executor://xunit/VsTestRunner3/netcore/" className="MSP430.Emulator.Tests.Instructions.Arithmetic.SubInstructionTests" name="AddressingModes_AllSupportedModes_ReturnCorrectValues" />
    </UnitTest>
    <UnitTest name="MSP430.Emulator.Tests.Instructions.Arithmetic.DecInstructionTests.ToString_VariousAddressingModes_FormatsCorrectly(register: R0, mode: Register, expectedOperand: &quot;R0&quot;)" storage="/home/runner/work/ai_msp430_emulator/ai_msp430_emulator/tests/msp430.emulator.tests/bin/release/net8.0/msp430.emulator.tests.dll" id="77ed5aae-e2e2-c9c8-9be9-d404ef7171e7">
      <Execution id="d418fea6-6fcc-4999-a33f-74d702219a45" />
      <TestMethod codeBase="/home/runner/work/ai_msp430_emulator/ai_msp430_emulator/tests/MSP430.Emulator.Tests/bin/Release/net8.0/MSP430.Emulator.Tests.dll" adapterTypeName="executor://xunit/VsTestRunner3/netcore/" className="MSP430.Emulator.Tests.Instructions.Arithmetic.DecInstructionTests" name="ToString_VariousAddressingModes_FormatsCorrectly" />
    </UnitTest>
    <UnitTest name="MSP430.Emulator.Tests.Instructions.AddressingModeDecoderTests.DecodeDestinationAddressingMode_R0_ReturnsCorrectMode(adBit: True, expected: Symbolic)" storage="/home/runner/work/ai_msp430_emulator/ai_msp430_emulator/tests/msp430.emulator.tests/bin/release/net8.0/msp430.emulator.tests.dll" id="e6d28f64-0ac6-eab5-5c27-78557468d515">
      <Execution id="b1633a1e-88c0-4b4a-868b-6142b94653e9" />
      <TestMethod codeBase="/home/runner/work/ai_msp430_emulator/ai_msp430_emulator/tests/MSP430.Emulator.Tests/bin/Release/net8.0/MSP430.Emulator.Tests.dll" adapterTypeName="executor://xunit/VsTestRunner3/netcore/" className="MSP430.Emulator.Tests.Instructions.AddressingModeDecoderTests" name="DecodeDestinationAddressingMode_R0_ReturnsCorrectMode" />
    </UnitTest>
    <UnitTest name="MSP430.Emulator.Tests.Memory.MemorySystemIntegrationTests.MemorySystem_RegionDescriptions_AreCorrect(address: 336, expectedDescription: &quot;8-bit Peripherals&quot;)" storage="/home/runner/work/ai_msp430_emulator/ai_msp430_emulator/tests/msp430.emulator.tests/bin/release/net8.0/msp430.emulator.tests.dll" id="b8f112a9-492e-8bed-56fb-3a5aaa914ad2">
      <Execution id="df8f5d93-1e90-4487-815f-16375ffcb0e3" />
      <TestMethod codeBase="/home/runner/work/ai_msp430_emulator/ai_msp430_emulator/tests/MSP430.Emulator.Tests/bin/Release/net8.0/MSP430.Emulator.Tests.dll" adapterTypeName="executor://xunit/VsTestRunner3/netcore/" className="MSP430.Emulator.Tests.Memory.MemorySystemIntegrationTests" name="MemorySystem_RegionDescriptions_AreCorrect" />
    </UnitTest>
    <UnitTest name="MSP430.Emulator.Tests.Instructions.Arithmetic.IncInstructionTests.Properties_DifferentRegisters_ReturnCorrectDestination(expected: R4, other: R5)" storage="/home/runner/work/ai_msp430_emulator/ai_msp430_emulator/tests/msp430.emulator.tests/bin/release/net8.0/msp430.emulator.tests.dll" id="9e22019c-cdf2-41c4-d634-6f66aa92479b">
      <Execution id="46858128-4819-44cf-ade4-9cdf7d2d60c3" />
      <TestMethod codeBase="/home/runner/work/ai_msp430_emulator/ai_msp430_emulator/tests/MSP430.Emulator.Tests/bin/Release/net8.0/MSP430.Emulator.Tests.dll" adapterTypeName="executor://xunit/VsTestRunner3/netcore/" className="MSP430.Emulator.Tests.Instructions.Arithmetic.IncInstructionTests" name="Properties_DifferentRegisters_ReturnCorrectDestination" />
    </UnitTest>
    <UnitTest name="MSP430.Emulator.Tests.Instructions.Arithmetic.IncInstructionTests.ToString_VariousAddressingModes_FormatsCorrectly(register: R5, mode: Indexed, expectedOperand: &quot;X(R5)&quot;)" storage="/home/runner/work/ai_msp430_emulator/ai_msp430_emulator/tests/msp430.emulator.tests/bin/release/net8.0/msp430.emulator.tests.dll" id="1620c13a-f658-5759-4c79-7edb4aa200b6">
      <Execution id="1344e096-897c-4ae6-9796-e7495e909f4b" />
      <TestMethod codeBase="/home/runner/work/ai_msp430_emulator/ai_msp430_emulator/tests/MSP430.Emulator.Tests/bin/Release/net8.0/MSP430.Emulator.Tests.dll" adapterTypeName="executor://xunit/VsTestRunner3/netcore/" className="MSP430.Emulator.Tests.Instructions.Arithmetic.IncInstructionTests" name="ToString_VariousAddressingModes_FormatsCorrectly" />
    </UnitTest>
    <UnitTest name="MSP430.Emulator.Tests.Memory.InformationMemoryTests.GetSegment_InvalidAddresses_ThrowsArgumentOutOfRangeException(invalidAddress: 0)" storage="/home/runner/work/ai_msp430_emulator/ai_msp430_emulator/tests/msp430.emulator.tests/bin/release/net8.0/msp430.emulator.tests.dll" id="97d8142f-5ada-9a1b-5d96-41d9c26d022c">
      <Execution id="3e8f3284-e88a-4ac9-b331-9cb1dc7d0172" />
      <TestMethod codeBase="/home/runner/work/ai_msp430_emulator/ai_msp430_emulator/tests/MSP430.Emulator.Tests/bin/Release/net8.0/MSP430.Emulator.Tests.dll" adapterTypeName="executor://xunit/VsTestRunner3/netcore/" className="MSP430.Emulator.Tests.Memory.InformationMemoryTests" name="GetSegment_InvalidAddresses_ThrowsArgumentOutOfRangeException" />
    </UnitTest>
    <UnitTest name="MSP430.Emulator.Tests.Instructions.Arithmetic.SubInstructionTests.ExtensionWordCount_VariousAddressingModes_ReturnsCorrectCount(sourceMode: Symbolic, destMode: Register, expectedCount: 1)" storage="/home/runner/work/ai_msp430_emulator/ai_msp430_emulator/tests/msp430.emulator.tests/bin/release/net8.0/msp430.emulator.tests.dll" id="a3e6f18b-ced9-27b3-05e4-ae5c62b8d082">
      <Execution id="965ae44a-a82f-4a06-91bb-cf0f92685b54" />
      <TestMethod codeBase="/home/runner/work/ai_msp430_emulator/ai_msp430_emulator/tests/MSP430.Emulator.Tests/bin/Release/net8.0/MSP430.Emulator.Tests.dll" adapterTypeName="executor://xunit/VsTestRunner3/netcore/" className="MSP430.Emulator.Tests.Instructions.Arithmetic.SubInstructionTests" name="ExtensionWordCount_VariousAddressingModes_ReturnsCorrectCount" />
    </UnitTest>
    <UnitTest name="MSP430.Emulator.Tests.Memory.FlashControllerTests.Constructor_NullLogger_InitializesSuccessfully" storage="/home/runner/work/ai_msp430_emulator/ai_msp430_emulator/tests/msp430.emulator.tests/bin/release/net8.0/msp430.emulator.tests.dll" id="5318d3be-60af-d3b0-2886-ba84733d09f9">
      <Execution id="b6db37e4-19af-4f2f-bd55-eddab3ef7572" />
      <TestMethod codeBase="/home/runner/work/ai_msp430_emulator/ai_msp430_emulator/tests/MSP430.Emulator.Tests/bin/Release/net8.0/MSP430.Emulator.Tests.dll" adapterTypeName="executor://xunit/VsTestRunner3/netcore/" className="MSP430.Emulator.Tests.Memory.FlashControllerTests" name="Constructor_NullLogger_InitializesSuccessfully" />
    </UnitTest>
    <UnitTest name="MSP430.Emulator.Tests.Core.EmulatorCoreTests.Constructor_WithNullInstructionDecoder_ThrowsArgumentNullException" storage="/home/runner/work/ai_msp430_emulator/ai_msp430_emulator/tests/msp430.emulator.tests/bin/release/net8.0/msp430.emulator.tests.dll" id="23650f06-c617-4e38-541c-6f7a0d859e26">
      <Execution id="1dd7725c-4aa6-49fe-91ce-e4256d751a87" />
      <TestMethod codeBase="/home/runner/work/ai_msp430_emulator/ai_msp430_emulator/tests/MSP430.Emulator.Tests/bin/Release/net8.0/MSP430.Emulator.Tests.dll" adapterTypeName="executor://xunit/VsTestRunner3/netcore/" className="MSP430.Emulator.Tests.Core.EmulatorCoreTests" name="Constructor_WithNullInstructionDecoder_ThrowsArgumentNullException" />
    </UnitTest>
    <UnitTest name="MSP430.Emulator.Tests.Instructions.Arithmetic.AddInstructionTests.AddressingModes_AllSupportedModes_ReturnCorrectValues(mode: Indexed)" storage="/home/runner/work/ai_msp430_emulator/ai_msp430_emulator/tests/msp430.emulator.tests/bin/release/net8.0/msp430.emulator.tests.dll" id="59d3411c-7771-9fae-b355-5e5c21eaff1c">
      <Execution id="26280339-c44d-49d4-9873-193a39803611" />
      <TestMethod codeBase="/home/runner/work/ai_msp430_emulator/ai_msp430_emulator/tests/MSP430.Emulator.Tests/bin/Release/net8.0/MSP430.Emulator.Tests.dll" adapterTypeName="executor://xunit/VsTestRunner3/netcore/" className="MSP430.Emulator.Tests.Instructions.Arithmetic.AddInstructionTests" name="AddressingModes_AllSupportedModes_ReturnCorrectValues" />
    </UnitTest>
    <UnitTest name="MSP430.Emulator.Tests.Instructions.Logic.BitInstructionTests.ExtensionWordCount_VariousAddressingModes_ReturnsCorrectCount(sourceMode: Register, destMode: Register, expectedCount: 0)" storage="/home/runner/work/ai_msp430_emulator/ai_msp430_emulator/tests/msp430.emulator.tests/bin/release/net8.0/msp430.emulator.tests.dll" id="074087ce-1d5c-73ec-3e99-7fe88cb438b0">
      <Execution id="d9d997bc-6128-465e-8a2b-1e0d04e4ae3d" />
      <TestMethod codeBase="/home/runner/work/ai_msp430_emulator/ai_msp430_emulator/tests/MSP430.Emulator.Tests/bin/Release/net8.0/MSP430.Emulator.Tests.dll" adapterTypeName="executor://xunit/VsTestRunner3/netcore/" className="MSP430.Emulator.Tests.Instructions.Logic.BitInstructionTests" name="ExtensionWordCount_VariousAddressingModes_ReturnsCorrectCount" />
    </UnitTest>
    <UnitTest name="MSP430.Emulator.Tests.Memory.MemorySystemIntegrationTests.MemorySystem_ValidationInfo_ProvidesComprehensiveDetails" storage="/home/runner/work/ai_msp430_emulator/ai_msp430_emulator/tests/msp430.emulator.tests/bin/release/net8.0/msp430.emulator.tests.dll" id="37f7f6d7-a080-b80f-3294-8f3994deed3c">
      <Execution id="9a5ef646-1fff-43b7-a460-2a5f34ec3c06" />
      <TestMethod codeBase="/home/runner/work/ai_msp430_emulator/ai_msp430_emulator/tests/MSP430.Emulator.Tests/bin/Release/net8.0/MSP430.Emulator.Tests.dll" adapterTypeName="executor://xunit/VsTestRunner3/netcore/" className="MSP430.Emulator.Tests.Memory.MemorySystemIntegrationTests" name="MemorySystem_ValidationInfo_ProvidesComprehensiveDetails" />
    </UnitTest>
    <UnitTest name="MSP430.Emulator.Tests.Instructions.Arithmetic.SubInstructionTests.ExtensionWordCount_VariousAddressingModes_ReturnsCorrectCount(sourceMode: Indexed, destMode: Register, expectedCount: 1)" storage="/home/runner/work/ai_msp430_emulator/ai_msp430_emulator/tests/msp430.emulator.tests/bin/release/net8.0/msp430.emulator.tests.dll" id="1abfc2e0-1faa-45ca-90a7-38d3e75660e0">
      <Execution id="87db132f-c03b-4425-bf3c-4fa75cd8917e" />
      <TestMethod codeBase="/home/runner/work/ai_msp430_emulator/ai_msp430_emulator/tests/MSP430.Emulator.Tests/bin/Release/net8.0/MSP430.Emulator.Tests.dll" adapterTypeName="executor://xunit/VsTestRunner3/netcore/" className="MSP430.Emulator.Tests.Instructions.Arithmetic.SubInstructionTests" name="ExtensionWordCount_VariousAddressingModes_ReturnsCorrectCount" />
    </UnitTest>
    <UnitTest name="MSP430.Emulator.Tests.Instructions.InstructionDecoderTests.GetInstructionFormat_FormatIII_ReturnsFormatIII(instructionWord: 14336)" storage="/home/runner/work/ai_msp430_emulator/ai_msp430_emulator/tests/msp430.emulator.tests/bin/release/net8.0/msp430.emulator.tests.dll" id="b7340aa7-cf1c-96a5-c1af-e8011d0a9a3e">
      <Execution id="24eae855-9144-47f7-8e03-84a0cb846321" />
      <TestMethod codeBase="/home/runner/work/ai_msp430_emulator/ai_msp430_emulator/tests/MSP430.Emulator.Tests/bin/Release/net8.0/MSP430.Emulator.Tests.dll" adapterTypeName="executor://xunit/VsTestRunner3/netcore/" className="MSP430.Emulator.Tests.Instructions.InstructionDecoderTests" name="GetInstructionFormat_FormatIII_ReturnsFormatIII" />
    </UnitTest>
    <UnitTest name="MSP430.Emulator.Tests.Core.ExecutionStateTests.IsValidTransition_ReturnsExpectedResult(from: Stopped, to: SingleStep, expected: True)" storage="/home/runner/work/ai_msp430_emulator/ai_msp430_emulator/tests/msp430.emulator.tests/bin/release/net8.0/msp430.emulator.tests.dll" id="9f7efa2a-738e-f5d9-b264-0ee0ae53ef6f">
      <Execution id="b05147d0-e0e7-41b5-b05c-da75c7eca378" />
      <TestMethod codeBase="/home/runner/work/ai_msp430_emulator/ai_msp430_emulator/tests/MSP430.Emulator.Tests/bin/Release/net8.0/MSP430.Emulator.Tests.dll" adapterTypeName="executor://xunit/VsTestRunner3/netcore/" className="MSP430.Emulator.Tests.Core.ExecutionStateTests" name="IsValidTransition_ReturnsExpectedResult" />
    </UnitTest>
    <UnitTest name="MSP430.Emulator.Tests.Instructions.Logic.BitInstructionTests.DestinationRegister_AllRegisters_ReturnsCorrectRegister(register: R0)" storage="/home/runner/work/ai_msp430_emulator/ai_msp430_emulator/tests/msp430.emulator.tests/bin/release/net8.0/msp430.emulator.tests.dll" id="e108ba58-bf5b-e663-6e8e-77a8b7c3cbe3">
      <Execution id="1d7bc4a0-0bdb-428e-ad52-b67e08f864ba" />
      <TestMethod codeBase="/home/runner/work/ai_msp430_emulator/ai_msp430_emulator/tests/MSP430.Emulator.Tests/bin/Release/net8.0/MSP430.Emulator.Tests.dll" adapterTypeName="executor://xunit/VsTestRunner3/netcore/" className="MSP430.Emulator.Tests.Instructions.Logic.BitInstructionTests" name="DestinationRegister_AllRegisters_ReturnsCorrectRegister" />
    </UnitTest>
    <UnitTest name="MSP430.Emulator.Tests.Instructions.Arithmetic.SubInstructionTests.Properties_VariousRegisters_ReturnCorrectValues(source: R15, dest: R2)" storage="/home/runner/work/ai_msp430_emulator/ai_msp430_emulator/tests/msp430.emulator.tests/bin/release/net8.0/msp430.emulator.tests.dll" id="e55f8d8b-800c-fc76-f6f5-3347d6a3be7d">
      <Execution id="2f42ec9d-0bf5-4f19-8f74-c01ac95335be" />
      <TestMethod codeBase="/home/runner/work/ai_msp430_emulator/ai_msp430_emulator/tests/MSP430.Emulator.Tests/bin/Release/net8.0/MSP430.Emulator.Tests.dll" adapterTypeName="executor://xunit/VsTestRunner3/netcore/" className="MSP430.Emulator.Tests.Instructions.Arithmetic.SubInstructionTests" name="Properties_VariousRegisters_ReturnCorrectValues" />
    </UnitTest>
    <UnitTest name="MSP430.Emulator.Tests.Cpu.RegisterFileTests.Constructor_WithoutLogger_CreatesRegisterFile" storage="/home/runner/work/ai_msp430_emulator/ai_msp430_emulator/tests/msp430.emulator.tests/bin/release/net8.0/msp430.emulator.tests.dll" id="b2bd1f15-3290-80d3-d782-cc57bdacdd73">
      <Execution id="42f93e99-a631-4aab-88b1-8217d5e09d44" />
      <TestMethod codeBase="/home/runner/work/ai_msp430_emulator/ai_msp430_emulator/tests/MSP430.Emulator.Tests/bin/Release/net8.0/MSP430.Emulator.Tests.dll" adapterTypeName="executor://xunit/VsTestRunner3/netcore/" className="MSP430.Emulator.Tests.Cpu.RegisterFileTests" name="Constructor_WithoutLogger_CreatesRegisterFile" />
    </UnitTest>
    <UnitTest name="MSP430.Emulator.Tests.Instructions.AddressingModeDecoderTests.DecodeSourceAddressingMode_GeneralPurposeRegisters_ReturnsCorrectMode(register: R6, asBits: 2, expected: Indirect)" storage="/home/runner/work/ai_msp430_emulator/ai_msp430_emulator/tests/msp430.emulator.tests/bin/release/net8.0/msp430.emulator.tests.dll" id="6b7d5255-6107-e63b-0450-e60cb096a3a4">
      <Execution id="9ad2a05b-4084-440e-8fa9-0434cc557973" />
      <TestMethod codeBase="/home/runner/work/ai_msp430_emulator/ai_msp430_emulator/tests/MSP430.Emulator.Tests/bin/Release/net8.0/MSP430.Emulator.Tests.dll" adapterTypeName="executor://xunit/VsTestRunner3/netcore/" className="MSP430.Emulator.Tests.Instructions.AddressingModeDecoderTests" name="DecodeSourceAddressingMode_GeneralPurposeRegisters_ReturnsCorrectMode" />
    </UnitTest>
    <UnitTest name="MSP430.Emulator.Tests.Logging.ConsoleLoggerTests.Debug_CallsLogWithDebugLevel" storage="/home/runner/work/ai_msp430_emulator/ai_msp430_emulator/tests/msp430.emulator.tests/bin/release/net8.0/msp430.emulator.tests.dll" id="d3d19fb7-0b4a-2992-ef7a-b02c9a4663c7">
      <Execution id="3be288cd-fb1e-4f85-8d51-c487f0c5ae05" />
      <TestMethod codeBase="/home/runner/work/ai_msp430_emulator/ai_msp430_emulator/tests/MSP430.Emulator.Tests/bin/Release/net8.0/MSP430.Emulator.Tests.dll" adapterTypeName="executor://xunit/VsTestRunner3/netcore/" className="MSP430.Emulator.Tests.Logging.ConsoleLoggerTests" name="Debug_CallsLogWithDebugLevel" />
    </UnitTest>
    <UnitTest name="MSP430.Emulator.Tests.Cpu.StatusRegisterTests.UpdateFlagsAfterSubtraction_WordOperation_SetsCorrectFlags(operand1: 32767, operand2: 32768, result: 65535, isByteOp: False, expectedZero: False, expectedNegative: True, expectedCarry: False, expectedOverflow: True)" storage="/home/runner/work/ai_msp430_emulator/ai_msp430_emulator/tests/msp430.emulator.tests/bin/release/net8.0/msp430.emulator.tests.dll" id="1c0b6b3a-0d55-0c9a-bbf6-96eb416209bc">
      <Execution id="b0493552-581c-46ec-93e2-2f9500cb4210" />
      <TestMethod codeBase="/home/runner/work/ai_msp430_emulator/ai_msp430_emulator/tests/MSP430.Emulator.Tests/bin/Release/net8.0/MSP430.Emulator.Tests.dll" adapterTypeName="executor://xunit/VsTestRunner3/netcore/" className="MSP430.Emulator.Tests.Cpu.StatusRegisterTests" name="UpdateFlagsAfterSubtraction_WordOperation_SetsCorrectFlags" />
    </UnitTest>
    <UnitTest name="MSP430.Emulator.Tests.Memory.InformationMemoryTests.GetSegment_ValidAddresses_ReturnsCorrectSegment(address: 6527, expectedSegment: SegmentB)" storage="/home/runner/work/ai_msp430_emulator/ai_msp430_emulator/tests/msp430.emulator.tests/bin/release/net8.0/msp430.emulator.tests.dll" id="7dceba34-ea26-ea2f-6496-f5a3f4cf3473">
      <Execution id="e2434b01-80c8-44c7-a405-9691abe1fe4f" />
      <TestMethod codeBase="/home/runner/work/ai_msp430_emulator/ai_msp430_emulator/tests/MSP430.Emulator.Tests/bin/Release/net8.0/MSP430.Emulator.Tests.dll" adapterTypeName="executor://xunit/VsTestRunner3/netcore/" className="MSP430.Emulator.Tests.Memory.InformationMemoryTests" name="GetSegment_ValidAddresses_ReturnsCorrectSegment" />
    </UnitTest>
    <UnitTest name="MSP430.Emulator.Tests.Instructions.Arithmetic.AddInstructionTests.ToString_VariousAddressingModes_FormatsCorrectly(register: CG1, mode: Indirect, expectedOperand: &quot;@R3&quot;)" storage="/home/runner/work/ai_msp430_emulator/ai_msp430_emulator/tests/msp430.emulator.tests/bin/release/net8.0/msp430.emulator.tests.dll" id="528ef5b8-0156-b916-68dd-c0514c25208c">
      <Execution id="1ca2e468-7649-4f37-b4b7-3af80fb223dd" />
      <TestMethod codeBase="/home/runner/work/ai_msp430_emulator/ai_msp430_emulator/tests/MSP430.Emulator.Tests/bin/Release/net8.0/MSP430.Emulator.Tests.dll" adapterTypeName="executor://xunit/VsTestRunner3/netcore/" className="MSP430.Emulator.Tests.Instructions.Arithmetic.AddInstructionTests" name="ToString_VariousAddressingModes_FormatsCorrectly" />
    </UnitTest>
    <UnitTest name="MSP430.Emulator.Tests.Memory.InformationMemoryTests.ReadWord_InvalidAddress_ThrowsArgumentOutOfRangeException(invalidAddress: 6143)" storage="/home/runner/work/ai_msp430_emulator/ai_msp430_emulator/tests/msp430.emulator.tests/bin/release/net8.0/msp430.emulator.tests.dll" id="70ab132b-df50-f444-719d-84c4d5440c17">
      <Execution id="75bf3cae-47d3-468c-8a76-ed843251c6e4" />
      <TestMethod codeBase="/home/runner/work/ai_msp430_emulator/ai_msp430_emulator/tests/MSP430.Emulator.Tests/bin/Release/net8.0/MSP430.Emulator.Tests.dll" adapterTypeName="executor://xunit/VsTestRunner3/netcore/" className="MSP430.Emulator.Tests.Memory.InformationMemoryTests" name="ReadWord_InvalidAddress_ThrowsArgumentOutOfRangeException" />
    </UnitTest>
    <UnitTest name="MSP430.Emulator.Tests.Memory.FlashMemoryTests.ProgramByte_RequiringErase_ReturnsFalse" storage="/home/runner/work/ai_msp430_emulator/ai_msp430_emulator/tests/msp430.emulator.tests/bin/release/net8.0/msp430.emulator.tests.dll" id="842dff00-842d-a258-42c6-4779309cd2c5">
      <Execution id="e53210fe-2c6e-4ca5-b219-736608df8027" />
      <TestMethod codeBase="/home/runner/work/ai_msp430_emulator/ai_msp430_emulator/tests/MSP430.Emulator.Tests/bin/Release/net8.0/MSP430.Emulator.Tests.dll" adapterTypeName="executor://xunit/VsTestRunner3/netcore/" className="MSP430.Emulator.Tests.Memory.FlashMemoryTests" name="ProgramByte_RequiringErase_ReturnsFalse" />
    </UnitTest>
    <UnitTest name="MSP430.Emulator.Tests.Diagnostics.DiagnosticReportGeneratorTests.GenerateReportToFile_WithNullPath_ShouldCreateDefaultNamedFile" storage="/home/runner/work/ai_msp430_emulator/ai_msp430_emulator/tests/msp430.emulator.tests/bin/release/net8.0/msp430.emulator.tests.dll" id="5eb64b38-0dfa-c409-46ae-38d0cfb2b485">
      <Execution id="2c1b552b-e136-432f-a58a-c1dd4eeb1943" />
      <TestMethod codeBase="/home/runner/work/ai_msp430_emulator/ai_msp430_emulator/tests/MSP430.Emulator.Tests/bin/Release/net8.0/MSP430.Emulator.Tests.dll" adapterTypeName="executor://xunit/VsTestRunner3/netcore/" className="MSP430.Emulator.Tests.Diagnostics.DiagnosticReportGeneratorTests" name="GenerateReportToFile_WithNullPath_ShouldCreateDefaultNamedFile" />
    </UnitTest>
    <UnitTest name="MSP430.Emulator.Tests.Memory.MemoryControllerTests.IsAccessAllowed_ValidAccess_ReturnsTrue(address: 8192, accessType: Write)" storage="/home/runner/work/ai_msp430_emulator/ai_msp430_emulator/tests/msp430.emulator.tests/bin/release/net8.0/msp430.emulator.tests.dll" id="aad3419d-37ad-f504-4ee8-e4201942b2c5">
      <Execution id="fc29c0ad-92c6-4d37-b169-b29d148c33e1" />
      <TestMethod codeBase="/home/runner/work/ai_msp430_emulator/ai_msp430_emulator/tests/MSP430.Emulator.Tests/bin/Release/net8.0/MSP430.Emulator.Tests.dll" adapterTypeName="executor://xunit/VsTestRunner3/netcore/" className="MSP430.Emulator.Tests.Memory.MemoryControllerTests" name="IsAccessAllowed_ValidAccess_ReturnsTrue" />
    </UnitTest>
    <UnitTest name="MSP430.Emulator.Tests.Logging.FileLoggerTests.Log_WithLevelBelowMinimum_DoesNotWriteToFile" storage="/home/runner/work/ai_msp430_emulator/ai_msp430_emulator/tests/msp430.emulator.tests/bin/release/net8.0/msp430.emulator.tests.dll" id="a50ca395-d4b1-f2de-4d95-f2c000bd5a85">
      <Execution id="1ef740ab-1cae-426a-8961-3fdd12e487af" />
      <TestMethod codeBase="/home/runner/work/ai_msp430_emulator/ai_msp430_emulator/tests/MSP430.Emulator.Tests/bin/Release/net8.0/MSP430.Emulator.Tests.dll" adapterTypeName="executor://xunit/VsTestRunner3/netcore/" className="MSP430.Emulator.Tests.Logging.FileLoggerTests" name="Log_WithLevelBelowMinimum_DoesNotWriteToFile" />
    </UnitTest>
    <UnitTest name="MSP430.Emulator.Tests.Diagnostics.DiagnosticReportGeneratorTests.GenerateReport_ShouldIncludeRuntimeInfo" storage="/home/runner/work/ai_msp430_emulator/ai_msp430_emulator/tests/msp430.emulator.tests/bin/release/net8.0/msp430.emulator.tests.dll" id="4704915c-7207-b2df-2190-4e483ae14059">
      <Execution id="69f7469b-9c6b-413d-9c78-83ce4578d6c5" />
      <TestMethod codeBase="/home/runner/work/ai_msp430_emulator/ai_msp430_emulator/tests/MSP430.Emulator.Tests/bin/Release/net8.0/MSP430.Emulator.Tests.dll" adapterTypeName="executor://xunit/VsTestRunner3/netcore/" className="MSP430.Emulator.Tests.Diagnostics.DiagnosticReportGeneratorTests" name="GenerateReport_ShouldIncludeRuntimeInfo" />
    </UnitTest>
    <UnitTest name="MSP430.Emulator.Tests.Instructions.Logic.AndInstructionTests.ToString_VariousAddressingModes_FormatsCorrectly(mode: Indirect, expectedOperand: &quot;@R1&quot;)" storage="/home/runner/work/ai_msp430_emulator/ai_msp430_emulator/tests/msp430.emulator.tests/bin/release/net8.0/msp430.emulator.tests.dll" id="9f392501-bf43-aaf0-470e-3b3be38fb71a">
      <Execution id="688e5ea1-6388-4b76-b467-780eec3bc1b3" />
      <TestMethod codeBase="/home/runner/work/ai_msp430_emulator/ai_msp430_emulator/tests/MSP430.Emulator.Tests/bin/Release/net8.0/MSP430.Emulator.Tests.dll" adapterTypeName="executor://xunit/VsTestRunner3/netcore/" className="MSP430.Emulator.Tests.Instructions.Logic.AndInstructionTests" name="ToString_VariousAddressingModes_FormatsCorrectly" />
    </UnitTest>
    <UnitTest name="MSP430.Emulator.Tests.Memory.MemoryControllerTests.ReadWord_ValidAddress_ReturnsValue(address: 8192)" storage="/home/runner/work/ai_msp430_emulator/ai_msp430_emulator/tests/msp430.emulator.tests/bin/release/net8.0/msp430.emulator.tests.dll" id="76ed0af1-1d0b-91d9-ff7b-f4956332a149">
      <Execution id="2fb9dc4f-b270-4fc5-9b86-a8df7629f2a9" />
      <TestMethod codeBase="/home/runner/work/ai_msp430_emulator/ai_msp430_emulator/tests/MSP430.Emulator.Tests/bin/Release/net8.0/MSP430.Emulator.Tests.dll" adapterTypeName="executor://xunit/VsTestRunner3/netcore/" className="MSP430.Emulator.Tests.Memory.MemoryControllerTests" name="ReadWord_ValidAddress_ReturnsValue" />
    </UnitTest>
    <UnitTest name="MSP430.Emulator.Tests.Core.ExecutionStateTests.IsValidTransition_ReturnsExpectedResult(from: Reset, to: Running, expected: True)" storage="/home/runner/work/ai_msp430_emulator/ai_msp430_emulator/tests/msp430.emulator.tests/bin/release/net8.0/msp430.emulator.tests.dll" id="ab96ae41-4937-3699-4e83-8f9a1896e41c">
      <Execution id="4d94db2a-f964-47ae-9e75-fb5342391ad9" />
      <TestMethod codeBase="/home/runner/work/ai_msp430_emulator/ai_msp430_emulator/tests/MSP430.Emulator.Tests/bin/Release/net8.0/MSP430.Emulator.Tests.dll" adapterTypeName="executor://xunit/VsTestRunner3/netcore/" className="MSP430.Emulator.Tests.Core.ExecutionStateTests" name="IsValidTransition_ReturnsExpectedResult" />
    </UnitTest>
    <UnitTest name="MSP430.Emulator.Tests.Instructions.Logic.BitInstructionTests.SourceRegister_AllRegisters_ReturnsCorrectRegister(register: CG1)" storage="/home/runner/work/ai_msp430_emulator/ai_msp430_emulator/tests/msp430.emulator.tests/bin/release/net8.0/msp430.emulator.tests.dll" id="c131365a-8546-f401-db7c-f43bc7704373">
      <Execution id="1016b241-3be6-4b0a-ad8a-2ee1bb54fed5" />
      <TestMethod codeBase="/home/runner/work/ai_msp430_emulator/ai_msp430_emulator/tests/MSP430.Emulator.Tests/bin/Release/net8.0/MSP430.Emulator.Tests.dll" adapterTypeName="executor://xunit/VsTestRunner3/netcore/" className="MSP430.Emulator.Tests.Instructions.Logic.BitInstructionTests" name="SourceRegister_AllRegisters_ReturnsCorrectRegister" />
    </UnitTest>
    <UnitTest name="MSP430.Emulator.Tests.Memory.FlashMemoryTests.GetSectorBaseAddress_ValidAddress_ReturnsCorrectBase" storage="/home/runner/work/ai_msp430_emulator/ai_msp430_emulator/tests/msp430.emulator.tests/bin/release/net8.0/msp430.emulator.tests.dll" id="43a24cea-a08e-89d6-ce78-72ae6a84a85f">
      <Execution id="3d68a765-4a8b-450e-b696-79b6b0f53a19" />
      <TestMethod codeBase="/home/runner/work/ai_msp430_emulator/ai_msp430_emulator/tests/MSP430.Emulator.Tests/bin/Release/net8.0/MSP430.Emulator.Tests.dll" adapterTypeName="executor://xunit/VsTestRunner3/netcore/" className="MSP430.Emulator.Tests.Memory.FlashMemoryTests" name="GetSectorBaseAddress_ValidAddress_ReturnsCorrectBase" />
    </UnitTest>
    <UnitTest name="MSP430.Emulator.Tests.Memory.FlashMemoryTests.ProgramWord_WhenUnlocked_ReturnsTrue" storage="/home/runner/work/ai_msp430_emulator/ai_msp430_emulator/tests/msp430.emulator.tests/bin/release/net8.0/msp430.emulator.tests.dll" id="8102a895-5ca9-ef73-b234-795724cb452a">
      <Execution id="fdc90b00-d201-4a52-a2f3-85417e4ebb75" />
      <TestMethod codeBase="/home/runner/work/ai_msp430_emulator/ai_msp430_emulator/tests/MSP430.Emulator.Tests/bin/Release/net8.0/MSP430.Emulator.Tests.dll" adapterTypeName="executor://xunit/VsTestRunner3/netcore/" className="MSP430.Emulator.Tests.Memory.FlashMemoryTests" name="ProgramWord_WhenUnlocked_ReturnsTrue" />
    </UnitTest>
    <UnitTest name="MSP430.Emulator.Tests.Instructions.InstructionDecoderTests.GetInstructionFormat_FormatIII_ReturnsFormatIII(instructionWord: 11264)" storage="/home/runner/work/ai_msp430_emulator/ai_msp430_emulator/tests/msp430.emulator.tests/bin/release/net8.0/msp430.emulator.tests.dll" id="28bef1cf-ccdf-a932-ea19-7ae1e760bd81">
      <Execution id="598c47a6-e080-40f1-97cd-b82bfaa4395f" />
      <TestMethod codeBase="/home/runner/work/ai_msp430_emulator/ai_msp430_emulator/tests/MSP430.Emulator.Tests/bin/Release/net8.0/MSP430.Emulator.Tests.dll" adapterTypeName="executor://xunit/VsTestRunner3/netcore/" className="MSP430.Emulator.Tests.Instructions.InstructionDecoderTests" name="GetInstructionFormat_FormatIII_ReturnsFormatIII" />
    </UnitTest>
    <UnitTest name="MSP430.Emulator.Tests.Cpu.RegisterFileTests.ReadRegister_ValidRegister_ReturnsZeroAfterReset(register: R14)" storage="/home/runner/work/ai_msp430_emulator/ai_msp430_emulator/tests/msp430.emulator.tests/bin/release/net8.0/msp430.emulator.tests.dll" id="4f73c4d4-7786-0271-efd7-f87c7cd31029">
      <Execution id="9412d5ec-6174-4911-8924-7813c55060f2" />
      <TestMethod codeBase="/home/runner/work/ai_msp430_emulator/ai_msp430_emulator/tests/MSP430.Emulator.Tests/bin/Release/net8.0/MSP430.Emulator.Tests.dll" adapterTypeName="executor://xunit/VsTestRunner3/netcore/" className="MSP430.Emulator.Tests.Cpu.RegisterFileTests" name="ReadRegister_ValidRegister_ReturnsZeroAfterReset" />
    </UnitTest>
    <UnitTest name="MSP430.Emulator.Tests.Memory.RandomAccessMemoryTests.ReadByte_ValidAddress_ReturnsValue" storage="/home/runner/work/ai_msp430_emulator/ai_msp430_emulator/tests/msp430.emulator.tests/bin/release/net8.0/msp430.emulator.tests.dll" id="0be33b56-c15e-d0d4-e253-314cc7cec703">
      <Execution id="2dfeec59-40b4-4d1c-9b7a-12361124fd78" />
      <TestMethod codeBase="/home/runner/work/ai_msp430_emulator/ai_msp430_emulator/tests/MSP430.Emulator.Tests/bin/Release/net8.0/MSP430.Emulator.Tests.dll" adapterTypeName="executor://xunit/VsTestRunner3/netcore/" className="MSP430.Emulator.Tests.Memory.RandomAccessMemoryTests" name="ReadByte_ValidAddress_ReturnsValue" />
    </UnitTest>
    <UnitTest name="MSP430.Emulator.Tests.Instructions.Arithmetic.CmpInstructionTests.ExtensionWordCount_VariousAddressingModes_ReturnsCorrectCount(sourceMode: Symbolic, destMode: Register, expectedCount: 1)" storage="/home/runner/work/ai_msp430_emulator/ai_msp430_emulator/tests/msp430.emulator.tests/bin/release/net8.0/msp430.emulator.tests.dll" id="d4db4806-1170-2bc0-c2f7-39087cdac432">
      <Execution id="66c89ac1-b885-4476-8969-5c43fa2395dd" />
      <TestMethod codeBase="/home/runner/work/ai_msp430_emulator/ai_msp430_emulator/tests/MSP430.Emulator.Tests/bin/Release/net8.0/MSP430.Emulator.Tests.dll" adapterTypeName="executor://xunit/VsTestRunner3/netcore/" className="MSP430.Emulator.Tests.Instructions.Arithmetic.CmpInstructionTests" name="ExtensionWordCount_VariousAddressingModes_ReturnsCorrectCount" />
    </UnitTest>
    <UnitTest name="MSP430.Emulator.Tests.Instructions.Logic.BisInstructionTests.SourceRegister_AllRegisters_ReturnsCorrectRegister(register: R1)" storage="/home/runner/work/ai_msp430_emulator/ai_msp430_emulator/tests/msp430.emulator.tests/bin/release/net8.0/msp430.emulator.tests.dll" id="7bf26c3c-b844-874c-8819-639f607b04e0">
      <Execution id="b5044888-e29d-47a3-bc69-3a2247ad27f7" />
      <TestMethod codeBase="/home/runner/work/ai_msp430_emulator/ai_msp430_emulator/tests/MSP430.Emulator.Tests/bin/Release/net8.0/MSP430.Emulator.Tests.dll" adapterTypeName="executor://xunit/VsTestRunner3/netcore/" className="MSP430.Emulator.Tests.Instructions.Logic.BisInstructionTests" name="SourceRegister_AllRegisters_ReturnsCorrectRegister" />
    </UnitTest>
    <UnitTest name="MSP430.Emulator.Tests.Logging.FileLoggerTests.IsEnabled_ReturnsFalseForLevelBelowMinimum" storage="/home/runner/work/ai_msp430_emulator/ai_msp430_emulator/tests/msp430.emulator.tests/bin/release/net8.0/msp430.emulator.tests.dll" id="2dcc8fd3-551f-f681-889f-e0a340c778b6">
      <Execution id="fa644f59-5f22-4a5c-a30a-e477c93b810f" />
      <TestMethod codeBase="/home/runner/work/ai_msp430_emulator/ai_msp430_emulator/tests/MSP430.Emulator.Tests/bin/Release/net8.0/MSP430.Emulator.Tests.dll" adapterTypeName="executor://xunit/VsTestRunner3/netcore/" className="MSP430.Emulator.Tests.Logging.FileLoggerTests" name="IsEnabled_ReturnsFalseForLevelBelowMinimum" />
    </UnitTest>
    <UnitTest name="MSP430.Emulator.Tests.Instructions.InstructionDecoderTests.Decode_FormatI_InvalidRegister_ThrowsInvalidInstructionException" storage="/home/runner/work/ai_msp430_emulator/ai_msp430_emulator/tests/msp430.emulator.tests/bin/release/net8.0/msp430.emulator.tests.dll" id="dfe946b6-9d89-9c3f-7cc5-9795d43005e1">
      <Execution id="45a4e74c-2a45-4994-a685-35906b48b0ab" />
      <TestMethod codeBase="/home/runner/work/ai_msp430_emulator/ai_msp430_emulator/tests/MSP430.Emulator.Tests/bin/Release/net8.0/MSP430.Emulator.Tests.dll" adapterTypeName="executor://xunit/VsTestRunner3/netcore/" className="MSP430.Emulator.Tests.Instructions.InstructionDecoderTests" name="Decode_FormatI_InvalidRegister_ThrowsInvalidInstructionException" />
    </UnitTest>
    <UnitTest name="MSP430.Emulator.Tests.Memory.FlashMemoryTests.Operations_LogCorrectMessages" storage="/home/runner/work/ai_msp430_emulator/ai_msp430_emulator/tests/msp430.emulator.tests/bin/release/net8.0/msp430.emulator.tests.dll" id="a41c5833-e758-6b24-c644-828b8d1ce21c">
      <Execution id="dd61ea26-df99-4e0f-bf4d-29c62ea85e71" />
      <TestMethod codeBase="/home/runner/work/ai_msp430_emulator/ai_msp430_emulator/tests/MSP430.Emulator.Tests/bin/Release/net8.0/MSP430.Emulator.Tests.dll" adapterTypeName="executor://xunit/VsTestRunner3/netcore/" className="MSP430.Emulator.Tests.Memory.FlashMemoryTests" name="Operations_LogCorrectMessages" />
    </UnitTest>
    <UnitTest name="MSP430.Emulator.Tests.Instructions.Logic.BitInstructionTests.Constructor_ByteOperation_SetsByteFlag" storage="/home/runner/work/ai_msp430_emulator/ai_msp430_emulator/tests/msp430.emulator.tests/bin/release/net8.0/msp430.emulator.tests.dll" id="7e96381f-4e93-974b-a642-2cf452b82cba">
      <Execution id="e151c98f-4bf8-49cd-b65b-0f05527b7c4a" />
      <TestMethod codeBase="/home/runner/work/ai_msp430_emulator/ai_msp430_emulator/tests/MSP430.Emulator.Tests/bin/Release/net8.0/MSP430.Emulator.Tests.dll" adapterTypeName="executor://xunit/VsTestRunner3/netcore/" className="MSP430.Emulator.Tests.Instructions.Logic.BitInstructionTests" name="Constructor_ByteOperation_SetsByteFlag" />
    </UnitTest>
    <UnitTest name="MSP430.Emulator.Tests.Memory.RandomAccessMemoryTests.ReadWord_OddAddress_ThrowsArgumentException(oddAddress: 8193)" storage="/home/runner/work/ai_msp430_emulator/ai_msp430_emulator/tests/msp430.emulator.tests/bin/release/net8.0/msp430.emulator.tests.dll" id="371c654c-a7e1-4caa-a84b-cb4e0f8ea168">
      <Execution id="323ac257-a5b1-46a6-a22a-ebafb79a0bf0" />
      <TestMethod codeBase="/home/runner/work/ai_msp430_emulator/ai_msp430_emulator/tests/MSP430.Emulator.Tests/bin/Release/net8.0/MSP430.Emulator.Tests.dll" adapterTypeName="executor://xunit/VsTestRunner3/netcore/" className="MSP430.Emulator.Tests.Memory.RandomAccessMemoryTests" name="ReadWord_OddAddress_ThrowsArgumentException" />
    </UnitTest>
    <UnitTest name="MSP430.Emulator.Tests.Instructions.Logic.BisInstructionTests.ExtensionWordCount_VariousAddressingModes_ReturnsCorrectCount(sourceMode: Absolute, destMode: Register, expectedCount: 1)" storage="/home/runner/work/ai_msp430_emulator/ai_msp430_emulator/tests/msp430.emulator.tests/bin/release/net8.0/msp430.emulator.tests.dll" id="9f2c44e6-ab5a-6654-6620-e15ae9d52fc0">
      <Execution id="02502904-ea9e-42e0-920c-50bf5593485b" />
      <TestMethod codeBase="/home/runner/work/ai_msp430_emulator/ai_msp430_emulator/tests/MSP430.Emulator.Tests/bin/Release/net8.0/MSP430.Emulator.Tests.dll" adapterTypeName="executor://xunit/VsTestRunner3/netcore/" className="MSP430.Emulator.Tests.Instructions.Logic.BisInstructionTests" name="ExtensionWordCount_VariousAddressingModes_ReturnsCorrectCount" />
    </UnitTest>
    <UnitTest name="MSP430.Emulator.Tests.Instructions.Arithmetic.CmpInstructionTests.Properties_VariousRegisters_ReturnCorrectValues(source: R15, dest: R2)" storage="/home/runner/work/ai_msp430_emulator/ai_msp430_emulator/tests/msp430.emulator.tests/bin/release/net8.0/msp430.emulator.tests.dll" id="db6eddad-41f0-c143-cd53-bc13756c3eec">
      <Execution id="8185d9aa-4ae4-4613-9daa-36dbd7e32150" />
      <TestMethod codeBase="/home/runner/work/ai_msp430_emulator/ai_msp430_emulator/tests/MSP430.Emulator.Tests/bin/Release/net8.0/MSP430.Emulator.Tests.dll" adapterTypeName="executor://xunit/VsTestRunner3/netcore/" className="MSP430.Emulator.Tests.Instructions.Arithmetic.CmpInstructionTests" name="Properties_VariousRegisters_ReturnCorrectValues" />
    </UnitTest>
    <UnitTest name="MSP430.Emulator.Tests.Instructions.Arithmetic.IncInstructionTests.ExtensionWordCount_VariousAddressingModes_ReturnsCorrectCount(destMode: Indirect, expectedCount: 0)" storage="/home/runner/work/ai_msp430_emulator/ai_msp430_emulator/tests/msp430.emulator.tests/bin/release/net8.0/msp430.emulator.tests.dll" id="f3e37b7c-45e3-6527-fca4-1152c1f74511">
      <Execution id="33a8060e-9ffe-4569-981e-592646c3a51c" />
      <TestMethod codeBase="/home/runner/work/ai_msp430_emulator/ai_msp430_emulator/tests/MSP430.Emulator.Tests/bin/Release/net8.0/MSP430.Emulator.Tests.dll" adapterTypeName="executor://xunit/VsTestRunner3/netcore/" className="MSP430.Emulator.Tests.Instructions.Arithmetic.IncInstructionTests" name="ExtensionWordCount_VariousAddressingModes_ReturnsCorrectCount" />
    </UnitTest>
    <UnitTest name="MSP430.Emulator.Tests.Instructions.Logic.XorInstructionTests.ExtensionWordCount_VariousAddressingModes_ReturnsCorrectCount(sourceMode: Register, destMode: IndirectAutoIncrement, expectedCount: 0)" storage="/home/runner/work/ai_msp430_emulator/ai_msp430_emulator/tests/msp430.emulator.tests/bin/release/net8.0/msp430.emulator.tests.dll" id="c4a263cf-b124-4771-d1fe-5701f350bf9c">
      <Execution id="41acde45-fce5-4e73-9271-ec50a9dab493" />
      <TestMethod codeBase="/home/runner/work/ai_msp430_emulator/ai_msp430_emulator/tests/MSP430.Emulator.Tests/bin/Release/net8.0/MSP430.Emulator.Tests.dll" adapterTypeName="executor://xunit/VsTestRunner3/netcore/" className="MSP430.Emulator.Tests.Instructions.Logic.XorInstructionTests" name="ExtensionWordCount_VariousAddressingModes_ReturnsCorrectCount" />
    </UnitTest>
    <UnitTest name="MSP430.Emulator.Tests.Instructions.Arithmetic.IncInstructionTests.Opcode_IsCorrectValue" storage="/home/runner/work/ai_msp430_emulator/ai_msp430_emulator/tests/msp430.emulator.tests/bin/release/net8.0/msp430.emulator.tests.dll" id="fdf7bfb7-fa30-3ba6-1f09-1d953020ec53">
      <Execution id="5d2f0fba-ea0c-433b-b70f-4abbb99cf5c0" />
      <TestMethod codeBase="/home/runner/work/ai_msp430_emulator/ai_msp430_emulator/tests/MSP430.Emulator.Tests/bin/Release/net8.0/MSP430.Emulator.Tests.dll" adapterTypeName="executor://xunit/VsTestRunner3/netcore/" className="MSP430.Emulator.Tests.Instructions.Arithmetic.IncInstructionTests" name="Opcode_IsCorrectValue" />
    </UnitTest>
    <UnitTest name="MSP430.Emulator.Tests.Instructions.Arithmetic.SubInstructionTests.AddressingModes_AllSupportedModes_ReturnCorrectValues(mode: Register)" storage="/home/runner/work/ai_msp430_emulator/ai_msp430_emulator/tests/msp430.emulator.tests/bin/release/net8.0/msp430.emulator.tests.dll" id="0166fd06-6f6e-8e31-11eb-f5bce7c0c724">
      <Execution id="2b4ac525-d81c-40c3-8f3e-a25bc1b0a7ae" />
      <TestMethod codeBase="/home/runner/work/ai_msp430_emulator/ai_msp430_emulator/tests/MSP430.Emulator.Tests/bin/Release/net8.0/MSP430.Emulator.Tests.dll" adapterTypeName="executor://xunit/VsTestRunner3/netcore/" className="MSP430.Emulator.Tests.Instructions.Arithmetic.SubInstructionTests" name="AddressingModes_AllSupportedModes_ReturnCorrectValues" />
    </UnitTest>
    <UnitTest name="MSP430.Emulator.Tests.Cpu.RegisterFileTests.ReadRegister_ValidRegister_ReturnsZeroAfterReset(register: R10)" storage="/home/runner/work/ai_msp430_emulator/ai_msp430_emulator/tests/msp430.emulator.tests/bin/release/net8.0/msp430.emulator.tests.dll" id="8789f952-9156-c7c1-201c-9c27d03c836b">
      <Execution id="edc787fe-85eb-49d5-bca9-fab19b211c3e" />
      <TestMethod codeBase="/home/runner/work/ai_msp430_emulator/ai_msp430_emulator/tests/MSP430.Emulator.Tests/bin/Release/net8.0/MSP430.Emulator.Tests.dll" adapterTypeName="executor://xunit/VsTestRunner3/netcore/" className="MSP430.Emulator.Tests.Cpu.RegisterFileTests" name="ReadRegister_ValidRegister_ReturnsZeroAfterReset" />
    </UnitTest>
    <UnitTest name="MSP430.Emulator.Tests.Memory.FlashMemoryTests.Constructor_ValidParameters_CreatesFlashMemory" storage="/home/runner/work/ai_msp430_emulator/ai_msp430_emulator/tests/msp430.emulator.tests/bin/release/net8.0/msp430.emulator.tests.dll" id="fb5b1b41-5654-f2be-cf22-ff2c92224914">
      <Execution id="bd48eb7d-cb39-4c7f-b769-5060184080b7" />
      <TestMethod codeBase="/home/runner/work/ai_msp430_emulator/ai_msp430_emulator/tests/MSP430.Emulator.Tests/bin/Release/net8.0/MSP430.Emulator.Tests.dll" adapterTypeName="executor://xunit/VsTestRunner3/netcore/" className="MSP430.Emulator.Tests.Memory.FlashMemoryTests" name="Constructor_ValidParameters_CreatesFlashMemory" />
    </UnitTest>
    <UnitTest name="MSP430.Emulator.Tests.Logging.ConsoleLoggerTests.Warning_WithContext_CallsLogWithWarningLevelAndContext" storage="/home/runner/work/ai_msp430_emulator/ai_msp430_emulator/tests/msp430.emulator.tests/bin/release/net8.0/msp430.emulator.tests.dll" id="5bb2a894-8efc-6ff2-0b03-f5c5e6c4a063">
      <Execution id="ef3f1cfb-23cc-49bb-8834-4bc5b543193b" />
      <TestMethod codeBase="/home/runner/work/ai_msp430_emulator/ai_msp430_emulator/tests/MSP430.Emulator.Tests/bin/Release/net8.0/MSP430.Emulator.Tests.dll" adapterTypeName="executor://xunit/VsTestRunner3/netcore/" className="MSP430.Emulator.Tests.Logging.ConsoleLoggerTests" name="Warning_WithContext_CallsLogWithWarningLevelAndContext" />
    </UnitTest>
    <UnitTest name="MSP430.Emulator.Tests.Memory.RandomAccessMemoryTests.IsRangeInBounds_RangeOverflowsAddressSpace_ReturnsFalse" storage="/home/runner/work/ai_msp430_emulator/ai_msp430_emulator/tests/msp430.emulator.tests/bin/release/net8.0/msp430.emulator.tests.dll" id="6581a9d3-203a-401e-b2e3-83f498705045">
      <Execution id="94bbb81a-1d82-4258-9c65-1b8148707002" />
      <TestMethod codeBase="/home/runner/work/ai_msp430_emulator/ai_msp430_emulator/tests/MSP430.Emulator.Tests/bin/Release/net8.0/MSP430.Emulator.Tests.dll" adapterTypeName="executor://xunit/VsTestRunner3/netcore/" className="MSP430.Emulator.Tests.Memory.RandomAccessMemoryTests" name="IsRangeInBounds_RangeOverflowsAddressSpace_ReturnsFalse" />
    </UnitTest>
    <UnitTest name="MSP430.Emulator.Tests.Cpu.StatusRegisterTests.Zero_SetFlag_UpdatesValue" storage="/home/runner/work/ai_msp430_emulator/ai_msp430_emulator/tests/msp430.emulator.tests/bin/release/net8.0/msp430.emulator.tests.dll" id="f73174a7-1b51-6efa-bbfa-cb28d891bfa1">
      <Execution id="f2cba808-c12b-44d6-bbe8-2fae45fee044" />
      <TestMethod codeBase="/home/runner/work/ai_msp430_emulator/ai_msp430_emulator/tests/MSP430.Emulator.Tests/bin/Release/net8.0/MSP430.Emulator.Tests.dll" adapterTypeName="executor://xunit/VsTestRunner3/netcore/" className="MSP430.Emulator.Tests.Cpu.StatusRegisterTests" name="Zero_SetFlag_UpdatesValue" />
    </UnitTest>
    <UnitTest name="MSP430.Emulator.Tests.Instructions.Arithmetic.SubInstructionTests.Properties_VariousRegisters_ReturnCorrectValues(source: CG1, dest: R4)" storage="/home/runner/work/ai_msp430_emulator/ai_msp430_emulator/tests/msp430.emulator.tests/bin/release/net8.0/msp430.emulator.tests.dll" id="c4e84f88-b1c5-01ca-1177-12fd1e5af099">
      <Execution id="1d36105a-1b78-4b67-832c-1b066b9cbb5f" />
      <TestMethod codeBase="/home/runner/work/ai_msp430_emulator/ai_msp430_emulator/tests/MSP430.Emulator.Tests/bin/Release/net8.0/MSP430.Emulator.Tests.dll" adapterTypeName="executor://xunit/VsTestRunner3/netcore/" className="MSP430.Emulator.Tests.Instructions.Arithmetic.SubInstructionTests" name="Properties_VariousRegisters_ReturnCorrectValues" />
    </UnitTest>
    <UnitTest name="MSP430.Emulator.Tests.Memory.MemoryControllerTests.AccessViolation_Event_RaisedOnInvalidAccess" storage="/home/runner/work/ai_msp430_emulator/ai_msp430_emulator/tests/msp430.emulator.tests/bin/release/net8.0/msp430.emulator.tests.dll" id="01c3d093-4e1f-c2bb-92fb-4999af8d46eb">
      <Execution id="15f83ece-801c-47a3-8459-0349c5149c3c" />
      <TestMethod codeBase="/home/runner/work/ai_msp430_emulator/ai_msp430_emulator/tests/MSP430.Emulator.Tests/bin/Release/net8.0/MSP430.Emulator.Tests.dll" adapterTypeName="executor://xunit/VsTestRunner3/netcore/" className="MSP430.Emulator.Tests.Memory.MemoryControllerTests" name="AccessViolation_Event_RaisedOnInvalidAccess" />
    </UnitTest>
    <UnitTest name="MSP430.Emulator.Tests.Instructions.Logic.BisInstructionTests.SourceRegister_AllRegisters_ReturnsCorrectRegister(register: R0)" storage="/home/runner/work/ai_msp430_emulator/ai_msp430_emulator/tests/msp430.emulator.tests/bin/release/net8.0/msp430.emulator.tests.dll" id="3a354a68-d9f3-b320-8ad3-8c454f72dcb0">
      <Execution id="65d13de3-0ccd-4b99-b28c-2be24a8f0f6d" />
      <TestMethod codeBase="/home/runner/work/ai_msp430_emulator/ai_msp430_emulator/tests/MSP430.Emulator.Tests/bin/Release/net8.0/MSP430.Emulator.Tests.dll" adapterTypeName="executor://xunit/VsTestRunner3/netcore/" className="MSP430.Emulator.Tests.Instructions.Logic.BisInstructionTests" name="SourceRegister_AllRegisters_ReturnsCorrectRegister" />
    </UnitTest>
    <UnitTest name="MSP430.Emulator.Tests.Core.ExecutionStateTests.IsValidTransition_ReturnsExpectedResult(from: Error, to: Running, expected: False)" storage="/home/runner/work/ai_msp430_emulator/ai_msp430_emulator/tests/msp430.emulator.tests/bin/release/net8.0/msp430.emulator.tests.dll" id="c86099b6-18ca-62df-73c2-424e032edffe">
      <Execution id="3cc92d13-3d34-492a-98d9-b2260c75bbe7" />
      <TestMethod codeBase="/home/runner/work/ai_msp430_emulator/ai_msp430_emulator/tests/MSP430.Emulator.Tests/bin/Release/net8.0/MSP430.Emulator.Tests.dll" adapterTypeName="executor://xunit/VsTestRunner3/netcore/" className="MSP430.Emulator.Tests.Core.ExecutionStateTests" name="IsValidTransition_ReturnsExpectedResult" />
    </UnitTest>
    <UnitTest name="MSP430.Emulator.Tests.Memory.RandomAccessMemoryTests.IsRangeInBounds_VariousRanges_ReturnsExpectedResult(startAddress: 8192, length: -1, expected: False)" storage="/home/runner/work/ai_msp430_emulator/ai_msp430_emulator/tests/msp430.emulator.tests/bin/release/net8.0/msp430.emulator.tests.dll" id="dcfd955b-f69a-5c4c-16a5-d910e3efab4e">
      <Execution id="d44659c8-611e-4782-ae6a-89bf870c8c84" />
      <TestMethod codeBase="/home/runner/work/ai_msp430_emulator/ai_msp430_emulator/tests/MSP430.Emulator.Tests/bin/Release/net8.0/MSP430.Emulator.Tests.dll" adapterTypeName="executor://xunit/VsTestRunner3/netcore/" className="MSP430.Emulator.Tests.Memory.RandomAccessMemoryTests" name="IsRangeInBounds_VariousRanges_ReturnsExpectedResult" />
    </UnitTest>
    <UnitTest name="MSP430.Emulator.Tests.Memory.MemorySystemIntegrationTests.MemorySystem_Integration_ValidatesAddressSpace" storage="/home/runner/work/ai_msp430_emulator/ai_msp430_emulator/tests/msp430.emulator.tests/bin/release/net8.0/msp430.emulator.tests.dll" id="6302a6ff-9541-f2da-ff41-aa64e1d8f2aa">
      <Execution id="4fb1f0ee-0a27-4217-9e3a-750d9733d14d" />
      <TestMethod codeBase="/home/runner/work/ai_msp430_emulator/ai_msp430_emulator/tests/MSP430.Emulator.Tests/bin/Release/net8.0/MSP430.Emulator.Tests.dll" adapterTypeName="executor://xunit/VsTestRunner3/netcore/" className="MSP430.Emulator.Tests.Memory.MemorySystemIntegrationTests" name="MemorySystem_Integration_ValidatesAddressSpace" />
    </UnitTest>
    <UnitTest name="MSP430.Emulator.Tests.Memory.MemoryControllerTests.IsValidAddress_ValidAddresses_ReturnsTrue(address: 16384)" storage="/home/runner/work/ai_msp430_emulator/ai_msp430_emulator/tests/msp430.emulator.tests/bin/release/net8.0/msp430.emulator.tests.dll" id="f43cc8c8-5bd9-aea8-e519-afb9e6d0b792">
      <Execution id="927089cc-d911-4a6b-888d-71be8306419b" />
      <TestMethod codeBase="/home/runner/work/ai_msp430_emulator/ai_msp430_emulator/tests/MSP430.Emulator.Tests/bin/Release/net8.0/MSP430.Emulator.Tests.dll" adapterTypeName="executor://xunit/VsTestRunner3/netcore/" className="MSP430.Emulator.Tests.Memory.MemoryControllerTests" name="IsValidAddress_ValidAddresses_ReturnsTrue" />
    </UnitTest>
    <UnitTest name="MSP430.Emulator.Tests.Logging.ConsoleLoggerTests.Log_WithSuppressOutput_DoesNotCallConsole" storage="/home/runner/work/ai_msp430_emulator/ai_msp430_emulator/tests/msp430.emulator.tests/bin/release/net8.0/msp430.emulator.tests.dll" id="78ef04e7-2679-34bb-b632-c53e5bc6fc91">
      <Execution id="ec901182-068c-44c1-9c44-73739b82a950" />
      <TestMethod codeBase="/home/runner/work/ai_msp430_emulator/ai_msp430_emulator/tests/MSP430.Emulator.Tests/bin/Release/net8.0/MSP430.Emulator.Tests.dll" adapterTypeName="executor://xunit/VsTestRunner3/netcore/" className="MSP430.Emulator.Tests.Logging.ConsoleLoggerTests" name="Log_WithSuppressOutput_DoesNotCallConsole" />
    </UnitTest>
    <UnitTest name="MSP430.Emulator.Tests.Cpu.RegisterFileTests.Reset_ClearsAllRegisters" storage="/home/runner/work/ai_msp430_emulator/ai_msp430_emulator/tests/msp430.emulator.tests/bin/release/net8.0/msp430.emulator.tests.dll" id="0e9262a6-cab6-57d3-cd99-ed3e3f004a59">
      <Execution id="a01a072b-e325-4939-ad08-52a0898ffe20" />
      <TestMethod codeBase="/home/runner/work/ai_msp430_emulator/ai_msp430_emulator/tests/MSP430.Emulator.Tests/bin/Release/net8.0/MSP430.Emulator.Tests.dll" adapterTypeName="executor://xunit/VsTestRunner3/netcore/" className="MSP430.Emulator.Tests.Cpu.RegisterFileTests" name="Reset_ClearsAllRegisters" />
    </UnitTest>
    <UnitTest name="MSP430.Emulator.Tests.Core.EmulatorCoreTests.Run_WithDuration_StartsExecution" storage="/home/runner/work/ai_msp430_emulator/ai_msp430_emulator/tests/msp430.emulator.tests/bin/release/net8.0/msp430.emulator.tests.dll" id="e2ba4fcf-7bae-caaa-f957-4a1be482baa5">
      <Execution id="ded3a60e-16cd-49af-a00c-f58ffb5799c8" />
      <TestMethod codeBase="/home/runner/work/ai_msp430_emulator/ai_msp430_emulator/tests/MSP430.Emulator.Tests/bin/Release/net8.0/MSP430.Emulator.Tests.dll" adapterTypeName="executor://xunit/VsTestRunner3/netcore/" className="MSP430.Emulator.Tests.Core.EmulatorCoreTests" name="Run_WithDuration_StartsExecution" />
    </UnitTest>
    <UnitTest name="MSP430.Emulator.Tests.Memory.FlashMemoryTests.IsAddressInBounds_ValidAddresses_ReturnsTrue" storage="/home/runner/work/ai_msp430_emulator/ai_msp430_emulator/tests/msp430.emulator.tests/bin/release/net8.0/msp430.emulator.tests.dll" id="8b5dd84f-4875-12fd-a7d0-d6d028f9d2f6">
      <Execution id="4e125d32-1b89-408d-8ed0-4fb5194381d2" />
      <TestMethod codeBase="/home/runner/work/ai_msp430_emulator/ai_msp430_emulator/tests/MSP430.Emulator.Tests/bin/Release/net8.0/MSP430.Emulator.Tests.dll" adapterTypeName="executor://xunit/VsTestRunner3/netcore/" className="MSP430.Emulator.Tests.Memory.FlashMemoryTests" name="IsAddressInBounds_ValidAddresses_ReturnsTrue" />
    </UnitTest>
    <UnitTest name="MSP430.Emulator.Tests.Memory.FlashMemoryTests.SetProtectionLevel_WriteProtected_BlocksOperations" storage="/home/runner/work/ai_msp430_emulator/ai_msp430_emulator/tests/msp430.emulator.tests/bin/release/net8.0/msp430.emulator.tests.dll" id="e69fed6c-e92f-af7b-95c4-b250af62c93d">
      <Execution id="2190541c-e599-407c-b5a4-88dcd34cf9a4" />
      <TestMethod codeBase="/home/runner/work/ai_msp430_emulator/ai_msp430_emulator/tests/MSP430.Emulator.Tests/bin/Release/net8.0/MSP430.Emulator.Tests.dll" adapterTypeName="executor://xunit/VsTestRunner3/netcore/" className="MSP430.Emulator.Tests.Memory.FlashMemoryTests" name="SetProtectionLevel_WriteProtected_BlocksOperations" />
    </UnitTest>
    <UnitTest name="MSP430.Emulator.Tests.Memory.FlashMemoryTests.ReadByte_InvalidAddress_ThrowsArgumentOutOfRangeException(invalidAddress: 36864)" storage="/home/runner/work/ai_msp430_emulator/ai_msp430_emulator/tests/msp430.emulator.tests/bin/release/net8.0/msp430.emulator.tests.dll" id="9f079369-02c2-c9bf-4861-704434e0ae8d">
      <Execution id="be7c3b0f-d4a3-4440-acd6-5e8890f8d740" />
      <TestMethod codeBase="/home/runner/work/ai_msp430_emulator/ai_msp430_emulator/tests/MSP430.Emulator.Tests/bin/Release/net8.0/MSP430.Emulator.Tests.dll" adapterTypeName="executor://xunit/VsTestRunner3/netcore/" className="MSP430.Emulator.Tests.Memory.FlashMemoryTests" name="ReadByte_InvalidAddress_ThrowsArgumentOutOfRangeException" />
    </UnitTest>
    <UnitTest name="MSP430.Emulator.Tests.Memory.InformationMemoryTests.IsAddressInBounds_VariousAddresses_ReturnsExpectedResult(address: 6655, expected: True)" storage="/home/runner/work/ai_msp430_emulator/ai_msp430_emulator/tests/msp430.emulator.tests/bin/release/net8.0/msp430.emulator.tests.dll" id="37576e4b-1079-1a24-6956-a4658a58651b">
      <Execution id="b9d0225e-876b-49d5-97dd-d28c2054975d" />
      <TestMethod codeBase="/home/runner/work/ai_msp430_emulator/ai_msp430_emulator/tests/MSP430.Emulator.Tests/bin/Release/net8.0/MSP430.Emulator.Tests.dll" adapterTypeName="executor://xunit/VsTestRunner3/netcore/" className="MSP430.Emulator.Tests.Memory.InformationMemoryTests" name="IsAddressInBounds_VariousAddresses_ReturnsExpectedResult" />
    </UnitTest>
    <UnitTest name="MSP430.Emulator.Tests.Instructions.Logic.BitInstructionTests.ToString_VariousAddressingModes_FormatsCorrectly(mode: Register, expectedOperand: &quot;R1&quot;)" storage="/home/runner/work/ai_msp430_emulator/ai_msp430_emulator/tests/msp430.emulator.tests/bin/release/net8.0/msp430.emulator.tests.dll" id="21420c31-9b89-2d79-27c1-b92552629b55">
      <Execution id="77fd6a41-b799-4444-82ce-767cb6d32a2b" />
      <TestMethod codeBase="/home/runner/work/ai_msp430_emulator/ai_msp430_emulator/tests/MSP430.Emulator.Tests/bin/Release/net8.0/MSP430.Emulator.Tests.dll" adapterTypeName="executor://xunit/VsTestRunner3/netcore/" className="MSP430.Emulator.Tests.Instructions.Logic.BitInstructionTests" name="ToString_VariousAddressingModes_FormatsCorrectly" />
    </UnitTest>
    <UnitTest name="MSP430.Emulator.Tests.Instructions.Arithmetic.AddInstructionTests.ExtensionWordCount_VariousAddressingModes_ReturnsCorrectCount(sourceMode: Register, destMode: Symbolic, expectedCount: 1)" storage="/home/runner/work/ai_msp430_emulator/ai_msp430_emulator/tests/msp430.emulator.tests/bin/release/net8.0/msp430.emulator.tests.dll" id="723996dd-67d9-c90b-b68f-8bf4c08b5fc5">
      <Execution id="23915e28-f4e6-4cb6-92c0-03d297b035ca" />
      <TestMethod codeBase="/home/runner/work/ai_msp430_emulator/ai_msp430_emulator/tests/MSP430.Emulator.Tests/bin/Release/net8.0/MSP430.Emulator.Tests.dll" adapterTypeName="executor://xunit/VsTestRunner3/netcore/" className="MSP430.Emulator.Tests.Instructions.Arithmetic.AddInstructionTests" name="ExtensionWordCount_VariousAddressingModes_ReturnsCorrectCount" />
    </UnitTest>
    <UnitTest name="MSP430.Emulator.Tests.Instructions.Logic.AndInstructionTests.SourceRegister_AllRegisters_ReturnsCorrectRegister(register: CG1)" storage="/home/runner/work/ai_msp430_emulator/ai_msp430_emulator/tests/msp430.emulator.tests/bin/release/net8.0/msp430.emulator.tests.dll" id="b7c2b03f-5fb2-b796-7a30-d4741a3bacda">
      <Execution id="bdeaadf5-1ba5-4436-b313-32b342fbc311" />
      <TestMethod codeBase="/home/runner/work/ai_msp430_emulator/ai_msp430_emulator/tests/MSP430.Emulator.Tests/bin/Release/net8.0/MSP430.Emulator.Tests.dll" adapterTypeName="executor://xunit/VsTestRunner3/netcore/" className="MSP430.Emulator.Tests.Instructions.Logic.AndInstructionTests" name="SourceRegister_AllRegisters_ReturnsCorrectRegister" />
    </UnitTest>
    <UnitTest name="MSP430.Emulator.Tests.Instructions.Logic.BitInstructionTests.ExtensionWordCount_VariousAddressingModes_ReturnsCorrectCount(sourceMode: Symbolic, destMode: Indexed, expectedCount: 2)" storage="/home/runner/work/ai_msp430_emulator/ai_msp430_emulator/tests/msp430.emulator.tests/bin/release/net8.0/msp430.emulator.tests.dll" id="e80a2818-9519-df6a-9e46-5684378e8f12">
      <Execution id="698036c2-e3b1-40c6-8fd1-97c4284e69e6" />
      <TestMethod codeBase="/home/runner/work/ai_msp430_emulator/ai_msp430_emulator/tests/MSP430.Emulator.Tests/bin/Release/net8.0/MSP430.Emulator.Tests.dll" adapterTypeName="executor://xunit/VsTestRunner3/netcore/" className="MSP430.Emulator.Tests.Instructions.Logic.BitInstructionTests" name="ExtensionWordCount_VariousAddressingModes_ReturnsCorrectCount" />
    </UnitTest>
    <UnitTest name="MSP430.Emulator.Tests.Memory.MemoryControllerTests.WriteByte_WithContext_NullContext_ThrowsArgumentNullException" storage="/home/runner/work/ai_msp430_emulator/ai_msp430_emulator/tests/msp430.emulator.tests/bin/release/net8.0/msp430.emulator.tests.dll" id="dfff6038-6b86-fadf-2dfd-68f5604ea009">
      <Execution id="303c2e3a-41e1-4c02-8928-335ff16a17e7" />
      <TestMethod codeBase="/home/runner/work/ai_msp430_emulator/ai_msp430_emulator/tests/MSP430.Emulator.Tests/bin/Release/net8.0/MSP430.Emulator.Tests.dll" adapterTypeName="executor://xunit/VsTestRunner3/netcore/" className="MSP430.Emulator.Tests.Memory.MemoryControllerTests" name="WriteByte_WithContext_NullContext_ThrowsArgumentNullException" />
    </UnitTest>
    <UnitTest name="MSP430.Emulator.Tests.Instructions.Logic.BitInstructionTests.ExtensionWordCount_VariousAddressingModes_ReturnsCorrectCount(sourceMode: Absolute, destMode: Register, expectedCount: 1)" storage="/home/runner/work/ai_msp430_emulator/ai_msp430_emulator/tests/msp430.emulator.tests/bin/release/net8.0/msp430.emulator.tests.dll" id="dfefc95f-435e-71d4-19b6-575b64b68af4">
      <Execution id="91ec0666-7e84-4a49-9224-908289a37d8e" />
      <TestMethod codeBase="/home/runner/work/ai_msp430_emulator/ai_msp430_emulator/tests/MSP430.Emulator.Tests/bin/Release/net8.0/MSP430.Emulator.Tests.dll" adapterTypeName="executor://xunit/VsTestRunner3/netcore/" className="MSP430.Emulator.Tests.Instructions.Logic.BitInstructionTests" name="ExtensionWordCount_VariousAddressingModes_ReturnsCorrectCount" />
    </UnitTest>
    <UnitTest name="MSP430.Emulator.Tests.Memory.InformationMemoryTests.GetSegment_ValidAddresses_ReturnsCorrectSegment(address: 6271, expectedSegment: SegmentD)" storage="/home/runner/work/ai_msp430_emulator/ai_msp430_emulator/tests/msp430.emulator.tests/bin/release/net8.0/msp430.emulator.tests.dll" id="face1e40-d11f-bd03-121f-62c695d5ceb3">
      <Execution id="86144147-247d-4334-96b3-ee04fdd284ef" />
      <TestMethod codeBase="/home/runner/work/ai_msp430_emulator/ai_msp430_emulator/tests/MSP430.Emulator.Tests/bin/Release/net8.0/MSP430.Emulator.Tests.dll" adapterTypeName="executor://xunit/VsTestRunner3/netcore/" className="MSP430.Emulator.Tests.Memory.InformationMemoryTests" name="GetSegment_ValidAddresses_ReturnsCorrectSegment" />
    </UnitTest>
    <UnitTest name="MSP430.Emulator.Tests.Instructions.Logic.BisInstructionTests.ExtensionWordCount_VariousAddressingModes_ReturnsCorrectCount(sourceMode: Register, destMode: Absolute, expectedCount: 1)" storage="/home/runner/work/ai_msp430_emulator/ai_msp430_emulator/tests/msp430.emulator.tests/bin/release/net8.0/msp430.emulator.tests.dll" id="bdf1d0db-6604-5908-9337-856408a88d8b">
      <Execution id="bd623d7a-637c-4a3e-b199-8fd156917263" />
      <TestMethod codeBase="/home/runner/work/ai_msp430_emulator/ai_msp430_emulator/tests/MSP430.Emulator.Tests/bin/Release/net8.0/MSP430.Emulator.Tests.dll" adapterTypeName="executor://xunit/VsTestRunner3/netcore/" className="MSP430.Emulator.Tests.Instructions.Logic.BisInstructionTests" name="ExtensionWordCount_VariousAddressingModes_ReturnsCorrectCount" />
    </UnitTest>
    <UnitTest name="MSP430.Emulator.Tests.Instructions.Logic.BitInstructionTests.ExtensionWordCount_VariousAddressingModes_ReturnsCorrectCount(sourceMode: Symbolic, destMode: Register, expectedCount: 1)" storage="/home/runner/work/ai_msp430_emulator/ai_msp430_emulator/tests/msp430.emulator.tests/bin/release/net8.0/msp430.emulator.tests.dll" id="73f42572-ef7f-49dd-ff45-6dfff4bda0ef">
      <Execution id="162ec3be-a405-44c1-a234-641c1de54b21" />
      <TestMethod codeBase="/home/runner/work/ai_msp430_emulator/ai_msp430_emulator/tests/MSP430.Emulator.Tests/bin/Release/net8.0/MSP430.Emulator.Tests.dll" adapterTypeName="executor://xunit/VsTestRunner3/netcore/" className="MSP430.Emulator.Tests.Instructions.Logic.BitInstructionTests" name="ExtensionWordCount_VariousAddressingModes_ReturnsCorrectCount" />
    </UnitTest>
    <UnitTest name="MSP430.Emulator.Tests.Core.EmulatorCoreTests.Step_FromResetState_ChangesToSingleStepState" storage="/home/runner/work/ai_msp430_emulator/ai_msp430_emulator/tests/msp430.emulator.tests/bin/release/net8.0/msp430.emulator.tests.dll" id="9fe09d88-1894-5580-0b15-ba73782495ea">
      <Execution id="158ab674-2b1f-487c-887c-75dc3346853f" />
      <TestMethod codeBase="/home/runner/work/ai_msp430_emulator/ai_msp430_emulator/tests/MSP430.Emulator.Tests/bin/Release/net8.0/MSP430.Emulator.Tests.dll" adapterTypeName="executor://xunit/VsTestRunner3/netcore/" className="MSP430.Emulator.Tests.Core.EmulatorCoreTests" name="Step_FromResetState_ChangesToSingleStepState" />
    </UnitTest>
    <UnitTest name="MSP430.Emulator.Tests.Memory.MemorySystemIntegrationTests.MemorySystem_RegionDescriptions_AreCorrect(address: 24576, expectedDescription: &quot;FRAM&quot;)" storage="/home/runner/work/ai_msp430_emulator/ai_msp430_emulator/tests/msp430.emulator.tests/bin/release/net8.0/msp430.emulator.tests.dll" id="ca9197c5-f27b-1d58-c7a7-73d1cbaf0e6d">
      <Execution id="87184884-7ba6-4973-a649-3f17170dab5e" />
      <TestMethod codeBase="/home/runner/work/ai_msp430_emulator/ai_msp430_emulator/tests/MSP430.Emulator.Tests/bin/Release/net8.0/MSP430.Emulator.Tests.dll" adapterTypeName="executor://xunit/VsTestRunner3/netcore/" className="MSP430.Emulator.Tests.Memory.MemorySystemIntegrationTests" name="MemorySystem_RegionDescriptions_AreCorrect" />
    </UnitTest>
    <UnitTest name="MSP430.Emulator.Tests.Instructions.Logic.BisInstructionTests.ExtensionWordCount_VariousAddressingModes_ReturnsCorrectCount(sourceMode: Indexed, destMode: Register, expectedCount: 1)" storage="/home/runner/work/ai_msp430_emulator/ai_msp430_emulator/tests/msp430.emulator.tests/bin/release/net8.0/msp430.emulator.tests.dll" id="70ebe375-1069-0b64-5204-8d585ec86064">
      <Execution id="d8847592-c850-4275-a836-d955e38379b6" />
      <TestMethod codeBase="/home/runner/work/ai_msp430_emulator/ai_msp430_emulator/tests/MSP430.Emulator.Tests/bin/Release/net8.0/MSP430.Emulator.Tests.dll" adapterTypeName="executor://xunit/VsTestRunner3/netcore/" className="MSP430.Emulator.Tests.Instructions.Logic.BisInstructionTests" name="ExtensionWordCount_VariousAddressingModes_ReturnsCorrectCount" />
    </UnitTest>
    <UnitTest name="MSP430.Emulator.Tests.Memory.InformationMemoryTests.ReadCalibrationData_ReturnsStoredData" storage="/home/runner/work/ai_msp430_emulator/ai_msp430_emulator/tests/msp430.emulator.tests/bin/release/net8.0/msp430.emulator.tests.dll" id="edae02d8-089b-0619-98bb-2e75bad26c4f">
      <Execution id="56d6fe3e-23c4-4ce6-8119-6763916f79d7" />
      <TestMethod codeBase="/home/runner/work/ai_msp430_emulator/ai_msp430_emulator/tests/MSP430.Emulator.Tests/bin/Release/net8.0/MSP430.Emulator.Tests.dll" adapterTypeName="executor://xunit/VsTestRunner3/netcore/" className="MSP430.Emulator.Tests.Memory.InformationMemoryTests" name="ReadCalibrationData_ReturnsStoredData" />
    </UnitTest>
    <UnitTest name="MSP430.Emulator.Tests.Memory.MemoryControllerTests.IsAccessAllowed_ValidAccess_ReturnsTrue(address: 16384, accessType: Read)" storage="/home/runner/work/ai_msp430_emulator/ai_msp430_emulator/tests/msp430.emulator.tests/bin/release/net8.0/msp430.emulator.tests.dll" id="2ce55d53-7284-308e-1153-3a4433b41ddb">
      <Execution id="8bb81299-0cf5-4a5a-a575-5d3fd1bcae4a" />
      <TestMethod codeBase="/home/runner/work/ai_msp430_emulator/ai_msp430_emulator/tests/MSP430.Emulator.Tests/bin/Release/net8.0/MSP430.Emulator.Tests.dll" adapterTypeName="executor://xunit/VsTestRunner3/netcore/" className="MSP430.Emulator.Tests.Memory.MemoryControllerTests" name="IsAccessAllowed_ValidAccess_ReturnsTrue" />
    </UnitTest>
    <UnitTest name="MSP430.Emulator.Tests.Logging.FileLoggerTests.Constructor_SetsDefaultMinimumLevel" storage="/home/runner/work/ai_msp430_emulator/ai_msp430_emulator/tests/msp430.emulator.tests/bin/release/net8.0/msp430.emulator.tests.dll" id="10a2eeae-fc3e-9b65-ccaf-3beda11e43e6">
      <Execution id="109e6788-2001-49ed-8093-0e92bfa99b1c" />
      <TestMethod codeBase="/home/runner/work/ai_msp430_emulator/ai_msp430_emulator/tests/MSP430.Emulator.Tests/bin/Release/net8.0/MSP430.Emulator.Tests.dll" adapterTypeName="executor://xunit/VsTestRunner3/netcore/" className="MSP430.Emulator.Tests.Logging.FileLoggerTests" name="Constructor_SetsDefaultMinimumLevel" />
    </UnitTest>
    <UnitTest name="MSP430.Emulator.Tests.Instructions.Arithmetic.CmpInstructionTests.Properties_VariousRegisters_ReturnCorrectValues(source: R0, dest: R1)" storage="/home/runner/work/ai_msp430_emulator/ai_msp430_emulator/tests/msp430.emulator.tests/bin/release/net8.0/msp430.emulator.tests.dll" id="c55b2839-d3a5-3d69-bdfb-260c12676294">
      <Execution id="248a666a-eecb-4f72-a0f3-c37e7c8935a7" />
      <TestMethod codeBase="/home/runner/work/ai_msp430_emulator/ai_msp430_emulator/tests/MSP430.Emulator.Tests/bin/Release/net8.0/MSP430.Emulator.Tests.dll" adapterTypeName="executor://xunit/VsTestRunner3/netcore/" className="MSP430.Emulator.Tests.Instructions.Arithmetic.CmpInstructionTests" name="Properties_VariousRegisters_ReturnCorrectValues" />
    </UnitTest>
    <UnitTest name="MSP430.Emulator.Tests.Cpu.StatusRegisterTests.FlagOperations_PreserveOtherBits(initialValue: 1)" storage="/home/runner/work/ai_msp430_emulator/ai_msp430_emulator/tests/msp430.emulator.tests/bin/release/net8.0/msp430.emulator.tests.dll" id="927e5f2c-636d-2441-3415-f59c33a0a72c">
      <Execution id="bdc6f0b2-3ab2-47bb-afeb-f21600d9df57" />
      <TestMethod codeBase="/home/runner/work/ai_msp430_emulator/ai_msp430_emulator/tests/MSP430.Emulator.Tests/bin/Release/net8.0/MSP430.Emulator.Tests.dll" adapterTypeName="executor://xunit/VsTestRunner3/netcore/" className="MSP430.Emulator.Tests.Cpu.StatusRegisterTests" name="FlagOperations_PreserveOtherBits" />
    </UnitTest>
    <UnitTest name="MSP430.Emulator.Tests.Cpu.RegisterFileTests.RegisterAccess_WithDebugLogging_LogsOperations" storage="/home/runner/work/ai_msp430_emulator/ai_msp430_emulator/tests/msp430.emulator.tests/bin/release/net8.0/msp430.emulator.tests.dll" id="68f16b09-9e50-6df0-367f-a0b774c37b22">
      <Execution id="12913084-2ebb-4fbf-bb2b-683ef7e592de" />
      <TestMethod codeBase="/home/runner/work/ai_msp430_emulator/ai_msp430_emulator/tests/MSP430.Emulator.Tests/bin/Release/net8.0/MSP430.Emulator.Tests.dll" adapterTypeName="executor://xunit/VsTestRunner3/netcore/" className="MSP430.Emulator.Tests.Cpu.RegisterFileTests" name="RegisterAccess_WithDebugLogging_LogsOperations" />
    </UnitTest>
    <UnitTest name="MSP430.Emulator.Tests.Memory.InformationMemoryTests.IsAddressInBounds_VariousAddresses_ReturnsExpectedResult(address: 6143, expected: False)" storage="/home/runner/work/ai_msp430_emulator/ai_msp430_emulator/tests/msp430.emulator.tests/bin/release/net8.0/msp430.emulator.tests.dll" id="902cb0e6-2f81-4d85-bd9f-d1901e3967f4">
      <Execution id="78986f56-7420-4fb3-8bb9-d4921bcf1089" />
      <TestMethod codeBase="/home/runner/work/ai_msp430_emulator/ai_msp430_emulator/tests/MSP430.Emulator.Tests/bin/Release/net8.0/MSP430.Emulator.Tests.dll" adapterTypeName="executor://xunit/VsTestRunner3/netcore/" className="MSP430.Emulator.Tests.Memory.InformationMemoryTests" name="IsAddressInBounds_VariousAddresses_ReturnsExpectedResult" />
    </UnitTest>
    <UnitTest name="MSP430.Emulator.Tests.Instructions.Arithmetic.SubInstructionTests.Constructor_ByteOperation_SetsByteFlag" storage="/home/runner/work/ai_msp430_emulator/ai_msp430_emulator/tests/msp430.emulator.tests/bin/release/net8.0/msp430.emulator.tests.dll" id="1d4e770b-795a-31a0-ead0-43cdb73c8f44">
      <Execution id="92116b5b-eca7-4a0f-960a-27075dc604ea" />
      <TestMethod codeBase="/home/runner/work/ai_msp430_emulator/ai_msp430_emulator/tests/MSP430.Emulator.Tests/bin/Release/net8.0/MSP430.Emulator.Tests.dll" adapterTypeName="executor://xunit/VsTestRunner3/netcore/" className="MSP430.Emulator.Tests.Instructions.Arithmetic.SubInstructionTests" name="Constructor_ByteOperation_SetsByteFlag" />
    </UnitTest>
    <UnitTest name="MSP430.Emulator.Tests.Instructions.Logic.BitInstructionTests.DestinationRegister_AllRegisters_ReturnsCorrectRegister(register: CG1)" storage="/home/runner/work/ai_msp430_emulator/ai_msp430_emulator/tests/msp430.emulator.tests/bin/release/net8.0/msp430.emulator.tests.dll" id="62d642e4-544a-9a1d-6ec8-753b88ee1266">
      <Execution id="c1c069c4-71ef-4ba1-9fe1-27ad4d6175c3" />
      <TestMethod codeBase="/home/runner/work/ai_msp430_emulator/ai_msp430_emulator/tests/MSP430.Emulator.Tests/bin/Release/net8.0/MSP430.Emulator.Tests.dll" adapterTypeName="executor://xunit/VsTestRunner3/netcore/" className="MSP430.Emulator.Tests.Instructions.Logic.BitInstructionTests" name="DestinationRegister_AllRegisters_ReturnsCorrectRegister" />
    </UnitTest>
    <UnitTest name="MSP430.Emulator.Tests.Memory.RandomAccessMemoryTests.MemoryContents_PersistAcrossOperations" storage="/home/runner/work/ai_msp430_emulator/ai_msp430_emulator/tests/msp430.emulator.tests/bin/release/net8.0/msp430.emulator.tests.dll" id="605a65b6-4cc8-573f-90d1-eddbf080cec1">
      <Execution id="c5fe77f8-a198-4256-bd65-359d8147430b" />
      <TestMethod codeBase="/home/runner/work/ai_msp430_emulator/ai_msp430_emulator/tests/MSP430.Emulator.Tests/bin/Release/net8.0/MSP430.Emulator.Tests.dll" adapterTypeName="executor://xunit/VsTestRunner3/netcore/" className="MSP430.Emulator.Tests.Memory.RandomAccessMemoryTests" name="MemoryContents_PersistAcrossOperations" />
    </UnitTest>
    <UnitTest name="MSP430.Emulator.Tests.Core.EmulatorCoreTests.Run_WithZeroInstructions_ThrowsArgumentOutOfRangeException" storage="/home/runner/work/ai_msp430_emulator/ai_msp430_emulator/tests/msp430.emulator.tests/bin/release/net8.0/msp430.emulator.tests.dll" id="1a01c10f-02a3-74c1-1b25-3181beacdc26">
      <Execution id="818c3af5-9dde-4429-9bf2-625419fe95fc" />
      <TestMethod codeBase="/home/runner/work/ai_msp430_emulator/ai_msp430_emulator/tests/MSP430.Emulator.Tests/bin/Release/net8.0/MSP430.Emulator.Tests.dll" adapterTypeName="executor://xunit/VsTestRunner3/netcore/" className="MSP430.Emulator.Tests.Core.EmulatorCoreTests" name="Run_WithZeroInstructions_ThrowsArgumentOutOfRangeException" />
    </UnitTest>
    <UnitTest name="MSP430.Emulator.Tests.Memory.RandomAccessMemoryTests.Initialize_WithPattern_SetsAllBytesToPattern(pattern: 255)" storage="/home/runner/work/ai_msp430_emulator/ai_msp430_emulator/tests/msp430.emulator.tests/bin/release/net8.0/msp430.emulator.tests.dll" id="c930a0f7-0878-16d5-a278-2dab6901ef5f">
      <Execution id="93f2821d-f26f-4350-a2c0-659a3ee2c48a" />
      <TestMethod codeBase="/home/runner/work/ai_msp430_emulator/ai_msp430_emulator/tests/MSP430.Emulator.Tests/bin/Release/net8.0/MSP430.Emulator.Tests.dll" adapterTypeName="executor://xunit/VsTestRunner3/netcore/" className="MSP430.Emulator.Tests.Memory.RandomAccessMemoryTests" name="Initialize_WithPattern_SetsAllBytesToPattern" />
    </UnitTest>
    <UnitTest name="MSP430.Emulator.Tests.Instructions.Arithmetic.DecInstructionTests.AddressingModes_AllSupportedModes_ReturnCorrectValues(mode: Indexed)" storage="/home/runner/work/ai_msp430_emulator/ai_msp430_emulator/tests/msp430.emulator.tests/bin/release/net8.0/msp430.emulator.tests.dll" id="ab03c751-b163-db71-05e5-287be8a693d9">
      <Execution id="f6b274a1-94d7-43ba-a3e8-d5e8dfaf54a9" />
      <TestMethod codeBase="/home/runner/work/ai_msp430_emulator/ai_msp430_emulator/tests/MSP430.Emulator.Tests/bin/Release/net8.0/MSP430.Emulator.Tests.dll" adapterTypeName="executor://xunit/VsTestRunner3/netcore/" className="MSP430.Emulator.Tests.Instructions.Arithmetic.DecInstructionTests" name="AddressingModes_AllSupportedModes_ReturnCorrectValues" />
    </UnitTest>
    <UnitTest name="MSP430.Emulator.Tests.Memory.MemoryControllerTests.GetAccessCycles_FlashAccess_ReturnsExpectedCycles" storage="/home/runner/work/ai_msp430_emulator/ai_msp430_emulator/tests/msp430.emulator.tests/bin/release/net8.0/msp430.emulator.tests.dll" id="4bfaa286-a752-addf-f883-badb72ca1482">
      <Execution id="80d651eb-d716-4436-8d64-1bf26e9187a7" />
      <TestMethod codeBase="/home/runner/work/ai_msp430_emulator/ai_msp430_emulator/tests/MSP430.Emulator.Tests/bin/Release/net8.0/MSP430.Emulator.Tests.dll" adapterTypeName="executor://xunit/VsTestRunner3/netcore/" className="MSP430.Emulator.Tests.Memory.MemoryControllerTests" name="GetAccessCycles_FlashAccess_ReturnsExpectedCycles" />
    </UnitTest>
    <UnitTest name="MSP430.Emulator.Tests.Instructions.InstructionDecoderTests.Decode_InvalidInstruction_ThrowsInvalidInstructionException(instructionWord: 0)" storage="/home/runner/work/ai_msp430_emulator/ai_msp430_emulator/tests/msp430.emulator.tests/bin/release/net8.0/msp430.emulator.tests.dll" id="447fdc33-3e1e-1bd2-7396-470ea5462dbd">
      <Execution id="7909c3cb-be86-4e35-bea7-26c4ff8572dd" />
      <TestMethod codeBase="/home/runner/work/ai_msp430_emulator/ai_msp430_emulator/tests/MSP430.Emulator.Tests/bin/Release/net8.0/MSP430.Emulator.Tests.dll" adapterTypeName="executor://xunit/VsTestRunner3/netcore/" className="MSP430.Emulator.Tests.Instructions.InstructionDecoderTests" name="Decode_InvalidInstruction_ThrowsInvalidInstructionException" />
    </UnitTest>
    <UnitTest name="MSP430.Emulator.Tests.Instructions.Logic.AndInstructionTests.ToString_VariousAddressingModes_FormatsCorrectly(mode: Immediate, expectedOperand: &quot;#N&quot;)" storage="/home/runner/work/ai_msp430_emulator/ai_msp430_emulator/tests/msp430.emulator.tests/bin/release/net8.0/msp430.emulator.tests.dll" id="e6384440-9fd0-3f43-400a-0ad82962a8ed">
      <Execution id="67fb46c6-0d39-4831-a384-9fbd1e6174d7" />
      <TestMethod codeBase="/home/runner/work/ai_msp430_emulator/ai_msp430_emulator/tests/MSP430.Emulator.Tests/bin/Release/net8.0/MSP430.Emulator.Tests.dll" adapterTypeName="executor://xunit/VsTestRunner3/netcore/" className="MSP430.Emulator.Tests.Instructions.Logic.AndInstructionTests" name="ToString_VariousAddressingModes_FormatsCorrectly" />
    </UnitTest>
    <UnitTest name="MSP430.Emulator.Tests.Instructions.Arithmetic.IncInstructionTests.ExtensionWordCount_VariousAddressingModes_ReturnsCorrectCount(destMode: Symbolic, expectedCount: 1)" storage="/home/runner/work/ai_msp430_emulator/ai_msp430_emulator/tests/msp430.emulator.tests/bin/release/net8.0/msp430.emulator.tests.dll" id="4021d893-cacb-1fd1-6b22-4eb0de26d6ef">
      <Execution id="195fb209-da02-4209-a1a3-0f699042775b" />
      <TestMethod codeBase="/home/runner/work/ai_msp430_emulator/ai_msp430_emulator/tests/MSP430.Emulator.Tests/bin/Release/net8.0/MSP430.Emulator.Tests.dll" adapterTypeName="executor://xunit/VsTestRunner3/netcore/" className="MSP430.Emulator.Tests.Instructions.Arithmetic.IncInstructionTests" name="ExtensionWordCount_VariousAddressingModes_ReturnsCorrectCount" />
    </UnitTest>
    <UnitTest name="MSP430.Emulator.Tests.Class1Tests.Class1_Add_ReturnsSum" storage="/home/runner/work/ai_msp430_emulator/ai_msp430_emulator/tests/msp430.emulator.tests/bin/release/net8.0/msp430.emulator.tests.dll" id="c9aaf0e0-522a-ec92-fa15-ea182017ef53">
      <Execution id="586dcb65-b258-4e4a-9b32-b02f43d8b68d" />
      <TestMethod codeBase="/home/runner/work/ai_msp430_emulator/ai_msp430_emulator/tests/MSP430.Emulator.Tests/bin/Release/net8.0/MSP430.Emulator.Tests.dll" adapterTypeName="executor://xunit/VsTestRunner3/netcore/" className="MSP430.Emulator.Tests.Class1Tests" name="Class1_Add_ReturnsSum" />
    </UnitTest>
    <UnitTest name="MSP430.Emulator.Tests.Cpu.StatusRegisterTests.FlagOperations_PreserveOtherBits(initialValue: 255)" storage="/home/runner/work/ai_msp430_emulator/ai_msp430_emulator/tests/msp430.emulator.tests/bin/release/net8.0/msp430.emulator.tests.dll" id="47098a2a-6cac-07b6-1214-4456296b16ea">
      <Execution id="30aac7dd-ebd3-4963-9dcd-f3fdd145a0d3" />
      <TestMethod codeBase="/home/runner/work/ai_msp430_emulator/ai_msp430_emulator/tests/MSP430.Emulator.Tests/bin/Release/net8.0/MSP430.Emulator.Tests.dll" adapterTypeName="executor://xunit/VsTestRunner3/netcore/" className="MSP430.Emulator.Tests.Cpu.StatusRegisterTests" name="FlagOperations_PreserveOtherBits" />
    </UnitTest>
    <UnitTest name="MSP430.Emulator.Tests.Instructions.Logic.BisInstructionTests.Constructor_ValidParameters_CreatesInstruction" storage="/home/runner/work/ai_msp430_emulator/ai_msp430_emulator/tests/msp430.emulator.tests/bin/release/net8.0/msp430.emulator.tests.dll" id="857eb96e-0c40-79fb-0e74-f92f7bf11c2e">
      <Execution id="926639e6-910d-4731-bb6a-980161a07a4e" />
      <TestMethod codeBase="/home/runner/work/ai_msp430_emulator/ai_msp430_emulator/tests/MSP430.Emulator.Tests/bin/Release/net8.0/MSP430.Emulator.Tests.dll" adapterTypeName="executor://xunit/VsTestRunner3/netcore/" className="MSP430.Emulator.Tests.Instructions.Logic.BisInstructionTests" name="Constructor_ValidParameters_CreatesInstruction" />
    </UnitTest>
    <UnitTest name="MSP430.Emulator.Tests.Instructions.Arithmetic.SubInstructionTests.Properties_VariousRegisters_ReturnCorrectValues(source: R0, dest: R1)" storage="/home/runner/work/ai_msp430_emulator/ai_msp430_emulator/tests/msp430.emulator.tests/bin/release/net8.0/msp430.emulator.tests.dll" id="9aceb9fe-61b0-fc88-9b41-391a8ce5a16f">
      <Execution id="b591843b-ea90-444b-a73f-6953caeca311" />
      <TestMethod codeBase="/home/runner/work/ai_msp430_emulator/ai_msp430_emulator/tests/MSP430.Emulator.Tests/bin/Release/net8.0/MSP430.Emulator.Tests.dll" adapterTypeName="executor://xunit/VsTestRunner3/netcore/" className="MSP430.Emulator.Tests.Instructions.Arithmetic.SubInstructionTests" name="Properties_VariousRegisters_ReturnCorrectValues" />
    </UnitTest>
    <UnitTest name="MSP430.Emulator.Tests.Cpu.RegisterFileTests.ReadRegister_ValidRegister_ReturnsZeroAfterReset(register: R0)" storage="/home/runner/work/ai_msp430_emulator/ai_msp430_emulator/tests/msp430.emulator.tests/bin/release/net8.0/msp430.emulator.tests.dll" id="3ef4a7ab-07be-dbb6-b53a-f018d39c8bd6">
      <Execution id="019fce95-781b-4589-a898-1e31959ad6a6" />
      <TestMethod codeBase="/home/runner/work/ai_msp430_emulator/ai_msp430_emulator/tests/MSP430.Emulator.Tests/bin/Release/net8.0/MSP430.Emulator.Tests.dll" adapterTypeName="executor://xunit/VsTestRunner3/netcore/" className="MSP430.Emulator.Tests.Cpu.RegisterFileTests" name="ReadRegister_ValidRegister_ReturnsZeroAfterReset" />
    </UnitTest>
    <UnitTest name="MSP430.Emulator.Tests.Instructions.Logic.XorInstructionTests.AddressingModes_AllSupportedModes_ReturnCorrectValues(mode: Register)" storage="/home/runner/work/ai_msp430_emulator/ai_msp430_emulator/tests/msp430.emulator.tests/bin/release/net8.0/msp430.emulator.tests.dll" id="82de762a-fcd3-d4b4-40ed-775498103c60">
      <Execution id="d1fd00c4-3336-4160-86e5-e7f185f1038d" />
      <TestMethod codeBase="/home/runner/work/ai_msp430_emulator/ai_msp430_emulator/tests/MSP430.Emulator.Tests/bin/Release/net8.0/MSP430.Emulator.Tests.dll" adapterTypeName="executor://xunit/VsTestRunner3/netcore/" className="MSP430.Emulator.Tests.Instructions.Logic.XorInstructionTests" name="AddressingModes_AllSupportedModes_ReturnCorrectValues" />
    </UnitTest>
    <UnitTest name="MSP430.Emulator.Tests.Instructions.Arithmetic.CmpInstructionTests.Constructor_ByteOperation_SetsByteFlag" storage="/home/runner/work/ai_msp430_emulator/ai_msp430_emulator/tests/msp430.emulator.tests/bin/release/net8.0/msp430.emulator.tests.dll" id="c883bfb2-7997-027f-c92d-209e9949f855">
      <Execution id="f114ce1b-8416-4214-9126-c8d3d01fdffa" />
      <TestMethod codeBase="/home/runner/work/ai_msp430_emulator/ai_msp430_emulator/tests/MSP430.Emulator.Tests/bin/Release/net8.0/MSP430.Emulator.Tests.dll" adapterTypeName="executor://xunit/VsTestRunner3/netcore/" className="MSP430.Emulator.Tests.Instructions.Arithmetic.CmpInstructionTests" name="Constructor_ByteOperation_SetsByteFlag" />
    </UnitTest>
    <UnitTest name="MSP430.Emulator.Tests.Instructions.Logic.BitInstructionTests.ToString_VariousAddressingModes_FormatsCorrectly(mode: IndirectAutoIncrement, expectedOperand: &quot;@R1+&quot;)" storage="/home/runner/work/ai_msp430_emulator/ai_msp430_emulator/tests/msp430.emulator.tests/bin/release/net8.0/msp430.emulator.tests.dll" id="2c6b34f9-f643-e84d-4f35-8d079d3bb2a8">
      <Execution id="9734a4d4-9d63-4644-bcd2-2ccda9d90427" />
      <TestMethod codeBase="/home/runner/work/ai_msp430_emulator/ai_msp430_emulator/tests/MSP430.Emulator.Tests/bin/Release/net8.0/MSP430.Emulator.Tests.dll" adapterTypeName="executor://xunit/VsTestRunner3/netcore/" className="MSP430.Emulator.Tests.Instructions.Logic.BitInstructionTests" name="ToString_VariousAddressingModes_FormatsCorrectly" />
    </UnitTest>
    <UnitTest name="MSP430.Emulator.Tests.Instructions.InstructionDecoderTests.GetInstructionFormat_FormatIII_ReturnsFormatIII(instructionWord: 10240)" storage="/home/runner/work/ai_msp430_emulator/ai_msp430_emulator/tests/msp430.emulator.tests/bin/release/net8.0/msp430.emulator.tests.dll" id="0f5e4325-1a3c-63ce-399b-154cc1a01f77">
      <Execution id="68ed1dbb-5110-4ec0-a5db-ecc5e3dd0d4e" />
      <TestMethod codeBase="/home/runner/work/ai_msp430_emulator/ai_msp430_emulator/tests/MSP430.Emulator.Tests/bin/Release/net8.0/MSP430.Emulator.Tests.dll" adapterTypeName="executor://xunit/VsTestRunner3/netcore/" className="MSP430.Emulator.Tests.Instructions.InstructionDecoderTests" name="GetInstructionFormat_FormatIII_ReturnsFormatIII" />
    </UnitTest>
    <UnitTest name="MSP430.Emulator.Tests.Cpu.StatusRegisterTests.UpdateFlagsAfterAddition_ByteOperation_SetsCorrectFlags(operand1: 16, operand2: 32, result: 48, isByteOp: True, expectedZero: False, expectedNegative: False, expectedCarry: False, expectedOverflow: False)" storage="/home/runner/work/ai_msp430_emulator/ai_msp430_emulator/tests/msp430.emulator.tests/bin/release/net8.0/msp430.emulator.tests.dll" id="e8d39b89-8a4e-7238-0afc-9fed0eeb9518">
      <Execution id="7a1deea3-86e4-4606-a8da-a191ad289a95" />
      <TestMethod codeBase="/home/runner/work/ai_msp430_emulator/ai_msp430_emulator/tests/MSP430.Emulator.Tests/bin/Release/net8.0/MSP430.Emulator.Tests.dll" adapterTypeName="executor://xunit/VsTestRunner3/netcore/" className="MSP430.Emulator.Tests.Cpu.StatusRegisterTests" name="UpdateFlagsAfterAddition_ByteOperation_SetsCorrectFlags" />
    </UnitTest>
    <UnitTest name="MSP430.Emulator.Tests.Memory.InformationMemoryTests.GetSegment_InvalidAddresses_ThrowsArgumentOutOfRangeException(invalidAddress: 6656)" storage="/home/runner/work/ai_msp430_emulator/ai_msp430_emulator/tests/msp430.emulator.tests/bin/release/net8.0/msp430.emulator.tests.dll" id="0b54990f-08bb-79c5-e040-0acc4eda7748">
      <Execution id="890c9f0f-e715-4a4a-b8da-cda54f6b87cd" />
      <TestMethod codeBase="/home/runner/work/ai_msp430_emulator/ai_msp430_emulator/tests/MSP430.Emulator.Tests/bin/Release/net8.0/MSP430.Emulator.Tests.dll" adapterTypeName="executor://xunit/VsTestRunner3/netcore/" className="MSP430.Emulator.Tests.Memory.InformationMemoryTests" name="GetSegment_InvalidAddresses_ThrowsArgumentOutOfRangeException" />
    </UnitTest>
    <UnitTest name="MSP430.Emulator.Tests.Instructions.Logic.BisInstructionTests.Constructor_ByteOperation_SetsByteFlag" storage="/home/runner/work/ai_msp430_emulator/ai_msp430_emulator/tests/msp430.emulator.tests/bin/release/net8.0/msp430.emulator.tests.dll" id="e727edb8-fbf6-1086-e8fb-ec33c7f405f9">
      <Execution id="272ee9c5-16f1-442f-a842-13a009b77c2d" />
      <TestMethod codeBase="/home/runner/work/ai_msp430_emulator/ai_msp430_emulator/tests/MSP430.Emulator.Tests/bin/Release/net8.0/MSP430.Emulator.Tests.dll" adapterTypeName="executor://xunit/VsTestRunner3/netcore/" className="MSP430.Emulator.Tests.Instructions.Logic.BisInstructionTests" name="Constructor_ByteOperation_SetsByteFlag" />
    </UnitTest>
    <UnitTest name="MSP430.Emulator.Tests.Core.ExecutionStateTests.IsValidTransition_ReturnsExpectedResult(from: SingleStep, to: Error, expected: True)" storage="/home/runner/work/ai_msp430_emulator/ai_msp430_emulator/tests/msp430.emulator.tests/bin/release/net8.0/msp430.emulator.tests.dll" id="ffb922fa-3b03-5dbf-25f9-991bd470dcde">
      <Execution id="9a193fed-fb25-4f53-89ad-6a6586b98f81" />
      <TestMethod codeBase="/home/runner/work/ai_msp430_emulator/ai_msp430_emulator/tests/MSP430.Emulator.Tests/bin/Release/net8.0/MSP430.Emulator.Tests.dll" adapterTypeName="executor://xunit/VsTestRunner3/netcore/" className="MSP430.Emulator.Tests.Core.ExecutionStateTests" name="IsValidTransition_ReturnsExpectedResult" />
    </UnitTest>
    <UnitTest name="MSP430.Emulator.Tests.Configuration.EmulatorConfigTests.LoadFromJson_WithValidJson_ReturnsCorrectConfig" storage="/home/runner/work/ai_msp430_emulator/ai_msp430_emulator/tests/msp430.emulator.tests/bin/release/net8.0/msp430.emulator.tests.dll" id="9c3a6376-6efc-2744-cf86-abae4838f817">
      <Execution id="3170d618-413e-478c-9ed5-df68640ed8a5" />
      <TestMethod codeBase="/home/runner/work/ai_msp430_emulator/ai_msp430_emulator/tests/MSP430.Emulator.Tests/bin/Release/net8.0/MSP430.Emulator.Tests.dll" adapterTypeName="executor://xunit/VsTestRunner3/netcore/" className="MSP430.Emulator.Tests.Configuration.EmulatorConfigTests" name="LoadFromJson_WithValidJson_ReturnsCorrectConfig" />
    </UnitTest>
    <UnitTest name="MSP430.Emulator.Tests.Instructions.Logic.XorInstructionTests.ExtensionWordCount_VariousAddressingModes_ReturnsCorrectCount(sourceMode: Register, destMode: Absolute, expectedCount: 1)" storage="/home/runner/work/ai_msp430_emulator/ai_msp430_emulator/tests/msp430.emulator.tests/bin/release/net8.0/msp430.emulator.tests.dll" id="e62bca06-a59e-4647-7653-ca946b069463">
      <Execution id="300ddf98-ce9d-40ca-b080-c9ba247dc97d" />
      <TestMethod codeBase="/home/runner/work/ai_msp430_emulator/ai_msp430_emulator/tests/MSP430.Emulator.Tests/bin/Release/net8.0/MSP430.Emulator.Tests.dll" adapterTypeName="executor://xunit/VsTestRunner3/netcore/" className="MSP430.Emulator.Tests.Instructions.Logic.XorInstructionTests" name="ExtensionWordCount_VariousAddressingModes_ReturnsCorrectCount" />
    </UnitTest>
    <UnitTest name="MSP430.Emulator.Tests.Memory.FlashControllerTests.SetProtectionLevel_WhenPermanentlyLocked_ReturnsFalse" storage="/home/runner/work/ai_msp430_emulator/ai_msp430_emulator/tests/msp430.emulator.tests/bin/release/net8.0/msp430.emulator.tests.dll" id="659731e7-daa0-2b8e-3a2e-dd665b7d51e6">
      <Execution id="92860f16-0b45-417b-8e0f-c8686a468c3f" />
      <TestMethod codeBase="/home/runner/work/ai_msp430_emulator/ai_msp430_emulator/tests/MSP430.Emulator.Tests/bin/Release/net8.0/MSP430.Emulator.Tests.dll" adapterTypeName="executor://xunit/VsTestRunner3/netcore/" className="MSP430.Emulator.Tests.Memory.FlashControllerTests" name="SetProtectionLevel_WhenPermanentlyLocked_ReturnsFalse" />
    </UnitTest>
    <UnitTest name="MSP430.Emulator.Tests.Instructions.Logic.AndInstructionTests.ToString_ByteOperation_IncludesByteModifier" storage="/home/runner/work/ai_msp430_emulator/ai_msp430_emulator/tests/msp430.emulator.tests/bin/release/net8.0/msp430.emulator.tests.dll" id="ae5f12f3-3dc0-9e1a-13c6-fc01b51a1e43">
      <Execution id="7100fdf0-b604-49ee-82a9-5520ffdd20af" />
      <TestMethod codeBase="/home/runner/work/ai_msp430_emulator/ai_msp430_emulator/tests/MSP430.Emulator.Tests/bin/Release/net8.0/MSP430.Emulator.Tests.dll" adapterTypeName="executor://xunit/VsTestRunner3/netcore/" className="MSP430.Emulator.Tests.Instructions.Logic.AndInstructionTests" name="ToString_ByteOperation_IncludesByteModifier" />
    </UnitTest>
    <UnitTest name="MSP430.Emulator.Tests.Instructions.Arithmetic.DecInstructionTests.Execute_RegisterMode_DecrementsValueAndUpdatesFlags" storage="/home/runner/work/ai_msp430_emulator/ai_msp430_emulator/tests/msp430.emulator.tests/bin/release/net8.0/msp430.emulator.tests.dll" id="70a6bd30-cd42-c1ac-157d-8a7008ca5246">
      <Execution id="6db95330-b8b4-4e42-ac8a-2d56af1b6c60" />
      <TestMethod codeBase="/home/runner/work/ai_msp430_emulator/ai_msp430_emulator/tests/MSP430.Emulator.Tests/bin/Release/net8.0/MSP430.Emulator.Tests.dll" adapterTypeName="executor://xunit/VsTestRunner3/netcore/" className="MSP430.Emulator.Tests.Instructions.Arithmetic.DecInstructionTests" name="Execute_RegisterMode_DecrementsValueAndUpdatesFlags" />
    </UnitTest>
    <UnitTest name="MSP430.Emulator.Tests.Memory.MemoryMapTests.GetRegionInfo_ValidRegion_ReturnsCorrectInfo" storage="/home/runner/work/ai_msp430_emulator/ai_msp430_emulator/tests/msp430.emulator.tests/bin/release/net8.0/msp430.emulator.tests.dll" id="620ef137-abe1-3fbf-eeaf-b81fe77692fc">
      <Execution id="eed1334e-c23a-4cc5-b13b-e23b3c098b0d" />
      <TestMethod codeBase="/home/runner/work/ai_msp430_emulator/ai_msp430_emulator/tests/MSP430.Emulator.Tests/bin/Release/net8.0/MSP430.Emulator.Tests.dll" adapterTypeName="executor://xunit/VsTestRunner3/netcore/" className="MSP430.Emulator.Tests.Memory.MemoryMapTests" name="GetRegionInfo_ValidRegion_ReturnsCorrectInfo" />
    </UnitTest>
    <UnitTest name="MSP430.Emulator.Tests.Cpu.StatusRegisterTests.UpdateFlagsAfterSubtraction_ByteOperation_SetsCorrectFlags(operand1: 16, operand2: 32, result: 240, isByteOp: True, expectedZero: False, expectedNegative: True, expectedCarry: False, expectedOverflow: False)" storage="/home/runner/work/ai_msp430_emulator/ai_msp430_emulator/tests/msp430.emulator.tests/bin/release/net8.0/msp430.emulator.tests.dll" id="51acf133-f748-a6cd-d085-894102e286a3">
      <Execution id="9bb6099a-b00c-4d83-8468-d36472c0292f" />
      <TestMethod codeBase="/home/runner/work/ai_msp430_emulator/ai_msp430_emulator/tests/MSP430.Emulator.Tests/bin/Release/net8.0/MSP430.Emulator.Tests.dll" adapterTypeName="executor://xunit/VsTestRunner3/netcore/" className="MSP430.Emulator.Tests.Cpu.StatusRegisterTests" name="UpdateFlagsAfterSubtraction_ByteOperation_SetsCorrectFlags" />
    </UnitTest>
    <UnitTest name="MSP430.Emulator.Tests.Instructions.Arithmetic.IncInstructionTests.ExtensionWordCount_VariousAddressingModes_ReturnsCorrectCount(destMode: Indexed, expectedCount: 1)" storage="/home/runner/work/ai_msp430_emulator/ai_msp430_emulator/tests/msp430.emulator.tests/bin/release/net8.0/msp430.emulator.tests.dll" id="18c2293e-3354-2575-d377-955917aed648">
      <Execution id="26161523-fb4b-4323-93cd-d04894cc9168" />
      <TestMethod codeBase="/home/runner/work/ai_msp430_emulator/ai_msp430_emulator/tests/MSP430.Emulator.Tests/bin/Release/net8.0/MSP430.Emulator.Tests.dll" adapterTypeName="executor://xunit/VsTestRunner3/netcore/" className="MSP430.Emulator.Tests.Instructions.Arithmetic.IncInstructionTests" name="ExtensionWordCount_VariousAddressingModes_ReturnsCorrectCount" />
    </UnitTest>
    <UnitTest name="MSP430.Emulator.Tests.Memory.InformationMemoryTests.IsAddressInBounds_VariousAddresses_ReturnsExpectedResult(address: 0, expected: False)" storage="/home/runner/work/ai_msp430_emulator/ai_msp430_emulator/tests/msp430.emulator.tests/bin/release/net8.0/msp430.emulator.tests.dll" id="6f921026-c890-13dd-9851-504921f19cdb">
      <Execution id="517f248d-248d-4d31-96dc-0fa1b52402cd" />
      <TestMethod codeBase="/home/runner/work/ai_msp430_emulator/ai_msp430_emulator/tests/MSP430.Emulator.Tests/bin/Release/net8.0/MSP430.Emulator.Tests.dll" adapterTypeName="executor://xunit/VsTestRunner3/netcore/" className="MSP430.Emulator.Tests.Memory.InformationMemoryTests" name="IsAddressInBounds_VariousAddresses_ReturnsExpectedResult" />
    </UnitTest>
    <UnitTest name="MSP430.Emulator.Tests.Instructions.Arithmetic.AddInstructionTests.AddressingModes_AllSupportedModes_ReturnCorrectValues(mode: IndirectAutoIncrement)" storage="/home/runner/work/ai_msp430_emulator/ai_msp430_emulator/tests/msp430.emulator.tests/bin/release/net8.0/msp430.emulator.tests.dll" id="b226d209-dc1d-7132-fdd3-a893e5473b2d">
      <Execution id="c58c5c62-cba2-44de-947e-2e9b153339ec" />
      <TestMethod codeBase="/home/runner/work/ai_msp430_emulator/ai_msp430_emulator/tests/MSP430.Emulator.Tests/bin/Release/net8.0/MSP430.Emulator.Tests.dll" adapterTypeName="executor://xunit/VsTestRunner3/netcore/" className="MSP430.Emulator.Tests.Instructions.Arithmetic.AddInstructionTests" name="AddressingModes_AllSupportedModes_ReturnCorrectValues" />
    </UnitTest>
    <UnitTest name="MSP430.Emulator.Tests.Memory.MemoryControllerTests.PeripheralAccess_ReturnsDefaultValues(address: 512)" storage="/home/runner/work/ai_msp430_emulator/ai_msp430_emulator/tests/msp430.emulator.tests/bin/release/net8.0/msp430.emulator.tests.dll" id="80254100-7526-84d7-949e-d9072d7d0963">
      <Execution id="e1e6f4c1-537e-4056-a1a9-04ad1fd1b70b" />
      <TestMethod codeBase="/home/runner/work/ai_msp430_emulator/ai_msp430_emulator/tests/MSP430.Emulator.Tests/bin/Release/net8.0/MSP430.Emulator.Tests.dll" adapterTypeName="executor://xunit/VsTestRunner3/netcore/" className="MSP430.Emulator.Tests.Memory.MemoryControllerTests" name="PeripheralAccess_ReturnsDefaultValues" />
    </UnitTest>
    <UnitTest name="MSP430.Emulator.Tests.Memory.MemoryControllerTests.ValidateAccess_ValidContext_DoesNotThrow" storage="/home/runner/work/ai_msp430_emulator/ai_msp430_emulator/tests/msp430.emulator.tests/bin/release/net8.0/msp430.emulator.tests.dll" id="382d44fa-af9a-68ee-f9c4-7ee74af78c36">
      <Execution id="e5fb56d7-29a3-4bc2-842c-75ea38c1886f" />
      <TestMethod codeBase="/home/runner/work/ai_msp430_emulator/ai_msp430_emulator/tests/MSP430.Emulator.Tests/bin/Release/net8.0/MSP430.Emulator.Tests.dll" adapterTypeName="executor://xunit/VsTestRunner3/netcore/" className="MSP430.Emulator.Tests.Memory.MemoryControllerTests" name="ValidateAccess_ValidContext_DoesNotThrow" />
    </UnitTest>
    <UnitTest name="MSP430.Emulator.Tests.Instructions.Arithmetic.SubInstructionTests.ToString_VariousAddressingModes_FormatsCorrectly(register: CG1, mode: Indirect, expectedOperand: &quot;@R3&quot;)" storage="/home/runner/work/ai_msp430_emulator/ai_msp430_emulator/tests/msp430.emulator.tests/bin/release/net8.0/msp430.emulator.tests.dll" id="64677cbc-1773-2d7e-64d8-13367944a85e">
      <Execution id="32654c5b-be48-4640-9ea4-83c4d8254ba8" />
      <TestMethod codeBase="/home/runner/work/ai_msp430_emulator/ai_msp430_emulator/tests/MSP430.Emulator.Tests/bin/Release/net8.0/MSP430.Emulator.Tests.dll" adapterTypeName="executor://xunit/VsTestRunner3/netcore/" className="MSP430.Emulator.Tests.Instructions.Arithmetic.SubInstructionTests" name="ToString_VariousAddressingModes_FormatsCorrectly" />
    </UnitTest>
    <UnitTest name="MSP430.Emulator.Tests.Instructions.AddressingModeDecoderTests.GetConstantGeneratorValue_ValidAsBits_ReturnsCorrectConstant(asBits: 0, expected: 0)" storage="/home/runner/work/ai_msp430_emulator/ai_msp430_emulator/tests/msp430.emulator.tests/bin/release/net8.0/msp430.emulator.tests.dll" id="7aba5e12-9323-4b6d-f724-c6a818623a77">
      <Execution id="3577db45-9ea6-489e-aba8-fca62e05e7ac" />
      <TestMethod codeBase="/home/runner/work/ai_msp430_emulator/ai_msp430_emulator/tests/MSP430.Emulator.Tests/bin/Release/net8.0/MSP430.Emulator.Tests.dll" adapterTypeName="executor://xunit/VsTestRunner3/netcore/" className="MSP430.Emulator.Tests.Instructions.AddressingModeDecoderTests" name="GetConstantGeneratorValue_ValidAsBits_ReturnsCorrectConstant" />
    </UnitTest>
    <UnitTest name="MSP430.Emulator.Tests.Diagnostics.DiagnosticLoggerTests.Dispose_ShouldDisposeInnerLoggerIfDisposable" storage="/home/runner/work/ai_msp430_emulator/ai_msp430_emulator/tests/msp430.emulator.tests/bin/release/net8.0/msp430.emulator.tests.dll" id="2873efd0-8a42-edc2-c3d3-342f92ca1880">
      <Execution id="6107ca95-4934-4495-85c8-6b0a425bc7b9" />
      <TestMethod codeBase="/home/runner/work/ai_msp430_emulator/ai_msp430_emulator/tests/MSP430.Emulator.Tests/bin/Release/net8.0/MSP430.Emulator.Tests.dll" adapterTypeName="executor://xunit/VsTestRunner3/netcore/" className="MSP430.Emulator.Tests.Diagnostics.DiagnosticLoggerTests" name="Dispose_ShouldDisposeInnerLoggerIfDisposable" />
    </UnitTest>
    <UnitTest name="MSP430.Emulator.Tests.Instructions.Logic.AndInstructionTests.ExtensionWordCount_VariousAddressingModes_ReturnsCorrectCount(sourceMode: Indexed, destMode: Register, expectedCount: 1)" storage="/home/runner/work/ai_msp430_emulator/ai_msp430_emulator/tests/msp430.emulator.tests/bin/release/net8.0/msp430.emulator.tests.dll" id="0b6e2456-15b8-7ab4-7e5f-959d43c3d981">
      <Execution id="a115cf3d-056e-4a37-a93a-081de8f618e1" />
      <TestMethod codeBase="/home/runner/work/ai_msp430_emulator/ai_msp430_emulator/tests/MSP430.Emulator.Tests/bin/Release/net8.0/MSP430.Emulator.Tests.dll" adapterTypeName="executor://xunit/VsTestRunner3/netcore/" className="MSP430.Emulator.Tests.Instructions.Logic.AndInstructionTests" name="ExtensionWordCount_VariousAddressingModes_ReturnsCorrectCount" />
    </UnitTest>
    <UnitTest name="MSP430.Emulator.Tests.Configuration.EmulatorConfigTests.LoadFromFile_WithNonExistentFile_ThrowsFileNotFoundException" storage="/home/runner/work/ai_msp430_emulator/ai_msp430_emulator/tests/msp430.emulator.tests/bin/release/net8.0/msp430.emulator.tests.dll" id="31ca2c40-fb86-17a8-8f46-a88f1c00fe12">
      <Execution id="7f30a166-a9e7-42e4-8b68-c18c762b7d24" />
      <TestMethod codeBase="/home/runner/work/ai_msp430_emulator/ai_msp430_emulator/tests/MSP430.Emulator.Tests/bin/Release/net8.0/MSP430.Emulator.Tests.dll" adapterTypeName="executor://xunit/VsTestRunner3/netcore/" className="MSP430.Emulator.Tests.Configuration.EmulatorConfigTests" name="LoadFromFile_WithNonExistentFile_ThrowsFileNotFoundException" />
    </UnitTest>
    <UnitTest name="MSP430.Emulator.Tests.Memory.MemoryAccessValidatorTests.ValidationMethods_LogCorrectAccessTypes" storage="/home/runner/work/ai_msp430_emulator/ai_msp430_emulator/tests/msp430.emulator.tests/bin/release/net8.0/msp430.emulator.tests.dll" id="8e09c60e-cdd1-59f3-1388-ac6eeacc35da">
      <Execution id="c5f1572c-f8ac-4c88-8cfc-36064aa92673" />
      <TestMethod codeBase="/home/runner/work/ai_msp430_emulator/ai_msp430_emulator/tests/MSP430.Emulator.Tests/bin/Release/net8.0/MSP430.Emulator.Tests.dll" adapterTypeName="executor://xunit/VsTestRunner3/netcore/" className="MSP430.Emulator.Tests.Memory.MemoryAccessValidatorTests" name="ValidationMethods_LogCorrectAccessTypes" />
    </UnitTest>
    <UnitTest name="MSP430.Emulator.Tests.Instructions.Arithmetic.IncInstructionTests.Execute_PositiveOverflow_SetsOverflowFlag" storage="/home/runner/work/ai_msp430_emulator/ai_msp430_emulator/tests/msp430.emulator.tests/bin/release/net8.0/msp430.emulator.tests.dll" id="f920ee07-3046-1eeb-94a7-b95710125fcc">
      <Execution id="e19062f7-2bca-4edb-bf86-65e04cac5f81" />
      <TestMethod codeBase="/home/runner/work/ai_msp430_emulator/ai_msp430_emulator/tests/MSP430.Emulator.Tests/bin/Release/net8.0/MSP430.Emulator.Tests.dll" adapterTypeName="executor://xunit/VsTestRunner3/netcore/" className="MSP430.Emulator.Tests.Instructions.Arithmetic.IncInstructionTests" name="Execute_PositiveOverflow_SetsOverflowFlag" />
    </UnitTest>
    <UnitTest name="MSP430.Emulator.Tests.Memory.FlashControllerTests.TryUnlock_ValidKey_ReturnsTrue(validKey: 42495)" storage="/home/runner/work/ai_msp430_emulator/ai_msp430_emulator/tests/msp430.emulator.tests/bin/release/net8.0/msp430.emulator.tests.dll" id="64e6d3ea-0e02-e4df-ea3d-243d6c1d246a">
      <Execution id="6fb06799-b262-40b8-a27e-f3685d178c53" />
      <TestMethod codeBase="/home/runner/work/ai_msp430_emulator/ai_msp430_emulator/tests/MSP430.Emulator.Tests/bin/Release/net8.0/MSP430.Emulator.Tests.dll" adapterTypeName="executor://xunit/VsTestRunner3/netcore/" className="MSP430.Emulator.Tests.Memory.FlashControllerTests" name="TryUnlock_ValidKey_ReturnsTrue" />
    </UnitTest>
    <UnitTest name="MSP430.Emulator.Tests.Instructions.Arithmetic.IncInstructionTests.Properties_VariousRegisters_ReturnCorrectValues(dest: R7)" storage="/home/runner/work/ai_msp430_emulator/ai_msp430_emulator/tests/msp430.emulator.tests/bin/release/net8.0/msp430.emulator.tests.dll" id="9bc3590e-aabf-8c4f-d18b-02756b29b234">
      <Execution id="6e34058d-ae09-4112-9909-f592897f7c2a" />
      <TestMethod codeBase="/home/runner/work/ai_msp430_emulator/ai_msp430_emulator/tests/MSP430.Emulator.Tests/bin/Release/net8.0/MSP430.Emulator.Tests.dll" adapterTypeName="executor://xunit/VsTestRunner3/netcore/" className="MSP430.Emulator.Tests.Instructions.Arithmetic.IncInstructionTests" name="Properties_VariousRegisters_ReturnCorrectValues" />
    </UnitTest>
    <UnitTest name="MSP430.Emulator.Tests.Instructions.Arithmetic.IncInstructionTests.Properties_DifferentRegisters_ReturnCorrectDestination(expected: R4, other: R2)" storage="/home/runner/work/ai_msp430_emulator/ai_msp430_emulator/tests/msp430.emulator.tests/bin/release/net8.0/msp430.emulator.tests.dll" id="644e6b11-bbf0-0b71-1bec-5f6af6355462">
      <Execution id="a8dd244d-b11f-4d3c-9011-5ab1fc122024" />
      <TestMethod codeBase="/home/runner/work/ai_msp430_emulator/ai_msp430_emulator/tests/MSP430.Emulator.Tests/bin/Release/net8.0/MSP430.Emulator.Tests.dll" adapterTypeName="executor://xunit/VsTestRunner3/netcore/" className="MSP430.Emulator.Tests.Instructions.Arithmetic.IncInstructionTests" name="Properties_DifferentRegisters_ReturnCorrectDestination" />
    </UnitTest>
    <UnitTest name="MSP430.Emulator.Tests.Memory.InformationMemoryTests.WriteByte_ToUnprotectedSegment_Succeeds" storage="/home/runner/work/ai_msp430_emulator/ai_msp430_emulator/tests/msp430.emulator.tests/bin/release/net8.0/msp430.emulator.tests.dll" id="0e3ca54d-681c-c8db-fd12-c5c5a0f0facf">
      <Execution id="00e81667-39f4-46a6-933d-f9802cb37c35" />
      <TestMethod codeBase="/home/runner/work/ai_msp430_emulator/ai_msp430_emulator/tests/MSP430.Emulator.Tests/bin/Release/net8.0/MSP430.Emulator.Tests.dll" adapterTypeName="executor://xunit/VsTestRunner3/netcore/" className="MSP430.Emulator.Tests.Memory.InformationMemoryTests" name="WriteByte_ToUnprotectedSegment_Succeeds" />
    </UnitTest>
    <UnitTest name="MSP430.Emulator.Tests.Cpu.StatusRegisterTests.GeneralInterruptEnable_GetSet_WorksCorrectly(value: 65527, expected: False)" storage="/home/runner/work/ai_msp430_emulator/ai_msp430_emulator/tests/msp430.emulator.tests/bin/release/net8.0/msp430.emulator.tests.dll" id="ab13b0bc-6944-08c5-2ee6-e3acd790523d">
      <Execution id="c6531d1d-5b93-4be1-8002-b6bd041bee1b" />
      <TestMethod codeBase="/home/runner/work/ai_msp430_emulator/ai_msp430_emulator/tests/MSP430.Emulator.Tests/bin/Release/net8.0/MSP430.Emulator.Tests.dll" adapterTypeName="executor://xunit/VsTestRunner3/netcore/" className="MSP430.Emulator.Tests.Cpu.StatusRegisterTests" name="GeneralInterruptEnable_GetSet_WorksCorrectly" />
    </UnitTest>
    <UnitTest name="MSP430.Emulator.Tests.Instructions.Arithmetic.IncInstructionTests.AddressingModes_AllSupportedModes_ReturnCorrectValues(mode: Absolute)" storage="/home/runner/work/ai_msp430_emulator/ai_msp430_emulator/tests/msp430.emulator.tests/bin/release/net8.0/msp430.emulator.tests.dll" id="c6c6d9ce-b53a-7fc8-6984-0678fe717dbc">
      <Execution id="3571bd3c-00f1-41e5-b255-864723f400fa" />
      <TestMethod codeBase="/home/runner/work/ai_msp430_emulator/ai_msp430_emulator/tests/MSP430.Emulator.Tests/bin/Release/net8.0/MSP430.Emulator.Tests.dll" adapterTypeName="executor://xunit/VsTestRunner3/netcore/" className="MSP430.Emulator.Tests.Instructions.Arithmetic.IncInstructionTests" name="AddressingModes_AllSupportedModes_ReturnCorrectValues" />
    </UnitTest>
    <UnitTest name="MSP430.Emulator.Tests.Instructions.Logic.BitInstructionTests.SourceRegister_AllRegisters_ReturnsCorrectRegister(register: R0)" storage="/home/runner/work/ai_msp430_emulator/ai_msp430_emulator/tests/msp430.emulator.tests/bin/release/net8.0/msp430.emulator.tests.dll" id="d92f1ec2-0120-4667-2a00-284b798bd015">
      <Execution id="969b423e-63d5-4190-9a58-6b1e7617d7aa" />
      <TestMethod codeBase="/home/runner/work/ai_msp430_emulator/ai_msp430_emulator/tests/MSP430.Emulator.Tests/bin/Release/net8.0/MSP430.Emulator.Tests.dll" adapterTypeName="executor://xunit/VsTestRunner3/netcore/" className="MSP430.Emulator.Tests.Instructions.Logic.BitInstructionTests" name="SourceRegister_AllRegisters_ReturnsCorrectRegister" />
    </UnitTest>
    <UnitTest name="MSP430.Emulator.Tests.Instructions.Arithmetic.AddInstructionTests.AddressingModes_AllSupportedModes_ReturnCorrectValues(mode: Register)" storage="/home/runner/work/ai_msp430_emulator/ai_msp430_emulator/tests/msp430.emulator.tests/bin/release/net8.0/msp430.emulator.tests.dll" id="f3d6ccb9-4bde-9e3a-fde1-860d31f8aad2">
      <Execution id="7914f31a-92b2-437c-8c86-5f1e5d6ef641" />
      <TestMethod codeBase="/home/runner/work/ai_msp430_emulator/ai_msp430_emulator/tests/MSP430.Emulator.Tests/bin/Release/net8.0/MSP430.Emulator.Tests.dll" adapterTypeName="executor://xunit/VsTestRunner3/netcore/" className="MSP430.Emulator.Tests.Instructions.Arithmetic.AddInstructionTests" name="AddressingModes_AllSupportedModes_ReturnCorrectValues" />
    </UnitTest>
    <UnitTest name="MSP430.Emulator.Tests.Instructions.Arithmetic.DecInstructionTests.Properties_DifferentRegisters_ReturnCorrectDestination(expected: R6, other: R7)" storage="/home/runner/work/ai_msp430_emulator/ai_msp430_emulator/tests/msp430.emulator.tests/bin/release/net8.0/msp430.emulator.tests.dll" id="cf161ccb-c64f-a843-7ad2-97e18fc85032">
      <Execution id="94023ef2-7a3f-4f42-8ead-9fa4bc42c78f" />
      <TestMethod codeBase="/home/runner/work/ai_msp430_emulator/ai_msp430_emulator/tests/MSP430.Emulator.Tests/bin/Release/net8.0/MSP430.Emulator.Tests.dll" adapterTypeName="executor://xunit/VsTestRunner3/netcore/" className="MSP430.Emulator.Tests.Instructions.Arithmetic.DecInstructionTests" name="Properties_DifferentRegisters_ReturnCorrectDestination" />
    </UnitTest>
    <UnitTest name="MSP430.Emulator.Tests.Instructions.Logic.BisInstructionTests.SourceRegister_AllRegisters_ReturnsCorrectRegister(register: R2)" storage="/home/runner/work/ai_msp430_emulator/ai_msp430_emulator/tests/msp430.emulator.tests/bin/release/net8.0/msp430.emulator.tests.dll" id="03b6bde9-2e13-28ab-7358-9ef08a96cd9a">
      <Execution id="f6a291bc-0758-4d65-af6b-6491bd226539" />
      <TestMethod codeBase="/home/runner/work/ai_msp430_emulator/ai_msp430_emulator/tests/MSP430.Emulator.Tests/bin/Release/net8.0/MSP430.Emulator.Tests.dll" adapterTypeName="executor://xunit/VsTestRunner3/netcore/" className="MSP430.Emulator.Tests.Instructions.Logic.BisInstructionTests" name="SourceRegister_AllRegisters_ReturnsCorrectRegister" />
    </UnitTest>
    <UnitTest name="MSP430.Emulator.Tests.Instructions.Logic.AndInstructionTests.ExtensionWordCount_VariousAddressingModes_ReturnsCorrectCount(sourceMode: Register, destMode: Symbolic, expectedCount: 1)" storage="/home/runner/work/ai_msp430_emulator/ai_msp430_emulator/tests/msp430.emulator.tests/bin/release/net8.0/msp430.emulator.tests.dll" id="7dd3e3a7-9415-a630-c1f0-cb2f7c5f6098">
      <Execution id="424943c2-a125-4633-a396-e299bdcf004d" />
      <TestMethod codeBase="/home/runner/work/ai_msp430_emulator/ai_msp430_emulator/tests/MSP430.Emulator.Tests/bin/Release/net8.0/MSP430.Emulator.Tests.dll" adapterTypeName="executor://xunit/VsTestRunner3/netcore/" className="MSP430.Emulator.Tests.Instructions.Logic.AndInstructionTests" name="ExtensionWordCount_VariousAddressingModes_ReturnsCorrectCount" />
    </UnitTest>
    <UnitTest name="MSP430.Emulator.Tests.Instructions.Logic.AndInstructionTests.Constructor_ValidParameters_CreatesInstruction" storage="/home/runner/work/ai_msp430_emulator/ai_msp430_emulator/tests/msp430.emulator.tests/bin/release/net8.0/msp430.emulator.tests.dll" id="7ddc33a0-5a13-a452-eec7-6a9bc96cfdca">
      <Execution id="366a021c-c666-4021-a772-38a157b67272" />
      <TestMethod codeBase="/home/runner/work/ai_msp430_emulator/ai_msp430_emulator/tests/MSP430.Emulator.Tests/bin/Release/net8.0/MSP430.Emulator.Tests.dll" adapterTypeName="executor://xunit/VsTestRunner3/netcore/" className="MSP430.Emulator.Tests.Instructions.Logic.AndInstructionTests" name="Constructor_ValidParameters_CreatesInstruction" />
    </UnitTest>
    <UnitTest name="MSP430.Emulator.Tests.Instructions.InstructionDecoderTests.Decode_InvalidInstruction_ThrowsInvalidInstructionException(instructionWord: 5120)" storage="/home/runner/work/ai_msp430_emulator/ai_msp430_emulator/tests/msp430.emulator.tests/bin/release/net8.0/msp430.emulator.tests.dll" id="f4813ebe-f74f-a87c-33f4-157c1ecd9627">
      <Execution id="e3a183b3-a102-4a9b-bf27-090b9422768e" />
      <TestMethod codeBase="/home/runner/work/ai_msp430_emulator/ai_msp430_emulator/tests/MSP430.Emulator.Tests/bin/Release/net8.0/MSP430.Emulator.Tests.dll" adapterTypeName="executor://xunit/VsTestRunner3/netcore/" className="MSP430.Emulator.Tests.Instructions.InstructionDecoderTests" name="Decode_InvalidInstruction_ThrowsInvalidInstructionException" />
    </UnitTest>
    <UnitTest name="MSP430.Emulator.Tests.Memory.FlashControllerTests.TryUnlock_WhenProtected_ReturnsFalse(protectionLevel: SecurityLocked)" storage="/home/runner/work/ai_msp430_emulator/ai_msp430_emulator/tests/msp430.emulator.tests/bin/release/net8.0/msp430.emulator.tests.dll" id="700e5948-9fd9-9bc5-f89a-b9ee32f51d14">
      <Execution id="f01f4e4b-a620-4d9d-b36b-2c01942bc317" />
      <TestMethod codeBase="/home/runner/work/ai_msp430_emulator/ai_msp430_emulator/tests/MSP430.Emulator.Tests/bin/Release/net8.0/MSP430.Emulator.Tests.dll" adapterTypeName="executor://xunit/VsTestRunner3/netcore/" className="MSP430.Emulator.Tests.Memory.FlashControllerTests" name="TryUnlock_WhenProtected_ReturnsFalse" />
    </UnitTest>
    <UnitTest name="MSP430.Emulator.Tests.Instructions.Logic.BisInstructionTests.ExtensionWordCount_VariousAddressingModes_ReturnsCorrectCount(sourceMode: Register, destMode: IndirectAutoIncrement, expectedCount: 0)" storage="/home/runner/work/ai_msp430_emulator/ai_msp430_emulator/tests/msp430.emulator.tests/bin/release/net8.0/msp430.emulator.tests.dll" id="068c2cd2-b900-7174-579d-33fdb3fa8bbe">
      <Execution id="6eeab318-e18b-43cd-8a46-b495ff590a9c" />
      <TestMethod codeBase="/home/runner/work/ai_msp430_emulator/ai_msp430_emulator/tests/MSP430.Emulator.Tests/bin/Release/net8.0/MSP430.Emulator.Tests.dll" adapterTypeName="executor://xunit/VsTestRunner3/netcore/" className="MSP430.Emulator.Tests.Instructions.Logic.BisInstructionTests" name="ExtensionWordCount_VariousAddressingModes_ReturnsCorrectCount" />
    </UnitTest>
    <UnitTest name="MSP430.Emulator.Tests.Memory.InformationMemoryTests.GetSegmentInfo_ReturnsCorrectSegmentInfo(segment: SegmentD, expectedStart: 6144, expectedEnd: 6271, expectedProtection: False)" storage="/home/runner/work/ai_msp430_emulator/ai_msp430_emulator/tests/msp430.emulator.tests/bin/release/net8.0/msp430.emulator.tests.dll" id="af9c744b-baaa-985c-bda7-62bea585e7bd">
      <Execution id="fd930374-e423-4f77-b86a-a74e910c31b3" />
      <TestMethod codeBase="/home/runner/work/ai_msp430_emulator/ai_msp430_emulator/tests/MSP430.Emulator.Tests/bin/Release/net8.0/MSP430.Emulator.Tests.dll" adapterTypeName="executor://xunit/VsTestRunner3/netcore/" className="MSP430.Emulator.Tests.Memory.InformationMemoryTests" name="GetSegmentInfo_ReturnsCorrectSegmentInfo" />
    </UnitTest>
    <UnitTest name="MSP430.Emulator.Tests.Memory.InformationMemoryTests.IsRangeInBounds_VariousRanges_ReturnsExpectedResult(startAddress: 6144, length: 1, expected: True)" storage="/home/runner/work/ai_msp430_emulator/ai_msp430_emulator/tests/msp430.emulator.tests/bin/release/net8.0/msp430.emulator.tests.dll" id="c40a38ee-0007-95a5-dd95-e0d23a630e5f">
      <Execution id="dc772081-823f-479e-ac51-02165c96e203" />
      <TestMethod codeBase="/home/runner/work/ai_msp430_emulator/ai_msp430_emulator/tests/MSP430.Emulator.Tests/bin/Release/net8.0/MSP430.Emulator.Tests.dll" adapterTypeName="executor://xunit/VsTestRunner3/netcore/" className="MSP430.Emulator.Tests.Memory.InformationMemoryTests" name="IsRangeInBounds_VariousRanges_ReturnsExpectedResult" />
    </UnitTest>
    <UnitTest name="MSP430.Emulator.Tests.Instructions.Arithmetic.CmpInstructionTests.AddressingModes_AllSupportedModes_ReturnCorrectValues(mode: Absolute)" storage="/home/runner/work/ai_msp430_emulator/ai_msp430_emulator/tests/msp430.emulator.tests/bin/release/net8.0/msp430.emulator.tests.dll" id="5fe22816-dcb7-b15c-f311-a499cf7d5e3f">
      <Execution id="fb1d759f-c101-4235-9908-3655dab3ffee" />
      <TestMethod codeBase="/home/runner/work/ai_msp430_emulator/ai_msp430_emulator/tests/MSP430.Emulator.Tests/bin/Release/net8.0/MSP430.Emulator.Tests.dll" adapterTypeName="executor://xunit/VsTestRunner3/netcore/" className="MSP430.Emulator.Tests.Instructions.Arithmetic.CmpInstructionTests" name="AddressingModes_AllSupportedModes_ReturnCorrectValues" />
    </UnitTest>
    <UnitTest name="MSP430.Emulator.Tests.Memory.MemoryControllerTests.ReadWord_UnalignedAddress_ThrowsArgumentException(address: 6145)" storage="/home/runner/work/ai_msp430_emulator/ai_msp430_emulator/tests/msp430.emulator.tests/bin/release/net8.0/msp430.emulator.tests.dll" id="204a95ae-1f36-a871-6615-1b4adb91795c">
      <Execution id="5193dcc0-5e9b-401b-aeeb-08c1168a41db" />
      <TestMethod codeBase="/home/runner/work/ai_msp430_emulator/ai_msp430_emulator/tests/MSP430.Emulator.Tests/bin/Release/net8.0/MSP430.Emulator.Tests.dll" adapterTypeName="executor://xunit/VsTestRunner3/netcore/" className="MSP430.Emulator.Tests.Memory.MemoryControllerTests" name="ReadWord_UnalignedAddress_ThrowsArgumentException" />
    </UnitTest>
    <UnitTest name="MSP430.Emulator.Tests.Memory.MemoryControllerTests.ReadByte_InvalidAddress_ThrowsMemoryAccessException(address: 6656)" storage="/home/runner/work/ai_msp430_emulator/ai_msp430_emulator/tests/msp430.emulator.tests/bin/release/net8.0/msp430.emulator.tests.dll" id="56b74728-a9bc-82cb-4c11-0d03fdf8721d">
      <Execution id="0ec6d000-1d22-4e1c-bed7-1158b80f20ea" />
      <TestMethod codeBase="/home/runner/work/ai_msp430_emulator/ai_msp430_emulator/tests/MSP430.Emulator.Tests/bin/Release/net8.0/MSP430.Emulator.Tests.dll" adapterTypeName="executor://xunit/VsTestRunner3/netcore/" className="MSP430.Emulator.Tests.Memory.MemoryControllerTests" name="ReadByte_InvalidAddress_ThrowsMemoryAccessException" />
    </UnitTest>
    <UnitTest name="MSP430.Emulator.Tests.Memory.FlashMemoryTests.ReadWord_ValidAddress_ReturnsErasedValue" storage="/home/runner/work/ai_msp430_emulator/ai_msp430_emulator/tests/msp430.emulator.tests/bin/release/net8.0/msp430.emulator.tests.dll" id="8bb2d048-661c-e4c0-3b95-9025a4972a44">
      <Execution id="6e927256-c64e-4edc-a1a6-b73f0297a48b" />
      <TestMethod codeBase="/home/runner/work/ai_msp430_emulator/ai_msp430_emulator/tests/MSP430.Emulator.Tests/bin/Release/net8.0/MSP430.Emulator.Tests.dll" adapterTypeName="executor://xunit/VsTestRunner3/netcore/" className="MSP430.Emulator.Tests.Memory.FlashMemoryTests" name="ReadWord_ValidAddress_ReturnsErasedValue" />
    </UnitTest>
    <UnitTest name="MSP430.Emulator.Tests.Core.EmulatorCoreTests.Stop_ChangesToStoppedState" storage="/home/runner/work/ai_msp430_emulator/ai_msp430_emulator/tests/msp430.emulator.tests/bin/release/net8.0/msp430.emulator.tests.dll" id="4f713291-e8ab-be76-70bf-ced7b1cf88eb">
      <Execution id="b287653c-4f15-4abe-9fa9-b62093c0dab7" />
      <TestMethod codeBase="/home/runner/work/ai_msp430_emulator/ai_msp430_emulator/tests/MSP430.Emulator.Tests/bin/Release/net8.0/MSP430.Emulator.Tests.dll" adapterTypeName="executor://xunit/VsTestRunner3/netcore/" className="MSP430.Emulator.Tests.Core.EmulatorCoreTests" name="Stop_ChangesToStoppedState" />
    </UnitTest>
    <UnitTest name="MSP430.Emulator.Tests.Memory.MemoryMapTests.GetPermissions_ValidAddress_ReturnsCorrectPermissions" storage="/home/runner/work/ai_msp430_emulator/ai_msp430_emulator/tests/msp430.emulator.tests/bin/release/net8.0/msp430.emulator.tests.dll" id="6692d480-bf57-c33c-b488-8c802afbf4ab">
      <Execution id="62a8dce5-4e5c-438e-a452-5741c91d80f8" />
      <TestMethod codeBase="/home/runner/work/ai_msp430_emulator/ai_msp430_emulator/tests/MSP430.Emulator.Tests/bin/Release/net8.0/MSP430.Emulator.Tests.dll" adapterTypeName="executor://xunit/VsTestRunner3/netcore/" className="MSP430.Emulator.Tests.Memory.MemoryMapTests" name="GetPermissions_ValidAddress_ReturnsCorrectPermissions" />
    </UnitTest>
    <UnitTest name="MSP430.Emulator.Tests.Instructions.AddressingModeDecoderTests.DecodeDestinationAddressingMode_GeneralPurposeRegisters_ReturnsCorrectMode(register: R5, adBit: False, expected: Register)" storage="/home/runner/work/ai_msp430_emulator/ai_msp430_emulator/tests/msp430.emulator.tests/bin/release/net8.0/msp430.emulator.tests.dll" id="faad222d-e9cd-a639-105b-214de2ef4d0e">
      <Execution id="0a845b3e-412d-41c6-9f44-91fbe2926b10" />
      <TestMethod codeBase="/home/runner/work/ai_msp430_emulator/ai_msp430_emulator/tests/MSP430.Emulator.Tests/bin/Release/net8.0/MSP430.Emulator.Tests.dll" adapterTypeName="executor://xunit/VsTestRunner3/netcore/" className="MSP430.Emulator.Tests.Instructions.AddressingModeDecoderTests" name="DecodeDestinationAddressingMode_GeneralPurposeRegisters_ReturnsCorrectMode" />
    </UnitTest>
    <UnitTest name="MSP430.Emulator.Tests.Instructions.Arithmetic.AddInstructionTests.ExtensionWordCount_VariousAddressingModes_ReturnsCorrectCount(sourceMode: Register, destMode: Absolute, expectedCount: 1)" storage="/home/runner/work/ai_msp430_emulator/ai_msp430_emulator/tests/msp430.emulator.tests/bin/release/net8.0/msp430.emulator.tests.dll" id="cfbe43f7-926c-e449-46a2-14f3eed03351">
      <Execution id="d540e5b6-e00c-485f-8901-4f69b56fa2e3" />
      <TestMethod codeBase="/home/runner/work/ai_msp430_emulator/ai_msp430_emulator/tests/MSP430.Emulator.Tests/bin/Release/net8.0/MSP430.Emulator.Tests.dll" adapterTypeName="executor://xunit/VsTestRunner3/netcore/" className="MSP430.Emulator.Tests.Instructions.Arithmetic.AddInstructionTests" name="ExtensionWordCount_VariousAddressingModes_ReturnsCorrectCount" />
    </UnitTest>
    <UnitTest name="MSP430.Emulator.Tests.Instructions.Arithmetic.AddInstructionTests.ToString_VariousAddressingModes_FormatsCorrectly(register: R5, mode: Indexed, expectedOperand: &quot;X(R5)&quot;)" storage="/home/runner/work/ai_msp430_emulator/ai_msp430_emulator/tests/msp430.emulator.tests/bin/release/net8.0/msp430.emulator.tests.dll" id="c5845a37-0be3-b33b-c7ee-de0980026dc2">
      <Execution id="0199d377-9186-4c36-8b18-8f6ce140b92c" />
      <TestMethod codeBase="/home/runner/work/ai_msp430_emulator/ai_msp430_emulator/tests/MSP430.Emulator.Tests/bin/Release/net8.0/MSP430.Emulator.Tests.dll" adapterTypeName="executor://xunit/VsTestRunner3/netcore/" className="MSP430.Emulator.Tests.Instructions.Arithmetic.AddInstructionTests" name="ToString_VariousAddressingModes_FormatsCorrectly" />
    </UnitTest>
    <UnitTest name="MSP430.Emulator.Tests.Instructions.Arithmetic.DecInstructionTests.Execute_IndirectMode_DecrementsMemoryValueAtRegisterAddress" storage="/home/runner/work/ai_msp430_emulator/ai_msp430_emulator/tests/msp430.emulator.tests/bin/release/net8.0/msp430.emulator.tests.dll" id="90eaf774-127e-c2ab-5af1-02cb0e8fceb8">
      <Execution id="878c1260-c3c2-43e1-b5c1-75c14237b1d8" />
      <TestMethod codeBase="/home/runner/work/ai_msp430_emulator/ai_msp430_emulator/tests/MSP430.Emulator.Tests/bin/Release/net8.0/MSP430.Emulator.Tests.dll" adapterTypeName="executor://xunit/VsTestRunner3/netcore/" className="MSP430.Emulator.Tests.Instructions.Arithmetic.DecInstructionTests" name="Execute_IndirectMode_DecrementsMemoryValueAtRegisterAddress" />
    </UnitTest>
    <UnitTest name="MSP430.Emulator.Tests.Instructions.Arithmetic.IncInstructionTests.Constructor_ByteOperation_SetsByteFlag" storage="/home/runner/work/ai_msp430_emulator/ai_msp430_emulator/tests/msp430.emulator.tests/bin/release/net8.0/msp430.emulator.tests.dll" id="9ee25258-df5d-b1f5-0fab-9630bfc9c277">
      <Execution id="aa1241b9-7701-414b-aca4-3761c4e9ed4b" />
      <TestMethod codeBase="/home/runner/work/ai_msp430_emulator/ai_msp430_emulator/tests/MSP430.Emulator.Tests/bin/Release/net8.0/MSP430.Emulator.Tests.dll" adapterTypeName="executor://xunit/VsTestRunner3/netcore/" className="MSP430.Emulator.Tests.Instructions.Arithmetic.IncInstructionTests" name="Constructor_ByteOperation_SetsByteFlag" />
    </UnitTest>
    <UnitTest name="MSP430.Emulator.Tests.Instructions.Arithmetic.IncInstructionTests.ExtensionWordCount_VariousAddressingModes_ReturnsCorrectCount(destMode: IndirectAutoIncrement, expectedCount: 0)" storage="/home/runner/work/ai_msp430_emulator/ai_msp430_emulator/tests/msp430.emulator.tests/bin/release/net8.0/msp430.emulator.tests.dll" id="4d5109b3-3a3a-c52d-b85b-1ab0eaee68c1">
      <Execution id="91d81e49-6f81-4160-bee8-19e718f5c823" />
      <TestMethod codeBase="/home/runner/work/ai_msp430_emulator/ai_msp430_emulator/tests/MSP430.Emulator.Tests/bin/Release/net8.0/MSP430.Emulator.Tests.dll" adapterTypeName="executor://xunit/VsTestRunner3/netcore/" className="MSP430.Emulator.Tests.Instructions.Arithmetic.IncInstructionTests" name="ExtensionWordCount_VariousAddressingModes_ReturnsCorrectCount" />
    </UnitTest>
    <UnitTest name="MSP430.Emulator.Tests.Instructions.Arithmetic.DecInstructionTests.Properties_DifferentRegisters_ReturnCorrectDestination(expected: R4, other: R2)" storage="/home/runner/work/ai_msp430_emulator/ai_msp430_emulator/tests/msp430.emulator.tests/bin/release/net8.0/msp430.emulator.tests.dll" id="bb6afd2b-908c-39a4-c200-4ac382e69bd4">
      <Execution id="9b614090-1cc2-45f8-9594-415f1141317a" />
      <TestMethod codeBase="/home/runner/work/ai_msp430_emulator/ai_msp430_emulator/tests/MSP430.Emulator.Tests/bin/Release/net8.0/MSP430.Emulator.Tests.dll" adapterTypeName="executor://xunit/VsTestRunner3/netcore/" className="MSP430.Emulator.Tests.Instructions.Arithmetic.DecInstructionTests" name="Properties_DifferentRegisters_ReturnCorrectDestination" />
    </UnitTest>
    <UnitTest name="MSP430.Emulator.Tests.Memory.RandomAccessMemoryTests.ReadWord_OddAddress_ThrowsArgumentException(oddAddress: 8195)" storage="/home/runner/work/ai_msp430_emulator/ai_msp430_emulator/tests/msp430.emulator.tests/bin/release/net8.0/msp430.emulator.tests.dll" id="306d6b98-820e-0bf3-5207-b7934b79c2e1">
      <Execution id="8af2dfba-83e8-4123-89c6-0596f7e29c38" />
      <TestMethod codeBase="/home/runner/work/ai_msp430_emulator/ai_msp430_emulator/tests/MSP430.Emulator.Tests/bin/Release/net8.0/MSP430.Emulator.Tests.dll" adapterTypeName="executor://xunit/VsTestRunner3/netcore/" className="MSP430.Emulator.Tests.Memory.RandomAccessMemoryTests" name="ReadWord_OddAddress_ThrowsArgumentException" />
    </UnitTest>
    <UnitTest name="MSP430.Emulator.Tests.Cpu.StatusRegisterTests.UpdateFlagsAfterAddition_WordOperation_SetsCorrectFlags(operand1: 32767, operand2: 1, result: 32768, isByteOp: False, expectedZero: False, expectedNegative: True, expectedCarry: False, expectedOverflow: True)" storage="/home/runner/work/ai_msp430_emulator/ai_msp430_emulator/tests/msp430.emulator.tests/bin/release/net8.0/msp430.emulator.tests.dll" id="6b3101df-2146-9af8-b356-06af5eff56c4">
      <Execution id="ce03df79-427e-44f2-b08c-d8be76583e8c" />
      <TestMethod codeBase="/home/runner/work/ai_msp430_emulator/ai_msp430_emulator/tests/MSP430.Emulator.Tests/bin/Release/net8.0/MSP430.Emulator.Tests.dll" adapterTypeName="executor://xunit/VsTestRunner3/netcore/" className="MSP430.Emulator.Tests.Cpu.StatusRegisterTests" name="UpdateFlagsAfterAddition_WordOperation_SetsCorrectFlags" />
    </UnitTest>
    <UnitTest name="MSP430.Emulator.Tests.Core.EmulatorCoreTests.RemoveBreakpoint_NonExistentBreakpoint_ReturnsFalse" storage="/home/runner/work/ai_msp430_emulator/ai_msp430_emulator/tests/msp430.emulator.tests/bin/release/net8.0/msp430.emulator.tests.dll" id="a2ba5975-03d4-675e-de3c-7b380fe728ee">
      <Execution id="58b19d81-fb54-4cad-9e66-69b35034c9ef" />
      <TestMethod codeBase="/home/runner/work/ai_msp430_emulator/ai_msp430_emulator/tests/MSP430.Emulator.Tests/bin/Release/net8.0/MSP430.Emulator.Tests.dll" adapterTypeName="executor://xunit/VsTestRunner3/netcore/" className="MSP430.Emulator.Tests.Core.EmulatorCoreTests" name="RemoveBreakpoint_NonExistentBreakpoint_ReturnsFalse" />
    </UnitTest>
    <UnitTest name="MSP430.Emulator.Tests.Instructions.Arithmetic.CmpInstructionTests.ExtensionWordCount_VariousAddressingModes_ReturnsCorrectCount(sourceMode: Immediate, destMode: Register, expectedCount: 1)" storage="/home/runner/work/ai_msp430_emulator/ai_msp430_emulator/tests/msp430.emulator.tests/bin/release/net8.0/msp430.emulator.tests.dll" id="776d2769-bfb5-fe5e-a5ad-adbbb87a331d">
      <Execution id="f8d9b3eb-341e-4318-b487-7bef9cc30e3a" />
      <TestMethod codeBase="/home/runner/work/ai_msp430_emulator/ai_msp430_emulator/tests/MSP430.Emulator.Tests/bin/Release/net8.0/MSP430.Emulator.Tests.dll" adapterTypeName="executor://xunit/VsTestRunner3/netcore/" className="MSP430.Emulator.Tests.Instructions.Arithmetic.CmpInstructionTests" name="ExtensionWordCount_VariousAddressingModes_ReturnsCorrectCount" />
    </UnitTest>
    <UnitTest name="MSP430.Emulator.Tests.Memory.FlashControllerTests.OperationLifecycle_EraseOperation_WorksCorrectly" storage="/home/runner/work/ai_msp430_emulator/ai_msp430_emulator/tests/msp430.emulator.tests/bin/release/net8.0/msp430.emulator.tests.dll" id="e2e71f97-dec0-c2f0-66f6-252c76282c41">
      <Execution id="5e7b956f-9f73-41e5-9f2b-979163c4b0b6" />
      <TestMethod codeBase="/home/runner/work/ai_msp430_emulator/ai_msp430_emulator/tests/MSP430.Emulator.Tests/bin/Release/net8.0/MSP430.Emulator.Tests.dll" adapterTypeName="executor://xunit/VsTestRunner3/netcore/" className="MSP430.Emulator.Tests.Memory.FlashControllerTests" name="OperationLifecycle_EraseOperation_WorksCorrectly" />
    </UnitTest>
    <UnitTest name="MSP430.Emulator.Tests.Memory.FlashControllerTests.TryUnlock_ValidKey_ReturnsTrue(validKey: 42240)" storage="/home/runner/work/ai_msp430_emulator/ai_msp430_emulator/tests/msp430.emulator.tests/bin/release/net8.0/msp430.emulator.tests.dll" id="38f9220e-ae81-1077-e951-7be619639b9c">
      <Execution id="e1f629db-d7c9-4071-8869-de4acad2dfac" />
      <TestMethod codeBase="/home/runner/work/ai_msp430_emulator/ai_msp430_emulator/tests/MSP430.Emulator.Tests/bin/Release/net8.0/MSP430.Emulator.Tests.dll" adapterTypeName="executor://xunit/VsTestRunner3/netcore/" className="MSP430.Emulator.Tests.Memory.FlashControllerTests" name="TryUnlock_ValidKey_ReturnsTrue" />
    </UnitTest>
    <UnitTest name="MSP430.Emulator.Tests.Instructions.Logic.BisInstructionTests.ExtensionWordCount_VariousAddressingModes_ReturnsCorrectCount(sourceMode: Symbolic, destMode: Indexed, expectedCount: 2)" storage="/home/runner/work/ai_msp430_emulator/ai_msp430_emulator/tests/msp430.emulator.tests/bin/release/net8.0/msp430.emulator.tests.dll" id="35c17ea2-0e9d-ddb4-1d89-0c62b0cac112">
      <Execution id="77e049fc-14a5-4d09-a894-a9029d7a42ec" />
      <TestMethod codeBase="/home/runner/work/ai_msp430_emulator/ai_msp430_emulator/tests/MSP430.Emulator.Tests/bin/Release/net8.0/MSP430.Emulator.Tests.dll" adapterTypeName="executor://xunit/VsTestRunner3/netcore/" className="MSP430.Emulator.Tests.Instructions.Logic.BisInstructionTests" name="ExtensionWordCount_VariousAddressingModes_ReturnsCorrectCount" />
    </UnitTest>
    <UnitTest name="MSP430.Emulator.Tests.Core.ExecutionStateTests.CanResume_ReturnsExpectedResult(state: Reset, expected: False)" storage="/home/runner/work/ai_msp430_emulator/ai_msp430_emulator/tests/msp430.emulator.tests/bin/release/net8.0/msp430.emulator.tests.dll" id="af922e3b-6d75-ab4e-acec-b9fd2112e784">
      <Execution id="3745e129-e220-4717-b1ef-e968d59b6171" />
      <TestMethod codeBase="/home/runner/work/ai_msp430_emulator/ai_msp430_emulator/tests/MSP430.Emulator.Tests/bin/Release/net8.0/MSP430.Emulator.Tests.dll" adapterTypeName="executor://xunit/VsTestRunner3/netcore/" className="MSP430.Emulator.Tests.Core.ExecutionStateTests" name="CanResume_ReturnsExpectedResult" />
    </UnitTest>
    <UnitTest name="MSP430.Emulator.Tests.Memory.RandomAccessMemoryTests.ReadWord_LastValidEvenAddressOutOfBounds_ThrowsArgumentOutOfRangeException" storage="/home/runner/work/ai_msp430_emulator/ai_msp430_emulator/tests/msp430.emulator.tests/bin/release/net8.0/msp430.emulator.tests.dll" id="c43f9f68-fcb7-d363-c91d-7421ba7fac01">
      <Execution id="ff178cec-3c5d-4673-8b7b-cb9a41cd84e1" />
      <TestMethod codeBase="/home/runner/work/ai_msp430_emulator/ai_msp430_emulator/tests/MSP430.Emulator.Tests/bin/Release/net8.0/MSP430.Emulator.Tests.dll" adapterTypeName="executor://xunit/VsTestRunner3/netcore/" className="MSP430.Emulator.Tests.Memory.RandomAccessMemoryTests" name="ReadWord_LastValidEvenAddressOutOfBounds_ThrowsArgumentOutOfRangeException" />
    </UnitTest>
    <UnitTest name="MSP430.Emulator.Tests.Instructions.Logic.BitInstructionTests.AddressingModes_AllSupportedModes_ReturnCorrectValues(mode: Indexed)" storage="/home/runner/work/ai_msp430_emulator/ai_msp430_emulator/tests/msp430.emulator.tests/bin/release/net8.0/msp430.emulator.tests.dll" id="94cc1943-f1a0-6a2e-34ad-1d527e66b56a">
      <Execution id="7c9437b3-5d85-4632-b602-fceb509147fb" />
      <TestMethod codeBase="/home/runner/work/ai_msp430_emulator/ai_msp430_emulator/tests/MSP430.Emulator.Tests/bin/Release/net8.0/MSP430.Emulator.Tests.dll" adapterTypeName="executor://xunit/VsTestRunner3/netcore/" className="MSP430.Emulator.Tests.Instructions.Logic.BitInstructionTests" name="AddressingModes_AllSupportedModes_ReturnCorrectValues" />
    </UnitTest>
    <UnitTest name="MSP430.Emulator.Tests.Memory.MemoryAccessValidatorTests.IsAccessValid_VariousScenarios_ReturnsExpectedResult(address: 16384, accessType: Write, expected: True)" storage="/home/runner/work/ai_msp430_emulator/ai_msp430_emulator/tests/msp430.emulator.tests/bin/release/net8.0/msp430.emulator.tests.dll" id="2621b2a7-b173-4957-8087-97f597036416">
      <Execution id="7d9e1224-514f-43e1-a9b1-f08db7c28301" />
      <TestMethod codeBase="/home/runner/work/ai_msp430_emulator/ai_msp430_emulator/tests/MSP430.Emulator.Tests/bin/Release/net8.0/MSP430.Emulator.Tests.dll" adapterTypeName="executor://xunit/VsTestRunner3/netcore/" className="MSP430.Emulator.Tests.Memory.MemoryAccessValidatorTests" name="IsAccessValid_VariousScenarios_ReturnsExpectedResult" />
    </UnitTest>
    <UnitTest name="MSP430.Emulator.Tests.Logging.ConsoleLoggerTests.Fatal_WithContext_CallsLogWithFatalLevelAndContext" storage="/home/runner/work/ai_msp430_emulator/ai_msp430_emulator/tests/msp430.emulator.tests/bin/release/net8.0/msp430.emulator.tests.dll" id="864c5d30-7933-f40b-b405-04c5c38b9684">
      <Execution id="d68182db-612d-46fa-8f35-96d410fa106b" />
      <TestMethod codeBase="/home/runner/work/ai_msp430_emulator/ai_msp430_emulator/tests/MSP430.Emulator.Tests/bin/Release/net8.0/MSP430.Emulator.Tests.dll" adapterTypeName="executor://xunit/VsTestRunner3/netcore/" className="MSP430.Emulator.Tests.Logging.ConsoleLoggerTests" name="Fatal_WithContext_CallsLogWithFatalLevelAndContext" />
    </UnitTest>
    <UnitTest name="MSP430.Emulator.Tests.Diagnostics.DiagnosticLoggerTests.Log_BeyondMaxEntries_ShouldMaintainBufferSize" storage="/home/runner/work/ai_msp430_emulator/ai_msp430_emulator/tests/msp430.emulator.tests/bin/release/net8.0/msp430.emulator.tests.dll" id="6a39a1c4-c8b9-cd9d-7142-cbec75bde5c6">
      <Execution id="87ea1316-bc87-4a02-87ad-ee06bc3b3c2d" />
      <TestMethod codeBase="/home/runner/work/ai_msp430_emulator/ai_msp430_emulator/tests/MSP430.Emulator.Tests/bin/Release/net8.0/MSP430.Emulator.Tests.dll" adapterTypeName="executor://xunit/VsTestRunner3/netcore/" className="MSP430.Emulator.Tests.Diagnostics.DiagnosticLoggerTests" name="Log_BeyondMaxEntries_ShouldMaintainBufferSize" />
    </UnitTest>
    <UnitTest name="MSP430.Emulator.Tests.Memory.RandomAccessMemoryTests.Initialize_NoPattern_SetsAllBytesToZero" storage="/home/runner/work/ai_msp430_emulator/ai_msp430_emulator/tests/msp430.emulator.tests/bin/release/net8.0/msp430.emulator.tests.dll" id="56c0dae7-1cfa-5d39-f81d-2f9366901eb2">
      <Execution id="241af4af-4ab2-4588-8e51-6d36162bdcaa" />
      <TestMethod codeBase="/home/runner/work/ai_msp430_emulator/ai_msp430_emulator/tests/MSP430.Emulator.Tests/bin/Release/net8.0/MSP430.Emulator.Tests.dll" adapterTypeName="executor://xunit/VsTestRunner3/netcore/" className="MSP430.Emulator.Tests.Memory.RandomAccessMemoryTests" name="Initialize_NoPattern_SetsAllBytesToZero" />
    </UnitTest>
    <UnitTest name="MSP430.Emulator.Tests.Instructions.InstructionDecoderTests.IsValidInstruction_ValidInstructions_ReturnsTrue(instructionWord: 16384)" storage="/home/runner/work/ai_msp430_emulator/ai_msp430_emulator/tests/msp430.emulator.tests/bin/release/net8.0/msp430.emulator.tests.dll" id="17c1611e-4551-c413-ec83-938bd5745827">
      <Execution id="ffe9212a-ba13-4f7f-9b56-bd5250d61c9e" />
      <TestMethod codeBase="/home/runner/work/ai_msp430_emulator/ai_msp430_emulator/tests/MSP430.Emulator.Tests/bin/Release/net8.0/MSP430.Emulator.Tests.dll" adapterTypeName="executor://xunit/VsTestRunner3/netcore/" className="MSP430.Emulator.Tests.Instructions.InstructionDecoderTests" name="IsValidInstruction_ValidInstructions_ReturnsTrue" />
    </UnitTest>
    <UnitTest name="MSP430.Emulator.Tests.Instructions.AddressingModeDecoderTests.DecodeSourceAddressingMode_R3_ReturnsCorrectMode(asBits: 0, expected: Register)" storage="/home/runner/work/ai_msp430_emulator/ai_msp430_emulator/tests/msp430.emulator.tests/bin/release/net8.0/msp430.emulator.tests.dll" id="11e72a26-1963-f858-d8f1-5601fd12ef16">
      <Execution id="02a13fba-f2c1-486e-a1cd-945d888dbc2d" />
      <TestMethod codeBase="/home/runner/work/ai_msp430_emulator/ai_msp430_emulator/tests/MSP430.Emulator.Tests/bin/Release/net8.0/MSP430.Emulator.Tests.dll" adapterTypeName="executor://xunit/VsTestRunner3/netcore/" className="MSP430.Emulator.Tests.Instructions.AddressingModeDecoderTests" name="DecodeSourceAddressingMode_R3_ReturnsCorrectMode" />
    </UnitTest>
    <UnitTest name="MSP430.Emulator.Tests.Instructions.InstructionDecoderTests.GetInstructionFormat_FormatI_ReturnsFormatI(instructionWord: 20480)" storage="/home/runner/work/ai_msp430_emulator/ai_msp430_emulator/tests/msp430.emulator.tests/bin/release/net8.0/msp430.emulator.tests.dll" id="a47c56cb-8a6d-d085-5bac-3506340f8dd7">
      <Execution id="e3394521-f68b-4971-8426-5ad5e3451514" />
      <TestMethod codeBase="/home/runner/work/ai_msp430_emulator/ai_msp430_emulator/tests/MSP430.Emulator.Tests/bin/Release/net8.0/MSP430.Emulator.Tests.dll" adapterTypeName="executor://xunit/VsTestRunner3/netcore/" className="MSP430.Emulator.Tests.Instructions.InstructionDecoderTests" name="GetInstructionFormat_FormatI_ReturnsFormatI" />
    </UnitTest>
    <UnitTest name="MSP430.Emulator.Tests.Memory.MemoryAccessValidatorTests.ValidateWrite_ValidAddress_DoesNotThrow" storage="/home/runner/work/ai_msp430_emulator/ai_msp430_emulator/tests/msp430.emulator.tests/bin/release/net8.0/msp430.emulator.tests.dll" id="debc0dd4-3380-bf4f-35af-4fef01174d54">
      <Execution id="ed510efe-1648-402d-aab1-d293cbd0b3c8" />
      <TestMethod codeBase="/home/runner/work/ai_msp430_emulator/ai_msp430_emulator/tests/MSP430.Emulator.Tests/bin/Release/net8.0/MSP430.Emulator.Tests.dll" adapterTypeName="executor://xunit/VsTestRunner3/netcore/" className="MSP430.Emulator.Tests.Memory.MemoryAccessValidatorTests" name="ValidateWrite_ValidAddress_DoesNotThrow" />
    </UnitTest>
    <UnitTest name="MSP430.Emulator.Tests.Core.ExecutionStateTests.IsValidTransition_ReturnsExpectedResult(from: Halted, to: Stopped, expected: True)" storage="/home/runner/work/ai_msp430_emulator/ai_msp430_emulator/tests/msp430.emulator.tests/bin/release/net8.0/msp430.emulator.tests.dll" id="33d8b216-fb20-04cd-f1ee-92fc7887910a">
      <Execution id="e439d988-d369-48e4-9336-a415e1986cae" />
      <TestMethod codeBase="/home/runner/work/ai_msp430_emulator/ai_msp430_emulator/tests/MSP430.Emulator.Tests/bin/Release/net8.0/MSP430.Emulator.Tests.dll" adapterTypeName="executor://xunit/VsTestRunner3/netcore/" className="MSP430.Emulator.Tests.Core.ExecutionStateTests" name="IsValidTransition_ReturnsExpectedResult" />
    </UnitTest>
    <UnitTest name="MSP430.Emulator.Tests.Instructions.Arithmetic.SubInstructionTests.ToString_VariousAddressingModes_FormatsCorrectly(register: R5, mode: Indexed, expectedOperand: &quot;X(R5)&quot;)" storage="/home/runner/work/ai_msp430_emulator/ai_msp430_emulator/tests/msp430.emulator.tests/bin/release/net8.0/msp430.emulator.tests.dll" id="90eb5bae-9c9e-7234-9dbc-4ea8bfe0f324">
      <Execution id="f69b32e8-3b80-4fc0-a183-564dbc5aeef3" />
      <TestMethod codeBase="/home/runner/work/ai_msp430_emulator/ai_msp430_emulator/tests/MSP430.Emulator.Tests/bin/Release/net8.0/MSP430.Emulator.Tests.dll" adapterTypeName="executor://xunit/VsTestRunner3/netcore/" className="MSP430.Emulator.Tests.Instructions.Arithmetic.SubInstructionTests" name="ToString_VariousAddressingModes_FormatsCorrectly" />
    </UnitTest>
    <UnitTest name="MSP430.Emulator.Tests.Instructions.Arithmetic.IncInstructionTests.Properties_VariousRegisters_ReturnCorrectValues(dest: CG1)" storage="/home/runner/work/ai_msp430_emulator/ai_msp430_emulator/tests/msp430.emulator.tests/bin/release/net8.0/msp430.emulator.tests.dll" id="2760603d-9f01-518c-aef8-baae7ff58ef9">
      <Execution id="296f0941-e805-4285-9276-b5377c855383" />
      <TestMethod codeBase="/home/runner/work/ai_msp430_emulator/ai_msp430_emulator/tests/MSP430.Emulator.Tests/bin/Release/net8.0/MSP430.Emulator.Tests.dll" adapterTypeName="executor://xunit/VsTestRunner3/netcore/" className="MSP430.Emulator.Tests.Instructions.Arithmetic.IncInstructionTests" name="Properties_VariousRegisters_ReturnCorrectValues" />
    </UnitTest>
    <UnitTest name="MSP430.Emulator.Tests.Instructions.Arithmetic.IncInstructionTests.Execute_ZeroValue_SetsZeroFlag" storage="/home/runner/work/ai_msp430_emulator/ai_msp430_emulator/tests/msp430.emulator.tests/bin/release/net8.0/msp430.emulator.tests.dll" id="f4c7431e-a558-3c29-2d79-074972396e2f">
      <Execution id="3f30736f-eb97-492c-9a35-31bf2e6e107e" />
      <TestMethod codeBase="/home/runner/work/ai_msp430_emulator/ai_msp430_emulator/tests/MSP430.Emulator.Tests/bin/Release/net8.0/MSP430.Emulator.Tests.dll" adapterTypeName="executor://xunit/VsTestRunner3/netcore/" className="MSP430.Emulator.Tests.Instructions.Arithmetic.IncInstructionTests" name="Execute_ZeroValue_SetsZeroFlag" />
    </UnitTest>
    <UnitTest name="MSP430.Emulator.Tests.Core.ExecutionStateTests.IsValidTransition_ReturnsExpectedResult(from: Reset, to: Stopped, expected: True)" storage="/home/runner/work/ai_msp430_emulator/ai_msp430_emulator/tests/msp430.emulator.tests/bin/release/net8.0/msp430.emulator.tests.dll" id="dc52a05f-0d23-6b90-ed3b-3e4c8a6ed9a6">
      <Execution id="44e00ec0-bcec-4f87-ac50-f3b75446504c" />
      <TestMethod codeBase="/home/runner/work/ai_msp430_emulator/ai_msp430_emulator/tests/MSP430.Emulator.Tests/bin/Release/net8.0/MSP430.Emulator.Tests.dll" adapterTypeName="executor://xunit/VsTestRunner3/netcore/" className="MSP430.Emulator.Tests.Core.ExecutionStateTests" name="IsValidTransition_ReturnsExpectedResult" />
    </UnitTest>
    <UnitTest name="MSP430.Emulator.Tests.Instructions.Arithmetic.DecInstructionTests.ExtensionWordCount_VariousAddressingModes_ReturnsCorrectCount(destMode: Symbolic, expectedCount: 1)" storage="/home/runner/work/ai_msp430_emulator/ai_msp430_emulator/tests/msp430.emulator.tests/bin/release/net8.0/msp430.emulator.tests.dll" id="c6bf1c0b-00d8-5f9b-0be4-210ce2ba8218">
      <Execution id="41b6f22e-5d65-4456-9847-3542aa80c1c8" />
      <TestMethod codeBase="/home/runner/work/ai_msp430_emulator/ai_msp430_emulator/tests/MSP430.Emulator.Tests/bin/Release/net8.0/MSP430.Emulator.Tests.dll" adapterTypeName="executor://xunit/VsTestRunner3/netcore/" className="MSP430.Emulator.Tests.Instructions.Arithmetic.DecInstructionTests" name="ExtensionWordCount_VariousAddressingModes_ReturnsCorrectCount" />
    </UnitTest>
    <UnitTest name="MSP430.Emulator.Tests.Instructions.Arithmetic.CmpInstructionTests.ExtensionWordCount_VariousAddressingModes_ReturnsCorrectCount(sourceMode: Register, destMode: Symbolic, expectedCount: 1)" storage="/home/runner/work/ai_msp430_emulator/ai_msp430_emulator/tests/msp430.emulator.tests/bin/release/net8.0/msp430.emulator.tests.dll" id="98c2e076-d38d-2f78-abb9-c117bc488b2e">
      <Execution id="65d561a9-9962-41ab-86a7-e2d20ecfbbea" />
      <TestMethod codeBase="/home/runner/work/ai_msp430_emulator/ai_msp430_emulator/tests/MSP430.Emulator.Tests/bin/Release/net8.0/MSP430.Emulator.Tests.dll" adapterTypeName="executor://xunit/VsTestRunner3/netcore/" className="MSP430.Emulator.Tests.Instructions.Arithmetic.CmpInstructionTests" name="ExtensionWordCount_VariousAddressingModes_ReturnsCorrectCount" />
    </UnitTest>
    <UnitTest name="MSP430.Emulator.Tests.Instructions.Logic.AndInstructionTests.ExtensionWordCount_VariousAddressingModes_ReturnsCorrectCount(sourceMode: Symbolic, destMode: Indexed, expectedCount: 2)" storage="/home/runner/work/ai_msp430_emulator/ai_msp430_emulator/tests/msp430.emulator.tests/bin/release/net8.0/msp430.emulator.tests.dll" id="c2fa84b1-cbbf-97ac-dbf9-63b32f3cb649">
      <Execution id="416fc03b-90c4-4491-9b76-a1f527b620a9" />
      <TestMethod codeBase="/home/runner/work/ai_msp430_emulator/ai_msp430_emulator/tests/MSP430.Emulator.Tests/bin/Release/net8.0/MSP430.Emulator.Tests.dll" adapterTypeName="executor://xunit/VsTestRunner3/netcore/" className="MSP430.Emulator.Tests.Instructions.Logic.AndInstructionTests" name="ExtensionWordCount_VariousAddressingModes_ReturnsCorrectCount" />
    </UnitTest>
    <UnitTest name="MSP430.Emulator.Tests.Instructions.Logic.BitInstructionTests.ExtensionWordCount_VariousAddressingModes_ReturnsCorrectCount(sourceMode: Register, destMode: Symbolic, expectedCount: 1)" storage="/home/runner/work/ai_msp430_emulator/ai_msp430_emulator/tests/msp430.emulator.tests/bin/release/net8.0/msp430.emulator.tests.dll" id="60d56830-6d5a-0539-66b5-15ed03961bf5">
      <Execution id="cfb20ec5-2dd2-4679-9a98-00a0d9ee764b" />
      <TestMethod codeBase="/home/runner/work/ai_msp430_emulator/ai_msp430_emulator/tests/MSP430.Emulator.Tests/bin/Release/net8.0/MSP430.Emulator.Tests.dll" adapterTypeName="executor://xunit/VsTestRunner3/netcore/" className="MSP430.Emulator.Tests.Instructions.Logic.BitInstructionTests" name="ExtensionWordCount_VariousAddressingModes_ReturnsCorrectCount" />
    </UnitTest>
    <UnitTest name="MSP430.Emulator.Tests.Memory.MemoryControllerTests.ReadByte_ValidAddress_ReturnsValue(address: 12287)" storage="/home/runner/work/ai_msp430_emulator/ai_msp430_emulator/tests/msp430.emulator.tests/bin/release/net8.0/msp430.emulator.tests.dll" id="3008b8dd-bddc-8e17-f953-13f3210d179b">
      <Execution id="b68947bc-0276-41b9-8ff5-aff056145c4e" />
      <TestMethod codeBase="/home/runner/work/ai_msp430_emulator/ai_msp430_emulator/tests/MSP430.Emulator.Tests/bin/Release/net8.0/MSP430.Emulator.Tests.dll" adapterTypeName="executor://xunit/VsTestRunner3/netcore/" className="MSP430.Emulator.Tests.Memory.MemoryControllerTests" name="ReadByte_ValidAddress_ReturnsValue" />
    </UnitTest>
    <UnitTest name="MSP430.Emulator.Tests.Instructions.Arithmetic.DecInstructionTests.AddressingModes_AllSupportedModes_ReturnCorrectValues(mode: Symbolic)" storage="/home/runner/work/ai_msp430_emulator/ai_msp430_emulator/tests/msp430.emulator.tests/bin/release/net8.0/msp430.emulator.tests.dll" id="ac0cfcd3-5423-e2f7-5b77-9137904bfbc5">
      <Execution id="9f26116a-cbab-4840-9138-bf2efb18e63c" />
      <TestMethod codeBase="/home/runner/work/ai_msp430_emulator/ai_msp430_emulator/tests/MSP430.Emulator.Tests/bin/Release/net8.0/MSP430.Emulator.Tests.dll" adapterTypeName="executor://xunit/VsTestRunner3/netcore/" className="MSP430.Emulator.Tests.Instructions.Arithmetic.DecInstructionTests" name="AddressingModes_AllSupportedModes_ReturnCorrectValues" />
    </UnitTest>
    <UnitTest name="MSP430.Emulator.Tests.Cpu.StatusRegisterTests.UpdateFlagsAfterSubtraction_WordOperation_SetsCorrectFlags(operand1: 32768, operand2: 1, result: 32767, isByteOp: False, expectedZero: False, expectedNegative: False, expectedCarry: True, expectedOverflow: True)" storage="/home/runner/work/ai_msp430_emulator/ai_msp430_emulator/tests/msp430.emulator.tests/bin/release/net8.0/msp430.emulator.tests.dll" id="92038e51-fb59-f0b4-2ea1-3f17d47e363e">
      <Execution id="3448db5d-2755-4c65-bd7a-89ce83662fd4" />
      <TestMethod codeBase="/home/runner/work/ai_msp430_emulator/ai_msp430_emulator/tests/MSP430.Emulator.Tests/bin/Release/net8.0/MSP430.Emulator.Tests.dll" adapterTypeName="executor://xunit/VsTestRunner3/netcore/" className="MSP430.Emulator.Tests.Cpu.StatusRegisterTests" name="UpdateFlagsAfterSubtraction_WordOperation_SetsCorrectFlags" />
    </UnitTest>
    <UnitTest name="MSP430.Emulator.Tests.Instructions.Arithmetic.CmpInstructionTests.ToString_VariousAddressingModes_FormatsCorrectly(register: R4, mode: IndirectAutoIncrement, expectedOperand: &quot;@R4+&quot;)" storage="/home/runner/work/ai_msp430_emulator/ai_msp430_emulator/tests/msp430.emulator.tests/bin/release/net8.0/msp430.emulator.tests.dll" id="bc9b1341-315e-d950-c77c-8f7e22267107">
      <Execution id="c4758314-2ba9-41c8-aa12-698c38d98053" />
      <TestMethod codeBase="/home/runner/work/ai_msp430_emulator/ai_msp430_emulator/tests/MSP430.Emulator.Tests/bin/Release/net8.0/MSP430.Emulator.Tests.dll" adapterTypeName="executor://xunit/VsTestRunner3/netcore/" className="MSP430.Emulator.Tests.Instructions.Arithmetic.CmpInstructionTests" name="ToString_VariousAddressingModes_FormatsCorrectly" />
    </UnitTest>
    <UnitTest name="MSP430.Emulator.Tests.Memory.InformationMemoryTests.WriteWord_UnalignedAddress_ThrowsArgumentException(unalignedAddress: 6147)" storage="/home/runner/work/ai_msp430_emulator/ai_msp430_emulator/tests/msp430.emulator.tests/bin/release/net8.0/msp430.emulator.tests.dll" id="8cb3dbd4-8d27-85fd-3832-2982a58f7b87">
      <Execution id="b822a140-3418-4eff-8ba7-54b3ba6f3299" />
      <TestMethod codeBase="/home/runner/work/ai_msp430_emulator/ai_msp430_emulator/tests/MSP430.Emulator.Tests/bin/Release/net8.0/MSP430.Emulator.Tests.dll" adapterTypeName="executor://xunit/VsTestRunner3/netcore/" className="MSP430.Emulator.Tests.Memory.InformationMemoryTests" name="WriteWord_UnalignedAddress_ThrowsArgumentException" />
    </UnitTest>
    <UnitTest name="MSP430.Emulator.Tests.Logging.ConsoleLoggerTests.Warning_CallsLogWithWarningLevel" storage="/home/runner/work/ai_msp430_emulator/ai_msp430_emulator/tests/msp430.emulator.tests/bin/release/net8.0/msp430.emulator.tests.dll" id="01be70f8-b6a2-c58c-2818-ec2a7f66b934">
      <Execution id="4c2a8dcb-7a09-475d-8bd2-2b79f1c64b73" />
      <TestMethod codeBase="/home/runner/work/ai_msp430_emulator/ai_msp430_emulator/tests/MSP430.Emulator.Tests/bin/Release/net8.0/MSP430.Emulator.Tests.dll" adapterTypeName="executor://xunit/VsTestRunner3/netcore/" className="MSP430.Emulator.Tests.Logging.ConsoleLoggerTests" name="Warning_CallsLogWithWarningLevel" />
    </UnitTest>
    <UnitTest name="MSP430.Emulator.Tests.Diagnostics.DiagnosticReportGeneratorTests.GenerateReport_ShouldIncludeApplicationInfo" storage="/home/runner/work/ai_msp430_emulator/ai_msp430_emulator/tests/msp430.emulator.tests/bin/release/net8.0/msp430.emulator.tests.dll" id="99097932-b0b8-e442-8755-378bd1dd8964">
      <Execution id="3323cbf8-d21f-4254-89a8-71c530f8ab30" />
      <TestMethod codeBase="/home/runner/work/ai_msp430_emulator/ai_msp430_emulator/tests/MSP430.Emulator.Tests/bin/Release/net8.0/MSP430.Emulator.Tests.dll" adapterTypeName="executor://xunit/VsTestRunner3/netcore/" className="MSP430.Emulator.Tests.Diagnostics.DiagnosticReportGeneratorTests" name="GenerateReport_ShouldIncludeApplicationInfo" />
    </UnitTest>
    <UnitTest name="MSP430.Emulator.Tests.Instructions.Arithmetic.IncInstructionTests.ToString_VariousAddressingModes_FormatsCorrectly(register: R2, mode: Absolute, expectedOperand: &quot;&amp;ADDR&quot;)" storage="/home/runner/work/ai_msp430_emulator/ai_msp430_emulator/tests/msp430.emulator.tests/bin/release/net8.0/msp430.emulator.tests.dll" id="1b1811b0-430e-c2dd-cd4d-9a8dfb19ab2f">
      <Execution id="677afc4b-123a-4c29-bf35-fda0ae24a3cb" />
      <TestMethod codeBase="/home/runner/work/ai_msp430_emulator/ai_msp430_emulator/tests/MSP430.Emulator.Tests/bin/Release/net8.0/MSP430.Emulator.Tests.dll" adapterTypeName="executor://xunit/VsTestRunner3/netcore/" className="MSP430.Emulator.Tests.Instructions.Arithmetic.IncInstructionTests" name="ToString_VariousAddressingModes_FormatsCorrectly" />
    </UnitTest>
    <UnitTest name="MSP430.Emulator.Tests.Instructions.InstructionDecoderTests.ExtractOpcode_FormatIII_ReturnsCorrectOpcode(format: FormatIII, instructionWord: 14336, expected: 6)" storage="/home/runner/work/ai_msp430_emulator/ai_msp430_emulator/tests/msp430.emulator.tests/bin/release/net8.0/msp430.emulator.tests.dll" id="bcdaf314-495e-f9aa-989f-774656ee5440">
      <Execution id="27a48a1d-80cb-4cc4-90f6-8eaf8e0fa9b4" />
      <TestMethod codeBase="/home/runner/work/ai_msp430_emulator/ai_msp430_emulator/tests/MSP430.Emulator.Tests/bin/Release/net8.0/MSP430.Emulator.Tests.dll" adapterTypeName="executor://xunit/VsTestRunner3/netcore/" className="MSP430.Emulator.Tests.Instructions.InstructionDecoderTests" name="ExtractOpcode_FormatIII_ReturnsCorrectOpcode" />
    </UnitTest>
    <UnitTest name="MSP430.Emulator.Tests.Memory.MemoryMapTests.DefaultMemoryLayout_RegionBoundaries_AreCorrect(region: Peripherals16Bit, expectedStart: 512, expectedEnd: 639)" storage="/home/runner/work/ai_msp430_emulator/ai_msp430_emulator/tests/msp430.emulator.tests/bin/release/net8.0/msp430.emulator.tests.dll" id="a9ed9150-803d-be5f-4adf-9719fb2140e1">
      <Execution id="f0f2b43c-364c-48b4-8aab-c4ef74c37579" />
      <TestMethod codeBase="/home/runner/work/ai_msp430_emulator/ai_msp430_emulator/tests/MSP430.Emulator.Tests/bin/Release/net8.0/MSP430.Emulator.Tests.dll" adapterTypeName="executor://xunit/VsTestRunner3/netcore/" className="MSP430.Emulator.Tests.Memory.MemoryMapTests" name="DefaultMemoryLayout_RegionBoundaries_AreCorrect" />
    </UnitTest>
    <UnitTest name="MSP430.Emulator.Tests.Memory.InformationMemoryTests.ReadByte_InvalidAddress_ThrowsArgumentOutOfRangeException(invalidAddress: 6656)" storage="/home/runner/work/ai_msp430_emulator/ai_msp430_emulator/tests/msp430.emulator.tests/bin/release/net8.0/msp430.emulator.tests.dll" id="d0645cce-a119-c46a-cbcd-7437ceeb2c04">
      <Execution id="911622dc-bf3d-459a-807c-ecb1fd584009" />
      <TestMethod codeBase="/home/runner/work/ai_msp430_emulator/ai_msp430_emulator/tests/MSP430.Emulator.Tests/bin/Release/net8.0/MSP430.Emulator.Tests.dll" adapterTypeName="executor://xunit/VsTestRunner3/netcore/" className="MSP430.Emulator.Tests.Memory.InformationMemoryTests" name="ReadByte_InvalidAddress_ThrowsArgumentOutOfRangeException" />
    </UnitTest>
    <UnitTest name="MSP430.Emulator.Tests.Instructions.Logic.BitInstructionTests.ExtensionWordCount_VariousAddressingModes_ReturnsCorrectCount(sourceMode: Register, destMode: Absolute, expectedCount: 1)" storage="/home/runner/work/ai_msp430_emulator/ai_msp430_emulator/tests/msp430.emulator.tests/bin/release/net8.0/msp430.emulator.tests.dll" id="5a288666-8c77-8cd3-ed86-a012a135f766">
      <Execution id="76f3e492-2f02-40b1-8943-14af60d89ed5" />
      <TestMethod codeBase="/home/runner/work/ai_msp430_emulator/ai_msp430_emulator/tests/MSP430.Emulator.Tests/bin/Release/net8.0/MSP430.Emulator.Tests.dll" adapterTypeName="executor://xunit/VsTestRunner3/netcore/" className="MSP430.Emulator.Tests.Instructions.Logic.BitInstructionTests" name="ExtensionWordCount_VariousAddressingModes_ReturnsCorrectCount" />
    </UnitTest>
    <UnitTest name="MSP430.Emulator.Tests.Core.ExecutionStateTests.TransitionTo_ValidTransition_ChangesState" storage="/home/runner/work/ai_msp430_emulator/ai_msp430_emulator/tests/msp430.emulator.tests/bin/release/net8.0/msp430.emulator.tests.dll" id="0a294d3f-4008-faa8-b4fc-8414be36318b">
      <Execution id="6fab1724-224c-46aa-92b6-bbaa00867d36" />
      <TestMethod codeBase="/home/runner/work/ai_msp430_emulator/ai_msp430_emulator/tests/MSP430.Emulator.Tests/bin/Release/net8.0/MSP430.Emulator.Tests.dll" adapterTypeName="executor://xunit/VsTestRunner3/netcore/" className="MSP430.Emulator.Tests.Core.ExecutionStateTests" name="TransitionTo_ValidTransition_ChangesState" />
    </UnitTest>
    <UnitTest name="MSP430.Emulator.Tests.Memory.InformationMemoryTests.IsRangeInBounds_VariousRanges_ReturnsExpectedResult(startAddress: 6144, length: 512, expected: True)" storage="/home/runner/work/ai_msp430_emulator/ai_msp430_emulator/tests/msp430.emulator.tests/bin/release/net8.0/msp430.emulator.tests.dll" id="94b9bbbf-129d-6668-97bb-026424d8e61c">
      <Execution id="3a8d5ec5-2e78-4a2e-b866-a839004ca1a3" />
      <TestMethod codeBase="/home/runner/work/ai_msp430_emulator/ai_msp430_emulator/tests/MSP430.Emulator.Tests/bin/Release/net8.0/MSP430.Emulator.Tests.dll" adapterTypeName="executor://xunit/VsTestRunner3/netcore/" className="MSP430.Emulator.Tests.Memory.InformationMemoryTests" name="IsRangeInBounds_VariousRanges_ReturnsExpectedResult" />
    </UnitTest>
    <UnitTest name="MSP430.Emulator.Tests.Core.EmulatorCoreTests.Reset_ResetsRegisterFileAndState" storage="/home/runner/work/ai_msp430_emulator/ai_msp430_emulator/tests/msp430.emulator.tests/bin/release/net8.0/msp430.emulator.tests.dll" id="349d84ca-0d7f-bba7-bc86-9523483e87bc">
      <Execution id="0e653559-cba3-4290-953b-17ed1052f8b9" />
      <TestMethod codeBase="/home/runner/work/ai_msp430_emulator/ai_msp430_emulator/tests/MSP430.Emulator.Tests/bin/Release/net8.0/MSP430.Emulator.Tests.dll" adapterTypeName="executor://xunit/VsTestRunner3/netcore/" className="MSP430.Emulator.Tests.Core.EmulatorCoreTests" name="Reset_ResetsRegisterFileAndState" />
    </UnitTest>
    <UnitTest name="MSP430.Emulator.Tests.Core.ExecutionStateTests.IsValidTransition_ReturnsExpectedResult(from: SingleStep, to: Stopped, expected: True)" storage="/home/runner/work/ai_msp430_emulator/ai_msp430_emulator/tests/msp430.emulator.tests/bin/release/net8.0/msp430.emulator.tests.dll" id="608499c7-d2f1-832e-31d3-2f7890511b62">
      <Execution id="ae91cd83-fb8f-4c66-85c8-de7ef957305e" />
      <TestMethod codeBase="/home/runner/work/ai_msp430_emulator/ai_msp430_emulator/tests/MSP430.Emulator.Tests/bin/Release/net8.0/MSP430.Emulator.Tests.dll" adapterTypeName="executor://xunit/VsTestRunner3/netcore/" className="MSP430.Emulator.Tests.Core.ExecutionStateTests" name="IsValidTransition_ReturnsExpectedResult" />
    </UnitTest>
    <UnitTest name="MSP430.Emulator.Tests.Instructions.Arithmetic.CmpInstructionTests.ExtensionWordCount_VariousAddressingModes_ReturnsCorrectCount(sourceMode: Register, destMode: Absolute, expectedCount: 1)" storage="/home/runner/work/ai_msp430_emulator/ai_msp430_emulator/tests/msp430.emulator.tests/bin/release/net8.0/msp430.emulator.tests.dll" id="3a3616fd-8c23-316a-e505-422269841f6d">
      <Execution id="590bd33b-c93e-404a-98d3-17c55f07d073" />
      <TestMethod codeBase="/home/runner/work/ai_msp430_emulator/ai_msp430_emulator/tests/MSP430.Emulator.Tests/bin/Release/net8.0/MSP430.Emulator.Tests.dll" adapterTypeName="executor://xunit/VsTestRunner3/netcore/" className="MSP430.Emulator.Tests.Instructions.Arithmetic.CmpInstructionTests" name="ExtensionWordCount_VariousAddressingModes_ReturnsCorrectCount" />
    </UnitTest>
    <UnitTest name="MSP430.Emulator.Tests.Cpu.RegisterFileTests.WriteRegister_StatusRegister_UpdatesStatusRegisterObject" storage="/home/runner/work/ai_msp430_emulator/ai_msp430_emulator/tests/msp430.emulator.tests/bin/release/net8.0/msp430.emulator.tests.dll" id="5bfe9baf-8978-2151-fd54-6dc0e4537e3f">
      <Execution id="7782e904-aad8-4102-8428-3be8b08c4fac" />
      <TestMethod codeBase="/home/runner/work/ai_msp430_emulator/ai_msp430_emulator/tests/MSP430.Emulator.Tests/bin/Release/net8.0/MSP430.Emulator.Tests.dll" adapterTypeName="executor://xunit/VsTestRunner3/netcore/" className="MSP430.Emulator.Tests.Cpu.RegisterFileTests" name="WriteRegister_StatusRegister_UpdatesStatusRegisterObject" />
    </UnitTest>
    <UnitTest name="MSP430.Emulator.Tests.Memory.MemoryControllerTests.IsAccessAllowed_ValidAccess_ReturnsTrue(address: 8192, accessType: Read)" storage="/home/runner/work/ai_msp430_emulator/ai_msp430_emulator/tests/msp430.emulator.tests/bin/release/net8.0/msp430.emulator.tests.dll" id="f2a42d31-2d3c-6924-7fb3-ad9a300f0776">
      <Execution id="520b280b-8b71-4ccc-a08f-5a308d116c4e" />
      <TestMethod codeBase="/home/runner/work/ai_msp430_emulator/ai_msp430_emulator/tests/MSP430.Emulator.Tests/bin/Release/net8.0/MSP430.Emulator.Tests.dll" adapterTypeName="executor://xunit/VsTestRunner3/netcore/" className="MSP430.Emulator.Tests.Memory.MemoryControllerTests" name="IsAccessAllowed_ValidAccess_ReturnsTrue" />
    </UnitTest>
    <UnitTest name="MSP430.Emulator.Tests.Core.ExecutionStateTests.CanExecute_ReturnsExpectedResult(state: Stopped, expected: False)" storage="/home/runner/work/ai_msp430_emulator/ai_msp430_emulator/tests/msp430.emulator.tests/bin/release/net8.0/msp430.emulator.tests.dll" id="a24b4784-b3de-211b-c252-ce57b6dcd259">
      <Execution id="bf2dabf5-aee9-4558-bf3f-49789cc0d7e4" />
      <TestMethod codeBase="/home/runner/work/ai_msp430_emulator/ai_msp430_emulator/tests/MSP430.Emulator.Tests/bin/Release/net8.0/MSP430.Emulator.Tests.dll" adapterTypeName="executor://xunit/VsTestRunner3/netcore/" className="MSP430.Emulator.Tests.Core.ExecutionStateTests" name="CanExecute_ReturnsExpectedResult" />
    </UnitTest>
    <UnitTest name="MSP430.Emulator.Tests.Logging.ConsoleLoggerTests.SuppressOutput_DefaultsToFalse" storage="/home/runner/work/ai_msp430_emulator/ai_msp430_emulator/tests/msp430.emulator.tests/bin/release/net8.0/msp430.emulator.tests.dll" id="d84bea10-5b6d-dd4b-14ae-750d56fa757f">
      <Execution id="b4f3604c-a9e5-4a44-9cda-202c682236c2" />
      <TestMethod codeBase="/home/runner/work/ai_msp430_emulator/ai_msp430_emulator/tests/MSP430.Emulator.Tests/bin/Release/net8.0/MSP430.Emulator.Tests.dll" adapterTypeName="executor://xunit/VsTestRunner3/netcore/" className="MSP430.Emulator.Tests.Logging.ConsoleLoggerTests" name="SuppressOutput_DefaultsToFalse" />
    </UnitTest>
    <UnitTest name="MSP430.Emulator.Tests.Memory.FlashControllerTests.GetEraseCycles_NonEraseOperation_ReturnsZero(operation: Program)" storage="/home/runner/work/ai_msp430_emulator/ai_msp430_emulator/tests/msp430.emulator.tests/bin/release/net8.0/msp430.emulator.tests.dll" id="64f79077-46e1-b887-0751-4625800eac7d">
      <Execution id="b2254319-6cde-49cc-84b4-c3185ca48ebd" />
      <TestMethod codeBase="/home/runner/work/ai_msp430_emulator/ai_msp430_emulator/tests/MSP430.Emulator.Tests/bin/Release/net8.0/MSP430.Emulator.Tests.dll" adapterTypeName="executor://xunit/VsTestRunner3/netcore/" className="MSP430.Emulator.Tests.Memory.FlashControllerTests" name="GetEraseCycles_NonEraseOperation_ReturnsZero" />
    </UnitTest>
    <UnitTest name="MSP430.Emulator.Tests.Memory.FlashMemoryTests.ReadByte_InvalidAddress_ThrowsArgumentOutOfRangeException(invalidAddress: 32767)" storage="/home/runner/work/ai_msp430_emulator/ai_msp430_emulator/tests/msp430.emulator.tests/bin/release/net8.0/msp430.emulator.tests.dll" id="f04490d2-aa85-8945-8b20-102294b7c9c9">
      <Execution id="97b54504-8881-4dae-82de-43603bae03fa" />
      <TestMethod codeBase="/home/runner/work/ai_msp430_emulator/ai_msp430_emulator/tests/MSP430.Emulator.Tests/bin/Release/net8.0/MSP430.Emulator.Tests.dll" adapterTypeName="executor://xunit/VsTestRunner3/netcore/" className="MSP430.Emulator.Tests.Memory.FlashMemoryTests" name="ReadByte_InvalidAddress_ThrowsArgumentOutOfRangeException" />
    </UnitTest>
    <UnitTest name="MSP430.Emulator.Tests.Memory.MemoryControllerTests.PeripheralAccess_ReturnsDefaultValues(address: 256)" storage="/home/runner/work/ai_msp430_emulator/ai_msp430_emulator/tests/msp430.emulator.tests/bin/release/net8.0/msp430.emulator.tests.dll" id="e5dcdb6e-e4b2-02e7-7721-28d672581074">
      <Execution id="0263ea1e-2a20-4f74-9491-911fd3aade0a" />
      <TestMethod codeBase="/home/runner/work/ai_msp430_emulator/ai_msp430_emulator/tests/MSP430.Emulator.Tests/bin/Release/net8.0/MSP430.Emulator.Tests.dll" adapterTypeName="executor://xunit/VsTestRunner3/netcore/" className="MSP430.Emulator.Tests.Memory.MemoryControllerTests" name="PeripheralAccess_ReturnsDefaultValues" />
    </UnitTest>
    <UnitTest name="MSP430.Emulator.Tests.Memory.FlashMemoryTests.Initialize_SetsAllBytesToPattern" storage="/home/runner/work/ai_msp430_emulator/ai_msp430_emulator/tests/msp430.emulator.tests/bin/release/net8.0/msp430.emulator.tests.dll" id="ab52dc2e-233c-9eb6-cd96-0c2298dc3739">
      <Execution id="d7e67a94-0fc7-410e-81d0-101ad3ab7ea3" />
      <TestMethod codeBase="/home/runner/work/ai_msp430_emulator/ai_msp430_emulator/tests/MSP430.Emulator.Tests/bin/Release/net8.0/MSP430.Emulator.Tests.dll" adapterTypeName="executor://xunit/VsTestRunner3/netcore/" className="MSP430.Emulator.Tests.Memory.FlashMemoryTests" name="Initialize_SetsAllBytesToPattern" />
    </UnitTest>
    <UnitTest name="MSP430.Emulator.Tests.Configuration.EmulatorConfigTests.SaveToFile_CreatesValidJson" storage="/home/runner/work/ai_msp430_emulator/ai_msp430_emulator/tests/msp430.emulator.tests/bin/release/net8.0/msp430.emulator.tests.dll" id="12628858-b70a-ad5d-1d7d-fb682b2b793d">
      <Execution id="a6f6fcce-2719-4ea7-b410-98fcf49ab138" />
      <TestMethod codeBase="/home/runner/work/ai_msp430_emulator/ai_msp430_emulator/tests/MSP430.Emulator.Tests/bin/Release/net8.0/MSP430.Emulator.Tests.dll" adapterTypeName="executor://xunit/VsTestRunner3/netcore/" className="MSP430.Emulator.Tests.Configuration.EmulatorConfigTests" name="SaveToFile_CreatesValidJson" />
    </UnitTest>
    <UnitTest name="MSP430.Emulator.Tests.Cpu.RegisterFileTests.ReadRegister_ValidRegister_ReturnsZeroAfterReset(register: R5)" storage="/home/runner/work/ai_msp430_emulator/ai_msp430_emulator/tests/msp430.emulator.tests/bin/release/net8.0/msp430.emulator.tests.dll" id="63fe4f90-5d02-9233-a9fe-a8351a0ebc88">
      <Execution id="06e2b050-bb5e-44f3-b10b-75a6c9d10702" />
      <TestMethod codeBase="/home/runner/work/ai_msp430_emulator/ai_msp430_emulator/tests/MSP430.Emulator.Tests/bin/Release/net8.0/MSP430.Emulator.Tests.dll" adapterTypeName="executor://xunit/VsTestRunner3/netcore/" className="MSP430.Emulator.Tests.Cpu.RegisterFileTests" name="ReadRegister_ValidRegister_ReturnsZeroAfterReset" />
    </UnitTest>
    <UnitTest name="MSP430.Emulator.Tests.Core.EmulatorCoreTests.Run_WithNegativeDuration_ThrowsArgumentOutOfRangeException" storage="/home/runner/work/ai_msp430_emulator/ai_msp430_emulator/tests/msp430.emulator.tests/bin/release/net8.0/msp430.emulator.tests.dll" id="fc78fd1d-9057-a030-a62a-7523ad1f1938">
      <Execution id="20542830-d1f6-45be-a62c-18236f0dc3cf" />
      <TestMethod codeBase="/home/runner/work/ai_msp430_emulator/ai_msp430_emulator/tests/MSP430.Emulator.Tests/bin/Release/net8.0/MSP430.Emulator.Tests.dll" adapterTypeName="executor://xunit/VsTestRunner3/netcore/" className="MSP430.Emulator.Tests.Core.EmulatorCoreTests" name="Run_WithNegativeDuration_ThrowsArgumentOutOfRangeException" />
    </UnitTest>
    <UnitTest name="MSP430.Emulator.Tests.Memory.MemoryControllerTests.Constructor_NullMemoryMap_ThrowsArgumentNullException" storage="/home/runner/work/ai_msp430_emulator/ai_msp430_emulator/tests/msp430.emulator.tests/bin/release/net8.0/msp430.emulator.tests.dll" id="da531414-7ff9-2ad6-049f-5890ddd7e8f3">
      <Execution id="5fa8e79b-f7dd-44e0-bd81-fc331f24dc9c" />
      <TestMethod codeBase="/home/runner/work/ai_msp430_emulator/ai_msp430_emulator/tests/MSP430.Emulator.Tests/bin/Release/net8.0/MSP430.Emulator.Tests.dll" adapterTypeName="executor://xunit/VsTestRunner3/netcore/" className="MSP430.Emulator.Tests.Memory.MemoryControllerTests" name="Constructor_NullMemoryMap_ThrowsArgumentNullException" />
    </UnitTest>
    <UnitTest name="MSP430.Emulator.Tests.Memory.MemoryControllerTests.ReadByte_WithContext_NullContext_ThrowsArgumentNullException" storage="/home/runner/work/ai_msp430_emulator/ai_msp430_emulator/tests/msp430.emulator.tests/bin/release/net8.0/msp430.emulator.tests.dll" id="6e3cf6d7-20ef-1781-f768-1e79afdf2116">
      <Execution id="775d4452-02f1-45a3-9c4d-a1890789d74f" />
      <TestMethod codeBase="/home/runner/work/ai_msp430_emulator/ai_msp430_emulator/tests/MSP430.Emulator.Tests/bin/Release/net8.0/MSP430.Emulator.Tests.dll" adapterTypeName="executor://xunit/VsTestRunner3/netcore/" className="MSP430.Emulator.Tests.Memory.MemoryControllerTests" name="ReadByte_WithContext_NullContext_ThrowsArgumentNullException" />
    </UnitTest>
    <UnitTest name="MSP430.Emulator.Tests.Instructions.Logic.XorInstructionTests.ExtensionWordCount_VariousAddressingModes_ReturnsCorrectCount(sourceMode: Symbolic, destMode: Indexed, expectedCount: 2)" storage="/home/runner/work/ai_msp430_emulator/ai_msp430_emulator/tests/msp430.emulator.tests/bin/release/net8.0/msp430.emulator.tests.dll" id="abb49da3-3aab-6c2e-80f9-82d24ce6ee73">
      <Execution id="db5ac870-98ed-443a-a7d0-aa3c0a741f9e" />
      <TestMethod codeBase="/home/runner/work/ai_msp430_emulator/ai_msp430_emulator/tests/MSP430.Emulator.Tests/bin/Release/net8.0/MSP430.Emulator.Tests.dll" adapterTypeName="executor://xunit/VsTestRunner3/netcore/" className="MSP430.Emulator.Tests.Instructions.Logic.XorInstructionTests" name="ExtensionWordCount_VariousAddressingModes_ReturnsCorrectCount" />
    </UnitTest>
    <UnitTest name="MSP430.Emulator.Tests.Cpu.StatusRegisterTests.UpdateFlagsAfterAddition_WordOperation_SetsCorrectFlags(operand1: 4096, operand2: 8192, result: 12288, isByteOp: False, expectedZero: False, expectedNegative: False, expectedCarry: False, expectedOverflow: False)" storage="/home/runner/work/ai_msp430_emulator/ai_msp430_emulator/tests/msp430.emulator.tests/bin/release/net8.0/msp430.emulator.tests.dll" id="57549b21-f7e2-db07-f7c3-cbb2ed7d0c19">
      <Execution id="2db7499e-80f8-4a86-8458-7109637be2f1" />
      <TestMethod codeBase="/home/runner/work/ai_msp430_emulator/ai_msp430_emulator/tests/MSP430.Emulator.Tests/bin/Release/net8.0/MSP430.Emulator.Tests.dll" adapterTypeName="executor://xunit/VsTestRunner3/netcore/" className="MSP430.Emulator.Tests.Cpu.StatusRegisterTests" name="UpdateFlagsAfterAddition_WordOperation_SetsCorrectFlags" />
    </UnitTest>
    <UnitTest name="MSP430.Emulator.Tests.Instructions.Arithmetic.AddInstructionTests.ExtensionWordCount_VariousAddressingModes_ReturnsCorrectCount(sourceMode: Absolute, destMode: Register, expectedCount: 1)" storage="/home/runner/work/ai_msp430_emulator/ai_msp430_emulator/tests/msp430.emulator.tests/bin/release/net8.0/msp430.emulator.tests.dll" id="41a400e9-0a95-e903-5e55-fe1497febc44">
      <Execution id="23e3df0d-1fa1-4f44-846d-a3bf0835dd12" />
      <TestMethod codeBase="/home/runner/work/ai_msp430_emulator/ai_msp430_emulator/tests/MSP430.Emulator.Tests/bin/Release/net8.0/MSP430.Emulator.Tests.dll" adapterTypeName="executor://xunit/VsTestRunner3/netcore/" className="MSP430.Emulator.Tests.Instructions.Arithmetic.AddInstructionTests" name="ExtensionWordCount_VariousAddressingModes_ReturnsCorrectCount" />
    </UnitTest>
    <UnitTest name="MSP430.Emulator.Tests.Cpu.StatusRegisterTests.MultipleFlags_SetSimultaneously_WorkCorrectly" storage="/home/runner/work/ai_msp430_emulator/ai_msp430_emulator/tests/msp430.emulator.tests/bin/release/net8.0/msp430.emulator.tests.dll" id="4f65b281-42db-2fc9-f996-9954c9059327">
      <Execution id="e55834aa-aac8-4284-ab62-ea97d226fe1d" />
      <TestMethod codeBase="/home/runner/work/ai_msp430_emulator/ai_msp430_emulator/tests/MSP430.Emulator.Tests/bin/Release/net8.0/MSP430.Emulator.Tests.dll" adapterTypeName="executor://xunit/VsTestRunner3/netcore/" className="MSP430.Emulator.Tests.Cpu.StatusRegisterTests" name="MultipleFlags_SetSimultaneously_WorkCorrectly" />
    </UnitTest>
    <UnitTest name="MSP430.Emulator.Tests.Memory.InformationMemoryTests.GetSegment_ValidAddresses_ReturnsCorrectSegment(address: 6144, expectedSegment: SegmentD)" storage="/home/runner/work/ai_msp430_emulator/ai_msp430_emulator/tests/msp430.emulator.tests/bin/release/net8.0/msp430.emulator.tests.dll" id="cb67d998-3243-cf75-67d0-d162ef709f8b">
      <Execution id="2437fe14-fd6e-40f5-9833-01bf342efcf3" />
      <TestMethod codeBase="/home/runner/work/ai_msp430_emulator/ai_msp430_emulator/tests/MSP430.Emulator.Tests/bin/Release/net8.0/MSP430.Emulator.Tests.dll" adapterTypeName="executor://xunit/VsTestRunner3/netcore/" className="MSP430.Emulator.Tests.Memory.InformationMemoryTests" name="GetSegment_ValidAddresses_ReturnsCorrectSegment" />
    </UnitTest>
    <UnitTest name="MSP430.Emulator.Tests.Memory.MemoryControllerTests.MemoryAccessed_Event_RaisedOnMemoryOperation" storage="/home/runner/work/ai_msp430_emulator/ai_msp430_emulator/tests/msp430.emulator.tests/bin/release/net8.0/msp430.emulator.tests.dll" id="723c8056-9ccc-307f-b566-9b3365850c13">
      <Execution id="77981ca4-038f-4f03-93a6-f88885be2caa" />
      <TestMethod codeBase="/home/runner/work/ai_msp430_emulator/ai_msp430_emulator/tests/MSP430.Emulator.Tests/bin/Release/net8.0/MSP430.Emulator.Tests.dll" adapterTypeName="executor://xunit/VsTestRunner3/netcore/" className="MSP430.Emulator.Tests.Memory.MemoryControllerTests" name="MemoryAccessed_Event_RaisedOnMemoryOperation" />
    </UnitTest>
    <UnitTest name="MSP430.Emulator.Tests.Cpu.RegisterFileTests.ReadRegister_ValidRegister_ReturnsZeroAfterReset(register: R11)" storage="/home/runner/work/ai_msp430_emulator/ai_msp430_emulator/tests/msp430.emulator.tests/bin/release/net8.0/msp430.emulator.tests.dll" id="c22a38a6-92da-4b18-d1fb-56e458d9ed56">
      <Execution id="061492a1-62ed-4fd9-9dd0-305d2a0d2869" />
      <TestMethod codeBase="/home/runner/work/ai_msp430_emulator/ai_msp430_emulator/tests/MSP430.Emulator.Tests/bin/Release/net8.0/MSP430.Emulator.Tests.dll" adapterTypeName="executor://xunit/VsTestRunner3/netcore/" className="MSP430.Emulator.Tests.Cpu.RegisterFileTests" name="ReadRegister_ValidRegister_ReturnsZeroAfterReset" />
    </UnitTest>
    <UnitTest name="MSP430.Emulator.Tests.Memory.RandomAccessMemoryTests.IsAddressInBounds_VariousAddresses_ReturnsExpectedResult(address: 8192, expected: True)" storage="/home/runner/work/ai_msp430_emulator/ai_msp430_emulator/tests/msp430.emulator.tests/bin/release/net8.0/msp430.emulator.tests.dll" id="c2c72a94-207c-c318-db63-f7149898fb84">
      <Execution id="d3455e43-c09d-4754-af4f-198d92974fa3" />
      <TestMethod codeBase="/home/runner/work/ai_msp430_emulator/ai_msp430_emulator/tests/MSP430.Emulator.Tests/bin/Release/net8.0/MSP430.Emulator.Tests.dll" adapterTypeName="executor://xunit/VsTestRunner3/netcore/" className="MSP430.Emulator.Tests.Memory.RandomAccessMemoryTests" name="IsAddressInBounds_VariousAddresses_ReturnsExpectedResult" />
    </UnitTest>
    <UnitTest name="MSP430.Emulator.Tests.Instructions.InstructionDecoderTests.GetInstructionFormat_FormatII_ReturnsFormatII(instructionWord: 4352)" storage="/home/runner/work/ai_msp430_emulator/ai_msp430_emulator/tests/msp430.emulator.tests/bin/release/net8.0/msp430.emulator.tests.dll" id="a9b2cfdf-0888-bc25-ff29-4218fd32dc42">
      <Execution id="1ec52703-21ab-4361-b5e8-8411e3e3a87c" />
      <TestMethod codeBase="/home/runner/work/ai_msp430_emulator/ai_msp430_emulator/tests/MSP430.Emulator.Tests/bin/Release/net8.0/MSP430.Emulator.Tests.dll" adapterTypeName="executor://xunit/VsTestRunner3/netcore/" className="MSP430.Emulator.Tests.Instructions.InstructionDecoderTests" name="GetInstructionFormat_FormatII_ReturnsFormatII" />
    </UnitTest>
    <UnitTest name="MSP430.Emulator.Tests.Instructions.Logic.XorInstructionTests.ExtensionWordCount_VariousAddressingModes_ReturnsCorrectCount(sourceMode: Register, destMode: Symbolic, expectedCount: 1)" storage="/home/runner/work/ai_msp430_emulator/ai_msp430_emulator/tests/msp430.emulator.tests/bin/release/net8.0/msp430.emulator.tests.dll" id="d33065b8-20da-ca6c-5cc2-b35e4592961f">
      <Execution id="0daf505f-e15b-41b6-92fc-9ce6a70bfb8c" />
      <TestMethod codeBase="/home/runner/work/ai_msp430_emulator/ai_msp430_emulator/tests/MSP430.Emulator.Tests/bin/Release/net8.0/MSP430.Emulator.Tests.dll" adapterTypeName="executor://xunit/VsTestRunner3/netcore/" className="MSP430.Emulator.Tests.Instructions.Logic.XorInstructionTests" name="ExtensionWordCount_VariousAddressingModes_ReturnsCorrectCount" />
    </UnitTest>
    <UnitTest name="MSP430.Emulator.Tests.Memory.MemorySystemIntegrationTests.MemorySystem_RegionDescriptions_AreCorrect(address: 9472, expectedDescription: &quot;SRAM&quot;)" storage="/home/runner/work/ai_msp430_emulator/ai_msp430_emulator/tests/msp430.emulator.tests/bin/release/net8.0/msp430.emulator.tests.dll" id="1b8408af-2fbd-8782-3229-99f29bb7e3af">
      <Execution id="e199822a-53f0-4369-b381-97a5f5cc36d2" />
      <TestMethod codeBase="/home/runner/work/ai_msp430_emulator/ai_msp430_emulator/tests/MSP430.Emulator.Tests/bin/Release/net8.0/MSP430.Emulator.Tests.dll" adapterTypeName="executor://xunit/VsTestRunner3/netcore/" className="MSP430.Emulator.Tests.Memory.MemorySystemIntegrationTests" name="MemorySystem_RegionDescriptions_AreCorrect" />
    </UnitTest>
    <UnitTest name="MSP430.Emulator.Tests.Memory.FlashMemoryTests.GetSectorNumber_ValidAddress_ReturnsCorrectSector" storage="/home/runner/work/ai_msp430_emulator/ai_msp430_emulator/tests/msp430.emulator.tests/bin/release/net8.0/msp430.emulator.tests.dll" id="75566b3b-83b5-a1be-ac98-20e00d15c8fa">
      <Execution id="94a26b41-527e-478a-a50c-1caeb40079a3" />
      <TestMethod codeBase="/home/runner/work/ai_msp430_emulator/ai_msp430_emulator/tests/MSP430.Emulator.Tests/bin/Release/net8.0/MSP430.Emulator.Tests.dll" adapterTypeName="executor://xunit/VsTestRunner3/netcore/" className="MSP430.Emulator.Tests.Memory.FlashMemoryTests" name="GetSectorNumber_ValidAddress_ReturnsCorrectSector" />
    </UnitTest>
    <UnitTest name="MSP430.Emulator.Tests.Configuration.EmulatorConfigTests.DefaultLoggingConfig_HasExpectedValues" storage="/home/runner/work/ai_msp430_emulator/ai_msp430_emulator/tests/msp430.emulator.tests/bin/release/net8.0/msp430.emulator.tests.dll" id="88b03e77-ad76-04e7-c3cf-27485ef172a6">
      <Execution id="41571eb5-3e1d-4b62-ab8a-cff7085254e6" />
      <TestMethod codeBase="/home/runner/work/ai_msp430_emulator/ai_msp430_emulator/tests/MSP430.Emulator.Tests/bin/Release/net8.0/MSP430.Emulator.Tests.dll" adapterTypeName="executor://xunit/VsTestRunner3/netcore/" className="MSP430.Emulator.Tests.Configuration.EmulatorConfigTests" name="DefaultLoggingConfig_HasExpectedValues" />
    </UnitTest>
    <UnitTest name="MSP430.Emulator.Tests.Memory.InformationMemoryTests.Segments_ContainsAllFourSegments" storage="/home/runner/work/ai_msp430_emulator/ai_msp430_emulator/tests/msp430.emulator.tests/bin/release/net8.0/msp430.emulator.tests.dll" id="c4754b75-b631-e1ac-bfd7-246f126db84d">
      <Execution id="fd368d24-da75-4e13-8a5f-ce98fa9f3cc3" />
      <TestMethod codeBase="/home/runner/work/ai_msp430_emulator/ai_msp430_emulator/tests/MSP430.Emulator.Tests/bin/Release/net8.0/MSP430.Emulator.Tests.dll" adapterTypeName="executor://xunit/VsTestRunner3/netcore/" className="MSP430.Emulator.Tests.Memory.InformationMemoryTests" name="Segments_ContainsAllFourSegments" />
    </UnitTest>
    <UnitTest name="MSP430.Emulator.Tests.Instructions.Arithmetic.CmpInstructionTests.AddressingModes_AllSupportedModes_ReturnCorrectValues(mode: Register)" storage="/home/runner/work/ai_msp430_emulator/ai_msp430_emulator/tests/msp430.emulator.tests/bin/release/net8.0/msp430.emulator.tests.dll" id="5989fd63-245c-ca66-b86d-2c2d3d7cec44">
      <Execution id="f8049bba-bba7-4bcf-a786-31ed9ef15136" />
      <TestMethod codeBase="/home/runner/work/ai_msp430_emulator/ai_msp430_emulator/tests/MSP430.Emulator.Tests/bin/Release/net8.0/MSP430.Emulator.Tests.dll" adapterTypeName="executor://xunit/VsTestRunner3/netcore/" className="MSP430.Emulator.Tests.Instructions.Arithmetic.CmpInstructionTests" name="AddressingModes_AllSupportedModes_ReturnCorrectValues" />
    </UnitTest>
    <UnitTest name="MSP430.Emulator.Tests.Cpu.StatusRegisterTests.Value_SetDirectly_UpdatesAllFlags" storage="/home/runner/work/ai_msp430_emulator/ai_msp430_emulator/tests/msp430.emulator.tests/bin/release/net8.0/msp430.emulator.tests.dll" id="c56fefa1-1039-9dd9-43da-8348ef001adf">
      <Execution id="523f47b5-a58a-4ea2-8c1c-2872d30c6b6d" />
      <TestMethod codeBase="/home/runner/work/ai_msp430_emulator/ai_msp430_emulator/tests/MSP430.Emulator.Tests/bin/Release/net8.0/MSP430.Emulator.Tests.dll" adapterTypeName="executor://xunit/VsTestRunner3/netcore/" className="MSP430.Emulator.Tests.Cpu.StatusRegisterTests" name="Value_SetDirectly_UpdatesAllFlags" />
    </UnitTest>
    <UnitTest name="MSP430.Emulator.Tests.Cpu.StatusRegisterTests.FlagOperations_PreserveOtherBits(initialValue: 65535)" storage="/home/runner/work/ai_msp430_emulator/ai_msp430_emulator/tests/msp430.emulator.tests/bin/release/net8.0/msp430.emulator.tests.dll" id="51ce1862-6025-4c8f-0365-01e5fa4db04b">
      <Execution id="b54df4f3-8eed-4ab3-ade3-83e2f60d3d93" />
      <TestMethod codeBase="/home/runner/work/ai_msp430_emulator/ai_msp430_emulator/tests/MSP430.Emulator.Tests/bin/Release/net8.0/MSP430.Emulator.Tests.dll" adapterTypeName="executor://xunit/VsTestRunner3/netcore/" className="MSP430.Emulator.Tests.Cpu.StatusRegisterTests" name="FlagOperations_PreserveOtherBits" />
    </UnitTest>
    <UnitTest name="MSP430.Emulator.Tests.Memory.MemoryAccessValidatorTests.IsAccessValid_VariousScenarios_ReturnsExpectedResult(address: 768, accessType: Read, expected: False)" storage="/home/runner/work/ai_msp430_emulator/ai_msp430_emulator/tests/msp430.emulator.tests/bin/release/net8.0/msp430.emulator.tests.dll" id="b25f8414-ef4b-7f0a-9d87-3315fe473769">
      <Execution id="23fb7595-09f9-4a56-b460-c7c1e1492f7a" />
      <TestMethod codeBase="/home/runner/work/ai_msp430_emulator/ai_msp430_emulator/tests/MSP430.Emulator.Tests/bin/Release/net8.0/MSP430.Emulator.Tests.dll" adapterTypeName="executor://xunit/VsTestRunner3/netcore/" className="MSP430.Emulator.Tests.Memory.MemoryAccessValidatorTests" name="IsAccessValid_VariousScenarios_ReturnsExpectedResult" />
    </UnitTest>
    <UnitTest name="MSP430.Emulator.Tests.Cpu.StatusRegisterTests.Carry_GetSet_WorksCorrectly(value: 0, expectedCarry: False)" storage="/home/runner/work/ai_msp430_emulator/ai_msp430_emulator/tests/msp430.emulator.tests/bin/release/net8.0/msp430.emulator.tests.dll" id="7e1db0b9-b84e-6486-c88c-faebb87a8b1b">
      <Execution id="70490bcc-7b13-4c3b-b67e-1596a8b0c4fb" />
      <TestMethod codeBase="/home/runner/work/ai_msp430_emulator/ai_msp430_emulator/tests/MSP430.Emulator.Tests/bin/Release/net8.0/MSP430.Emulator.Tests.dll" adapterTypeName="executor://xunit/VsTestRunner3/netcore/" className="MSP430.Emulator.Tests.Cpu.StatusRegisterTests" name="Carry_GetSet_WorksCorrectly" />
    </UnitTest>
    <UnitTest name="MSP430.Emulator.Tests.Diagnostics.DiagnosticLoggerTests.FormatRecentEntries_WithNoEntries_ShouldReturnNoEntriesMessage" storage="/home/runner/work/ai_msp430_emulator/ai_msp430_emulator/tests/msp430.emulator.tests/bin/release/net8.0/msp430.emulator.tests.dll" id="faf2d7c3-e973-897a-c016-940ffd490f63">
      <Execution id="4129605b-f6b5-4f74-a9ec-292e36b09fd2" />
      <TestMethod codeBase="/home/runner/work/ai_msp430_emulator/ai_msp430_emulator/tests/MSP430.Emulator.Tests/bin/Release/net8.0/MSP430.Emulator.Tests.dll" adapterTypeName="executor://xunit/VsTestRunner3/netcore/" className="MSP430.Emulator.Tests.Diagnostics.DiagnosticLoggerTests" name="FormatRecentEntries_WithNoEntries_ShouldReturnNoEntriesMessage" />
    </UnitTest>
    <UnitTest name="MSP430.Emulator.Tests.Instructions.Arithmetic.CmpInstructionTests.ExtensionWordCount_VariousAddressingModes_ReturnsCorrectCount(sourceMode: Register, destMode: Indexed, expectedCount: 1)" storage="/home/runner/work/ai_msp430_emulator/ai_msp430_emulator/tests/msp430.emulator.tests/bin/release/net8.0/msp430.emulator.tests.dll" id="adf4c30f-6ad2-7120-c926-c7b3da8a6e1a">
      <Execution id="66ee69a5-b4a1-45ba-bbc1-bb153321701b" />
      <TestMethod codeBase="/home/runner/work/ai_msp430_emulator/ai_msp430_emulator/tests/MSP430.Emulator.Tests/bin/Release/net8.0/MSP430.Emulator.Tests.dll" adapterTypeName="executor://xunit/VsTestRunner3/netcore/" className="MSP430.Emulator.Tests.Instructions.Arithmetic.CmpInstructionTests" name="ExtensionWordCount_VariousAddressingModes_ReturnsCorrectCount" />
    </UnitTest>
    <UnitTest name="MSP430.Emulator.Tests.Instructions.InstructionDecoderTests.ExtractOpcode_FormatII_ReturnsCorrectOpcode(format: FormatII, instructionWord: 4352, expected: 17)" storage="/home/runner/work/ai_msp430_emulator/ai_msp430_emulator/tests/msp430.emulator.tests/bin/release/net8.0/msp430.emulator.tests.dll" id="3e7a5de6-34c0-1126-bda4-dcc407c4586d">
      <Execution id="4b00a482-9777-40ca-99b2-56ef980d033c" />
      <TestMethod codeBase="/home/runner/work/ai_msp430_emulator/ai_msp430_emulator/tests/MSP430.Emulator.Tests/bin/Release/net8.0/MSP430.Emulator.Tests.dll" adapterTypeName="executor://xunit/VsTestRunner3/netcore/" className="MSP430.Emulator.Tests.Instructions.InstructionDecoderTests" name="ExtractOpcode_FormatII_ReturnsCorrectOpcode" />
    </UnitTest>
    <UnitTest name="MSP430.Emulator.Tests.Instructions.InstructionDecoderTests.Decode_ValidFormatI_ReturnsFormatIInstruction" storage="/home/runner/work/ai_msp430_emulator/ai_msp430_emulator/tests/msp430.emulator.tests/bin/release/net8.0/msp430.emulator.tests.dll" id="37972d02-c707-2fa2-9781-665b2987dd3a">
      <Execution id="f99b0601-425a-4cbd-851e-cdc88550779d" />
      <TestMethod codeBase="/home/runner/work/ai_msp430_emulator/ai_msp430_emulator/tests/MSP430.Emulator.Tests/bin/Release/net8.0/MSP430.Emulator.Tests.dll" adapterTypeName="executor://xunit/VsTestRunner3/netcore/" className="MSP430.Emulator.Tests.Instructions.InstructionDecoderTests" name="Decode_ValidFormatI_ReturnsFormatIInstruction" />
    </UnitTest>
    <UnitTest name="MSP430.Emulator.Tests.Cpu.StatusRegisterTests.Overflow_SetFlag_UpdatesValue" storage="/home/runner/work/ai_msp430_emulator/ai_msp430_emulator/tests/msp430.emulator.tests/bin/release/net8.0/msp430.emulator.tests.dll" id="66d48da9-a7d1-f093-df72-3076f9a578af">
      <Execution id="0dcaed21-606b-42e4-b8d9-a7a6fe3a3cdf" />
      <TestMethod codeBase="/home/runner/work/ai_msp430_emulator/ai_msp430_emulator/tests/MSP430.Emulator.Tests/bin/Release/net8.0/MSP430.Emulator.Tests.dll" adapterTypeName="executor://xunit/VsTestRunner3/netcore/" className="MSP430.Emulator.Tests.Cpu.StatusRegisterTests" name="Overflow_SetFlag_UpdatesValue" />
    </UnitTest>
    <UnitTest name="MSP430.Emulator.Tests.Memory.MemoryControllerTests.Constructor_NullFlash_ThrowsArgumentNullException" storage="/home/runner/work/ai_msp430_emulator/ai_msp430_emulator/tests/msp430.emulator.tests/bin/release/net8.0/msp430.emulator.tests.dll" id="c52ce7b6-dde3-54a2-cf4f-43c77049cd79">
      <Execution id="bb041892-4129-4657-bd48-d4f4a4677645" />
      <TestMethod codeBase="/home/runner/work/ai_msp430_emulator/ai_msp430_emulator/tests/MSP430.Emulator.Tests/bin/Release/net8.0/MSP430.Emulator.Tests.dll" adapterTypeName="executor://xunit/VsTestRunner3/netcore/" className="MSP430.Emulator.Tests.Memory.MemoryControllerTests" name="Constructor_NullFlash_ThrowsArgumentNullException" />
    </UnitTest>
    <UnitTest name="MSP430.Emulator.Tests.Memory.MemoryControllerTests.ReadWord_ValidAddress_ReturnsValue(address: 6654)" storage="/home/runner/work/ai_msp430_emulator/ai_msp430_emulator/tests/msp430.emulator.tests/bin/release/net8.0/msp430.emulator.tests.dll" id="2163fe6d-3097-bf13-3ecf-4dac94431fe2">
      <Execution id="2038a7e8-7359-41be-afc8-e62fe39d290e" />
      <TestMethod codeBase="/home/runner/work/ai_msp430_emulator/ai_msp430_emulator/tests/MSP430.Emulator.Tests/bin/Release/net8.0/MSP430.Emulator.Tests.dll" adapterTypeName="executor://xunit/VsTestRunner3/netcore/" className="MSP430.Emulator.Tests.Memory.MemoryControllerTests" name="ReadWord_ValidAddress_ReturnsValue" />
    </UnitTest>
    <UnitTest name="MSP430.Emulator.Tests.Instructions.Arithmetic.SubInstructionTests.ExtensionWordCount_VariousAddressingModes_ReturnsCorrectCount(sourceMode: Register, destMode: Indexed, expectedCount: 1)" storage="/home/runner/work/ai_msp430_emulator/ai_msp430_emulator/tests/msp430.emulator.tests/bin/release/net8.0/msp430.emulator.tests.dll" id="6a116eea-426d-cfc8-92c2-67b7824f7f05">
      <Execution id="e39e7527-7e1e-41cb-9f11-1263940363d0" />
      <TestMethod codeBase="/home/runner/work/ai_msp430_emulator/ai_msp430_emulator/tests/MSP430.Emulator.Tests/bin/Release/net8.0/MSP430.Emulator.Tests.dll" adapterTypeName="executor://xunit/VsTestRunner3/netcore/" className="MSP430.Emulator.Tests.Instructions.Arithmetic.SubInstructionTests" name="ExtensionWordCount_VariousAddressingModes_ReturnsCorrectCount" />
    </UnitTest>
    <UnitTest name="MSP430.Emulator.Tests.Memory.MemoryControllerTests.GetPermissions_ValidAddress_ReturnsCorrectPermissions" storage="/home/runner/work/ai_msp430_emulator/ai_msp430_emulator/tests/msp430.emulator.tests/bin/release/net8.0/msp430.emulator.tests.dll" id="84dfb929-2dd0-014a-faca-0902c4a800d1">
      <Execution id="eb2a4c7e-4975-459d-a285-529ba9c8ee1e" />
      <TestMethod codeBase="/home/runner/work/ai_msp430_emulator/ai_msp430_emulator/tests/MSP430.Emulator.Tests/bin/Release/net8.0/MSP430.Emulator.Tests.dll" adapterTypeName="executor://xunit/VsTestRunner3/netcore/" className="MSP430.Emulator.Tests.Memory.MemoryControllerTests" name="GetPermissions_ValidAddress_ReturnsCorrectPermissions" />
    </UnitTest>
    <UnitTest name="MSP430.Emulator.Tests.Core.ExecutionStateTests.CanResume_ReturnsExpectedResult(state: Error, expected: False)" storage="/home/runner/work/ai_msp430_emulator/ai_msp430_emulator/tests/msp430.emulator.tests/bin/release/net8.0/msp430.emulator.tests.dll" id="d1597ed7-b510-b911-595d-595b36845c22">
      <Execution id="880e75fd-ed01-4280-b337-af9aab8ebe08" />
      <TestMethod codeBase="/home/runner/work/ai_msp430_emulator/ai_msp430_emulator/tests/MSP430.Emulator.Tests/bin/Release/net8.0/MSP430.Emulator.Tests.dll" adapterTypeName="executor://xunit/VsTestRunner3/netcore/" className="MSP430.Emulator.Tests.Core.ExecutionStateTests" name="CanResume_ReturnsExpectedResult" />
    </UnitTest>
    <UnitTest name="MSP430.Emulator.Tests.Instructions.AddressingModeDecoderTests.IsValidRegister_VariousValues_ReturnsCorrectResult(registerBits: 16, expected: False)" storage="/home/runner/work/ai_msp430_emulator/ai_msp430_emulator/tests/msp430.emulator.tests/bin/release/net8.0/msp430.emulator.tests.dll" id="c2a4e4db-681e-a542-f7de-05e6fe711833">
      <Execution id="35688544-f47f-430a-8ee0-b50cc2609d2f" />
      <TestMethod codeBase="/home/runner/work/ai_msp430_emulator/ai_msp430_emulator/tests/MSP430.Emulator.Tests/bin/Release/net8.0/MSP430.Emulator.Tests.dll" adapterTypeName="executor://xunit/VsTestRunner3/netcore/" className="MSP430.Emulator.Tests.Instructions.AddressingModeDecoderTests" name="IsValidRegister_VariousValues_ReturnsCorrectResult" />
    </UnitTest>
    <UnitTest name="MSP430.Emulator.Tests.Instructions.Arithmetic.IncInstructionTests.Properties_DifferentRegisters_ReturnCorrectDestination(expected: R6, other: R7)" storage="/home/runner/work/ai_msp430_emulator/ai_msp430_emulator/tests/msp430.emulator.tests/bin/release/net8.0/msp430.emulator.tests.dll" id="0d74c78c-65eb-c0c4-4d49-f9980ea9c59c">
      <Execution id="9d78ba3c-a07d-424a-b46d-d5d59bdc89a5" />
      <TestMethod codeBase="/home/runner/work/ai_msp430_emulator/ai_msp430_emulator/tests/MSP430.Emulator.Tests/bin/Release/net8.0/MSP430.Emulator.Tests.dll" adapterTypeName="executor://xunit/VsTestRunner3/netcore/" className="MSP430.Emulator.Tests.Instructions.Arithmetic.IncInstructionTests" name="Properties_DifferentRegisters_ReturnCorrectDestination" />
    </UnitTest>
    <UnitTest name="MSP430.Emulator.Tests.Configuration.EmulatorConfigTests.SaveToFile_CreatesFile" storage="/home/runner/work/ai_msp430_emulator/ai_msp430_emulator/tests/msp430.emulator.tests/bin/release/net8.0/msp430.emulator.tests.dll" id="b2845bde-23ff-e6e0-f289-0f76c8c632a3">
      <Execution id="09661e98-9324-4c5f-8959-7fd15413e201" />
      <TestMethod codeBase="/home/runner/work/ai_msp430_emulator/ai_msp430_emulator/tests/MSP430.Emulator.Tests/bin/Release/net8.0/MSP430.Emulator.Tests.dll" adapterTypeName="executor://xunit/VsTestRunner3/netcore/" className="MSP430.Emulator.Tests.Configuration.EmulatorConfigTests" name="SaveToFile_CreatesFile" />
    </UnitTest>
    <UnitTest name="MSP430.Emulator.Tests.Memory.RandomAccessMemoryTests.GetWriteCycles_AllAddresses_ReturnsConstantCycles(address: 8192, isWordAccess: True, expectedCycles: 1)" storage="/home/runner/work/ai_msp430_emulator/ai_msp430_emulator/tests/msp430.emulator.tests/bin/release/net8.0/msp430.emulator.tests.dll" id="7815237b-a7df-b564-96b4-ed66558deede">
      <Execution id="03d8814d-442e-4d1a-acea-0a81b204959b" />
      <TestMethod codeBase="/home/runner/work/ai_msp430_emulator/ai_msp430_emulator/tests/MSP430.Emulator.Tests/bin/Release/net8.0/MSP430.Emulator.Tests.dll" adapterTypeName="executor://xunit/VsTestRunner3/netcore/" className="MSP430.Emulator.Tests.Memory.RandomAccessMemoryTests" name="GetWriteCycles_AllAddresses_ReturnsConstantCycles" />
    </UnitTest>
    <UnitTest name="MSP430.Emulator.Tests.Cpu.StatusRegisterTests.FlagOperations_PreserveOtherBits(initialValue: 7)" storage="/home/runner/work/ai_msp430_emulator/ai_msp430_emulator/tests/msp430.emulator.tests/bin/release/net8.0/msp430.emulator.tests.dll" id="631bcc84-2bb9-69fc-ad45-186941febddb">
      <Execution id="7f631bc1-342e-4ab2-a8c9-b9528f751991" />
      <TestMethod codeBase="/home/runner/work/ai_msp430_emulator/ai_msp430_emulator/tests/MSP430.Emulator.Tests/bin/Release/net8.0/MSP430.Emulator.Tests.dll" adapterTypeName="executor://xunit/VsTestRunner3/netcore/" className="MSP430.Emulator.Tests.Cpu.StatusRegisterTests" name="FlagOperations_PreserveOtherBits" />
    </UnitTest>
    <UnitTest name="MSP430.Emulator.Tests.Memory.FlashControllerTests.GetEraseCycles_ValidOperation_ReturnsExpectedCycles(operation: MassErase)" storage="/home/runner/work/ai_msp430_emulator/ai_msp430_emulator/tests/msp430.emulator.tests/bin/release/net8.0/msp430.emulator.tests.dll" id="b16c9e8d-b84b-0d8b-cc5f-33477d530fbe">
      <Execution id="d48ef4fd-dd0f-4aae-b431-2f366bd64efd" />
      <TestMethod codeBase="/home/runner/work/ai_msp430_emulator/ai_msp430_emulator/tests/MSP430.Emulator.Tests/bin/Release/net8.0/MSP430.Emulator.Tests.dll" adapterTypeName="executor://xunit/VsTestRunner3/netcore/" className="MSP430.Emulator.Tests.Memory.FlashControllerTests" name="GetEraseCycles_ValidOperation_ReturnsExpectedCycles" />
    </UnitTest>
    <UnitTest name="MSP430.Emulator.Tests.Memory.MemoryControllerTests.IsValidAddress_ValidAddresses_ReturnsTrue(address: 6144)" storage="/home/runner/work/ai_msp430_emulator/ai_msp430_emulator/tests/msp430.emulator.tests/bin/release/net8.0/msp430.emulator.tests.dll" id="44054c77-4207-0eab-5995-4409d39fd655">
      <Execution id="8d9527ed-c4a8-4b80-858d-7046706bea8b" />
      <TestMethod codeBase="/home/runner/work/ai_msp430_emulator/ai_msp430_emulator/tests/MSP430.Emulator.Tests/bin/Release/net8.0/MSP430.Emulator.Tests.dll" adapterTypeName="executor://xunit/VsTestRunner3/netcore/" className="MSP430.Emulator.Tests.Memory.MemoryControllerTests" name="IsValidAddress_ValidAddresses_ReturnsTrue" />
    </UnitTest>
    <UnitTest name="MSP430.Emulator.Tests.Instructions.Arithmetic.IncInstructionTests.Format_IsFormatI" storage="/home/runner/work/ai_msp430_emulator/ai_msp430_emulator/tests/msp430.emulator.tests/bin/release/net8.0/msp430.emulator.tests.dll" id="2bae9fa0-bdb3-021d-8311-3279d349a6f0">
      <Execution id="0b6455de-e2d8-47a5-9343-402b53fa4af0" />
      <TestMethod codeBase="/home/runner/work/ai_msp430_emulator/ai_msp430_emulator/tests/MSP430.Emulator.Tests/bin/Release/net8.0/MSP430.Emulator.Tests.dll" adapterTypeName="executor://xunit/VsTestRunner3/netcore/" className="MSP430.Emulator.Tests.Instructions.Arithmetic.IncInstructionTests" name="Format_IsFormatI" />
    </UnitTest>
    <UnitTest name="MSP430.Emulator.Tests.Cpu.RegisterFileTests.WriteRegisterLowByte_ValidRegister_UpdatesLowByteOnly" storage="/home/runner/work/ai_msp430_emulator/ai_msp430_emulator/tests/msp430.emulator.tests/bin/release/net8.0/msp430.emulator.tests.dll" id="8fc92e51-8825-8e28-9cc4-2995580b095d">
      <Execution id="fe2f0e38-0001-4141-8218-50886c737e6a" />
      <TestMethod codeBase="/home/runner/work/ai_msp430_emulator/ai_msp430_emulator/tests/MSP430.Emulator.Tests/bin/Release/net8.0/MSP430.Emulator.Tests.dll" adapterTypeName="executor://xunit/VsTestRunner3/netcore/" className="MSP430.Emulator.Tests.Cpu.RegisterFileTests" name="WriteRegisterLowByte_ValidRegister_UpdatesLowByteOnly" />
    </UnitTest>
    <UnitTest name="MSP430.Emulator.Tests.Memory.MemoryMapTests.IsValidAddress_InvalidAddresses_ReturnsFalse" storage="/home/runner/work/ai_msp430_emulator/ai_msp430_emulator/tests/msp430.emulator.tests/bin/release/net8.0/msp430.emulator.tests.dll" id="1403d926-bad0-d918-fac5-aa969df60265">
      <Execution id="e991a85d-76de-434c-95bc-3a755363ee30" />
      <TestMethod codeBase="/home/runner/work/ai_msp430_emulator/ai_msp430_emulator/tests/MSP430.Emulator.Tests/bin/Release/net8.0/MSP430.Emulator.Tests.dll" adapterTypeName="executor://xunit/VsTestRunner3/netcore/" className="MSP430.Emulator.Tests.Memory.MemoryMapTests" name="IsValidAddress_InvalidAddresses_ReturnsFalse" />
    </UnitTest>
    <UnitTest name="MSP430.Emulator.Tests.Instructions.Arithmetic.IncInstructionTests.Execute_RegisterMode_ByteOperation_IncrementsLowByteOnly" storage="/home/runner/work/ai_msp430_emulator/ai_msp430_emulator/tests/msp430.emulator.tests/bin/release/net8.0/msp430.emulator.tests.dll" id="b0f590bc-8ffd-a606-2551-615a1be6d336">
      <Execution id="2f2701dc-0938-47d1-aba4-76cba2e8dfb6" />
      <TestMethod codeBase="/home/runner/work/ai_msp430_emulator/ai_msp430_emulator/tests/MSP430.Emulator.Tests/bin/Release/net8.0/MSP430.Emulator.Tests.dll" adapterTypeName="executor://xunit/VsTestRunner3/netcore/" className="MSP430.Emulator.Tests.Instructions.Arithmetic.IncInstructionTests" name="Execute_RegisterMode_ByteOperation_IncrementsLowByteOnly" />
    </UnitTest>
    <UnitTest name="MSP430.Emulator.Tests.Instructions.Logic.XorInstructionTests.SourceRegister_AllRegisters_ReturnsCorrectRegister(register: R2)" storage="/home/runner/work/ai_msp430_emulator/ai_msp430_emulator/tests/msp430.emulator.tests/bin/release/net8.0/msp430.emulator.tests.dll" id="4e0bbfbe-fa52-a8b5-45a2-0c2e5206224b">
      <Execution id="813c029c-c499-4005-848a-0807259e7354" />
      <TestMethod codeBase="/home/runner/work/ai_msp430_emulator/ai_msp430_emulator/tests/MSP430.Emulator.Tests/bin/Release/net8.0/MSP430.Emulator.Tests.dll" adapterTypeName="executor://xunit/VsTestRunner3/netcore/" className="MSP430.Emulator.Tests.Instructions.Logic.XorInstructionTests" name="SourceRegister_AllRegisters_ReturnsCorrectRegister" />
    </UnitTest>
    <UnitTest name="MSP430.Emulator.Tests.Instructions.InstructionDecoderTests.GetInstructionFormat_FormatIII_ReturnsFormatIII(instructionWord: 8192)" storage="/home/runner/work/ai_msp430_emulator/ai_msp430_emulator/tests/msp430.emulator.tests/bin/release/net8.0/msp430.emulator.tests.dll" id="564ecd03-ea2c-9762-e07c-9a61aee5cdd9">
      <Execution id="aace4ba2-4eb3-4fd2-9c2d-480079db41c8" />
      <TestMethod codeBase="/home/runner/work/ai_msp430_emulator/ai_msp430_emulator/tests/MSP430.Emulator.Tests/bin/Release/net8.0/MSP430.Emulator.Tests.dll" adapterTypeName="executor://xunit/VsTestRunner3/netcore/" className="MSP430.Emulator.Tests.Instructions.InstructionDecoderTests" name="GetInstructionFormat_FormatIII_ReturnsFormatIII" />
    </UnitTest>
    <UnitTest name="MSP430.Emulator.Tests.Instructions.Arithmetic.CmpInstructionTests.ExtensionWordCount_VariousAddressingModes_ReturnsCorrectCount(sourceMode: Symbolic, destMode: Indexed, expectedCount: 2)" storage="/home/runner/work/ai_msp430_emulator/ai_msp430_emulator/tests/msp430.emulator.tests/bin/release/net8.0/msp430.emulator.tests.dll" id="113b2982-27af-5ccf-6777-c7592b9f9687">
      <Execution id="f38445aa-1a37-4dca-a7d4-cac84c59ccb0" />
      <TestMethod codeBase="/home/runner/work/ai_msp430_emulator/ai_msp430_emulator/tests/MSP430.Emulator.Tests/bin/Release/net8.0/MSP430.Emulator.Tests.dll" adapterTypeName="executor://xunit/VsTestRunner3/netcore/" className="MSP430.Emulator.Tests.Instructions.Arithmetic.CmpInstructionTests" name="ExtensionWordCount_VariousAddressingModes_ReturnsCorrectCount" />
    </UnitTest>
    <UnitTest name="MSP430.Emulator.Tests.Memory.MemoryAccessValidatorTests.ValidateRead_LogsWarningOnViolation" storage="/home/runner/work/ai_msp430_emulator/ai_msp430_emulator/tests/msp430.emulator.tests/bin/release/net8.0/msp430.emulator.tests.dll" id="310f1b82-e808-34b8-798b-1f21d0f43a58">
      <Execution id="0984f87a-2bac-48a4-8519-c4308908afc1" />
      <TestMethod codeBase="/home/runner/work/ai_msp430_emulator/ai_msp430_emulator/tests/MSP430.Emulator.Tests/bin/Release/net8.0/MSP430.Emulator.Tests.dll" adapterTypeName="executor://xunit/VsTestRunner3/netcore/" className="MSP430.Emulator.Tests.Memory.MemoryAccessValidatorTests" name="ValidateRead_LogsWarningOnViolation" />
    </UnitTest>
    <UnitTest name="MSP430.Emulator.Tests.Core.EmulatorCoreTests.Constructor_WithNullRegisterFile_ThrowsArgumentNullException" storage="/home/runner/work/ai_msp430_emulator/ai_msp430_emulator/tests/msp430.emulator.tests/bin/release/net8.0/msp430.emulator.tests.dll" id="b8e3fbe2-3146-ac1f-7f62-4986b43f03a7">
      <Execution id="c85c40b0-affc-4790-a164-921b9f4a344e" />
      <TestMethod codeBase="/home/runner/work/ai_msp430_emulator/ai_msp430_emulator/tests/MSP430.Emulator.Tests/bin/Release/net8.0/MSP430.Emulator.Tests.dll" adapterTypeName="executor://xunit/VsTestRunner3/netcore/" className="MSP430.Emulator.Tests.Core.EmulatorCoreTests" name="Constructor_WithNullRegisterFile_ThrowsArgumentNullException" />
    </UnitTest>
    <UnitTest name="MSP430.Emulator.Tests.Memory.FlashMemoryTests.GetProgramCycles_ReturnsCorrectCycles" storage="/home/runner/work/ai_msp430_emulator/ai_msp430_emulator/tests/msp430.emulator.tests/bin/release/net8.0/msp430.emulator.tests.dll" id="cc5a4ed8-dd58-b7c4-0928-27503b3e3d57">
      <Execution id="c7708796-7201-4690-8606-18c6086fa5c7" />
      <TestMethod codeBase="/home/runner/work/ai_msp430_emulator/ai_msp430_emulator/tests/MSP430.Emulator.Tests/bin/Release/net8.0/MSP430.Emulator.Tests.dll" adapterTypeName="executor://xunit/VsTestRunner3/netcore/" className="MSP430.Emulator.Tests.Memory.FlashMemoryTests" name="GetProgramCycles_ReturnsCorrectCycles" />
    </UnitTest>
    <UnitTest name="MSP430.Emulator.Tests.Instructions.AddressingModeDecoderTests.RequiresExtensionWord_VariousModes_ReturnsCorrectResult(mode: Indexed, expected: True)" storage="/home/runner/work/ai_msp430_emulator/ai_msp430_emulator/tests/msp430.emulator.tests/bin/release/net8.0/msp430.emulator.tests.dll" id="ffa5104f-1dad-0eab-e639-2299d32abeb2">
      <Execution id="8a3caee8-f141-4a82-8678-4909348cfa6f" />
      <TestMethod codeBase="/home/runner/work/ai_msp430_emulator/ai_msp430_emulator/tests/MSP430.Emulator.Tests/bin/Release/net8.0/MSP430.Emulator.Tests.dll" adapterTypeName="executor://xunit/VsTestRunner3/netcore/" className="MSP430.Emulator.Tests.Instructions.AddressingModeDecoderTests" name="RequiresExtensionWord_VariousModes_ReturnsCorrectResult" />
    </UnitTest>
    <UnitTest name="MSP430.Emulator.Tests.Instructions.Logic.AndInstructionTests.ToString_VariousAddressingModes_FormatsCorrectly(mode: Absolute, expectedOperand: &quot;&amp;ADDR&quot;)" storage="/home/runner/work/ai_msp430_emulator/ai_msp430_emulator/tests/msp430.emulator.tests/bin/release/net8.0/msp430.emulator.tests.dll" id="e715fab4-35b7-d338-23d3-4a9b8bc6e450">
      <Execution id="6f9c476d-53f6-4744-9dbd-8fafdab5b721" />
      <TestMethod codeBase="/home/runner/work/ai_msp430_emulator/ai_msp430_emulator/tests/MSP430.Emulator.Tests/bin/Release/net8.0/MSP430.Emulator.Tests.dll" adapterTypeName="executor://xunit/VsTestRunner3/netcore/" className="MSP430.Emulator.Tests.Instructions.Logic.AndInstructionTests" name="ToString_VariousAddressingModes_FormatsCorrectly" />
    </UnitTest>
    <UnitTest name="MSP430.Emulator.Tests.Cpu.RegisterFileTests.WriteRegister_ValidRegister_StoresValue(register: R0, value: 4660)" storage="/home/runner/work/ai_msp430_emulator/ai_msp430_emulator/tests/msp430.emulator.tests/bin/release/net8.0/msp430.emulator.tests.dll" id="4a5b0827-968e-54f5-bf33-05b9a540291d">
      <Execution id="82c3cee5-2c0a-462d-b867-adf65b922008" />
      <TestMethod codeBase="/home/runner/work/ai_msp430_emulator/ai_msp430_emulator/tests/MSP430.Emulator.Tests/bin/Release/net8.0/MSP430.Emulator.Tests.dll" adapterTypeName="executor://xunit/VsTestRunner3/netcore/" className="MSP430.Emulator.Tests.Cpu.RegisterFileTests" name="WriteRegister_ValidRegister_StoresValue" />
    </UnitTest>
    <UnitTest name="MSP430.Emulator.Tests.Memory.MemoryControllerTests.FetchInstruction_ValidAddress_ReturnsInstruction(address: 16386)" storage="/home/runner/work/ai_msp430_emulator/ai_msp430_emulator/tests/msp430.emulator.tests/bin/release/net8.0/msp430.emulator.tests.dll" id="c54b3729-0860-8b1c-12f8-96dae7143ecc">
      <Execution id="aa7d0965-5b69-40eb-b43b-d0b8db17bd41" />
      <TestMethod codeBase="/home/runner/work/ai_msp430_emulator/ai_msp430_emulator/tests/MSP430.Emulator.Tests/bin/Release/net8.0/MSP430.Emulator.Tests.dll" adapterTypeName="executor://xunit/VsTestRunner3/netcore/" className="MSP430.Emulator.Tests.Memory.MemoryControllerTests" name="FetchInstruction_ValidAddress_ReturnsInstruction" />
    </UnitTest>
    <UnitTest name="MSP430.Emulator.Tests.Cpu.StatusRegisterTests.UpdateFlagsAfterSubtraction_ByteOperation_SetsCorrectFlags(operand1: 128, operand2: 1, result: 127, isByteOp: True, expectedZero: False, expectedNegative: False, expectedCarry: True, expectedOverflow: True)" storage="/home/runner/work/ai_msp430_emulator/ai_msp430_emulator/tests/msp430.emulator.tests/bin/release/net8.0/msp430.emulator.tests.dll" id="f0dc2aa3-bc27-cf35-18df-30836cb6eedf">
      <Execution id="be663a92-12a6-4073-bb9b-b6a9a0d228f8" />
      <TestMethod codeBase="/home/runner/work/ai_msp430_emulator/ai_msp430_emulator/tests/MSP430.Emulator.Tests/bin/Release/net8.0/MSP430.Emulator.Tests.dll" adapterTypeName="executor://xunit/VsTestRunner3/netcore/" className="MSP430.Emulator.Tests.Cpu.StatusRegisterTests" name="UpdateFlagsAfterSubtraction_ByteOperation_SetsCorrectFlags" />
    </UnitTest>
    <UnitTest name="MSP430.Emulator.Tests.Memory.RandomAccessMemoryTests.GetWriteCycles_AllAddresses_ReturnsConstantCycles(address: 8192, isWordAccess: False, expectedCycles: 1)" storage="/home/runner/work/ai_msp430_emulator/ai_msp430_emulator/tests/msp430.emulator.tests/bin/release/net8.0/msp430.emulator.tests.dll" id="52510288-4892-07c8-2611-dfcdb5e509f1">
      <Execution id="3dda439e-e10e-4013-8f7e-392e102cfa64" />
      <TestMethod codeBase="/home/runner/work/ai_msp430_emulator/ai_msp430_emulator/tests/MSP430.Emulator.Tests/bin/Release/net8.0/MSP430.Emulator.Tests.dll" adapterTypeName="executor://xunit/VsTestRunner3/netcore/" className="MSP430.Emulator.Tests.Memory.RandomAccessMemoryTests" name="GetWriteCycles_AllAddresses_ReturnsConstantCycles" />
    </UnitTest>
    <UnitTest name="MSP430.Emulator.Tests.Memory.MemoryMapTests.DefaultMemoryLayout_RegionBoundaries_AreCorrect(region: Ram, expectedStart: 8192, expectedEnd: 12287)" storage="/home/runner/work/ai_msp430_emulator/ai_msp430_emulator/tests/msp430.emulator.tests/bin/release/net8.0/msp430.emulator.tests.dll" id="9c9bfb81-61dd-8027-8003-da5c3ab70f36">
      <Execution id="444d19db-df24-4a92-b75f-5dd64549e912" />
      <TestMethod codeBase="/home/runner/work/ai_msp430_emulator/ai_msp430_emulator/tests/MSP430.Emulator.Tests/bin/Release/net8.0/MSP430.Emulator.Tests.dll" adapterTypeName="executor://xunit/VsTestRunner3/netcore/" className="MSP430.Emulator.Tests.Memory.MemoryMapTests" name="DefaultMemoryLayout_RegionBoundaries_AreCorrect" />
    </UnitTest>
    <UnitTest name="MSP430.Emulator.Tests.Instructions.Logic.BitInstructionTests.ToString_VariousAddressingModes_FormatsCorrectly(mode: Absolute, expectedOperand: &quot;&amp;ADDR&quot;)" storage="/home/runner/work/ai_msp430_emulator/ai_msp430_emulator/tests/msp430.emulator.tests/bin/release/net8.0/msp430.emulator.tests.dll" id="e32a8d39-efd8-6a02-f1ab-41d0e213d90a">
      <Execution id="2069373e-bbed-4f26-b8b2-b942e891d490" />
      <TestMethod codeBase="/home/runner/work/ai_msp430_emulator/ai_msp430_emulator/tests/MSP430.Emulator.Tests/bin/Release/net8.0/MSP430.Emulator.Tests.dll" adapterTypeName="executor://xunit/VsTestRunner3/netcore/" className="MSP430.Emulator.Tests.Instructions.Logic.BitInstructionTests" name="ToString_VariousAddressingModes_FormatsCorrectly" />
    </UnitTest>
    <UnitTest name="MSP430.Emulator.Tests.Instructions.Arithmetic.AddInstructionTests.ToString_VariousAddressingModes_FormatsCorrectly(register: R0, mode: Register, expectedOperand: &quot;R0&quot;)" storage="/home/runner/work/ai_msp430_emulator/ai_msp430_emulator/tests/msp430.emulator.tests/bin/release/net8.0/msp430.emulator.tests.dll" id="6769ada2-43c6-2528-c1bd-5c3ad995533f">
      <Execution id="33cde339-8ef2-49e2-8a44-c5d6f7e94fa4" />
      <TestMethod codeBase="/home/runner/work/ai_msp430_emulator/ai_msp430_emulator/tests/MSP430.Emulator.Tests/bin/Release/net8.0/MSP430.Emulator.Tests.dll" adapterTypeName="executor://xunit/VsTestRunner3/netcore/" className="MSP430.Emulator.Tests.Instructions.Arithmetic.AddInstructionTests" name="ToString_VariousAddressingModes_FormatsCorrectly" />
    </UnitTest>
    <UnitTest name="MSP430.Emulator.Tests.Logging.ConsoleLoggerTests.MinimumLevel_CanBeSet" storage="/home/runner/work/ai_msp430_emulator/ai_msp430_emulator/tests/msp430.emulator.tests/bin/release/net8.0/msp430.emulator.tests.dll" id="f107d231-5248-54ca-382a-53da464c3109">
      <Execution id="5565bed9-9892-4c22-a10d-ac5af5f2bf7e" />
      <TestMethod codeBase="/home/runner/work/ai_msp430_emulator/ai_msp430_emulator/tests/MSP430.Emulator.Tests/bin/Release/net8.0/MSP430.Emulator.Tests.dll" adapterTypeName="executor://xunit/VsTestRunner3/netcore/" className="MSP430.Emulator.Tests.Logging.ConsoleLoggerTests" name="MinimumLevel_CanBeSet" />
    </UnitTest>
    <UnitTest name="MSP430.Emulator.Tests.Instructions.Logic.XorInstructionTests.ExtensionWordCount_VariousAddressingModes_ReturnsCorrectCount(sourceMode: Immediate, destMode: Absolute, expectedCount: 2)" storage="/home/runner/work/ai_msp430_emulator/ai_msp430_emulator/tests/msp430.emulator.tests/bin/release/net8.0/msp430.emulator.tests.dll" id="5b5b73cc-62e1-2772-55f9-95409fed76fc">
      <Execution id="101ba8d6-db13-4e00-9f4b-8114df076dfa" />
      <TestMethod codeBase="/home/runner/work/ai_msp430_emulator/ai_msp430_emulator/tests/MSP430.Emulator.Tests/bin/Release/net8.0/MSP430.Emulator.Tests.dll" adapterTypeName="executor://xunit/VsTestRunner3/netcore/" className="MSP430.Emulator.Tests.Instructions.Logic.XorInstructionTests" name="ExtensionWordCount_VariousAddressingModes_ReturnsCorrectCount" />
    </UnitTest>
    <UnitTest name="MSP430.Emulator.Tests.Memory.FlashControllerTests.Lock_FromUnlockedState_ChangesToLocked" storage="/home/runner/work/ai_msp430_emulator/ai_msp430_emulator/tests/msp430.emulator.tests/bin/release/net8.0/msp430.emulator.tests.dll" id="adce2150-f353-a2bd-a4ff-54eb8e340120">
      <Execution id="026cfaaf-3f89-4aa5-8e71-44e1f20b360b" />
      <TestMethod codeBase="/home/runner/work/ai_msp430_emulator/ai_msp430_emulator/tests/MSP430.Emulator.Tests/bin/Release/net8.0/MSP430.Emulator.Tests.dll" adapterTypeName="executor://xunit/VsTestRunner3/netcore/" className="MSP430.Emulator.Tests.Memory.FlashControllerTests" name="Lock_FromUnlockedState_ChangesToLocked" />
    </UnitTest>
    <UnitTest name="MSP430.Emulator.Tests.Cpu.RegisterFileTests.ReadRegister_ValidRegister_ReturnsZeroAfterReset(register: R4)" storage="/home/runner/work/ai_msp430_emulator/ai_msp430_emulator/tests/msp430.emulator.tests/bin/release/net8.0/msp430.emulator.tests.dll" id="f5fbb7ac-2d9a-0458-7033-7c5618cbc0b7">
      <Execution id="9e6612a7-6c3b-4a8a-a75a-c0dfdf044b1c" />
      <TestMethod codeBase="/home/runner/work/ai_msp430_emulator/ai_msp430_emulator/tests/MSP430.Emulator.Tests/bin/Release/net8.0/MSP430.Emulator.Tests.dll" adapterTypeName="executor://xunit/VsTestRunner3/netcore/" className="MSP430.Emulator.Tests.Cpu.RegisterFileTests" name="ReadRegister_ValidRegister_ReturnsZeroAfterReset" />
    </UnitTest>
    <UnitTest name="MSP430.Emulator.Tests.Instructions.AddressingModeDecoderTests.DecodeDestinationAddressingMode_R0_ReturnsCorrectMode(adBit: False, expected: Register)" storage="/home/runner/work/ai_msp430_emulator/ai_msp430_emulator/tests/msp430.emulator.tests/bin/release/net8.0/msp430.emulator.tests.dll" id="c45f1015-f58a-dd97-659b-8fc6645f9f3a">
      <Execution id="5a6a8ac2-3561-4712-9181-dbd170b12196" />
      <TestMethod codeBase="/home/runner/work/ai_msp430_emulator/ai_msp430_emulator/tests/MSP430.Emulator.Tests/bin/Release/net8.0/MSP430.Emulator.Tests.dll" adapterTypeName="executor://xunit/VsTestRunner3/netcore/" className="MSP430.Emulator.Tests.Instructions.AddressingModeDecoderTests" name="DecodeDestinationAddressingMode_R0_ReturnsCorrectMode" />
    </UnitTest>
    <UnitTest name="MSP430.Emulator.Tests.Cpu.RegisterFileTests.ReadRegister_ValidRegister_ReturnsZeroAfterReset(register: R13)" storage="/home/runner/work/ai_msp430_emulator/ai_msp430_emulator/tests/msp430.emulator.tests/bin/release/net8.0/msp430.emulator.tests.dll" id="c95bdcdd-3f45-c86d-75af-c76e0900a6a5">
      <Execution id="c01d18f7-89da-4446-b83a-0d0171d8cd0a" />
      <TestMethod codeBase="/home/runner/work/ai_msp430_emulator/ai_msp430_emulator/tests/MSP430.Emulator.Tests/bin/Release/net8.0/MSP430.Emulator.Tests.dll" adapterTypeName="executor://xunit/VsTestRunner3/netcore/" className="MSP430.Emulator.Tests.Cpu.RegisterFileTests" name="ReadRegister_ValidRegister_ReturnsZeroAfterReset" />
    </UnitTest>
    <UnitTest name="MSP430.Emulator.Tests.Memory.MemoryControllerTests.ReadByte_WithContext_ValidContext_ReturnsValue" storage="/home/runner/work/ai_msp430_emulator/ai_msp430_emulator/tests/msp430.emulator.tests/bin/release/net8.0/msp430.emulator.tests.dll" id="a41ffce7-0c5c-3d66-1e6e-2d31e001ca86">
      <Execution id="3ac975c1-1fa1-4c7c-9172-bf82851efac2" />
      <TestMethod codeBase="/home/runner/work/ai_msp430_emulator/ai_msp430_emulator/tests/MSP430.Emulator.Tests/bin/Release/net8.0/MSP430.Emulator.Tests.dll" adapterTypeName="executor://xunit/VsTestRunner3/netcore/" className="MSP430.Emulator.Tests.Memory.MemoryControllerTests" name="ReadByte_WithContext_ValidContext_ReturnsValue" />
    </UnitTest>
    <UnitTest name="MSP430.Emulator.Tests.Memory.MemoryControllerTests.ReadWord_ValidAddress_ReturnsValue(address: 6144)" storage="/home/runner/work/ai_msp430_emulator/ai_msp430_emulator/tests/msp430.emulator.tests/bin/release/net8.0/msp430.emulator.tests.dll" id="f694b44e-bd36-ab01-be7f-613c604b3901">
      <Execution id="9b6267cc-1c4a-48b9-85ae-5f6f69d61523" />
      <TestMethod codeBase="/home/runner/work/ai_msp430_emulator/ai_msp430_emulator/tests/MSP430.Emulator.Tests/bin/Release/net8.0/MSP430.Emulator.Tests.dll" adapterTypeName="executor://xunit/VsTestRunner3/netcore/" className="MSP430.Emulator.Tests.Memory.MemoryControllerTests" name="ReadWord_ValidAddress_ReturnsValue" />
    </UnitTest>
    <UnitTest name="MSP430.Emulator.Tests.Memory.FlashControllerTests.TryUnlock_InvalidKey_ReturnsFalse(invalidKey: 65535)" storage="/home/runner/work/ai_msp430_emulator/ai_msp430_emulator/tests/msp430.emulator.tests/bin/release/net8.0/msp430.emulator.tests.dll" id="d05d1cac-e4fd-0f55-fd0f-4e5baa2cc7e3">
      <Execution id="674a1703-b0be-4611-8e77-fc29d07de599" />
      <TestMethod codeBase="/home/runner/work/ai_msp430_emulator/ai_msp430_emulator/tests/MSP430.Emulator.Tests/bin/Release/net8.0/MSP430.Emulator.Tests.dll" adapterTypeName="executor://xunit/VsTestRunner3/netcore/" className="MSP430.Emulator.Tests.Memory.FlashControllerTests" name="TryUnlock_InvalidKey_ReturnsFalse" />
    </UnitTest>
    <UnitTest name="MSP430.Emulator.Tests.Memory.InformationMemoryTests.IsRangeInBounds_VariousRanges_ReturnsExpectedResult(startAddress: 6143, length: 1, expected: False)" storage="/home/runner/work/ai_msp430_emulator/ai_msp430_emulator/tests/msp430.emulator.tests/bin/release/net8.0/msp430.emulator.tests.dll" id="1d180078-119b-3c97-d2f9-8ed577be102b">
      <Execution id="4a797e8d-a26e-4a28-a459-04edcef8d444" />
      <TestMethod codeBase="/home/runner/work/ai_msp430_emulator/ai_msp430_emulator/tests/MSP430.Emulator.Tests/bin/Release/net8.0/MSP430.Emulator.Tests.dll" adapterTypeName="executor://xunit/VsTestRunner3/netcore/" className="MSP430.Emulator.Tests.Memory.InformationMemoryTests" name="IsRangeInBounds_VariousRanges_ReturnsExpectedResult" />
    </UnitTest>
    <UnitTest name="MSP430.Emulator.Tests.Core.ExecutionStateTests.IsValidTransition_ReturnsExpectedResult(from: Reset, to: SingleStep, expected: True)" storage="/home/runner/work/ai_msp430_emulator/ai_msp430_emulator/tests/msp430.emulator.tests/bin/release/net8.0/msp430.emulator.tests.dll" id="b2d83ddf-a7e7-2e1c-bc3f-c183232383da">
      <Execution id="7a41c434-ccbe-4336-8713-90ec62441167" />
      <TestMethod codeBase="/home/runner/work/ai_msp430_emulator/ai_msp430_emulator/tests/MSP430.Emulator.Tests/bin/Release/net8.0/MSP430.Emulator.Tests.dll" adapterTypeName="executor://xunit/VsTestRunner3/netcore/" className="MSP430.Emulator.Tests.Core.ExecutionStateTests" name="IsValidTransition_ReturnsExpectedResult" />
    </UnitTest>
    <UnitTest name="MSP430.Emulator.Tests.Cpu.RegisterFileTests.WriteRegister_InvalidRegister_ThrowsArgumentException" storage="/home/runner/work/ai_msp430_emulator/ai_msp430_emulator/tests/msp430.emulator.tests/bin/release/net8.0/msp430.emulator.tests.dll" id="d0a918b9-033c-2287-7d91-4ab2444dfa9b">
      <Execution id="72657eee-ac04-436d-9099-54911805041e" />
      <TestMethod codeBase="/home/runner/work/ai_msp430_emulator/ai_msp430_emulator/tests/MSP430.Emulator.Tests/bin/Release/net8.0/MSP430.Emulator.Tests.dll" adapterTypeName="executor://xunit/VsTestRunner3/netcore/" className="MSP430.Emulator.Tests.Cpu.RegisterFileTests" name="WriteRegister_InvalidRegister_ThrowsArgumentException" />
    </UnitTest>
    <UnitTest name="MSP430.Emulator.Tests.Instructions.Logic.BitInstructionTests.DestinationRegister_AllRegisters_ReturnsCorrectRegister(register: R2)" storage="/home/runner/work/ai_msp430_emulator/ai_msp430_emulator/tests/msp430.emulator.tests/bin/release/net8.0/msp430.emulator.tests.dll" id="39726eda-33e8-8206-ed20-5f3cb7e5f52e">
      <Execution id="a8167cd5-2fde-4e0d-b631-548348879f92" />
      <TestMethod codeBase="/home/runner/work/ai_msp430_emulator/ai_msp430_emulator/tests/MSP430.Emulator.Tests/bin/Release/net8.0/MSP430.Emulator.Tests.dll" adapterTypeName="executor://xunit/VsTestRunner3/netcore/" className="MSP430.Emulator.Tests.Instructions.Logic.BitInstructionTests" name="DestinationRegister_AllRegisters_ReturnsCorrectRegister" />
    </UnitTest>
    <UnitTest name="MSP430.Emulator.Tests.Memory.MemoryMapTests.DefaultMemoryLayout_RegionBoundaries_AreCorrect(region: InterruptVectorTable, expectedStart: 65504, expectedEnd: 65535)" storage="/home/runner/work/ai_msp430_emulator/ai_msp430_emulator/tests/msp430.emulator.tests/bin/release/net8.0/msp430.emulator.tests.dll" id="cfd2f3b2-437b-77da-f320-469095be110b">
      <Execution id="5517d237-d649-4406-be33-4f7f32f4ca2c" />
      <TestMethod codeBase="/home/runner/work/ai_msp430_emulator/ai_msp430_emulator/tests/MSP430.Emulator.Tests/bin/Release/net8.0/MSP430.Emulator.Tests.dll" adapterTypeName="executor://xunit/VsTestRunner3/netcore/" className="MSP430.Emulator.Tests.Memory.MemoryMapTests" name="DefaultMemoryLayout_RegionBoundaries_AreCorrect" />
    </UnitTest>
    <UnitTest name="MSP430.Emulator.Tests.Instructions.AddressingModeDecoderTests.GetConstantGeneratorValue_ValidAsBits_ReturnsCorrectConstant(asBits: 1, expected: 1)" storage="/home/runner/work/ai_msp430_emulator/ai_msp430_emulator/tests/msp430.emulator.tests/bin/release/net8.0/msp430.emulator.tests.dll" id="36c3a6c2-951e-34e9-2bee-0fd468028d15">
      <Execution id="1f4fff5e-7051-4177-8af8-8acffe87dd84" />
      <TestMethod codeBase="/home/runner/work/ai_msp430_emulator/ai_msp430_emulator/tests/MSP430.Emulator.Tests/bin/Release/net8.0/MSP430.Emulator.Tests.dll" adapterTypeName="executor://xunit/VsTestRunner3/netcore/" className="MSP430.Emulator.Tests.Instructions.AddressingModeDecoderTests" name="GetConstantGeneratorValue_ValidAsBits_ReturnsCorrectConstant" />
    </UnitTest>
    <UnitTest name="MSP430.Emulator.Tests.Cpu.RegisterFileTests.IncrementProgramCounter_CustomIncrement_IncrementsCorrectly" storage="/home/runner/work/ai_msp430_emulator/ai_msp430_emulator/tests/msp430.emulator.tests/bin/release/net8.0/msp430.emulator.tests.dll" id="ecc00837-20e3-7322-f518-9a993d6e193f">
      <Execution id="22c2d721-bb0a-43db-850b-d8bc45f58787" />
      <TestMethod codeBase="/home/runner/work/ai_msp430_emulator/ai_msp430_emulator/tests/MSP430.Emulator.Tests/bin/Release/net8.0/MSP430.Emulator.Tests.dll" adapterTypeName="executor://xunit/VsTestRunner3/netcore/" className="MSP430.Emulator.Tests.Cpu.RegisterFileTests" name="IncrementProgramCounter_CustomIncrement_IncrementsCorrectly" />
    </UnitTest>
    <UnitTest name="MSP430.Emulator.Tests.Instructions.Arithmetic.IncInstructionTests.ToString_VariousAddressingModes_FormatsCorrectly(register: R4, mode: IndirectAutoIncrement, expectedOperand: &quot;@R4+&quot;)" storage="/home/runner/work/ai_msp430_emulator/ai_msp430_emulator/tests/msp430.emulator.tests/bin/release/net8.0/msp430.emulator.tests.dll" id="022834fd-94c0-ebd8-4042-e0d99cc1e8f8">
      <Execution id="a3c86835-9d75-41cf-a0d5-6a7b4b21dec3" />
      <TestMethod codeBase="/home/runner/work/ai_msp430_emulator/ai_msp430_emulator/tests/MSP430.Emulator.Tests/bin/Release/net8.0/MSP430.Emulator.Tests.dll" adapterTypeName="executor://xunit/VsTestRunner3/netcore/" className="MSP430.Emulator.Tests.Instructions.Arithmetic.IncInstructionTests" name="ToString_VariousAddressingModes_FormatsCorrectly" />
    </UnitTest>
    <UnitTest name="MSP430.Emulator.Tests.Core.EmulatorCoreTests.ClearBreakpoints_RemovesAllBreakpoints" storage="/home/runner/work/ai_msp430_emulator/ai_msp430_emulator/tests/msp430.emulator.tests/bin/release/net8.0/msp430.emulator.tests.dll" id="81c808c0-d260-c564-3aaf-1fa6bbb1af48">
      <Execution id="e2cedd80-4bdd-4d01-a689-b5e8c9786c6c" />
      <TestMethod codeBase="/home/runner/work/ai_msp430_emulator/ai_msp430_emulator/tests/MSP430.Emulator.Tests/bin/Release/net8.0/MSP430.Emulator.Tests.dll" adapterTypeName="executor://xunit/VsTestRunner3/netcore/" className="MSP430.Emulator.Tests.Core.EmulatorCoreTests" name="ClearBreakpoints_RemovesAllBreakpoints" />
    </UnitTest>
    <UnitTest name="MSP430.Emulator.Tests.Core.EmulatorCoreTests.Constructor_WithNullMemoryMap_ThrowsArgumentNullException" storage="/home/runner/work/ai_msp430_emulator/ai_msp430_emulator/tests/msp430.emulator.tests/bin/release/net8.0/msp430.emulator.tests.dll" id="2ab3f26f-196c-99df-ce70-bcea61eda174">
      <Execution id="0f615392-7fc9-4399-b5c1-e4adc4c8bd1f" />
      <TestMethod codeBase="/home/runner/work/ai_msp430_emulator/ai_msp430_emulator/tests/MSP430.Emulator.Tests/bin/Release/net8.0/MSP430.Emulator.Tests.dll" adapterTypeName="executor://xunit/VsTestRunner3/netcore/" className="MSP430.Emulator.Tests.Core.EmulatorCoreTests" name="Constructor_WithNullMemoryMap_ThrowsArgumentNullException" />
    </UnitTest>
    <UnitTest name="MSP430.Emulator.Tests.Instructions.Arithmetic.AddInstructionTests.Properties_VariousRegisters_ReturnCorrectValues(source: R5, dest: R6)" storage="/home/runner/work/ai_msp430_emulator/ai_msp430_emulator/tests/msp430.emulator.tests/bin/release/net8.0/msp430.emulator.tests.dll" id="aebc12dd-17e6-ec82-86a7-94d9f1c9227d">
      <Execution id="13a407cd-5978-4af7-81cb-28b8b711a57b" />
      <TestMethod codeBase="/home/runner/work/ai_msp430_emulator/ai_msp430_emulator/tests/MSP430.Emulator.Tests/bin/Release/net8.0/MSP430.Emulator.Tests.dll" adapterTypeName="executor://xunit/VsTestRunner3/netcore/" className="MSP430.Emulator.Tests.Instructions.Arithmetic.AddInstructionTests" name="Properties_VariousRegisters_ReturnCorrectValues" />
    </UnitTest>
    <UnitTest name="MSP430.Emulator.Tests.Logging.FileLoggerTests.MinimumLevel_CanBeSet" storage="/home/runner/work/ai_msp430_emulator/ai_msp430_emulator/tests/msp430.emulator.tests/bin/release/net8.0/msp430.emulator.tests.dll" id="64d052d9-472d-9bb8-5e63-c2b623d4f6bd">
      <Execution id="bcf5fd15-704e-46d8-adfb-fb3dfb5e070b" />
      <TestMethod codeBase="/home/runner/work/ai_msp430_emulator/ai_msp430_emulator/tests/MSP430.Emulator.Tests/bin/Release/net8.0/MSP430.Emulator.Tests.dll" adapterTypeName="executor://xunit/VsTestRunner3/netcore/" className="MSP430.Emulator.Tests.Logging.FileLoggerTests" name="MinimumLevel_CanBeSet" />
    </UnitTest>
    <UnitTest name="MSP430.Emulator.Tests.Instructions.InstructionDecoderTests.ExtractOpcode_FormatII_ReturnsCorrectOpcode(format: FormatII, instructionWord: 4096, expected: 16)" storage="/home/runner/work/ai_msp430_emulator/ai_msp430_emulator/tests/msp430.emulator.tests/bin/release/net8.0/msp430.emulator.tests.dll" id="15a73c11-ff50-aec5-9763-d47df6b4fe48">
      <Execution id="ac630789-3a99-43cb-8b42-7ffd15dfca46" />
      <TestMethod codeBase="/home/runner/work/ai_msp430_emulator/ai_msp430_emulator/tests/MSP430.Emulator.Tests/bin/Release/net8.0/MSP430.Emulator.Tests.dll" adapterTypeName="executor://xunit/VsTestRunner3/netcore/" className="MSP430.Emulator.Tests.Instructions.InstructionDecoderTests" name="ExtractOpcode_FormatII_ReturnsCorrectOpcode" />
    </UnitTest>
    <UnitTest name="MSP430.Emulator.Tests.Instructions.Arithmetic.DecInstructionTests.Properties_VariousRegisters_ReturnCorrectValues(dest: R5)" storage="/home/runner/work/ai_msp430_emulator/ai_msp430_emulator/tests/msp430.emulator.tests/bin/release/net8.0/msp430.emulator.tests.dll" id="b37e683b-bd46-e3df-60bd-75042ac4508a">
      <Execution id="035654f6-387d-4d2c-b38a-c17058cdceff" />
      <TestMethod codeBase="/home/runner/work/ai_msp430_emulator/ai_msp430_emulator/tests/MSP430.Emulator.Tests/bin/Release/net8.0/MSP430.Emulator.Tests.dll" adapterTypeName="executor://xunit/VsTestRunner3/netcore/" className="MSP430.Emulator.Tests.Instructions.Arithmetic.DecInstructionTests" name="Properties_VariousRegisters_ReturnCorrectValues" />
    </UnitTest>
    <UnitTest name="MSP430.Emulator.Tests.Cpu.RegisterFileTests.ReadRegister_ValidRegister_ReturnsZeroAfterReset(register: CG1)" storage="/home/runner/work/ai_msp430_emulator/ai_msp430_emulator/tests/msp430.emulator.tests/bin/release/net8.0/msp430.emulator.tests.dll" id="a4e6edc0-44c2-d7ea-fa4a-f3fb8623e768">
      <Execution id="c71397e5-704c-4af7-8e3e-d6698a14b4b3" />
      <TestMethod codeBase="/home/runner/work/ai_msp430_emulator/ai_msp430_emulator/tests/MSP430.Emulator.Tests/bin/Release/net8.0/MSP430.Emulator.Tests.dll" adapterTypeName="executor://xunit/VsTestRunner3/netcore/" className="MSP430.Emulator.Tests.Cpu.RegisterFileTests" name="ReadRegister_ValidRegister_ReturnsZeroAfterReset" />
    </UnitTest>
    <UnitTest name="MSP430.Emulator.Tests.Memory.RandomAccessMemoryTests.Constructor_InvalidSize_ThrowsArgumentOutOfRangeException(invalidSize: 511)" storage="/home/runner/work/ai_msp430_emulator/ai_msp430_emulator/tests/msp430.emulator.tests/bin/release/net8.0/msp430.emulator.tests.dll" id="e1594206-eeb2-94b0-c4f6-dea4a8889f02">
      <Execution id="696af4ba-65ae-4998-874e-03d93abb5807" />
      <TestMethod codeBase="/home/runner/work/ai_msp430_emulator/ai_msp430_emulator/tests/MSP430.Emulator.Tests/bin/Release/net8.0/MSP430.Emulator.Tests.dll" adapterTypeName="executor://xunit/VsTestRunner3/netcore/" className="MSP430.Emulator.Tests.Memory.RandomAccessMemoryTests" name="Constructor_InvalidSize_ThrowsArgumentOutOfRangeException" />
    </UnitTest>
    <UnitTest name="MSP430.Emulator.Tests.Instructions.InstructionDecoderTests.IsValidInstruction_VariousInstructions_ReturnsExpectedResult(instructionWord: 0)" storage="/home/runner/work/ai_msp430_emulator/ai_msp430_emulator/tests/msp430.emulator.tests/bin/release/net8.0/msp430.emulator.tests.dll" id="5d945ef5-7dbc-508c-8c05-565e5f5b2b8f">
      <Execution id="950ef165-e3aa-444e-a145-3ff7acf9008b" />
      <TestMethod codeBase="/home/runner/work/ai_msp430_emulator/ai_msp430_emulator/tests/MSP430.Emulator.Tests/bin/Release/net8.0/MSP430.Emulator.Tests.dll" adapterTypeName="executor://xunit/VsTestRunner3/netcore/" className="MSP430.Emulator.Tests.Instructions.InstructionDecoderTests" name="IsValidInstruction_VariousInstructions_ReturnsExpectedResult" />
    </UnitTest>
    <UnitTest name="MSP430.Emulator.Tests.Instructions.InstructionDecoderTests.GetInstructionFormat_FormatI_ReturnsFormatI(instructionWord: 61440)" storage="/home/runner/work/ai_msp430_emulator/ai_msp430_emulator/tests/msp430.emulator.tests/bin/release/net8.0/msp430.emulator.tests.dll" id="165d49e3-0a76-db8e-c400-5df4227a1fe9">
      <Execution id="8b17feb6-73f1-43b1-9a8c-35ed7cd3da9f" />
      <TestMethod codeBase="/home/runner/work/ai_msp430_emulator/ai_msp430_emulator/tests/MSP430.Emulator.Tests/bin/Release/net8.0/MSP430.Emulator.Tests.dll" adapterTypeName="executor://xunit/VsTestRunner3/netcore/" className="MSP430.Emulator.Tests.Instructions.InstructionDecoderTests" name="GetInstructionFormat_FormatI_ReturnsFormatI" />
    </UnitTest>
    <UnitTest name="MSP430.Emulator.Tests.Instructions.Arithmetic.IncInstructionTests.Execute_AbsoluteMode_IncrementsMemoryValue" storage="/home/runner/work/ai_msp430_emulator/ai_msp430_emulator/tests/msp430.emulator.tests/bin/release/net8.0/msp430.emulator.tests.dll" id="a3c7397b-abff-ae25-a2a1-fa3ec3e83d40">
      <Execution id="06af4b74-4713-456d-8698-c2111a4249ca" />
      <TestMethod codeBase="/home/runner/work/ai_msp430_emulator/ai_msp430_emulator/tests/MSP430.Emulator.Tests/bin/Release/net8.0/MSP430.Emulator.Tests.dll" adapterTypeName="executor://xunit/VsTestRunner3/netcore/" className="MSP430.Emulator.Tests.Instructions.Arithmetic.IncInstructionTests" name="Execute_AbsoluteMode_IncrementsMemoryValue" />
    </UnitTest>
    <UnitTest name="MSP430.Emulator.Tests.Instructions.InstructionDecoderTests.ExtractOpcode_FormatIII_ReturnsCorrectOpcode(format: FormatIII, instructionWord: 11264, expected: 3)" storage="/home/runner/work/ai_msp430_emulator/ai_msp430_emulator/tests/msp430.emulator.tests/bin/release/net8.0/msp430.emulator.tests.dll" id="ed0de4cf-4376-daf9-e8fd-e70f93726a90">
      <Execution id="9000ca4b-0215-4d2f-a0fb-22f21011dc6e" />
      <TestMethod codeBase="/home/runner/work/ai_msp430_emulator/ai_msp430_emulator/tests/MSP430.Emulator.Tests/bin/Release/net8.0/MSP430.Emulator.Tests.dll" adapterTypeName="executor://xunit/VsTestRunner3/netcore/" className="MSP430.Emulator.Tests.Instructions.InstructionDecoderTests" name="ExtractOpcode_FormatIII_ReturnsCorrectOpcode" />
    </UnitTest>
    <UnitTest name="MSP430.Emulator.Tests.Memory.RandomAccessMemoryTests.Constructor_NullLogger_CreatesMemory" storage="/home/runner/work/ai_msp430_emulator/ai_msp430_emulator/tests/msp430.emulator.tests/bin/release/net8.0/msp430.emulator.tests.dll" id="a352b43a-c55b-dd26-93a9-1b2c62d9f61b">
      <Execution id="bf6ccfa4-f578-4fac-bfd3-b3352b0a862e" />
      <TestMethod codeBase="/home/runner/work/ai_msp430_emulator/ai_msp430_emulator/tests/MSP430.Emulator.Tests/bin/Release/net8.0/MSP430.Emulator.Tests.dll" adapterTypeName="executor://xunit/VsTestRunner3/netcore/" className="MSP430.Emulator.Tests.Memory.RandomAccessMemoryTests" name="Constructor_NullLogger_CreatesMemory" />
    </UnitTest>
    <UnitTest name="MSP430.Emulator.Tests.Configuration.EmulatorConfigTests.DefaultMemoryConfig_HasExpectedValues" storage="/home/runner/work/ai_msp430_emulator/ai_msp430_emulator/tests/msp430.emulator.tests/bin/release/net8.0/msp430.emulator.tests.dll" id="6b3f04a6-5c77-3a38-0e52-dd6d5799fc31">
      <Execution id="ca63cd6a-c96c-449b-8892-165a1943b78a" />
      <TestMethod codeBase="/home/runner/work/ai_msp430_emulator/ai_msp430_emulator/tests/MSP430.Emulator.Tests/bin/Release/net8.0/MSP430.Emulator.Tests.dll" adapterTypeName="executor://xunit/VsTestRunner3/netcore/" className="MSP430.Emulator.Tests.Configuration.EmulatorConfigTests" name="DefaultMemoryConfig_HasExpectedValues" />
    </UnitTest>
    <UnitTest name="MSP430.Emulator.Tests.Cpu.StatusRegisterTests.ToString_NoFlagsSet_ReturnsCorrectFormat" storage="/home/runner/work/ai_msp430_emulator/ai_msp430_emulator/tests/msp430.emulator.tests/bin/release/net8.0/msp430.emulator.tests.dll" id="aacfe452-541e-1490-2fd3-446ddd87dc63">
      <Execution id="84afdf4b-3797-4cbd-a852-246d5c2508fa" />
      <TestMethod codeBase="/home/runner/work/ai_msp430_emulator/ai_msp430_emulator/tests/MSP430.Emulator.Tests/bin/Release/net8.0/MSP430.Emulator.Tests.dll" adapterTypeName="executor://xunit/VsTestRunner3/netcore/" className="MSP430.Emulator.Tests.Cpu.StatusRegisterTests" name="ToString_NoFlagsSet_ReturnsCorrectFormat" />
    </UnitTest>
    <UnitTest name="MSP430.Emulator.Tests.Memory.FlashControllerTests.GetProgramCycles_ReturnsExpectedCycles(isWordAccess: True)" storage="/home/runner/work/ai_msp430_emulator/ai_msp430_emulator/tests/msp430.emulator.tests/bin/release/net8.0/msp430.emulator.tests.dll" id="68fc4680-6542-954f-11ea-139f6bd2a817">
      <Execution id="e395d3a5-6457-4fb4-93d1-2cdbf85b90ab" />
      <TestMethod codeBase="/home/runner/work/ai_msp430_emulator/ai_msp430_emulator/tests/MSP430.Emulator.Tests/bin/Release/net8.0/MSP430.Emulator.Tests.dll" adapterTypeName="executor://xunit/VsTestRunner3/netcore/" className="MSP430.Emulator.Tests.Memory.FlashControllerTests" name="GetProgramCycles_ReturnsExpectedCycles" />
    </UnitTest>
    <UnitTest name="MSP430.Emulator.Tests.Instructions.Arithmetic.CmpInstructionTests.ExtensionWordCount_VariousAddressingModes_ReturnsCorrectCount(sourceMode: Absolute, destMode: Register, expectedCount: 1)" storage="/home/runner/work/ai_msp430_emulator/ai_msp430_emulator/tests/msp430.emulator.tests/bin/release/net8.0/msp430.emulator.tests.dll" id="57d7b5af-40c8-e6b5-087e-38994ab1613b">
      <Execution id="04aaed1c-666d-466e-8c6b-c14b9267c2b0" />
      <TestMethod codeBase="/home/runner/work/ai_msp430_emulator/ai_msp430_emulator/tests/MSP430.Emulator.Tests/bin/Release/net8.0/MSP430.Emulator.Tests.dll" adapterTypeName="executor://xunit/VsTestRunner3/netcore/" className="MSP430.Emulator.Tests.Instructions.Arithmetic.CmpInstructionTests" name="ExtensionWordCount_VariousAddressingModes_ReturnsCorrectCount" />
    </UnitTest>
    <UnitTest name="MSP430.Emulator.Tests.Instructions.Logic.XorInstructionTests.Constructor_ValidParameters_CreatesInstruction" storage="/home/runner/work/ai_msp430_emulator/ai_msp430_emulator/tests/msp430.emulator.tests/bin/release/net8.0/msp430.emulator.tests.dll" id="f430249e-f44e-b040-e2ff-9f362d73f50d">
      <Execution id="be5f9d42-9a9c-40ba-bb22-690f8e03ba74" />
      <TestMethod codeBase="/home/runner/work/ai_msp430_emulator/ai_msp430_emulator/tests/MSP430.Emulator.Tests/bin/Release/net8.0/MSP430.Emulator.Tests.dll" adapterTypeName="executor://xunit/VsTestRunner3/netcore/" className="MSP430.Emulator.Tests.Instructions.Logic.XorInstructionTests" name="Constructor_ValidParameters_CreatesInstruction" />
    </UnitTest>
    <UnitTest name="MSP430.Emulator.Tests.Memory.InformationMemoryTests.Constructor_WithoutLogger_CreatesInformationMemory" storage="/home/runner/work/ai_msp430_emulator/ai_msp430_emulator/tests/msp430.emulator.tests/bin/release/net8.0/msp430.emulator.tests.dll" id="4e057b33-79cc-f0a8-785e-c4e76a864058">
      <Execution id="b80bd5d4-e48f-41f7-b4e0-9ca8ec21585f" />
      <TestMethod codeBase="/home/runner/work/ai_msp430_emulator/ai_msp430_emulator/tests/MSP430.Emulator.Tests/bin/Release/net8.0/MSP430.Emulator.Tests.dll" adapterTypeName="executor://xunit/VsTestRunner3/netcore/" className="MSP430.Emulator.Tests.Memory.InformationMemoryTests" name="Constructor_WithoutLogger_CreatesInformationMemory" />
    </UnitTest>
    <UnitTest name="MSP430.Emulator.Tests.Memory.RandomAccessMemoryTests.Initialize_WithPattern_SetsAllBytesToPattern(pattern: 85)" storage="/home/runner/work/ai_msp430_emulator/ai_msp430_emulator/tests/msp430.emulator.tests/bin/release/net8.0/msp430.emulator.tests.dll" id="af14e751-e764-6abd-0ac6-b5bf06aee32c">
      <Execution id="07dc04cb-37a9-49b2-90f9-49c1f80a9f94" />
      <TestMethod codeBase="/home/runner/work/ai_msp430_emulator/ai_msp430_emulator/tests/MSP430.Emulator.Tests/bin/Release/net8.0/MSP430.Emulator.Tests.dll" adapterTypeName="executor://xunit/VsTestRunner3/netcore/" className="MSP430.Emulator.Tests.Memory.RandomAccessMemoryTests" name="Initialize_WithPattern_SetsAllBytesToPattern" />
    </UnitTest>
    <UnitTest name="MSP430.Emulator.Tests.Instructions.InstructionDecoderTests.GetInstructionFormat_FormatII_ReturnsFormatII(instructionWord: 4224)" storage="/home/runner/work/ai_msp430_emulator/ai_msp430_emulator/tests/msp430.emulator.tests/bin/release/net8.0/msp430.emulator.tests.dll" id="964e5ecb-3690-6e1c-91aa-12ce2d03ddf7">
      <Execution id="e08f9b4e-04b8-4d72-9319-8f1511ad6af0" />
      <TestMethod codeBase="/home/runner/work/ai_msp430_emulator/ai_msp430_emulator/tests/MSP430.Emulator.Tests/bin/Release/net8.0/MSP430.Emulator.Tests.dll" adapterTypeName="executor://xunit/VsTestRunner3/netcore/" className="MSP430.Emulator.Tests.Instructions.InstructionDecoderTests" name="GetInstructionFormat_FormatII_ReturnsFormatII" />
    </UnitTest>
    <UnitTest name="MSP430.Emulator.Tests.Instructions.Logic.XorInstructionTests.DestinationRegister_AllRegisters_ReturnsCorrectRegister(register: R0)" storage="/home/runner/work/ai_msp430_emulator/ai_msp430_emulator/tests/msp430.emulator.tests/bin/release/net8.0/msp430.emulator.tests.dll" id="f400b034-6d32-6f18-7e11-a578bb72ec9e">
      <Execution id="a174e438-32f0-4028-93ea-88378ff06e9f" />
      <TestMethod codeBase="/home/runner/work/ai_msp430_emulator/ai_msp430_emulator/tests/MSP430.Emulator.Tests/bin/Release/net8.0/MSP430.Emulator.Tests.dll" adapterTypeName="executor://xunit/VsTestRunner3/netcore/" className="MSP430.Emulator.Tests.Instructions.Logic.XorInstructionTests" name="DestinationRegister_AllRegisters_ReturnsCorrectRegister" />
    </UnitTest>
    <UnitTest name="MSP430.Emulator.Tests.Instructions.AddressingModeDecoderTests.RequiresExtensionWord_VariousModes_ReturnsCorrectResult(mode: Absolute, expected: True)" storage="/home/runner/work/ai_msp430_emulator/ai_msp430_emulator/tests/msp430.emulator.tests/bin/release/net8.0/msp430.emulator.tests.dll" id="479db4db-cf7a-cdcf-a111-867a55a2a8d7">
      <Execution id="7a71107b-e26e-4738-8496-8075aabc08b2" />
      <TestMethod codeBase="/home/runner/work/ai_msp430_emulator/ai_msp430_emulator/tests/MSP430.Emulator.Tests/bin/Release/net8.0/MSP430.Emulator.Tests.dll" adapterTypeName="executor://xunit/VsTestRunner3/netcore/" className="MSP430.Emulator.Tests.Instructions.AddressingModeDecoderTests" name="RequiresExtensionWord_VariousModes_ReturnsCorrectResult" />
    </UnitTest>
    <UnitTest name="MSP430.Emulator.Tests.Instructions.Arithmetic.CmpInstructionTests.Properties_VariousRegisters_ReturnCorrectValues(source: CG1, dest: R4)" storage="/home/runner/work/ai_msp430_emulator/ai_msp430_emulator/tests/msp430.emulator.tests/bin/release/net8.0/msp430.emulator.tests.dll" id="323aa0dd-841a-116d-5f3b-f336021a74a3">
      <Execution id="349f569c-8d04-4659-a227-b0a310680b40" />
      <TestMethod codeBase="/home/runner/work/ai_msp430_emulator/ai_msp430_emulator/tests/MSP430.Emulator.Tests/bin/Release/net8.0/MSP430.Emulator.Tests.dll" adapterTypeName="executor://xunit/VsTestRunner3/netcore/" className="MSP430.Emulator.Tests.Instructions.Arithmetic.CmpInstructionTests" name="Properties_VariousRegisters_ReturnCorrectValues" />
    </UnitTest>
    <UnitTest name="MSP430.Emulator.Tests.Instructions.Arithmetic.DecInstructionTests.Constructor_ByteOperation_SetsByteFlag" storage="/home/runner/work/ai_msp430_emulator/ai_msp430_emulator/tests/msp430.emulator.tests/bin/release/net8.0/msp430.emulator.tests.dll" id="54e93777-2685-68d1-f772-70de7979870b">
      <Execution id="55cd07a3-f21d-413c-8016-9108cc4de7bd" />
      <TestMethod codeBase="/home/runner/work/ai_msp430_emulator/ai_msp430_emulator/tests/MSP430.Emulator.Tests/bin/Release/net8.0/MSP430.Emulator.Tests.dll" adapterTypeName="executor://xunit/VsTestRunner3/netcore/" className="MSP430.Emulator.Tests.Instructions.Arithmetic.DecInstructionTests" name="Constructor_ByteOperation_SetsByteFlag" />
    </UnitTest>
    <UnitTest name="MSP430.Emulator.Tests.Memory.RandomAccessMemoryTests.IsAddressInBounds_VariousAddresses_ReturnsExpectedResult(address: 8448, expected: True)" storage="/home/runner/work/ai_msp430_emulator/ai_msp430_emulator/tests/msp430.emulator.tests/bin/release/net8.0/msp430.emulator.tests.dll" id="0aa606e4-a7ed-6c49-cfa8-8437c81e5c74">
      <Execution id="88869952-3362-4be8-a18f-aa8a61c23297" />
      <TestMethod codeBase="/home/runner/work/ai_msp430_emulator/ai_msp430_emulator/tests/MSP430.Emulator.Tests/bin/Release/net8.0/MSP430.Emulator.Tests.dll" adapterTypeName="executor://xunit/VsTestRunner3/netcore/" className="MSP430.Emulator.Tests.Memory.RandomAccessMemoryTests" name="IsAddressInBounds_VariousAddresses_ReturnsExpectedResult" />
    </UnitTest>
    <UnitTest name="MSP430.Emulator.Tests.Instructions.Logic.AndInstructionTests.AddressingModes_AllSupportedModes_ReturnCorrectValues(mode: Register)" storage="/home/runner/work/ai_msp430_emulator/ai_msp430_emulator/tests/msp430.emulator.tests/bin/release/net8.0/msp430.emulator.tests.dll" id="b5f490ae-66cd-d78b-0dd8-ed6daaabf9c3">
      <Execution id="9a53e51e-2971-438f-a070-b4661595e093" />
      <TestMethod codeBase="/home/runner/work/ai_msp430_emulator/ai_msp430_emulator/tests/MSP430.Emulator.Tests/bin/Release/net8.0/MSP430.Emulator.Tests.dll" adapterTypeName="executor://xunit/VsTestRunner3/netcore/" className="MSP430.Emulator.Tests.Instructions.Logic.AndInstructionTests" name="AddressingModes_AllSupportedModes_ReturnCorrectValues" />
    </UnitTest>
    <UnitTest name="MSP430.Emulator.Tests.Memory.MemoryMapTests.DefaultMemoryLayout_RegionBoundaries_AreCorrect(region: Flash, expectedStart: 16384, expectedEnd: 49151)" storage="/home/runner/work/ai_msp430_emulator/ai_msp430_emulator/tests/msp430.emulator.tests/bin/release/net8.0/msp430.emulator.tests.dll" id="82fadbdf-9f87-9140-cc13-a763cfbfb9ae">
      <Execution id="58b739cb-d28a-4d83-8f94-915929621c4c" />
      <TestMethod codeBase="/home/runner/work/ai_msp430_emulator/ai_msp430_emulator/tests/MSP430.Emulator.Tests/bin/Release/net8.0/MSP430.Emulator.Tests.dll" adapterTypeName="executor://xunit/VsTestRunner3/netcore/" className="MSP430.Emulator.Tests.Memory.MemoryMapTests" name="DefaultMemoryLayout_RegionBoundaries_AreCorrect" />
    </UnitTest>
    <UnitTest name="MSP430.Emulator.Tests.Instructions.Arithmetic.DecInstructionTests.Opcode_IsCorrectValue" storage="/home/runner/work/ai_msp430_emulator/ai_msp430_emulator/tests/msp430.emulator.tests/bin/release/net8.0/msp430.emulator.tests.dll" id="bd6e075d-ca95-445b-ea36-70953da14887">
      <Execution id="f8907d3a-8eca-4fee-a18b-3f76ef25005a" />
      <TestMethod codeBase="/home/runner/work/ai_msp430_emulator/ai_msp430_emulator/tests/MSP430.Emulator.Tests/bin/Release/net8.0/MSP430.Emulator.Tests.dll" adapterTypeName="executor://xunit/VsTestRunner3/netcore/" className="MSP430.Emulator.Tests.Instructions.Arithmetic.DecInstructionTests" name="Opcode_IsCorrectValue" />
    </UnitTest>
    <UnitTest name="MSP430.Emulator.Tests.Logging.ConsoleLoggerTests.IsEnabled_ReturnsTrueForLevelAtOrAboveMinimum" storage="/home/runner/work/ai_msp430_emulator/ai_msp430_emulator/tests/msp430.emulator.tests/bin/release/net8.0/msp430.emulator.tests.dll" id="d0909e01-093e-913f-8859-e08fa7a6c452">
      <Execution id="90e65498-ceff-4a3f-930f-b59cbeed1e8f" />
      <TestMethod codeBase="/home/runner/work/ai_msp430_emulator/ai_msp430_emulator/tests/MSP430.Emulator.Tests/bin/Release/net8.0/MSP430.Emulator.Tests.dll" adapterTypeName="executor://xunit/VsTestRunner3/netcore/" className="MSP430.Emulator.Tests.Logging.ConsoleLoggerTests" name="IsEnabled_ReturnsTrueForLevelAtOrAboveMinimum" />
    </UnitTest>
    <UnitTest name="MSP430.Emulator.Tests.Instructions.Logic.BisInstructionTests.AddressingModes_AllSupportedModes_ReturnCorrectValues(mode: Symbolic)" storage="/home/runner/work/ai_msp430_emulator/ai_msp430_emulator/tests/msp430.emulator.tests/bin/release/net8.0/msp430.emulator.tests.dll" id="187040a7-e081-d18e-af5f-713079d31e5c">
      <Execution id="10a62fd9-7bed-4c1c-a02e-58a779195930" />
      <TestMethod codeBase="/home/runner/work/ai_msp430_emulator/ai_msp430_emulator/tests/MSP430.Emulator.Tests/bin/Release/net8.0/MSP430.Emulator.Tests.dll" adapterTypeName="executor://xunit/VsTestRunner3/netcore/" className="MSP430.Emulator.Tests.Instructions.Logic.BisInstructionTests" name="AddressingModes_AllSupportedModes_ReturnCorrectValues" />
    </UnitTest>
    <UnitTest name="MSP430.Emulator.Tests.Cpu.StatusRegisterTests.OscillatorOff_GetSet_WorksCorrectly(value: 32, expected: True)" storage="/home/runner/work/ai_msp430_emulator/ai_msp430_emulator/tests/msp430.emulator.tests/bin/release/net8.0/msp430.emulator.tests.dll" id="5373eb87-70de-1dbd-9d7b-a4f686429a75">
      <Execution id="67a5fb68-937b-4bd8-a473-6d68bd20df54" />
      <TestMethod codeBase="/home/runner/work/ai_msp430_emulator/ai_msp430_emulator/tests/MSP430.Emulator.Tests/bin/Release/net8.0/MSP430.Emulator.Tests.dll" adapterTypeName="executor://xunit/VsTestRunner3/netcore/" className="MSP430.Emulator.Tests.Cpu.StatusRegisterTests" name="OscillatorOff_GetSet_WorksCorrectly" />
    </UnitTest>
    <UnitTest name="MSP430.Emulator.Tests.Core.ExecutionStateTests.CanExecute_ReturnsExpectedResult(state: Reset, expected: False)" storage="/home/runner/work/ai_msp430_emulator/ai_msp430_emulator/tests/msp430.emulator.tests/bin/release/net8.0/msp430.emulator.tests.dll" id="7093058b-4f44-ae5b-44de-d9c890b0bccc">
      <Execution id="5fe6c20f-c503-478d-9587-14a2204aa2ba" />
      <TestMethod codeBase="/home/runner/work/ai_msp430_emulator/ai_msp430_emulator/tests/MSP430.Emulator.Tests/bin/Release/net8.0/MSP430.Emulator.Tests.dll" adapterTypeName="executor://xunit/VsTestRunner3/netcore/" className="MSP430.Emulator.Tests.Core.ExecutionStateTests" name="CanExecute_ReturnsExpectedResult" />
    </UnitTest>
    <UnitTest name="MSP430.Emulator.Tests.Memory.MemoryControllerTests.ReadByte_ValidAddress_ReturnsValue(address: 6144)" storage="/home/runner/work/ai_msp430_emulator/ai_msp430_emulator/tests/msp430.emulator.tests/bin/release/net8.0/msp430.emulator.tests.dll" id="9fc71459-ff6c-230d-f104-8fa027c70965">
      <Execution id="760c66bd-83c8-46ab-b72f-02ac828fdc10" />
      <TestMethod codeBase="/home/runner/work/ai_msp430_emulator/ai_msp430_emulator/tests/MSP430.Emulator.Tests/bin/Release/net8.0/MSP430.Emulator.Tests.dll" adapterTypeName="executor://xunit/VsTestRunner3/netcore/" className="MSP430.Emulator.Tests.Memory.MemoryControllerTests" name="ReadByte_ValidAddress_ReturnsValue" />
    </UnitTest>
    <UnitTest name="MSP430.Emulator.Tests.Memory.MemoryAccessValidatorTests.IsAccessValid_VariousScenarios_ReturnsExpectedResult(address: 16384, accessType: Read, expected: True)" storage="/home/runner/work/ai_msp430_emulator/ai_msp430_emulator/tests/msp430.emulator.tests/bin/release/net8.0/msp430.emulator.tests.dll" id="b718c91a-76d9-e58f-d518-39009a132ac0">
      <Execution id="c8cf7b49-ed19-4310-a2f5-53dbc50f87c6" />
      <TestMethod codeBase="/home/runner/work/ai_msp430_emulator/ai_msp430_emulator/tests/MSP430.Emulator.Tests/bin/Release/net8.0/MSP430.Emulator.Tests.dll" adapterTypeName="executor://xunit/VsTestRunner3/netcore/" className="MSP430.Emulator.Tests.Memory.MemoryAccessValidatorTests" name="IsAccessValid_VariousScenarios_ReturnsExpectedResult" />
    </UnitTest>
    <UnitTest name="MSP430.Emulator.Tests.Instructions.Logic.XorInstructionTests.ToString_VariousAddressingModes_FormatsCorrectly(mode: Indexed, expectedOperand: &quot;X(R1)&quot;)" storage="/home/runner/work/ai_msp430_emulator/ai_msp430_emulator/tests/msp430.emulator.tests/bin/release/net8.0/msp430.emulator.tests.dll" id="abfc896c-50c5-6500-7b26-f407dcb24ba3">
      <Execution id="ebe7d7aa-60e7-4049-a6f2-3dfadf866506" />
      <TestMethod codeBase="/home/runner/work/ai_msp430_emulator/ai_msp430_emulator/tests/MSP430.Emulator.Tests/bin/Release/net8.0/MSP430.Emulator.Tests.dll" adapterTypeName="executor://xunit/VsTestRunner3/netcore/" className="MSP430.Emulator.Tests.Instructions.Logic.XorInstructionTests" name="ToString_VariousAddressingModes_FormatsCorrectly" />
    </UnitTest>
    <UnitTest name="MSP430.Emulator.Tests.Memory.FlashMemoryTests.ProgramByte_WhenLocked_ReturnsFalse" storage="/home/runner/work/ai_msp430_emulator/ai_msp430_emulator/tests/msp430.emulator.tests/bin/release/net8.0/msp430.emulator.tests.dll" id="5e4d681c-3df7-8787-25e8-b72f91af1be8">
      <Execution id="a2a6d2f2-cbb2-411a-bd07-6c9892905f70" />
      <TestMethod codeBase="/home/runner/work/ai_msp430_emulator/ai_msp430_emulator/tests/MSP430.Emulator.Tests/bin/Release/net8.0/MSP430.Emulator.Tests.dll" adapterTypeName="executor://xunit/VsTestRunner3/netcore/" className="MSP430.Emulator.Tests.Memory.FlashMemoryTests" name="ProgramByte_WhenLocked_ReturnsFalse" />
    </UnitTest>
    <UnitTest name="MSP430.Emulator.Tests.Cpu.StatusRegisterTests.UpdateFlagsAfterAddition_ByteOperation_SetsCorrectFlags(operand1: 128, operand2: 16, result: 144, isByteOp: True, expectedZero: False, expectedNegative: True, expectedCarry: False, expectedOverflow: False)" storage="/home/runner/work/ai_msp430_emulator/ai_msp430_emulator/tests/msp430.emulator.tests/bin/release/net8.0/msp430.emulator.tests.dll" id="6514bb7a-5b73-43cc-31f7-b9e5cb2966b0">
      <Execution id="62feb1fb-8946-4e3d-aa76-19efeba64071" />
      <TestMethod codeBase="/home/runner/work/ai_msp430_emulator/ai_msp430_emulator/tests/MSP430.Emulator.Tests/bin/Release/net8.0/MSP430.Emulator.Tests.dll" adapterTypeName="executor://xunit/VsTestRunner3/netcore/" className="MSP430.Emulator.Tests.Cpu.StatusRegisterTests" name="UpdateFlagsAfterAddition_ByteOperation_SetsCorrectFlags" />
    </UnitTest>
    <UnitTest name="MSP430.Emulator.Tests.Cpu.StatusRegisterTests.CpuOff_GetSet_WorksCorrectly(value: 65519, expected: False)" storage="/home/runner/work/ai_msp430_emulator/ai_msp430_emulator/tests/msp430.emulator.tests/bin/release/net8.0/msp430.emulator.tests.dll" id="42cfd495-c2a3-5936-b6ca-356a9012c28a">
      <Execution id="61ea804d-6602-4686-af08-40352b20edc7" />
      <TestMethod codeBase="/home/runner/work/ai_msp430_emulator/ai_msp430_emulator/tests/MSP430.Emulator.Tests/bin/Release/net8.0/MSP430.Emulator.Tests.dll" adapterTypeName="executor://xunit/VsTestRunner3/netcore/" className="MSP430.Emulator.Tests.Cpu.StatusRegisterTests" name="CpuOff_GetSet_WorksCorrectly" />
    </UnitTest>
    <UnitTest name="MSP430.Emulator.Tests.Instructions.Arithmetic.SubInstructionTests.AddressingModes_AllSupportedModes_ReturnCorrectValues(mode: Absolute)" storage="/home/runner/work/ai_msp430_emulator/ai_msp430_emulator/tests/msp430.emulator.tests/bin/release/net8.0/msp430.emulator.tests.dll" id="c5ba3777-716c-b6c8-5d39-5aee5707034a">
      <Execution id="7afcdb3d-1bb4-469c-8cc6-52c7247b3f14" />
      <TestMethod codeBase="/home/runner/work/ai_msp430_emulator/ai_msp430_emulator/tests/MSP430.Emulator.Tests/bin/Release/net8.0/MSP430.Emulator.Tests.dll" adapterTypeName="executor://xunit/VsTestRunner3/netcore/" className="MSP430.Emulator.Tests.Instructions.Arithmetic.SubInstructionTests" name="AddressingModes_AllSupportedModes_ReturnCorrectValues" />
    </UnitTest>
    <UnitTest name="MSP430.Emulator.Tests.Memory.MemoryMapTests.GetRegion_ValidAddress_ReturnsCorrectRegion" storage="/home/runner/work/ai_msp430_emulator/ai_msp430_emulator/tests/msp430.emulator.tests/bin/release/net8.0/msp430.emulator.tests.dll" id="5e36f5b8-dce1-5249-d1c7-e709381800c6">
      <Execution id="55922317-3934-4355-b269-6c6f05e7b5f9" />
      <TestMethod codeBase="/home/runner/work/ai_msp430_emulator/ai_msp430_emulator/tests/MSP430.Emulator.Tests/bin/Release/net8.0/MSP430.Emulator.Tests.dll" adapterTypeName="executor://xunit/VsTestRunner3/netcore/" className="MSP430.Emulator.Tests.Memory.MemoryMapTests" name="GetRegion_ValidAddress_ReturnsCorrectRegion" />
    </UnitTest>
    <UnitTest name="MSP430.Emulator.Tests.Instructions.Logic.BisInstructionTests.SourceRegister_AllRegisters_ReturnsCorrectRegister(register: R4)" storage="/home/runner/work/ai_msp430_emulator/ai_msp430_emulator/tests/msp430.emulator.tests/bin/release/net8.0/msp430.emulator.tests.dll" id="10c7b5f6-8cc3-2800-1401-8f614f0f9a65">
      <Execution id="038326ff-fb24-4dd6-8859-4d280b5010f7" />
      <TestMethod codeBase="/home/runner/work/ai_msp430_emulator/ai_msp430_emulator/tests/MSP430.Emulator.Tests/bin/Release/net8.0/MSP430.Emulator.Tests.dll" adapterTypeName="executor://xunit/VsTestRunner3/netcore/" className="MSP430.Emulator.Tests.Instructions.Logic.BisInstructionTests" name="SourceRegister_AllRegisters_ReturnsCorrectRegister" />
    </UnitTest>
    <UnitTest name="MSP430.Emulator.Tests.Instructions.Logic.BisInstructionTests.AddressingModes_AllSupportedModes_ReturnCorrectValues(mode: IndirectAutoIncrement)" storage="/home/runner/work/ai_msp430_emulator/ai_msp430_emulator/tests/msp430.emulator.tests/bin/release/net8.0/msp430.emulator.tests.dll" id="d6f38fc3-2e0a-fe76-f35a-47bd6234a11d">
      <Execution id="37e9a772-0eec-431a-b82e-c3f56446426d" />
      <TestMethod codeBase="/home/runner/work/ai_msp430_emulator/ai_msp430_emulator/tests/MSP430.Emulator.Tests/bin/Release/net8.0/MSP430.Emulator.Tests.dll" adapterTypeName="executor://xunit/VsTestRunner3/netcore/" className="MSP430.Emulator.Tests.Instructions.Logic.BisInstructionTests" name="AddressingModes_AllSupportedModes_ReturnCorrectValues" />
    </UnitTest>
    <UnitTest name="MSP430.Emulator.Tests.Memory.RandomAccessMemoryTests.IsAddressInBounds_VariousAddresses_ReturnsExpectedResult(address: 9216, expected: False)" storage="/home/runner/work/ai_msp430_emulator/ai_msp430_emulator/tests/msp430.emulator.tests/bin/release/net8.0/msp430.emulator.tests.dll" id="9f8a01d7-3391-9082-5b1d-7f9cb11c7519">
      <Execution id="2215d897-51a1-410d-97dc-46b80bfdf2e5" />
      <TestMethod codeBase="/home/runner/work/ai_msp430_emulator/ai_msp430_emulator/tests/MSP430.Emulator.Tests/bin/Release/net8.0/MSP430.Emulator.Tests.dll" adapterTypeName="executor://xunit/VsTestRunner3/netcore/" className="MSP430.Emulator.Tests.Memory.RandomAccessMemoryTests" name="IsAddressInBounds_VariousAddresses_ReturnsExpectedResult" />
    </UnitTest>
    <UnitTest name="MSP430.Emulator.Tests.Memory.RandomAccessMemoryTests.WriteWord_OddAddress_ThrowsArgumentException(oddAddress: 8193)" storage="/home/runner/work/ai_msp430_emulator/ai_msp430_emulator/tests/msp430.emulator.tests/bin/release/net8.0/msp430.emulator.tests.dll" id="cb1a1dd9-9a34-dcbb-34c0-a9c5b2aae13a">
      <Execution id="83ff1f16-7651-4bf2-a438-b29c5d3485ef" />
      <TestMethod codeBase="/home/runner/work/ai_msp430_emulator/ai_msp430_emulator/tests/MSP430.Emulator.Tests/bin/Release/net8.0/MSP430.Emulator.Tests.dll" adapterTypeName="executor://xunit/VsTestRunner3/netcore/" className="MSP430.Emulator.Tests.Memory.RandomAccessMemoryTests" name="WriteWord_OddAddress_ThrowsArgumentException" />
    </UnitTest>
    <UnitTest name="MSP430.Emulator.Tests.Core.ExecutionStateTests.CanExecute_ReturnsExpectedResult(state: SingleStep, expected: True)" storage="/home/runner/work/ai_msp430_emulator/ai_msp430_emulator/tests/msp430.emulator.tests/bin/release/net8.0/msp430.emulator.tests.dll" id="decd67d9-4381-b7c1-450a-2adf52eb2721">
      <Execution id="df2d1f17-9e49-49bb-9796-aa4e1c36ccc4" />
      <TestMethod codeBase="/home/runner/work/ai_msp430_emulator/ai_msp430_emulator/tests/MSP430.Emulator.Tests/bin/Release/net8.0/MSP430.Emulator.Tests.dll" adapterTypeName="executor://xunit/VsTestRunner3/netcore/" className="MSP430.Emulator.Tests.Core.ExecutionStateTests" name="CanExecute_ReturnsExpectedResult" />
    </UnitTest>
    <UnitTest name="MSP430.Emulator.Tests.Instructions.AddressingModeDecoderTests.GetConstantGeneratorValue_ValidAsBits_ReturnsCorrectConstant(asBits: 2, expected: 2)" storage="/home/runner/work/ai_msp430_emulator/ai_msp430_emulator/tests/msp430.emulator.tests/bin/release/net8.0/msp430.emulator.tests.dll" id="c1400077-d653-042c-6faa-4758a0372b59">
      <Execution id="69536b4e-562f-4831-b315-158d33da08e3" />
      <TestMethod codeBase="/home/runner/work/ai_msp430_emulator/ai_msp430_emulator/tests/MSP430.Emulator.Tests/bin/Release/net8.0/MSP430.Emulator.Tests.dll" adapterTypeName="executor://xunit/VsTestRunner3/netcore/" className="MSP430.Emulator.Tests.Instructions.AddressingModeDecoderTests" name="GetConstantGeneratorValue_ValidAsBits_ReturnsCorrectConstant" />
    </UnitTest>
    <UnitTest name="MSP430.Emulator.Tests.Cpu.RegisterFileTests.ReadRegister_ValidRegister_ReturnsZeroAfterReset(register: R15)" storage="/home/runner/work/ai_msp430_emulator/ai_msp430_emulator/tests/msp430.emulator.tests/bin/release/net8.0/msp430.emulator.tests.dll" id="986b6f85-b81b-48e8-a13f-d49b69ea4910">
      <Execution id="c10312f0-eac6-489d-8474-20de34e28450" />
      <TestMethod codeBase="/home/runner/work/ai_msp430_emulator/ai_msp430_emulator/tests/MSP430.Emulator.Tests/bin/Release/net8.0/MSP430.Emulator.Tests.dll" adapterTypeName="executor://xunit/VsTestRunner3/netcore/" className="MSP430.Emulator.Tests.Cpu.RegisterFileTests" name="ReadRegister_ValidRegister_ReturnsZeroAfterReset" />
    </UnitTest>
    <UnitTest name="MSP430.Emulator.Tests.Memory.RandomAccessMemoryTests.GetReadCycles_AllAddresses_ReturnsConstantCycles(address: 8448, isWordAccess: False, expectedCycles: 1)" storage="/home/runner/work/ai_msp430_emulator/ai_msp430_emulator/tests/msp430.emulator.tests/bin/release/net8.0/msp430.emulator.tests.dll" id="cd7eca07-8700-a4fd-6923-730b89a1b3c6">
      <Execution id="087c698b-ae53-411d-8341-f1ffc8ceced2" />
      <TestMethod codeBase="/home/runner/work/ai_msp430_emulator/ai_msp430_emulator/tests/MSP430.Emulator.Tests/bin/Release/net8.0/MSP430.Emulator.Tests.dll" adapterTypeName="executor://xunit/VsTestRunner3/netcore/" className="MSP430.Emulator.Tests.Memory.RandomAccessMemoryTests" name="GetReadCycles_AllAddresses_ReturnsConstantCycles" />
    </UnitTest>
    <UnitTest name="MSP430.Emulator.Tests.Instructions.Logic.AndInstructionTests.ExtensionWordCount_VariousAddressingModes_ReturnsCorrectCount(sourceMode: Register, destMode: Indexed, expectedCount: 1)" storage="/home/runner/work/ai_msp430_emulator/ai_msp430_emulator/tests/msp430.emulator.tests/bin/release/net8.0/msp430.emulator.tests.dll" id="12f7f8a7-bc6f-a0f0-53f0-3962e43de5b8">
      <Execution id="37ac4a93-bcbc-475b-8852-68cfd2a411a5" />
      <TestMethod codeBase="/home/runner/work/ai_msp430_emulator/ai_msp430_emulator/tests/MSP430.Emulator.Tests/bin/Release/net8.0/MSP430.Emulator.Tests.dll" adapterTypeName="executor://xunit/VsTestRunner3/netcore/" className="MSP430.Emulator.Tests.Instructions.Logic.AndInstructionTests" name="ExtensionWordCount_VariousAddressingModes_ReturnsCorrectCount" />
    </UnitTest>
    <UnitTest name="MSP430.Emulator.Tests.Instructions.Arithmetic.IncInstructionTests.AddressingModes_AllSupportedModes_ReturnCorrectValues(mode: Indexed)" storage="/home/runner/work/ai_msp430_emulator/ai_msp430_emulator/tests/msp430.emulator.tests/bin/release/net8.0/msp430.emulator.tests.dll" id="3aa55886-7875-e27b-c080-e13f7f3e46de">
      <Execution id="e32787ab-5cb2-4802-95bb-49fe5397757f" />
      <TestMethod codeBase="/home/runner/work/ai_msp430_emulator/ai_msp430_emulator/tests/MSP430.Emulator.Tests/bin/Release/net8.0/MSP430.Emulator.Tests.dll" adapterTypeName="executor://xunit/VsTestRunner3/netcore/" className="MSP430.Emulator.Tests.Instructions.Arithmetic.IncInstructionTests" name="AddressingModes_AllSupportedModes_ReturnCorrectValues" />
    </UnitTest>
    <UnitTest name="MSP430.Emulator.Tests.Class1Tests.Class1_GetMessage_ReturnsExpectedMessage" storage="/home/runner/work/ai_msp430_emulator/ai_msp430_emulator/tests/msp430.emulator.tests/bin/release/net8.0/msp430.emulator.tests.dll" id="a09229d6-4466-084e-1634-f70aed16e278">
      <Execution id="0ad7c6a2-988b-4ee1-ba4e-b06026a774e2" />
      <TestMethod codeBase="/home/runner/work/ai_msp430_emulator/ai_msp430_emulator/tests/MSP430.Emulator.Tests/bin/Release/net8.0/MSP430.Emulator.Tests.dll" adapterTypeName="executor://xunit/VsTestRunner3/netcore/" className="MSP430.Emulator.Tests.Class1Tests" name="Class1_GetMessage_ReturnsExpectedMessage" />
    </UnitTest>
    <UnitTest name="MSP430.Emulator.Tests.Instructions.InstructionDecoderTests.ExtractOpcode_FormatIII_ReturnsCorrectOpcode(format: FormatIII, instructionWord: 15360, expected: 7)" storage="/home/runner/work/ai_msp430_emulator/ai_msp430_emulator/tests/msp430.emulator.tests/bin/release/net8.0/msp430.emulator.tests.dll" id="52433816-2524-27c9-de05-f2a78cd789d4">
      <Execution id="f6eb8b73-8fd6-4b1f-b343-d9f70b98cfb8" />
      <TestMethod codeBase="/home/runner/work/ai_msp430_emulator/ai_msp430_emulator/tests/MSP430.Emulator.Tests/bin/Release/net8.0/MSP430.Emulator.Tests.dll" adapterTypeName="executor://xunit/VsTestRunner3/netcore/" className="MSP430.Emulator.Tests.Instructions.InstructionDecoderTests" name="ExtractOpcode_FormatIII_ReturnsCorrectOpcode" />
    </UnitTest>
    <UnitTest name="MSP430.Emulator.Tests.Configuration.EmulatorConfigTests.LoadFromJson_WithEmptyJson_ReturnsDefaultConfig" storage="/home/runner/work/ai_msp430_emulator/ai_msp430_emulator/tests/msp430.emulator.tests/bin/release/net8.0/msp430.emulator.tests.dll" id="23a497cb-2067-7575-c112-f2213f0efd56">
      <Execution id="4d099952-685c-47ff-a0ce-e3916c98208a" />
      <TestMethod codeBase="/home/runner/work/ai_msp430_emulator/ai_msp430_emulator/tests/MSP430.Emulator.Tests/bin/Release/net8.0/MSP430.Emulator.Tests.dll" adapterTypeName="executor://xunit/VsTestRunner3/netcore/" className="MSP430.Emulator.Tests.Configuration.EmulatorConfigTests" name="LoadFromJson_WithEmptyJson_ReturnsDefaultConfig" />
    </UnitTest>
    <UnitTest name="MSP430.Emulator.Tests.Core.ExecutionStateTests.TransitionTo_InvalidTransition_ThrowsException" storage="/home/runner/work/ai_msp430_emulator/ai_msp430_emulator/tests/msp430.emulator.tests/bin/release/net8.0/msp430.emulator.tests.dll" id="c3ce32f5-900d-d6e7-ad54-f22a57be1996">
      <Execution id="e51404fe-d3d3-4c5e-a6cc-ed1088783db7" />
      <TestMethod codeBase="/home/runner/work/ai_msp430_emulator/ai_msp430_emulator/tests/MSP430.Emulator.Tests/bin/Release/net8.0/MSP430.Emulator.Tests.dll" adapterTypeName="executor://xunit/VsTestRunner3/netcore/" className="MSP430.Emulator.Tests.Core.ExecutionStateTests" name="TransitionTo_InvalidTransition_ThrowsException" />
    </UnitTest>
    <UnitTest name="MSP430.Emulator.Tests.Memory.FlashControllerTests.GetEraseCycles_NonEraseOperation_ReturnsZero(operation: None)" storage="/home/runner/work/ai_msp430_emulator/ai_msp430_emulator/tests/msp430.emulator.tests/bin/release/net8.0/msp430.emulator.tests.dll" id="11847e03-4b51-7abb-627f-dd4b8a1bc947">
      <Execution id="ac02900a-4479-495e-95d0-cff65a9460d6" />
      <TestMethod codeBase="/home/runner/work/ai_msp430_emulator/ai_msp430_emulator/tests/MSP430.Emulator.Tests/bin/Release/net8.0/MSP430.Emulator.Tests.dll" adapterTypeName="executor://xunit/VsTestRunner3/netcore/" className="MSP430.Emulator.Tests.Memory.FlashControllerTests" name="GetEraseCycles_NonEraseOperation_ReturnsZero" />
    </UnitTest>
    <UnitTest name="MSP430.Emulator.Tests.Diagnostics.DiagnosticReportGeneratorTests.GenerateReport_WithStandardLogger_ShouldIndicateNoRecentEntries" storage="/home/runner/work/ai_msp430_emulator/ai_msp430_emulator/tests/msp430.emulator.tests/bin/release/net8.0/msp430.emulator.tests.dll" id="a2870c33-e2cb-a259-0150-3e6a3a224844">
      <Execution id="c2ca8025-12c0-4366-a17e-e38e6da42194" />
      <TestMethod codeBase="/home/runner/work/ai_msp430_emulator/ai_msp430_emulator/tests/MSP430.Emulator.Tests/bin/Release/net8.0/MSP430.Emulator.Tests.dll" adapterTypeName="executor://xunit/VsTestRunner3/netcore/" className="MSP430.Emulator.Tests.Diagnostics.DiagnosticReportGeneratorTests" name="GenerateReport_WithStandardLogger_ShouldIndicateNoRecentEntries" />
    </UnitTest>
    <UnitTest name="MSP430.Emulator.Tests.Instructions.AddressingModeDecoderTests.DecodeSourceAddressingMode_R3_ReturnsCorrectMode(asBits: 3, expected: Immediate)" storage="/home/runner/work/ai_msp430_emulator/ai_msp430_emulator/tests/msp430.emulator.tests/bin/release/net8.0/msp430.emulator.tests.dll" id="9d114b80-43a3-02cc-c848-d9478e5d7199">
      <Execution id="b373ccec-c513-4fa6-a9c1-103a6587b720" />
      <TestMethod codeBase="/home/runner/work/ai_msp430_emulator/ai_msp430_emulator/tests/MSP430.Emulator.Tests/bin/Release/net8.0/MSP430.Emulator.Tests.dll" adapterTypeName="executor://xunit/VsTestRunner3/netcore/" className="MSP430.Emulator.Tests.Instructions.AddressingModeDecoderTests" name="DecodeSourceAddressingMode_R3_ReturnsCorrectMode" />
    </UnitTest>
    <UnitTest name="MSP430.Emulator.Tests.Instructions.Logic.BitInstructionTests.ExtensionWordCount_VariousAddressingModes_ReturnsCorrectCount(sourceMode: Register, destMode: Indirect, expectedCount: 0)" storage="/home/runner/work/ai_msp430_emulator/ai_msp430_emulator/tests/msp430.emulator.tests/bin/release/net8.0/msp430.emulator.tests.dll" id="e7c42ee8-214c-0f20-0e16-432df73db6d1">
      <Execution id="98af7e0c-5a23-485a-bf06-63cc48c24c41" />
      <TestMethod codeBase="/home/runner/work/ai_msp430_emulator/ai_msp430_emulator/tests/MSP430.Emulator.Tests/bin/Release/net8.0/MSP430.Emulator.Tests.dll" adapterTypeName="executor://xunit/VsTestRunner3/netcore/" className="MSP430.Emulator.Tests.Instructions.Logic.BitInstructionTests" name="ExtensionWordCount_VariousAddressingModes_ReturnsCorrectCount" />
    </UnitTest>
    <UnitTest name="MSP430.Emulator.Tests.Memory.MemoryMapTests.IsValidAddress_ValidAddresses_ReturnsTrue" storage="/home/runner/work/ai_msp430_emulator/ai_msp430_emulator/tests/msp430.emulator.tests/bin/release/net8.0/msp430.emulator.tests.dll" id="ddbc0d2c-aeab-5a45-8601-209e7b4e2d3a">
      <Execution id="ad936a6f-8459-4875-ba25-47c5c3538b9e" />
      <TestMethod codeBase="/home/runner/work/ai_msp430_emulator/ai_msp430_emulator/tests/MSP430.Emulator.Tests/bin/Release/net8.0/MSP430.Emulator.Tests.dll" adapterTypeName="executor://xunit/VsTestRunner3/netcore/" className="MSP430.Emulator.Tests.Memory.MemoryMapTests" name="IsValidAddress_ValidAddresses_ReturnsTrue" />
    </UnitTest>
    <UnitTest name="MSP430.Emulator.Tests.Memory.MemoryMapTests.Constructor_OverlappingRegions_ThrowsArgumentException" storage="/home/runner/work/ai_msp430_emulator/ai_msp430_emulator/tests/msp430.emulator.tests/bin/release/net8.0/msp430.emulator.tests.dll" id="af325f46-7eca-4576-e67a-4813b804af73">
      <Execution id="a3a97d53-69f9-40d5-90f1-8bdcf4f7b32e" />
      <TestMethod codeBase="/home/runner/work/ai_msp430_emulator/ai_msp430_emulator/tests/MSP430.Emulator.Tests/bin/Release/net8.0/MSP430.Emulator.Tests.dll" adapterTypeName="executor://xunit/VsTestRunner3/netcore/" className="MSP430.Emulator.Tests.Memory.MemoryMapTests" name="Constructor_OverlappingRegions_ThrowsArgumentException" />
    </UnitTest>
    <UnitTest name="MSP430.Emulator.Tests.Instructions.Arithmetic.DecInstructionTests.Format_IsFormatI" storage="/home/runner/work/ai_msp430_emulator/ai_msp430_emulator/tests/msp430.emulator.tests/bin/release/net8.0/msp430.emulator.tests.dll" id="001f3064-523e-b5e4-1a32-0c0dfc76e7c0">
      <Execution id="aae19a13-641e-4ef9-8565-2ee9f9880b6c" />
      <TestMethod codeBase="/home/runner/work/ai_msp430_emulator/ai_msp430_emulator/tests/MSP430.Emulator.Tests/bin/Release/net8.0/MSP430.Emulator.Tests.dll" adapterTypeName="executor://xunit/VsTestRunner3/netcore/" className="MSP430.Emulator.Tests.Instructions.Arithmetic.DecInstructionTests" name="Format_IsFormatI" />
    </UnitTest>
    <UnitTest name="MSP430.Emulator.Tests.Instructions.Logic.BitInstructionTests.ToString_VariousAddressingModes_FormatsCorrectly(mode: Indirect, expectedOperand: &quot;@R1&quot;)" storage="/home/runner/work/ai_msp430_emulator/ai_msp430_emulator/tests/msp430.emulator.tests/bin/release/net8.0/msp430.emulator.tests.dll" id="79831611-aa00-c9d3-4044-35eae79c7956">
      <Execution id="edfc57bb-3714-4222-b4b1-e1d4b0e2964a" />
      <TestMethod codeBase="/home/runner/work/ai_msp430_emulator/ai_msp430_emulator/tests/MSP430.Emulator.Tests/bin/Release/net8.0/MSP430.Emulator.Tests.dll" adapterTypeName="executor://xunit/VsTestRunner3/netcore/" className="MSP430.Emulator.Tests.Instructions.Logic.BitInstructionTests" name="ToString_VariousAddressingModes_FormatsCorrectly" />
    </UnitTest>
    <UnitTest name="MSP430.Emulator.Tests.Memory.FlashMemoryTests.Constructor_MemoryOverflow_ThrowsArgumentException" storage="/home/runner/work/ai_msp430_emulator/ai_msp430_emulator/tests/msp430.emulator.tests/bin/release/net8.0/msp430.emulator.tests.dll" id="2792f283-1b4d-a9e3-5e7f-e7ae713eb89d">
      <Execution id="03a995e6-7083-4b94-9eba-38c153e1be31" />
      <TestMethod codeBase="/home/runner/work/ai_msp430_emulator/ai_msp430_emulator/tests/MSP430.Emulator.Tests/bin/Release/net8.0/MSP430.Emulator.Tests.dll" adapterTypeName="executor://xunit/VsTestRunner3/netcore/" className="MSP430.Emulator.Tests.Memory.FlashMemoryTests" name="Constructor_MemoryOverflow_ThrowsArgumentException" />
    </UnitTest>
    <UnitTest name="MSP430.Emulator.Tests.Instructions.Logic.XorInstructionTests.ToString_VariousAddressingModes_FormatsCorrectly(mode: Absolute, expectedOperand: &quot;&amp;ADDR&quot;)" storage="/home/runner/work/ai_msp430_emulator/ai_msp430_emulator/tests/msp430.emulator.tests/bin/release/net8.0/msp430.emulator.tests.dll" id="0791cf6d-7177-8ba2-079c-1ce53edf7fbf">
      <Execution id="b9345f78-3bc9-4b97-a4b1-89334a4a76bd" />
      <TestMethod codeBase="/home/runner/work/ai_msp430_emulator/ai_msp430_emulator/tests/MSP430.Emulator.Tests/bin/Release/net8.0/MSP430.Emulator.Tests.dll" adapterTypeName="executor://xunit/VsTestRunner3/netcore/" className="MSP430.Emulator.Tests.Instructions.Logic.XorInstructionTests" name="ToString_VariousAddressingModes_FormatsCorrectly" />
    </UnitTest>
    <UnitTest name="MSP430.Emulator.Tests.Memory.InformationMemoryTests.WriteWord_ToProtectedSegment_Fails" storage="/home/runner/work/ai_msp430_emulator/ai_msp430_emulator/tests/msp430.emulator.tests/bin/release/net8.0/msp430.emulator.tests.dll" id="d2688dfa-40b6-aac7-fcc4-8f62d1f85af0">
      <Execution id="38b99c64-f50b-49a3-a3c7-3eb02f2358f3" />
      <TestMethod codeBase="/home/runner/work/ai_msp430_emulator/ai_msp430_emulator/tests/MSP430.Emulator.Tests/bin/Release/net8.0/MSP430.Emulator.Tests.dll" adapterTypeName="executor://xunit/VsTestRunner3/netcore/" className="MSP430.Emulator.Tests.Memory.InformationMemoryTests" name="WriteWord_ToProtectedSegment_Fails" />
    </UnitTest>
    <UnitTest name="MSP430.Emulator.Tests.Instructions.Arithmetic.AddInstructionTests.ToString_VariousAddressingModes_FormatsCorrectly(register: R0, mode: Immediate, expectedOperand: &quot;#N&quot;)" storage="/home/runner/work/ai_msp430_emulator/ai_msp430_emulator/tests/msp430.emulator.tests/bin/release/net8.0/msp430.emulator.tests.dll" id="57b51577-8575-0c09-a383-4e3d0c56a654">
      <Execution id="6b141994-4e5d-4105-a1f1-810ee9adb3a8" />
      <TestMethod codeBase="/home/runner/work/ai_msp430_emulator/ai_msp430_emulator/tests/MSP430.Emulator.Tests/bin/Release/net8.0/MSP430.Emulator.Tests.dll" adapterTypeName="executor://xunit/VsTestRunner3/netcore/" className="MSP430.Emulator.Tests.Instructions.Arithmetic.AddInstructionTests" name="ToString_VariousAddressingModes_FormatsCorrectly" />
    </UnitTest>
    <UnitTest name="MSP430.Emulator.Tests.Memory.FlashMemoryTests.Constructor_InvalidSectorSize_ThrowsArgumentException" storage="/home/runner/work/ai_msp430_emulator/ai_msp430_emulator/tests/msp430.emulator.tests/bin/release/net8.0/msp430.emulator.tests.dll" id="4ac2ee07-f94e-0739-0d57-e081e62dcf71">
      <Execution id="a3045526-fc24-49cf-b353-d2550f233feb" />
      <TestMethod codeBase="/home/runner/work/ai_msp430_emulator/ai_msp430_emulator/tests/MSP430.Emulator.Tests/bin/Release/net8.0/MSP430.Emulator.Tests.dll" adapterTypeName="executor://xunit/VsTestRunner3/netcore/" className="MSP430.Emulator.Tests.Memory.FlashMemoryTests" name="Constructor_InvalidSectorSize_ThrowsArgumentException" />
    </UnitTest>
    <UnitTest name="MSP430.Emulator.Tests.Instructions.Arithmetic.DecInstructionTests.ExtensionWordCount_VariousAddressingModes_ReturnsCorrectCount(destMode: IndirectAutoIncrement, expectedCount: 0)" storage="/home/runner/work/ai_msp430_emulator/ai_msp430_emulator/tests/msp430.emulator.tests/bin/release/net8.0/msp430.emulator.tests.dll" id="8f5bd068-c551-d736-578c-9c810ee080e4">
      <Execution id="940910ac-b13a-451a-8545-84b190679d56" />
      <TestMethod codeBase="/home/runner/work/ai_msp430_emulator/ai_msp430_emulator/tests/MSP430.Emulator.Tests/bin/Release/net8.0/MSP430.Emulator.Tests.dll" adapterTypeName="executor://xunit/VsTestRunner3/netcore/" className="MSP430.Emulator.Tests.Instructions.Arithmetic.DecInstructionTests" name="ExtensionWordCount_VariousAddressingModes_ReturnsCorrectCount" />
    </UnitTest>
    <UnitTest name="MSP430.Emulator.Tests.Memory.FlashMemoryTests.EraseSector_WhenLocked_ReturnsFalse" storage="/home/runner/work/ai_msp430_emulator/ai_msp430_emulator/tests/msp430.emulator.tests/bin/release/net8.0/msp430.emulator.tests.dll" id="14e8075d-7806-f58a-5e5e-e6f908242526">
      <Execution id="ba47e875-899c-480f-ad1c-e43244248fd5" />
      <TestMethod codeBase="/home/runner/work/ai_msp430_emulator/ai_msp430_emulator/tests/MSP430.Emulator.Tests/bin/Release/net8.0/MSP430.Emulator.Tests.dll" adapterTypeName="executor://xunit/VsTestRunner3/netcore/" className="MSP430.Emulator.Tests.Memory.FlashMemoryTests" name="EraseSector_WhenLocked_ReturnsFalse" />
    </UnitTest>
    <UnitTest name="MSP430.Emulator.Tests.Memory.RandomAccessMemoryTests.Constructor_ValidParameters_CreatesMemory" storage="/home/runner/work/ai_msp430_emulator/ai_msp430_emulator/tests/msp430.emulator.tests/bin/release/net8.0/msp430.emulator.tests.dll" id="1afbb431-cce5-8a83-0b4d-5e3ac57c08dc">
      <Execution id="d0806c05-7ac6-49e5-b718-9461d0846cef" />
      <TestMethod codeBase="/home/runner/work/ai_msp430_emulator/ai_msp430_emulator/tests/MSP430.Emulator.Tests/bin/Release/net8.0/MSP430.Emulator.Tests.dll" adapterTypeName="executor://xunit/VsTestRunner3/netcore/" className="MSP430.Emulator.Tests.Memory.RandomAccessMemoryTests" name="Constructor_ValidParameters_CreatesMemory" />
    </UnitTest>
    <UnitTest name="MSP430.Emulator.Tests.Cpu.RegisterFileTests.ReadRegister_InvalidRegister_ThrowsArgumentException" storage="/home/runner/work/ai_msp430_emulator/ai_msp430_emulator/tests/msp430.emulator.tests/bin/release/net8.0/msp430.emulator.tests.dll" id="6c992aa2-7f9c-139d-7ecd-5cf57f1bd318">
      <Execution id="461c779b-4401-46b9-be3c-7bc9446ce2d9" />
      <TestMethod codeBase="/home/runner/work/ai_msp430_emulator/ai_msp430_emulator/tests/MSP430.Emulator.Tests/bin/Release/net8.0/MSP430.Emulator.Tests.dll" adapterTypeName="executor://xunit/VsTestRunner3/netcore/" className="MSP430.Emulator.Tests.Cpu.RegisterFileTests" name="ReadRegister_InvalidRegister_ThrowsArgumentException" />
    </UnitTest>
    <UnitTest name="MSP430.Emulator.Tests.Instructions.Arithmetic.CmpInstructionTests.ExtensionWordCount_VariousAddressingModes_ReturnsCorrectCount(sourceMode: Immediate, destMode: Absolute, expectedCount: 2)" storage="/home/runner/work/ai_msp430_emulator/ai_msp430_emulator/tests/msp430.emulator.tests/bin/release/net8.0/msp430.emulator.tests.dll" id="ec2207d2-a9a8-fe88-d748-886b5e215daa">
      <Execution id="262f2535-715b-4f91-9955-87a5a1348c73" />
      <TestMethod codeBase="/home/runner/work/ai_msp430_emulator/ai_msp430_emulator/tests/MSP430.Emulator.Tests/bin/Release/net8.0/MSP430.Emulator.Tests.dll" adapterTypeName="executor://xunit/VsTestRunner3/netcore/" className="MSP430.Emulator.Tests.Instructions.Arithmetic.CmpInstructionTests" name="ExtensionWordCount_VariousAddressingModes_ReturnsCorrectCount" />
    </UnitTest>
    <UnitTest name="MSP430.Emulator.Tests.Memory.MemoryControllerTests.Statistics_TrackMultipleOperations" storage="/home/runner/work/ai_msp430_emulator/ai_msp430_emulator/tests/msp430.emulator.tests/bin/release/net8.0/msp430.emulator.tests.dll" id="91cc9ca1-c00d-b9a8-24d8-590ac8228d74">
      <Execution id="40227f2e-5825-4644-8343-298378bfdb2c" />
      <TestMethod codeBase="/home/runner/work/ai_msp430_emulator/ai_msp430_emulator/tests/MSP430.Emulator.Tests/bin/Release/net8.0/MSP430.Emulator.Tests.dll" adapterTypeName="executor://xunit/VsTestRunner3/netcore/" className="MSP430.Emulator.Tests.Memory.MemoryControllerTests" name="Statistics_TrackMultipleOperations" />
    </UnitTest>
    <UnitTest name="MSP430.Emulator.Tests.Instructions.InstructionDecoderTests.GetInstructionFormat_FormatIII_ReturnsFormatIII(instructionWord: 12288)" storage="/home/runner/work/ai_msp430_emulator/ai_msp430_emulator/tests/msp430.emulator.tests/bin/release/net8.0/msp430.emulator.tests.dll" id="3aa5ed68-a573-478e-033e-579d088133e0">
      <Execution id="f881f7a6-8dbd-4302-9313-6a181031e5fb" />
      <TestMethod codeBase="/home/runner/work/ai_msp430_emulator/ai_msp430_emulator/tests/MSP430.Emulator.Tests/bin/Release/net8.0/MSP430.Emulator.Tests.dll" adapterTypeName="executor://xunit/VsTestRunner3/netcore/" className="MSP430.Emulator.Tests.Instructions.InstructionDecoderTests" name="GetInstructionFormat_FormatIII_ReturnsFormatIII" />
    </UnitTest>
    <UnitTest name="MSP430.Emulator.Tests.Cpu.StatusRegisterTests.Constructor_WithInitialValue_SetsValue" storage="/home/runner/work/ai_msp430_emulator/ai_msp430_emulator/tests/msp430.emulator.tests/bin/release/net8.0/msp430.emulator.tests.dll" id="db241090-e1f1-6e5d-7e6e-bf9204b84895">
      <Execution id="82d6009e-79c8-4012-8976-d920e9e81bda" />
      <TestMethod codeBase="/home/runner/work/ai_msp430_emulator/ai_msp430_emulator/tests/MSP430.Emulator.Tests/bin/Release/net8.0/MSP430.Emulator.Tests.dll" adapterTypeName="executor://xunit/VsTestRunner3/netcore/" className="MSP430.Emulator.Tests.Cpu.StatusRegisterTests" name="Constructor_WithInitialValue_SetsValue" />
    </UnitTest>
    <UnitTest name="MSP430.Emulator.Tests.Instructions.InstructionDecoderTests.GetInstructionFormat_FormatI_ReturnsFormatI(instructionWord: 16384)" storage="/home/runner/work/ai_msp430_emulator/ai_msp430_emulator/tests/msp430.emulator.tests/bin/release/net8.0/msp430.emulator.tests.dll" id="f9ab65fe-0e2e-4609-04b2-55fbf072c87a">
      <Execution id="26c24e0e-f76c-4cc1-907f-85e783d2adb2" />
      <TestMethod codeBase="/home/runner/work/ai_msp430_emulator/ai_msp430_emulator/tests/MSP430.Emulator.Tests/bin/Release/net8.0/MSP430.Emulator.Tests.dll" adapterTypeName="executor://xunit/VsTestRunner3/netcore/" className="MSP430.Emulator.Tests.Instructions.InstructionDecoderTests" name="GetInstructionFormat_FormatI_ReturnsFormatI" />
    </UnitTest>
    <UnitTest name="MSP430.Emulator.Tests.Memory.MemoryAccessValidatorTests.ValidateRead_ValidAddress_DoesNotThrow" storage="/home/runner/work/ai_msp430_emulator/ai_msp430_emulator/tests/msp430.emulator.tests/bin/release/net8.0/msp430.emulator.tests.dll" id="1fa9a8bc-fe28-81c4-cff4-8134118b4d34">
      <Execution id="7aee3185-8811-41d3-803e-1a6e22c34f90" />
      <TestMethod codeBase="/home/runner/work/ai_msp430_emulator/ai_msp430_emulator/tests/MSP430.Emulator.Tests/bin/Release/net8.0/MSP430.Emulator.Tests.dll" adapterTypeName="executor://xunit/VsTestRunner3/netcore/" className="MSP430.Emulator.Tests.Memory.MemoryAccessValidatorTests" name="ValidateRead_ValidAddress_DoesNotThrow" />
    </UnitTest>
    <UnitTest name="MSP430.Emulator.Tests.Instructions.Logic.XorInstructionTests.AddressingModes_AllSupportedModes_ReturnCorrectValues(mode: IndirectAutoIncrement)" storage="/home/runner/work/ai_msp430_emulator/ai_msp430_emulator/tests/msp430.emulator.tests/bin/release/net8.0/msp430.emulator.tests.dll" id="aa66ec51-5f25-2290-e2a9-8db9950af24d">
      <Execution id="59e0a4bb-8244-4334-9b95-56e71c0afd35" />
      <TestMethod codeBase="/home/runner/work/ai_msp430_emulator/ai_msp430_emulator/tests/MSP430.Emulator.Tests/bin/Release/net8.0/MSP430.Emulator.Tests.dll" adapterTypeName="executor://xunit/VsTestRunner3/netcore/" className="MSP430.Emulator.Tests.Instructions.Logic.XorInstructionTests" name="AddressingModes_AllSupportedModes_ReturnCorrectValues" />
    </UnitTest>
    <UnitTest name="MSP430.Emulator.Tests.Memory.MemorySystemIntegrationTests.MemorySystem_RegionDescriptions_AreCorrect(address: 65520, expectedDescription: &quot;Interrupt Vector Table&quot;)" storage="/home/runner/work/ai_msp430_emulator/ai_msp430_emulator/tests/msp430.emulator.tests/bin/release/net8.0/msp430.emulator.tests.dll" id="a0e538e6-b562-ec5a-407a-969fe5c9571d">
      <Execution id="621784ce-0d39-49af-94ed-ed4ce9d1f488" />
      <TestMethod codeBase="/home/runner/work/ai_msp430_emulator/ai_msp430_emulator/tests/MSP430.Emulator.Tests/bin/Release/net8.0/MSP430.Emulator.Tests.dll" adapterTypeName="executor://xunit/VsTestRunner3/netcore/" className="MSP430.Emulator.Tests.Memory.MemorySystemIntegrationTests" name="MemorySystem_RegionDescriptions_AreCorrect" />
    </UnitTest>
    <UnitTest name="MSP430.Emulator.Tests.Core.EmulatorCoreTests.RemoveBreakpoint_ExistingBreakpoint_RemovesAndReturnsTrue" storage="/home/runner/work/ai_msp430_emulator/ai_msp430_emulator/tests/msp430.emulator.tests/bin/release/net8.0/msp430.emulator.tests.dll" id="c2a816cc-b6ee-ce09-3cee-2b5d34baa4c2">
      <Execution id="9dbb32cf-a909-4826-a05d-5addb392796b" />
      <TestMethod codeBase="/home/runner/work/ai_msp430_emulator/ai_msp430_emulator/tests/MSP430.Emulator.Tests/bin/Release/net8.0/MSP430.Emulator.Tests.dll" adapterTypeName="executor://xunit/VsTestRunner3/netcore/" className="MSP430.Emulator.Tests.Core.EmulatorCoreTests" name="RemoveBreakpoint_ExistingBreakpoint_RemovesAndReturnsTrue" />
    </UnitTest>
    <UnitTest name="MSP430.Emulator.Tests.Cpu.RegisterFileTests.GetProgramCounter_ReturnsR0Value" storage="/home/runner/work/ai_msp430_emulator/ai_msp430_emulator/tests/msp430.emulator.tests/bin/release/net8.0/msp430.emulator.tests.dll" id="818a8e2a-495e-d834-7890-5a4270f4f740">
      <Execution id="06ec0fe8-e609-40fd-82ce-992ca6621218" />
      <TestMethod codeBase="/home/runner/work/ai_msp430_emulator/ai_msp430_emulator/tests/MSP430.Emulator.Tests/bin/Release/net8.0/MSP430.Emulator.Tests.dll" adapterTypeName="executor://xunit/VsTestRunner3/netcore/" className="MSP430.Emulator.Tests.Cpu.RegisterFileTests" name="GetProgramCounter_ReturnsR0Value" />
    </UnitTest>
    <UnitTest name="MSP430.Emulator.Tests.Instructions.Logic.XorInstructionTests.SourceRegister_AllRegisters_ReturnsCorrectRegister(register: CG1)" storage="/home/runner/work/ai_msp430_emulator/ai_msp430_emulator/tests/msp430.emulator.tests/bin/release/net8.0/msp430.emulator.tests.dll" id="a7c13a8e-35e8-18e1-817c-7fe8f3eacfba">
      <Execution id="fb90bed2-8625-4080-b3d2-4c8ee399809c" />
      <TestMethod codeBase="/home/runner/work/ai_msp430_emulator/ai_msp430_emulator/tests/MSP430.Emulator.Tests/bin/Release/net8.0/MSP430.Emulator.Tests.dll" adapterTypeName="executor://xunit/VsTestRunner3/netcore/" className="MSP430.Emulator.Tests.Instructions.Logic.XorInstructionTests" name="SourceRegister_AllRegisters_ReturnsCorrectRegister" />
    </UnitTest>
    <UnitTest name="MSP430.Emulator.Tests.Instructions.Logic.AndInstructionTests.Constructor_ByteOperation_SetsByteFlag" storage="/home/runner/work/ai_msp430_emulator/ai_msp430_emulator/tests/msp430.emulator.tests/bin/release/net8.0/msp430.emulator.tests.dll" id="b1b0fb65-c138-9140-da82-3080795d428e">
      <Execution id="8444e9e5-369a-4643-871e-3e94bd75cb8b" />
      <TestMethod codeBase="/home/runner/work/ai_msp430_emulator/ai_msp430_emulator/tests/MSP430.Emulator.Tests/bin/Release/net8.0/MSP430.Emulator.Tests.dll" adapterTypeName="executor://xunit/VsTestRunner3/netcore/" className="MSP430.Emulator.Tests.Instructions.Logic.AndInstructionTests" name="Constructor_ByteOperation_SetsByteFlag" />
    </UnitTest>
    <UnitTest name="MSP430.Emulator.Tests.Memory.FlashControllerTests.StartProgramming_WhenLocked_ReturnsFalse" storage="/home/runner/work/ai_msp430_emulator/ai_msp430_emulator/tests/msp430.emulator.tests/bin/release/net8.0/msp430.emulator.tests.dll" id="3f4164af-3ca3-17b1-d716-9571aa792019">
      <Execution id="53079b40-e206-4e1e-8ba3-b4a897689589" />
      <TestMethod codeBase="/home/runner/work/ai_msp430_emulator/ai_msp430_emulator/tests/MSP430.Emulator.Tests/bin/Release/net8.0/MSP430.Emulator.Tests.dll" adapterTypeName="executor://xunit/VsTestRunner3/netcore/" className="MSP430.Emulator.Tests.Memory.FlashControllerTests" name="StartProgramming_WhenLocked_ReturnsFalse" />
    </UnitTest>
    <UnitTest name="MSP430.Emulator.Tests.Instructions.Arithmetic.AddInstructionTests.ExtensionWordCount_VariousAddressingModes_ReturnsCorrectCount(sourceMode: Register, destMode: Register, expectedCount: 0)" storage="/home/runner/work/ai_msp430_emulator/ai_msp430_emulator/tests/msp430.emulator.tests/bin/release/net8.0/msp430.emulator.tests.dll" id="6e797d03-9910-84d6-18b8-751731f13a15">
      <Execution id="e8274d46-edbc-4508-8c3f-d6cd1d33ddd9" />
      <TestMethod codeBase="/home/runner/work/ai_msp430_emulator/ai_msp430_emulator/tests/MSP430.Emulator.Tests/bin/Release/net8.0/MSP430.Emulator.Tests.dll" adapterTypeName="executor://xunit/VsTestRunner3/netcore/" className="MSP430.Emulator.Tests.Instructions.Arithmetic.AddInstructionTests" name="ExtensionWordCount_VariousAddressingModes_ReturnsCorrectCount" />
    </UnitTest>
    <UnitTest name="MSP430.Emulator.Tests.Instructions.Arithmetic.DecInstructionTests.Properties_VariousRegisters_ReturnCorrectValues(dest: CG1)" storage="/home/runner/work/ai_msp430_emulator/ai_msp430_emulator/tests/msp430.emulator.tests/bin/release/net8.0/msp430.emulator.tests.dll" id="7531286f-129c-c19f-a70d-68382f85e779">
      <Execution id="f740b9dd-b252-4dd7-ad6d-4774332ee53e" />
      <TestMethod codeBase="/home/runner/work/ai_msp430_emulator/ai_msp430_emulator/tests/MSP430.Emulator.Tests/bin/Release/net8.0/MSP430.Emulator.Tests.dll" adapterTypeName="executor://xunit/VsTestRunner3/netcore/" className="MSP430.Emulator.Tests.Instructions.Arithmetic.DecInstructionTests" name="Properties_VariousRegisters_ReturnCorrectValues" />
    </UnitTest>
    <UnitTest name="MSP430.Emulator.Tests.Instructions.Arithmetic.CmpInstructionTests.ToString_VariousAddressingModes_FormatsCorrectly(register: R0, mode: Register, expectedOperand: &quot;R0&quot;)" storage="/home/runner/work/ai_msp430_emulator/ai_msp430_emulator/tests/msp430.emulator.tests/bin/release/net8.0/msp430.emulator.tests.dll" id="f440de21-edd7-c5e2-bca5-125570d4a062">
      <Execution id="b9307733-22b0-4924-96d8-7384c4e0f89d" />
      <TestMethod codeBase="/home/runner/work/ai_msp430_emulator/ai_msp430_emulator/tests/MSP430.Emulator.Tests/bin/Release/net8.0/MSP430.Emulator.Tests.dll" adapterTypeName="executor://xunit/VsTestRunner3/netcore/" className="MSP430.Emulator.Tests.Instructions.Arithmetic.CmpInstructionTests" name="ToString_VariousAddressingModes_FormatsCorrectly" />
    </UnitTest>
    <UnitTest name="MSP430.Emulator.Tests.Instructions.InstructionDecoderTests.Decode_ValidFormatII_ReturnsFormatIIInstruction" storage="/home/runner/work/ai_msp430_emulator/ai_msp430_emulator/tests/msp430.emulator.tests/bin/release/net8.0/msp430.emulator.tests.dll" id="38d265ea-ecc0-ac37-df26-e336b7e9a989">
      <Execution id="8627b9f0-5b4a-4262-bf1f-327f8681c46a" />
      <TestMethod codeBase="/home/runner/work/ai_msp430_emulator/ai_msp430_emulator/tests/MSP430.Emulator.Tests/bin/Release/net8.0/MSP430.Emulator.Tests.dll" adapterTypeName="executor://xunit/VsTestRunner3/netcore/" className="MSP430.Emulator.Tests.Instructions.InstructionDecoderTests" name="Decode_ValidFormatII_ReturnsFormatIIInstruction" />
    </UnitTest>
    <UnitTest name="MSP430.Emulator.Tests.Instructions.Logic.BisInstructionTests.DestinationRegister_AllRegisters_ReturnsCorrectRegister(register: R0)" storage="/home/runner/work/ai_msp430_emulator/ai_msp430_emulator/tests/msp430.emulator.tests/bin/release/net8.0/msp430.emulator.tests.dll" id="e8c143e0-b65f-f14b-8f72-590eff595e85">
      <Execution id="5e718b4a-d9dd-4efb-bbe9-af52cdd0e0f1" />
      <TestMethod codeBase="/home/runner/work/ai_msp430_emulator/ai_msp430_emulator/tests/MSP430.Emulator.Tests/bin/Release/net8.0/MSP430.Emulator.Tests.dll" adapterTypeName="executor://xunit/VsTestRunner3/netcore/" className="MSP430.Emulator.Tests.Instructions.Logic.BisInstructionTests" name="DestinationRegister_AllRegisters_ReturnsCorrectRegister" />
    </UnitTest>
    <UnitTest name="MSP430.Emulator.Tests.Instructions.Arithmetic.CmpInstructionTests.ToString_VariousAddressingModes_FormatsCorrectly(register: R5, mode: Indexed, expectedOperand: &quot;X(R5)&quot;)" storage="/home/runner/work/ai_msp430_emulator/ai_msp430_emulator/tests/msp430.emulator.tests/bin/release/net8.0/msp430.emulator.tests.dll" id="ec8a6e2d-d389-1c10-2b5c-44a34ff69b1a">
      <Execution id="a72ea06e-b660-4e32-a327-70396e0c7f5d" />
      <TestMethod codeBase="/home/runner/work/ai_msp430_emulator/ai_msp430_emulator/tests/MSP430.Emulator.Tests/bin/Release/net8.0/MSP430.Emulator.Tests.dll" adapterTypeName="executor://xunit/VsTestRunner3/netcore/" className="MSP430.Emulator.Tests.Instructions.Arithmetic.CmpInstructionTests" name="ToString_VariousAddressingModes_FormatsCorrectly" />
    </UnitTest>
    <UnitTest name="MSP430.Emulator.Tests.Memory.RandomAccessMemoryTests.Constructor_InvalidSize_ThrowsArgumentOutOfRangeException(invalidSize: -1)" storage="/home/runner/work/ai_msp430_emulator/ai_msp430_emulator/tests/msp430.emulator.tests/bin/release/net8.0/msp430.emulator.tests.dll" id="bf3b5b8a-2cfd-a5a1-5684-aaf7d8512034">
      <Execution id="d41d9ded-9616-4aed-a256-7d8126aa19bb" />
      <TestMethod codeBase="/home/runner/work/ai_msp430_emulator/ai_msp430_emulator/tests/MSP430.Emulator.Tests/bin/Release/net8.0/MSP430.Emulator.Tests.dll" adapterTypeName="executor://xunit/VsTestRunner3/netcore/" className="MSP430.Emulator.Tests.Memory.RandomAccessMemoryTests" name="Constructor_InvalidSize_ThrowsArgumentOutOfRangeException" />
    </UnitTest>
    <UnitTest name="MSP430.Emulator.Tests.Memory.RandomAccessMemoryTests.BoundaryTesting_LastValidAddresses_WorksCorrectly" storage="/home/runner/work/ai_msp430_emulator/ai_msp430_emulator/tests/msp430.emulator.tests/bin/release/net8.0/msp430.emulator.tests.dll" id="6eb23d06-5d15-f840-7536-82fd5828275f">
      <Execution id="f0019280-0b3a-4bd6-8cd4-b47413ff720b" />
      <TestMethod codeBase="/home/runner/work/ai_msp430_emulator/ai_msp430_emulator/tests/MSP430.Emulator.Tests/bin/Release/net8.0/MSP430.Emulator.Tests.dll" adapterTypeName="executor://xunit/VsTestRunner3/netcore/" className="MSP430.Emulator.Tests.Memory.RandomAccessMemoryTests" name="BoundaryTesting_LastValidAddresses_WorksCorrectly" />
    </UnitTest>
    <UnitTest name="MSP430.Emulator.Tests.Cpu.RegisterFileTests.WriteRegisterHighByte_ValidRegister_UpdatesHighByteOnly" storage="/home/runner/work/ai_msp430_emulator/ai_msp430_emulator/tests/msp430.emulator.tests/bin/release/net8.0/msp430.emulator.tests.dll" id="0e8f36dd-db09-402c-8eeb-52d1b20015b5">
      <Execution id="1f1eb795-277c-405b-89fc-d2827751b46e" />
      <TestMethod codeBase="/home/runner/work/ai_msp430_emulator/ai_msp430_emulator/tests/MSP430.Emulator.Tests/bin/Release/net8.0/MSP430.Emulator.Tests.dll" adapterTypeName="executor://xunit/VsTestRunner3/netcore/" className="MSP430.Emulator.Tests.Cpu.RegisterFileTests" name="WriteRegisterHighByte_ValidRegister_UpdatesHighByteOnly" />
    </UnitTest>
    <UnitTest name="MSP430.Emulator.Tests.Memory.FlashControllerTests.SetProtectionLevel_LocksControllerWhenProtected" storage="/home/runner/work/ai_msp430_emulator/ai_msp430_emulator/tests/msp430.emulator.tests/bin/release/net8.0/msp430.emulator.tests.dll" id="7891b759-5ca9-60f8-f9ea-6e6c1757f6bc">
      <Execution id="9de7c0a6-f86e-418f-8920-7869c120cea3" />
      <TestMethod codeBase="/home/runner/work/ai_msp430_emulator/ai_msp430_emulator/tests/MSP430.Emulator.Tests/bin/Release/net8.0/MSP430.Emulator.Tests.dll" adapterTypeName="executor://xunit/VsTestRunner3/netcore/" className="MSP430.Emulator.Tests.Memory.FlashControllerTests" name="SetProtectionLevel_LocksControllerWhenProtected" />
    </UnitTest>
    <UnitTest name="MSP430.Emulator.Tests.Memory.MemoryControllerTests.IsValidAddress_InvalidAddresses_ReturnsFalse(address: 6656)" storage="/home/runner/work/ai_msp430_emulator/ai_msp430_emulator/tests/msp430.emulator.tests/bin/release/net8.0/msp430.emulator.tests.dll" id="30d41f5f-3db8-e610-99ec-b6f8d88e8f38">
      <Execution id="c04c5340-e652-4ed0-92ec-18e30e5e7c2e" />
      <TestMethod codeBase="/home/runner/work/ai_msp430_emulator/ai_msp430_emulator/tests/MSP430.Emulator.Tests/bin/Release/net8.0/MSP430.Emulator.Tests.dll" adapterTypeName="executor://xunit/VsTestRunner3/netcore/" className="MSP430.Emulator.Tests.Memory.MemoryControllerTests" name="IsValidAddress_InvalidAddresses_ReturnsFalse" />
    </UnitTest>
    <UnitTest name="MSP430.Emulator.Tests.Instructions.Logic.BisInstructionTests.AddressingModes_AllSupportedModes_ReturnCorrectValues(mode: Indirect)" storage="/home/runner/work/ai_msp430_emulator/ai_msp430_emulator/tests/msp430.emulator.tests/bin/release/net8.0/msp430.emulator.tests.dll" id="846317de-6b4d-1808-8f7a-9e6c4bb4da23">
      <Execution id="a3ba2e1f-2a82-445e-903f-d1a8911a32c8" />
      <TestMethod codeBase="/home/runner/work/ai_msp430_emulator/ai_msp430_emulator/tests/MSP430.Emulator.Tests/bin/Release/net8.0/MSP430.Emulator.Tests.dll" adapterTypeName="executor://xunit/VsTestRunner3/netcore/" className="MSP430.Emulator.Tests.Instructions.Logic.BisInstructionTests" name="AddressingModes_AllSupportedModes_ReturnCorrectValues" />
    </UnitTest>
    <UnitTest name="MSP430.Emulator.Tests.Instructions.Logic.BisInstructionTests.ToString_VariousAddressingModes_FormatsCorrectly(mode: Symbolic, expectedOperand: &quot;ADDR&quot;)" storage="/home/runner/work/ai_msp430_emulator/ai_msp430_emulator/tests/msp430.emulator.tests/bin/release/net8.0/msp430.emulator.tests.dll" id="74c61a0b-e7ee-22ce-4a76-9d21e6ea0c57">
      <Execution id="015b6ff9-d441-4821-9b56-393d5255d7b3" />
      <TestMethod codeBase="/home/runner/work/ai_msp430_emulator/ai_msp430_emulator/tests/MSP430.Emulator.Tests/bin/Release/net8.0/MSP430.Emulator.Tests.dll" adapterTypeName="executor://xunit/VsTestRunner3/netcore/" className="MSP430.Emulator.Tests.Instructions.Logic.BisInstructionTests" name="ToString_VariousAddressingModes_FormatsCorrectly" />
    </UnitTest>
    <UnitTest name="MSP430.Emulator.Tests.Memory.InformationMemoryTests.ReadByte_InvalidAddress_ThrowsArgumentOutOfRangeException(invalidAddress: 6143)" storage="/home/runner/work/ai_msp430_emulator/ai_msp430_emulator/tests/msp430.emulator.tests/bin/release/net8.0/msp430.emulator.tests.dll" id="fa1a5d81-2f87-734b-2ea0-82f3ca9e59bf">
      <Execution id="60aa63b7-9cc3-4058-bd84-f2b6a85d4274" />
      <TestMethod codeBase="/home/runner/work/ai_msp430_emulator/ai_msp430_emulator/tests/MSP430.Emulator.Tests/bin/Release/net8.0/MSP430.Emulator.Tests.dll" adapterTypeName="executor://xunit/VsTestRunner3/netcore/" className="MSP430.Emulator.Tests.Memory.InformationMemoryTests" name="ReadByte_InvalidAddress_ThrowsArgumentOutOfRangeException" />
    </UnitTest>
    <UnitTest name="MSP430.Emulator.Tests.Logging.ConsoleLoggerTests.SuppressOutput_CanBeSet" storage="/home/runner/work/ai_msp430_emulator/ai_msp430_emulator/tests/msp430.emulator.tests/bin/release/net8.0/msp430.emulator.tests.dll" id="bade349f-107c-c92e-59bc-50e943325015">
      <Execution id="7ddc7b95-0e05-413e-9ced-b9f997f5e40f" />
      <TestMethod codeBase="/home/runner/work/ai_msp430_emulator/ai_msp430_emulator/tests/MSP430.Emulator.Tests/bin/Release/net8.0/MSP430.Emulator.Tests.dll" adapterTypeName="executor://xunit/VsTestRunner3/netcore/" className="MSP430.Emulator.Tests.Logging.ConsoleLoggerTests" name="SuppressOutput_CanBeSet" />
    </UnitTest>
    <UnitTest name="MSP430.Emulator.Tests.Instructions.AddressingModeDecoderTests.RequiresExtensionWord_VariousModes_ReturnsCorrectResult(mode: IndirectAutoIncrement, expected: False)" storage="/home/runner/work/ai_msp430_emulator/ai_msp430_emulator/tests/msp430.emulator.tests/bin/release/net8.0/msp430.emulator.tests.dll" id="7a0b89d9-b831-b204-a233-98f0efea8677">
      <Execution id="0587903f-9b87-43ce-9859-4cd7cfce92e7" />
      <TestMethod codeBase="/home/runner/work/ai_msp430_emulator/ai_msp430_emulator/tests/MSP430.Emulator.Tests/bin/Release/net8.0/MSP430.Emulator.Tests.dll" adapterTypeName="executor://xunit/VsTestRunner3/netcore/" className="MSP430.Emulator.Tests.Instructions.AddressingModeDecoderTests" name="RequiresExtensionWord_VariousModes_ReturnsCorrectResult" />
    </UnitTest>
    <UnitTest name="MSP430.Emulator.Tests.Instructions.InstructionDecoderTests.ExtractOpcode_FormatIII_ReturnsCorrectOpcode(format: FormatIII, instructionWord: 13312, expected: 5)" storage="/home/runner/work/ai_msp430_emulator/ai_msp430_emulator/tests/msp430.emulator.tests/bin/release/net8.0/msp430.emulator.tests.dll" id="58d39c56-1723-f092-333d-1386319e3874">
      <Execution id="9fb46d7f-af85-4137-99b4-eb70affc70e9" />
      <TestMethod codeBase="/home/runner/work/ai_msp430_emulator/ai_msp430_emulator/tests/MSP430.Emulator.Tests/bin/Release/net8.0/MSP430.Emulator.Tests.dll" adapterTypeName="executor://xunit/VsTestRunner3/netcore/" className="MSP430.Emulator.Tests.Instructions.InstructionDecoderTests" name="ExtractOpcode_FormatIII_ReturnsCorrectOpcode" />
    </UnitTest>
    <UnitTest name="MSP430.Emulator.Tests.Instructions.Arithmetic.SubInstructionTests.Constructor_ValidParameters_CreatesInstruction" storage="/home/runner/work/ai_msp430_emulator/ai_msp430_emulator/tests/msp430.emulator.tests/bin/release/net8.0/msp430.emulator.tests.dll" id="e717c27a-40ea-04a3-34a6-7878470e0ef0">
      <Execution id="4a47a1c9-1e9b-47da-a66f-13f72d8ad7b8" />
      <TestMethod codeBase="/home/runner/work/ai_msp430_emulator/ai_msp430_emulator/tests/MSP430.Emulator.Tests/bin/Release/net8.0/MSP430.Emulator.Tests.dll" adapterTypeName="executor://xunit/VsTestRunner3/netcore/" className="MSP430.Emulator.Tests.Instructions.Arithmetic.SubInstructionTests" name="Constructor_ValidParameters_CreatesInstruction" />
    </UnitTest>
    <UnitTest name="MSP430.Emulator.Tests.Core.ExecutionStateTests.IsValidTransition_ReturnsExpectedResult(from: Halted, to: Reset, expected: True)" storage="/home/runner/work/ai_msp430_emulator/ai_msp430_emulator/tests/msp430.emulator.tests/bin/release/net8.0/msp430.emulator.tests.dll" id="692b97a1-aac3-3aff-11df-312cdeb8a21c">
      <Execution id="2a2a7e2a-c07b-4b2f-81e3-beca90c54463" />
      <TestMethod codeBase="/home/runner/work/ai_msp430_emulator/ai_msp430_emulator/tests/MSP430.Emulator.Tests/bin/Release/net8.0/MSP430.Emulator.Tests.dll" adapterTypeName="executor://xunit/VsTestRunner3/netcore/" className="MSP430.Emulator.Tests.Core.ExecutionStateTests" name="IsValidTransition_ReturnsExpectedResult" />
    </UnitTest>
    <UnitTest name="MSP430.Emulator.Tests.Logging.ConsoleLoggerTests.Info_CallsLogWithInfoLevel" storage="/home/runner/work/ai_msp430_emulator/ai_msp430_emulator/tests/msp430.emulator.tests/bin/release/net8.0/msp430.emulator.tests.dll" id="91f9e891-aa93-4a29-2ec8-17fe97ed3e7e">
      <Execution id="d28d7bd8-a355-41cb-98b9-76a4abfc2148" />
      <TestMethod codeBase="/home/runner/work/ai_msp430_emulator/ai_msp430_emulator/tests/MSP430.Emulator.Tests/bin/Release/net8.0/MSP430.Emulator.Tests.dll" adapterTypeName="executor://xunit/VsTestRunner3/netcore/" className="MSP430.Emulator.Tests.Logging.ConsoleLoggerTests" name="Info_CallsLogWithInfoLevel" />
    </UnitTest>
    <UnitTest name="MSP430.Emulator.Tests.Instructions.Logic.BisInstructionTests.ToString_VariousAddressingModes_FormatsCorrectly(mode: IndirectAutoIncrement, expectedOperand: &quot;@R1+&quot;)" storage="/home/runner/work/ai_msp430_emulator/ai_msp430_emulator/tests/msp430.emulator.tests/bin/release/net8.0/msp430.emulator.tests.dll" id="f439d0fd-c4ca-253d-e7cc-4c6952db6dc0">
      <Execution id="7d9530d5-d579-46bb-9b91-e349a88c192a" />
      <TestMethod codeBase="/home/runner/work/ai_msp430_emulator/ai_msp430_emulator/tests/MSP430.Emulator.Tests/bin/Release/net8.0/MSP430.Emulator.Tests.dll" adapterTypeName="executor://xunit/VsTestRunner3/netcore/" className="MSP430.Emulator.Tests.Instructions.Logic.BisInstructionTests" name="ToString_VariousAddressingModes_FormatsCorrectly" />
    </UnitTest>
    <UnitTest name="MSP430.Emulator.Tests.Memory.MemorySystemIntegrationTests.MemorySystem_RegionDescriptions_AreCorrect(address: 0, expectedDescription: &quot;Special Function Registers&quot;)" storage="/home/runner/work/ai_msp430_emulator/ai_msp430_emulator/tests/msp430.emulator.tests/bin/release/net8.0/msp430.emulator.tests.dll" id="1db0efe3-a817-5674-daf9-a803ff1278f2">
      <Execution id="648a9ab3-fa9d-4748-888a-8a83a890dfaa" />
      <TestMethod codeBase="/home/runner/work/ai_msp430_emulator/ai_msp430_emulator/tests/MSP430.Emulator.Tests/bin/Release/net8.0/MSP430.Emulator.Tests.dll" adapterTypeName="executor://xunit/VsTestRunner3/netcore/" className="MSP430.Emulator.Tests.Memory.MemorySystemIntegrationTests" name="MemorySystem_RegionDescriptions_AreCorrect" />
    </UnitTest>
    <UnitTest name="MSP430.Emulator.Tests.Configuration.EmulatorConfigTests.LoadFromFile_WithValidFile_ReturnsCorrectConfig" storage="/home/runner/work/ai_msp430_emulator/ai_msp430_emulator/tests/msp430.emulator.tests/bin/release/net8.0/msp430.emulator.tests.dll" id="0aaf9671-3977-38e2-ae13-419d03324b73">
      <Execution id="4da0c398-15b8-430f-8630-be29d3965b83" />
      <TestMethod codeBase="/home/runner/work/ai_msp430_emulator/ai_msp430_emulator/tests/MSP430.Emulator.Tests/bin/Release/net8.0/MSP430.Emulator.Tests.dll" adapterTypeName="executor://xunit/VsTestRunner3/netcore/" className="MSP430.Emulator.Tests.Configuration.EmulatorConfigTests" name="LoadFromFile_WithValidFile_ReturnsCorrectConfig" />
    </UnitTest>
    <UnitTest name="MSP430.Emulator.Tests.Diagnostics.DiagnosticLoggerTests.MinimumLevel_ShouldReflectInnerLogger" storage="/home/runner/work/ai_msp430_emulator/ai_msp430_emulator/tests/msp430.emulator.tests/bin/release/net8.0/msp430.emulator.tests.dll" id="5dd0dda3-b7ec-c002-e97e-0dfa26ea2a09">
      <Execution id="d0437998-20e8-4ca2-bb72-cbf723d38438" />
      <TestMethod codeBase="/home/runner/work/ai_msp430_emulator/ai_msp430_emulator/tests/MSP430.Emulator.Tests/bin/Release/net8.0/MSP430.Emulator.Tests.dll" adapterTypeName="executor://xunit/VsTestRunner3/netcore/" className="MSP430.Emulator.Tests.Diagnostics.DiagnosticLoggerTests" name="MinimumLevel_ShouldReflectInnerLogger" />
    </UnitTest>
    <UnitTest name="MSP430.Emulator.Tests.Instructions.Logic.BisInstructionTests.ToString_VariousAddressingModes_FormatsCorrectly(mode: Absolute, expectedOperand: &quot;&amp;ADDR&quot;)" storage="/home/runner/work/ai_msp430_emulator/ai_msp430_emulator/tests/msp430.emulator.tests/bin/release/net8.0/msp430.emulator.tests.dll" id="33bdb52e-de35-ca45-bd8a-d99a461717b7">
      <Execution id="3b6d1b3c-201a-4cdd-8776-885874f88fdb" />
      <TestMethod codeBase="/home/runner/work/ai_msp430_emulator/ai_msp430_emulator/tests/MSP430.Emulator.Tests/bin/Release/net8.0/MSP430.Emulator.Tests.dll" adapterTypeName="executor://xunit/VsTestRunner3/netcore/" className="MSP430.Emulator.Tests.Instructions.Logic.BisInstructionTests" name="ToString_VariousAddressingModes_FormatsCorrectly" />
    </UnitTest>
    <UnitTest name="MSP430.Emulator.Tests.Memory.MemoryControllerTests.ReadWord_ValidAddress_ReturnsValue(address: 16384)" storage="/home/runner/work/ai_msp430_emulator/ai_msp430_emulator/tests/msp430.emulator.tests/bin/release/net8.0/msp430.emulator.tests.dll" id="9171e43d-9e28-20f0-1d1e-f50c20e42a1f">
      <Execution id="0da69b86-7049-4d68-bb02-ab63028347a4" />
      <TestMethod codeBase="/home/runner/work/ai_msp430_emulator/ai_msp430_emulator/tests/MSP430.Emulator.Tests/bin/Release/net8.0/MSP430.Emulator.Tests.dll" adapterTypeName="executor://xunit/VsTestRunner3/netcore/" className="MSP430.Emulator.Tests.Memory.MemoryControllerTests" name="ReadWord_ValidAddress_ReturnsValue" />
    </UnitTest>
    <UnitTest name="MSP430.Emulator.Tests.Memory.MemoryControllerTests.ReadByte_ValidAddress_ReturnsValue(address: 8192)" storage="/home/runner/work/ai_msp430_emulator/ai_msp430_emulator/tests/msp430.emulator.tests/bin/release/net8.0/msp430.emulator.tests.dll" id="d25bae56-d495-68d7-b362-26f1190428ed">
      <Execution id="bf8a4c12-f46a-440a-8e53-34d4c5f48898" />
      <TestMethod codeBase="/home/runner/work/ai_msp430_emulator/ai_msp430_emulator/tests/MSP430.Emulator.Tests/bin/Release/net8.0/MSP430.Emulator.Tests.dll" adapterTypeName="executor://xunit/VsTestRunner3/netcore/" className="MSP430.Emulator.Tests.Memory.MemoryControllerTests" name="ReadByte_ValidAddress_ReturnsValue" />
    </UnitTest>
    <UnitTest name="MSP430.Emulator.Tests.Instructions.InstructionDecoderTests.GetInstructionFormat_FormatII_ReturnsFormatII(instructionWord: 4864)" storage="/home/runner/work/ai_msp430_emulator/ai_msp430_emulator/tests/msp430.emulator.tests/bin/release/net8.0/msp430.emulator.tests.dll" id="38167955-d3af-7f62-a0d8-55f2c2a1335c">
      <Execution id="e03282f4-42e6-4432-ae2b-fbcb16498288" />
      <TestMethod codeBase="/home/runner/work/ai_msp430_emulator/ai_msp430_emulator/tests/MSP430.Emulator.Tests/bin/Release/net8.0/MSP430.Emulator.Tests.dll" adapterTypeName="executor://xunit/VsTestRunner3/netcore/" className="MSP430.Emulator.Tests.Instructions.InstructionDecoderTests" name="GetInstructionFormat_FormatII_ReturnsFormatII" />
    </UnitTest>
    <UnitTest name="MSP430.Emulator.Tests.Instructions.InstructionDecoderTests.GetInstructionFormat_FormatIII_ReturnsFormatIII(instructionWord: 9216)" storage="/home/runner/work/ai_msp430_emulator/ai_msp430_emulator/tests/msp430.emulator.tests/bin/release/net8.0/msp430.emulator.tests.dll" id="df996fa5-c138-48c9-8842-f10001a53f63">
      <Execution id="dc5d9fd9-2a2c-4f99-a01f-cbcd84547917" />
      <TestMethod codeBase="/home/runner/work/ai_msp430_emulator/ai_msp430_emulator/tests/MSP430.Emulator.Tests/bin/Release/net8.0/MSP430.Emulator.Tests.dll" adapterTypeName="executor://xunit/VsTestRunner3/netcore/" className="MSP430.Emulator.Tests.Instructions.InstructionDecoderTests" name="GetInstructionFormat_FormatIII_ReturnsFormatIII" />
    </UnitTest>
    <UnitTest name="MSP430.Emulator.Tests.Instructions.Logic.AndInstructionTests.AddressingModes_AllSupportedModes_ReturnCorrectValues(mode: Indirect)" storage="/home/runner/work/ai_msp430_emulator/ai_msp430_emulator/tests/msp430.emulator.tests/bin/release/net8.0/msp430.emulator.tests.dll" id="9894def6-a8ad-9996-d85c-6e6834048cb8">
      <Execution id="b8fd1299-5106-4fc0-a91e-6c343c8a03d2" />
      <TestMethod codeBase="/home/runner/work/ai_msp430_emulator/ai_msp430_emulator/tests/MSP430.Emulator.Tests/bin/Release/net8.0/MSP430.Emulator.Tests.dll" adapterTypeName="executor://xunit/VsTestRunner3/netcore/" className="MSP430.Emulator.Tests.Instructions.Logic.AndInstructionTests" name="AddressingModes_AllSupportedModes_ReturnCorrectValues" />
    </UnitTest>
    <UnitTest name="MSP430.Emulator.Tests.Instructions.Logic.AndInstructionTests.DestinationRegister_AllRegisters_ReturnsCorrectRegister(register: R4)" storage="/home/runner/work/ai_msp430_emulator/ai_msp430_emulator/tests/msp430.emulator.tests/bin/release/net8.0/msp430.emulator.tests.dll" id="31083629-f468-2fd7-d87c-288285c14c5a">
      <Execution id="15826072-9e20-4eaf-8674-2dec633e84c8" />
      <TestMethod codeBase="/home/runner/work/ai_msp430_emulator/ai_msp430_emulator/tests/MSP430.Emulator.Tests/bin/Release/net8.0/MSP430.Emulator.Tests.dll" adapterTypeName="executor://xunit/VsTestRunner3/netcore/" className="MSP430.Emulator.Tests.Instructions.Logic.AndInstructionTests" name="DestinationRegister_AllRegisters_ReturnsCorrectRegister" />
    </UnitTest>
    <UnitTest name="MSP430.Emulator.Tests.Core.ExecutionStateTests.IsValidTransition_ReturnsExpectedResult(from: Running, to: Reset, expected: True)" storage="/home/runner/work/ai_msp430_emulator/ai_msp430_emulator/tests/msp430.emulator.tests/bin/release/net8.0/msp430.emulator.tests.dll" id="78601f0c-184a-8db2-80af-08c7a3980ec2">
      <Execution id="a42b839c-4223-4a98-b4f0-f779667bba8c" />
      <TestMethod codeBase="/home/runner/work/ai_msp430_emulator/ai_msp430_emulator/tests/MSP430.Emulator.Tests/bin/Release/net8.0/MSP430.Emulator.Tests.dll" adapterTypeName="executor://xunit/VsTestRunner3/netcore/" className="MSP430.Emulator.Tests.Core.ExecutionStateTests" name="IsValidTransition_ReturnsExpectedResult" />
    </UnitTest>
    <UnitTest name="MSP430.Emulator.Tests.Memory.InformationMemoryTests.GetSegment_ValidAddresses_ReturnsCorrectSegment(address: 6272, expectedSegment: SegmentC)" storage="/home/runner/work/ai_msp430_emulator/ai_msp430_emulator/tests/msp430.emulator.tests/bin/release/net8.0/msp430.emulator.tests.dll" id="8f80544d-9b1f-d98e-1b8c-830f52990f59">
      <Execution id="ec7e04a3-ee49-4bfd-8181-c45f88d80355" />
      <TestMethod codeBase="/home/runner/work/ai_msp430_emulator/ai_msp430_emulator/tests/MSP430.Emulator.Tests/bin/Release/net8.0/MSP430.Emulator.Tests.dll" adapterTypeName="executor://xunit/VsTestRunner3/netcore/" className="MSP430.Emulator.Tests.Memory.InformationMemoryTests" name="GetSegment_ValidAddresses_ReturnsCorrectSegment" />
    </UnitTest>
    <UnitTest name="MSP430.Emulator.Tests.Core.ExecutionStateTests.IsValidTransition_ReturnsExpectedResult(from: Stopped, to: Running, expected: True)" storage="/home/runner/work/ai_msp430_emulator/ai_msp430_emulator/tests/msp430.emulator.tests/bin/release/net8.0/msp430.emulator.tests.dll" id="279b5ac0-1925-114d-c2ce-73fade402333">
      <Execution id="037915ed-16ac-4734-9c04-d3c692bde20d" />
      <TestMethod codeBase="/home/runner/work/ai_msp430_emulator/ai_msp430_emulator/tests/MSP430.Emulator.Tests/bin/Release/net8.0/MSP430.Emulator.Tests.dll" adapterTypeName="executor://xunit/VsTestRunner3/netcore/" className="MSP430.Emulator.Tests.Core.ExecutionStateTests" name="IsValidTransition_ReturnsExpectedResult" />
    </UnitTest>
    <UnitTest name="MSP430.Emulator.Tests.Memory.FlashControllerTests.Lock_WhenOperationInProgress_DoesNotLock" storage="/home/runner/work/ai_msp430_emulator/ai_msp430_emulator/tests/msp430.emulator.tests/bin/release/net8.0/msp430.emulator.tests.dll" id="11e3ef63-a612-9d7b-6154-67af0a584178">
      <Execution id="f5f9a858-14e2-4310-b769-0426818b6566" />
      <TestMethod codeBase="/home/runner/work/ai_msp430_emulator/ai_msp430_emulator/tests/MSP430.Emulator.Tests/bin/Release/net8.0/MSP430.Emulator.Tests.dll" adapterTypeName="executor://xunit/VsTestRunner3/netcore/" className="MSP430.Emulator.Tests.Memory.FlashControllerTests" name="Lock_WhenOperationInProgress_DoesNotLock" />
    </UnitTest>
    <UnitTest name="MSP430.Emulator.Tests.Diagnostics.DiagnosticReportGeneratorTests.GenerateReport_ShouldIncludeSystemInfo" storage="/home/runner/work/ai_msp430_emulator/ai_msp430_emulator/tests/msp430.emulator.tests/bin/release/net8.0/msp430.emulator.tests.dll" id="7df0cd36-e7d4-f04a-9f31-d8b7c8b61083">
      <Execution id="dd1cffc8-2d1e-49fb-bf57-eecffbcacb49" />
      <TestMethod codeBase="/home/runner/work/ai_msp430_emulator/ai_msp430_emulator/tests/MSP430.Emulator.Tests/bin/Release/net8.0/MSP430.Emulator.Tests.dll" adapterTypeName="executor://xunit/VsTestRunner3/netcore/" className="MSP430.Emulator.Tests.Diagnostics.DiagnosticReportGeneratorTests" name="GenerateReport_ShouldIncludeSystemInfo" />
    </UnitTest>
    <UnitTest name="MSP430.Emulator.Tests.Memory.FlashMemoryTests.MassErase_WhenUnlocked_ReturnsTrue" storage="/home/runner/work/ai_msp430_emulator/ai_msp430_emulator/tests/msp430.emulator.tests/bin/release/net8.0/msp430.emulator.tests.dll" id="1a4c7ecc-8fec-0fd3-f459-afeb7ee6c1f2">
      <Execution id="334c3a5c-76eb-43f0-b9dd-bb366dcb538b" />
      <TestMethod codeBase="/home/runner/work/ai_msp430_emulator/ai_msp430_emulator/tests/MSP430.Emulator.Tests/bin/Release/net8.0/MSP430.Emulator.Tests.dll" adapterTypeName="executor://xunit/VsTestRunner3/netcore/" className="MSP430.Emulator.Tests.Memory.FlashMemoryTests" name="MassErase_WhenUnlocked_ReturnsTrue" />
    </UnitTest>
    <UnitTest name="MSP430.Emulator.Tests.Cpu.RegisterFileTests.ReadRegister_ValidRegister_ReturnsZeroAfterReset(register: R7)" storage="/home/runner/work/ai_msp430_emulator/ai_msp430_emulator/tests/msp430.emulator.tests/bin/release/net8.0/msp430.emulator.tests.dll" id="91ff0906-23f7-4fcd-47e5-3f1ee4cfd59d">
      <Execution id="a267022c-13de-4419-833b-77d40b0d4466" />
      <TestMethod codeBase="/home/runner/work/ai_msp430_emulator/ai_msp430_emulator/tests/MSP430.Emulator.Tests/bin/Release/net8.0/MSP430.Emulator.Tests.dll" adapterTypeName="executor://xunit/VsTestRunner3/netcore/" className="MSP430.Emulator.Tests.Cpu.RegisterFileTests" name="ReadRegister_ValidRegister_ReturnsZeroAfterReset" />
    </UnitTest>
    <UnitTest name="MSP430.Emulator.Tests.Cpu.StatusRegisterTests.UpdateFlagsAfterAddition_ByteOperation_SetsCorrectFlags(operand1: 127, operand2: 1, result: 128, isByteOp: True, expectedZero: False, expectedNegative: True, expectedCarry: False, expectedOverflow: True)" storage="/home/runner/work/ai_msp430_emulator/ai_msp430_emulator/tests/msp430.emulator.tests/bin/release/net8.0/msp430.emulator.tests.dll" id="24798cb5-afdd-85d6-fef8-f9112f821c30">
      <Execution id="564d3538-b1f4-4031-90b4-0fd39ed9c69b" />
      <TestMethod codeBase="/home/runner/work/ai_msp430_emulator/ai_msp430_emulator/tests/MSP430.Emulator.Tests/bin/Release/net8.0/MSP430.Emulator.Tests.dll" adapterTypeName="executor://xunit/VsTestRunner3/netcore/" className="MSP430.Emulator.Tests.Cpu.StatusRegisterTests" name="UpdateFlagsAfterAddition_ByteOperation_SetsCorrectFlags" />
    </UnitTest>
    <UnitTest name="MSP430.Emulator.Tests.Memory.FlashControllerTests.TryUnlock_ValidKey_ReturnsTrue(validKey: 42325)" storage="/home/runner/work/ai_msp430_emulator/ai_msp430_emulator/tests/msp430.emulator.tests/bin/release/net8.0/msp430.emulator.tests.dll" id="49e508ae-7d98-55ea-789f-c2bd6a1b4e48">
      <Execution id="0b20dbd5-a602-4aaf-8351-6ca639524374" />
      <TestMethod codeBase="/home/runner/work/ai_msp430_emulator/ai_msp430_emulator/tests/MSP430.Emulator.Tests/bin/Release/net8.0/MSP430.Emulator.Tests.dll" adapterTypeName="executor://xunit/VsTestRunner3/netcore/" className="MSP430.Emulator.Tests.Memory.FlashControllerTests" name="TryUnlock_ValidKey_ReturnsTrue" />
    </UnitTest>
    <UnitTest name="MSP430.Emulator.Tests.Memory.FlashMemoryTests.EraseSector_WhenUnlocked_ReturnsTrue" storage="/home/runner/work/ai_msp430_emulator/ai_msp430_emulator/tests/msp430.emulator.tests/bin/release/net8.0/msp430.emulator.tests.dll" id="bd073554-3a47-6f08-0e56-35b530a9e94a">
      <Execution id="88acb2c8-d7a2-415e-b1a0-d49ccc64852b" />
      <TestMethod codeBase="/home/runner/work/ai_msp430_emulator/ai_msp430_emulator/tests/MSP430.Emulator.Tests/bin/Release/net8.0/MSP430.Emulator.Tests.dll" adapterTypeName="executor://xunit/VsTestRunner3/netcore/" className="MSP430.Emulator.Tests.Memory.FlashMemoryTests" name="EraseSector_WhenUnlocked_ReturnsTrue" />
    </UnitTest>
    <UnitTest name="MSP430.Emulator.Tests.Core.EmulatorCoreTests.AddBreakpoint_DuplicateAddress_ReturnsFalse" storage="/home/runner/work/ai_msp430_emulator/ai_msp430_emulator/tests/msp430.emulator.tests/bin/release/net8.0/msp430.emulator.tests.dll" id="2cb4197b-a284-6738-f516-058c18ca2182">
      <Execution id="7e13aaca-9cbc-4237-91c8-dc050a11dab6" />
      <TestMethod codeBase="/home/runner/work/ai_msp430_emulator/ai_msp430_emulator/tests/MSP430.Emulator.Tests/bin/Release/net8.0/MSP430.Emulator.Tests.dll" adapterTypeName="executor://xunit/VsTestRunner3/netcore/" className="MSP430.Emulator.Tests.Core.EmulatorCoreTests" name="AddBreakpoint_DuplicateAddress_ReturnsFalse" />
    </UnitTest>
    <UnitTest name="MSP430.Emulator.Tests.Core.ExecutionStateTests.CanResume_ReturnsExpectedResult(state: Stopped, expected: True)" storage="/home/runner/work/ai_msp430_emulator/ai_msp430_emulator/tests/msp430.emulator.tests/bin/release/net8.0/msp430.emulator.tests.dll" id="9799bee2-19f7-d8d3-144d-ac47f5b0cac1">
      <Execution id="9d597dd1-3334-439c-9ea0-8a258e4744eb" />
      <TestMethod codeBase="/home/runner/work/ai_msp430_emulator/ai_msp430_emulator/tests/MSP430.Emulator.Tests/bin/Release/net8.0/MSP430.Emulator.Tests.dll" adapterTypeName="executor://xunit/VsTestRunner3/netcore/" className="MSP430.Emulator.Tests.Core.ExecutionStateTests" name="CanResume_ReturnsExpectedResult" />
    </UnitTest>
    <UnitTest name="MSP430.Emulator.Tests.Memory.MemoryAccessValidatorTests.ValidateExecute_ValidAddress_DoesNotThrow" storage="/home/runner/work/ai_msp430_emulator/ai_msp430_emulator/tests/msp430.emulator.tests/bin/release/net8.0/msp430.emulator.tests.dll" id="9522c080-a332-c3de-86a3-01fa01785dca">
      <Execution id="c4e69e90-1862-4242-a53e-eac6e1413472" />
      <TestMethod codeBase="/home/runner/work/ai_msp430_emulator/ai_msp430_emulator/tests/MSP430.Emulator.Tests/bin/Release/net8.0/MSP430.Emulator.Tests.dll" adapterTypeName="executor://xunit/VsTestRunner3/netcore/" className="MSP430.Emulator.Tests.Memory.MemoryAccessValidatorTests" name="ValidateExecute_ValidAddress_DoesNotThrow" />
    </UnitTest>
    <UnitTest name="MSP430.Emulator.Tests.Instructions.Arithmetic.SubInstructionTests.AddressingModes_AllSupportedModes_ReturnCorrectValues(mode: Indirect)" storage="/home/runner/work/ai_msp430_emulator/ai_msp430_emulator/tests/msp430.emulator.tests/bin/release/net8.0/msp430.emulator.tests.dll" id="6cbef25f-d844-d889-6da7-e94a69f89588">
      <Execution id="3bea96d7-4fef-4524-8dff-c44e7f978675" />
      <TestMethod codeBase="/home/runner/work/ai_msp430_emulator/ai_msp430_emulator/tests/MSP430.Emulator.Tests/bin/Release/net8.0/MSP430.Emulator.Tests.dll" adapterTypeName="executor://xunit/VsTestRunner3/netcore/" className="MSP430.Emulator.Tests.Instructions.Arithmetic.SubInstructionTests" name="AddressingModes_AllSupportedModes_ReturnCorrectValues" />
    </UnitTest>
    <UnitTest name="MSP430.Emulator.Tests.Instructions.Arithmetic.IncInstructionTests.Execute_RegisterMode_IncrementsValueAndUpdatesFlags" storage="/home/runner/work/ai_msp430_emulator/ai_msp430_emulator/tests/msp430.emulator.tests/bin/release/net8.0/msp430.emulator.tests.dll" id="69255d92-dbc7-1ee6-1c13-10cbcbc7b510">
      <Execution id="44568b30-d02e-4c72-b6ee-ce3fed23d6fe" />
      <TestMethod codeBase="/home/runner/work/ai_msp430_emulator/ai_msp430_emulator/tests/MSP430.Emulator.Tests/bin/Release/net8.0/MSP430.Emulator.Tests.dll" adapterTypeName="executor://xunit/VsTestRunner3/netcore/" className="MSP430.Emulator.Tests.Instructions.Arithmetic.IncInstructionTests" name="Execute_RegisterMode_IncrementsValueAndUpdatesFlags" />
    </UnitTest>
    <UnitTest name="MSP430.Emulator.Tests.Memory.RandomAccessMemoryTests.IsRangeInBounds_VariousRanges_ReturnsExpectedResult(startAddress: 8192, length: 1024, expected: True)" storage="/home/runner/work/ai_msp430_emulator/ai_msp430_emulator/tests/msp430.emulator.tests/bin/release/net8.0/msp430.emulator.tests.dll" id="b608698e-8be0-6b8b-2826-48b8c3ec11f8">
      <Execution id="45d2d322-036a-4cb9-9609-ac1b7dfb4cfa" />
      <TestMethod codeBase="/home/runner/work/ai_msp430_emulator/ai_msp430_emulator/tests/MSP430.Emulator.Tests/bin/Release/net8.0/MSP430.Emulator.Tests.dll" adapterTypeName="executor://xunit/VsTestRunner3/netcore/" className="MSP430.Emulator.Tests.Memory.RandomAccessMemoryTests" name="IsRangeInBounds_VariousRanges_ReturnsExpectedResult" />
    </UnitTest>
    <UnitTest name="MSP430.Emulator.Tests.Memory.FlashMemoryTests.Lock_ChangesToLockedState" storage="/home/runner/work/ai_msp430_emulator/ai_msp430_emulator/tests/msp430.emulator.tests/bin/release/net8.0/msp430.emulator.tests.dll" id="7c00b444-5b1d-398c-fc75-891fb5971b64">
      <Execution id="99d41f08-dbc4-4729-a415-6b955856b1a3" />
      <TestMethod codeBase="/home/runner/work/ai_msp430_emulator/ai_msp430_emulator/tests/MSP430.Emulator.Tests/bin/Release/net8.0/MSP430.Emulator.Tests.dll" adapterTypeName="executor://xunit/VsTestRunner3/netcore/" className="MSP430.Emulator.Tests.Memory.FlashMemoryTests" name="Lock_ChangesToLockedState" />
    </UnitTest>
    <UnitTest name="MSP430.Emulator.Tests.Memory.MemoryControllerTests.WriteWord_WithContext_NullContext_ThrowsArgumentNullException" storage="/home/runner/work/ai_msp430_emulator/ai_msp430_emulator/tests/msp430.emulator.tests/bin/release/net8.0/msp430.emulator.tests.dll" id="3613154f-249f-708a-2260-5f519b39db1c">
      <Execution id="6c9a1a6c-a9a6-4825-a299-8fd1b85ff9ad" />
      <TestMethod codeBase="/home/runner/work/ai_msp430_emulator/ai_msp430_emulator/tests/MSP430.Emulator.Tests/bin/Release/net8.0/MSP430.Emulator.Tests.dll" adapterTypeName="executor://xunit/VsTestRunner3/netcore/" className="MSP430.Emulator.Tests.Memory.MemoryControllerTests" name="WriteWord_WithContext_NullContext_ThrowsArgumentNullException" />
    </UnitTest>
    <UnitTest name="MSP430.Emulator.Tests.Instructions.Logic.BisInstructionTests.ExtensionWordCount_VariousAddressingModes_ReturnsCorrectCount(sourceMode: Register, destMode: Indirect, expectedCount: 0)" storage="/home/runner/work/ai_msp430_emulator/ai_msp430_emulator/tests/msp430.emulator.tests/bin/release/net8.0/msp430.emulator.tests.dll" id="2fcee1a5-8da1-8ba2-dfc5-0c16f9f813c3">
      <Execution id="52633613-fe3a-460b-b00c-1cfcd9895ce5" />
      <TestMethod codeBase="/home/runner/work/ai_msp430_emulator/ai_msp430_emulator/tests/MSP430.Emulator.Tests/bin/Release/net8.0/MSP430.Emulator.Tests.dll" adapterTypeName="executor://xunit/VsTestRunner3/netcore/" className="MSP430.Emulator.Tests.Instructions.Logic.BisInstructionTests" name="ExtensionWordCount_VariousAddressingModes_ReturnsCorrectCount" />
    </UnitTest>
    <UnitTest name="MSP430.Emulator.Tests.Memory.FlashControllerTests.SetProtectionLevel_ValidLevel_ReturnsTrue(level: None)" storage="/home/runner/work/ai_msp430_emulator/ai_msp430_emulator/tests/msp430.emulator.tests/bin/release/net8.0/msp430.emulator.tests.dll" id="3aa1f93d-77f1-973f-d897-30011df63998">
      <Execution id="42056b57-dae6-4d02-b20d-d4aa0f42e288" />
      <TestMethod codeBase="/home/runner/work/ai_msp430_emulator/ai_msp430_emulator/tests/MSP430.Emulator.Tests/bin/Release/net8.0/MSP430.Emulator.Tests.dll" adapterTypeName="executor://xunit/VsTestRunner3/netcore/" className="MSP430.Emulator.Tests.Memory.FlashControllerTests" name="SetProtectionLevel_ValidLevel_ReturnsTrue" />
    </UnitTest>
    <UnitTest name="MSP430.Emulator.Tests.Diagnostics.DiagnosticLoggerTests.Log_ShouldStoreEntryInBuffer" storage="/home/runner/work/ai_msp430_emulator/ai_msp430_emulator/tests/msp430.emulator.tests/bin/release/net8.0/msp430.emulator.tests.dll" id="8255aa67-8d54-6059-001a-4d398cff9cf7">
      <Execution id="101ca954-6980-4287-ae5a-adba161da347" />
      <TestMethod codeBase="/home/runner/work/ai_msp430_emulator/ai_msp430_emulator/tests/MSP430.Emulator.Tests/bin/Release/net8.0/MSP430.Emulator.Tests.dll" adapterTypeName="executor://xunit/VsTestRunner3/netcore/" className="MSP430.Emulator.Tests.Diagnostics.DiagnosticLoggerTests" name="Log_ShouldStoreEntryInBuffer" />
    </UnitTest>
    <UnitTest name="MSP430.Emulator.Tests.Instructions.Logic.BitInstructionTests.ExtensionWordCount_VariousAddressingModes_ReturnsCorrectCount(sourceMode: Immediate, destMode: Register, expectedCount: 1)" storage="/home/runner/work/ai_msp430_emulator/ai_msp430_emulator/tests/msp430.emulator.tests/bin/release/net8.0/msp430.emulator.tests.dll" id="17d05585-13ba-545f-359e-5699e0208459">
      <Execution id="d167f136-c6a6-4642-804f-18509abdf5cc" />
      <TestMethod codeBase="/home/runner/work/ai_msp430_emulator/ai_msp430_emulator/tests/MSP430.Emulator.Tests/bin/Release/net8.0/MSP430.Emulator.Tests.dll" adapterTypeName="executor://xunit/VsTestRunner3/netcore/" className="MSP430.Emulator.Tests.Instructions.Logic.BitInstructionTests" name="ExtensionWordCount_VariousAddressingModes_ReturnsCorrectCount" />
    </UnitTest>
    <UnitTest name="MSP430.Emulator.Tests.Memory.RandomAccessMemoryTests.IsRangeInBounds_VariousRanges_ReturnsExpectedResult(startAddress: 8192, length: 1, expected: True)" storage="/home/runner/work/ai_msp430_emulator/ai_msp430_emulator/tests/msp430.emulator.tests/bin/release/net8.0/msp430.emulator.tests.dll" id="4d5a532b-bd6f-b51a-5948-d505588dadd1">
      <Execution id="be3024b1-6620-4869-aa39-f48b067a887e" />
      <TestMethod codeBase="/home/runner/work/ai_msp430_emulator/ai_msp430_emulator/tests/MSP430.Emulator.Tests/bin/Release/net8.0/MSP430.Emulator.Tests.dll" adapterTypeName="executor://xunit/VsTestRunner3/netcore/" className="MSP430.Emulator.Tests.Memory.RandomAccessMemoryTests" name="IsRangeInBounds_VariousRanges_ReturnsExpectedResult" />
    </UnitTest>
    <UnitTest name="MSP430.Emulator.Tests.Cpu.StatusRegisterTests.Carry_SetFlag_UpdatesValue" storage="/home/runner/work/ai_msp430_emulator/ai_msp430_emulator/tests/msp430.emulator.tests/bin/release/net8.0/msp430.emulator.tests.dll" id="52afb31d-9874-f147-257a-00b4d2e618ce">
      <Execution id="55dc1948-92dd-4610-8cdb-fbd6f8428896" />
      <TestMethod codeBase="/home/runner/work/ai_msp430_emulator/ai_msp430_emulator/tests/MSP430.Emulator.Tests/bin/Release/net8.0/MSP430.Emulator.Tests.dll" adapterTypeName="executor://xunit/VsTestRunner3/netcore/" className="MSP430.Emulator.Tests.Cpu.StatusRegisterTests" name="Carry_SetFlag_UpdatesValue" />
    </UnitTest>
    <UnitTest name="MSP430.Emulator.Tests.Cpu.StatusRegisterTests.SystemClockGenerator1_GetSet_WorksCorrectly(value: 65407, expected: False)" storage="/home/runner/work/ai_msp430_emulator/ai_msp430_emulator/tests/msp430.emulator.tests/bin/release/net8.0/msp430.emulator.tests.dll" id="d4df3a0b-d3fb-bf62-722a-75a47c07518b">
      <Execution id="0934c4f1-b095-4858-afa0-0020f88d07a2" />
      <TestMethod codeBase="/home/runner/work/ai_msp430_emulator/ai_msp430_emulator/tests/MSP430.Emulator.Tests/bin/Release/net8.0/MSP430.Emulator.Tests.dll" adapterTypeName="executor://xunit/VsTestRunner3/netcore/" className="MSP430.Emulator.Tests.Cpu.StatusRegisterTests" name="SystemClockGenerator1_GetSet_WorksCorrectly" />
    </UnitTest>
    <UnitTest name="MSP430.Emulator.Tests.Cpu.StatusRegisterTests.UpdateFlagsAfterAddition_ByteOperation_SetsCorrectFlags(operand1: 0, operand2: 0, result: 0, isByteOp: True, expectedZero: True, expectedNegative: False, expectedCarry: False, expectedOverflow: False)" storage="/home/runner/work/ai_msp430_emulator/ai_msp430_emulator/tests/msp430.emulator.tests/bin/release/net8.0/msp430.emulator.tests.dll" id="baa02f46-0d2a-5c54-44c7-e70038c58d91">
      <Execution id="cb3ef569-735d-49bc-88b7-c58388240a1d" />
      <TestMethod codeBase="/home/runner/work/ai_msp430_emulator/ai_msp430_emulator/tests/MSP430.Emulator.Tests/bin/Release/net8.0/MSP430.Emulator.Tests.dll" adapterTypeName="executor://xunit/VsTestRunner3/netcore/" className="MSP430.Emulator.Tests.Cpu.StatusRegisterTests" name="UpdateFlagsAfterAddition_ByteOperation_SetsCorrectFlags" />
    </UnitTest>
    <UnitTest name="MSP430.Emulator.Tests.Core.EmulatorCoreTests.Reset_RaisesStateChangedEvent" storage="/home/runner/work/ai_msp430_emulator/ai_msp430_emulator/tests/msp430.emulator.tests/bin/release/net8.0/msp430.emulator.tests.dll" id="0c25e5c8-0e93-59b6-ea1e-251712ef4c9f">
      <Execution id="97b962d0-ae2f-4be6-88a9-3133e89b2a01" />
      <TestMethod codeBase="/home/runner/work/ai_msp430_emulator/ai_msp430_emulator/tests/MSP430.Emulator.Tests/bin/Release/net8.0/MSP430.Emulator.Tests.dll" adapterTypeName="executor://xunit/VsTestRunner3/netcore/" className="MSP430.Emulator.Tests.Core.EmulatorCoreTests" name="Reset_RaisesStateChangedEvent" />
    </UnitTest>
    <UnitTest name="MSP430.Emulator.Tests.Instructions.Logic.BisInstructionTests.ToString_VariousAddressingModes_FormatsCorrectly(mode: Register, expectedOperand: &quot;R1&quot;)" storage="/home/runner/work/ai_msp430_emulator/ai_msp430_emulator/tests/msp430.emulator.tests/bin/release/net8.0/msp430.emulator.tests.dll" id="3f582a48-5528-c3d5-a618-af75c291a393">
      <Execution id="d5d2b640-6569-4211-95f8-ca79a18c69bf" />
      <TestMethod codeBase="/home/runner/work/ai_msp430_emulator/ai_msp430_emulator/tests/MSP430.Emulator.Tests/bin/Release/net8.0/MSP430.Emulator.Tests.dll" adapterTypeName="executor://xunit/VsTestRunner3/netcore/" className="MSP430.Emulator.Tests.Instructions.Logic.BisInstructionTests" name="ToString_VariousAddressingModes_FormatsCorrectly" />
    </UnitTest>
    <UnitTest name="MSP430.Emulator.Tests.Instructions.Logic.BisInstructionTests.DestinationRegister_AllRegisters_ReturnsCorrectRegister(register: R4)" storage="/home/runner/work/ai_msp430_emulator/ai_msp430_emulator/tests/msp430.emulator.tests/bin/release/net8.0/msp430.emulator.tests.dll" id="1761fcac-cd98-1f9b-4b97-633d1f0c5b2f">
      <Execution id="24c40d2b-8805-4d1a-ad3c-aa50dd7a0b2e" />
      <TestMethod codeBase="/home/runner/work/ai_msp430_emulator/ai_msp430_emulator/tests/MSP430.Emulator.Tests/bin/Release/net8.0/MSP430.Emulator.Tests.dll" adapterTypeName="executor://xunit/VsTestRunner3/netcore/" className="MSP430.Emulator.Tests.Instructions.Logic.BisInstructionTests" name="DestinationRegister_AllRegisters_ReturnsCorrectRegister" />
    </UnitTest>
    <UnitTest name="MSP430.Emulator.Tests.Memory.MemoryMapTests.DefaultMemoryLayout_RegionBoundaries_AreCorrect(region: SpecialFunctionRegisters, expectedStart: 0, expectedEnd: 255)" storage="/home/runner/work/ai_msp430_emulator/ai_msp430_emulator/tests/msp430.emulator.tests/bin/release/net8.0/msp430.emulator.tests.dll" id="a7cdb1d4-5e51-348a-121b-7502be32cc47">
      <Execution id="b8d1df97-37ea-41ee-aad9-df67d2d311ab" />
      <TestMethod codeBase="/home/runner/work/ai_msp430_emulator/ai_msp430_emulator/tests/MSP430.Emulator.Tests/bin/Release/net8.0/MSP430.Emulator.Tests.dll" adapterTypeName="executor://xunit/VsTestRunner3/netcore/" className="MSP430.Emulator.Tests.Memory.MemoryMapTests" name="DefaultMemoryLayout_RegionBoundaries_AreCorrect" />
    </UnitTest>
  </TestDefinitions>
  <TestEntries>
    <TestEntry testId="149c5c6a-9213-d346-b063-4b02fde27136" executionId="bb7c52f0-01f0-4310-9f02-7df24a0e8069" testListId="8c84fa94-04c1-424b-9868-57a2d4851a1d" />
    <TestEntry testId="7c37e7de-36e3-f3fa-5f07-0a4e54040212" executionId="3ed5d64e-c296-4ead-a777-ca37f9512c06" testListId="8c84fa94-04c1-424b-9868-57a2d4851a1d" />
    <TestEntry testId="e4e764ce-c8ce-ac4d-ee25-8bc9b0cf6ac1" executionId="f641127f-176c-4d02-a7bd-67bec0b78366" testListId="8c84fa94-04c1-424b-9868-57a2d4851a1d" />
    <TestEntry testId="38f9220e-ae81-1077-e951-7be619639b9c" executionId="e1f629db-d7c9-4071-8869-de4acad2dfac" testListId="8c84fa94-04c1-424b-9868-57a2d4851a1d" />
    <TestEntry testId="b40280a1-df30-03e9-f313-b1212196ef7e" executionId="8ce1b91b-a022-4aef-9fd4-c2a2d3183926" testListId="8c84fa94-04c1-424b-9868-57a2d4851a1d" />
    <TestEntry testId="5989fd63-245c-ca66-b86d-2c2d3d7cec44" executionId="f8049bba-bba7-4bcf-a786-31ed9ef15136" testListId="8c84fa94-04c1-424b-9868-57a2d4851a1d" />
    <TestEntry testId="0f5e4325-1a3c-63ce-399b-154cc1a01f77" executionId="68ed1dbb-5110-4ec0-a5db-ecc5e3dd0d4e" testListId="8c84fa94-04c1-424b-9868-57a2d4851a1d" />
    <TestEntry testId="56b74728-a9bc-82cb-4c11-0d03fdf8721d" executionId="0ec6d000-1d22-4e1c-bed7-1158b80f20ea" testListId="8c84fa94-04c1-424b-9868-57a2d4851a1d" />
    <TestEntry testId="cffc429e-9850-1bfc-c4c4-de92739d089b" executionId="ae5590c0-aa0b-4871-bac9-635f493d60bc" testListId="8c84fa94-04c1-424b-9868-57a2d4851a1d" />
    <TestEntry testId="7189ecde-4949-9670-72ae-b966596801fd" executionId="36d4e3c2-ba25-4a7f-9655-ab85d9ad6600" testListId="8c84fa94-04c1-424b-9868-57a2d4851a1d" />
    <TestEntry testId="7844863d-f4de-eb6c-7dbc-80d4d06cc436" executionId="87ce9fda-ee72-4268-a083-a8e77454d851" testListId="8c84fa94-04c1-424b-9868-57a2d4851a1d" />
    <TestEntry testId="f2a42d31-2d3c-6924-7fb3-ad9a300f0776" executionId="520b280b-8b71-4ccc-a08f-5a308d116c4e" testListId="8c84fa94-04c1-424b-9868-57a2d4851a1d" />
    <TestEntry testId="b2b7a26e-47bf-63f0-33b1-f14a15ff3eb2" executionId="94836ad1-ca1a-44fd-a13b-f4bbdb4a8d4b" testListId="8c84fa94-04c1-424b-9868-57a2d4851a1d" />
    <TestEntry testId="2bae9fa0-bdb3-021d-8311-3279d349a6f0" executionId="0b6455de-e2d8-47a5-9343-402b53fa4af0" testListId="8c84fa94-04c1-424b-9868-57a2d4851a1d" />
    <TestEntry testId="da531414-7ff9-2ad6-049f-5890ddd7e8f3" executionId="5fa8e79b-f7dd-44e0-bd81-fc331f24dc9c" testListId="8c84fa94-04c1-424b-9868-57a2d4851a1d" />
    <TestEntry testId="498d11f3-51c3-6c65-aeb8-10a4edf6d6be" executionId="a4ff8fdf-2f16-4148-a2e5-44b25f188e5e" testListId="8c84fa94-04c1-424b-9868-57a2d4851a1d" />
    <TestEntry testId="10c7b5f6-8cc3-2800-1401-8f614f0f9a65" executionId="038326ff-fb24-4dd6-8859-4d280b5010f7" testListId="8c84fa94-04c1-424b-9868-57a2d4851a1d" />
    <TestEntry testId="c8c944b8-f0fd-2add-6fba-cb0d56ff4a9b" executionId="6f9c8d38-e143-4319-8524-8887abfeda2e" testListId="8c84fa94-04c1-424b-9868-57a2d4851a1d" />
    <TestEntry testId="0e8f36dd-db09-402c-8eeb-52d1b20015b5" executionId="1f1eb795-277c-405b-89fc-d2827751b46e" testListId="8c84fa94-04c1-424b-9868-57a2d4851a1d" />
    <TestEntry testId="5d945ef5-7dbc-508c-8c05-565e5f5b2b8f" executionId="950ef165-e3aa-444e-a145-3ff7acf9008b" testListId="8c84fa94-04c1-424b-9868-57a2d4851a1d" />
    <TestEntry testId="97d8142f-5ada-9a1b-5d96-41d9c26d022c" executionId="3e8f3284-e88a-4ac9-b331-9cb1dc7d0172" testListId="8c84fa94-04c1-424b-9868-57a2d4851a1d" />
    <TestEntry testId="2af90832-0d0d-5710-9309-7d66fc7e2707" executionId="2a9d041f-c2a0-45a5-8afd-b3ce704e4d21" testListId="8c84fa94-04c1-424b-9868-57a2d4851a1d" />
    <TestEntry testId="62b4522d-2752-6858-c27d-86d7f890ac8f" executionId="b9733d3d-cf74-4705-bab9-5dd76d208179" testListId="8c84fa94-04c1-424b-9868-57a2d4851a1d" />
    <TestEntry testId="b948fc82-e146-0bf2-c8d2-d385f8ac4b20" executionId="eb82f9ed-0183-4b34-a448-4bf612fa14e6" testListId="8c84fa94-04c1-424b-9868-57a2d4851a1d" />
    <TestEntry testId="ac0cfcd3-5423-e2f7-5b77-9137904bfbc5" executionId="9f26116a-cbab-4840-9138-bf2efb18e63c" testListId="8c84fa94-04c1-424b-9868-57a2d4851a1d" />
    <TestEntry testId="d441887a-a815-8b57-edb9-47d1bafd2c86" executionId="3d3d00c9-6ebe-42fd-be92-351ee0880148" testListId="8c84fa94-04c1-424b-9868-57a2d4851a1d" />
    <TestEntry testId="56b2542a-da59-7efa-ebe9-7998dce5a236" executionId="5ef7306e-54da-48a2-a9df-745a6ae37954" testListId="8c84fa94-04c1-424b-9868-57a2d4851a1d" />
    <TestEntry testId="8350e988-d3d5-5aa7-02df-6dd55b6fdddc" executionId="6a2650bd-1308-43c6-8a26-4245ad5da266" testListId="8c84fa94-04c1-424b-9868-57a2d4851a1d" />
    <TestEntry testId="3d90c9ec-9286-68bc-8550-65a8604ea2d1" executionId="31538958-a291-431f-b5bd-ca6611409c72" testListId="8c84fa94-04c1-424b-9868-57a2d4851a1d" />
    <TestEntry testId="aee6f55d-55ec-39bd-0678-e30fa8e18688" executionId="fcfd35eb-32bc-49ff-b50e-e9102ad4ae2d" testListId="8c84fa94-04c1-424b-9868-57a2d4851a1d" />
    <TestEntry testId="24ff86c8-ab12-a223-69fc-51fd07bf8451" executionId="f5fbbcf4-2086-4da8-a55d-79320d6b4f25" testListId="8c84fa94-04c1-424b-9868-57a2d4851a1d" />
    <TestEntry testId="66d48da9-a7d1-f093-df72-3076f9a578af" executionId="0dcaed21-606b-42e4-b8d9-a7a6fe3a3cdf" testListId="8c84fa94-04c1-424b-9868-57a2d4851a1d" />
    <TestEntry testId="5dc2d7f3-5b73-2f33-8701-0ccf9e60d5f7" executionId="cc757180-d621-4d6a-8850-a2aa4ce4acb6" testListId="8c84fa94-04c1-424b-9868-57a2d4851a1d" />
    <TestEntry testId="5e7b1a8b-adda-cef1-1069-a8fe2240a7b9" executionId="46a567cd-4e1b-4afd-b332-380a5112fcfa" testListId="8c84fa94-04c1-424b-9868-57a2d4851a1d" />
    <TestEntry testId="f4aaa3d3-88b1-9e8d-0f89-43a3ea2a5803" executionId="b1bcdd95-5c6c-4d1b-8666-a9c7080fc408" testListId="8c84fa94-04c1-424b-9868-57a2d4851a1d" />
    <TestEntry testId="bdf1d0db-6604-5908-9337-856408a88d8b" executionId="bd623d7a-637c-4a3e-b199-8fd156917263" testListId="8c84fa94-04c1-424b-9868-57a2d4851a1d" />
    <TestEntry testId="8895d785-1ec0-8741-7fbe-5ee303110668" executionId="1aaf9086-89f4-4a4f-9967-3be571eb9688" testListId="8c84fa94-04c1-424b-9868-57a2d4851a1d" />
    <TestEntry testId="52510288-4892-07c8-2611-dfcdb5e509f1" executionId="3dda439e-e10e-4013-8f7e-392e102cfa64" testListId="8c84fa94-04c1-424b-9868-57a2d4851a1d" />
    <TestEntry testId="c55b2839-d3a5-3d69-bdfb-260c12676294" executionId="248a666a-eecb-4f72-a0f3-c37e7c8935a7" testListId="8c84fa94-04c1-424b-9868-57a2d4851a1d" />
    <TestEntry testId="c1400077-d653-042c-6faa-4758a0372b59" executionId="69536b4e-562f-4831-b315-158d33da08e3" testListId="8c84fa94-04c1-424b-9868-57a2d4851a1d" />
    <TestEntry testId="0cd53cc2-db24-36cb-89a7-66f387d202ce" executionId="b0ce04fa-18cc-4124-974d-be154452717c" testListId="8c84fa94-04c1-424b-9868-57a2d4851a1d" />
    <TestEntry testId="adbffbc1-88a0-295a-95c9-6dce2fe14ba4" executionId="0b3f3acf-eb4a-419e-ad3b-9b4d36c70a20" testListId="8c84fa94-04c1-424b-9868-57a2d4851a1d" />
    <TestEntry testId="af14e751-e764-6abd-0ac6-b5bf06aee32c" executionId="07dc04cb-37a9-49b2-90f9-49c1f80a9f94" testListId="8c84fa94-04c1-424b-9868-57a2d4851a1d" />
    <TestEntry testId="20e5c086-cc7d-1705-24f4-ef66981a1636" executionId="4d3e615a-21ae-4d8b-8eff-ff4c0e448d0a" testListId="8c84fa94-04c1-424b-9868-57a2d4851a1d" />
    <TestEntry testId="70208d33-2f2b-bf53-62e3-af83c6ec6731" executionId="323e7da1-2409-41ca-b8eb-d1ffb2cdd319" testListId="8c84fa94-04c1-424b-9868-57a2d4851a1d" />
    <TestEntry testId="f430249e-f44e-b040-e2ff-9f362d73f50d" executionId="be5f9d42-9a9c-40ba-bb22-690f8e03ba74" testListId="8c84fa94-04c1-424b-9868-57a2d4851a1d" />
    <TestEntry testId="be2bc96c-c296-9288-82c6-da8ede6cfb41" executionId="bdb6f566-b080-4a32-9f59-e5d5e7bad224" testListId="8c84fa94-04c1-424b-9868-57a2d4851a1d" />
    <TestEntry testId="84dfb929-2dd0-014a-faca-0902c4a800d1" executionId="eb2a4c7e-4975-459d-a285-529ba9c8ee1e" testListId="8c84fa94-04c1-424b-9868-57a2d4851a1d" />
    <TestEntry testId="bb86e872-bdf6-4134-199e-83150d2f31e9" executionId="964517bc-615e-45e7-a4b3-9205331e1a41" testListId="8c84fa94-04c1-424b-9868-57a2d4851a1d" />
    <TestEntry testId="c4754b75-b631-e1ac-bfd7-246f126db84d" executionId="fd368d24-da75-4e13-8a5f-ce98fa9f3cc3" testListId="8c84fa94-04c1-424b-9868-57a2d4851a1d" />
    <TestEntry testId="9faa4de2-e475-12dc-3b94-e5a58e38292d" executionId="65017671-2f60-4bb9-b177-2c4b424383d2" testListId="8c84fa94-04c1-424b-9868-57a2d4851a1d" />
    <TestEntry testId="fb475ae9-ca8a-975f-1c36-f47726961866" executionId="ed64cdc4-ae00-4b8c-a049-f950cfc41fc2" testListId="8c84fa94-04c1-424b-9868-57a2d4851a1d" />
    <TestEntry testId="b735a3c8-e070-df0a-d650-d73c403d013f" executionId="e7b89882-f683-44ec-84cb-ced05bba3733" testListId="8c84fa94-04c1-424b-9868-57a2d4851a1d" />
    <TestEntry testId="8fc92e51-8825-8e28-9cc4-2995580b095d" executionId="fe2f0e38-0001-4141-8218-50886c737e6a" testListId="8c84fa94-04c1-424b-9868-57a2d4851a1d" />
    <TestEntry testId="b2b63530-2e71-d84f-06e9-aae804ce9da6" executionId="86880c29-7fe0-4702-a01c-379d6184bd96" testListId="8c84fa94-04c1-424b-9868-57a2d4851a1d" />
    <TestEntry testId="e8c143e0-b65f-f14b-8f72-590eff595e85" executionId="5e718b4a-d9dd-4efb-bbe9-af52cdd0e0f1" testListId="8c84fa94-04c1-424b-9868-57a2d4851a1d" />
    <TestEntry testId="2d0e35b0-a1e6-60d0-f7da-c20d2516cf0a" executionId="c334a235-eed6-4561-8474-759f65b61ee7" testListId="8c84fa94-04c1-424b-9868-57a2d4851a1d" />
    <TestEntry testId="c4a263cf-b124-4771-d1fe-5701f350bf9c" executionId="41acde45-fce5-4e73-9271-ec50a9dab493" testListId="8c84fa94-04c1-424b-9868-57a2d4851a1d" />
    <TestEntry testId="81c808c0-d260-c564-3aaf-1fa6bbb1af48" executionId="e2cedd80-4bdd-4d01-a689-b5e8c9786c6c" testListId="8c84fa94-04c1-424b-9868-57a2d4851a1d" />
    <TestEntry testId="2760603d-9f01-518c-aef8-baae7ff58ef9" executionId="296f0941-e805-4285-9276-b5377c855383" testListId="8c84fa94-04c1-424b-9868-57a2d4851a1d" />
    <TestEntry testId="306d6b98-820e-0bf3-5207-b7934b79c2e1" executionId="8af2dfba-83e8-4123-89c6-0596f7e29c38" testListId="8c84fa94-04c1-424b-9868-57a2d4851a1d" />
    <TestEntry testId="4d04cf4f-b82f-73c5-9095-6b7f851a720a" executionId="80962c69-2b5f-4d36-9514-241350050058" testListId="8c84fa94-04c1-424b-9868-57a2d4851a1d" />
    <TestEntry testId="237e7a67-88cc-a465-b83c-025bfcf55d47" executionId="02d7825b-5d93-43b1-98c3-df4da1429f62" testListId="8c84fa94-04c1-424b-9868-57a2d4851a1d" />
    <TestEntry testId="44f128f4-349f-a598-e3be-10c9f19a1070" executionId="05ac702c-6fbd-4360-9c0e-8d435787203d" testListId="8c84fa94-04c1-424b-9868-57a2d4851a1d" />
    <TestEntry testId="abe1d757-947c-cab7-eed4-9c336d2d0aaf" executionId="4cfb728a-b1ca-4ef7-b9b5-476123eab277" testListId="8c84fa94-04c1-424b-9868-57a2d4851a1d" />
    <TestEntry testId="dad19298-1e88-d022-6fab-9b228dd0bad6" executionId="c57e3c69-5a57-400a-9496-8d9fcc201a69" testListId="8c84fa94-04c1-424b-9868-57a2d4851a1d" />
    <TestEntry testId="a3c7397b-abff-ae25-a2a1-fa3ec3e83d40" executionId="06af4b74-4713-456d-8698-c2111a4249ca" testListId="8c84fa94-04c1-424b-9868-57a2d4851a1d" />
    <TestEntry testId="d2d72b11-7c61-18ed-0e42-840cbceb56ce" executionId="3d896b92-329c-4bd3-8c68-983213a2283b" testListId="8c84fa94-04c1-424b-9868-57a2d4851a1d" />
    <TestEntry testId="846317de-6b4d-1808-8f7a-9e6c4bb4da23" executionId="a3ba2e1f-2a82-445e-903f-d1a8911a32c8" testListId="8c84fa94-04c1-424b-9868-57a2d4851a1d" />
    <TestEntry testId="85f99053-c0e9-1417-0d16-59364eb3317d" executionId="a087bdbe-941c-4343-b8dd-66a50470d155" testListId="8c84fa94-04c1-424b-9868-57a2d4851a1d" />
    <TestEntry testId="68fc4680-6542-954f-11ea-139f6bd2a817" executionId="e395d3a5-6457-4fb4-93d1-2cdbf85b90ab" testListId="8c84fa94-04c1-424b-9868-57a2d4851a1d" />
    <TestEntry testId="01c3d093-4e1f-c2bb-92fb-4999af8d46eb" executionId="15f83ece-801c-47a3-8459-0349c5149c3c" testListId="8c84fa94-04c1-424b-9868-57a2d4851a1d" />
    <TestEntry testId="51be036e-b800-988f-20df-c9275715604b" executionId="da177f56-630f-4f67-8f29-15da7b1768eb" testListId="8c84fa94-04c1-424b-9868-57a2d4851a1d" />
    <TestEntry testId="a352b43a-c55b-dd26-93a9-1b2c62d9f61b" executionId="bf6ccfa4-f578-4fac-bfd3-b3352b0a862e" testListId="8c84fa94-04c1-424b-9868-57a2d4851a1d" />
    <TestEntry testId="a0050aed-5611-e96f-0d74-7e122040f096" executionId="3f0aab91-c4f6-4c19-9164-a2ee8ce5e832" testListId="8c84fa94-04c1-424b-9868-57a2d4851a1d" />
    <TestEntry testId="54346c79-adb2-6df0-ebc8-b225ac27c214" executionId="4926ff79-db97-4291-a1a4-051194e7cda3" testListId="8c84fa94-04c1-424b-9868-57a2d4851a1d" />
    <TestEntry testId="5445a6db-668b-15b5-4a91-70d2e59ddfe6" executionId="1f0e6a19-9ff0-4045-9730-1443d96ac8c6" testListId="8c84fa94-04c1-424b-9868-57a2d4851a1d" />
    <TestEntry testId="0a294d3f-4008-faa8-b4fc-8414be36318b" executionId="6fab1724-224c-46aa-92b6-bbaa00867d36" testListId="8c84fa94-04c1-424b-9868-57a2d4851a1d" />
    <TestEntry testId="4b496332-02f2-a673-11a4-851866474928" executionId="758a65f8-29e0-43f7-b1a2-3115b0c74a43" testListId="8c84fa94-04c1-424b-9868-57a2d4851a1d" />
    <TestEntry testId="83ba5cb0-45be-21ae-d2fe-b9215b8d57d8" executionId="c0a903b2-26e9-4c0c-887d-f8438d1a74e8" testListId="8c84fa94-04c1-424b-9868-57a2d4851a1d" />
    <TestEntry testId="ddbc0d2c-aeab-5a45-8601-209e7b4e2d3a" executionId="ad936a6f-8459-4875-ba25-47c5c3538b9e" testListId="8c84fa94-04c1-424b-9868-57a2d4851a1d" />
    <TestEntry testId="8db86b31-9350-d843-4bed-e55afaf2a18d" executionId="b92c0c07-8508-4f81-8bca-12e584147fbd" testListId="8c84fa94-04c1-424b-9868-57a2d4851a1d" />
    <TestEntry testId="30d41f5f-3db8-e610-99ec-b6f8d88e8f38" executionId="c04c5340-e652-4ed0-92ec-18e30e5e7c2e" testListId="8c84fa94-04c1-424b-9868-57a2d4851a1d" />
    <TestEntry testId="0bfdcb52-ca20-1793-ccc3-e01e3b42693e" executionId="2ad6fd19-d78e-4242-9afd-769ef5238a89" testListId="8c84fa94-04c1-424b-9868-57a2d4851a1d" />
    <TestEntry testId="983af615-e52c-2fe6-20ba-77092b8f5056" executionId="5a720761-13e8-4f50-97fe-26af1f01f6c5" testListId="8c84fa94-04c1-424b-9868-57a2d4851a1d" />
    <TestEntry testId="a3060218-3e3a-6964-53ea-7da49c1cd78e" executionId="055e9492-b64d-43df-b8d9-9290d7eb15ba" testListId="8c84fa94-04c1-424b-9868-57a2d4851a1d" />
    <TestEntry testId="c57ab259-a8b3-c227-ad1d-15b3e5f63d1d" executionId="b533b310-9514-40a3-ad8a-f6b1f6a4ec8b" testListId="8c84fa94-04c1-424b-9868-57a2d4851a1d" />
    <TestEntry testId="3f4ed262-3d14-8f76-30fd-099f4f63ddf2" executionId="1aa2b68b-46f3-4b1b-b39a-771f7a873908" testListId="8c84fa94-04c1-424b-9868-57a2d4851a1d" />
    <TestEntry testId="af325f46-7eca-4576-e67a-4813b804af73" executionId="a3a97d53-69f9-40d5-90f1-8bdcf4f7b32e" testListId="8c84fa94-04c1-424b-9868-57a2d4851a1d" />
    <TestEntry testId="94cc1943-f1a0-6a2e-34ad-1d527e66b56a" executionId="7c9437b3-5d85-4632-b602-fceb509147fb" testListId="8c84fa94-04c1-424b-9868-57a2d4851a1d" />
    <TestEntry testId="0f1c4c58-1445-5e7d-6ace-32f1a5821d52" executionId="27b485d8-7e7b-42f3-93d8-34a5852c0213" testListId="8c84fa94-04c1-424b-9868-57a2d4851a1d" />
    <TestEntry testId="1d180078-119b-3c97-d2f9-8ed577be102b" executionId="4a797e8d-a26e-4a28-a459-04edcef8d444" testListId="8c84fa94-04c1-424b-9868-57a2d4851a1d" />
    <TestEntry testId="c96aeffd-44a5-62b0-99f2-bc87572ffe76" executionId="252a2502-00b8-48fc-9536-08ab8fe927f1" testListId="8c84fa94-04c1-424b-9868-57a2d4851a1d" />
    <TestEntry testId="692b97a1-aac3-3aff-11df-312cdeb8a21c" executionId="2a2a7e2a-c07b-4b2f-81e3-beca90c54463" testListId="8c84fa94-04c1-424b-9868-57a2d4851a1d" />
    <TestEntry testId="9894def6-a8ad-9996-d85c-6e6834048cb8" executionId="b8fd1299-5106-4fc0-a91e-6c343c8a03d2" testListId="8c84fa94-04c1-424b-9868-57a2d4851a1d" />
    <TestEntry testId="f439d0fd-c4ca-253d-e7cc-4c6952db6dc0" executionId="7d9530d5-d579-46bb-9b91-e349a88c192a" testListId="8c84fa94-04c1-424b-9868-57a2d4851a1d" />
    <TestEntry testId="f3e37b7c-45e3-6527-fca4-1152c1f74511" executionId="33a8060e-9ffe-4569-981e-592646c3a51c" testListId="8c84fa94-04c1-424b-9868-57a2d4851a1d" />
    <TestEntry testId="1fa9a8bc-fe28-81c4-cff4-8134118b4d34" executionId="7aee3185-8811-41d3-803e-1a6e22c34f90" testListId="8c84fa94-04c1-424b-9868-57a2d4851a1d" />
    <TestEntry testId="162865f6-e3bf-1e09-2e54-ced0a0a60162" executionId="97bba388-1f89-4ef4-9b7d-67505df79007" testListId="8c84fa94-04c1-424b-9868-57a2d4851a1d" />
    <TestEntry testId="52433816-2524-27c9-de05-f2a78cd789d4" executionId="f6eb8b73-8fd6-4b1f-b343-d9f70b98cfb8" testListId="8c84fa94-04c1-424b-9868-57a2d4851a1d" />
    <TestEntry testId="3a354a68-d9f3-b320-8ad3-8c454f72dcb0" executionId="65d13de3-0ccd-4b99-b28c-2be24a8f0f6d" testListId="8c84fa94-04c1-424b-9868-57a2d4851a1d" />
    <TestEntry testId="8a5ae180-771d-021f-7acf-cac6f054c51f" executionId="6b902b23-4b4c-4f6f-aa7b-44759485339c" testListId="8c84fa94-04c1-424b-9868-57a2d4851a1d" />
    <TestEntry testId="63fe4f90-5d02-9233-a9fe-a8351a0ebc88" executionId="06e2b050-bb5e-44f3-b10b-75a6c9d10702" testListId="8c84fa94-04c1-424b-9868-57a2d4851a1d" />
    <TestEntry testId="51f82a03-4a03-ad03-8b47-22d810dc0be8" executionId="14d47bf0-d36d-488a-bcc1-9cd367b9f4a5" testListId="8c84fa94-04c1-424b-9868-57a2d4851a1d" />
    <TestEntry testId="9f7efa2a-738e-f5d9-b264-0ee0ae53ef6f" executionId="b05147d0-e0e7-41b5-b05c-da75c7eca378" testListId="8c84fa94-04c1-424b-9868-57a2d4851a1d" />
    <TestEntry testId="face1e40-d11f-bd03-121f-62c695d5ceb3" executionId="86144147-247d-4334-96b3-ee04fdd284ef" testListId="8c84fa94-04c1-424b-9868-57a2d4851a1d" />
    <TestEntry testId="0e9262a6-cab6-57d3-cd99-ed3e3f004a59" executionId="a01a072b-e325-4939-ad08-52a0898ffe20" testListId="8c84fa94-04c1-424b-9868-57a2d4851a1d" />
    <TestEntry testId="9afcf05e-818c-0d86-96cf-d807027daa76" executionId="4041893f-91c2-4269-8742-73111f6fd07f" testListId="8c84fa94-04c1-424b-9868-57a2d4851a1d" />
    <TestEntry testId="a24b4784-b3de-211b-c252-ce57b6dcd259" executionId="bf2dabf5-aee9-4558-bf3f-49789cc0d7e4" testListId="8c84fa94-04c1-424b-9868-57a2d4851a1d" />
    <TestEntry testId="6846ef6f-5ece-345e-de93-c0174ebff67b" executionId="431cdbfd-3460-4cd6-baa7-646a70c4677a" testListId="8c84fa94-04c1-424b-9868-57a2d4851a1d" />
    <TestEntry testId="9ba82bd1-a514-d17f-24f7-0b922a1cee67" executionId="50a29a85-d828-48d6-ba04-e4990a7e4246" testListId="8c84fa94-04c1-424b-9868-57a2d4851a1d" />
    <TestEntry testId="82ce4c59-b1a4-0d8e-7fb5-38f0d4f5c5ab" executionId="3b6c3bfb-7556-40e1-843c-c0bbf903aa70" testListId="8c84fa94-04c1-424b-9868-57a2d4851a1d" />
    <TestEntry testId="c1b3e275-7665-bcdb-3aac-20761ce1bc95" executionId="fce41c40-1ea3-4bd2-aa14-93c8f10d59e4" testListId="8c84fa94-04c1-424b-9868-57a2d4851a1d" />
    <TestEntry testId="9c562ed8-679a-26f9-9020-b2c66b8da31b" executionId="ba8d7f2b-7c30-48b5-8b8e-de7d00095cd3" testListId="8c84fa94-04c1-424b-9868-57a2d4851a1d" />
    <TestEntry testId="a1429ff3-4fe4-25fd-3da7-7a59640a720d" executionId="95898a3b-a310-4f4c-8644-893f69ac8e49" testListId="8c84fa94-04c1-424b-9868-57a2d4851a1d" />
    <TestEntry testId="68420912-6385-6f6d-272f-5bbdc5980d57" executionId="254fa9d6-c33b-4977-a29c-d2a1ab0a468b" testListId="8c84fa94-04c1-424b-9868-57a2d4851a1d" />
    <TestEntry testId="ab03c751-b163-db71-05e5-287be8a693d9" executionId="f6b274a1-94d7-43ba-a3e8-d5e8dfaf54a9" testListId="8c84fa94-04c1-424b-9868-57a2d4851a1d" />
    <TestEntry testId="42cfd495-c2a3-5936-b6ca-356a9012c28a" executionId="61ea804d-6602-4686-af08-40352b20edc7" testListId="8c84fa94-04c1-424b-9868-57a2d4851a1d" />
    <TestEntry testId="d000be2c-aec0-ad35-5ea1-43d17c66abf6" executionId="31df3fbd-5610-4b02-a57f-d8f57c96772e" testListId="8c84fa94-04c1-424b-9868-57a2d4851a1d" />
    <TestEntry testId="c95bdcdd-3f45-c86d-75af-c76e0900a6a5" executionId="c01d18f7-89da-4446-b83a-0d0171d8cd0a" testListId="8c84fa94-04c1-424b-9868-57a2d4851a1d" />
    <TestEntry testId="1da4e6ae-2e9e-536f-e08f-1bd8a9e5ee18" executionId="5b431575-13cd-4264-8969-7b18a38e655f" testListId="8c84fa94-04c1-424b-9868-57a2d4851a1d" />
    <TestEntry testId="d2c75bd9-d29a-3784-6614-273474618c80" executionId="88697c19-50ee-482b-9825-7f36a6321a6a" testListId="8c84fa94-04c1-424b-9868-57a2d4851a1d" />
    <TestEntry testId="9f079369-02c2-c9bf-4861-704434e0ae8d" executionId="be7c3b0f-d4a3-4440-acd6-5e8890f8d740" testListId="8c84fa94-04c1-424b-9868-57a2d4851a1d" />
    <TestEntry testId="a41fb43c-5222-766d-ffe6-c906063eeaba" executionId="f2a00b5b-7725-4527-971a-bb97f84af126" testListId="8c84fa94-04c1-424b-9868-57a2d4851a1d" />
    <TestEntry testId="4a0a4299-5f80-2206-b412-fb3ccf5b54b8" executionId="f0b6fddf-fbb9-4f25-a9b2-0d0e1c71dc98" testListId="8c84fa94-04c1-424b-9868-57a2d4851a1d" />
    <TestEntry testId="214022f0-5361-8846-e60b-6abe1fd900a2" executionId="f24a2e79-4268-4b66-8c47-8426b8224396" testListId="8c84fa94-04c1-424b-9868-57a2d4851a1d" />
    <TestEntry testId="59e33440-0bc9-2bcd-e63c-62eccb69ec7e" executionId="8e3af60c-4845-4514-902f-523507c01ba1" testListId="8c84fa94-04c1-424b-9868-57a2d4851a1d" />
    <TestEntry testId="deb54237-ce43-c6c9-13a2-69f40f1f38c4" executionId="b4d6dbff-c1d5-4750-be84-643b0e333e25" testListId="8c84fa94-04c1-424b-9868-57a2d4851a1d" />
    <TestEntry testId="267772b2-f723-87d3-bead-7799fc81175f" executionId="8827c9e1-5b21-4226-ad85-ab91a922f70c" testListId="8c84fa94-04c1-424b-9868-57a2d4851a1d" />
    <TestEntry testId="a9fb4518-03aa-2b36-c819-fa25ae7cab53" executionId="2d277c03-2d6f-44b7-a7a2-69757ff4439a" testListId="8c84fa94-04c1-424b-9868-57a2d4851a1d" />
    <TestEntry testId="67869dfc-2d2e-0cf0-107d-f4280f3d8599" executionId="16d60244-d1a1-45b5-8daf-2a5ee8bbd535" testListId="8c84fa94-04c1-424b-9868-57a2d4851a1d" />
    <TestEntry testId="8a736130-930b-885a-c70b-4bb868f3b28e" executionId="59ada42a-0292-4bf5-8075-1f6b34f68c5a" testListId="8c84fa94-04c1-424b-9868-57a2d4851a1d" />
    <TestEntry testId="38d265ea-ecc0-ac37-df26-e336b7e9a989" executionId="8627b9f0-5b4a-4262-bf1f-327f8681c46a" testListId="8c84fa94-04c1-424b-9868-57a2d4851a1d" />
    <TestEntry testId="752c6974-867a-09bb-b784-4ca8c8e7895a" executionId="642b80d3-86b3-413f-b90c-b4c857da81a4" testListId="8c84fa94-04c1-424b-9868-57a2d4851a1d" />
    <TestEntry testId="382d44fa-af9a-68ee-f9c4-7ee74af78c36" executionId="e5fb56d7-29a3-4bc2-842c-75ea38c1886f" testListId="8c84fa94-04c1-424b-9868-57a2d4851a1d" />
    <TestEntry testId="1403d926-bad0-d918-fac5-aa969df60265" executionId="e991a85d-76de-434c-95bc-3a755363ee30" testListId="8c84fa94-04c1-424b-9868-57a2d4851a1d" />
    <TestEntry testId="371c654c-a7e1-4caa-a84b-cb4e0f8ea168" executionId="323ac257-a5b1-46a6-a22a-ebafb79a0bf0" testListId="8c84fa94-04c1-424b-9868-57a2d4851a1d" />
    <TestEntry testId="c2c72a94-207c-c318-db63-f7149898fb84" executionId="d3455e43-c09d-4754-af4f-198d92974fa3" testListId="8c84fa94-04c1-424b-9868-57a2d4851a1d" />
    <TestEntry testId="d6f38fc3-2e0a-fe76-f35a-47bd6234a11d" executionId="37e9a772-0eec-431a-b82e-c3f56446426d" testListId="8c84fa94-04c1-424b-9868-57a2d4851a1d" />
    <TestEntry testId="019ca72a-b3d0-b631-6d04-d41563a68254" executionId="116ee921-a871-4088-887e-2c695edc5ab7" testListId="8c84fa94-04c1-424b-9868-57a2d4851a1d" />
    <TestEntry testId="5c28579b-a7ff-5ad5-7e11-82959ec85499" executionId="3c4a3b5b-fbcb-47b9-b42d-ab2f739d3051" testListId="8c84fa94-04c1-424b-9868-57a2d4851a1d" />
    <TestEntry testId="32d9f990-f45d-59f4-0676-6632df00a639" executionId="78cd47f2-37b4-4c05-a24f-7bcd9498f57c" testListId="8c84fa94-04c1-424b-9868-57a2d4851a1d" />
    <TestEntry testId="a3239939-117a-8e93-3ae1-408a6c0f4115" executionId="0ce96ab6-2eb0-4599-83ba-8d9270d5fcc1" testListId="8c84fa94-04c1-424b-9868-57a2d4851a1d" />
    <TestEntry testId="1b8408af-2fbd-8782-3229-99f29bb7e3af" executionId="e199822a-53f0-4369-b381-97a5f5cc36d2" testListId="8c84fa94-04c1-424b-9868-57a2d4851a1d" />
    <TestEntry testId="f0a25839-5603-cf87-2fb5-90723ef67ea5" executionId="897d5354-10ec-4fb1-b276-ea81c8edc05c" testListId="8c84fa94-04c1-424b-9868-57a2d4851a1d" />
    <TestEntry testId="02e83787-3267-7f23-8296-ec94abd6c33c" executionId="9aff67a0-9d87-42bb-b3ca-d2e83aa65823" testListId="8c84fa94-04c1-424b-9868-57a2d4851a1d" />
    <TestEntry testId="eeebf003-38fe-bd05-cedd-ace91419d4e9" executionId="7a8f8193-ca2d-49fb-a616-c7471eaf1a38" testListId="8c84fa94-04c1-424b-9868-57a2d4851a1d" />
    <TestEntry testId="7b0c6625-9b86-ddbc-ed31-22e14b101f52" executionId="3b23b233-190c-45a3-81d0-f360843bfb95" testListId="8c84fa94-04c1-424b-9868-57a2d4851a1d" />
    <TestEntry testId="6c992aa2-7f9c-139d-7ecd-5cf57f1bd318" executionId="461c779b-4401-46b9-be3c-7bc9446ce2d9" testListId="8c84fa94-04c1-424b-9868-57a2d4851a1d" />
    <TestEntry testId="4cc2dd9f-4a69-831b-8c2d-4475ce22e206" executionId="43847988-9846-4737-bbf6-c11c4d30d4e1" testListId="8c84fa94-04c1-424b-9868-57a2d4851a1d" />
    <TestEntry testId="1a4c7ecc-8fec-0fd3-f459-afeb7ee6c1f2" executionId="334c3a5c-76eb-43f0-b9dd-bb366dcb538b" testListId="8c84fa94-04c1-424b-9868-57a2d4851a1d" />
    <TestEntry testId="515b3b90-5341-42b3-6468-dece5ef35c39" executionId="960c7cc1-eee6-4c8f-8023-33939f47fab0" testListId="8c84fa94-04c1-424b-9868-57a2d4851a1d" />
    <TestEntry testId="90eb5bae-9c9e-7234-9dbc-4ea8bfe0f324" executionId="f69b32e8-3b80-4fc0-a183-564dbc5aeef3" testListId="8c84fa94-04c1-424b-9868-57a2d4851a1d" />
    <TestEntry testId="80adbbd3-1ef7-456b-2934-d9d959da1338" executionId="b9850ced-eb6c-4d47-87bc-f8c65c58faa7" testListId="8c84fa94-04c1-424b-9868-57a2d4851a1d" />
    <TestEntry testId="1620c13a-f658-5759-4c79-7edb4aa200b6" executionId="1344e096-897c-4ae6-9796-e7495e909f4b" testListId="8c84fa94-04c1-424b-9868-57a2d4851a1d" />
    <TestEntry testId="af79cf4b-643f-4d7f-7b4c-8d05add6d49d" executionId="b2f3712e-d923-4d9a-ba97-923366cdac64" testListId="8c84fa94-04c1-424b-9868-57a2d4851a1d" />
    <TestEntry testId="2792f283-1b4d-a9e3-5e7f-e7ae713eb89d" executionId="03a995e6-7083-4b94-9eba-38c153e1be31" testListId="8c84fa94-04c1-424b-9868-57a2d4851a1d" />
    <TestEntry testId="027d4506-025f-e862-2462-d3426e60331b" executionId="088b438d-c2b2-476a-9504-57ef6c4203d7" testListId="8c84fa94-04c1-424b-9868-57a2d4851a1d" />
    <TestEntry testId="5bfe9baf-8978-2151-fd54-6dc0e4537e3f" executionId="7782e904-aad8-4102-8428-3be8b08c4fac" testListId="8c84fa94-04c1-424b-9868-57a2d4851a1d" />
    <TestEntry testId="4bfa4658-0913-8bfa-f8a6-d95ac97ab5b1" executionId="4f4eb53d-d9b6-4706-a57d-c12c9e196f2d" testListId="8c84fa94-04c1-424b-9868-57a2d4851a1d" />
    <TestEntry testId="4c658dc7-4337-dec9-1a79-8caae76d631e" executionId="50c72787-ead3-4c82-a712-d8682339fcb3" testListId="8c84fa94-04c1-424b-9868-57a2d4851a1d" />
    <TestEntry testId="700e5948-9fd9-9bc5-f89a-b9ee32f51d14" executionId="f01f4e4b-a620-4d9d-b36b-2c01942bc317" testListId="8c84fa94-04c1-424b-9868-57a2d4851a1d" />
    <TestEntry testId="e6f32f6e-a681-243e-e5ff-df99c1eaa68f" executionId="b97ccb90-9c3d-4dd7-8e58-1738c0842913" testListId="8c84fa94-04c1-424b-9868-57a2d4851a1d" />
    <TestEntry testId="c0075609-517c-0b59-3e2a-37b6732c97f5" executionId="c1636c2f-e4e9-46b1-a405-5ce61f85a121" testListId="8c84fa94-04c1-424b-9868-57a2d4851a1d" />
    <TestEntry testId="6b7d5255-6107-e63b-0450-e60cb096a3a4" executionId="9ad2a05b-4084-440e-8fa9-0434cc557973" testListId="8c84fa94-04c1-424b-9868-57a2d4851a1d" />
    <TestEntry testId="dda43f32-a338-66ef-acab-b20d62ab7a28" executionId="db29ad9c-6a51-4198-90e1-3dc77fd4ebc2" testListId="8c84fa94-04c1-424b-9868-57a2d4851a1d" />
    <TestEntry testId="638ac55a-9704-b386-47f3-8de64bec21a4" executionId="01640ea6-8709-4d83-b34c-4dfeaee169d4" testListId="8c84fa94-04c1-424b-9868-57a2d4851a1d" />
    <TestEntry testId="32b7f0b3-4e90-9893-5d66-3acd7bd7b164" executionId="47ef1a47-de69-4df4-8068-56dd75a54f8b" testListId="8c84fa94-04c1-424b-9868-57a2d4851a1d" />
    <TestEntry testId="ddef43bf-2428-c409-c8d0-d745716efc8f" executionId="0b2758ff-4c76-4f8c-8a78-c907908b8579" testListId="8c84fa94-04c1-424b-9868-57a2d4851a1d" />
    <TestEntry testId="5ed4c406-ba5e-828a-6548-da1cac0d6744" executionId="3d6fa104-f309-4997-a20f-626494f7fdd1" testListId="8c84fa94-04c1-424b-9868-57a2d4851a1d" />
    <TestEntry testId="94c23d6a-18b2-30e3-f0e0-7dde101a1b8d" executionId="f6ed676b-f306-4624-bbba-b7284904009a" testListId="8c84fa94-04c1-424b-9868-57a2d4851a1d" />
    <TestEntry testId="951e81a1-8d42-de02-6f7a-4dfb3d5a213f" executionId="19379955-7774-48aa-bb85-daed8304c65c" testListId="8c84fa94-04c1-424b-9868-57a2d4851a1d" />
    <TestEntry testId="c5845a37-0be3-b33b-c7ee-de0980026dc2" executionId="0199d377-9186-4c36-8b18-8f6ce140b92c" testListId="8c84fa94-04c1-424b-9868-57a2d4851a1d" />
    <TestEntry testId="50a3aeff-8aec-4135-5830-218762a87bf3" executionId="9242bf30-552d-4f38-8945-01b3a5d2b6da" testListId="8c84fa94-04c1-424b-9868-57a2d4851a1d" />
    <TestEntry testId="ec2207d2-a9a8-fe88-d748-886b5e215daa" executionId="262f2535-715b-4f91-9955-87a5a1348c73" testListId="8c84fa94-04c1-424b-9868-57a2d4851a1d" />
    <TestEntry testId="c56fefa1-1039-9dd9-43da-8348ef001adf" executionId="523f47b5-a58a-4ea2-8c1c-2872d30c6b6d" testListId="8c84fa94-04c1-424b-9868-57a2d4851a1d" />
    <TestEntry testId="4925e861-668d-0776-992b-a30cf05df577" executionId="33218eec-ebc1-4a30-a5cb-82a687b85997" testListId="8c84fa94-04c1-424b-9868-57a2d4851a1d" />
    <TestEntry testId="6769ada2-43c6-2528-c1bd-5c3ad995533f" executionId="33cde339-8ef2-49e2-8a44-c5d6f7e94fa4" testListId="8c84fa94-04c1-424b-9868-57a2d4851a1d" />
    <TestEntry testId="d313729c-a12f-afbb-eaa0-23613ea1cc8a" executionId="a44cb60b-c5a7-476c-972c-2dbf88de4dc0" testListId="8c84fa94-04c1-424b-9868-57a2d4851a1d" />
    <TestEntry testId="ec746fa2-14da-ea9b-2c88-f4e35b8dc66f" executionId="4a274a7c-17f6-483b-ac86-530a53e482af" testListId="8c84fa94-04c1-424b-9868-57a2d4851a1d" />
    <TestEntry testId="608499c7-d2f1-832e-31d3-2f7890511b62" executionId="ae91cd83-fb8f-4c66-85c8-de7ef957305e" testListId="8c84fa94-04c1-424b-9868-57a2d4851a1d" />
    <TestEntry testId="0f5f76d9-a522-c23a-6d59-d5caefba2e61" executionId="cec0e519-30c8-4071-b3b3-7f8acb2ec6ed" testListId="8c84fa94-04c1-424b-9868-57a2d4851a1d" />
    <TestEntry testId="8d52503b-489c-3b66-83ee-625b840a668f" executionId="f46ac424-6189-40ec-923f-56c37b6f2422" testListId="8c84fa94-04c1-424b-9868-57a2d4851a1d" />
    <TestEntry testId="84173824-84cf-5c05-90c1-de1092ac7b2b" executionId="535112b8-d184-46ef-a837-2f4858438887" testListId="8c84fa94-04c1-424b-9868-57a2d4851a1d" />
    <TestEntry testId="51acf133-f748-a6cd-d085-894102e286a3" executionId="9bb6099a-b00c-4d83-8468-d36472c0292f" testListId="8c84fa94-04c1-424b-9868-57a2d4851a1d" />
    <TestEntry testId="bd073554-3a47-6f08-0e56-35b530a9e94a" executionId="88acb2c8-d7a2-415e-b1a0-d49ccc64852b" testListId="8c84fa94-04c1-424b-9868-57a2d4851a1d" />
    <TestEntry testId="eb6aad54-6ce8-493c-7500-eac222b23956" executionId="52da7860-07c4-4ddf-97b0-6fab6c47230f" testListId="8c84fa94-04c1-424b-9868-57a2d4851a1d" />
    <TestEntry testId="fa81e5f2-5c04-b3e2-0e45-41b8d6695d86" executionId="3f3f8300-f854-40d1-8e89-49dfee7c94c8" testListId="8c84fa94-04c1-424b-9868-57a2d4851a1d" />
    <TestEntry testId="43a24cea-a08e-89d6-ce78-72ae6a84a85f" executionId="3d68a765-4a8b-450e-b696-79b6b0f53a19" testListId="8c84fa94-04c1-424b-9868-57a2d4851a1d" />
    <TestEntry testId="d52b8b59-a017-5837-d8f2-a31d344834c0" executionId="152980b1-5e5b-484a-bfd5-e4b5cce7430b" testListId="8c84fa94-04c1-424b-9868-57a2d4851a1d" />
    <TestEntry testId="db6eddad-41f0-c143-cd53-bc13756c3eec" executionId="8185d9aa-4ae4-4613-9daa-36dbd7e32150" testListId="8c84fa94-04c1-424b-9868-57a2d4851a1d" />
    <TestEntry testId="818a8e2a-495e-d834-7890-5a4270f4f740" executionId="06ec0fe8-e609-40fd-82ce-992ca6621218" testListId="8c84fa94-04c1-424b-9868-57a2d4851a1d" />
    <TestEntry testId="3a4af97a-627c-e13e-81ff-a2a903e34e82" executionId="65bb2487-5453-476b-8f67-12d48a58bd08" testListId="8c84fa94-04c1-424b-9868-57a2d4851a1d" />
    <TestEntry testId="3f40fe5a-386f-bce5-1b6c-5341e66c975a" executionId="70b2f216-589d-439a-90c0-abf53a15ef0e" testListId="8c84fa94-04c1-424b-9868-57a2d4851a1d" />
    <TestEntry testId="a02aa644-c698-eef3-3e45-7b180e05e84d" executionId="c94898cf-cd04-4e6a-9e1f-b0ea12cd8af3" testListId="8c84fa94-04c1-424b-9868-57a2d4851a1d" />
    <TestEntry testId="adce2150-f353-a2bd-a4ff-54eb8e340120" executionId="026cfaaf-3f89-4aa5-8e71-44e1f20b360b" testListId="8c84fa94-04c1-424b-9868-57a2d4851a1d" />
    <TestEntry testId="ed9d0905-2e6b-0dca-5376-b5f67aa714a6" executionId="4c671b2c-b338-46ef-a072-0d53da46c8e9" testListId="8c84fa94-04c1-424b-9868-57a2d4851a1d" />
    <TestEntry testId="8d7b87ea-388d-5076-c59f-bb3a50b0147a" executionId="ee33d837-6715-467d-aafd-32811c997597" testListId="8c84fa94-04c1-424b-9868-57a2d4851a1d" />
    <TestEntry testId="f62559f3-3c83-290d-0bfd-21bf477290a4" executionId="d93ccdcb-0b11-46ec-94cc-ed680bf3525b" testListId="8c84fa94-04c1-424b-9868-57a2d4851a1d" />
    <TestEntry testId="4e057b33-79cc-f0a8-785e-c4e76a864058" executionId="b80bd5d4-e48f-41f7-b4e0-9ca8ec21585f" testListId="8c84fa94-04c1-424b-9868-57a2d4851a1d" />
    <TestEntry testId="0673d42d-08b4-1d86-436b-25bcdc91f72b" executionId="9b131ccf-afa4-49e3-88d1-b8dfbf45c145" testListId="8c84fa94-04c1-424b-9868-57a2d4851a1d" />
    <TestEntry testId="5f15f42d-5d6b-9613-39b6-8ebe8c278e86" executionId="b3e8e20a-8a43-4dc1-a106-409f497fc9cc" testListId="8c84fa94-04c1-424b-9868-57a2d4851a1d" />
    <TestEntry testId="41a400e9-0a95-e903-5e55-fe1497febc44" executionId="23e3df0d-1fa1-4f44-846d-a3bf0835dd12" testListId="8c84fa94-04c1-424b-9868-57a2d4851a1d" />
    <TestEntry testId="01be70f8-b6a2-c58c-2818-ec2a7f66b934" executionId="4c2a8dcb-7a09-475d-8bd2-2b79f1c64b73" testListId="8c84fa94-04c1-424b-9868-57a2d4851a1d" />
    <TestEntry testId="539fe347-bd88-219a-5d15-3fdc1569f5a1" executionId="39fe2429-6241-421d-a4af-5fb2abee5400" testListId="8c84fa94-04c1-424b-9868-57a2d4851a1d" />
    <TestEntry testId="02092aac-4beb-833e-6bdf-361aa4291d1a" executionId="c6afd79b-e377-45d8-a80b-31025d871875" testListId="8c84fa94-04c1-424b-9868-57a2d4851a1d" />
    <TestEntry testId="248baad8-226b-bfb3-1530-9d4951e67b14" executionId="b0680b1f-074e-44e2-bf74-0a1c76fee812" testListId="8c84fa94-04c1-424b-9868-57a2d4851a1d" />
    <TestEntry testId="1db0efe3-a817-5674-daf9-a803ff1278f2" executionId="648a9ab3-fa9d-4748-888a-8a83a890dfaa" testListId="8c84fa94-04c1-424b-9868-57a2d4851a1d" />
    <TestEntry testId="0b6e2456-15b8-7ab4-7e5f-959d43c3d981" executionId="a115cf3d-056e-4a37-a93a-081de8f618e1" testListId="8c84fa94-04c1-424b-9868-57a2d4851a1d" />
    <TestEntry testId="c3f98565-0694-4442-b72d-a7e828693ace" executionId="bd5b52c4-0472-4858-97d7-0d78f2fd96a3" testListId="8c84fa94-04c1-424b-9868-57a2d4851a1d" />
    <TestEntry testId="25894c41-8e1c-566d-4d05-a55867ba612e" executionId="e122509a-9149-427a-9fbf-3c9d0883c1ae" testListId="8c84fa94-04c1-424b-9868-57a2d4851a1d" />
    <TestEntry testId="59e05570-0b78-6c5b-dbc3-5f48ee79147a" executionId="b3466659-f693-41fc-9945-ee80eae985d4" testListId="8c84fa94-04c1-424b-9868-57a2d4851a1d" />
    <TestEntry testId="d7748f9d-51b4-ec5f-f702-a60d693b9c23" executionId="7a54bc07-e050-4f68-8fd6-83fc1d7ee093" testListId="8c84fa94-04c1-424b-9868-57a2d4851a1d" />
    <TestEntry testId="488a266d-b481-eda0-c984-c601c45ed5d2" executionId="c0ccfa72-d153-45d4-8129-10b23e385884" testListId="8c84fa94-04c1-424b-9868-57a2d4851a1d" />
    <TestEntry testId="6c515a75-0790-ce0c-5268-9e33e2ca6fbc" executionId="2bb98916-e1df-4a8c-90dc-74dc35f069df" testListId="8c84fa94-04c1-424b-9868-57a2d4851a1d" />
    <TestEntry testId="a77dd034-3274-0135-455e-ac302fab9adf" executionId="1cf3ac8f-953d-4244-96f6-9709c984b960" testListId="8c84fa94-04c1-424b-9868-57a2d4851a1d" />
    <TestEntry testId="813975ae-f387-e307-0541-b41e637bf6c0" executionId="7e679de6-f530-4677-90cd-8b8fe22945f8" testListId="8c84fa94-04c1-424b-9868-57a2d4851a1d" />
    <TestEntry testId="9e22019c-cdf2-41c4-d634-6f66aa92479b" executionId="46858128-4819-44cf-ade4-9cdf7d2d60c3" testListId="8c84fa94-04c1-424b-9868-57a2d4851a1d" />
    <TestEntry testId="b2943faa-d80f-857d-5b48-7c56b90a95cb" executionId="7cc8ce63-34d0-43d6-8df9-e821f1ecfb6f" testListId="8c84fa94-04c1-424b-9868-57a2d4851a1d" />
    <TestEntry testId="cb1a1dd9-9a34-dcbb-34c0-a9c5b2aae13a" executionId="83ff1f16-7651-4bf2-a438-b29c5d3485ef" testListId="8c84fa94-04c1-424b-9868-57a2d4851a1d" />
    <TestEntry testId="4e0bbfbe-fa52-a8b5-45a2-0c2e5206224b" executionId="813c029c-c499-4005-848a-0807259e7354" testListId="8c84fa94-04c1-424b-9868-57a2d4851a1d" />
    <TestEntry testId="31083629-f468-2fd7-d87c-288285c14c5a" executionId="15826072-9e20-4eaf-8674-2dec633e84c8" testListId="8c84fa94-04c1-424b-9868-57a2d4851a1d" />
    <TestEntry testId="4e41581b-cc15-32c9-70d7-732a09f42f83" executionId="7fcce632-4a1b-4ed8-9695-d89b4c566750" testListId="8c84fa94-04c1-424b-9868-57a2d4851a1d" />
    <TestEntry testId="3aa55886-7875-e27b-c080-e13f7f3e46de" executionId="e32787ab-5cb2-4802-95bb-49fe5397757f" testListId="8c84fa94-04c1-424b-9868-57a2d4851a1d" />
    <TestEntry testId="19ac9f4c-8af6-3a0e-db79-8be9b96bba98" executionId="0b7dfa4f-98bc-425a-a7d9-78f0b499d452" testListId="8c84fa94-04c1-424b-9868-57a2d4851a1d" />
    <TestEntry testId="9fc71459-ff6c-230d-f104-8fa027c70965" executionId="760c66bd-83c8-46ab-b72f-02ac828fdc10" testListId="8c84fa94-04c1-424b-9868-57a2d4851a1d" />
    <TestEntry testId="9c9bfb81-61dd-8027-8003-da5c3ab70f36" executionId="444d19db-df24-4a92-b75f-5dd64549e912" testListId="8c84fa94-04c1-424b-9868-57a2d4851a1d" />
    <TestEntry testId="25580e15-b924-732f-3f13-f58467648423" executionId="89d057ff-2c47-451d-aaa8-e7a450002729" testListId="8c84fa94-04c1-424b-9868-57a2d4851a1d" />
    <TestEntry testId="6f921026-c890-13dd-9851-504921f19cdb" executionId="517f248d-248d-4d31-96dc-0fa1b52402cd" testListId="8c84fa94-04c1-424b-9868-57a2d4851a1d" />
    <TestEntry testId="c43f9f68-fcb7-d363-c91d-7421ba7fac01" executionId="ff178cec-3c5d-4673-8b7b-cb9a41cd84e1" testListId="8c84fa94-04c1-424b-9868-57a2d4851a1d" />
    <TestEntry testId="50ef64ee-5fa9-c9f5-8d62-5f8b0aee0a1a" executionId="1cd67c02-8798-4b53-a6ff-0db3bf851b4e" testListId="8c84fa94-04c1-424b-9868-57a2d4851a1d" />
    <TestEntry testId="7ddc33a0-5a13-a452-eec7-6a9bc96cfdca" executionId="366a021c-c666-4021-a772-38a157b67272" testListId="8c84fa94-04c1-424b-9868-57a2d4851a1d" />
    <TestEntry testId="1c0b6b3a-0d55-0c9a-bbf6-96eb416209bc" executionId="b0493552-581c-46ec-93e2-2f9500cb4210" testListId="8c84fa94-04c1-424b-9868-57a2d4851a1d" />
    <TestEntry testId="cfcf6037-41aa-cfeb-1c2f-d83ad046845a" executionId="b3acc5f6-5793-4887-9767-68d4aeb86454" testListId="8c84fa94-04c1-424b-9868-57a2d4851a1d" />
    <TestEntry testId="48fe80b8-92f1-0dda-79b9-37527dd2897d" executionId="43fd0c01-5a4e-449c-a350-ff4229693e65" testListId="8c84fa94-04c1-424b-9868-57a2d4851a1d" />
    <TestEntry testId="10d68b1e-18d2-a4d3-593a-43d0394a432c" executionId="74d484fc-b224-4da4-bbbe-ef6f05f750df" testListId="8c84fa94-04c1-424b-9868-57a2d4851a1d" />
    <TestEntry testId="20dc53e9-ed46-1695-ce95-552d5af99dd3" executionId="31b8d685-3726-4a67-8c30-8f289d966df1" testListId="8c84fa94-04c1-424b-9868-57a2d4851a1d" />
    <TestEntry testId="e108ba58-bf5b-e663-6e8e-77a8b7c3cbe3" executionId="1d7bc4a0-0bdb-428e-ad52-b67e08f864ba" testListId="8c84fa94-04c1-424b-9868-57a2d4851a1d" />
    <TestEntry testId="0a25b2c8-4518-dbb9-85a1-adac0d711ad3" executionId="06058dfb-3db2-457b-becf-cbfb9813a9e9" testListId="8c84fa94-04c1-424b-9868-57a2d4851a1d" />
    <TestEntry testId="e8d39b89-8a4e-7238-0afc-9fed0eeb9518" executionId="7a1deea3-86e4-4606-a8da-a191ad289a95" testListId="8c84fa94-04c1-424b-9868-57a2d4851a1d" />
    <TestEntry testId="10ec0486-b95d-2653-9621-371053f5dee1" executionId="faaf221c-d816-4b00-8118-9316132d3b94" testListId="8c84fa94-04c1-424b-9868-57a2d4851a1d" />
    <TestEntry testId="82fadbdf-9f87-9140-cc13-a763cfbfb9ae" executionId="58b739cb-d28a-4d83-8f94-915929621c4c" testListId="8c84fa94-04c1-424b-9868-57a2d4851a1d" />
    <TestEntry testId="8455556e-f740-3c21-0500-a7b27b75db73" executionId="9ea7f174-0205-4653-ae09-67797c46ef17" testListId="8c84fa94-04c1-424b-9868-57a2d4851a1d" />
    <TestEntry testId="98074fba-987d-b289-0372-ae62d039fb12" executionId="6f9e35a1-9356-48c1-b386-68e02e1f507a" testListId="8c84fa94-04c1-424b-9868-57a2d4851a1d" />
    <TestEntry testId="e5dcdb6e-e4b2-02e7-7721-28d672581074" executionId="0263ea1e-2a20-4f74-9491-911fd3aade0a" testListId="8c84fa94-04c1-424b-9868-57a2d4851a1d" />
    <TestEntry testId="204a95ae-1f36-a871-6615-1b4adb91795c" executionId="5193dcc0-5e9b-401b-aeeb-08c1168a41db" testListId="8c84fa94-04c1-424b-9868-57a2d4851a1d" />
    <TestEntry testId="d4db4806-1170-2bc0-c2f7-39087cdac432" executionId="66c89ac1-b885-4476-8969-5c43fa2395dd" testListId="8c84fa94-04c1-424b-9868-57a2d4851a1d" />
    <TestEntry testId="1a223bfc-e466-8e7a-6a0d-9cc7072e8c12" executionId="d95264e2-2cc5-4ae1-8fd9-c64830c7ecef" testListId="8c84fa94-04c1-424b-9868-57a2d4851a1d" />
    <TestEntry testId="fb5b1b41-5654-f2be-cf22-ff2c92224914" executionId="bd48eb7d-cb39-4c7f-b769-5060184080b7" testListId="8c84fa94-04c1-424b-9868-57a2d4851a1d" />
    <TestEntry testId="c2fa84b1-cbbf-97ac-dbf9-63b32f3cb649" executionId="416fc03b-90c4-4491-9b76-a1f527b620a9" testListId="8c84fa94-04c1-424b-9868-57a2d4851a1d" />
    <TestEntry testId="07b5fb97-6e7d-f37f-ef1b-a8f5fef5df2f" executionId="0aec2946-e8df-4c82-989a-7fa00e7cd647" testListId="8c84fa94-04c1-424b-9868-57a2d4851a1d" />
    <TestEntry testId="74597c58-283d-9020-4577-6fbcb9e9607e" executionId="8bdc9a1e-fcd9-45c0-98e8-ffef90aea64a" testListId="8c84fa94-04c1-424b-9868-57a2d4851a1d" />
    <TestEntry testId="cf161ccb-c64f-a843-7ad2-97e18fc85032" executionId="94023ef2-7a3f-4f42-8ead-9fa4bc42c78f" testListId="8c84fa94-04c1-424b-9868-57a2d4851a1d" />
    <TestEntry testId="699fa069-55e6-4f23-53e3-19f8493fc1b9" executionId="f9fbf4f9-6c87-4c47-95c9-9b11d25bd011" testListId="8c84fa94-04c1-424b-9868-57a2d4851a1d" />
    <TestEntry testId="4d5109b3-3a3a-c52d-b85b-1ab0eaee68c1" executionId="91d81e49-6f81-4160-bee8-19e718f5c823" testListId="8c84fa94-04c1-424b-9868-57a2d4851a1d" />
    <TestEntry testId="310f1b82-e808-34b8-798b-1f21d0f43a58" executionId="0984f87a-2bac-48a4-8519-c4308908afc1" testListId="8c84fa94-04c1-424b-9868-57a2d4851a1d" />
    <TestEntry testId="838758fc-3e6c-5210-56b9-5d8200bf8dc2" executionId="40b60839-7497-4c78-87c5-18d2b6045bc6" testListId="8c84fa94-04c1-424b-9868-57a2d4851a1d" />
    <TestEntry testId="d3d19fb7-0b4a-2992-ef7a-b02c9a4663c7" executionId="3be288cd-fb1e-4f85-8d51-c487f0c5ae05" testListId="8c84fa94-04c1-424b-9868-57a2d4851a1d" />
    <TestEntry testId="46a89c91-1a55-70a6-7ca6-a00d13447672" executionId="67d14143-e91c-44d7-815d-a4a3e8de396c" testListId="8c84fa94-04c1-424b-9868-57a2d4851a1d" />
    <TestEntry testId="36c9e676-b15b-20b0-f074-526c04566c1f" executionId="88dc942d-1aca-43af-9d26-0b03a008246d" testListId="8c84fa94-04c1-424b-9868-57a2d4851a1d" />
    <TestEntry testId="3817654d-4a80-1e41-2232-e4b820a0f16b" executionId="e39623d9-7347-4e7c-9169-0d363ddb65f1" testListId="8c84fa94-04c1-424b-9868-57a2d4851a1d" />
    <TestEntry testId="36c3a6c2-951e-34e9-2bee-0fd468028d15" executionId="1f4fff5e-7051-4177-8af8-8acffe87dd84" testListId="8c84fa94-04c1-424b-9868-57a2d4851a1d" />
    <TestEntry testId="c1f777f6-eceb-f0f7-914e-4f1b4aca736f" executionId="e09855f7-a0f4-4e1d-a160-c23eebf04d1f" testListId="8c84fa94-04c1-424b-9868-57a2d4851a1d" />
    <TestEntry testId="abb49da3-3aab-6c2e-80f9-82d24ce6ee73" executionId="db5ac870-98ed-443a-a7d0-aa3c0a741f9e" testListId="8c84fa94-04c1-424b-9868-57a2d4851a1d" />
    <TestEntry testId="f73174a7-1b51-6efa-bbfa-cb28d891bfa1" executionId="f2cba808-c12b-44d6-bbe8-2fae45fee044" testListId="8c84fa94-04c1-424b-9868-57a2d4851a1d" />
    <TestEntry testId="d2688dfa-40b6-aac7-fcc4-8f62d1f85af0" executionId="38b99c64-f50b-49a3-a3c7-3eb02f2358f3" testListId="8c84fa94-04c1-424b-9868-57a2d4851a1d" />
    <TestEntry testId="db22fac5-2940-f0bb-dd31-f5075bc8ebe1" executionId="674555a9-4ee1-4ff3-89ab-15feac2743a6" testListId="8c84fa94-04c1-424b-9868-57a2d4851a1d" />
    <TestEntry testId="e717c27a-40ea-04a3-34a6-7878470e0ef0" executionId="4a47a1c9-1e9b-47da-a66f-13f72d8ad7b8" testListId="8c84fa94-04c1-424b-9868-57a2d4851a1d" />
    <TestEntry testId="c94bfdd6-ccee-489f-c9f8-b0ee6ce801b7" executionId="ff9a3573-9303-495f-bcd3-e8b24e49d22a" testListId="8c84fa94-04c1-424b-9868-57a2d4851a1d" />
    <TestEntry testId="3e7a5de6-34c0-1126-bda4-dcc407c4586d" executionId="4b00a482-9777-40ca-99b2-56ef980d033c" testListId="8c84fa94-04c1-424b-9868-57a2d4851a1d" />
    <TestEntry testId="db241090-e1f1-6e5d-7e6e-bf9204b84895" executionId="82d6009e-79c8-4012-8976-d920e9e81bda" testListId="8c84fa94-04c1-424b-9868-57a2d4851a1d" />
    <TestEntry testId="21420c31-9b89-2d79-27c1-b92552629b55" executionId="77fd6a41-b799-4444-82ce-767cb6d32a2b" testListId="8c84fa94-04c1-424b-9868-57a2d4851a1d" />
    <TestEntry testId="0709bacc-2118-5887-5724-c05a7f2a0cd3" executionId="ae6cde71-dcb2-4c68-8527-1a143bfe196a" testListId="8c84fa94-04c1-424b-9868-57a2d4851a1d" />
    <TestEntry testId="0b54990f-08bb-79c5-e040-0acc4eda7748" executionId="890c9f0f-e715-4a4a-b8da-cda54f6b87cd" testListId="8c84fa94-04c1-424b-9868-57a2d4851a1d" />
    <TestEntry testId="659731e7-daa0-2b8e-3a2e-dd665b7d51e6" executionId="92860f16-0b45-417b-8e0f-c8686a468c3f" testListId="8c84fa94-04c1-424b-9868-57a2d4851a1d" />
    <TestEntry testId="0737d46b-ce46-45a9-29c3-b0c62982056a" executionId="eda47b7b-b568-4bf8-91b2-eabaa4b051c7" testListId="8c84fa94-04c1-424b-9868-57a2d4851a1d" />
    <TestEntry testId="15488c5c-7db4-b2e2-19b0-c9ac2915f366" executionId="865135bd-c760-4a06-bc4a-8677906aace9" testListId="8c84fa94-04c1-424b-9868-57a2d4851a1d" />
    <TestEntry testId="e6d28f64-0ac6-eab5-5c27-78557468d515" executionId="b1633a1e-88c0-4b4a-868b-6142b94653e9" testListId="8c84fa94-04c1-424b-9868-57a2d4851a1d" />
    <TestEntry testId="cfbe43f7-926c-e449-46a2-14f3eed03351" executionId="d540e5b6-e00c-485f-8901-4f69b56fa2e3" testListId="8c84fa94-04c1-424b-9868-57a2d4851a1d" />
    <TestEntry testId="397cca61-be84-95bb-1b0e-a7f329258a0b" executionId="0b5bf1eb-632a-4f44-a105-92ce137a405f" testListId="8c84fa94-04c1-424b-9868-57a2d4851a1d" />
    <TestEntry testId="499d9c73-61ef-5c97-fc1c-df4d78b7f560" executionId="9d2d5009-e86a-46b3-bcd0-85bf3b34b19d" testListId="8c84fa94-04c1-424b-9868-57a2d4851a1d" />
    <TestEntry testId="d881250f-e7da-2d96-783f-a495c3a40f4f" executionId="45671a8c-2cc2-4058-a488-60d769f5ecd4" testListId="8c84fa94-04c1-424b-9868-57a2d4851a1d" />
    <TestEntry testId="8e369838-a1e3-035c-8dcc-bf7e5a701305" executionId="31c8691b-846c-4fca-b9aa-7c8739f77ddb" testListId="8c84fa94-04c1-424b-9868-57a2d4851a1d" />
    <TestEntry testId="9c582103-5543-2348-ad0b-74f855d59b64" executionId="def9cbff-a9b7-47c4-8a24-17ba29144c84" testListId="8c84fa94-04c1-424b-9868-57a2d4851a1d" />
    <TestEntry testId="debc0dd4-3380-bf4f-35af-4fef01174d54" executionId="ed510efe-1648-402d-aab1-d293cbd0b3c8" testListId="8c84fa94-04c1-424b-9868-57a2d4851a1d" />
    <TestEntry testId="074087ce-1d5c-73ec-3e99-7fe88cb438b0" executionId="d9d997bc-6128-465e-8a2b-1e0d04e4ae3d" testListId="8c84fa94-04c1-424b-9868-57a2d4851a1d" />
    <TestEntry testId="03b6bde9-2e13-28ab-7358-9ef08a96cd9a" executionId="f6a291bc-0758-4d65-af6b-6491bd226539" testListId="8c84fa94-04c1-424b-9868-57a2d4851a1d" />
    <TestEntry testId="c45f1015-f58a-dd97-659b-8fc6645f9f3a" executionId="5a6a8ac2-3561-4712-9181-dbd170b12196" testListId="8c84fa94-04c1-424b-9868-57a2d4851a1d" />
    <TestEntry testId="69255d92-dbc7-1ee6-1c13-10cbcbc7b510" executionId="44568b30-d02e-4c72-b6ee-ce3fed23d6fe" testListId="8c84fa94-04c1-424b-9868-57a2d4851a1d" />
    <TestEntry testId="2425c75d-0131-a731-cc01-19589d4e4cc2" executionId="c3c49453-9461-4ba2-82fd-2772f9ebb400" testListId="8c84fa94-04c1-424b-9868-57a2d4851a1d" />
    <TestEntry testId="38b90395-ff2b-bd8a-24f2-06f234f68e40" executionId="8ba60da3-3160-47b5-a821-c07a6e6593e9" testListId="8c84fa94-04c1-424b-9868-57a2d4851a1d" />
    <TestEntry testId="d82e119e-5431-7bd3-75b9-cdd93a6a82ac" executionId="2f0709f2-79b6-4b42-841a-9f7620ffc308" testListId="8c84fa94-04c1-424b-9868-57a2d4851a1d" />
    <TestEntry testId="7662abce-af3e-1971-8ef3-1f9a1d008f06" executionId="74fffdae-6064-4259-abcb-203b4a046fac" testListId="8c84fa94-04c1-424b-9868-57a2d4851a1d" />
    <TestEntry testId="18471cdb-f69b-4f0a-da96-1c1b4654730d" executionId="0f6537ae-baa3-43b1-8f9f-e271cd914448" testListId="8c84fa94-04c1-424b-9868-57a2d4851a1d" />
    <TestEntry testId="9dc3904d-4fb2-aa36-f29f-78b9a92cd4d6" executionId="fe7b680a-d028-4187-aa63-da64a866bd40" testListId="8c84fa94-04c1-424b-9868-57a2d4851a1d" />
    <TestEntry testId="609b3366-701c-5a44-5ea9-f495e9d3ffff" executionId="35af625b-ccb0-4a93-9373-9d7aa6894bf9" testListId="8c84fa94-04c1-424b-9868-57a2d4851a1d" />
    <TestEntry testId="5bb2a894-8efc-6ff2-0b03-f5c5e6c4a063" executionId="ef3f1cfb-23cc-49bb-8834-4bc5b543193b" testListId="8c84fa94-04c1-424b-9868-57a2d4851a1d" />
    <TestEntry testId="28bef1cf-ccdf-a932-ea19-7ae1e760bd81" executionId="598c47a6-e080-40f1-97cd-b82bfaa4395f" testListId="8c84fa94-04c1-424b-9868-57a2d4851a1d" />
    <TestEntry testId="a1da73f8-c5e5-3f5c-ed60-7f4ab750dd15" executionId="5f992645-3168-47b6-ba0f-a21d0a071951" testListId="8c84fa94-04c1-424b-9868-57a2d4851a1d" />
    <TestEntry testId="46cd091c-7ad2-d90a-ec35-65df50e99251" executionId="b10f8088-a6f2-4788-85f2-1909c755fa17" testListId="8c84fa94-04c1-424b-9868-57a2d4851a1d" />
    <TestEntry testId="76ed0af1-1d0b-91d9-ff7b-f4956332a149" executionId="2fb9dc4f-b270-4fc5-9b86-a8df7629f2a9" testListId="8c84fa94-04c1-424b-9868-57a2d4851a1d" />
    <TestEntry testId="723c8056-9ccc-307f-b566-9b3365850c13" executionId="77981ca4-038f-4f03-93a6-f88885be2caa" testListId="8c84fa94-04c1-424b-9868-57a2d4851a1d" />
    <TestEntry testId="110b11d3-4e5f-cd47-d2fe-c53d37e19fd4" executionId="29522352-a302-4110-80f1-5bbb2355a842" testListId="8c84fa94-04c1-424b-9868-57a2d4851a1d" />
    <TestEntry testId="6b3f04a6-5c77-3a38-0e52-dd6d5799fc31" executionId="ca63cd6a-c96c-449b-8892-165a1943b78a" testListId="8c84fa94-04c1-424b-9868-57a2d4851a1d" />
    <TestEntry testId="6b3101df-2146-9af8-b356-06af5eff56c4" executionId="ce03df79-427e-44f2-b08c-d8be76583e8c" testListId="8c84fa94-04c1-424b-9868-57a2d4851a1d" />
    <TestEntry testId="7dceba34-ea26-ea2f-6496-f5a3f4cf3473" executionId="e2434b01-80c8-44c7-a405-9691abe1fe4f" testListId="8c84fa94-04c1-424b-9868-57a2d4851a1d" />
    <TestEntry testId="f400b034-6d32-6f18-7e11-a578bb72ec9e" executionId="a174e438-32f0-4028-93ea-88378ff06e9f" testListId="8c84fa94-04c1-424b-9868-57a2d4851a1d" />
    <TestEntry testId="af922e3b-6d75-ab4e-acec-b9fd2112e784" executionId="3745e129-e220-4717-b1ef-e968d59b6171" testListId="8c84fa94-04c1-424b-9868-57a2d4851a1d" />
    <TestEntry testId="f4813ebe-f74f-a87c-33f4-157c1ecd9627" executionId="e3a183b3-a102-4a9b-bf27-090b9422768e" testListId="8c84fa94-04c1-424b-9868-57a2d4851a1d" />
    <TestEntry testId="b46b94f6-bd6f-b2e7-f10a-c7fbd1402b0b" executionId="71dc25d6-e77b-4162-9caa-124f21c7c7c7" testListId="8c84fa94-04c1-424b-9868-57a2d4851a1d" />
    <TestEntry testId="5d87f513-ed3a-2346-e8f9-bc9d848b2e37" executionId="8da1a9b3-7a95-445a-ba77-d48ea5dfca66" testListId="8c84fa94-04c1-424b-9868-57a2d4851a1d" />
    <TestEntry testId="e1594206-eeb2-94b0-c4f6-dea4a8889f02" executionId="696af4ba-65ae-4998-874e-03d93abb5807" testListId="8c84fa94-04c1-424b-9868-57a2d4851a1d" />
    <TestEntry testId="39103e49-ddb0-cf86-c33e-a001715810f1" executionId="04f6ba7b-fc19-413e-8809-552257f3ff3b" testListId="8c84fa94-04c1-424b-9868-57a2d4851a1d" />
    <TestEntry testId="18c2293e-3354-2575-d377-955917aed648" executionId="26161523-fb4b-4323-93cd-d04894cc9168" testListId="8c84fa94-04c1-424b-9868-57a2d4851a1d" />
    <TestEntry testId="0aaf9671-3977-38e2-ae13-419d03324b73" executionId="4da0c398-15b8-430f-8630-be29d3965b83" testListId="8c84fa94-04c1-424b-9868-57a2d4851a1d" />
    <TestEntry testId="76ce9d6e-a9c7-f2fb-ff13-4a2740356772" executionId="6de6d625-7d71-4ead-90b2-8af73b30a7c4" testListId="8c84fa94-04c1-424b-9868-57a2d4851a1d" />
    <TestEntry testId="f5413268-f5f6-5a57-b382-f32490d4a535" executionId="fe9b5694-ee54-4bea-90d1-8f8f843df268" testListId="8c84fa94-04c1-424b-9868-57a2d4851a1d" />
    <TestEntry testId="35dda1de-86da-4a13-6591-2546d2f5ffc1" executionId="1847df77-7b18-4eee-9f34-0b21e260098d" testListId="8c84fa94-04c1-424b-9868-57a2d4851a1d" />
    <TestEntry testId="d54450f8-2900-1656-e7c7-6b86060d8b73" executionId="223bfede-2376-4143-beaa-50090eabbbd7" testListId="8c84fa94-04c1-424b-9868-57a2d4851a1d" />
    <TestEntry testId="0b2748f9-f873-1c64-463f-75a7682de10c" executionId="63260d8c-65dc-4a01-8037-38c6566fd495" testListId="8c84fa94-04c1-424b-9868-57a2d4851a1d" />
    <TestEntry testId="2dc3b92a-7f93-e8d4-c326-68d8f836700b" executionId="6145b658-2fba-450a-abf2-34991ae1ac2f" testListId="8c84fa94-04c1-424b-9868-57a2d4851a1d" />
    <TestEntry testId="a9b2cfdf-0888-bc25-ff29-4218fd32dc42" executionId="1ec52703-21ab-4361-b5e8-8411e3e3a87c" testListId="8c84fa94-04c1-424b-9868-57a2d4851a1d" />
    <TestEntry testId="20d6a6cd-33be-4764-a1fc-50dd911b9b0a" executionId="b554cf21-fef3-4a24-86e0-32f33bf6ae4e" testListId="8c84fa94-04c1-424b-9868-57a2d4851a1d" />
    <TestEntry testId="3ad70cc5-7afb-dd1e-8fe1-1dd931217342" executionId="5e45a64f-54d3-4881-88d2-89463fba4740" testListId="8c84fa94-04c1-424b-9868-57a2d4851a1d" />
    <TestEntry testId="5dd0dda3-b7ec-c002-e97e-0dfa26ea2a09" executionId="d0437998-20e8-4ca2-bb72-cbf723d38438" testListId="8c84fa94-04c1-424b-9868-57a2d4851a1d" />
    <TestEntry testId="bcc52594-6d27-6ccd-9b09-c9f751bc0107" executionId="98aa187b-1e87-4b0b-9c75-779423b3926a" testListId="8c84fa94-04c1-424b-9868-57a2d4851a1d" />
    <TestEntry testId="7531286f-129c-c19f-a70d-68382f85e779" executionId="f740b9dd-b252-4dd7-ad6d-4774332ee53e" testListId="8c84fa94-04c1-424b-9868-57a2d4851a1d" />
    <TestEntry testId="c6bf1c0b-00d8-5f9b-0be4-210ce2ba8218" executionId="41b6f22e-5d65-4456-9847-3542aa80c1c8" testListId="8c84fa94-04c1-424b-9868-57a2d4851a1d" />
    <TestEntry testId="31f8205f-ac7c-7aa6-264c-1c0f3caccaba" executionId="6d808991-9d61-4c97-86c1-9635a27eb21f" testListId="8c84fa94-04c1-424b-9868-57a2d4851a1d" />
    <TestEntry testId="0ada133f-a3b8-e396-2514-106cec540a8e" executionId="0d84ff99-a023-4533-9299-bbf0087646f9" testListId="8c84fa94-04c1-424b-9868-57a2d4851a1d" />
    <TestEntry testId="edae02d8-089b-0619-98bb-2e75bad26c4f" executionId="56d6fe3e-23c4-4ce6-8119-6763916f79d7" testListId="8c84fa94-04c1-424b-9868-57a2d4851a1d" />
    <TestEntry testId="902cb0e6-2f81-4d85-bd9f-d1901e3967f4" executionId="78986f56-7420-4fb3-8bb9-d4921bcf1089" testListId="8c84fa94-04c1-424b-9868-57a2d4851a1d" />
    <TestEntry testId="f03186f9-d45c-46f8-b6a7-f7e9c7623d58" executionId="dd28f1b6-9677-40bc-b01a-cbacfc281577" testListId="8c84fa94-04c1-424b-9868-57a2d4851a1d" />
    <TestEntry testId="fe2b5973-8e91-4622-273f-d84e931b62c6" executionId="0527cbf0-37dd-4175-b9cf-b5267ef289f0" testListId="8c84fa94-04c1-424b-9868-57a2d4851a1d" />
    <TestEntry testId="7a0b89d9-b831-b204-a233-98f0efea8677" executionId="0587903f-9b87-43ce-9859-4cd7cfce92e7" testListId="8c84fa94-04c1-424b-9868-57a2d4851a1d" />
    <TestEntry testId="c01ce285-f019-7751-5731-68333c83165a" executionId="9c8090e1-6339-4fa3-8ef0-fbc188d2c959" testListId="8c84fa94-04c1-424b-9868-57a2d4851a1d" />
    <TestEntry testId="5e18e15c-9529-a0ca-a240-4cfce69b4c43" executionId="800d49cf-8f72-4f5e-b9c5-185754256519" testListId="8c84fa94-04c1-424b-9868-57a2d4851a1d" />
    <TestEntry testId="e2ba4fcf-7bae-caaa-f957-4a1be482baa5" executionId="ded3a60e-16cd-49af-a00c-f58ffb5799c8" testListId="8c84fa94-04c1-424b-9868-57a2d4851a1d" />
    <TestEntry testId="31d3eb29-2a6a-fbd1-da55-2ded04e3bfaf" executionId="a770a924-0417-4d72-951c-712305bfb003" testListId="8c84fa94-04c1-424b-9868-57a2d4851a1d" />
    <TestEntry testId="525048df-355c-4802-685e-dfdd30d8f912" executionId="86f94d4c-7b2c-45ae-a006-9a0ccd5652c7" testListId="8c84fa94-04c1-424b-9868-57a2d4851a1d" />
    <TestEntry testId="15858d0d-a778-3d45-3a6b-85fa3d52007a" executionId="dc753fc6-914e-4f32-a74f-c137a655b601" testListId="8c84fa94-04c1-424b-9868-57a2d4851a1d" />
    <TestEntry testId="705ccf2d-2dcf-05d2-e131-2839d393609e" executionId="44b4d241-0ee6-4951-ad05-7e64847634c3" testListId="8c84fa94-04c1-424b-9868-57a2d4851a1d" />
    <TestEntry testId="620ef137-abe1-3fbf-eeaf-b81fe77692fc" executionId="eed1334e-c23a-4cc5-b13b-e23b3c098b0d" testListId="8c84fa94-04c1-424b-9868-57a2d4851a1d" />
    <TestEntry testId="833195a6-0ab7-f91f-a4fd-b3d73360dded" executionId="35770258-bc9f-4251-a244-229ef55ca499" testListId="8c84fa94-04c1-424b-9868-57a2d4851a1d" />
    <TestEntry testId="165d49e3-0a76-db8e-c400-5df4227a1fe9" executionId="8b17feb6-73f1-43b1-9a8c-35ed7cd3da9f" testListId="8c84fa94-04c1-424b-9868-57a2d4851a1d" />
    <TestEntry testId="7bcb1577-0b1d-f529-40d1-89fb7c9c7ccb" executionId="499337d9-e889-4a5e-8be4-76c2e9445034" testListId="8c84fa94-04c1-424b-9868-57a2d4851a1d" />
    <TestEntry testId="6eb23d06-5d15-f840-7536-82fd5828275f" executionId="f0019280-0b3a-4bd6-8cd4-b47413ff720b" testListId="8c84fa94-04c1-424b-9868-57a2d4851a1d" />
    <TestEntry testId="b2845bde-23ff-e6e0-f289-0f76c8c632a3" executionId="09661e98-9324-4c5f-8959-7fd15413e201" testListId="8c84fa94-04c1-424b-9868-57a2d4851a1d" />
    <TestEntry testId="04a6cb0d-68a2-15c9-1c79-f0789a3bc92b" executionId="76366d87-df7f-4536-a127-1964790d93d1" testListId="8c84fa94-04c1-424b-9868-57a2d4851a1d" />
    <TestEntry testId="c47e11bb-6df4-cd24-094a-de6564385295" executionId="807d58a3-0ba3-4a1a-98f0-e142743e3d91" testListId="8c84fa94-04c1-424b-9868-57a2d4851a1d" />
    <TestEntry testId="75168d96-c83b-a276-ddb6-866f71418c19" executionId="c8cd5a44-41aa-40a1-8581-c186a9d63b34" testListId="8c84fa94-04c1-424b-9868-57a2d4851a1d" />
    <TestEntry testId="7f6c32e5-fb11-1ddb-5b56-c71cf4cfae02" executionId="b654eb82-6822-4dba-bbb2-55beae0cac41" testListId="8c84fa94-04c1-424b-9868-57a2d4851a1d" />
    <TestEntry testId="e06e84bf-7e0d-2716-11ec-7504bf4b0073" executionId="0cd13cfb-ce08-48a6-9858-a67596612afc" testListId="8c84fa94-04c1-424b-9868-57a2d4851a1d" />
    <TestEntry testId="a4e6edc0-44c2-d7ea-fa4a-f3fb8623e768" executionId="c71397e5-704c-4af7-8e3e-d6698a14b4b3" testListId="8c84fa94-04c1-424b-9868-57a2d4851a1d" />
    <TestEntry testId="57b747e8-0dab-f454-1435-099ee29cd2e0" executionId="8ab9c880-1f5e-426d-ba05-f334b31aab42" testListId="8c84fa94-04c1-424b-9868-57a2d4851a1d" />
    <TestEntry testId="8c9da644-c9ea-8da9-a511-6674e4728765" executionId="0fbdb6b8-a5f2-4fd2-81c9-239b041370d1" testListId="8c84fa94-04c1-424b-9868-57a2d4851a1d" />
    <TestEntry testId="ec8a6e2d-d389-1c10-2b5c-44a34ff69b1a" executionId="a72ea06e-b660-4e32-a327-70396e0c7f5d" testListId="8c84fa94-04c1-424b-9868-57a2d4851a1d" />
    <TestEntry testId="d05d1cac-e4fd-0f55-fd0f-4e5baa2cc7e3" executionId="674a1703-b0be-4611-8e77-fc29d07de599" testListId="8c84fa94-04c1-424b-9868-57a2d4851a1d" />
    <TestEntry testId="4f76d140-50cf-3158-8b15-3fa5fb4528bb" executionId="100dbe03-abd1-4282-b14e-276923115823" testListId="8c84fa94-04c1-424b-9868-57a2d4851a1d" />
    <TestEntry testId="53b984ec-bb6f-c6f1-4116-e5f9f793377a" executionId="4426ac00-0267-4bc3-a75b-524bacf8bcca" testListId="8c84fa94-04c1-424b-9868-57a2d4851a1d" />
    <TestEntry testId="7c00b444-5b1d-398c-fc75-891fb5971b64" executionId="99d41f08-dbc4-4729-a415-6b955856b1a3" testListId="8c84fa94-04c1-424b-9868-57a2d4851a1d" />
    <TestEntry testId="b5ae03df-7724-0d73-cbfe-77a64f2176cc" executionId="83e8ccbd-1e78-4c73-90c4-461c9a751acb" testListId="8c84fa94-04c1-424b-9868-57a2d4851a1d" />
    <TestEntry testId="e5634bdb-ccc0-5a83-58ab-b71242cb3398" executionId="e08304ab-2560-42f4-9d92-03ed0e5cd915" testListId="8c84fa94-04c1-424b-9868-57a2d4851a1d" />
    <TestEntry testId="15a73c11-ff50-aec5-9763-d47df6b4fe48" executionId="ac630789-3a99-43cb-8b42-7ffd15dfca46" testListId="8c84fa94-04c1-424b-9868-57a2d4851a1d" />
    <TestEntry testId="550e8ce5-9774-5289-2e7c-43b2604985bd" executionId="1f9be8cd-6c93-4582-a253-10737f59ea54" testListId="8c84fa94-04c1-424b-9868-57a2d4851a1d" />
    <TestEntry testId="c55fbe05-3c03-c460-bb91-22c0953b3163" executionId="604e0f76-e5a0-44ee-8cbf-a4bca783d340" testListId="8c84fa94-04c1-424b-9868-57a2d4851a1d" />
    <TestEntry testId="fdf7bfb7-fa30-3ba6-1f09-1d953020ec53" executionId="5d2f0fba-ea0c-433b-b70f-4abbb99cf5c0" testListId="8c84fa94-04c1-424b-9868-57a2d4851a1d" />
    <TestEntry testId="ba806218-4e57-1774-82fa-2a3ba3ace0e3" executionId="9cf873b2-80d0-44a9-b333-07eb1f2331a5" testListId="8c84fa94-04c1-424b-9868-57a2d4851a1d" />
    <TestEntry testId="cb4dfd42-55c4-7100-f427-bbcf30bea36a" executionId="f2dd5a6a-648d-45f1-bb20-c82453d939ce" testListId="8c84fa94-04c1-424b-9868-57a2d4851a1d" />
    <TestEntry testId="a7c13a8e-35e8-18e1-817c-7fe8f3eacfba" executionId="fb90bed2-8625-4080-b3d2-4c8ee399809c" testListId="8c84fa94-04c1-424b-9868-57a2d4851a1d" />
    <TestEntry testId="3ec56898-8361-b4f7-f967-685465fb5ff1" executionId="0f35cb56-1ddc-4dec-b93d-275a7765a389" testListId="8c84fa94-04c1-424b-9868-57a2d4851a1d" />
    <TestEntry testId="ff76722a-52d0-6845-fc50-8d8b32256e09" executionId="397c66fa-6bac-4316-bafb-a5e2f3d4aab3" testListId="8c84fa94-04c1-424b-9868-57a2d4851a1d" />
    <TestEntry testId="35c17ea2-0e9d-ddb4-1d89-0c62b0cac112" executionId="77e049fc-14a5-4d09-a894-a9029d7a42ec" testListId="8c84fa94-04c1-424b-9868-57a2d4851a1d" />
    <TestEntry testId="31ca2c40-fb86-17a8-8f46-a88f1c00fe12" executionId="7f30a166-a9e7-42e4-8b68-c18c762b7d24" testListId="8c84fa94-04c1-424b-9868-57a2d4851a1d" />
    <TestEntry testId="461ec9c1-9c98-b4f4-fc85-b27f2ca43dd7" executionId="54768904-29da-4be7-8103-978ad0592ff9" testListId="8c84fa94-04c1-424b-9868-57a2d4851a1d" />
    <TestEntry testId="accb7c1a-2f65-c8b2-5d7e-8779ee4a6ec9" executionId="06aa0862-c4e0-4bea-ae3b-0278576fe0b2" testListId="8c84fa94-04c1-424b-9868-57a2d4851a1d" />
    <TestEntry testId="531d384e-74e9-ffb9-4a14-ff8595dd6883" executionId="956ad260-46d8-44f5-b174-3e6d5160423a" testListId="8c84fa94-04c1-424b-9868-57a2d4851a1d" />
    <TestEntry testId="9fe09d88-1894-5580-0b15-ba73782495ea" executionId="158ab674-2b1f-487c-887c-75dc3346853f" testListId="8c84fa94-04c1-424b-9868-57a2d4851a1d" />
    <TestEntry testId="73f4e54a-4965-f695-e1fd-cd1fd3336e02" executionId="970d8bcc-ba5d-4a27-b69c-dc14ac4de1e3" testListId="8c84fa94-04c1-424b-9868-57a2d4851a1d" />
    <TestEntry testId="c2a4e4db-681e-a542-f7de-05e6fe711833" executionId="35688544-f47f-430a-8ee0-b50cc2609d2f" testListId="8c84fa94-04c1-424b-9868-57a2d4851a1d" />
    <TestEntry testId="ad161c1a-0700-6a03-e4ba-2e42857b665e" executionId="7b06478d-1c80-4020-b783-ca8a2d308f1a" testListId="8c84fa94-04c1-424b-9868-57a2d4851a1d" />
    <TestEntry testId="a8873b2d-5792-32d9-3bb3-03f064553346" executionId="68acaa30-fdd2-46ad-9632-2a20158b53e9" testListId="8c84fa94-04c1-424b-9868-57a2d4851a1d" />
    <TestEntry testId="8f80544d-9b1f-d98e-1b8c-830f52990f59" executionId="ec7e04a3-ee49-4bfd-8181-c45f88d80355" testListId="8c84fa94-04c1-424b-9868-57a2d4851a1d" />
    <TestEntry testId="2ce835b5-cd9e-36a1-eabb-cc0758b1b407" executionId="3e00f241-5afe-495a-ab82-0daadb566371" testListId="8c84fa94-04c1-424b-9868-57a2d4851a1d" />
    <TestEntry testId="2873efd0-8a42-edc2-c3d3-342f92ca1880" executionId="6107ca95-4934-4495-85c8-6b0a425bc7b9" testListId="8c84fa94-04c1-424b-9868-57a2d4851a1d" />
    <TestEntry testId="79831611-aa00-c9d3-4044-35eae79c7956" executionId="edfc57bb-3714-4222-b4b1-e1d4b0e2964a" testListId="8c84fa94-04c1-424b-9868-57a2d4851a1d" />
    <TestEntry testId="a88b2bef-9140-d769-fc8f-fb363a8c676c" executionId="2e30cd9e-81a0-440d-8345-dd63da32b5e7" testListId="8c84fa94-04c1-424b-9868-57a2d4851a1d" />
    <TestEntry testId="8ec9a0b0-9418-221f-99b9-da93455990b7" executionId="2b36f231-e65a-4f4b-bd73-184b2ab1e037" testListId="8c84fa94-04c1-424b-9868-57a2d4851a1d" />
    <TestEntry testId="365b2847-44e3-971c-623c-7a696f85728b" executionId="0064faa0-2eed-4c69-b9a4-d32c14511755" testListId="8c84fa94-04c1-424b-9868-57a2d4851a1d" />
    <TestEntry testId="faad222d-e9cd-a639-105b-214de2ef4d0e" executionId="0a845b3e-412d-41c6-9f44-91fbe2926b10" testListId="8c84fa94-04c1-424b-9868-57a2d4851a1d" />
    <TestEntry testId="644e6b11-bbf0-0b71-1bec-5f6af6355462" executionId="a8dd244d-b11f-4d3c-9011-5ab1fc122024" testListId="8c84fa94-04c1-424b-9868-57a2d4851a1d" />
    <TestEntry testId="983d4ba9-419b-4abb-0b9c-61022c7c1bd7" executionId="0e55344f-a85f-4de0-adf8-fa349734de8d" testListId="8c84fa94-04c1-424b-9868-57a2d4851a1d" />
    <TestEntry testId="ecc00837-20e3-7322-f518-9a993d6e193f" executionId="22c2d721-bb0a-43db-850b-d8bc45f58787" testListId="8c84fa94-04c1-424b-9868-57a2d4851a1d" />
    <TestEntry testId="57c9d269-0f1b-344a-0705-b8b2ac76bad8" executionId="0e8fc46e-b149-4647-9c44-c2bd43c75ba7" testListId="8c84fa94-04c1-424b-9868-57a2d4851a1d" />
    <TestEntry testId="e55f8d8b-800c-fc76-f6f5-3347d6a3be7d" executionId="2f42ec9d-0bf5-4f19-8f74-c01ac95335be" testListId="8c84fa94-04c1-424b-9868-57a2d4851a1d" />
    <TestEntry testId="f732ba44-88e7-bc07-413f-df6e2c40f727" executionId="9f13ec10-4875-4a8f-8645-73250404d881" testListId="8c84fa94-04c1-424b-9868-57a2d4851a1d" />
    <TestEntry testId="5ababf2d-3d63-d621-46b5-ac71b8ab8459" executionId="9f8bfa6f-a380-4aef-9066-26584b89f090" testListId="8c84fa94-04c1-424b-9868-57a2d4851a1d" />
    <TestEntry testId="64677cbc-1773-2d7e-64d8-13367944a85e" executionId="32654c5b-be48-4640-9ea4-83c4d8254ba8" testListId="8c84fa94-04c1-424b-9868-57a2d4851a1d" />
    <TestEntry testId="2621b2a7-b173-4957-8087-97f597036416" executionId="7d9e1224-514f-43e1-a9b1-f08db7c28301" testListId="8c84fa94-04c1-424b-9868-57a2d4851a1d" />
    <TestEntry testId="2fcee1a5-8da1-8ba2-dfc5-0c16f9f813c3" executionId="52633613-fe3a-460b-b00c-1cfcd9895ce5" testListId="8c84fa94-04c1-424b-9868-57a2d4851a1d" />
    <TestEntry testId="7264e0e0-42bc-4cd0-7793-7bb3fb5c83b1" executionId="49703428-7087-4c84-a3db-02c46a3512be" testListId="8c84fa94-04c1-424b-9868-57a2d4851a1d" />
    <TestEntry testId="aacfe452-541e-1490-2fd3-446ddd87dc63" executionId="84afdf4b-3797-4cbd-a852-246d5c2508fa" testListId="8c84fa94-04c1-424b-9868-57a2d4851a1d" />
    <TestEntry testId="95e97e91-cf6c-0da7-c7cd-621356825e4d" executionId="4e533dd2-d9f7-4b50-a029-c747a37fff67" testListId="8c84fa94-04c1-424b-9868-57a2d4851a1d" />
    <TestEntry testId="fb2713f6-e1ba-f481-a252-af09cea54e97" executionId="a1204a7a-a549-4162-8e09-0681ed150f42" testListId="8c84fa94-04c1-424b-9868-57a2d4851a1d" />
    <TestEntry testId="9e60a3f1-eb11-f266-7f71-ba3ed69aded9" executionId="5d9f368d-7f32-43be-b87a-419a326d3bbc" testListId="8c84fa94-04c1-424b-9868-57a2d4851a1d" />
    <TestEntry testId="8b67f172-0a3e-614d-aaf8-f8e48a88165f" executionId="8f52ae68-b2ce-45e9-a050-78c179952998" testListId="8c84fa94-04c1-424b-9868-57a2d4851a1d" />
    <TestEntry testId="085670ca-344e-6381-cb6f-6d84db197b02" executionId="4656b5b4-9e17-4aa9-b3c7-d9330e13c3ff" testListId="8c84fa94-04c1-424b-9868-57a2d4851a1d" />
    <TestEntry testId="3f4164af-3ca3-17b1-d716-9571aa792019" executionId="53079b40-e206-4e1e-8ba3-b4a897689589" testListId="8c84fa94-04c1-424b-9868-57a2d4851a1d" />
    <TestEntry testId="b4f87ef8-bc9f-4c70-6b2a-58af3bb26e40" executionId="8992780d-e376-479e-ae18-ec61c87087bb" testListId="8c84fa94-04c1-424b-9868-57a2d4851a1d" />
    <TestEntry testId="34fd4b6a-69a1-8ad3-077e-ed10f7c1d67f" executionId="f8200041-6816-4c0d-82f1-1d3a326974b6" testListId="8c84fa94-04c1-424b-9868-57a2d4851a1d" />
    <TestEntry testId="314f0ec8-6c38-3ec2-e7a2-1b106673ebd8" executionId="66219b78-5739-4079-a768-982d5fe0e4a9" testListId="8c84fa94-04c1-424b-9868-57a2d4851a1d" />
    <TestEntry testId="5155445a-1aa9-10c6-b351-25838e197ea8" executionId="de50953f-365d-4e89-8cbd-c83b24dd683b" testListId="8c84fa94-04c1-424b-9868-57a2d4851a1d" />
    <TestEntry testId="ab52dc2e-233c-9eb6-cd96-0c2298dc3739" executionId="d7e67a94-0fc7-410e-81d0-101ad3ab7ea3" testListId="8c84fa94-04c1-424b-9868-57a2d4851a1d" />
    <TestEntry testId="4bfaa286-a752-addf-f883-badb72ca1482" executionId="80d651eb-d716-4436-8d64-1bf26e9187a7" testListId="8c84fa94-04c1-424b-9868-57a2d4851a1d" />
    <TestEntry testId="013c7d52-ea2b-327d-2fe9-f04167647620" executionId="5ce0b70a-510c-410d-aa65-3961c7b3a43f" testListId="8c84fa94-04c1-424b-9868-57a2d4851a1d" />
    <TestEntry testId="3008b8dd-bddc-8e17-f953-13f3210d179b" executionId="b68947bc-0276-41b9-8ff5-aff056145c4e" testListId="8c84fa94-04c1-424b-9868-57a2d4851a1d" />
    <TestEntry testId="3c9d4bce-4bca-a909-bf44-9f78c7aac87b" executionId="d3ffc290-dac8-4a5f-a595-0ebc6ceedbdf" testListId="8c84fa94-04c1-424b-9868-57a2d4851a1d" />
    <TestEntry testId="91f9e891-aa93-4a29-2ec8-17fe97ed3e7e" executionId="d28d7bd8-a355-41cb-98b9-76a4abfc2148" testListId="8c84fa94-04c1-424b-9868-57a2d4851a1d" />
    <TestEntry testId="4704915c-7207-b2df-2190-4e483ae14059" executionId="69f7469b-9c6b-413d-9c78-83ce4578d6c5" testListId="8c84fa94-04c1-424b-9868-57a2d4851a1d" />
    <TestEntry testId="de6dafe4-5652-4f60-ea24-2f346066a7d1" executionId="66a36aad-1bdd-4121-a29a-7496c50ab2de" testListId="8c84fa94-04c1-424b-9868-57a2d4851a1d" />
    <TestEntry testId="9c07246d-16c3-629f-cba6-6611f6ebac3c" executionId="580a29a0-819d-4796-9e4b-3ab577cb0751" testListId="8c84fa94-04c1-424b-9868-57a2d4851a1d" />
    <TestEntry testId="447fdc33-3e1e-1bd2-7396-470ea5462dbd" executionId="7909c3cb-be86-4e35-bea7-26c4ff8572dd" testListId="8c84fa94-04c1-424b-9868-57a2d4851a1d" />
    <TestEntry testId="6d0722cc-7946-2df6-477c-3f384ded3570" executionId="b8b29d4e-dcb0-45a7-82d0-34f3e8034c11" testListId="8c84fa94-04c1-424b-9868-57a2d4851a1d" />
    <TestEntry testId="23650f06-c617-4e38-541c-6f7a0d859e26" executionId="1dd7725c-4aa6-49fe-91ce-e4256d751a87" testListId="8c84fa94-04c1-424b-9868-57a2d4851a1d" />
    <TestEntry testId="e6c26042-ef11-00a8-b61a-55a9d44eeee7" executionId="e9ba3dec-3085-4965-a243-eb0bc3472928" testListId="8c84fa94-04c1-424b-9868-57a2d4851a1d" />
    <TestEntry testId="aa66ec51-5f25-2290-e2a9-8db9950af24d" executionId="59e0a4bb-8244-4334-9b95-56e71c0afd35" testListId="8c84fa94-04c1-424b-9868-57a2d4851a1d" />
    <TestEntry testId="37ddda02-2cc9-b0ff-0e84-c98226f6df9a" executionId="cb56aebd-6704-4526-8b4a-6d433ddb2f33" testListId="8c84fa94-04c1-424b-9868-57a2d4851a1d" />
    <TestEntry testId="675726c2-d0dd-e7d5-cf10-a0c76e491cdb" executionId="55c0c589-ff48-4f44-a5e4-4efdacf0c9cd" testListId="8c84fa94-04c1-424b-9868-57a2d4851a1d" />
    <TestEntry testId="49f60880-78ec-2020-7e37-763402100b77" executionId="91d89200-eabf-4175-90aa-48c1ad0e5b8f" testListId="8c84fa94-04c1-424b-9868-57a2d4851a1d" />
    <TestEntry testId="9f392501-bf43-aaf0-470e-3b3be38fb71a" executionId="688e5ea1-6388-4b76-b467-780eec3bc1b3" testListId="8c84fa94-04c1-424b-9868-57a2d4851a1d" />
    <TestEntry testId="f3869eac-892c-c33e-398c-6003aac6c835" executionId="d2ed9866-f98c-483e-affc-4bf4a97eac66" testListId="8c84fa94-04c1-424b-9868-57a2d4851a1d" />
    <TestEntry testId="9f8a01d7-3391-9082-5b1d-7f9cb11c7519" executionId="2215d897-51a1-410d-97dc-46b80bfdf2e5" testListId="8c84fa94-04c1-424b-9868-57a2d4851a1d" />
    <TestEntry testId="3a3616fd-8c23-316a-e505-422269841f6d" executionId="590bd33b-c93e-404a-98d3-17c55f07d073" testListId="8c84fa94-04c1-424b-9868-57a2d4851a1d" />
    <TestEntry testId="f0dc2aa3-bc27-cf35-18df-30836cb6eedf" executionId="be663a92-12a6-4073-bb9b-b6a9a0d228f8" testListId="8c84fa94-04c1-424b-9868-57a2d4851a1d" />
    <TestEntry testId="ffb922fa-3b03-5dbf-25f9-991bd470dcde" executionId="9a193fed-fb25-4f53-89ad-6a6586b98f81" testListId="8c84fa94-04c1-424b-9868-57a2d4851a1d" />
    <TestEntry testId="d0909e01-093e-913f-8859-e08fa7a6c452" executionId="90e65498-ceff-4a3f-930f-b59cbeed1e8f" testListId="8c84fa94-04c1-424b-9868-57a2d4851a1d" />
    <TestEntry testId="8b92101e-4952-2435-3771-234f0c9e71a1" executionId="07366698-e1d9-4dc5-967a-85c9c6c57b53" testListId="8c84fa94-04c1-424b-9868-57a2d4851a1d" />
    <TestEntry testId="864c5d30-7933-f40b-b405-04c5c38b9684" executionId="d68182db-612d-46fa-8f35-96d410fa106b" testListId="8c84fa94-04c1-424b-9868-57a2d4851a1d" />
    <TestEntry testId="93e5d6bc-cd00-5e61-fd79-fcd80488dbb6" executionId="e4433fb8-cad9-431c-afa4-3cf560f58ab3" testListId="8c84fa94-04c1-424b-9868-57a2d4851a1d" />
    <TestEntry testId="e7c42ee8-214c-0f20-0e16-432df73db6d1" executionId="98af7e0c-5a23-485a-bf06-63cc48c24c41" testListId="8c84fa94-04c1-424b-9868-57a2d4851a1d" />
    <TestEntry testId="3350bb67-b976-1d1d-910e-520a09b6e7d2" executionId="1faaf871-35be-4881-aff9-505bfd29f46f" testListId="8c84fa94-04c1-424b-9868-57a2d4851a1d" />
    <TestEntry testId="a41ffce7-0c5c-3d66-1e6e-2d31e001ca86" executionId="3ac975c1-1fa1-4c7c-9172-bf82851efac2" testListId="8c84fa94-04c1-424b-9868-57a2d4851a1d" />
    <TestEntry testId="adaabc1b-7eef-31f2-fc73-837b0ae276a8" executionId="4a318eb9-c666-4092-aa14-cb59736fc0d7" testListId="8c84fa94-04c1-424b-9868-57a2d4851a1d" />
    <TestEntry testId="6514bb7a-5b73-43cc-31f7-b9e5cb2966b0" executionId="62feb1fb-8946-4e3d-aa76-19efeba64071" testListId="8c84fa94-04c1-424b-9868-57a2d4851a1d" />
    <TestEntry testId="61c7153a-bc88-cc5c-1c73-49166b663be3" executionId="4a332941-0a8b-4e1a-98ef-a2bb584fe0cb" testListId="8c84fa94-04c1-424b-9868-57a2d4851a1d" />
    <TestEntry testId="29d6ab71-d2a8-6808-ac57-6ee36eed4448" executionId="f122cc7e-8b62-4d59-9a41-fd42cb334006" testListId="8c84fa94-04c1-424b-9868-57a2d4851a1d" />
    <TestEntry testId="90eaf774-127e-c2ab-5af1-02cb0e8fceb8" executionId="878c1260-c3c2-43e1-b5c1-75c14237b1d8" testListId="8c84fa94-04c1-424b-9868-57a2d4851a1d" />
    <TestEntry testId="5a554c99-70b7-e9b0-667b-dd10e150eac4" executionId="1ffb7c7e-3145-414b-b7ca-181811a2a70e" testListId="8c84fa94-04c1-424b-9868-57a2d4851a1d" />
    <TestEntry testId="e2e71f97-dec0-c2f0-66f6-252c76282c41" executionId="5e7b956f-9f73-41e5-9f2b-979163c4b0b6" testListId="8c84fa94-04c1-424b-9868-57a2d4851a1d" />
    <TestEntry testId="a41c5833-e758-6b24-c644-828b8d1ce21c" executionId="dd61ea26-df99-4e0f-bf4d-29c62ea85e71" testListId="8c84fa94-04c1-424b-9868-57a2d4851a1d" />
    <TestEntry testId="11e3ef63-a612-9d7b-6154-67af0a584178" executionId="f5f9a858-14e2-4310-b769-0426818b6566" testListId="8c84fa94-04c1-424b-9868-57a2d4851a1d" />
    <TestEntry testId="4d2ce924-bf1c-ec33-fa07-08f9879f88e8" executionId="debc8fd6-d986-48b3-8166-2ad2b050949f" testListId="8c84fa94-04c1-424b-9868-57a2d4851a1d" />
    <TestEntry testId="3b1ab515-dfcc-bc0c-517e-186bd4c63be4" executionId="7f1c2cce-b521-4d1e-ae35-f0b012b19b80" testListId="8c84fa94-04c1-424b-9868-57a2d4851a1d" />
    <TestEntry testId="12628858-b70a-ad5d-1d7d-fb682b2b793d" executionId="a6f6fcce-2719-4ea7-b410-98fcf49ab138" testListId="8c84fa94-04c1-424b-9868-57a2d4851a1d" />
    <TestEntry testId="47098a2a-6cac-07b6-1214-4456296b16ea" executionId="30aac7dd-ebd3-4963-9dcd-f3fdd145a0d3" testListId="8c84fa94-04c1-424b-9868-57a2d4851a1d" />
    <TestEntry testId="022834fd-94c0-ebd8-4042-e0d99cc1e8f8" executionId="a3c86835-9d75-41cf-a0d5-6a7b4b21dec3" testListId="8c84fa94-04c1-424b-9868-57a2d4851a1d" />
    <TestEntry testId="57d7b5af-40c8-e6b5-087e-38994ab1613b" executionId="04aaed1c-666d-466e-8c6b-c14b9267c2b0" testListId="8c84fa94-04c1-424b-9868-57a2d4851a1d" />
    <TestEntry testId="9ee25258-df5d-b1f5-0fab-9630bfc9c277" executionId="aa1241b9-7701-414b-aca4-3761c4e9ed4b" testListId="8c84fa94-04c1-424b-9868-57a2d4851a1d" />
    <TestEntry testId="c4c9f4e1-4f7e-bde8-f69b-3e1372a58fa6" executionId="e1402517-9018-4ee2-a86f-d843705b8f92" testListId="8c84fa94-04c1-424b-9868-57a2d4851a1d" />
    <TestEntry testId="f8f2751c-62d2-a1b1-93ee-0d7f26d53c17" executionId="f179037b-4375-473b-9e8b-da04b0689131" testListId="8c84fa94-04c1-424b-9868-57a2d4851a1d" />
    <TestEntry testId="0b20621a-6c39-2212-cb16-bbe8e297003d" executionId="e9edb514-e1c2-44e9-aa73-fa7b64988d52" testListId="8c84fa94-04c1-424b-9868-57a2d4851a1d" />
    <TestEntry testId="5b7f1b40-e34c-10a4-3d6e-7ea84c76d959" executionId="20c49491-f800-4994-9407-ea4b8543240f" testListId="8c84fa94-04c1-424b-9868-57a2d4851a1d" />
    <TestEntry testId="92038e51-fb59-f0b4-2ea1-3f17d47e363e" executionId="3448db5d-2755-4c65-bd7a-89ce83662fd4" testListId="8c84fa94-04c1-424b-9868-57a2d4851a1d" />
    <TestEntry testId="254915f7-135d-5777-20a6-9d5e2288a6cd" executionId="53fdda50-45ce-4630-ba07-95b637d5e55f" testListId="8c84fa94-04c1-424b-9868-57a2d4851a1d" />
    <TestEntry testId="b0f590bc-8ffd-a606-2551-615a1be6d336" executionId="2f2701dc-0938-47d1-aba4-76cba2e8dfb6" testListId="8c84fa94-04c1-424b-9868-57a2d4851a1d" />
    <TestEntry testId="af9c744b-baaa-985c-bda7-62bea585e7bd" executionId="fd930374-e423-4f77-b86a-a74e910c31b3" testListId="8c84fa94-04c1-424b-9868-57a2d4851a1d" />
    <TestEntry testId="7d27587c-d8bd-68c7-89b9-013c4def9091" executionId="3d75e23a-2023-45d6-8fe0-eeb842e37d6b" testListId="8c84fa94-04c1-424b-9868-57a2d4851a1d" />
    <TestEntry testId="de5d44b7-3271-78ba-a6b9-61a948ec8a1b" executionId="0a4e3d42-41e9-4b90-ac68-2a9a87c1d460" testListId="8c84fa94-04c1-424b-9868-57a2d4851a1d" />
    <TestEntry testId="c40a3854-205d-0565-bfec-bd54daf08085" executionId="e9c7100e-9f64-4029-91c9-d2bfb72eafd1" testListId="8c84fa94-04c1-424b-9868-57a2d4851a1d" />
    <TestEntry testId="50c75b1d-b65a-8c18-b40f-90cc29d23564" executionId="dc39ca7d-117c-4505-bb60-867bff640fc4" testListId="8c84fa94-04c1-424b-9868-57a2d4851a1d" />
    <TestEntry testId="6559b674-6310-509d-5396-faa4f5837925" executionId="71371680-4d72-438c-9163-f3f9c3c4317b" testListId="8c84fa94-04c1-424b-9868-57a2d4851a1d" />
    <TestEntry testId="0e3ca54d-681c-c8db-fd12-c5c5a0f0facf" executionId="00e81667-39f4-46a6-933d-f9802cb37c35" testListId="8c84fa94-04c1-424b-9868-57a2d4851a1d" />
    <TestEntry testId="c8142eb8-62d4-d612-1763-fa80f443980a" executionId="6300d4e3-ea01-4d8b-a78c-714e5ff53234" testListId="8c84fa94-04c1-424b-9868-57a2d4851a1d" />
    <TestEntry testId="0aa606e4-a7ed-6c49-cfa8-8437c81e5c74" executionId="88869952-3362-4be8-a18f-aa8a61c23297" testListId="8c84fa94-04c1-424b-9868-57a2d4851a1d" />
    <TestEntry testId="2218f2ea-c7aa-5f76-a172-379722815453" executionId="f261b542-72f9-4276-b329-26c36f96a469" testListId="8c84fa94-04c1-424b-9868-57a2d4851a1d" />
    <TestEntry testId="daf7a81f-f603-ff1a-2e55-78318a416b2c" executionId="542db6c9-bf2d-42cc-873d-be70f925a252" testListId="8c84fa94-04c1-424b-9868-57a2d4851a1d" />
    <TestEntry testId="9b3376f9-28b8-0dd1-e9a8-fd83f3d9d144" executionId="76e7efdf-133b-4fee-a5bf-9e197c46f15d" testListId="8c84fa94-04c1-424b-9868-57a2d4851a1d" />
    <TestEntry testId="8bb2d048-661c-e4c0-3b95-9025a4972a44" executionId="6e927256-c64e-4edc-a1a6-b73f0297a48b" testListId="8c84fa94-04c1-424b-9868-57a2d4851a1d" />
    <TestEntry testId="faf2d7c3-e973-897a-c016-940ffd490f63" executionId="4129605b-f6b5-4f74-a9ec-292e36b09fd2" testListId="8c84fa94-04c1-424b-9868-57a2d4851a1d" />
    <TestEntry testId="29a37f46-b652-2684-af2d-7bfba0ce4ff9" executionId="eae4ac95-d12d-47b0-926d-952f6b23a54b" testListId="8c84fa94-04c1-424b-9868-57a2d4851a1d" />
    <TestEntry testId="176c6c48-4a5a-0a45-1e6c-a7218b3827b4" executionId="80289ed6-50e2-4c3d-8b11-3bd9cd74aafc" testListId="8c84fa94-04c1-424b-9868-57a2d4851a1d" />
    <TestEntry testId="1afbb431-cce5-8a83-0b4d-5e3ac57c08dc" executionId="d0806c05-7ac6-49e5-b718-9461d0846cef" testListId="8c84fa94-04c1-424b-9868-57a2d4851a1d" />
    <TestEntry testId="5aedb398-2652-0db1-9bf3-995d09c47bc1" executionId="668d0f42-260e-4849-b652-f4ddb727e0c4" testListId="8c84fa94-04c1-424b-9868-57a2d4851a1d" />
    <TestEntry testId="cb67d998-3243-cf75-67d0-d162ef709f8b" executionId="2437fe14-fd6e-40f5-9833-01bf342efcf3" testListId="8c84fa94-04c1-424b-9868-57a2d4851a1d" />
    <TestEntry testId="d2ba05d7-c81a-fe85-fe34-d0cbeb84cbf7" executionId="d1bacda3-38fd-49e2-98ce-ca6075cd5001" testListId="8c84fa94-04c1-424b-9868-57a2d4851a1d" />
    <TestEntry testId="80254100-7526-84d7-949e-d9072d7d0963" executionId="e1e6f4c1-537e-4056-a1a9-04ad1fd1b70b" testListId="8c84fa94-04c1-424b-9868-57a2d4851a1d" />
    <TestEntry testId="2dcc8fd3-551f-f681-889f-e0a340c778b6" executionId="fa644f59-5f22-4a5c-a30a-e477c93b810f" testListId="8c84fa94-04c1-424b-9868-57a2d4851a1d" />
    <TestEntry testId="1b1811b0-430e-c2dd-cd4d-9a8dfb19ab2f" executionId="677afc4b-123a-4c29-bf35-fda0ae24a3cb" testListId="8c84fa94-04c1-424b-9868-57a2d4851a1d" />
    <TestEntry testId="001f3064-523e-b5e4-1a32-0c0dfc76e7c0" executionId="aae19a13-641e-4ef9-8565-2ee9f9880b6c" testListId="8c84fa94-04c1-424b-9868-57a2d4851a1d" />
    <TestEntry testId="7446691d-2493-9ea9-e7ac-67efd3870e45" executionId="bf2dcbc3-4270-46ff-98a9-2a8ab61be82e" testListId="8c84fa94-04c1-424b-9868-57a2d4851a1d" />
    <TestEntry testId="ef09be7b-daa8-ee5d-e3b6-8953e0178a1f" executionId="aac1f9c4-7b87-4712-ac3e-92f7ce485f83" testListId="8c84fa94-04c1-424b-9868-57a2d4851a1d" />
    <TestEntry testId="bfd33dc5-4766-e21e-0d3d-f963c4637e6a" executionId="8f6b57cd-ea4f-41b1-a759-d624c33c13a7" testListId="8c84fa94-04c1-424b-9868-57a2d4851a1d" />
    <TestEntry testId="30bf2cd5-b9b6-0453-7b76-810d9243a7c4" executionId="d675cef1-7691-4161-8e17-95d9e9e66cb7" testListId="8c84fa94-04c1-424b-9868-57a2d4851a1d" />
    <TestEntry testId="11e72a26-1963-f858-d8f1-5601fd12ef16" executionId="02a13fba-f2c1-486e-a1cd-945d888dbc2d" testListId="8c84fa94-04c1-424b-9868-57a2d4851a1d" />
    <TestEntry testId="ea257ee4-e06f-eb27-4db1-883fcc3808f3" executionId="83f8b8dd-34be-45d3-a968-326cec09bf19" testListId="8c84fa94-04c1-424b-9868-57a2d4851a1d" />
    <TestEntry testId="b16c9e8d-b84b-0d8b-cc5f-33477d530fbe" executionId="d48ef4fd-dd0f-4aae-b431-2f366bd64efd" testListId="8c84fa94-04c1-424b-9868-57a2d4851a1d" />
    <TestEntry testId="2cd99075-e14a-23ae-ddac-844c50349843" executionId="00028c2c-3d6a-46f5-8ff9-936dd1e95718" testListId="8c84fa94-04c1-424b-9868-57a2d4851a1d" />
    <TestEntry testId="e69fed6c-e92f-af7b-95c4-b250af62c93d" executionId="2190541c-e599-407c-b5a4-88dcd34cf9a4" testListId="8c84fa94-04c1-424b-9868-57a2d4851a1d" />
    <TestEntry testId="eb125f2e-622b-bb5f-01c7-b07c1b606ff6" executionId="5cbb9bfa-ea17-4840-80b3-52e486cb05e4" testListId="8c84fa94-04c1-424b-9868-57a2d4851a1d" />
    <TestEntry testId="42d99965-7121-5f40-4654-5db3e8dc9b86" executionId="15062b5c-cfdd-4a3d-9607-64b8110d1fc5" testListId="8c84fa94-04c1-424b-9868-57a2d4851a1d" />
    <TestEntry testId="4f65b281-42db-2fc9-f996-9954c9059327" executionId="e55834aa-aac8-4284-ab62-ea97d226fe1d" testListId="8c84fa94-04c1-424b-9868-57a2d4851a1d" />
    <TestEntry testId="964e5ecb-3690-6e1c-91aa-12ce2d03ddf7" executionId="e08f9b4e-04b8-4d72-9319-8f1511ad6af0" testListId="8c84fa94-04c1-424b-9868-57a2d4851a1d" />
    <TestEntry testId="4a5b0827-968e-54f5-bf33-05b9a540291d" executionId="82c3cee5-2c0a-462d-b867-adf65b922008" testListId="8c84fa94-04c1-424b-9868-57a2d4851a1d" />
    <TestEntry testId="ed0de4cf-4376-daf9-e8fd-e70f93726a90" executionId="9000ca4b-0215-4d2f-a0fb-22f21011dc6e" testListId="8c84fa94-04c1-424b-9868-57a2d4851a1d" />
    <TestEntry testId="1761fcac-cd98-1f9b-4b97-633d1f0c5b2f" executionId="24c40d2b-8805-4d1a-ad3c-aa50dd7a0b2e" testListId="8c84fa94-04c1-424b-9868-57a2d4851a1d" />
    <TestEntry testId="0dcedd68-b7ef-c65b-a6df-33d70a5fce0a" executionId="ebdf32ba-f1a3-44ca-83d2-6ed9200f7b7a" testListId="8c84fa94-04c1-424b-9868-57a2d4851a1d" />
    <TestEntry testId="8b135951-302b-966a-db2c-b2f0c28e665e" executionId="7670bf98-a8a9-4881-8e91-4b6388bc9175" testListId="8c84fa94-04c1-424b-9868-57a2d4851a1d" />
    <TestEntry testId="8102a895-5ca9-ef73-b234-795724cb452a" executionId="fdc90b00-d201-4a52-a2f3-85417e4ebb75" testListId="8c84fa94-04c1-424b-9868-57a2d4851a1d" />
    <TestEntry testId="a2ba5975-03d4-675e-de3c-7b380fe728ee" executionId="58b19d81-fb54-4cad-9e66-69b35034c9ef" testListId="8c84fa94-04c1-424b-9868-57a2d4851a1d" />
    <TestEntry testId="b054ac42-fcdd-58e5-5ec8-d833be7eba1d" executionId="2b760371-9fdd-43b6-ae9d-a2e47c41a27b" testListId="8c84fa94-04c1-424b-9868-57a2d4851a1d" />
    <TestEntry testId="abfc896c-50c5-6500-7b26-f407dcb24ba3" executionId="ebe7d7aa-60e7-4049-a6f2-3dfadf866506" testListId="8c84fa94-04c1-424b-9868-57a2d4851a1d" />
    <TestEntry testId="0dcd4ea4-4190-8b12-fcbf-6c6b82066b4b" executionId="99f5e45b-c77d-43f2-866a-ecf4fa4eaccd" testListId="8c84fa94-04c1-424b-9868-57a2d4851a1d" />
    <TestEntry testId="f4430526-c08b-0b2d-b1e9-a617ea14f41a" executionId="f49d6a7a-aeb3-4e21-b49e-21734f828bb7" testListId="8c84fa94-04c1-424b-9868-57a2d4851a1d" />
    <TestEntry testId="31903402-7b68-145e-1d35-fe78463c3b60" executionId="a1af95c0-4d81-4140-bcfc-32627c3fde2b" testListId="8c84fa94-04c1-424b-9868-57a2d4851a1d" />
    <TestEntry testId="ab96ae41-4937-3699-4e83-8f9a1896e41c" executionId="4d94db2a-f964-47ae-9e75-fb5342391ad9" testListId="8c84fa94-04c1-424b-9868-57a2d4851a1d" />
    <TestEntry testId="9c3a6376-6efc-2744-cf86-abae4838f817" executionId="3170d618-413e-478c-9ed5-df68640ed8a5" testListId="8c84fa94-04c1-424b-9868-57a2d4851a1d" />
    <TestEntry testId="c3ce32f5-900d-d6e7-ad54-f22a57be1996" executionId="e51404fe-d3d3-4c5e-a6cc-ed1088783db7" testListId="8c84fa94-04c1-424b-9868-57a2d4851a1d" />
    <TestEntry testId="2cb4197b-a284-6738-f516-058c18ca2182" executionId="7e13aaca-9cbc-4237-91c8-dc050a11dab6" testListId="8c84fa94-04c1-424b-9868-57a2d4851a1d" />
    <TestEntry testId="065c3829-0f64-0b0f-ca02-a98a5b6cfe9f" executionId="cdfc18ac-ee52-4db3-a0de-75f7242eea41" testListId="8c84fa94-04c1-424b-9868-57a2d4851a1d" />
    <TestEntry testId="349d84ca-0d7f-bba7-bc86-9523483e87bc" executionId="0e653559-cba3-4290-953b-17ed1052f8b9" testListId="8c84fa94-04c1-424b-9868-57a2d4851a1d" />
    <TestEntry testId="8ed4d15c-0b34-f5a0-ab46-84fa1cc96124" executionId="253027b1-06cf-48c3-bb84-30e887480236" testListId="8c84fa94-04c1-424b-9868-57a2d4851a1d" />
    <TestEntry testId="fc78fd1d-9057-a030-a62a-7523ad1f1938" executionId="20542830-d1f6-45be-a62c-18236f0dc3cf" testListId="8c84fa94-04c1-424b-9868-57a2d4851a1d" />
    <TestEntry testId="4021d893-cacb-1fd1-6b22-4eb0de26d6ef" executionId="195fb209-da02-4209-a1a3-0f699042775b" testListId="8c84fa94-04c1-424b-9868-57a2d4851a1d" />
    <TestEntry testId="dcfd955b-f69a-5c4c-16a5-d910e3efab4e" executionId="d44659c8-611e-4782-ae6a-89bf870c8c84" testListId="8c84fa94-04c1-424b-9868-57a2d4851a1d" />
    <TestEntry testId="7edfedc7-4744-1d6d-02ef-0447323d8d22" executionId="b8a5d5ce-5739-4ce1-ba0a-65188f531c85" testListId="8c84fa94-04c1-424b-9868-57a2d4851a1d" />
    <TestEntry testId="6dd2c670-6f41-0ae6-ffa6-d6c99fe9b924" executionId="92d1d2bd-0390-4f39-adf7-fdd47ca20256" testListId="8c84fa94-04c1-424b-9868-57a2d4851a1d" />
    <TestEntry testId="6576ef23-512b-bc65-6683-a49c70d0c462" executionId="a247a7e0-ec48-4a13-acc6-4057d117f0df" testListId="8c84fa94-04c1-424b-9868-57a2d4851a1d" />
    <TestEntry testId="9b4841fc-9b14-e15f-a8fe-4777e30fa42b" executionId="a43e0a50-47a5-4661-b077-e834eae9cdae" testListId="8c84fa94-04c1-424b-9868-57a2d4851a1d" />
    <TestEntry testId="1ff5affc-d717-0b51-6b8e-4d040da48673" executionId="352079f0-ef2d-450e-b069-98be273f2c18" testListId="8c84fa94-04c1-424b-9868-57a2d4851a1d" />
    <TestEntry testId="ee83a0ce-8d37-419e-40b8-865961c6bc03" executionId="3286535a-babf-412a-847f-f523d2319285" testListId="8c84fa94-04c1-424b-9868-57a2d4851a1d" />
    <TestEntry testId="8789f952-9156-c7c1-201c-9c27d03c836b" executionId="edc787fe-85eb-49d5-bca9-fab19b211c3e" testListId="8c84fa94-04c1-424b-9868-57a2d4851a1d" />
    <TestEntry testId="9f2c44e6-ab5a-6654-6620-e15ae9d52fc0" executionId="02502904-ea9e-42e0-920c-50bf5593485b" testListId="8c84fa94-04c1-424b-9868-57a2d4851a1d" />
    <TestEntry testId="c540d988-04bd-8f70-1ac3-1051d6077610" executionId="d05181bf-cd60-415d-8fb7-88caf3fe0498" testListId="8c84fa94-04c1-424b-9868-57a2d4851a1d" />
    <TestEntry testId="f4c7431e-a558-3c29-2d79-074972396e2f" executionId="3f30736f-eb97-492c-9a35-31bf2e6e107e" testListId="8c84fa94-04c1-424b-9868-57a2d4851a1d" />
    <TestEntry testId="49e2083d-231d-156f-83cf-54c5c35a4668" executionId="aaf7bc07-444b-47f3-9959-6bb170041049" testListId="8c84fa94-04c1-424b-9868-57a2d4851a1d" />
    <TestEntry testId="6e797d03-9910-84d6-18b8-751731f13a15" executionId="e8274d46-edbc-4508-8c3f-d6cd1d33ddd9" testListId="8c84fa94-04c1-424b-9868-57a2d4851a1d" />
    <TestEntry testId="9799bee2-19f7-d8d3-144d-ac47f5b0cac1" executionId="9d597dd1-3334-439c-9ea0-8a258e4744eb" testListId="8c84fa94-04c1-424b-9868-57a2d4851a1d" />
    <TestEntry testId="7fba25fb-4df4-d68d-b617-8d5270e84cff" executionId="ea638fbd-fff3-4536-9231-7a52eef0901e" testListId="8c84fa94-04c1-424b-9868-57a2d4851a1d" />
    <TestEntry testId="52bf4655-94ea-36c5-8382-4b32e5553602" executionId="73f49c1f-c85e-45bb-ac14-aa60a982b5c1" testListId="8c84fa94-04c1-424b-9868-57a2d4851a1d" />
    <TestEntry testId="e32a8d39-efd8-6a02-f1ab-41d0e213d90a" executionId="2069373e-bbed-4f26-b8b2-b942e891d490" testListId="8c84fa94-04c1-424b-9868-57a2d4851a1d" />
    <TestEntry testId="e2c16f8a-b898-187c-9fb5-a87f8b3e751f" executionId="e4f560a1-5600-4c31-b9ce-91f207b7a190" testListId="8c84fa94-04c1-424b-9868-57a2d4851a1d" />
    <TestEntry testId="0166fd06-6f6e-8e31-11eb-f5bce7c0c724" executionId="2b4ac525-d81c-40c3-8f3e-a25bc1b0a7ae" testListId="8c84fa94-04c1-424b-9868-57a2d4851a1d" />
    <TestEntry testId="7e1db0b9-b84e-6486-c88c-faebb87a8b1b" executionId="70490bcc-7b13-4c3b-b67e-1596a8b0c4fb" testListId="8c84fa94-04c1-424b-9868-57a2d4851a1d" />
    <TestEntry testId="18fc4f74-de19-7941-0a90-78da678f54ee" executionId="3d25e941-86d7-4200-95de-26bf92a2402e" testListId="8c84fa94-04c1-424b-9868-57a2d4851a1d" />
    <TestEntry testId="c0487e94-4d19-611f-c761-eda66c92ed76" executionId="155d7ff5-bbd3-42e9-8e74-59dffc3b08b3" testListId="8c84fa94-04c1-424b-9868-57a2d4851a1d" />
    <TestEntry testId="8b919def-4497-0049-ff96-1fff641cf68f" executionId="94ed0356-31d1-4d8a-8a04-0f4021596e57" testListId="8c84fa94-04c1-424b-9868-57a2d4851a1d" />
    <TestEntry testId="722280ab-5fa7-43a4-e3b2-cdab43e15412" executionId="a22b19d8-332c-47cc-bdfa-60d50f69adbf" testListId="8c84fa94-04c1-424b-9868-57a2d4851a1d" />
    <TestEntry testId="62d642e4-544a-9a1d-6ec8-753b88ee1266" executionId="c1c069c4-71ef-4ba1-9fe1-27ad4d6175c3" testListId="8c84fa94-04c1-424b-9868-57a2d4851a1d" />
    <TestEntry testId="6e715196-0e1f-eb7a-c480-77e6456d262a" executionId="686ada56-0a55-4cb7-a097-c80d5eaf47d7" testListId="8c84fa94-04c1-424b-9868-57a2d4851a1d" />
    <TestEntry testId="7cf6cec2-50a8-db4c-03c3-c720a1fcb7fe" executionId="6234ede7-090d-4d72-8d27-1edb285792ce" testListId="8c84fa94-04c1-424b-9868-57a2d4851a1d" />
    <TestEntry testId="57b386ac-30ef-f5b7-42e3-23179c49f448" executionId="fa80d030-2f29-4780-a9f2-3b9b65ee268c" testListId="8c84fa94-04c1-424b-9868-57a2d4851a1d" />
    <TestEntry testId="7261ad86-c25c-bd4b-4c2d-84d96372c84b" executionId="6f554525-ab79-498b-8249-7945fdbd6d57" testListId="8c84fa94-04c1-424b-9868-57a2d4851a1d" />
    <TestEntry testId="b44f00f6-0e25-1216-db6a-b609068cc23c" executionId="2948fe66-1de8-492e-95e3-e69668b49c4f" testListId="8c84fa94-04c1-424b-9868-57a2d4851a1d" />
    <TestEntry testId="59be2a3b-59e6-11d5-d751-9dc580897ea4" executionId="2f40d8dc-0013-4b49-8c5b-37957b48fb81" testListId="8c84fa94-04c1-424b-9868-57a2d4851a1d" />
    <TestEntry testId="631bcc84-2bb9-69fc-ad45-186941febddb" executionId="7f631bc1-342e-4ab2-a8c9-b9528f751991" testListId="8c84fa94-04c1-424b-9868-57a2d4851a1d" />
    <TestEntry testId="cc56e3a8-639c-1ff4-d5e6-c9b835827e26" executionId="dbce2d86-4cf3-41b8-96df-337978a67b60" testListId="8c84fa94-04c1-424b-9868-57a2d4851a1d" />
    <TestEntry testId="3a2e278d-56f8-cb50-f95e-7534589df995" executionId="b2a58473-b808-4547-8976-174950d5dd1b" testListId="8c84fa94-04c1-424b-9868-57a2d4851a1d" />
    <TestEntry testId="24e9343d-63cb-b719-3e41-936205ab37d4" executionId="ae30bad6-c144-4c74-a873-721ebf3f9214" testListId="8c84fa94-04c1-424b-9868-57a2d4851a1d" />
    <TestEntry testId="74360b7c-7696-5c84-b47b-bc86d49726f7" executionId="bf57dced-bb80-4b88-8bb4-811b9e01591f" testListId="8c84fa94-04c1-424b-9868-57a2d4851a1d" />
    <TestEntry testId="14a86b78-05b4-6488-0499-2a3ee46090ea" executionId="86c9b4ba-d161-42a5-a2dd-c190238d34a3" testListId="8c84fa94-04c1-424b-9868-57a2d4851a1d" />
    <TestEntry testId="ad9377ae-71cf-430b-93ce-a64d686291b6" executionId="04c8beca-cad1-41b0-99ea-67893fe827cf" testListId="8c84fa94-04c1-424b-9868-57a2d4851a1d" />
    <TestEntry testId="c40a38ee-0007-95a5-dd95-e0d23a630e5f" executionId="dc772081-823f-479e-ac51-02165c96e203" testListId="8c84fa94-04c1-424b-9868-57a2d4851a1d" />
    <TestEntry testId="ed75c0c1-4448-7c51-36f2-1ea6dca14d28" executionId="1b0aa7e9-b43b-4e2a-9d6d-7a7fde6f5486" testListId="8c84fa94-04c1-424b-9868-57a2d4851a1d" />
    <TestEntry testId="ef66eac2-f765-d5f4-9898-9f25322b82ca" executionId="3ab21da0-6c87-4b26-9b2c-07f7d232668d" testListId="8c84fa94-04c1-424b-9868-57a2d4851a1d" />
    <TestEntry testId="c930a0f7-0878-16d5-a278-2dab6901ef5f" executionId="93f2821d-f26f-4350-a2c0-659a3ee2c48a" testListId="8c84fa94-04c1-424b-9868-57a2d4851a1d" />
    <TestEntry testId="1a01c10f-02a3-74c1-1b25-3181beacdc26" executionId="818c3af5-9dde-4429-9bf2-625419fe95fc" testListId="8c84fa94-04c1-424b-9868-57a2d4851a1d" />
    <TestEntry testId="3a8b0b8d-5d4e-24cf-2fad-c53611271c65" executionId="9d9674d2-8402-4efd-9e3c-4e8fb5986660" testListId="8c84fa94-04c1-424b-9868-57a2d4851a1d" />
    <TestEntry testId="414cd0ec-033c-a02e-1355-67f96caf8f3b" executionId="7f6bd275-f661-405b-8c83-a3be88d124db" testListId="8c84fa94-04c1-424b-9868-57a2d4851a1d" />
    <TestEntry testId="6a116eea-426d-cfc8-92c2-67b7824f7f05" executionId="e39e7527-7e1e-41cb-9f11-1263940363d0" testListId="8c84fa94-04c1-424b-9868-57a2d4851a1d" />
    <TestEntry testId="a2870c33-e2cb-a259-0150-3e6a3a224844" executionId="c2ca8025-12c0-4366-a17e-e38e6da42194" testListId="8c84fa94-04c1-424b-9868-57a2d4851a1d" />
    <TestEntry testId="ae22db98-44b4-356c-4850-232f7ee02572" executionId="8d4de439-9479-42e2-a542-7eee767aaf90" testListId="8c84fa94-04c1-424b-9868-57a2d4851a1d" />
    <TestEntry testId="7aba5e12-9323-4b6d-f724-c6a818623a77" executionId="3577db45-9ea6-489e-aba8-fca62e05e7ac" testListId="8c84fa94-04c1-424b-9868-57a2d4851a1d" />
    <TestEntry testId="bd6e075d-ca95-445b-ea36-70953da14887" executionId="f8907d3a-8eca-4fee-a18b-3f76ef25005a" testListId="8c84fa94-04c1-424b-9868-57a2d4851a1d" />
    <TestEntry testId="35bc929d-39dc-9f08-0368-785fa42a098a" executionId="6fd8cb09-a1c0-4148-a6c7-4801dc26091a" testListId="8c84fa94-04c1-424b-9868-57a2d4851a1d" />
    <TestEntry testId="f5615b4f-f009-4d00-0794-35ffeb2c9114" executionId="b661d397-66f3-4cb8-8ee2-3e21597fb211" testListId="8c84fa94-04c1-424b-9868-57a2d4851a1d" />
    <TestEntry testId="d9174497-80cd-e579-f920-bef8181473a8" executionId="59fa4945-db7d-4c6d-b5a6-085e29deea4b" testListId="8c84fa94-04c1-424b-9868-57a2d4851a1d" />
    <TestEntry testId="5e4d681c-3df7-8787-25e8-b72f91af1be8" executionId="a2a6d2f2-cbb2-411a-bd07-6c9892905f70" testListId="8c84fa94-04c1-424b-9868-57a2d4851a1d" />
    <TestEntry testId="b24b9941-0b5e-2631-98bf-98af1eae1bd5" executionId="dab23b47-a9f3-4848-b980-b7dd46ba050c" testListId="8c84fa94-04c1-424b-9868-57a2d4851a1d" />
    <TestEntry testId="c9197688-8869-27cc-8359-52e0ecbd9881" executionId="d0fe308e-d715-4bdc-a7a1-db8d453f7a93" testListId="8c84fa94-04c1-424b-9868-57a2d4851a1d" />
    <TestEntry testId="d33065b8-20da-ca6c-5cc2-b35e4592961f" executionId="0daf505f-e15b-41b6-92fc-9ce6a70bfb8c" testListId="8c84fa94-04c1-424b-9868-57a2d4851a1d" />
    <TestEntry testId="ca9197c5-f27b-1d58-c7a7-73d1cbaf0e6d" executionId="87184884-7ba6-4973-a649-3f17170dab5e" testListId="8c84fa94-04c1-424b-9868-57a2d4851a1d" />
    <TestEntry testId="6b7bc494-ac6d-d947-99df-63ba0e9b019a" executionId="88f5868b-e220-4f0c-a71a-b4708ec6abf1" testListId="8c84fa94-04c1-424b-9868-57a2d4851a1d" />
    <TestEntry testId="0c25e5c8-0e93-59b6-ea1e-251712ef4c9f" executionId="97b962d0-ae2f-4be6-88a9-3133e89b2a01" testListId="8c84fa94-04c1-424b-9868-57a2d4851a1d" />
    <TestEntry testId="fce5456e-204a-9ccd-f1c2-d4a8baa65971" executionId="ce344f6f-2ea7-4f63-af47-1093f20bb133" testListId="8c84fa94-04c1-424b-9868-57a2d4851a1d" />
    <TestEntry testId="56c2c6cb-1268-bc6b-7b11-d2eb61161e29" executionId="c8da2148-5ddc-45b5-8714-0d5bf7834c3f" testListId="8c84fa94-04c1-424b-9868-57a2d4851a1d" />
    <TestEntry testId="b608698e-8be0-6b8b-2826-48b8c3ec11f8" executionId="45d2d322-036a-4cb9-9609-ac1b7dfb4cfa" testListId="8c84fa94-04c1-424b-9868-57a2d4851a1d" />
    <TestEntry testId="3b81f290-875b-04ce-76bc-4d5b1b255173" executionId="117ab09c-f913-4d28-801e-67157d614828" testListId="8c84fa94-04c1-424b-9868-57a2d4851a1d" />
    <TestEntry testId="c883bfb2-7997-027f-c92d-209e9949f855" executionId="f114ce1b-8416-4214-9126-c8d3d01fdffa" testListId="8c84fa94-04c1-424b-9868-57a2d4851a1d" />
    <TestEntry testId="986b6f85-b81b-48e8-a13f-d49b69ea4910" executionId="c10312f0-eac6-489d-8474-20de34e28450" testListId="8c84fa94-04c1-424b-9868-57a2d4851a1d" />
    <TestEntry testId="373c09b7-0d9b-4f5b-a262-75ac2e929850" executionId="76e066af-ee0d-4079-8d2e-6e01eeb660f2" testListId="8c84fa94-04c1-424b-9868-57a2d4851a1d" />
    <TestEntry testId="c28854d4-7b51-be0a-1096-a12a91c9e038" executionId="e9c3de17-2add-4b78-86de-49830a613efb" testListId="8c84fa94-04c1-424b-9868-57a2d4851a1d" />
    <TestEntry testId="a1e019af-289b-1256-8206-5849172bdbe4" executionId="98c05865-c06e-47d6-b6fa-773a74bd5d6f" testListId="8c84fa94-04c1-424b-9868-57a2d4851a1d" />
    <TestEntry testId="d40002f3-e0d4-0be0-43ef-f4caeda9ed84" executionId="e6f4b139-0bf0-471d-a193-8e22266c995f" testListId="8c84fa94-04c1-424b-9868-57a2d4851a1d" />
    <TestEntry testId="a09229d6-4466-084e-1634-f70aed16e278" executionId="0ad7c6a2-988b-4ee1-ba4e-b06026a774e2" testListId="8c84fa94-04c1-424b-9868-57a2d4851a1d" />
    <TestEntry testId="a2601679-2377-488d-7238-241ce4b4f031" executionId="bd21c52e-317b-48f7-9598-33aa9cecfd07" testListId="8c84fa94-04c1-424b-9868-57a2d4851a1d" />
    <TestEntry testId="14e8075d-7806-f58a-5e5e-e6f908242526" executionId="ba47e875-899c-480f-ad1c-e43244248fd5" testListId="8c84fa94-04c1-424b-9868-57a2d4851a1d" />
    <TestEntry testId="3f582a48-5528-c3d5-a618-af75c291a393" executionId="d5d2b640-6569-4211-95f8-ca79a18c69bf" testListId="8c84fa94-04c1-424b-9868-57a2d4851a1d" />
    <TestEntry testId="12f7f8a7-bc6f-a0f0-53f0-3962e43de5b8" executionId="37ac4a93-bcbc-475b-8852-68cfd2a411a5" testListId="8c84fa94-04c1-424b-9868-57a2d4851a1d" />
    <TestEntry testId="4d5a532b-bd6f-b51a-5948-d505588dadd1" executionId="be3024b1-6620-4869-aa39-f48b067a887e" testListId="8c84fa94-04c1-424b-9868-57a2d4851a1d" />
    <TestEntry testId="37f7f6d7-a080-b80f-3294-8f3994deed3c" executionId="9a5ef646-1fff-43b7-a460-2a5f34ec3c06" testListId="8c84fa94-04c1-424b-9868-57a2d4851a1d" />
    <TestEntry testId="4f713291-e8ab-be76-70bf-ced7b1cf88eb" executionId="b287653c-4f15-4abe-9fa9-b62093c0dab7" testListId="8c84fa94-04c1-424b-9868-57a2d4851a1d" />
    <TestEntry testId="f440de21-edd7-c5e2-bca5-125570d4a062" executionId="b9307733-22b0-4924-96d8-7384c4e0f89d" testListId="8c84fa94-04c1-424b-9868-57a2d4851a1d" />
    <TestEntry testId="fa2b13f3-d0d1-946e-b761-55f57c5d4b88" executionId="04f82669-e64f-48d2-a72f-0dc192f354ad" testListId="8c84fa94-04c1-424b-9868-57a2d4851a1d" />
    <TestEntry testId="c86099b6-18ca-62df-73c2-424e032edffe" executionId="3cc92d13-3d34-492a-98d9-b2260c75bbe7" testListId="8c84fa94-04c1-424b-9868-57a2d4851a1d" />
    <TestEntry testId="8c7c9b16-6fb8-e4fb-f033-fdc19a5ba90e" executionId="4fa61012-0938-41e0-8059-30a597b64593" testListId="8c84fa94-04c1-424b-9868-57a2d4851a1d" />
    <TestEntry testId="a2fba8b3-6be9-5bce-ff17-1402b6f14ed3" executionId="afb9e586-9506-4a03-8702-560714f19562" testListId="8c84fa94-04c1-424b-9868-57a2d4851a1d" />
    <TestEntry testId="7800e03e-f5bc-4ed9-5d88-1062c5f35b4a" executionId="a078d20d-8991-4298-a822-38768cce2c40" testListId="8c84fa94-04c1-424b-9868-57a2d4851a1d" />
    <TestEntry testId="7dd3e3a7-9415-a630-c1f0-cb2f7c5f6098" executionId="424943c2-a125-4633-a396-e299bdcf004d" testListId="8c84fa94-04c1-424b-9868-57a2d4851a1d" />
    <TestEntry testId="91cc9ca1-c00d-b9a8-24d8-590ac8228d74" executionId="40227f2e-5825-4644-8343-298378bfdb2c" testListId="8c84fa94-04c1-424b-9868-57a2d4851a1d" />
    <TestEntry testId="61569c58-1b2a-52bc-cbf0-a15b57db5508" executionId="3e9f5344-301f-4699-9727-5c598ff2ac83" testListId="8c84fa94-04c1-424b-9868-57a2d4851a1d" />
    <TestEntry testId="002aed19-05c9-99a5-d669-71f5f0a1a07e" executionId="cffc92c8-2ae2-465f-9233-803eb1f094e8" testListId="8c84fa94-04c1-424b-9868-57a2d4851a1d" />
    <TestEntry testId="70ebe375-1069-0b64-5204-8d585ec86064" executionId="d8847592-c850-4275-a836-d955e38379b6" testListId="8c84fa94-04c1-424b-9868-57a2d4851a1d" />
    <TestEntry testId="cf73d591-e858-3769-653a-0ea0f6c7d43c" executionId="bc565944-3849-4ab7-87f7-c0bdbf6a8756" testListId="8c84fa94-04c1-424b-9868-57a2d4851a1d" />
    <TestEntry testId="d0645cce-a119-c46a-cbcd-7437ceeb2c04" executionId="911622dc-bf3d-459a-807c-ecb1fd584009" testListId="8c84fa94-04c1-424b-9868-57a2d4851a1d" />
    <TestEntry testId="6ba11388-c9b0-855b-a673-3160cd8e3cc8" executionId="4d152e3a-c691-4e43-a6ad-1bfdbb5b5557" testListId="8c84fa94-04c1-424b-9868-57a2d4851a1d" />
    <TestEntry testId="dd0f00fe-bb72-106d-07c2-a4a78cc076a6" executionId="5e65f3b2-cc04-45fc-b164-e4da207d7cd7" testListId="8c84fa94-04c1-424b-9868-57a2d4851a1d" />
    <TestEntry testId="ebf93edc-2a38-ba77-68af-209045d7a724" executionId="a7b25bfa-1825-4d6d-9573-408b14c6afc6" testListId="8c84fa94-04c1-424b-9868-57a2d4851a1d" />
    <TestEntry testId="97ae2dd3-2d5f-72f0-6058-61620ed05da2" executionId="0e9d1b66-b9ee-4082-9d12-76b404fbbd0b" testListId="8c84fa94-04c1-424b-9868-57a2d4851a1d" />
    <TestEntry testId="927e5f2c-636d-2441-3415-f59c33a0a72c" executionId="bdc6f0b2-3ab2-47bb-afeb-f21600d9df57" testListId="8c84fa94-04c1-424b-9868-57a2d4851a1d" />
    <TestEntry testId="33bdb52e-de35-ca45-bd8a-d99a461717b7" executionId="3b6d1b3c-201a-4cdd-8776-885874f88fdb" testListId="8c84fa94-04c1-424b-9868-57a2d4851a1d" />
    <TestEntry testId="e773a5e7-248f-d645-d3ce-7da70cc05e7e" executionId="894f2430-a1b3-4925-bcaa-29ba93094fd4" testListId="8c84fa94-04c1-424b-9868-57a2d4851a1d" />
    <TestEntry testId="cd7eca07-8700-a4fd-6923-730b89a1b3c6" executionId="087c698b-ae53-411d-8341-f1ffc8ceced2" testListId="8c84fa94-04c1-424b-9868-57a2d4851a1d" />
    <TestEntry testId="a3f8f95a-c69f-3cf6-2c85-0788db1607ea" executionId="4426282a-5c51-45db-a270-6a2b1b05f216" testListId="8c84fa94-04c1-424b-9868-57a2d4851a1d" />
    <TestEntry testId="70ab132b-df50-f444-719d-84c4d5440c17" executionId="75bf3cae-47d3-468c-8a76-ed843251c6e4" testListId="8c84fa94-04c1-424b-9868-57a2d4851a1d" />
    <TestEntry testId="8600f5d0-e4c6-089d-b705-ff5cdf6f1f62" executionId="7c86f8d4-0065-4454-80b3-1a4d7c6ffce8" testListId="8c84fa94-04c1-424b-9868-57a2d4851a1d" />
    <TestEntry testId="57b51577-8575-0c09-a383-4e3d0c56a654" executionId="6b141994-4e5d-4105-a1f1-810ee9adb3a8" testListId="8c84fa94-04c1-424b-9868-57a2d4851a1d" />
    <TestEntry testId="bade349f-107c-c92e-59bc-50e943325015" executionId="7ddc7b95-0e05-413e-9ced-b9f997f5e40f" testListId="8c84fa94-04c1-424b-9868-57a2d4851a1d" />
    <TestEntry testId="f107d231-5248-54ca-382a-53da464c3109" executionId="5565bed9-9892-4c22-a10d-ac5af5f2bf7e" testListId="8c84fa94-04c1-424b-9868-57a2d4851a1d" />
    <TestEntry testId="bf3b5b8a-2cfd-a5a1-5684-aaf7d8512034" executionId="d41d9ded-9616-4aed-a256-7d8126aa19bb" testListId="8c84fa94-04c1-424b-9868-57a2d4851a1d" />
    <TestEntry testId="cbcde9c9-c49a-b1b9-3ced-d6daa8122d14" executionId="086009dd-04f2-4766-98c8-f25599a24199" testListId="8c84fa94-04c1-424b-9868-57a2d4851a1d" />
    <TestEntry testId="d89d3283-980e-ca87-60a1-7a677e2f0988" executionId="3f7c48f7-b2af-4db2-a428-3fa752b0defa" testListId="8c84fa94-04c1-424b-9868-57a2d4851a1d" />
    <TestEntry testId="6e3cf6d7-20ef-1781-f768-1e79afdf2116" executionId="775d4452-02f1-45a3-9c4d-a1890789d74f" testListId="8c84fa94-04c1-424b-9868-57a2d4851a1d" />
    <TestEntry testId="78601f0c-184a-8db2-80af-08c7a3980ec2" executionId="a42b839c-4223-4a98-b4f0-f779667bba8c" testListId="8c84fa94-04c1-424b-9868-57a2d4851a1d" />
    <TestEntry testId="9433fcbc-4e13-f2ad-3a70-ef0f92b529cf" executionId="fe5e24cf-26de-4660-bfed-e3cd97d2f1a7" testListId="8c84fa94-04c1-424b-9868-57a2d4851a1d" />
    <TestEntry testId="8a178fe1-cbfb-9121-9522-da99de07831c" executionId="39e0272b-c727-4004-a17e-18e6d4bd5c37" testListId="8c84fa94-04c1-424b-9868-57a2d4851a1d" />
    <TestEntry testId="efb32807-36c9-7253-e822-c233e242906c" executionId="8c0c7b27-5439-4daa-a4bb-a39b05924251" testListId="8c84fa94-04c1-424b-9868-57a2d4851a1d" />
    <TestEntry testId="4305d442-c5d9-b973-9e85-52f99b57e93d" executionId="e403a921-0e7d-4b32-b20d-2fb998403901" testListId="8c84fa94-04c1-424b-9868-57a2d4851a1d" />
    <TestEntry testId="341370cb-d35a-069d-a26e-9531ec2fb15f" executionId="743c3640-229c-424b-af69-65bdf5d21854" testListId="8c84fa94-04c1-424b-9868-57a2d4851a1d" />
    <TestEntry testId="216abf83-a3e3-7f3e-f479-2a4b302c74ee" executionId="768096bd-51f3-4668-b846-d8bbe6e72296" testListId="8c84fa94-04c1-424b-9868-57a2d4851a1d" />
    <TestEntry testId="75a17fa0-c951-8567-2d46-60ab8ef93cfa" executionId="058c66b2-b126-448f-a518-6b578e0df8a7" testListId="8c84fa94-04c1-424b-9868-57a2d4851a1d" />
    <TestEntry testId="4b351958-f57b-63cb-9801-c25b5db19908" executionId="316b48ea-7705-46de-a4fa-af66f7c62a88" testListId="8c84fa94-04c1-424b-9868-57a2d4851a1d" />
    <TestEntry testId="23f05e8d-6c50-35c3-6984-8b050072c11c" executionId="888ca095-e1af-42a0-ac3d-f121c5581f27" testListId="8c84fa94-04c1-424b-9868-57a2d4851a1d" />
    <TestEntry testId="5318d3be-60af-d3b0-2886-ba84733d09f9" executionId="b6db37e4-19af-4f2f-bd55-eddab3ef7572" testListId="8c84fa94-04c1-424b-9868-57a2d4851a1d" />
    <TestEntry testId="91ff0906-23f7-4fcd-47e5-3f1ee4cfd59d" executionId="a267022c-13de-4419-833b-77d40b0d4466" testListId="8c84fa94-04c1-424b-9868-57a2d4851a1d" />
    <TestEntry testId="d67679b5-eb54-e82e-8448-d8ad825684e8" executionId="f1a6fa62-9210-409a-872d-c1339068b52f" testListId="8c84fa94-04c1-424b-9868-57a2d4851a1d" />
    <TestEntry testId="8ed5ee95-c525-cc9b-f8f6-835b2af6d722" executionId="3002aa4f-83fc-4680-92a4-9669c404480d" testListId="8c84fa94-04c1-424b-9868-57a2d4851a1d" />
    <TestEntry testId="aebc12dd-17e6-ec82-86a7-94d9f1c9227d" executionId="13a407cd-5978-4af7-81cb-28b8b711a57b" testListId="8c84fa94-04c1-424b-9868-57a2d4851a1d" />
    <TestEntry testId="9aceb9fe-61b0-fc88-9b41-391a8ce5a16f" executionId="b591843b-ea90-444b-a73f-6953caeca311" testListId="8c84fa94-04c1-424b-9868-57a2d4851a1d" />
    <TestEntry testId="a5938af0-402b-0268-7d39-d9cf1e717234" executionId="47257ea5-870d-4bc7-af4c-70aaec083d4f" testListId="8c84fa94-04c1-424b-9868-57a2d4851a1d" />
    <TestEntry testId="59d3411c-7771-9fae-b355-5e5c21eaff1c" executionId="26280339-c44d-49d4-9873-193a39803611" testListId="8c84fa94-04c1-424b-9868-57a2d4851a1d" />
    <TestEntry testId="def47830-107b-1ad7-02ec-3cd44fc2ab99" executionId="c12891e6-d834-4d50-8b9e-7dd33ae7bf8e" testListId="8c84fa94-04c1-424b-9868-57a2d4851a1d" />
    <TestEntry testId="17c1611e-4551-c413-ec83-938bd5745827" executionId="ffe9212a-ba13-4f7f-9b56-bd5250d61c9e" testListId="8c84fa94-04c1-424b-9868-57a2d4851a1d" />
    <TestEntry testId="cfc21e52-0246-9054-1b29-0462d5756f10" executionId="7a5d6ce2-1085-4496-8144-a7a9c241fa44" testListId="8c84fa94-04c1-424b-9868-57a2d4851a1d" />
    <TestEntry testId="8f5bd068-c551-d736-578c-9c810ee080e4" executionId="940910ac-b13a-451a-8545-84b190679d56" testListId="8c84fa94-04c1-424b-9868-57a2d4851a1d" />
    <TestEntry testId="b8f112a9-492e-8bed-56fb-3a5aaa914ad2" executionId="df8f5d93-1e90-4487-815f-16375ffcb0e3" testListId="8c84fa94-04c1-424b-9868-57a2d4851a1d" />
    <TestEntry testId="d2a619b1-1f9e-a908-ecd4-617a163d6ef3" executionId="2ec8f465-1baf-4ee8-bfcd-c9174c21211e" testListId="8c84fa94-04c1-424b-9868-57a2d4851a1d" />
    <TestEntry testId="17d05585-13ba-545f-359e-5699e0208459" executionId="d167f136-c6a6-4642-804f-18509abdf5cc" testListId="8c84fa94-04c1-424b-9868-57a2d4851a1d" />
    <TestEntry testId="bbafe806-4284-f303-aebf-282adca3ee94" executionId="d044ad6d-3524-4ba3-8357-2a77770ce4b7" testListId="8c84fa94-04c1-424b-9868-57a2d4851a1d" />
    <TestEntry testId="156afefe-16b6-cb59-5b44-77ea39445961" executionId="1be13a40-f1c7-41b1-a8a0-7678b841b68b" testListId="8c84fa94-04c1-424b-9868-57a2d4851a1d" />
    <TestEntry testId="c2c7c174-59f4-86b2-34d8-d6353192b788" executionId="d5ed7bea-422b-4d32-ba3e-cc20641da687" testListId="8c84fa94-04c1-424b-9868-57a2d4851a1d" />
    <TestEntry testId="f3d6ccb9-4bde-9e3a-fde1-860d31f8aad2" executionId="7914f31a-92b2-437c-8c86-5f1e5d6ef641" testListId="8c84fa94-04c1-424b-9868-57a2d4851a1d" />
    <TestEntry testId="98c2e076-d38d-2f78-abb9-c117bc488b2e" executionId="65d561a9-9962-41ab-86a7-e2d20ecfbbea" testListId="8c84fa94-04c1-424b-9868-57a2d4851a1d" />
    <TestEntry testId="78ccd46b-0ebb-ffb6-e20b-376be5b8bfea" executionId="87e13b22-1866-4d34-90a5-984951008f05" testListId="8c84fa94-04c1-424b-9868-57a2d4851a1d" />
    <TestEntry testId="4634c741-e3b1-819b-aebf-40c1da157b8d" executionId="57d375d5-d3ad-46df-b983-bf9145b8c842" testListId="8c84fa94-04c1-424b-9868-57a2d4851a1d" />
    <TestEntry testId="ae5f12f3-3dc0-9e1a-13c6-fc01b51a1e43" executionId="7100fdf0-b604-49ee-82a9-5520ffdd20af" testListId="8c84fa94-04c1-424b-9868-57a2d4851a1d" />
    <TestEntry testId="d3b57c0f-3182-2671-ee4b-e9bb00eff794" executionId="7ce3b755-c37d-4acb-aef2-13c3038a8479" testListId="8c84fa94-04c1-424b-9868-57a2d4851a1d" />
    <TestEntry testId="64d052d9-472d-9bb8-5e63-c2b623d4f6bd" executionId="bcf5fd15-704e-46d8-adfb-fb3dfb5e070b" testListId="8c84fa94-04c1-424b-9868-57a2d4851a1d" />
    <TestEntry testId="dfff6038-6b86-fadf-2dfd-68f5604ea009" executionId="303c2e3a-41e1-4c02-8928-335ff16a17e7" testListId="8c84fa94-04c1-424b-9868-57a2d4851a1d" />
    <TestEntry testId="5832640e-5ab0-9405-7f00-cb86ec1fad04" executionId="09b18ce4-8497-4c28-887f-9e84bae9b069" testListId="8c84fa94-04c1-424b-9868-57a2d4851a1d" />
    <TestEntry testId="6e4467db-30c4-823f-e499-574bf5f91e82" executionId="1c0ec220-6392-4edc-9be4-c018b63ec661" testListId="8c84fa94-04c1-424b-9868-57a2d4851a1d" />
    <TestEntry testId="f9ab65fe-0e2e-4609-04b2-55fbf072c87a" executionId="26c24e0e-f76c-4cc1-907f-85e783d2adb2" testListId="8c84fa94-04c1-424b-9868-57a2d4851a1d" />
    <TestEntry testId="4ac2ee07-f94e-0739-0d57-e081e62dcf71" executionId="a3045526-fc24-49cf-b353-d2550f233feb" testListId="8c84fa94-04c1-424b-9868-57a2d4851a1d" />
    <TestEntry testId="fca8ab4b-a964-198f-b436-023d3bfc1dae" executionId="9311fd4f-9849-47b2-b634-4586ba20ec23" testListId="8c84fa94-04c1-424b-9868-57a2d4851a1d" />
    <TestEntry testId="3a91342a-0654-823f-0b5f-17c1e9cad5d4" executionId="e67cbf52-6812-4721-a913-d7250d76421a" testListId="8c84fa94-04c1-424b-9868-57a2d4851a1d" />
    <TestEntry testId="5e12aae9-418e-3848-ef94-57347ec93b20" executionId="f8d9e371-9f13-4932-9755-ba10f42d4ef1" testListId="8c84fa94-04c1-424b-9868-57a2d4851a1d" />
    <TestEntry testId="6665083b-8ecb-036e-57eb-58413773db2b" executionId="61933f21-4082-4b53-8145-6a1c64ad1ff3" testListId="8c84fa94-04c1-424b-9868-57a2d4851a1d" />
    <TestEntry testId="f047beb0-baab-ae1f-37c4-08b942ab70fb" executionId="d15fe5b9-28dd-4e97-817b-296e6c8765a9" testListId="8c84fa94-04c1-424b-9868-57a2d4851a1d" />
    <TestEntry testId="7a330238-36a0-fb46-a93d-b06ed6f11ecb" executionId="0edc0901-268e-49e8-a57f-aef688dc41bc" testListId="8c84fa94-04c1-424b-9868-57a2d4851a1d" />
    <TestEntry testId="c256926f-ad12-4c86-0912-0acc56b61847" executionId="32adc3ad-35d8-43b2-9eb5-5c9f00ab6d0a" testListId="8c84fa94-04c1-424b-9868-57a2d4851a1d" />
    <TestEntry testId="57549b21-f7e2-db07-f7c3-cbb2ed7d0c19" executionId="2db7499e-80f8-4a86-8458-7109637be2f1" testListId="8c84fa94-04c1-424b-9868-57a2d4851a1d" />
    <TestEntry testId="9d114b80-43a3-02cc-c848-d9478e5d7199" executionId="b373ccec-c513-4fa6-a9c1-103a6587b720" testListId="8c84fa94-04c1-424b-9868-57a2d4851a1d" />
    <TestEntry testId="9560105a-d550-b79e-b5b2-0b3d92ff8d01" executionId="f1f5d760-6f8e-4197-8ba2-bc9dc42ad718" testListId="8c84fa94-04c1-424b-9868-57a2d4851a1d" />
    <TestEntry testId="57d9c5a1-5c5d-8c03-710f-952d8b55ed21" executionId="a2ef593e-c746-44e9-9baf-6659e54dd45b" testListId="8c84fa94-04c1-424b-9868-57a2d4851a1d" />
    <TestEntry testId="8cb3dbd4-8d27-85fd-3832-2982a58f7b87" executionId="b822a140-3418-4eff-8ba7-54b3ba6f3299" testListId="8c84fa94-04c1-424b-9868-57a2d4851a1d" />
    <TestEntry testId="f8617d6f-d642-c38d-4cfd-9b879a986ed5" executionId="5a31ac20-6c24-4b82-9172-642899e0cfa3" testListId="8c84fa94-04c1-424b-9868-57a2d4851a1d" />
    <TestEntry testId="c2a816cc-b6ee-ce09-3cee-2b5d34baa4c2" executionId="9dbb32cf-a909-4826-a05d-5addb392796b" testListId="8c84fa94-04c1-424b-9868-57a2d4851a1d" />
    <TestEntry testId="c22a38a6-92da-4b18-d1fb-56e458d9ed56" executionId="061492a1-62ed-4fd9-9dd0-305d2a0d2869" testListId="8c84fa94-04c1-424b-9868-57a2d4851a1d" />
    <TestEntry testId="d46b2740-4ac0-c39b-39d2-44a105ae01c7" executionId="3924dba9-b590-4c98-b872-19dd7c1f9c96" testListId="8c84fa94-04c1-424b-9868-57a2d4851a1d" />
    <TestEntry testId="694341c4-7f71-ad6a-4c7c-120f5c8fdb77" executionId="3062ec07-8c31-4a52-8212-4ad9de491756" testListId="8c84fa94-04c1-424b-9868-57a2d4851a1d" />
    <TestEntry testId="68f16b09-9e50-6df0-367f-a0b774c37b22" executionId="12913084-2ebb-4fbf-bb2b-683ef7e592de" testListId="8c84fa94-04c1-424b-9868-57a2d4851a1d" />
    <TestEntry testId="1abfc2e0-1faa-45ca-90a7-38d3e75660e0" executionId="87db132f-c03b-4425-bf3c-4fa75cd8917e" testListId="8c84fa94-04c1-424b-9868-57a2d4851a1d" />
    <TestEntry testId="2e8d4d9e-2bdd-b4b2-0192-d540ae131945" executionId="d436f3ef-7b7d-40bb-8772-034da3034a3f" testListId="8c84fa94-04c1-424b-9868-57a2d4851a1d" />
    <TestEntry testId="dfe946b6-9d89-9c3f-7cc5-9795d43005e1" executionId="45a4e74c-2a45-4994-a685-35906b48b0ab" testListId="8c84fa94-04c1-424b-9868-57a2d4851a1d" />
    <TestEntry testId="311b5037-650b-2870-cbbf-0e9c8ea43046" executionId="ae2ef4d5-ccd9-491f-846b-f9f54f852d89" testListId="8c84fa94-04c1-424b-9868-57a2d4851a1d" />
    <TestEntry testId="24798cb5-afdd-85d6-fef8-f9112f821c30" executionId="564d3538-b1f4-4031-90b4-0fd39ed9c69b" testListId="8c84fa94-04c1-424b-9868-57a2d4851a1d" />
    <TestEntry testId="c9aaf0e0-522a-ec92-fa15-ea182017ef53" executionId="586dcb65-b258-4e4a-9b32-b02f43d8b68d" testListId="8c84fa94-04c1-424b-9868-57a2d4851a1d" />
    <TestEntry testId="b8ad7f0c-aa16-5049-9ba0-1bfff9dd1581" executionId="4384ba95-5118-405e-857f-07eedfb1ae29" testListId="8c84fa94-04c1-424b-9868-57a2d4851a1d" />
    <TestEntry testId="5ea64d3d-4a13-6770-bc89-3622f87510d7" executionId="6c4efe48-4249-470f-899b-82ca04fa68a1" testListId="8c84fa94-04c1-424b-9868-57a2d4851a1d" />
    <TestEntry testId="d1597ed7-b510-b911-595d-595b36845c22" executionId="880e75fd-ed01-4280-b337-af9aab8ebe08" testListId="8c84fa94-04c1-424b-9868-57a2d4851a1d" />
    <TestEntry testId="f920ee07-3046-1eeb-94a7-b95710125fcc" executionId="e19062f7-2bca-4edb-bf86-65e04cac5f81" testListId="8c84fa94-04c1-424b-9868-57a2d4851a1d" />
    <TestEntry testId="b69506f3-4a47-9ca1-b3e1-564d5c2e7a04" executionId="53c76605-deb7-49d8-a778-35fa085ccfbe" testListId="8c84fa94-04c1-424b-9868-57a2d4851a1d" />
    <TestEntry testId="e9137215-7db3-d3db-9a2a-14b051e4745a" executionId="d75be90a-e6bf-4d6a-abdd-71115cc13413" testListId="8c84fa94-04c1-424b-9868-57a2d4851a1d" />
    <TestEntry testId="1083de94-1379-d5ff-7ac4-093a4adedc0d" executionId="dd9a1058-43c6-470f-980f-ec06190fee73" testListId="8c84fa94-04c1-424b-9868-57a2d4851a1d" />
    <TestEntry testId="323aa0dd-841a-116d-5f3b-f336021a74a3" executionId="349f569c-8d04-4659-a227-b0a310680b40" testListId="8c84fa94-04c1-424b-9868-57a2d4851a1d" />
    <TestEntry testId="2163fe6d-3097-bf13-3ecf-4dac94431fe2" executionId="2038a7e8-7359-41be-afc8-e62fe39d290e" testListId="8c84fa94-04c1-424b-9868-57a2d4851a1d" />
    <TestEntry testId="7e96381f-4e93-974b-a642-2cf452b82cba" executionId="e151c98f-4bf8-49cd-b65b-0f05527b7c4a" testListId="8c84fa94-04c1-424b-9868-57a2d4851a1d" />
    <TestEntry testId="fb02cf27-35e1-9a0d-cac2-9eca53d2b20a" executionId="47bf555a-9974-4d4e-b86c-5d1965f37a37" testListId="8c84fa94-04c1-424b-9868-57a2d4851a1d" />
    <TestEntry testId="5724e4b4-a921-00af-d39e-1c96a3a8de83" executionId="a568f059-5b81-4918-a069-09cdd3d6d104" testListId="8c84fa94-04c1-424b-9868-57a2d4851a1d" />
    <TestEntry testId="5a288666-8c77-8cd3-ed86-a012a135f766" executionId="76f3e492-2f02-40b1-8943-14af60d89ed5" testListId="8c84fa94-04c1-424b-9868-57a2d4851a1d" />
    <TestEntry testId="10836e34-61f2-7a8b-c690-25b0677d1abe" executionId="6c6439ba-6d04-4e44-bdfa-f4f10e7d1d15" testListId="8c84fa94-04c1-424b-9868-57a2d4851a1d" />
    <TestEntry testId="9171e43d-9e28-20f0-1d1e-f50c20e42a1f" executionId="0da69b86-7049-4d68-bb02-ab63028347a4" testListId="8c84fa94-04c1-424b-9868-57a2d4851a1d" />
    <TestEntry testId="29f73779-8168-02f9-1348-5abab0632d20" executionId="0dfe6ba7-fcac-4594-99e8-255b1c793817" testListId="8c84fa94-04c1-424b-9868-57a2d4851a1d" />
    <TestEntry testId="b5ac0714-61ec-a387-ffce-6fbfb720e3a0" executionId="4bc800f4-f151-4066-aa74-665d4e6c2696" testListId="8c84fa94-04c1-424b-9868-57a2d4851a1d" />
    <TestEntry testId="4827e02f-e101-eb2a-985a-0d6d98893bac" executionId="3233c8cb-769a-4afa-9c73-11c5648a5c2f" testListId="8c84fa94-04c1-424b-9868-57a2d4851a1d" />
    <TestEntry testId="bcea61f5-6673-2268-6ec4-38bb4c941b7e" executionId="538d76b8-2388-4c15-839d-40b743884f8a" testListId="8c84fa94-04c1-424b-9868-57a2d4851a1d" />
    <TestEntry testId="75c1d3d3-6876-9a44-988b-4deed037a4ab" executionId="cdddce89-b9f5-47ad-aa4c-1e884eaf5a64" testListId="8c84fa94-04c1-424b-9868-57a2d4851a1d" />
    <TestEntry testId="9e444ad8-05de-682a-11a4-d19d964c70ad" executionId="a6c4a6fa-8df9-4748-affc-e56c279e0ee1" testListId="8c84fa94-04c1-424b-9868-57a2d4851a1d" />
    <TestEntry testId="113b2982-27af-5ccf-6777-c7592b9f9687" executionId="f38445aa-1a37-4dca-a7d4-cac84c59ccb0" testListId="8c84fa94-04c1-424b-9868-57a2d4851a1d" />
    <TestEntry testId="0dbbcfa3-d32a-7896-71a4-df0c3d67f714" executionId="973f65a0-f08f-43df-a076-a5f55837c5b8" testListId="8c84fa94-04c1-424b-9868-57a2d4851a1d" />
    <TestEntry testId="d75bfd81-e638-08b1-7b3a-d1b42f1c0d57" executionId="249fcaf0-e02a-469b-97bd-5c0b40550aa3" testListId="8c84fa94-04c1-424b-9868-57a2d4851a1d" />
    <TestEntry testId="bcdaf314-495e-f9aa-989f-774656ee5440" executionId="27a48a1d-80cb-4cc4-90f6-8eaf8e0fa9b4" testListId="8c84fa94-04c1-424b-9868-57a2d4851a1d" />
    <TestEntry testId="37576e4b-1079-1a24-6956-a4658a58651b" executionId="b9d0225e-876b-49d5-97dd-d28c2054975d" testListId="8c84fa94-04c1-424b-9868-57a2d4851a1d" />
    <TestEntry testId="2e88a5a8-1123-0d65-8f13-ef82e1364153" executionId="c9f37d60-506c-47a4-a9a9-62c38d927fdd" testListId="8c84fa94-04c1-424b-9868-57a2d4851a1d" />
    <TestEntry testId="ad52b538-3c45-4370-a437-82d7d8370705" executionId="b9392957-7d0e-4da6-ba31-2b4d3e29b719" testListId="8c84fa94-04c1-424b-9868-57a2d4851a1d" />
    <TestEntry testId="8255aa67-8d54-6059-001a-4d398cff9cf7" executionId="101ca954-6980-4287-ae5a-adba161da347" testListId="8c84fa94-04c1-424b-9868-57a2d4851a1d" />
    <TestEntry testId="6692d480-bf57-c33c-b488-8c802afbf4ab" executionId="62a8dce5-4e5c-438e-a452-5741c91d80f8" testListId="8c84fa94-04c1-424b-9868-57a2d4851a1d" />
    <TestEntry testId="3aa1f93d-77f1-973f-d897-30011df63998" executionId="42056b57-dae6-4d02-b20d-d4aa0f42e288" testListId="8c84fa94-04c1-424b-9868-57a2d4851a1d" />
    <TestEntry testId="5938db1f-4929-803d-9eee-95c41f4682f5" executionId="d6e3d16b-381e-4648-9e99-4b596c4c19e6" testListId="8c84fa94-04c1-424b-9868-57a2d4851a1d" />
    <TestEntry testId="c5ba3777-716c-b6c8-5d39-5aee5707034a" executionId="7afcdb3d-1bb4-469c-8cc6-52c7247b3f14" testListId="8c84fa94-04c1-424b-9868-57a2d4851a1d" />
    <TestEntry testId="b2bd1f15-3290-80d3-d782-cc57bdacdd73" executionId="42f93e99-a631-4aab-88b1-8217d5e09d44" testListId="8c84fa94-04c1-424b-9868-57a2d4851a1d" />
    <TestEntry testId="74c61a0b-e7ee-22ce-4a76-9d21e6ea0c57" executionId="015b6ff9-d441-4821-9b56-393d5255d7b3" testListId="8c84fa94-04c1-424b-9868-57a2d4851a1d" />
    <TestEntry testId="b13eadba-4db9-370e-7a30-3b4d218b2bad" executionId="bd398cdb-151f-4d2d-870a-3fe748091666" testListId="8c84fa94-04c1-424b-9868-57a2d4851a1d" />
    <TestEntry testId="184d16a1-12d3-f000-dc60-8c2292efa236" executionId="db7f15e9-0a2d-46b4-bbf6-abafab405e5f" testListId="8c84fa94-04c1-424b-9868-57a2d4851a1d" />
    <TestEntry testId="b718c91a-76d9-e58f-d518-39009a132ac0" executionId="c8cf7b49-ed19-4310-a2f5-53dbc50f87c6" testListId="8c84fa94-04c1-424b-9868-57a2d4851a1d" />
    <TestEntry testId="47741026-201f-3610-12ce-af00b53f3a12" executionId="ef4bdb89-9d73-4d27-8bf3-c3127790e7f2" testListId="8c84fa94-04c1-424b-9868-57a2d4851a1d" />
    <TestEntry testId="f3f19f2c-f837-a169-1ce8-1efb3ec9eec1" executionId="a4c6cc72-19ed-4cbb-85eb-259c5f69f07f" testListId="8c84fa94-04c1-424b-9868-57a2d4851a1d" />
    <TestEntry testId="54ed19f3-d533-36cf-8d13-7fd136b968ec" executionId="cc3e3c2e-621d-449a-ac8b-21b857b96ced" testListId="8c84fa94-04c1-424b-9868-57a2d4851a1d" />
    <TestEntry testId="79ff3d54-9e8a-7801-db3f-8799dd2a3dec" executionId="da0571f5-c1bb-424c-a5a4-60fe2c17c648" testListId="8c84fa94-04c1-424b-9868-57a2d4851a1d" />
    <TestEntry testId="c52ce7b6-dde3-54a2-cf4f-43c77049cd79" executionId="bb041892-4129-4657-bd48-d4f4a4677645" testListId="8c84fa94-04c1-424b-9868-57a2d4851a1d" />
    <TestEntry testId="23a497cb-2067-7575-c112-f2213f0efd56" executionId="4d099952-685c-47ff-a0ce-e3916c98208a" testListId="8c84fa94-04c1-424b-9868-57a2d4851a1d" />
    <TestEntry testId="9522c080-a332-c3de-86a3-01fa01785dca" executionId="c4e69e90-1862-4242-a53e-eac6e1413472" testListId="8c84fa94-04c1-424b-9868-57a2d4851a1d" />
    <TestEntry testId="73f42572-ef7f-49dd-ff45-6dfff4bda0ef" executionId="162ec3be-a405-44c1-a234-641c1de54b21" testListId="8c84fa94-04c1-424b-9868-57a2d4851a1d" />
    <TestEntry testId="a50ca395-d4b1-f2de-4d95-f2c000bd5a85" executionId="1ef740ab-1cae-426a-8961-3fdd12e487af" testListId="8c84fa94-04c1-424b-9868-57a2d4851a1d" />
    <TestEntry testId="def54716-c458-11ed-e8a9-a7edbe1cb18c" executionId="b577f7f2-b0a5-47c7-a8cc-c151d27b4e6e" testListId="8c84fa94-04c1-424b-9868-57a2d4851a1d" />
    <TestEntry testId="88b03e77-ad76-04e7-c3cf-27485ef172a6" executionId="41571eb5-3e1d-4b62-ab8a-cff7085254e6" testListId="8c84fa94-04c1-424b-9868-57a2d4851a1d" />
    <TestEntry testId="12dda622-da17-99b5-ac1e-dc6d4b751e99" executionId="e1b5b773-99c7-462c-82d9-90504596b565" testListId="8c84fa94-04c1-424b-9868-57a2d4851a1d" />
    <TestEntry testId="1a785c28-8ecf-00e2-ec0b-6af65e18caeb" executionId="eec7736f-e21c-4cd6-a652-b0f8f21250ef" testListId="8c84fa94-04c1-424b-9868-57a2d4851a1d" />
    <TestEntry testId="51ce1862-6025-4c8f-0365-01e5fa4db04b" executionId="b54df4f3-8eed-4ab3-ade3-83e2f60d3d93" testListId="8c84fa94-04c1-424b-9868-57a2d4851a1d" />
    <TestEntry testId="8e43f6b3-2730-aaf0-033b-ad5746360ac4" executionId="30ff6e1f-3e10-4fb4-88a5-b0aec59152e6" testListId="8c84fa94-04c1-424b-9868-57a2d4851a1d" />
    <TestEntry testId="7a9b8d32-2065-3d2b-815c-dbf939915a68" executionId="88cf341f-140b-4923-b5e8-d39ebcd5f419" testListId="8c84fa94-04c1-424b-9868-57a2d4851a1d" />
    <TestEntry testId="64f79077-46e1-b887-0751-4625800eac7d" executionId="b2254319-6cde-49cc-84b4-c3185ca48ebd" testListId="8c84fa94-04c1-424b-9868-57a2d4851a1d" />
    <TestEntry testId="2c6b34f9-f643-e84d-4f35-8d079d3bb2a8" executionId="9734a4d4-9d63-4644-bcd2-2ccda9d90427" testListId="8c84fa94-04c1-424b-9868-57a2d4851a1d" />
    <TestEntry testId="94b8efd9-3afd-6b45-1746-73dcd5cb5d67" executionId="16e8ac09-b497-40e2-a89f-9d74e13ec5d5" testListId="8c84fa94-04c1-424b-9868-57a2d4851a1d" />
    <TestEntry testId="a6f5fd84-d7f4-eff0-f315-3bef5d254350" executionId="5e38b1ab-5908-4f67-b621-6c553fd82684" testListId="8c84fa94-04c1-424b-9868-57a2d4851a1d" />
    <TestEntry testId="5ce6170a-83e0-19da-78d0-79e098f7f100" executionId="b0771f4b-fdab-4c69-aa1c-f4fdf1e0e0e4" testListId="8c84fa94-04c1-424b-9868-57a2d4851a1d" />
    <TestEntry testId="3e1a2abb-210c-3de2-4b6f-27409db9daa2" executionId="270681cb-9469-4bad-8d0f-9a9d146f1392" testListId="8c84fa94-04c1-424b-9868-57a2d4851a1d" />
    <TestEntry testId="8f3be8a9-ac34-e92b-9af9-5865a79943df" executionId="635120ad-5873-40ca-aefa-56bff8a0de7b" testListId="8c84fa94-04c1-424b-9868-57a2d4851a1d" />
    <TestEntry testId="ea2b530d-618a-001f-7b89-30ba85040fc4" executionId="7cadd641-40ff-4110-92f4-9fdbade9c569" testListId="8c84fa94-04c1-424b-9868-57a2d4851a1d" />
    <TestEntry testId="7b2f577c-abaa-f418-bde1-fa37a9195407" executionId="399e600e-f5e6-4b5c-92a0-866a5cc19187" testListId="8c84fa94-04c1-424b-9868-57a2d4851a1d" />
    <TestEntry testId="5c8bb652-f27f-23be-4b4d-f90c87b81987" executionId="088ea9ef-1b1a-4c25-b2c7-fd0919ab5f2e" testListId="8c84fa94-04c1-424b-9868-57a2d4851a1d" />
    <TestEntry testId="0d74c78c-65eb-c0c4-4d49-f9980ea9c59c" executionId="9d78ba3c-a07d-424a-b46d-d5d59bdc89a5" testListId="8c84fa94-04c1-424b-9868-57a2d4851a1d" />
    <TestEntry testId="d2570667-3644-b164-3901-f8537f7c0473" executionId="f1ab115f-61df-430f-90ef-9e77f9ca3da6" testListId="8c84fa94-04c1-424b-9868-57a2d4851a1d" />
    <TestEntry testId="420e4c45-4790-8202-f368-0188884ff30b" executionId="deb084bc-bb20-4dff-afc1-9957a7971ac0" testListId="8c84fa94-04c1-424b-9868-57a2d4851a1d" />
    <TestEntry testId="70a6bd30-cd42-c1ac-157d-8a7008ca5246" executionId="6db95330-b8b4-4e42-ac8a-2d56af1b6c60" testListId="8c84fa94-04c1-424b-9868-57a2d4851a1d" />
    <TestEntry testId="4f8b3780-9286-b47d-1362-de97c151576f" executionId="ffa77914-0722-47a7-8ae4-c503941d54bd" testListId="8c84fa94-04c1-424b-9868-57a2d4851a1d" />
    <TestEntry testId="a03bfb5e-2d1c-2036-703f-9e65504ab2b1" executionId="4643f53f-e3c4-40c4-a044-26dba935f708" testListId="8c84fa94-04c1-424b-9868-57a2d4851a1d" />
    <TestEntry testId="1774e350-0e73-910a-63e6-b8ed6c342956" executionId="1ed5bddc-0082-48c2-bd74-b2678c515ad0" testListId="8c84fa94-04c1-424b-9868-57a2d4851a1d" />
    <TestEntry testId="ae0f33a0-3b74-76dc-1916-4f5d2574d976" executionId="bcbf94a7-a25c-4791-92e6-0984af38f1f5" testListId="8c84fa94-04c1-424b-9868-57a2d4851a1d" />
    <TestEntry testId="e8476ddd-33de-de95-27c1-bf5a3a845311" executionId="9206ec9e-1eb2-4e52-ae56-cbb8e993a79d" testListId="8c84fa94-04c1-424b-9868-57a2d4851a1d" />
    <TestEntry testId="82de762a-fcd3-d4b4-40ed-775498103c60" executionId="d1fd00c4-3336-4160-86e5-e7f185f1038d" testListId="8c84fa94-04c1-424b-9868-57a2d4851a1d" />
    <TestEntry testId="d84bea10-5b6d-dd4b-14ae-750d56fa757f" executionId="b4f3604c-a9e5-4a44-9cda-202c682236c2" testListId="8c84fa94-04c1-424b-9868-57a2d4851a1d" />
    <TestEntry testId="fd8c5924-db7d-bb04-e7a0-6f4a9a9358c7" executionId="bd07d0a2-2b63-44a3-af33-52d8ca82b1d8" testListId="8c84fa94-04c1-424b-9868-57a2d4851a1d" />
    <TestEntry testId="17c852cb-dbda-e7be-06e9-c404a0ce0a89" executionId="acf96e7f-bd04-4a19-ad4d-2955f82b46db" testListId="8c84fa94-04c1-424b-9868-57a2d4851a1d" />
    <TestEntry testId="fc043c66-e74c-f738-c779-80faf525a82e" executionId="1d166b7f-6f0a-437c-982a-44cf5c97a43c" testListId="8c84fa94-04c1-424b-9868-57a2d4851a1d" />
    <TestEntry testId="b993e906-1ced-f20a-68ab-19a0ddf70e00" executionId="29595573-d305-4ac4-9239-47507e0f0623" testListId="8c84fa94-04c1-424b-9868-57a2d4851a1d" />
    <TestEntry testId="e62bca06-a59e-4647-7653-ca946b069463" executionId="300ddf98-ce9d-40ca-b080-c9ba247dc97d" testListId="8c84fa94-04c1-424b-9868-57a2d4851a1d" />
    <TestEntry testId="f5fbb7ac-2d9a-0458-7033-7c5618cbc0b7" executionId="9e6612a7-6c3b-4a8a-a75a-c0dfdf044b1c" testListId="8c84fa94-04c1-424b-9868-57a2d4851a1d" />
    <TestEntry testId="11847e03-4b51-7abb-627f-dd4b8a1bc947" executionId="ac02900a-4479-495e-95d0-cff65a9460d6" testListId="8c84fa94-04c1-424b-9868-57a2d4851a1d" />
    <TestEntry testId="dc52a05f-0d23-6b90-ed3b-3e4c8a6ed9a6" executionId="44e00ec0-bcec-4f87-ac50-f3b75446504c" testListId="8c84fa94-04c1-424b-9868-57a2d4851a1d" />
    <TestEntry testId="5ab21a79-4826-ecf8-10b2-66bbec46c493" executionId="36a514eb-aab0-4812-9251-510a2fd63430" testListId="8c84fa94-04c1-424b-9868-57a2d4851a1d" />
    <TestEntry testId="c67c2681-74f6-725c-909c-a0abd33f99a1" executionId="6de6318a-28ea-4901-a6cc-8ae296706a9e" testListId="8c84fa94-04c1-424b-9868-57a2d4851a1d" />
    <TestEntry testId="fe79359b-12e7-da12-91df-ff292c7481be" executionId="b9e5c113-86e9-425b-a8ee-2dfdb917aa7d" testListId="8c84fa94-04c1-424b-9868-57a2d4851a1d" />
    <TestEntry testId="56a40e2a-907d-6858-fe63-434ec795e6ff" executionId="ce622cae-3575-4284-92a5-f3b58c5fece7" testListId="8c84fa94-04c1-424b-9868-57a2d4851a1d" />
    <TestEntry testId="385f4aef-f0b0-f659-8452-a4cf3ad9e59a" executionId="a90103c9-8bee-469f-ac3b-9b79384f87b9" testListId="8c84fa94-04c1-424b-9868-57a2d4851a1d" />
    <TestEntry testId="c77e1800-4577-063a-d5a3-10a798b961b6" executionId="22daac88-39ea-4e15-af18-712171684ddc" testListId="8c84fa94-04c1-424b-9868-57a2d4851a1d" />
    <TestEntry testId="41602bb3-ac5e-3a1f-2ba7-94b8a9f67380" executionId="09acb3c0-5c36-4095-9666-6ef86aa4eede" testListId="8c84fa94-04c1-424b-9868-57a2d4851a1d" />
    <TestEntry testId="b37e683b-bd46-e3df-60bd-75042ac4508a" executionId="035654f6-387d-4d2c-b38a-c17058cdceff" testListId="8c84fa94-04c1-424b-9868-57a2d4851a1d" />
    <TestEntry testId="b9713d13-8f96-0fc0-5fd1-ccaa2df57299" executionId="6d55b51d-585b-4fea-bf93-5407c73ce9d3" testListId="8c84fa94-04c1-424b-9868-57a2d4851a1d" />
    <TestEntry testId="36055f49-ff24-3d56-dcab-6156f9b49e57" executionId="ea808bb2-6c75-4767-84e1-76caca4d6bfc" testListId="8c84fa94-04c1-424b-9868-57a2d4851a1d" />
    <TestEntry testId="a0e538e6-b562-ec5a-407a-969fe5c9571d" executionId="621784ce-0d39-49af-94ed-ed4ce9d1f488" testListId="8c84fa94-04c1-424b-9868-57a2d4851a1d" />
    <TestEntry testId="3ef4a7ab-07be-dbb6-b53a-f018d39c8bd6" executionId="019fce95-781b-4589-a898-1e31959ad6a6" testListId="8c84fa94-04c1-424b-9868-57a2d4851a1d" />
    <TestEntry testId="b25f8414-ef4b-7f0a-9d87-3315fe473769" executionId="23fb7595-09f9-4a56-b460-c7c1e1492f7a" testListId="8c84fa94-04c1-424b-9868-57a2d4851a1d" />
    <TestEntry testId="edef4f0c-65e7-245d-9175-5f3dd760fffa" executionId="cb282ea5-7ad1-46bf-bab3-0ae76af86960" testListId="8c84fa94-04c1-424b-9868-57a2d4851a1d" />
    <TestEntry testId="164bec43-53a3-fe64-65c3-0247c43c720d" executionId="589671a6-5dd1-4641-b6a7-08e9454ec5e2" testListId="8c84fa94-04c1-424b-9868-57a2d4851a1d" />
    <TestEntry testId="97b6d59d-2b18-8f66-499e-3eef489a237f" executionId="2ac3c95d-8407-4cca-95fc-49d65944b474" testListId="8c84fa94-04c1-424b-9868-57a2d4851a1d" />
    <TestEntry testId="55167ba9-bc99-acad-f140-c35373103ce0" executionId="20531f84-2de2-44fc-b7f9-d4cf3f7fc999" testListId="8c84fa94-04c1-424b-9868-57a2d4851a1d" />
    <TestEntry testId="6581a9d3-203a-401e-b2e3-83f498705045" executionId="94bbb81a-1d82-4258-9c65-1b8148707002" testListId="8c84fa94-04c1-424b-9868-57a2d4851a1d" />
    <TestEntry testId="75566b3b-83b5-a1be-ac98-20e00d15c8fa" executionId="94a26b41-527e-478a-a50c-1caeb40079a3" testListId="8c84fa94-04c1-424b-9868-57a2d4851a1d" />
    <TestEntry testId="b6b69146-e3b2-9e01-0751-c56a269411e1" executionId="aa33ad54-5be2-4601-a054-919bcc5e4170" testListId="8c84fa94-04c1-424b-9868-57a2d4851a1d" />
    <TestEntry testId="f04490d2-aa85-8945-8b20-102294b7c9c9" executionId="97b54504-8881-4dae-82de-43603bae03fa" testListId="8c84fa94-04c1-424b-9868-57a2d4851a1d" />
    <TestEntry testId="38167955-d3af-7f62-a0d8-55f2c2a1335c" executionId="e03282f4-42e6-4432-ae2b-fbcb16498288" testListId="8c84fa94-04c1-424b-9868-57a2d4851a1d" />
    <TestEntry testId="b271b6b7-28a3-acc9-1ca7-a3eeff2fedc1" executionId="ca87245d-3801-41ef-8a4a-e9f395d7d520" testListId="8c84fa94-04c1-424b-9868-57a2d4851a1d" />
    <TestEntry testId="99097932-b0b8-e442-8755-378bd1dd8964" executionId="3323cbf8-d21f-4254-89a8-71c530f8ab30" testListId="8c84fa94-04c1-424b-9868-57a2d4851a1d" />
    <TestEntry testId="9fea2002-0604-92bb-b5ee-973849f6587e" executionId="7e902efe-6a56-491c-889d-e581b94acba5" testListId="8c84fa94-04c1-424b-9868-57a2d4851a1d" />
    <TestEntry testId="fa283544-6f8e-1057-dfd1-0b2e92b40be4" executionId="74c6e892-48ad-43d5-b0d8-a6b608f115ea" testListId="8c84fa94-04c1-424b-9868-57a2d4851a1d" />
    <TestEntry testId="8e307fe9-8ea7-c4b0-fe61-2d09cc599459" executionId="5bcd3234-9a03-46d4-b8a4-7b6af8dacbb5" testListId="8c84fa94-04c1-424b-9868-57a2d4851a1d" />
    <TestEntry testId="77dbcffa-7f17-e355-6e0d-649f5c724812" executionId="c670211b-d055-4870-9bf9-b62fb1a405e4" testListId="8c84fa94-04c1-424b-9868-57a2d4851a1d" />
    <TestEntry testId="c5620c7b-b006-b470-8b69-0d8249e1370f" executionId="bf52a8de-c2eb-4c08-aaa3-173113c2313f" testListId="8c84fa94-04c1-424b-9868-57a2d4851a1d" />
    <TestEntry testId="80975d9c-7866-a0b3-f78c-b02afa1c0200" executionId="f7d36965-790d-410a-a564-f66b7089a503" testListId="8c84fa94-04c1-424b-9868-57a2d4851a1d" />
    <TestEntry testId="bf6d386e-84da-9ead-24f5-b0c9b25036b0" executionId="ef66011b-5c74-46c3-b241-f45ed386885d" testListId="8c84fa94-04c1-424b-9868-57a2d4851a1d" />
    <TestEntry testId="3613154f-249f-708a-2260-5f519b39db1c" executionId="6c9a1a6c-a9a6-4825-a299-8fd1b85ff9ad" testListId="8c84fa94-04c1-424b-9868-57a2d4851a1d" />
    <TestEntry testId="e6384440-9fd0-3f43-400a-0ad82962a8ed" executionId="67fb46c6-0d39-4831-a384-9fbd1e6174d7" testListId="8c84fa94-04c1-424b-9868-57a2d4851a1d" />
    <TestEntry testId="6302a6ff-9541-f2da-ff41-aa64e1d8f2aa" executionId="4fb1f0ee-0a27-4217-9e3a-750d9733d14d" testListId="8c84fa94-04c1-424b-9868-57a2d4851a1d" />
    <TestEntry testId="c70aed7e-b9fb-5780-79b8-d966a31224cc" executionId="e76a9568-cf0e-40bb-9c3a-b20cf0ec5136" testListId="8c84fa94-04c1-424b-9868-57a2d4851a1d" />
    <TestEntry testId="7c9e8dee-507a-44c5-8dae-d8bc5191a1b0" executionId="40dd3a7b-bd0d-4282-9a77-67d1b025083c" testListId="8c84fa94-04c1-424b-9868-57a2d4851a1d" />
    <TestEntry testId="c6c6d9ce-b53a-7fc8-6984-0678fe717dbc" executionId="3571bd3c-00f1-41e5-b255-864723f400fa" testListId="8c84fa94-04c1-424b-9868-57a2d4851a1d" />
    <TestEntry testId="9950094f-dbf1-f08b-68d2-f4ce90c25146" executionId="50ea037c-a648-43f6-b59d-f1895fb86575" testListId="8c84fa94-04c1-424b-9868-57a2d4851a1d" />
    <TestEntry testId="ffa5104f-1dad-0eab-e639-2299d32abeb2" executionId="8a3caee8-f141-4a82-8678-4909348cfa6f" testListId="8c84fa94-04c1-424b-9868-57a2d4851a1d" />
    <TestEntry testId="98ac93cf-a083-32d5-d4f4-4f5390a5b522" executionId="b22ccc35-a1d7-4f81-8484-0241c3bb1464" testListId="8c84fa94-04c1-424b-9868-57a2d4851a1d" />
    <TestEntry testId="5e36f5b8-dce1-5249-d1c7-e709381800c6" executionId="55922317-3934-4355-b269-6c6f05e7b5f9" testListId="8c84fa94-04c1-424b-9868-57a2d4851a1d" />
    <TestEntry testId="187040a7-e081-d18e-af5f-713079d31e5c" executionId="10a62fd9-7bed-4c1c-a02e-58a779195930" testListId="8c84fa94-04c1-424b-9868-57a2d4851a1d" />
    <TestEntry testId="623a3f26-8f70-b59d-a2de-30de716d7939" executionId="98528ab1-0691-4990-9a53-c7f13123b960" testListId="8c84fa94-04c1-424b-9868-57a2d4851a1d" />
    <TestEntry testId="a9ed9150-803d-be5f-4adf-9719fb2140e1" executionId="f0f2b43c-364c-48b4-8aab-c4ef74c37579" testListId="8c84fa94-04c1-424b-9868-57a2d4851a1d" />
    <TestEntry testId="ab20a2d0-f28c-5da4-0889-f5f9c71b5c43" executionId="bd324c59-fa92-4d6b-a2dd-849e6a2a49bb" testListId="8c84fa94-04c1-424b-9868-57a2d4851a1d" />
    <TestEntry testId="e72eb533-0b31-9a3c-33b1-8b27b67bdb00" executionId="e1661d88-04b9-43c7-be76-cb66d14aa1ac" testListId="8c84fa94-04c1-424b-9868-57a2d4851a1d" />
    <TestEntry testId="9792e854-c390-9c72-5e15-a644737f4807" executionId="a11eda94-9535-4b67-8c3b-72c06295b710" testListId="8c84fa94-04c1-424b-9868-57a2d4851a1d" />
    <TestEntry testId="7891b759-5ca9-60f8-f9ea-6e6c1757f6bc" executionId="9de7c0a6-f86e-418f-8920-7869c120cea3" testListId="8c84fa94-04c1-424b-9868-57a2d4851a1d" />
    <TestEntry testId="8b5dd84f-4875-12fd-a7d0-d6d028f9d2f6" executionId="4e125d32-1b89-408d-8ed0-4fb5194381d2" testListId="8c84fa94-04c1-424b-9868-57a2d4851a1d" />
    <TestEntry testId="8e09c60e-cdd1-59f3-1388-ac6eeacc35da" executionId="c5f1572c-f8ac-4c88-8cfc-36064aa92673" testListId="8c84fa94-04c1-424b-9868-57a2d4851a1d" />
    <TestEntry testId="b7340aa7-cf1c-96a5-c1af-e8011d0a9a3e" executionId="24eae855-9144-47f7-8e03-84a0cb846321" testListId="8c84fa94-04c1-424b-9868-57a2d4851a1d" />
    <TestEntry testId="a7b8f9e1-a42d-42c1-7804-d7e935e1bb7d" executionId="0665da62-51fb-478e-87c4-34debdd65969" testListId="8c84fa94-04c1-424b-9868-57a2d4851a1d" />
    <TestEntry testId="1023fd96-7fad-4db8-8b0d-15295626cdf4" executionId="85d521d4-6854-4bec-a023-412c47e98976" testListId="8c84fa94-04c1-424b-9868-57a2d4851a1d" />
    <TestEntry testId="8f5186d2-d538-f241-1261-99ca97ddf4b6" executionId="623f6fff-0936-4daf-8355-4b3d748e9deb" testListId="8c84fa94-04c1-424b-9868-57a2d4851a1d" />
    <TestEntry testId="0791cf6d-7177-8ba2-079c-1ce53edf7fbf" executionId="b9345f78-3bc9-4b97-a4b1-89334a4a76bd" testListId="8c84fa94-04c1-424b-9868-57a2d4851a1d" />
    <TestEntry testId="c4e84f88-b1c5-01ca-1177-12fd1e5af099" executionId="1d36105a-1b78-4b67-832c-1b066b9cbb5f" testListId="8c84fa94-04c1-424b-9868-57a2d4851a1d" />
    <TestEntry testId="e09c8b96-46d9-aabf-1dc3-48270025e058" executionId="4729a19d-7b7b-4b75-bcd5-de1ae030a75d" testListId="8c84fa94-04c1-424b-9868-57a2d4851a1d" />
    <TestEntry testId="b7204663-1992-a46d-6a0d-d54491dc274d" executionId="4d4ced80-4339-40f6-936c-d95d27414bd6" testListId="8c84fa94-04c1-424b-9868-57a2d4851a1d" />
    <TestEntry testId="a102bbd6-99f5-63e7-40a9-15691b71a5c4" executionId="84f37b39-43e4-4b51-98fa-d63d78aa1397" testListId="8c84fa94-04c1-424b-9868-57a2d4851a1d" />
    <TestEntry testId="b226d209-dc1d-7132-fdd3-a893e5473b2d" executionId="c58c5c62-cba2-44de-947e-2e9b153339ec" testListId="8c84fa94-04c1-424b-9868-57a2d4851a1d" />
    <TestEntry testId="2ab3f26f-196c-99df-ce70-bcea61eda174" executionId="0f615392-7fc9-4399-b5c1-e4adc4c8bd1f" testListId="8c84fa94-04c1-424b-9868-57a2d4851a1d" />
    <TestEntry testId="279b5ac0-1925-114d-c2ce-73fade402333" executionId="037915ed-16ac-4734-9c04-d3c692bde20d" testListId="8c84fa94-04c1-424b-9868-57a2d4851a1d" />
    <TestEntry testId="776d2769-bfb5-fe5e-a5ad-adbbb87a331d" executionId="f8d9b3eb-341e-4318-b487-7bef9cc30e3a" testListId="8c84fa94-04c1-424b-9868-57a2d4851a1d" />
    <TestEntry testId="350dbab7-e0c4-262e-dcd5-da58676d4296" executionId="07e1ce82-aa25-410a-9dec-f2475afb857b" testListId="8c84fa94-04c1-424b-9868-57a2d4851a1d" />
    <TestEntry testId="ee1d87a2-51eb-4d82-7c9c-afc396baa965" executionId="5cde1b64-759a-4626-8a4b-5697ac9fdbe4" testListId="8c84fa94-04c1-424b-9868-57a2d4851a1d" />
    <TestEntry testId="709d8a38-dfbd-23df-cc3e-c2dc156dc165" executionId="6fc472b5-2192-446a-bd03-9d9e14866515" testListId="8c84fa94-04c1-424b-9868-57a2d4851a1d" />
    <TestEntry testId="65b7c71e-f2c3-ed74-cd05-6dd770112ec2" executionId="662c655d-8d12-4ea8-a697-30fff3869e84" testListId="8c84fa94-04c1-424b-9868-57a2d4851a1d" />
    <TestEntry testId="568c27e4-9f55-58e0-66ce-5e86e6b3bad1" executionId="6a31e4fe-986b-4d98-9181-d2849eeb05b5" testListId="8c84fa94-04c1-424b-9868-57a2d4851a1d" />
    <TestEntry testId="2452cce8-81b3-2b7b-3487-a49098351d6a" executionId="488293ff-2c2b-42e8-9a1d-04c64e07fbc9" testListId="8c84fa94-04c1-424b-9868-57a2d4851a1d" />
    <TestEntry testId="b2d83ddf-a7e7-2e1c-bc3f-c183232383da" executionId="7a41c434-ccbe-4336-8713-90ec62441167" testListId="8c84fa94-04c1-424b-9868-57a2d4851a1d" />
    <TestEntry testId="37972d02-c707-2fa2-9781-665b2987dd3a" executionId="f99b0601-425a-4cbd-851e-cdc88550779d" testListId="8c84fa94-04c1-424b-9868-57a2d4851a1d" />
    <TestEntry testId="7bf26c3c-b844-874c-8819-639f607b04e0" executionId="b5044888-e29d-47a3-bc69-3a2247ad27f7" testListId="8c84fa94-04c1-424b-9868-57a2d4851a1d" />
    <TestEntry testId="2a5d6e21-d4d2-6748-e2b4-8cb4d5da3b87" executionId="19cd58f7-54f7-4952-9d46-9eee723a215f" testListId="8c84fa94-04c1-424b-9868-57a2d4851a1d" />
    <TestEntry testId="0be33b56-c15e-d0d4-e253-314cc7cec703" executionId="2dfeec59-40b4-4d1c-9b7a-12361124fd78" testListId="8c84fa94-04c1-424b-9868-57a2d4851a1d" />
    <TestEntry testId="968b78ae-c9ac-e84c-7ca2-179eec54f7e3" executionId="5f6af9af-c532-404c-b744-5ede5910ed51" testListId="8c84fa94-04c1-424b-9868-57a2d4851a1d" />
    <TestEntry testId="fa814c8c-42d7-8694-518d-0ec9df0714f7" executionId="19bb11b6-9490-4b59-b237-5dd974cb66fe" testListId="8c84fa94-04c1-424b-9868-57a2d4851a1d" />
    <TestEntry testId="3aa5ed68-a573-478e-033e-579d088133e0" executionId="f881f7a6-8dbd-4302-9313-6a181031e5fb" testListId="8c84fa94-04c1-424b-9868-57a2d4851a1d" />
    <TestEntry testId="5eb64b38-0dfa-c409-46ae-38d0cfb2b485" executionId="2c1b552b-e136-432f-a58a-c1dd4eeb1943" testListId="8c84fa94-04c1-424b-9868-57a2d4851a1d" />
    <TestEntry testId="c95e748c-44ca-86d7-99f4-727f7132c346" executionId="6bb6786d-edb6-44ca-a2f5-11ec28a83a59" testListId="8c84fa94-04c1-424b-9868-57a2d4851a1d" />
    <TestEntry testId="3fab221f-556d-1911-7274-3cd3b420d27d" executionId="9a1a0701-23eb-4e77-9169-fa760ab13a69" testListId="8c84fa94-04c1-424b-9868-57a2d4851a1d" />
    <TestEntry testId="857eb96e-0c40-79fb-0e74-f92f7bf11c2e" executionId="926639e6-910d-4731-bb6a-980161a07a4e" testListId="8c84fa94-04c1-424b-9868-57a2d4851a1d" />
    <TestEntry testId="19e40db6-38ef-d062-5dec-46c8b89128c0" executionId="fe47930f-74e4-42b3-aa4b-1226857aca97" testListId="8c84fa94-04c1-424b-9868-57a2d4851a1d" />
    <TestEntry testId="cd8b28a3-05eb-ad58-d574-ea6c74ec0b45" executionId="0415f8f7-c26b-458a-8648-d1608a807229" testListId="8c84fa94-04c1-424b-9868-57a2d4851a1d" />
    <TestEntry testId="ad6bdeb6-bcd7-a24c-c13e-aa3c612e80f4" executionId="3eb20b72-4423-4ea9-939f-48bc64b9002d" testListId="8c84fa94-04c1-424b-9868-57a2d4851a1d" />
    <TestEntry testId="0553a548-0cde-45fa-6a68-4c6b5f8d6992" executionId="29b6fae2-7016-4e6e-a1eb-36a1419b8c67" testListId="8c84fa94-04c1-424b-9868-57a2d4851a1d" />
    <TestEntry testId="7815237b-a7df-b564-96b4-ed66558deede" executionId="03d8814d-442e-4d1a-acea-0a81b204959b" testListId="8c84fa94-04c1-424b-9868-57a2d4851a1d" />
    <TestEntry testId="b8e3fbe2-3146-ac1f-7f62-4986b43f03a7" executionId="c85c40b0-affc-4790-a164-921b9f4a344e" testListId="8c84fa94-04c1-424b-9868-57a2d4851a1d" />
    <TestEntry testId="1483dce7-03e7-687f-1a63-312f920f9ef7" executionId="dd0dce9b-f5d5-4e0b-91b6-deae405120e5" testListId="8c84fa94-04c1-424b-9868-57a2d4851a1d" />
    <TestEntry testId="b68e8609-dde9-a454-90ab-b6ffb7ea548b" executionId="f6f16a21-20a9-4e45-b9c9-7055213afc26" testListId="8c84fa94-04c1-424b-9868-57a2d4851a1d" />
    <TestEntry testId="df996fa5-c138-48c9-8842-f10001a53f63" executionId="dc5d9fd9-2a2c-4f99-a01f-cbcd84547917" testListId="8c84fa94-04c1-424b-9868-57a2d4851a1d" />
    <TestEntry testId="dfefc95f-435e-71d4-19b6-575b64b68af4" executionId="91ec0666-7e84-4a49-9224-908289a37d8e" testListId="8c84fa94-04c1-424b-9868-57a2d4851a1d" />
    <TestEntry testId="33d8b216-fb20-04cd-f1ee-92fc7887910a" executionId="e439d988-d369-48e4-9336-a415e1986cae" testListId="8c84fa94-04c1-424b-9868-57a2d4851a1d" />
    <TestEntry testId="15c3c1ce-0140-a56c-8948-e2639dc04700" executionId="abc99530-b81e-4d5f-8e7f-2334fe3e4e11" testListId="8c84fa94-04c1-424b-9868-57a2d4851a1d" />
    <TestEntry testId="adc45cdc-2692-6462-8fa0-4bf84c859984" executionId="f2c252d6-5dc1-49c0-ba6c-41fa361de4e0" testListId="8c84fa94-04c1-424b-9868-57a2d4851a1d" />
    <TestEntry testId="9c946a43-7043-c967-acac-685aa5069620" executionId="fe6e388f-5ec9-4f6a-964f-2c5508afbf6e" testListId="8c84fa94-04c1-424b-9868-57a2d4851a1d" />
    <TestEntry testId="b098b1dc-450d-0cee-2f76-4eff38b78d81" executionId="10960dbc-6e90-4f4e-9bec-d639e060edda" testListId="8c84fa94-04c1-424b-9868-57a2d4851a1d" />
    <TestEntry testId="531dc1d9-54b8-da8d-13de-e95598467763" executionId="fea1286b-5156-4846-8907-30b900ea6e40" testListId="8c84fa94-04c1-424b-9868-57a2d4851a1d" />
    <TestEntry testId="f2fa3960-19fe-8df4-26fb-65451f30a6bc" executionId="54fc174c-05ef-43de-a04e-9acbb559a431" testListId="8c84fa94-04c1-424b-9868-57a2d4851a1d" />
    <TestEntry testId="9de23d7a-47bf-2637-3a45-dff2fc3fba7b" executionId="0ab8928b-5021-477d-8e57-efa97accff63" testListId="8c84fa94-04c1-424b-9868-57a2d4851a1d" />
    <TestEntry testId="7093058b-4f44-ae5b-44de-d9c890b0bccc" executionId="5fe6c20f-c503-478d-9587-14a2204aa2ba" testListId="8c84fa94-04c1-424b-9868-57a2d4851a1d" />
    <TestEntry testId="bd757dde-5ab0-9042-d2a6-7050870066b8" executionId="5590b813-2130-48b9-bcdc-03e8389cb51d" testListId="8c84fa94-04c1-424b-9868-57a2d4851a1d" />
    <TestEntry testId="e1f8afb2-a75a-ce46-15e0-ebd8142bb80d" executionId="46fd7291-f04c-4aac-b483-0f203132ed79" testListId="8c84fa94-04c1-424b-9868-57a2d4851a1d" />
    <TestEntry testId="19ac7edb-e28b-c4ea-f2a2-68aa7909c83b" executionId="a9263bf1-2ef7-4941-8037-4bac630aa06b" testListId="8c84fa94-04c1-424b-9868-57a2d4851a1d" />
    <TestEntry testId="8696ab8b-e0f1-1e13-a0e8-88a52cc5763d" executionId="02f156e4-c5b0-4422-b97c-485b154db587" testListId="8c84fa94-04c1-424b-9868-57a2d4851a1d" />
    <TestEntry testId="8efb48b6-468b-7e4e-fa19-1972a427d244" executionId="5fb18352-7ca2-4e1d-9947-881ba1a446e4" testListId="8c84fa94-04c1-424b-9868-57a2d4851a1d" />
    <TestEntry testId="78ef04e7-2679-34bb-b632-c53e5bc6fc91" executionId="ec901182-068c-44c1-9c44-73739b82a950" testListId="8c84fa94-04c1-424b-9868-57a2d4851a1d" />
    <TestEntry testId="a3e6f18b-ced9-27b3-05e4-ae5c62b8d082" executionId="965ae44a-a82f-4a06-91bb-cf0f92685b54" testListId="8c84fa94-04c1-424b-9868-57a2d4851a1d" />
    <TestEntry testId="564ecd03-ea2c-9762-e07c-9a61aee5cdd9" executionId="aace4ba2-4eb3-4fd2-9c2d-480079db41c8" testListId="8c84fa94-04c1-424b-9868-57a2d4851a1d" />
    <TestEntry testId="bdea2aa2-5342-02f9-7059-de06aa4acd1a" executionId="a3aef5bf-f585-4735-b126-a6abc811b317" testListId="8c84fa94-04c1-424b-9868-57a2d4851a1d" />
    <TestEntry testId="067edb66-8e68-c2ef-4df9-20ab70e90622" executionId="74973780-ecf9-4583-8cc6-404cc91e9529" testListId="8c84fa94-04c1-424b-9868-57a2d4851a1d" />
    <TestEntry testId="a47c56cb-8a6d-d085-5bac-3506340f8dd7" executionId="e3394521-f68b-4971-8426-5ad5e3451514" testListId="8c84fa94-04c1-424b-9868-57a2d4851a1d" />
    <TestEntry testId="bd343218-2f75-0e7b-943d-6422144ab269" executionId="5c45f3a1-e7b6-473b-baf4-94f8fab6a717" testListId="8c84fa94-04c1-424b-9868-57a2d4851a1d" />
    <TestEntry testId="ed3a8957-931a-e63e-fdfa-2fe256f9a3ea" executionId="20a191fa-80da-41dd-84a5-61ecca0b0069" testListId="8c84fa94-04c1-424b-9868-57a2d4851a1d" />
    <TestEntry testId="fd6b8ccb-020b-ebe1-87bd-ef39bd4e0bcd" executionId="8c2a1a60-0ba3-4cff-bcdf-0fbecb44d93d" testListId="8c84fa94-04c1-424b-9868-57a2d4851a1d" />
    <TestEntry testId="dae1ca1e-63c5-eee9-cd5c-c8b39b2da9c7" executionId="0491acdb-70dc-4c91-9ba8-a6bf7fb3db05" testListId="8c84fa94-04c1-424b-9868-57a2d4851a1d" />
    <TestEntry testId="f0a52064-017b-fa2b-02c1-89efc20e3ff8" executionId="d1653835-2496-46a7-9938-696941e85a99" testListId="8c84fa94-04c1-424b-9868-57a2d4851a1d" />
    <TestEntry testId="8f1c2d1d-1a82-dbf3-9c93-8272659c52df" executionId="4daabeb2-7bce-4d91-a252-4fc24aaa793c" testListId="8c84fa94-04c1-424b-9868-57a2d4851a1d" />
    <TestEntry testId="7df0cd36-e7d4-f04a-9f31-d8b7c8b61083" executionId="dd1cffc8-2d1e-49fb-bf57-eecffbcacb49" testListId="8c84fa94-04c1-424b-9868-57a2d4851a1d" />
    <TestEntry testId="5fe22816-dcb7-b15c-f311-a499cf7d5e3f" executionId="fb1d759f-c101-4235-9908-3655dab3ffee" testListId="8c84fa94-04c1-424b-9868-57a2d4851a1d" />
    <TestEntry testId="cfd2f3b2-437b-77da-f320-469095be110b" executionId="5517d237-d649-4406-be33-4f7f32f4ca2c" testListId="8c84fa94-04c1-424b-9868-57a2d4851a1d" />
    <TestEntry testId="3afb25eb-1af1-3821-55d9-743942803047" executionId="2be4fb40-e81a-4495-9384-5b9ae74de5a5" testListId="8c84fa94-04c1-424b-9868-57a2d4851a1d" />
    <TestEntry testId="6cbef25f-d844-d889-6da7-e94a69f89588" executionId="3bea96d7-4fef-4524-8dff-c44e7f978675" testListId="8c84fa94-04c1-424b-9868-57a2d4851a1d" />
    <TestEntry testId="35ba69b8-68bf-6886-d296-3e53149f4556" executionId="fcbcb321-0e08-474a-991d-e38222e2139f" testListId="8c84fa94-04c1-424b-9868-57a2d4851a1d" />
    <TestEntry testId="4f8527bc-1c33-30d1-74f2-d1b39589a5ea" executionId="458f57ff-7ef2-41a8-abfb-c9e968d5eb80" testListId="8c84fa94-04c1-424b-9868-57a2d4851a1d" />
    <TestEntry testId="84221e36-a940-6f96-ce02-57fb2a6b5fc1" executionId="93b5868e-3206-4245-bdc6-ac6d5182519b" testListId="8c84fa94-04c1-424b-9868-57a2d4851a1d" />
    <TestEntry testId="77ed5aae-e2e2-c9c8-9be9-d404ef7171e7" executionId="d418fea6-6fcc-4999-a33f-74d702219a45" testListId="8c84fa94-04c1-424b-9868-57a2d4851a1d" />
    <TestEntry testId="35396994-c92d-22e4-6909-1d0387879490" executionId="bc790381-86a2-424c-b82a-5e7f585d544c" testListId="8c84fa94-04c1-424b-9868-57a2d4851a1d" />
    <TestEntry testId="f694b44e-bd36-ab01-be7f-613c604b3901" executionId="9b6267cc-1c4a-48b9-85ae-5f6f69d61523" testListId="8c84fa94-04c1-424b-9868-57a2d4851a1d" />
    <TestEntry testId="9bc3590e-aabf-8c4f-d18b-02756b29b234" executionId="6e34058d-ae09-4112-9909-f592897f7c2a" testListId="8c84fa94-04c1-424b-9868-57a2d4851a1d" />
    <TestEntry testId="352b86f0-45f2-4f85-76e6-49f6aab8ef11" executionId="af681861-f29c-4388-976b-6c9a2c8db970" testListId="8c84fa94-04c1-424b-9868-57a2d4851a1d" />
    <TestEntry testId="34784c8a-3b41-f1c7-e057-0bb2d747758f" executionId="242bbb64-a2f3-4f7c-8ca0-96df773ff7aa" testListId="8c84fa94-04c1-424b-9868-57a2d4851a1d" />
    <TestEntry testId="d2d5c40d-f157-c787-a21c-216c0b25cafd" executionId="78cca2ab-0f1d-466b-9778-dac20f024cad" testListId="8c84fa94-04c1-424b-9868-57a2d4851a1d" />
    <TestEntry testId="d81037ba-7657-d13f-24ec-a1749834cd9d" executionId="38b81f25-9ca7-465a-b6b2-db9292ac2175" testListId="8c84fa94-04c1-424b-9868-57a2d4851a1d" />
    <TestEntry testId="d4df3a0b-d3fb-bf62-722a-75a47c07518b" executionId="0934c4f1-b095-4858-afa0-0020f88d07a2" testListId="8c84fa94-04c1-424b-9868-57a2d4851a1d" />
    <TestEntry testId="336ab266-8f57-0f1a-3b11-5c7d001bc13c" executionId="6d097924-7c04-45de-afc5-cc63d1be3666" testListId="8c84fa94-04c1-424b-9868-57a2d4851a1d" />
    <TestEntry testId="6a39a1c4-c8b9-cd9d-7142-cbec75bde5c6" executionId="87ea1316-bc87-4a02-87ad-ee06bc3b3c2d" testListId="8c84fa94-04c1-424b-9868-57a2d4851a1d" />
    <TestEntry testId="64e6d3ea-0e02-e4df-ea3d-243d6c1d246a" executionId="6fb06799-b262-40b8-a27e-f3685d178c53" testListId="8c84fa94-04c1-424b-9868-57a2d4851a1d" />
    <TestEntry testId="e3675f3a-20b2-733f-cc92-d116b9528a43" executionId="a8cf6fdf-5762-44f3-93c7-b811f16073ab" testListId="8c84fa94-04c1-424b-9868-57a2d4851a1d" />
    <TestEntry testId="ffa8740c-35ca-d3dc-873d-a518b96e7c73" executionId="4a506d5c-6f4d-4225-a789-26331de13aef" testListId="8c84fa94-04c1-424b-9868-57a2d4851a1d" />
    <TestEntry testId="e80a2818-9519-df6a-9e46-5684378e8f12" executionId="698036c2-e3b1-40c6-8fd1-97c4284e69e6" testListId="8c84fa94-04c1-424b-9868-57a2d4851a1d" />
    <TestEntry testId="5373eb87-70de-1dbd-9d7b-a4f686429a75" executionId="67a5fb68-937b-4bd8-a473-6d68bd20df54" testListId="8c84fa94-04c1-424b-9868-57a2d4851a1d" />
    <TestEntry testId="49e508ae-7d98-55ea-789f-c2bd6a1b4e48" executionId="0b20dbd5-a602-4aaf-8351-6ca639524374" testListId="8c84fa94-04c1-424b-9868-57a2d4851a1d" />
    <TestEntry testId="479db4db-cf7a-cdcf-a111-867a55a2a8d7" executionId="7a71107b-e26e-4738-8496-8075aabc08b2" testListId="8c84fa94-04c1-424b-9868-57a2d4851a1d" />
    <TestEntry testId="cc7da7be-9ca4-54bc-fa78-8306076dc7e1" executionId="5d7b6f0c-e859-4141-920f-1ef74733d2f8" testListId="8c84fa94-04c1-424b-9868-57a2d4851a1d" />
    <TestEntry testId="9e7a2221-0470-7f7c-f018-b875b0d6ac5b" executionId="c4a64b53-204f-480f-a1ce-07492c288de5" testListId="8c84fa94-04c1-424b-9868-57a2d4851a1d" />
    <TestEntry testId="b5f490ae-66cd-d78b-0dd8-ed6daaabf9c3" executionId="9a53e51e-2971-438f-a070-b4661595e093" testListId="8c84fa94-04c1-424b-9868-57a2d4851a1d" />
    <TestEntry testId="5b5b73cc-62e1-2772-55f9-95409fed76fc" executionId="101ba8d6-db13-4e00-9f4b-8114df076dfa" testListId="8c84fa94-04c1-424b-9868-57a2d4851a1d" />
    <TestEntry testId="b0ec86ad-999f-b4b1-dcfd-a57868dce0b3" executionId="f63136bd-dffc-4d0a-b444-855c677e4482" testListId="8c84fa94-04c1-424b-9868-57a2d4851a1d" />
    <TestEntry testId="a3b7bc08-80e2-55ea-b460-1f28ab30b249" executionId="d4dee1bb-1cef-40b7-a65c-990b23701472" testListId="8c84fa94-04c1-424b-9868-57a2d4851a1d" />
    <TestEntry testId="c4ae0343-7499-6970-0879-f04bc917747d" executionId="649679ec-3ae2-4766-9d4e-3a2548bf993d" testListId="8c84fa94-04c1-424b-9868-57a2d4851a1d" />
    <TestEntry testId="c42dad0e-c5ee-e23f-929e-e095cd890c02" executionId="5c5c6ff4-0d46-4597-a149-d82ea1a03bb0" testListId="8c84fa94-04c1-424b-9868-57a2d4851a1d" />
    <TestEntry testId="723996dd-67d9-c90b-b68f-8bf4c08b5fc5" executionId="23915e28-f4e6-4cb6-92c0-03d297b035ca" testListId="8c84fa94-04c1-424b-9868-57a2d4851a1d" />
    <TestEntry testId="c683dff0-9190-ce29-85eb-e372d7bc0b8e" executionId="6f57f8e1-5eb7-415d-bc87-96c217e4f8c4" testListId="8c84fa94-04c1-424b-9868-57a2d4851a1d" />
    <TestEntry testId="b1b0fb65-c138-9140-da82-3080795d428e" executionId="8444e9e5-369a-4643-871e-3e94bd75cb8b" testListId="8c84fa94-04c1-424b-9868-57a2d4851a1d" />
    <TestEntry testId="f43cc8c8-5bd9-aea8-e519-afb9e6d0b792" executionId="927089cc-d911-4a6b-888d-71be8306419b" testListId="8c84fa94-04c1-424b-9868-57a2d4851a1d" />
    <TestEntry testId="2c48a7d6-3012-593f-a6ff-95c0b2b8ac08" executionId="74c448b2-b8f4-45a7-9b1e-6869c9ffe64a" testListId="8c84fa94-04c1-424b-9868-57a2d4851a1d" />
    <TestEntry testId="baa02f46-0d2a-5c54-44c7-e70038c58d91" executionId="cb3ef569-735d-49bc-88b7-c58388240a1d" testListId="8c84fa94-04c1-424b-9868-57a2d4851a1d" />
    <TestEntry testId="f464cda9-be92-fd55-9ec6-8cca73029648" executionId="3b0adc29-cffa-4536-8f15-4d019b4e504f" testListId="8c84fa94-04c1-424b-9868-57a2d4851a1d" />
    <TestEntry testId="44054c77-4207-0eab-5995-4409d39fd655" executionId="8d9527ed-c4a8-4b80-858d-7046706bea8b" testListId="8c84fa94-04c1-424b-9868-57a2d4851a1d" />
    <TestEntry testId="823220e5-cdf8-3cbe-d4d5-9ee33c8425d4" executionId="92d538ae-48df-4845-a66c-2e35fd5cb5fd" testListId="8c84fa94-04c1-424b-9868-57a2d4851a1d" />
    <TestEntry testId="2c429662-4d29-b598-8566-8abe91e6d70b" executionId="ce607675-3da0-430d-b968-7dc2d79c363c" testListId="8c84fa94-04c1-424b-9868-57a2d4851a1d" />
    <TestEntry testId="b6f5c89e-fd02-9645-bdfd-3d82a9d128fe" executionId="11ed670e-d6e5-4112-8152-2e66abb7e150" testListId="8c84fa94-04c1-424b-9868-57a2d4851a1d" />
    <TestEntry testId="f663c666-37f0-7fea-4027-1590ec429fc4" executionId="86660bb5-1fa7-4e3d-9c1a-e104dd6d3c3b" testListId="8c84fa94-04c1-424b-9868-57a2d4851a1d" />
    <TestEntry testId="e5653bdb-afd4-cc04-4151-ba263320524b" executionId="48b6d1de-8228-4676-91c7-f39cd4af0566" testListId="8c84fa94-04c1-424b-9868-57a2d4851a1d" />
    <TestEntry testId="5e70b63b-bf5b-5daa-34da-9016fde7cf98" executionId="62f08806-ec5c-4c69-af67-57b959eff4a7" testListId="8c84fa94-04c1-424b-9868-57a2d4851a1d" />
    <TestEntry testId="57db1833-ad6e-6527-3659-0e2ffe2e62b1" executionId="55663af9-6613-44fd-b216-95daf24af8ac" testListId="8c84fa94-04c1-424b-9868-57a2d4851a1d" />
    <TestEntry testId="39726eda-33e8-8206-ed20-5f3cb7e5f52e" executionId="a8167cd5-2fde-4e0d-b631-548348879f92" testListId="8c84fa94-04c1-424b-9868-57a2d4851a1d" />
    <TestEntry testId="bb6afd2b-908c-39a4-c200-4ac382e69bd4" executionId="9b614090-1cc2-45f8-9594-415f1141317a" testListId="8c84fa94-04c1-424b-9868-57a2d4851a1d" />
    <TestEntry testId="c86d4a63-bc6f-1919-eb60-872635337365" executionId="e0ee1880-fb04-4302-8dab-7ccc35b3a601" testListId="8c84fa94-04c1-424b-9868-57a2d4851a1d" />
    <TestEntry testId="94b9bbbf-129d-6668-97bb-026424d8e61c" executionId="3a8d5ec5-2e78-4a2e-b866-a839004ca1a3" testListId="8c84fa94-04c1-424b-9868-57a2d4851a1d" />
    <TestEntry testId="ab13b0bc-6944-08c5-2ee6-e3acd790523d" executionId="c6531d1d-5b93-4be1-8002-b6bd041bee1b" testListId="8c84fa94-04c1-424b-9868-57a2d4851a1d" />
    <TestEntry testId="9085795c-fd20-6ba4-abd8-23b7152e3ee9" executionId="c30b0918-d25c-402c-9896-5bdac0b67701" testListId="8c84fa94-04c1-424b-9868-57a2d4851a1d" />
    <TestEntry testId="e72fd897-6676-e327-5630-631d7d8cf607" executionId="9e44aabb-40ab-4275-913f-35b16d56623d" testListId="8c84fa94-04c1-424b-9868-57a2d4851a1d" />
    <TestEntry testId="8dd2deab-5ae4-74cb-38d6-dcc78f915424" executionId="49215a89-9255-417b-bbf7-31b39a0bc0a6" testListId="8c84fa94-04c1-424b-9868-57a2d4851a1d" />
    <TestEntry testId="adafaec0-48a6-6a5b-a783-5844b3566e4a" executionId="202ecf45-61cb-4ed4-bf38-e9720b73a2a0" testListId="8c84fa94-04c1-424b-9868-57a2d4851a1d" />
    <TestEntry testId="678a70b7-0358-5a30-970f-bdc5a2025cda" executionId="b88277a1-fe5d-45ab-b422-e88695d54d3b" testListId="8c84fa94-04c1-424b-9868-57a2d4851a1d" />
    <TestEntry testId="ae182ac9-8ac7-b95e-1d6e-6a5b85897484" executionId="fbf27b05-4e4e-4535-b5e8-cd20a1940ef1" testListId="8c84fa94-04c1-424b-9868-57a2d4851a1d" />
    <TestEntry testId="4f73c4d4-7786-0271-efd7-f87c7cd31029" executionId="9412d5ec-6174-4911-8924-7813c55060f2" testListId="8c84fa94-04c1-424b-9868-57a2d4851a1d" />
    <TestEntry testId="373ff569-27d5-1f89-4f76-a77fb5e35c7c" executionId="83f89f76-ca95-46cc-862b-925ee8ee81e1" testListId="8c84fa94-04c1-424b-9868-57a2d4851a1d" />
    <TestEntry testId="47364c08-9872-f0e1-3f2d-6e4edbe6695a" executionId="98f6c558-d924-44eb-bd91-1c9aa1a165f7" testListId="8c84fa94-04c1-424b-9868-57a2d4851a1d" />
    <TestEntry testId="e727edb8-fbf6-1086-e8fb-ec33c7f405f9" executionId="272ee9c5-16f1-442f-a842-13a009b77c2d" testListId="8c84fa94-04c1-424b-9868-57a2d4851a1d" />
    <TestEntry testId="3ff4129f-d3ce-a3ec-99fa-6cae5c41c7f0" executionId="b60756e4-f23e-424f-9aec-ae02e20e76ca" testListId="8c84fa94-04c1-424b-9868-57a2d4851a1d" />
    <TestEntry testId="440b1e51-aa6f-78b5-402f-4191f141a2af" executionId="5ccc5282-b8b8-4f27-b1f3-7c616e987e33" testListId="8c84fa94-04c1-424b-9868-57a2d4851a1d" />
    <TestEntry testId="f29cbd33-7dc1-a00f-0357-0a788738a978" executionId="1f17eed5-16cb-4003-b9ca-fe83b1e30f4f" testListId="8c84fa94-04c1-424b-9868-57a2d4851a1d" />
    <TestEntry testId="52afb31d-9874-f147-257a-00b4d2e618ce" executionId="55dc1948-92dd-4610-8cdb-fbd6f8428896" testListId="8c84fa94-04c1-424b-9868-57a2d4851a1d" />
    <TestEntry testId="5b85431a-9bab-49b6-e94d-28452d3e475c" executionId="efb81a80-750e-4222-a0ed-911f34fe4dd7" testListId="8c84fa94-04c1-424b-9868-57a2d4851a1d" />
    <TestEntry testId="0e210a30-c9fc-ed5a-cfa2-977f1b81d572" executionId="cacaa9f0-24e7-4ce7-849c-2e7b22782985" testListId="8c84fa94-04c1-424b-9868-57a2d4851a1d" />
    <TestEntry testId="a619bc54-dbfb-935b-2b64-2638ddd8e54c" executionId="fd8e6fb8-65f8-4a5d-aeaa-955ba08cdfd0" testListId="8c84fa94-04c1-424b-9868-57a2d4851a1d" />
    <TestEntry testId="ca683723-a753-47b0-8d23-d010cfa39330" executionId="e1b20dd1-0e94-477e-8f55-1aa4c0fb5fbe" testListId="8c84fa94-04c1-424b-9868-57a2d4851a1d" />
    <TestEntry testId="25d16c0d-2f4c-eb6f-87b1-57b89ac6208a" executionId="429b8945-8a18-4a48-a1cf-d01994f01fcb" testListId="8c84fa94-04c1-424b-9868-57a2d4851a1d" />
    <TestEntry testId="56c0dae7-1cfa-5d39-f81d-2f9366901eb2" executionId="241af4af-4ab2-4588-8e51-6d36162bdcaa" testListId="8c84fa94-04c1-424b-9868-57a2d4851a1d" />
    <TestEntry testId="fd7a17d4-2fcc-3965-a5b0-8e191dc15d8c" executionId="fa4203da-d1d6-4d67-af32-3fb0e45c54a1" testListId="8c84fa94-04c1-424b-9868-57a2d4851a1d" />
    <TestEntry testId="90db32c6-d92c-59eb-7ec1-20d5d28ae4a0" executionId="d357c137-3cc9-4479-a102-3d99812029f3" testListId="8c84fa94-04c1-424b-9868-57a2d4851a1d" />
    <TestEntry testId="d25bae56-d495-68d7-b362-26f1190428ed" executionId="bf8a4c12-f46a-440a-8e53-34d4c5f48898" testListId="8c84fa94-04c1-424b-9868-57a2d4851a1d" />
    <TestEntry testId="605a65b6-4cc8-573f-90d1-eddbf080cec1" executionId="c5fe77f8-a198-4256-bd65-359d8147430b" testListId="8c84fa94-04c1-424b-9868-57a2d4851a1d" />
    <TestEntry testId="d92f1ec2-0120-4667-2a00-284b798bd015" executionId="969b423e-63d5-4190-9a58-6b1e7617d7aa" testListId="8c84fa94-04c1-424b-9868-57a2d4851a1d" />
    <TestEntry testId="ce04f913-cc6d-3428-92cb-038af7b63e32" executionId="aed0baa5-68bd-4eee-9e6a-6553f4ce1ce0" testListId="8c84fa94-04c1-424b-9868-57a2d4851a1d" />
    <TestEntry testId="4e19aea1-ddca-9ddf-8bf5-a10d2c1e958f" executionId="d5550f07-5dbb-4714-9467-965390d5e58d" testListId="8c84fa94-04c1-424b-9868-57a2d4851a1d" />
    <TestEntry testId="d0a918b9-033c-2287-7d91-4ab2444dfa9b" executionId="72657eee-ac04-436d-9099-54911805041e" testListId="8c84fa94-04c1-424b-9868-57a2d4851a1d" />
    <TestEntry testId="2ce55d53-7284-308e-1153-3a4433b41ddb" executionId="8bb81299-0cf5-4a5a-a575-5d3fd1bcae4a" testListId="8c84fa94-04c1-424b-9868-57a2d4851a1d" />
    <TestEntry testId="53f42f2a-69cc-61ab-ab51-eeb03a927861" executionId="b0b1f48a-8449-4fe2-9267-5ec9d1c6cada" testListId="8c84fa94-04c1-424b-9868-57a2d4851a1d" />
    <TestEntry testId="9167be5f-2196-9991-250b-113c643e04b2" executionId="97e874f8-377b-462a-be44-e9bcf616ff2c" testListId="8c84fa94-04c1-424b-9868-57a2d4851a1d" />
    <TestEntry testId="842dff00-842d-a258-42c6-4779309cd2c5" executionId="e53210fe-2c6e-4ca5-b219-736608df8027" testListId="8c84fa94-04c1-424b-9868-57a2d4851a1d" />
    <TestEntry testId="001caab0-87c5-3453-b512-abc028b449c7" executionId="31f6bf88-d9a0-4781-88c8-ef07b405374b" testListId="8c84fa94-04c1-424b-9868-57a2d4851a1d" />
    <TestEntry testId="10a2eeae-fc3e-9b65-ccaf-3beda11e43e6" executionId="109e6788-2001-49ed-8093-0e92bfa99b1c" testListId="8c84fa94-04c1-424b-9868-57a2d4851a1d" />
    <TestEntry testId="60d56830-6d5a-0539-66b5-15ed03961bf5" executionId="cfb20ec5-2dd2-4679-9a98-00a0d9ee764b" testListId="8c84fa94-04c1-424b-9868-57a2d4851a1d" />
    <TestEntry testId="528ef5b8-0156-b916-68dd-c0514c25208c" executionId="1ca2e468-7649-4f37-b4b7-3af80fb223dd" testListId="8c84fa94-04c1-424b-9868-57a2d4851a1d" />
    <TestEntry testId="7de81617-ff0a-ebf4-3727-55b045bd6e63" executionId="5cfeb46c-4092-406e-847a-f7e8e92f206f" testListId="8c84fa94-04c1-424b-9868-57a2d4851a1d" />
    <TestEntry testId="a7cdb1d4-5e51-348a-121b-7502be32cc47" executionId="b8d1df97-37ea-41ee-aad9-df67d2d311ab" testListId="8c84fa94-04c1-424b-9868-57a2d4851a1d" />
    <TestEntry testId="429dbfc9-b859-9393-c9b7-06ca39355e73" executionId="7e37fca8-11b7-4bc5-90ca-3550830a14a1" testListId="8c84fa94-04c1-424b-9868-57a2d4851a1d" />
    <TestEntry testId="d52f4b74-170d-864f-c023-d858c140faa6" executionId="727ddb98-3ec3-4abd-99ca-0285a3906fe0" testListId="8c84fa94-04c1-424b-9868-57a2d4851a1d" />
    <TestEntry testId="58d39c56-1723-f092-333d-1386319e3874" executionId="9fb46d7f-af85-4137-99b4-eb70affc70e9" testListId="8c84fa94-04c1-424b-9868-57a2d4851a1d" />
    <TestEntry testId="54e93777-2685-68d1-f772-70de7979870b" executionId="55cd07a3-f21d-413c-8016-9108cc4de7bd" testListId="8c84fa94-04c1-424b-9868-57a2d4851a1d" />
    <TestEntry testId="adf4c30f-6ad2-7120-c926-c7b3da8a6e1a" executionId="66ee69a5-b4a1-45ba-bbc1-bb153321701b" testListId="8c84fa94-04c1-424b-9868-57a2d4851a1d" />
    <TestEntry testId="3216182a-d049-1116-88e8-ea7427c16152" executionId="3475c944-577f-4c9b-8162-84c102993c6b" testListId="8c84fa94-04c1-424b-9868-57a2d4851a1d" />
    <TestEntry testId="bc9b1341-315e-d950-c77c-8f7e22267107" executionId="c4758314-2ba9-41c8-aa12-698c38d98053" testListId="8c84fa94-04c1-424b-9868-57a2d4851a1d" />
    <TestEntry testId="c54b3729-0860-8b1c-12f8-96dae7143ecc" executionId="aa7d0965-5b69-40eb-b43b-d0b8db17bd41" testListId="8c84fa94-04c1-424b-9868-57a2d4851a1d" />
    <TestEntry testId="cc5a4ed8-dd58-b7c4-0928-27503b3e3d57" executionId="c7708796-7201-4690-8606-18c6086fa5c7" testListId="8c84fa94-04c1-424b-9868-57a2d4851a1d" />
    <TestEntry testId="220a2b90-8dc0-de88-b2ba-dd7d4398f71a" executionId="03736daf-14fe-437d-842a-27d358b2d58c" testListId="8c84fa94-04c1-424b-9868-57a2d4851a1d" />
    <TestEntry testId="f5af6846-56e2-32cf-311c-e60ec3c96253" executionId="06e7e924-ec01-4182-a965-e60559ebe634" testListId="8c84fa94-04c1-424b-9868-57a2d4851a1d" />
    <TestEntry testId="6d3af028-6742-49e9-0c48-c36de8f23e9a" executionId="2b35d5e2-c4e9-4a81-ba83-42c682815de5" testListId="8c84fa94-04c1-424b-9868-57a2d4851a1d" />
    <TestEntry testId="068c2cd2-b900-7174-579d-33fdb3fa8bbe" executionId="6eeab318-e18b-43cd-8a46-b495ff590a9c" testListId="8c84fa94-04c1-424b-9868-57a2d4851a1d" />
    <TestEntry testId="fa1a5d81-2f87-734b-2ea0-82f3ca9e59bf" executionId="60aa63b7-9cc3-4058-bd84-f2b6a85d4274" testListId="8c84fa94-04c1-424b-9868-57a2d4851a1d" />
    <TestEntry testId="256fe907-d882-a175-f037-46547c5ef95b" executionId="321a1934-6354-4f57-86a3-942c610a2e16" testListId="8c84fa94-04c1-424b-9868-57a2d4851a1d" />
    <TestEntry testId="3e9ca5ee-8b50-0087-fb0c-36d0efe1f8bb" executionId="a7703caf-a1ba-416a-866a-214bbb965ae4" testListId="8c84fa94-04c1-424b-9868-57a2d4851a1d" />
    <TestEntry testId="626d4cfb-ed4d-e97f-0132-d0a881add86b" executionId="a90ec0dd-3852-4504-8ed3-0d48e8677c96" testListId="8c84fa94-04c1-424b-9868-57a2d4851a1d" />
    <TestEntry testId="b7c2b03f-5fb2-b796-7a30-d4741a3bacda" executionId="bdeaadf5-1ba5-4436-b313-32b342fbc311" testListId="8c84fa94-04c1-424b-9868-57a2d4851a1d" />
    <TestEntry testId="0f393889-4867-1ee9-c8b1-b573e1ff8b5d" executionId="bd654020-8ff9-497c-83b9-9f04d1d0c733" testListId="8c84fa94-04c1-424b-9868-57a2d4851a1d" />
    <TestEntry testId="57a97641-42d5-256d-63fe-2319f022ef2a" executionId="835d7ca8-8be6-4029-b0c1-a6be17aaf6df" testListId="8c84fa94-04c1-424b-9868-57a2d4851a1d" />
    <TestEntry testId="decd67d9-4381-b7c1-450a-2adf52eb2721" executionId="df2d1f17-9e49-49bb-9796-aa4e1c36ccc4" testListId="8c84fa94-04c1-424b-9868-57a2d4851a1d" />
    <TestEntry testId="d20b1cc3-7eb3-bceb-5c47-aefa15851e8b" executionId="62530207-e819-4bbf-9455-9849f023c186" testListId="8c84fa94-04c1-424b-9868-57a2d4851a1d" />
    <TestEntry testId="c131365a-8546-f401-db7c-f43bc7704373" executionId="1016b241-3be6-4b0a-ad8a-2ee1bb54fed5" testListId="8c84fa94-04c1-424b-9868-57a2d4851a1d" />
    <TestEntry testId="e715fab4-35b7-d338-23d3-4a9b8bc6e450" executionId="6f9c476d-53f6-4744-9dbd-8fafdab5b721" testListId="8c84fa94-04c1-424b-9868-57a2d4851a1d" />
    <TestEntry testId="aad3419d-37ad-f504-4ee8-e4201942b2c5" executionId="fc29c0ad-92c6-4d37-b169-b29d148c33e1" testListId="8c84fa94-04c1-424b-9868-57a2d4851a1d" />
    <TestEntry testId="f648a8e3-ce1c-c483-d504-d252d658a3df" executionId="bd2a19f2-04af-4c5d-aeea-dfbca8cabf95" testListId="8c84fa94-04c1-424b-9868-57a2d4851a1d" />
    <TestEntry testId="52e3275c-dfa7-bf73-f7f2-e75c91db3871" executionId="5d420b89-7d2b-4344-b4c1-d8010fac826d" testListId="8c84fa94-04c1-424b-9868-57a2d4851a1d" />
    <TestEntry testId="420b2485-1dbe-9018-3356-554e9f5ba4e3" executionId="7932d07b-3b4c-4781-a076-091f9f68639e" testListId="8c84fa94-04c1-424b-9868-57a2d4851a1d" />
    <TestEntry testId="75377657-cd63-ee5a-8df6-60cbaeb891bc" executionId="fd370826-5bf4-44cb-911e-a70e636cecfc" testListId="8c84fa94-04c1-424b-9868-57a2d4851a1d" />
    <TestEntry testId="1d4e770b-795a-31a0-ead0-43cdb73c8f44" executionId="92116b5b-eca7-4a0f-960a-27075dc604ea" testListId="8c84fa94-04c1-424b-9868-57a2d4851a1d" />
  </TestEntries>
  <TestLists>
    <TestList name="Results Not in a List" id="8c84fa94-04c1-424b-9868-57a2d4851a1d" />
    <TestList name="All Loaded Results" id="19431567-8539-422a-85d7-44ee4e166bda" />
  </TestLists>
  <ResultSummary outcome="Completed">
    <Counters total="1018" executed="1018" passed="1018" failed="0" error="0" timeout="0" aborted="0" inconclusive="0" passedButRunAborted="0" notRunnable="0" notExecuted="0" disconnected="0" warning="0" completed="0" inProgress="0" pending="0" />
    <Output>
      <StdOut>[xUnit.net 00:00:00.00] xUnit.net VSTest Adapter v3.1.0+00ab0a9ec4 (64-bit .NET 8.0.16)
[xUnit.net 00:00:00.18]   Discovering: MSP430.Emulator.Tests
[xUnit.net 00:00:00.77]   Discovered:  MSP430.Emulator.Tests
[xUnit.net 00:00:01.16]   Starting:    MSP430.Emulator.Tests
[xUnit.net 00:00:04.36]   Finished:    MSP430.Emulator.Tests
</StdOut>
    </Output>
    <CollectorDataEntries>
      <Collector agentName="fv-az2210-123" uri="datacollector://microsoft/CoverletCodeCoverage/1.0" collectorDisplayName="XPlat code coverage">
        <UriAttachments>
          <UriAttachment>
            <A href="fv-az2210-123/coverage.cobertura.xml"></A>
          </UriAttachment>
        </UriAttachments>
      </Collector>
    </CollectorDataEntries>
  </ResultSummary>
</TestRun>