<?xml version="1.0" encoding="utf-8"?>
<TestRun id="8edc2189-d1d9-4301-bd3b-2ecf0cdfe4ae" name="@fv-az2210-123 2025-06-06 19:28:29" xmlns="http://microsoft.com/schemas/VisualStudio/TeamTest/2010">
  <Times creation="2025-06-06T19:28:29.7734843+00:00" queuing="2025-06-06T19:28:29.7734844+00:00" start="2025-06-06T19:28:26.3386786+00:00" finish="2025-06-06T19:28:29.7996940+00:00" />
  <TestSettings name="default" id="2ddfa231-fd10-40a9-bda9-3d3934e278bc">
    <Deployment runDeploymentRoot="_fv-az2210-123_2025-06-06_19_28_29" />
  </TestSettings>
  <Results>
    <UnitTestResult executionId="1129da18-b04a-4532-914c-3057c95b0bdc" testId="66a167d9-df8e-0130-9ef4-827baf952926" testName="MSP430.Emulator.IntegrationTests.UnitTest1.Test1" computerName="fv-az2210-123" duration="00:00:00.0112924" startTime="2025-06-06T19:28:28.8625675+00:00" endTime="2025-06-06T19:28:28.8665570+00:00" testType="13cdc9d9-ddb5-4fa4-a97d-d965ccfc6d4b" outcome="Passed" testListId="8c84fa94-04c1-424b-9868-57a2d4851a1d" relativeResultsDirectory="1129da18-b04a-4532-914c-3057c95b0bdc" />
  </Results>
  <TestDefinitions>
    <UnitTest name="MSP430.Emulator.IntegrationTests.UnitTest1.Test1" storage="/home/runner/work/ai_msp430_emulator/ai_msp430_emulator/tests/msp430.emulator.integrationtests/bin/release/net8.0/msp430.emulator.integrationtests.dll" id="66a167d9-df8e-0130-9ef4-827baf952926">
      <Execution id="1129da18-b04a-4532-914c-3057c95b0bdc" />
      <TestMethod codeBase="/home/runner/work/ai_msp430_emulator/ai_msp430_emulator/tests/MSP430.Emulator.IntegrationTests/bin/Release/net8.0/MSP430.Emulator.IntegrationTests.dll" adapterTypeName="executor://xunit/VsTestRunner3/netcore/" className="MSP430.Emulator.IntegrationTests.UnitTest1" name="Test1" />
    </UnitTest>
  </TestDefinitions>
  <TestEntries>
    <TestEntry testId="66a167d9-df8e-0130-9ef4-827baf952926" executionId="1129da18-b04a-4532-914c-3057c95b0bdc" testListId="8c84fa94-04c1-424b-9868-57a2d4851a1d" />
  </TestEntries>
  <TestLists>
    <TestList name="Results Not in a List" id="8c84fa94-04c1-424b-9868-57a2d4851a1d" />
    <TestList name="All Loaded Results" id="19431567-8539-422a-85d7-44ee4e166bda" />
  </TestLists>
  <ResultSummary outcome="Completed">
    <Counters total="1" executed="1" passed="1" failed="0" error="0" timeout="0" aborted="0" inconclusive="0" passedButRunAborted="0" notRunnable="0" notExecuted="0" disconnected="0" warning="0" completed="0" inProgress="0" pending="0" />
    <Output>
      <StdOut>[xUnit.net 00:00:00.01] xUnit.net VSTest Adapter v3.1.0+00ab0a9ec4 (64-bit .NET 8.0.16)
[xUnit.net 00:00:00.21]   Discovering: MSP430.Emulator.IntegrationTests
[xUnit.net 00:00:00.31]   Discovered:  MSP430.Emulator.IntegrationTests
[xUnit.net 00:00:00.36]   Starting:    MSP430.Emulator.IntegrationTests
[xUnit.net 00:00:00.51]   Finished:    MSP430.Emulator.IntegrationTests
</StdOut>
    </Output>
    <CollectorDataEntries>
      <Collector agentName="fv-az2210-123" uri="datacollector://microsoft/CoverletCodeCoverage/1.0" collectorDisplayName="XPlat code coverage">
        <UriAttachments>
          <UriAttachment>
            <A href="fv-az2210-123/coverage.cobertura.xml"></A>
          </UriAttachment>
        </UriAttachments>
      </Collector>
    </CollectorDataEntries>
  </ResultSummary>
</TestRun>